/home/travis/build/icyphy/ptII/bin/ant: Running /home/travis/build/icyphy/ptII/ant/bin/ant build test.export3.xml
Buildfile: /home/travis/build/icyphy/ptII/build.xml

build-message:
     [echo] Use ant -p to see other targets. JAVA_HOME=/usr/lib/jvm/java-8-oracle
     [echo] tools.jar is necessary for compilation of doc/doclets/.
     [echo] If compilation fails, try setting JAVA_HOME to the location of the JDK.
     [echo] For example:
     [echo]   [bldmastr@sisyphus ptII]$ which java
     [echo]   /usr/bin/java
     [echo]   [bldmastr@sisyphus ptII]$ ls -l /usr/bin/java
     [echo]   lrwxrwxrwx 1 root root 26 Jul 31 10:12 /usr/bin/java -> /usr/java/default/bin/java
     [echo]   [bldmastr@sisyphus ptII]$ export JAVA_HOME=/usr/java/default
     [echo]     

-build-subprojects-empty:

-check-maven-ant-task:

build-websensor:

build-subprojects:

-check-node:

-check-node-works:
     [exec] v7.10.1

-check-npm:

-check-npm-works:
     [exec] 4.2.0

-check-if-npmjs-org-is-up:
     [echo] Check to see if https://www.npmjs.org is up.

-jsdoc-no-network-message:
     [echo] The node binary was not found or does not work or npmjs.org was not reachable, so the network is probably down, so there is no point in trying npm.

-check-jsdoc:

jsdoc-install:

jsdoc-update:

-ptdoc-no-node:

-ptdoc-no-npm:

ptdoc:
     [echo] 
     [echo]       If the ptdoc target fails, then try running:
     [echo]           ant build-project build-bin
     [echo]     

-check-node:

-check-node-works:
     [exec] v7.10.1

-check-npm:

-check-npm-works:
     [exec] 4.2.0

-check-if-npmjs-org-is-up:
     [echo] Check to see if https://www.npmjs.org is up.

-jsdoc-no-network-message:
     [echo] The node binary was not found or does not work or npmjs.org was not reachable, so the network is probably down, so there is no point in trying npm.

-check-jsdoc:
     [echo] To stop CapeCode from invoking jsdoc and svn, set the PT_NO_NET environment variable.  
     [echo]     Under BASH:
     [echo]         export PT_NO_NET=true
     [echo]     If ptdoc fails, and you are building from $PTII, try:
     [echo]         ant build-project build-bin
     [echo]     

jsdoc-install:

jsdoc-update:

-ptdoc-no-node-message:

-ptdoc-no-npm-message:

-check-jsdoc-again:

-jsdoc-command-message:
     [echo] The jsdoc command at /home/travis/build/icyphy/ptII/org/terraswarm/accessor/accessors/web/../node_modules/@terraswarm/jsdoc/jsdoc.js does not exist, so we won't run ptdoc.
     [echo]     If ptdoc fails, and you are building from $PTII, try:
     [echo]         ant build-project build-bin
     [echo]   

ptdoc:

build-project:
     [echo] ptII: /home/travis/build/icyphy/ptII/build.xml
    [javac] Compiling 4712 source files to /home/travis/build/icyphy/ptII
    [javac] /home/travis/build/icyphy/ptII/ptolemy/util/StringUtilities.java:48: warning: Unsafe is internal proprietary API and may be removed in a future release
    [javac] import sun.misc.Unsafe;
    [javac]                ^
    [javac] warning: Supported source version 'RELEASE_6' from annotation processor 'org.netbeans.modules.openide.util.NbBundleProcessor' less than -source '1.8'
    [javac] warning: Supported source version 'RELEASE_6' from annotation processor 'org.netbeans.modules.openide.util.URLStreamHandlerRegistrationProcessor' less than -source '1.8'
    [javac] warning: Supported source version 'RELEASE_6' from annotation processor 'org.netbeans.modules.openide.util.ServiceProviderProcessor' less than -source '1.8'
    [javac] /home/travis/build/icyphy/ptII/ptolemy/util/StringUtilities.java:48: warning: Unsafe is internal proprietary API and may be removed in a future release
    [javac] import sun.misc.Unsafe;
    [javac]                ^
    [javac] /home/travis/build/icyphy/ptII/ptolemy/util/StringUtilities.java:48: warning: Unsafe is internal proprietary API and may be removed in a future release
    [javac] import sun.misc.Unsafe;
    [javac]                ^
    [javac] /home/travis/build/icyphy/ptII/ptolemy/util/StringUtilities.java:118: warning: Unsafe is internal proprietary API and may be removed in a future release
    [javac]             Field theUnsafe = Unsafe.class.getDeclaredField("theUnsafe");
    [javac]                               ^
    [javac] /home/travis/build/icyphy/ptII/ptolemy/util/StringUtilities.java:120: warning: Unsafe is internal proprietary API and may be removed in a future release
    [javac]             Unsafe unsafe = (Unsafe) theUnsafe.get(null);
    [javac]             ^
    [javac] /home/travis/build/icyphy/ptII/ptolemy/util/StringUtilities.java:120: warning: Unsafe is internal proprietary API and may be removed in a future release
    [javac]             Unsafe unsafe = (Unsafe) theUnsafe.get(null);
    [javac]                              ^
    [javac] Note: Some input files use or override a deprecated API.
    [javac] Note: Recompile with -Xlint:deprecation for details.
    [javac] Note: Some input files use unchecked or unsafe operations.
    [javac] Note: Recompile with -Xlint:unchecked for details.
    [javac] 9 warnings

-check-ptII-mk-file:

-check-bin-vergil:

-check-make-bin-vergil:

build-bin-not:

build-not-bin-vergil:
     [echo] 
     [echo] 	$PTII/bin/vergil does not exist, perhaps (cd $PTII/bin; make) has not been run?
     [echo] 	This can happen if the make binary cannot be found in the path or if $PTII/mk/ptII.mk
     [echo] 	is not present.
     [echo] 	Skipping running make in $PTII/bin, which creates scripts like $PTII/bin/vergil.
     [echo] 	This is only an issue if you want to invoke "$PTII/bin/vergil" instead of "ant vergil".
     [echo] 	However, $PTII/bin does include other scripts that may be of use.
     [echo]       

build-bin:
     [exec] for file in .momllib-util .nc2moml-util .ncapp2moml-util capecode convertToLazy copernicus decompile emachine giottoc histogram homer jode mescal moml obfuscate ptcg ptcodegen ptexecute ptjacl ptjaclapp ptplot ptstartjini ptolemy ptweb pxgraph soot tinicomm tinic tiniconverter startjini.gui vergil; do \
     [exec] 		echo "$file"; \
     [exec] 		rm -f "$file"; \
     [exec] 		ln -s ptinvoke "$file"; \
     [exec] 		chmod a+x "$file"; \
     [exec] 	done
     [exec] .momllib-util
     [exec] .nc2moml-util
     [exec] .ncapp2moml-util
     [exec] capecode
     [exec] convertToLazy
     [exec] copernicus
     [exec] decompile
     [exec] emachine
     [exec] giottoc
     [exec] histogram
     [exec] homer
     [exec] jode
     [exec] mescal
     [exec] moml
     [exec] obfuscate
     [exec] ptcg
     [exec] ptcodegen
     [exec] ptexecute
     [exec] ptjacl
     [exec] ptjaclapp
     [exec] ptplot
     [exec] ptstartjini
     [exec] ptolemy
     [exec] ptweb
     [exec] pxgraph
     [exec] soot
     [exec] tinicomm
     [exec] tinic
     [exec] tiniconverter
     [exec] startjini.gui
     [exec] vergil
     [exec] rm -f makebat
     [exec] ln -s ptinvoke makebat
     [exec] rm -f ".momllib-util.bat"
     [exec] ./makebat -q "`basename .momllib-util.bat .bat`"
     [exec] rm -f ".nc2moml-util.bat"
     [exec] ./makebat -q "`basename .nc2moml-util.bat .bat`"
     [exec] rm -f ".ncapp2moml-util.bat"
     [exec] ./makebat -q "`basename .ncapp2moml-util.bat .bat`"
     [exec] rm -f "capecode.bat"
     [exec] ./makebat -q "`basename capecode.bat .bat`"
     [exec] rm -f "convertToLazy.bat"
     [exec] ./makebat -q "`basename convertToLazy.bat .bat`"
     [exec] rm -f "copernicus.bat"
     [exec] ./makebat -q "`basename copernicus.bat .bat`"
     [exec] rm -f "decompile.bat"
     [exec] ./makebat -q "`basename decompile.bat .bat`"
     [exec] rm -f "emachine.bat"
     [exec] ./makebat -q "`basename emachine.bat .bat`"
     [exec] rm -f "giottoc.bat"
     [exec] ./makebat -q "`basename giottoc.bat .bat`"
     [exec] rm -f "histogram.bat"
     [exec] ./makebat -q "`basename histogram.bat .bat`"
     [exec] rm -f "homer.bat"
     [exec] ./makebat -q "`basename homer.bat .bat`"
     [exec] rm -f "jode.bat"
     [exec] ./makebat -q "`basename jode.bat .bat`"
     [exec] rm -f "mescal.bat"
     [exec] ./makebat -q "`basename mescal.bat .bat`"
     [exec] LD_LIBRARY_PATH = /home/travis/build/icyphy/ptII/mescal/lib:/home/travis/build/icyphy/ptII/mescal/bin:/usr/local/lib:/home/travis/build/icyphy/ptII/lib:/home/travis/pthla/certi-tools/lib:/home/travis/pthla/certi-tools/lib:/usr/lib/jni:/usr/local/share/OpenCV/java/:/usr/share/OpenCV/java:
     [exec] rm -f "moml.bat"
     [exec] ./makebat -q "`basename moml.bat .bat`"
     [exec] rm -f "obfuscate.bat"
     [exec] ./makebat -q "`basename obfuscate.bat .bat`"
     [exec] rm -f "ptcg.bat"
     [exec] ./makebat -q "`basename ptcg.bat .bat`"
     [exec] rm -f "ptcodegen.bat"
     [exec] ./makebat -q "`basename ptcodegen.bat .bat`"
     [exec] rm -f "ptexecute.bat"
     [exec] ./makebat -q "`basename ptexecute.bat .bat`"
     [exec] rm -f "ptjacl.bat"
     [exec] ./makebat -q "`basename ptjacl.bat .bat`"
     [exec] rm -f "ptjaclapp.bat"
     [exec] ./makebat -q "`basename ptjaclapp.bat .bat`"
     [exec] rm -f "ptplot.bat"
     [exec] ./makebat -q "`basename ptplot.bat .bat`"
     [exec] rm -f "ptstartjini.bat"
     [exec] ./makebat -q "`basename ptstartjini.bat .bat`"
     [exec] rm -f "ptolemy.bat"
     [exec] ./makebat -q "`basename ptolemy.bat .bat`"
     [exec] rm -f "ptweb.bat"
     [exec] ./makebat -q "`basename ptweb.bat .bat`"
     [exec] rm -f "pxgraph.bat"
     [exec] ./makebat -q "`basename pxgraph.bat .bat`"
     [exec] rm -f "soot.bat"
     [exec] ./makebat -q "`basename soot.bat .bat`"
     [exec] rm -f "tinicomm.bat"
     [exec] ./makebat -q "`basename tinicomm.bat .bat`"
     [exec] rm -f "tinic.bat"
     [exec] ./makebat -q "`basename tinic.bat .bat`"
     [exec] rm -f "tiniconverter.bat"
     [exec] ./makebat -q "`basename tiniconverter.bat .bat`"
     [exec] rm -f "startjini.gui.bat"
     [exec] ./makebat -q "`basename startjini.gui.bat .bat`"
     [exec] Cloning into 'universalJavaApplicationStub'...
     [exec] rm -f "vergil.bat"
     [exec] ./makebat -q "`basename vergil.bat .bat`"
     [exec] rm -f makeapp
     [exec] ln -s ptinvoke makeapp
     [exec] chmod a+x ptinvoke makeapp
     [exec] ./makeapp CapeCode.app CAPECODE -capecode
     [exec] ./makeapp: /home/travis/build/icyphy/ptII/vendors/universalJavaApplicationStub/src/universalJavaApplicationStub does not exist, creating it from GitHub.
     [exec] Updating universalJavaApplicationStub from /home/travis/build/icyphy/ptII/vendors/universalJavaApplicationStub/src/universalJavaApplicationStub
     [exec] Error: This Java instance does not support a 32-bit JVM.
     [exec] Please install the desired version.
     [exec] configure: WARNING: Running java -d32 -version failed,
     [exec]     and ./bin/java does not exist.
     [exec]     Perhaps you need to install a separate 32-bit JVM
     [exec]     or rerun configure with --with-java32?
     [exec]     The 32-bit JVM is only needed for certain 32-bit FMI tests.
     [exec]     In general, under a 64-bit JVM, FMI will work fine without a 32-bit JVM.
     [exec] configure: WARNING: '/usr/lib/jvm/java-8-oracle/bin/java' is not
     [exec]     the same as '/usr/bin/java'.
     [exec]     Perhaps '/usr/bin/java' is in your path before
     [exec]     '/usr/lib/jvm/java-8-oracle/bin/java'?
     [exec]     If you have problems later, be sure that you don't have a mismatch
     [exec]     in JDK versions.
     [exec] configure: WARNING: '/usr/lib/jvm/java-8-oracle/bin/javac' is not
     [exec] 	 the same as '/usr/bin/javac'.
     [exec] 	 Perhaps '/usr/bin/javac' is in your path
     [exec] 	 before '/usr/lib/jvm/java-8-oracle/bin/javac'?
     [exec] 	 If you have problems later, be sure that you don't have a mismatch
     [exec] 	 in JDK versions.
     [exec] configure: WARNING: Failed to find /usr/local/include/boost/numeric/odeint.hpp
     [exec]     This is only a problem if you want to rebuild the Functional
     [exec]     Mock-up Interface ++ C files in actor/lib/fmi/fmipp.
     [exec]     Most users can use the shared libraries in /home/travis/build/icyphy/ptII/lib or /home/travis/build/icyphy/ptII/bin.
     [exec] configure: WARNING: Failed to find Checkstyle in /home/travis/build/icyphy/ptII/vendors/checkstyle-6.2
     [exec]     Checkstyle is only necessary for code cleaning.
     [exec]     Checkstyle is LGPL'd, so while it could be in the ptII repo, we don't add it.
     [exec]     Checkstyle may be downloaded from http://checkstyle.sourceforge.net/
     [exec] configure: WARNING: Did not find /home/travis/build/icyphy/ptII/vendors/misc/colt/colt.jar,
     [exec]     using /home/travis/build/icyphy/ptII/lib/ptcolt.jar
     [exec] configure: WARNING: Failed to find Cobertura in /home/travis/build/icyphy/ptII/vendors/corbertura-2.0.3
     [exec]     Cobertura is only necessary to for code coverage.
     [exec]     Cobertura is GPL'd, so we don't check it in to the ptII repository.
     [exec]     Cobertura may be downloaded from http://cobertura.github.io/cobertura/
     [exec] configure: WARNING: Failed to find CUnit in /usr/local or
     [exec]     /home/travis/build/icyphy/ptII/vendors/CUnit.
     [exec]     CUnit is only necessary to test the C templates of the code generation facility
     [exec] configure: WARNING: Failed to find dbxml-X.Y shared library in /home/travis/build/icyphy/ptII/vendors/misc/dbxml-2.5.16/install/lib.
     [exec]     This means that the Ptolemy/Android HandSimDroid prototype will not run.
     [exec] configure: WARNING: Failed to find /home/travis/build/icyphy/ptII/vendors/mbed/gcc-arm/bin/arm-none-eabi-gcc
     [exec]     so the Mbed CG facility will not be run.
     [exec] JAITest.java:28: error: package javax.media.jai does not exist
     [exec] import javax.media.jai.*;
     [exec] ^
     [exec] 1 error
     [exec] configure: WARNING: JAI not found in the default classpath
     [exec] configure: WARNING: Failed to find /usr/local/jmodelica/include/jmi.h
     [exec]     which is part of JModelica.
     [exec]     Ptolemy optionally includes one or more FMUs that use JModelica.
     [exec]     To install JModelica, see https://svn.jmodelica.org/trunk/INSTALL
     [exec] JMFTest.java:28: error: package javax.media does not exist
     [exec] import javax.media.CaptureDeviceInfo;
     [exec]                   ^
     [exec] 1 error
     [exec] Exception in thread "main" java.lang.RuntimeException: Could not load opencv_java320.
     [exec]     java.library.path = /home/travis/build/icyphy/ptII/lib:/home/travis/build/icyphy/ptII/lib:/home/travis/pthla/certi-tools/lib:/home/travis/pthla/certi-tools/lib:/usr/lib/jni:/usr/local/share/OpenCV/java/:/usr/share/OpenCV/java::/usr/java/packages/lib/amd64:/usr/lib64:/lib64:/lib:/usr/lib
     [exec] 	at OpenCVTest.main(OpenCVTest.java:75)
     [exec] Caused by: java.lang.UnsatisfiedLinkError: no opencv_java320 in java.library.path
     [exec] 	at java.lang.ClassLoader.loadLibrary(ClassLoader.java:1867)
     [exec] 	at java.lang.Runtime.loadLibrary0(Runtime.java:870)
     [exec] 	at java.lang.System.loadLibrary(System.java:1122)
     [exec] 	at OpenCVTest.main(OpenCVTest.java:52)
     [exec] configure: WARNING: Failed to run OpenCV test program in /home/travis/build/icyphy/ptII/config with
     [exec]     /usr/lib/jvm/java-8-oracle/bin/java -classpath /home/travis/build/icyphy/ptII/lib/opencv-320.jar:. OpenCVTest
     [exec]     so we will try other jars.
     [exec] libdc1394 error: Failed to initialize libdc1394
     [exec] configure: WARNING: Could not find directory
     [exec]     '/home/travis/build/icyphy/ptII/vendors/sun/javacc-5.0'
     [exec]     so we search for the jjtree command.
     [exec] configure: WARNING: Failed to find jjtree
     [exec] configure: WARNING: Failed to find javacc, perhaps JavaCC is not installed?
     [exec]     You need not download JavaCC unless you plan on modifying .jjt files
     [exec]     in ptolemy/data/expr.
     [exec]     JavaCC is available from
     [exec]     http://javacc.dev.java.net/
     [exec] 
     [exec]     Note that the zip file that gets downloaded is actually an installer
     [exec]     that must be run to install the JavaCC.zip file that contains the classes.
     [exec] 
     [exec]     Note that JavaCC-4.1 and 4.2 will not work, there are problems with
     [exec]     ReInit() being static or not static.
     [exec] 
     [exec]     JavaCC-6.0 seems to not include the jjtree and javacc scripts, so
     [exec]     we recommend JavaCC-5.0.
     [exec] 
     [exec]     Try:
     [exec]     cd /home/travis/build/icyphy/ptII/vendors/sun
     [exec]     wget https://java.net/projects/javacc/downloads/download/javacc-5.0.tar.gz
     [exec]     tar -zxf javacc-5.0.tar.gz
     [exec]     cd /home/travis/build/icyphy/ptII
     [exec]     ./configure
     [exec] 
     [exec]     Configure looks for JavaCC in /home/travis/build/icyphy/ptII/vendors/sun/javacc-5.0
     [exec]     so either install JavaCC in that location or use the --with-javacc= flag
     [exec]     and then rerun configure.'
     [exec] ls: cannot access /home/travis/build/icyphy/ptII/vendors/j3d/*/lib/ext: No such file or directory
     [exec] configure: WARNING: Failed to find matlab executable in the path.
     [exec]     Perhaps Matlab is not installed?
     [exec]     If Matlab is not present, then the Ptolemy II/Matlab interface in
     [exec]     $PTII/ptolemy/matlab will not be usable.
     [exec] configure: WARNING: Matlab was not found, but compiling the .java files in ptolemy/matlab/ should be ok.
     [exec] configure: WARNING: Failed to find omc, the OpenModelicaCompiler.
     [exec]     Rebuilding the OpenModelica fmus will not be possible.
     [exec]     Running the OpenModelica models will not be possible.
     [exec]     This is only a concern if you are interested in OpenModelica
     [exec] configure: WARNING: Failed to find PowerMock.
     [exec]     Perhaps PowerMock was not installed?
     [exec]     You need not download these packages if you would like
     [exec]     to run the tests.  To install PowerMock, go to
     [exec]     http://code.google.com/p/powermock/ and download
     [exec]     http://powermock.googlecode.com/files/powermock-easymock-junit-1.3.8.zip
     [exec]     (which contains PowerMock for EasyMock and JUnit) and unzip it in
     [exec]     /home/travis/build/icyphy/ptII/vendors/misc so that
     [exec]     /home/travis/build/icyphy/ptII/vendors/misc/powermock-easymock-junit-1.3.8 is created,
     [exec]     then rerun configure.
     [exec]     Other versions of PowerMock _may_ work, but are untested.
     [exec] configure: WARNING: Failed to find the scalac binary,
     [exec]     so org/ptolemy/scala will be excluded
     [exec] configure: WARNING: ojdbc5.jar not found,
     [exec]     but only necessary to use database actors with Oracle.
     [exec]     If the mysql jar file is present, then the Oracle Java Database Connector is not necessary
     [exec]     To install ojdbc5.jar or ojdbc6.jar,
     [exec]     download it from http://www.oracle.com/technetwork/apps-tech/jdbc-111060-084321.html
     [exec]     copy it to ptolemy/actor/lib/database
     [exec]     and rerun ./configure
     [exec] configure: WARNING: Failed to find Batik Jar file
     [exec]     You need only have Batik if you are planning on rebuilding diva.jar
     [exec]     for use with Kepler.
     [exec]     Batik can be downloaded from http://xmlgraphics.apache.org/batik/,
     [exec]     batike-1.9/lib/batik-all-1.9.jar copied to /home/travis/build/icyphy/ptII/lib
     [exec]     and ./configure rerun.
     [exec] configure: WARNING: $TOSROOT is not set.  It must be set to use PtinyOS.
     [exec] configure: WARNING: $TOSROOT is set to '',
     [exec]      but there is no directory by that name, so we will not set up for PtinyOS.
     [exec]      For details, see /home/travis/build/icyphy/ptII/ptolemy/domains/ptinyos/README.txt.
     [exec] configure: WARNING: Failed to find giotto/gdk.jar
     [exec]     perhaps Giotto is not installed?
     [exec]     You need not download Giotto unless you plan on generating code for
     [exec]     Giotto models.
     [exec]     The Giotto SDK can be
     [exec]     downloaded from https://embedded.eecs.berkeley.edu/giotto/
     [exec]     Copy gdk.jar to /home/travis/build/icyphy/ptII/vendors/giotto, for example:
     [exec]         mkdir -p /home/travis/build/icyphy/ptII/vendors/giotto
     [exec]         cp C:/Program\ Files/Giotto*/gdk.jar /home/travis/build/icyphy/ptII/vendors/giotto/
     [exec] configure: WARNING: Failed to find boost/numeric/odeint.hpp, so FMI ++
     [exec]     will not be compiled. FMI++ is an extension of the
     [exec]     Functional Mockup Interface, see
     [exec]     http://sourceforge.net/p/fmipp/wiki/Home/
     [exec] Untaring /home/travis/build/icyphy/ptII/vendors/installer/MacJVM.tar.gz in /home/travis/build/icyphy/ptII/ now: Fri May 11 00:56:31 UTC 2018
     [exec] tar: This does not look like a tar archive
     [exec] 
     [exec] gzip: stdin: unexpected end of file
     [exec] tar: Child returned status 1
     [exec] tar: Error is not recoverable: exiting now
     [exec] make: *** [CapeCode.app] Error 2
     [exec] Result: 2

build:

initReports:
    [mkdir] Created dir: /home/travis/build/icyphy/ptII/reports/doccheck
    [mkdir] Created dir: /home/travis/build/icyphy/ptII/reports/ojdcheck

test.export3.xml:
     [echo] 
     [echo]       ==test.export3.xml ==
     [echo]       This target runs the third batch of export demo tests
     [echo]       and generates JUnit xml output.
     [echo]       timeout = 4000000 milliseconds
     [echo]     
    [junit] javachdir: directory = ptolemy/vergil/basic/export/test
    [junit] javachdir: pwd: /home/travis/build/icyphy/ptII/ptolemy/vergil/basic/export/test  Invoking with -Djava.net.preferIPv4Stack=true
    [junit] ExportModeJUnitTestBatch: There are 754 demos. Exporting demos: 171 to 255.
    [junit] Running ptolemy.vergil.basic.export.test.junit.ExportModelJUnitTestBatch3
    [junit] ####### 1 Fri May 11 00:56:32 UTC 2018 $PTII/bin/ptinvoke ptolemy.vergil.basic.export.ExportModel -force htm -run -openComposites -timeOut 30000 -whiteBackground ptolemy/actor/lib/jjs/modules/crypto/demo/RandomBytes/RandomBytes.xml $PTII/ptolemy/actor/lib/jjs/modules/crypto/demo/RandomBytes/RandomBytes
    [junit] ----------------- Fri May 11 00:56:32 UTC 2018 About to sleep for 5.0 seconds before running or rerunning.  Test is: /home/travis/build/icyphy/ptII/ptolemy/actor/lib/jjs/modules/crypto/demo/RandomBytes/RandomBytes.xml
    [junit] Done sleeping
    [junit] Running .RandomBytes
    [junit] RandomBytes: [ 86 ] (Thread[AWT-EventQueue-0,6,main])
    [junit] RandomBytes: [ -70, -6 ] (Thread[AWT-EventQueue-0,6,main])
    [junit] RandomBytes: [ -95, 18, 5 ] (Thread[AWT-EventQueue-0,6,main])
    [junit] RandomBytes: [ -49, 65, -50, 59 ] (Thread[AWT-EventQueue-0,6,main])
    [junit] 4991 ms. Memory: 258560K Free: 159817K (62%)
    [junit] Exported /home/travis/build/icyphy/ptII/ptolemy/actor/lib/jjs/modules/crypto/demo/RandomBytes/RandomBytes/index.html
    [junit] 16100 ms. Memory: 258560K Free: 129577K (50%)
    [junit] ####### 2 Fri May 11 00:56:53 UTC 2018 $PTII/bin/ptinvoke ptolemy.vergil.basic.export.ExportModel -force htm -run -openComposites -timeOut 30000 -whiteBackground ptolemy/actor/lib/jjs/modules/crypto/demo/SymmetricEncrypt/SymmetricEncrypt.xml $PTII/ptolemy/actor/lib/jjs/modules/crypto/demo/SymmetricEncrypt/SymmetricEncrypt
    [junit] ----------------- Fri May 11 00:56:53 UTC 2018 About to sleep for 5.0 seconds before running or rerunning.  Test is: /home/travis/build/icyphy/ptII/ptolemy/actor/lib/jjs/modules/crypto/demo/SymmetricEncrypt/SymmetricEncrypt.xml
    [junit] Done sleeping
    [junit] Running .SymmetricEncrypt
    [junit] RandomBytes: [ -95 ] (Thread[AWT-EventQueue-0,6,main])
    [junit] RandomBytes: [ 1, 114 ] (Thread[AWT-EventQueue-0,6,main])
    [junit] RandomBytes: [ -19, -109, -27 ] (Thread[AWT-EventQueue-0,6,main])
    [junit] RandomBytes: [ 61, -12, 58, 6 ] (Thread[AWT-EventQueue-0,6,main])
    [junit] 6800 ms. Memory: 444416K Free: 139862K (31%)
    [junit] Exported /home/travis/build/icyphy/ptII/ptolemy/actor/lib/jjs/modules/crypto/demo/SymmetricEncrypt/SymmetricEncrypt/index.html
    [junit] 13221 ms. Memory: 560640K Free: 494515K (88%)
    [junit] ####### 3 Fri May 11 00:57:11 UTC 2018 $PTII/bin/ptinvoke ptolemy.vergil.basic.export.ExportModel -force htm  -openComposites -timeOut 30000 -whiteBackground ptolemy/actor/lib/jjs/modules/discovery/demo/Discovery/Discovery.xml $PTII/ptolemy/actor/lib/jjs/modules/discovery/demo/Discovery/Discovery
    [junit] Warning: not running ptolemy/actor/lib/jjs/modules/discovery/demo/Discovery/Discovery.xml. See ptolemy/vergil/basic/export/test/junit/ExportModelJUnitTest.java
    [junit] ----------------- Fri May 11 00:57:11 UTC 2018 About to sleep for 5.0 seconds before running or rerunning.  Test is: /home/travis/build/icyphy/ptII/ptolemy/actor/lib/jjs/modules/discovery/demo/Discovery/Discovery.xml
    [junit] Done sleeping
    [junit] Exported /home/travis/build/icyphy/ptII/ptolemy/actor/lib/jjs/modules/discovery/demo/Discovery/Discovery/index.html
    [junit] 3358 ms. Memory: 560640K Free: 337411K (60%)
    [junit] ####### 4 Fri May 11 00:57:20 UTC 2018 $PTII/bin/ptinvoke ptolemy.vergil.basic.export.ExportModel -force htm -run -openComposites -timeOut 30000 -whiteBackground ptolemy/actor/lib/jjs/modules/discovery/demo/Discovery/DiscoveryJS.xml $PTII/ptolemy/actor/lib/jjs/modules/discovery/demo/Discovery/DiscoveryJS
    [junit] ----------------- Fri May 11 00:57:20 UTC 2018 About to sleep for 5.0 seconds before running or rerunning.  Test is: /home/travis/build/icyphy/ptII/ptolemy/actor/lib/jjs/modules/discovery/demo/Discovery/DiscoveryJS.xml
    [junit] Done sleeping
    [junit] JSAccessor: PT_NO_NET environment variable is set, so git pull and ptdoc are not being run.
    [junit] Running .DiscoveryJS
    [junit] 6618 ms. Memory: 733696K Free: 579115K (79%)
    [junit] Exported /home/travis/build/icyphy/ptII/ptolemy/actor/lib/jjs/modules/discovery/demo/Discovery/DiscoveryJS/index.html
    [junit] 11781 ms. Memory: 733696K Free: 544209K (74%)
    [junit] ####### 5 Fri May 11 00:57:36 UTC 2018 $PTII/bin/ptinvoke ptolemy.vergil.basic.export.ExportModel -force htm -run -openComposites -timeOut 30000 -whiteBackground ptolemy/actor/lib/jjs/modules/discovery/demo/Discovery/PopulateSwarmboxMap.xml $PTII/ptolemy/actor/lib/jjs/modules/discovery/demo/Discovery/PopulateSwarmboxMap
    [junit] ----------------- Fri May 11 00:57:36 UTC 2018 About to sleep for 5.0 seconds before running or rerunning.  Test is: /home/travis/build/icyphy/ptII/ptolemy/actor/lib/jjs/modules/discovery/demo/Discovery/PopulateSwarmboxMap.xml
    [junit] Done sleeping
    [junit] Running .PopulateSwarmboxMap
    [junit] REST: Making an HTTP request. (Thread[AWT-EventQueue-0,6,main])
    [junit] HttpClientHelper.java: Received an error for request 0: javax.net.ssl.SSLHandshakeException: Failed to create SSL connection
    [junit] javax.net.ssl.SSLHandshakeException: Failed to create SSL connection
    [junit] 	at io.vertx.core.http.impl.HttpChannelConnector.handshakeFailure(HttpChannelConnector.java:214)
    [junit] 	at io.vertx.core.http.impl.HttpChannelConnector.lambda$null$0(HttpChannelConnector.java:145)
    [junit] 	at io.netty.util.concurrent.DefaultPromise.notifyListener0(DefaultPromise.java:507)
    [junit] 	at io.netty.util.concurrent.DefaultPromise.notifyListeners0(DefaultPromise.java:500)
    [junit] 	at io.netty.util.concurrent.DefaultPromise.notifyListenersNow(DefaultPromise.java:479)
    [junit] 	at io.netty.util.concurrent.DefaultPromise.notifyListeners(DefaultPromise.java:420)
    [junit] 	at io.netty.util.concurrent.DefaultPromise.tryFailure(DefaultPromise.java:122)
    [junit] 	at io.netty.handler.ssl.SslHandler.notifyHandshakeFailure(SslHandler.java:1535)
    [junit] 	at io.netty.handler.ssl.SslHandler.setHandshakeFailure(SslHandler.java:1521)
    [junit] 	at io.netty.handler.ssl.SslHandler.setHandshakeFailure(SslHandler.java:1493)
    [junit] 	at io.netty.handler.ssl.SslHandler.handleUnwrapThrowable(SslHandler.java:1186)
    [junit] 	at io.netty.handler.ssl.SslHandler.decodeJdkCompatible(SslHandler.java:1165)
    [junit] 	at io.netty.handler.ssl.SslHandler.decode(SslHandler.java:1194)
    [junit] 	at io.netty.handler.codec.ByteToMessageDecoder.decodeRemovalReentryProtection(ByteToMessageDecoder.java:489)
    [junit] 	at io.netty.handler.codec.ByteToMessageDecoder.callDecode(ByteToMessageDecoder.java:428)
    [junit] 	at io.netty.handler.codec.ByteToMessageDecoder.channelRead(ByteToMessageDecoder.java:265)
    [junit] 	at io.netty.channel.AbstractChannelHandlerContext.invokeChannelRead(AbstractChannelHandlerContext.java:362)
    [junit] 	at io.netty.channel.AbstractChannelHandlerContext.invokeChannelRead(AbstractChannelHandlerContext.java:348)
    [junit] 	at io.netty.channel.AbstractChannelHandlerContext.fireChannelRead(AbstractChannelHandlerContext.java:340)
    [junit] 	at io.netty.channel.DefaultChannelPipeline$HeadContext.channelRead(DefaultChannelPipeline.java:1359)
    [junit] 	at io.netty.channel.AbstractChannelHandlerContext.invokeChannelRead(AbstractChannelHandlerContext.java:362)
    [junit] 	at io.netty.channel.AbstractChannelHandlerContext.invokeChannelRead(AbstractChannelHandlerContext.java:348)
    [junit] 	at io.netty.channel.DefaultChannelPipeline.fireChannelRead(DefaultChannelPipeline.java:935)
    [junit] 	at io.netty.channel.nio.AbstractNioByteChannel$NioByteUnsafe.read(AbstractNioByteChannel.java:141)
    [junit] 	at io.netty.channel.nio.NioEventLoop.processSelectedKey(NioEventLoop.java:645)
    [junit] 	at io.netty.channel.nio.NioEventLoop.processSelectedKeysOptimized(NioEventLoop.java:580)
    [junit] 	at io.netty.channel.nio.NioEventLoop.processSelectedKeys(NioEventLoop.java:497)
    [junit] 	at io.netty.channel.nio.NioEventLoop.run(NioEventLoop.java:459)
    [junit] 	at io.netty.util.concurrent.SingleThreadEventExecutor$5.run(SingleThreadEventExecutor.java:886)
    [junit] 	at io.netty.util.concurrent.FastThreadLocalRunnable.run(FastThreadLocalRunnable.java:30)
    [junit] 	at java.lang.Thread.run(Thread.java:748)
    [junit] Caused by: javax.net.ssl.SSLHandshakeException: General SSLEngine problem
    [junit] 	at sun.security.ssl.Handshaker.checkThrown(Handshaker.java:1478)
    [junit] 	at sun.security.ssl.SSLEngineImpl.checkTaskThrown(SSLEngineImpl.java:535)
    [junit] 	at sun.security.ssl.SSLEngineImpl.readNetRecord(SSLEngineImpl.java:813)
    [junit] 	at sun.security.ssl.SSLEngineImpl.unwrap(SSLEngineImpl.java:781)
    [junit] 	at javax.net.ssl.SSLEngine.unwrap(SSLEngine.java:624)
    [junit] 	at io.netty.handler.ssl.SslHandler$SslEngineType$3.unwrap(SslHandler.java:292)
    [junit] 	at io.netty.handler.ssl.SslHandler.unwrap(SslHandler.java:1248)
    [junit] 	at io.netty.handler.ssl.SslHandler.decodeJdkCompatible(SslHandler.java:1159)
    [junit] 	... 19 more
    [junit] Caused by: javax.net.ssl.SSLHandshakeException: General SSLEngine problem
    [junit] 	at sun.security.ssl.Alerts.getSSLException(Alerts.java:192)
    [junit] 	at sun.security.ssl.SSLEngineImpl.fatal(SSLEngineImpl.java:1728)
    [junit] 	at sun.security.ssl.Handshaker.fatalSE(Handshaker.java:304)
    [junit] 	at sun.security.ssl.Handshaker.fatalSE(Handshaker.java:296)
    [junit] 	at sun.security.ssl.ClientHandshaker.serverCertificate(ClientHandshaker.java:1514)
    [junit] 	at sun.security.ssl.ClientHandshaker.processMessage(ClientHandshaker.java:216)
    [junit] 	at sun.security.ssl.Handshaker.processLoop(Handshaker.java:1026)
    [junit] 	at sun.security.ssl.Handshaker$1.run(Handshaker.java:966)
    [junit] 	at sun.security.ssl.Handshaker$1.run(Handshaker.java:963)
    [junit] 	at java.security.AccessController.doPrivileged(Native Method)
    [junit] 	at sun.security.ssl.Handshaker$DelegatedTask.run(Handshaker.java:1416)
    [junit] 	at io.netty.handler.ssl.SslHandler.runDelegatedTasks(SslHandler.java:1408)
    [junit] 	at io.netty.handler.ssl.SslHandler.unwrap(SslHandler.java:1316)
    [junit] 	... 20 more
    [junit] Caused by: sun.security.validator.ValidatorException: PKIX path validation failed: java.security.cert.CertPathValidatorException: validity check failed
    [junit] 	at sun.security.validator.PKIXValidator.doValidate(PKIXValidator.java:362)
    [junit] 	at sun.security.validator.PKIXValidator.engineValidate(PKIXValidator.java:259)
    [junit] 	at sun.security.validator.Validator.validate(Validator.java:260)
    [junit] 	at sun.security.ssl.X509TrustManagerImpl.validate(X509TrustManagerImpl.java:324)
    [junit] 	at sun.security.ssl.X509TrustManagerImpl.checkTrusted(X509TrustManagerImpl.java:281)
    [junit] 	at sun.security.ssl.X509TrustManagerImpl.checkServerTrusted(X509TrustManagerImpl.java:136)
    [junit] 	at sun.security.ssl.ClientHandshaker.serverCertificate(ClientHandshaker.java:1501)
    [junit] 	... 28 more
    [junit] Caused by: java.security.cert.CertPathValidatorException: validity check failed
    [junit] 	at sun.security.provider.certpath.PKIXMasterCertPathValidator.validate(PKIXMasterCertPathValidator.java:135)
    [junit] 	at sun.security.provider.certpath.PKIXCertPathValidator.validate(PKIXCertPathValidator.java:223)
    [junit] 	at sun.security.provider.certpath.PKIXCertPathValidator.validate(PKIXCertPathValidator.java:140)
    [junit] 	at sun.security.provider.certpath.PKIXCertPathValidator.engineValidate(PKIXCertPathValidator.java:79)
    [junit] 	at java.security.cert.CertPathValidator.validate(CertPathValidator.java:292)
    [junit] 	at sun.security.validator.PKIXValidator.doValidate(PKIXValidator.java:357)
    [junit] 	... 34 more
    [junit] Caused by: java.security.cert.CertificateExpiredException: NotAfter: Fri Apr 13 23:59:59 UTC 2018
    [junit] 	at sun.security.x509.CertificateValidity.valid(CertificateValidity.java:274)
    [junit] 	at sun.security.x509.X509CertImpl.checkValidity(X509CertImpl.java:629)
    [junit] 	at sun.security.provider.certpath.BasicChecker.verifyValidity(BasicChecker.java:190)
    [junit] 	at sun.security.provider.certpath.BasicChecker.check(BasicChecker.java:144)
    [junit] 	at sun.security.provider.certpath.PKIXMasterCertPathValidator.validate(PKIXMasterCertPathValidator.java:125)
    [junit] 	... 39 more
    [junit] REST: HttpClientHelper.java: The exceptions is a SSLHandshakeException, which is probably caused because the certs for the website in question are not in the JVM keystore.  Try updating your JVM or see See https://stackoverflow.com/questions/34110426/does-java-support-lets-encrypt-certificates/35454903#35454903: Failed to create SSL connection
    [junit] [vert.x-eventloop-thread-0] WARN io.netty.channel.DefaultChannelPipeline - An exceptionCaught() event was fired, and it reached at the tail of the pipeline. It usually means the last handler in the pipeline did not handle the exception.
    [junit] io.netty.handler.codec.DecoderException: javax.net.ssl.SSLHandshakeException: General SSLEngine problem
    [junit] 	at io.netty.handler.codec.ByteToMessageDecoder.callDecode(ByteToMessageDecoder.java:459)
    [junit] 	at io.netty.handler.codec.ByteToMessageDecoder.channelRead(ByteToMessageDecoder.java:265)
    [junit] 	at io.netty.channel.AbstractChannelHandlerContext.invokeChannelRead(AbstractChannelHandlerContext.java:362)
    [junit] 	at io.netty.channel.AbstractChannelHandlerContext.invokeChannelRead(AbstractChannelHandlerContext.java:348)
    [junit] 	at io.netty.channel.AbstractChannelHandlerContext.fireChannelRead(AbstractChannelHandlerContext.java:340)
    [junit] 	at io.netty.channel.DefaultChannelPipeline$HeadContext.channelRead(DefaultChannelPipeline.java:1359)
    [junit] 	at io.netty.channel.AbstractChannelHandlerContext.invokeChannelRead(AbstractChannelHandlerContext.java:362)
    [junit] 	at io.netty.channel.AbstractChannelHandlerContext.invokeChannelRead(AbstractChannelHandlerContext.java:348)
    [junit] 	at io.netty.channel.DefaultChannelPipeline.fireChannelRead(DefaultChannelPipeline.java:935)
    [junit] 	at io.netty.channel.nio.AbstractNioByteChannel$NioByteUnsafe.read(AbstractNioByteChannel.java:141)
    [junit] 	at io.netty.channel.nio.NioEventLoop.processSelectedKey(NioEventLoop.java:645)
    [junit] 	at io.netty.channel.nio.NioEventLoop.processSelectedKeysOptimized(NioEventLoop.java:580)
    [junit] 	at io.netty.channel.nio.NioEventLoop.processSelectedKeys(NioEventLoop.java:497)
    [junit] 	at io.netty.channel.nio.NioEventLoop.run(NioEventLoop.java:459)
    [junit] 	at io.netty.util.concurrent.SingleThreadEventExecutor$5.run(SingleThreadEventExecutor.java:886)
    [junit] 	at io.netty.util.concurrent.FastThreadLocalRunnable.run(FastThreadLocalRunnable.java:30)
    [junit] 	at java.lang.Thread.run(Thread.java:748)
    [junit] Caused by: javax.net.ssl.SSLHandshakeException: General SSLEngine problem
    [junit] 	at sun.security.ssl.Handshaker.checkThrown(Handshaker.java:1478)
    [junit] 	at sun.security.ssl.SSLEngineImpl.checkTaskThrown(SSLEngineImpl.java:535)
    [junit] 	at sun.security.ssl.SSLEngineImpl.readNetRecord(SSLEngineImpl.java:813)
    [junit] 	at sun.security.ssl.SSLEngineImpl.unwrap(SSLEngineImpl.java:781)
    [junit] 	at javax.net.ssl.SSLEngine.unwrap(SSLEngine.java:624)
    [junit] 	at io.netty.handler.ssl.SslHandler$SslEngineType$3.unwrap(SslHandler.java:292)
    [junit] 	at io.netty.handler.ssl.SslHandler.unwrap(SslHandler.java:1248)
    [junit] 	at io.netty.handler.ssl.SslHandler.decodeJdkCompatible(SslHandler.java:1159)
    [junit] 	at io.netty.handler.ssl.SslHandler.decode(SslHandler.java:1194)
    [junit] 	at io.netty.handler.codec.ByteToMessageDecoder.decodeRemovalReentryProtection(ByteToMessageDecoder.java:489)
    [junit] 	at io.netty.handler.codec.ByteToMessageDecoder.callDecode(ByteToMessageDecoder.java:428)
    [junit] 	... 16 more
    [junit] Caused by: javax.net.ssl.SSLHandshakeException: General SSLEngine problem
    [junit] 	at sun.security.ssl.Alerts.getSSLException(Alerts.java:192)
    [junit] 	at sun.security.ssl.SSLEngineImpl.fatal(SSLEngineImpl.java:1728)
    [junit] 	at sun.security.ssl.Handshaker.fatalSE(Handshaker.java:304)
    [junit] 	at sun.security.ssl.Handshaker.fatalSE(Handshaker.java:296)
    [junit] 	at sun.security.ssl.ClientHandshaker.serverCertificate(ClientHandshaker.java:1514)
    [junit] 	at sun.security.ssl.ClientHandshaker.processMessage(ClientHandshaker.java:216)
    [junit] 	at sun.security.ssl.Handshaker.processLoop(Handshaker.java:1026)
    [junit] 	at sun.security.ssl.Handshaker$1.run(Handshaker.java:966)
    [junit] 	at sun.security.ssl.Handshaker$1.run(Handshaker.java:963)
    [junit] 	at java.security.AccessController.doPrivileged(Native Method)
    [junit] 	at sun.security.ssl.Handshaker$DelegatedTask.run(Handshaker.java:1416)
    [junit] 	at io.netty.handler.ssl.SslHandler.runDelegatedTasks(SslHandler.java:1408)
    [junit] 	at io.netty.handler.ssl.SslHandler.unwrap(SslHandler.java:1316)
    [junit] 	... 20 more
    [junit] Caused by: sun.security.validator.ValidatorException: PKIX path validation failed: java.security.cert.CertPathValidatorException: validity check failed
    [junit] 	at sun.security.validator.PKIXValidator.doValidate(PKIXValidator.java:362)
    [junit] 	at sun.security.validator.PKIXValidator.engineValidate(PKIXValidator.java:259)
    [junit] 	at sun.security.validator.Validator.validate(Validator.java:260)
    [junit] 	at sun.security.ssl.X509TrustManagerImpl.validate(X509TrustManagerImpl.java:324)
    [junit] 	at sun.security.ssl.X509TrustManagerImpl.checkTrusted(X509TrustManagerImpl.java:281)
    [junit] 	at sun.security.ssl.X509TrustManagerImpl.checkServerTrusted(X509TrustManagerImpl.java:136)
    [junit] 	at sun.security.ssl.ClientHandshaker.serverCertificate(ClientHandshaker.java:1501)
    [junit] 	... 28 more
    [junit] Caused by: java.security.cert.CertPathValidatorException: validity check failed
    [junit] 	at sun.security.provider.certpath.PKIXMasterCertPathValidator.validate(PKIXMasterCertPathValidator.java:135)
    [junit] 	at sun.security.provider.certpath.PKIXCertPathValidator.validate(PKIXCertPathValidator.java:223)
    [junit] 	at sun.security.provider.certpath.PKIXCertPathValidator.validate(PKIXCertPathValidator.java:140)
    [junit] 	at sun.security.provider.certpath.PKIXCertPathValidator.engineValidate(PKIXCertPathValidator.java:79)
    [junit] 	at java.security.cert.CertPathValidator.validate(CertPathValidator.java:292)
    [junit] 	at sun.security.validator.PKIXValidator.doValidate(PKIXValidator.java:357)
    [junit] 	... 34 more
    [junit] Caused by: java.security.cert.CertificateExpiredException: NotAfter: Fri Apr 13 23:59:59 UTC 2018
    [junit] 	at sun.security.x509.CertificateValidity.valid(CertificateValidity.java:274)
    [junit] 	at sun.security.x509.X509CertImpl.checkValidity(X509CertImpl.java:629)
    [junit] 	at sun.security.provider.certpath.BasicChecker.verifyValidity(BasicChecker.java:190)
    [junit] 	at sun.security.provider.certpath.BasicChecker.check(BasicChecker.java:144)
    [junit] 	at sun.security.provider.certpath.PKIXMasterCertPathValidator.validate(PKIXMasterCertPathValidator.java:125)
    [junit] 	... 39 more
    [junit] 19301 ms. Memory: 1124864K Free: 191523K (17%)
    [junit] Exported /home/travis/build/icyphy/ptII/ptolemy/actor/lib/jjs/modules/discovery/demo/Discovery/PopulateSwarmboxMap/index.html
    [junit] 29095 ms. Memory: 1357312K Free: 1103514K (81%)
    [junit] ####### 6 Fri May 11 00:58:10 UTC 2018 $PTII/bin/ptinvoke ptolemy.vergil.basic.export.ExportModel -force htm -run -openComposites -timeOut 30000 -whiteBackground ptolemy/actor/lib/jjs/modules/discovery/demo/Discovery/PostSwarmboxDevices.xml $PTII/ptolemy/actor/lib/jjs/modules/discovery/demo/Discovery/PostSwarmboxDevices
    [junit] ----------------- Fri May 11 00:58:10 UTC 2018 About to sleep for 5.0 seconds before running or rerunning.  Test is: /home/travis/build/icyphy/ptII/ptolemy/actor/lib/jjs/modules/discovery/demo/Discovery/PostSwarmboxDevices.xml
    [junit] Done sleeping
    [junit] Running .PostSwarmboxDevices
    [junit] REST: Making an HTTP request. (Thread[AWT-EventQueue-0,6,main])
    [junit] HttpClientHelper.java: Received an error for request 0: javax.net.ssl.SSLHandshakeException: Failed to create SSL connection
    [junit] javax.net.ssl.SSLHandshakeException: Failed to create SSL connection
    [junit] 	at io.vertx.core.http.impl.HttpChannelConnector.handshakeFailure(HttpChannelConnector.java:214)
    [junit] 	at io.vertx.core.http.impl.HttpChannelConnector.lambda$null$0(HttpChannelConnector.java:145)
    [junit] 	at io.netty.util.concurrent.DefaultPromise.notifyListener0(DefaultPromise.java:507)
    [junit] 	at io.netty.util.concurrent.DefaultPromise.notifyListeners0(DefaultPromise.java:500)
    [junit] 	at io.netty.util.concurrent.DefaultPromise.notifyListenersNow(DefaultPromise.java:479)
    [junit] 	at io.netty.util.concurrent.DefaultPromise.notifyListeners(DefaultPromise.java:420)
    [junit] 	at io.netty.util.concurrent.DefaultPromise.tryFailure(DefaultPromise.java:122)
    [junit] 	at io.netty.handler.ssl.SslHandler.notifyHandshakeFailure(SslHandler.java:1535)
    [junit] 	at io.netty.handler.ssl.SslHandler.setHandshakeFailure(SslHandler.java:1521)
    [junit] 	at io.netty.handler.ssl.SslHandler.setHandshakeFailure(SslHandler.java:1493)
    [junit] 	at io.netty.handler.ssl.SslHandler.handleUnwrapThrowable(SslHandler.java:1186)
    [junit] 	at io.netty.handler.ssl.SslHandler.decodeJdkCompatible(SslHandler.java:1165)
    [junit] 	at io.netty.handler.ssl.SslHandler.decode(SslHandler.java:1194)
    [junit] 	at io.netty.handler.codec.ByteToMessageDecoder.decodeRemovalReentryProtection(ByteToMessageDecoder.java:489)
    [junit] 	at io.netty.handler.codec.ByteToMessageDecoder.callDecode(ByteToMessageDecoder.java:428)
    [junit] 	at io.netty.handler.codec.ByteToMessageDecoder.channelRead(ByteToMessageDecoder.java:265)
    [junit] 	at io.netty.channel.AbstractChannelHandlerContext.invokeChannelRead(AbstractChannelHandlerContext.java:362)
    [junit] 	at io.netty.channel.AbstractChannelHandlerContext.invokeChannelRead(AbstractChannelHandlerContext.java:348)
    [junit] 	at io.netty.channel.AbstractChannelHandlerContext.fireChannelRead(AbstractChannelHandlerContext.java:340)
    [junit] 	at io.netty.channel.DefaultChannelPipeline$HeadContext.channelRead(DefaultChannelPipeline.java:1359)
    [junit] 	at io.netty.channel.AbstractChannelHandlerContext.invokeChannelRead(AbstractChannelHandlerContext.java:362)
    [junit] 	at io.netty.channel.AbstractChannelHandlerContext.invokeChannelRead(AbstractChannelHandlerContext.java:348)
    [junit] 	at io.netty.channel.DefaultChannelPipeline.fireChannelRead(DefaultChannelPipeline.java:935)
    [junit] 	at io.netty.channel.nio.AbstractNioByteChannel$NioByteUnsafe.read(AbstractNioByteChannel.java:141)
    [junit] 	at io.netty.channel.nio.NioEventLoop.processSelectedKey(NioEventLoop.java:645)
    [junit] 	at io.netty.channel.nio.NioEventLoop.processSelectedKeysOptimized(NioEventLoop.java:580)
    [junit] 	at io.netty.channel.nio.NioEventLoop.processSelectedKeys(NioEventLoop.java:497)
    [junit] 	at io.netty.channel.nio.NioEventLoop.run(NioEventLoop.java:459)
    [junit] 	at io.netty.util.concurrent.SingleThreadEventExecutor$5.run(SingleThreadEventExecutor.java:886)
    [junit] 	at io.netty.util.concurrent.FastThreadLocalRunnable.run(FastThreadLocalRunnable.java:30)
    [junit] 	at java.lang.Thread.run(Thread.java:748)
    [junit] Caused by: javax.net.ssl.SSLHandshakeException: General SSLEngine problem
    [junit] 	at sun.security.ssl.Handshaker.checkThrown(Handshaker.java:1478)
    [junit] 	at sun.security.ssl.SSLEngineImpl.checkTaskThrown(SSLEngineImpl.java:535)
    [junit] 	at sun.security.ssl.SSLEngineImpl.readNetRecord(SSLEngineImpl.java:813)
    [junit] 	at sun.security.ssl.SSLEngineImpl.unwrap(SSLEngineImpl.java:781)
    [junit] 	at javax.net.ssl.SSLEngine.unwrap(SSLEngine.java:624)
    [junit] 	at io.netty.handler.ssl.SslHandler$SslEngineType$3.unwrap(SslHandler.java:292)
    [junit] 	at io.netty.handler.ssl.SslHandler.unwrap(SslHandler.java:1248)
    [junit] 	at io.netty.handler.ssl.SslHandler.decodeJdkCompatible(SslHandler.java:1159)
    [junit] 	... 19 more
    [junit] Caused by: javax.net.ssl.SSLHandshakeException: General SSLEngine problem
    [junit] 	at sun.security.ssl.Alerts.getSSLException(Alerts.java:192)
    [junit] 	at sun.security.ssl.SSLEngineImpl.fatal(SSLEngineImpl.java:1728)
    [junit] 	at sun.security.ssl.Handshaker.fatalSE(Handshaker.java:304)
    [junit] 	at sun.security.ssl.Handshaker.fatalSE(Handshaker.java:296)
    [junit] 	at sun.security.ssl.ClientHandshaker.serverCertificate(ClientHandshaker.java:1514)
    [junit] 	at sun.security.ssl.ClientHandshaker.processMessage(ClientHandshaker.java:216)
    [junit] 	at sun.security.ssl.Handshaker.processLoop(Handshaker.java:1026)
    [junit] 	at sun.security.ssl.Handshaker$1.run(Handshaker.java:966)
    [junit] 	at sun.security.ssl.Handshaker$1.run(Handshaker.java:963)
    [junit] 	at java.security.AccessController.doPrivileged(Native Method)
    [junit] 	at sun.security.ssl.Handshaker$DelegatedTask.run(Handshaker.java:1416)
    [junit] 	at io.netty.handler.ssl.SslHandler.runDelegatedTasks(SslHandler.java:1408)
    [junit] 	at io.netty.handler.ssl.SslHandler.unwrap(SslHandler.java:1316)
    [junit] 	... 20 more
    [junit] Caused by: sun.security.validator.ValidatorException: PKIX path validation failed: java.security.cert.CertPathValidatorException: validity check failed
    [junit] 	at sun.security.validator.PKIXValidator.doValidate(PKIXValidator.java:362)
    [junit] 	at sun.security.validator.PKIXValidator.engineValidate(PKIXValidator.java:259)
    [junit] 	at sun.security.validator.Validator.validate(Validator.java:260)
    [junit] 	at sun.security.ssl.X509TrustManagerImpl.validate(X509TrustManagerImpl.java:324)
    [junit] 	at sun.security.ssl.X509TrustManagerImpl.checkTrusted(X509TrustManagerImpl.java:281)
    [junit] 	at sun.security.ssl.X509TrustManagerImpl.checkServerTrusted(X509TrustManagerImpl.java:136)
    [junit] 	at sun.security.ssl.ClientHandshaker.serverCertificate(ClientHandshaker.java:1501)
    [junit] 	... 28 more
    [junit] Caused by: java.security.cert.CertPathValidatorException: validity check failed
    [junit] 	at sun.security.provider.certpath.PKIXMasterCertPathValidator.validate(PKIXMasterCertPathValidator.java:135)
    [junit] 	at sun.security.provider.certpath.PKIXCertPathValidator.validate(PKIXCertPathValidator.java:223)
    [junit] 	at sun.security.provider.certpath.PKIXCertPathValidator.validate(PKIXCertPathValidator.java:140)
    [junit] 	at sun.security.provider.certpath.PKIXCertPathValidator.engineValidate(PKIXCertPathValidator.java:79)
    [junit] 	at java.security.cert.CertPathValidator.validate(CertPathValidator.java:292)
    [junit] 	at sun.security.validator.PKIXValidator.doValidate(PKIXValidator.java:357)
    [junit] 	... 34 more
    [junit] Caused by: java.security.cert.CertificateExpiredException: NotAfter: Fri Apr 13 23:59:59 UTC 2018
    [junit] 	at sun.security.x509.CertificateValidity.valid(CertificateValidity.java:274)
    [junit] 	at sun.security.x509.X509CertImpl.checkValidity(X509CertImpl.java:629)
    [junit] 	at sun.security.provider.certpath.BasicChecker.verifyValidity(BasicChecker.java:190)
    [junit] 	at sun.security.provider.certpath.BasicChecker.check(BasicChecker.java:144)
    [junit] 	at sun.security.provider.certpath.PKIXMasterCertPathValidator.validate(PKIXMasterCertPathValidator.java:125)
    [junit] 	... 39 more
    [junit] [vert.x-eventloop-thread-2] WARN io.netty.channel.DefaultChannelPipeline - An exceptionCaught() event was fired, and it reached at the tail of the pipeline. It usually means the last handler in the pipeline did not handle the exception.
    [junit] io.netty.handler.codec.DecoderException: javax.net.ssl.SSLHandshakeException: General SSLEngine problem
    [junit] 	at io.netty.handler.codec.ByteToMessageDecoder.callDecode(ByteToMessageDecoder.java:459)
    [junit] 	at io.netty.handler.codec.ByteToMessageDecoder.channelRead(ByteToMessageDecoder.java:265)
    [junit] 	at io.netty.channel.AbstractChannelHandlerContext.invokeChannelRead(AbstractChannelHandlerContext.java:362)
    [junit] 	at io.netty.channel.AbstractChannelHandlerContext.invokeChannelRead(AbstractChannelHandlerContext.java:348)
    [junit] 	at io.netty.channel.AbstractChannelHandlerContext.fireChannelRead(AbstractChannelHandlerContext.java:340)
    [junit] 	at io.netty.channel.DefaultChannelPipeline$HeadContext.channelRead(DefaultChannelPipeline.java:1359)
    [junit] 	at io.netty.channel.AbstractChannelHandlerContext.invokeChannelRead(AbstractChannelHandlerContext.java:362)
    [junit] 	at io.netty.channel.AbstractChannelHandlerContext.invokeChannelRead(AbstractChannelHandlerContext.java:348)
    [junit] 	at io.netty.channel.DefaultChannelPipeline.fireChannelRead(DefaultChannelPipeline.java:935)
    [junit] 	at io.netty.channel.nio.AbstractNioByteChannel$NioByteUnsafe.read(AbstractNioByteChannel.java:141)
    [junit] 	at io.netty.channel.nio.NioEventLoop.processSelectedKey(NioEventLoop.java:645)
    [junit] 	at io.netty.channel.nio.NioEventLoop.processSelectedKeysOptimized(NioEventLoop.java:580)
    [junit] 	at io.netty.channel.nio.NioEventLoop.processSelectedKeys(NioEventLoop.java:497)
    [junit] 	at io.netty.channel.nio.NioEventLoop.run(NioEventLoop.java:459)
    [junit] 	at io.netty.util.concurrent.SingleThreadEventExecutor$5.run(SingleThreadEventExecutor.java:886)
    [junit] 	at io.netty.util.concurrent.FastThreadLocalRunnable.run(FastThreadLocalRunnable.java:30)
    [junit] 	at java.lang.Thread.run(Thread.java:748)
    [junit] Caused by: javax.net.ssl.SSLHandshakeException: General SSLEngine problem
    [junit] 	at sun.security.ssl.Handshaker.checkThrown(Handshaker.java:1478)
    [junit] 	at sun.security.ssl.SSLEngineImpl.checkTaskThrown(SSLEngineImpl.java:535)
    [junit] 	at sun.security.ssl.SSLEngineImpl.readNetRecord(SSLEngineImpl.java:813)
    [junit] 	at sun.security.ssl.SSLEngineImpl.unwrap(SSLEngineImpl.java:781)
    [junit] 	at javax.net.ssl.SSLEngine.unwrap(SSLEngine.java:624)
    [junit] 	at io.netty.handler.ssl.SslHandler$SslEngineType$3.unwrap(SslHandler.java:292)
    [junit] 	at io.netty.handler.ssl.SslHandler.unwrap(SslHandler.java:1248)
    [junit] 	at io.netty.handler.ssl.SslHandler.decodeJdkCompatible(SslHandler.java:1159)
    [junit] 	at io.netty.handler.ssl.SslHandler.decode(SslHandler.java:1194)
    [junit] 	at io.netty.handler.codec.ByteToMessageDecoder.decodeRemovalReentryProtection(ByteToMessageDecoder.java:489)
    [junit] 	at io.netty.handler.codec.ByteToMessageDecoder.callDecode(ByteToMessageDecoder.java:428)
    [junit] 	... 16 more
    [junit] Caused by: javax.net.ssl.SSLHandshakeException: General SSLEngine problem
    [junit] 	at sun.security.ssl.Alerts.getSSLException(Alerts.java:192)
    [junit] 	at sun.security.ssl.SSLEngineImpl.fatal(SSLEngineImpl.java:1728)
    [junit] 	at sun.security.ssl.Handshaker.fatalSE(Handshaker.java:304)
    [junit] 	at sun.security.ssl.Handshaker.fatalSE(Handshaker.java:296)
    [junit] 	at sun.security.ssl.ClientHandshaker.serverCertificate(ClientHandshaker.java:1514)
    [junit] 	at sun.security.ssl.ClientHandshaker.processMessage(ClientHandshaker.java:216)
    [junit] 	at sun.security.ssl.Handshaker.processLoop(Handshaker.java:1026)
    [junit] 	at sun.security.ssl.Handshaker$1.run(Handshaker.java:966)
    [junit] 	at sun.security.ssl.Handshaker$1.run(Handshaker.java:963)
    [junit] 	at java.security.AccessController.doPrivileged(Native Method)
    [junit] 	at sun.security.ssl.Handshaker$DelegatedTask.run(Handshaker.java:1416)
    [junit] 	at io.netty.handler.ssl.SslHandler.runDelegatedTasks(SslHandler.java:1408)
    [junit] 	at io.netty.handler.ssl.SslHandler.unwrap(SslHandler.java:1316)
    [junit] 	... 20 more
    [junit] Caused by: sun.security.validator.ValidatorException: PKIX path validation failed: java.security.cert.CertPathValidatorException: validity check failed
    [junit] 	at sun.security.validator.PKIXValidator.doValidate(PKIXValidator.java:362)
    [junit] 	at sun.security.validator.PKIXValidator.engineValidate(PKIXValidator.java:259)
    [junit] 	at sun.security.validator.Validator.validate(Validator.java:260)
    [junit] 	at sun.security.ssl.X509TrustManagerImpl.validate(X509TrustManagerImpl.java:324)
    [junit] 	at sun.security.ssl.X509TrustManagerImpl.checkTrusted(X509TrustManagerImpl.java:281)
    [junit] 	at sun.security.ssl.X509TrustManagerImpl.checkServerTrusted(X509TrustManagerImpl.java:136)
    [junit] 	at sun.security.ssl.ClientHandshaker.serverCertificate(ClientHandshaker.java:1501)
    [junit] 	... 28 more
    [junit] Caused by: java.security.cert.CertPathValidatorException: validity check failed
    [junit] 	at sun.security.provider.certpath.PKIXMasterCertPathValidator.validate(PKIXMasterCertPathValidator.java:135)
    [junit] 	at sun.security.provider.certpath.PKIXCertPathValidator.validate(PKIXCertPathValidator.java:223)
    [junit] 	at sun.security.provider.certpath.PKIXCertPathValidator.validate(PKIXCertPathValidator.java:140)
    [junit] 	at sun.security.provider.certpath.PKIXCertPathValidator.engineValidate(PKIXCertPathValidator.java:79)
    [junit] 	at java.security.cert.CertPathValidator.validate(CertPathValidator.java:292)
    [junit] 	at sun.security.validator.PKIXValidator.doValidate(PKIXValidator.java:357)
    [junit] 	... 34 more
    [junit] Caused by: java.security.cert.CertificateExpiredException: NotAfter: Fri Apr 13 23:59:59 UTC 2018
    [junit] 	at sun.security.x509.CertificateValidity.valid(CertificateValidity.java:274)
    [junit] 	at sun.security.x509.X509CertImpl.checkValidity(X509CertImpl.java:629)
    [junit] 	at sun.security.provider.certpath.BasicChecker.verifyValidity(BasicChecker.java:190)
    [junit] 	at sun.security.provider.certpath.BasicChecker.check(BasicChecker.java:144)
    [junit] 	at sun.security.provider.certpath.PKIXMasterCertPathValidator.validate(PKIXMasterCertPathValidator.java:125)
    [junit] 	... 39 more
    [junit] REST: HttpClientHelper.java: The exceptions is a SSLHandshakeException, which is probably caused because the certs for the website in question are not in the JVM keystore.  Try updating your JVM or see See https://stackoverflow.com/questions/34110426/does-java-support-lets-encrypt-certificates/35454903#35454903: Failed to create SSL connection
    [junit] ExportHTMLTimer went off after 30000 ms., calling getDirector().finish and getDirector().stopFire()
    [junit] 30018 ms. Memory: 1426944K Free: 647314K (45%)
    [junit] Exported /home/travis/build/icyphy/ptII/ptolemy/actor/lib/jjs/modules/discovery/demo/Discovery/PostSwarmboxDevices/index.html
    [junit] 35889 ms. Memory: 1426944K Free: 599452K (42%)
    [junit] ####### 7 Fri May 11 00:58:51 UTC 2018 $PTII/bin/ptinvoke ptolemy.vergil.basic.export.ExportModel -force htm -run -openComposites -timeOut 30000 -whiteBackground ptolemy/actor/lib/jjs/modules/discovery/demo/Heartbeat/Heartbeat.xml $PTII/ptolemy/actor/lib/jjs/modules/discovery/demo/Heartbeat/Heartbeat
    [junit] ----------------- Fri May 11 00:58:51 UTC 2018 About to sleep for 5.0 seconds before running or rerunning.  Test is: /home/travis/build/icyphy/ptII/ptolemy/actor/lib/jjs/modules/discovery/demo/Heartbeat/Heartbeat.xml
    [junit] Done sleeping
    [junit] Running .Heartbeat
    [junit] Heartbeat: HeartBeat: pingMothership (Thread[AWT-EventQueue-0,6,main])
    [junit] Heartbeat: Making an HTTP request. (Thread[AWT-EventQueue-0,6,main])
    [junit] Heartbeat: HeartBeat: pingMothership (Thread[AWT-EventQueue-0,6,main])
    [junit] Heartbeat: Making an HTTP request. (Thread[AWT-EventQueue-0,6,main])
    [junit] Heartbeat: HeartBeat: pingMothership (Thread[AWT-EventQueue-0,6,main])
    [junit] Heartbeat: Making an HTTP request. (Thread[AWT-EventQueue-0,6,main])
    [junit] Heartbeat: HeartBeat: pingMothership (Thread[AWT-EventQueue-0,6,main])
    [junit] Heartbeat: Making an HTTP request. (Thread[AWT-EventQueue-0,6,main])
    [junit] Heartbeat: HeartBeat: pingMothership (Thread[AWT-EventQueue-0,6,main])
    [junit] Heartbeat: Making an HTTP request. (Thread[AWT-EventQueue-0,6,main])
    [junit] Heartbeat: HeartBeat: pingMothership (Thread[AWT-EventQueue-0,6,main])
    [junit] Heartbeat: Making an HTTP request. (Thread[AWT-EventQueue-0,6,main])
    [junit] Heartbeat: HeartBeat: pingMothership (Thread[AWT-EventQueue-0,6,main])
    [junit] Heartbeat: Making an HTTP request. (Thread[AWT-EventQueue-0,6,main])
    [junit] Heartbeat: HeartBeat: pingMothership (Thread[AWT-EventQueue-0,6,main])
    [junit] Heartbeat: Making an HTTP request. (Thread[AWT-EventQueue-0,6,main])
    [junit] Heartbeat: HeartBeat: pingMothership (Thread[AWT-EventQueue-0,6,main])
    [junit] Heartbeat: Making an HTTP request. (Thread[AWT-EventQueue-0,6,main])
    [junit] WARNING: TestSpontaneous: Model stopped before executing actions (e.g. producing outputs) scheduled for execution at times [11.0]
    [junit] Heartbeat: HeartBeat: pingMothership (Thread[AWT-EventQueue-0,6,main])
    [junit] Heartbeat: Making an HTTP request. (Thread[AWT-EventQueue-0,6,main])
    [junit] 12159 ms. Memory: 1641472K Free: 727389K (44%)
    [junit] Exported /home/travis/build/icyphy/ptII/ptolemy/actor/lib/jjs/modules/discovery/demo/Heartbeat/Heartbeat/index.html
    [junit] 17414 ms. Memory: 1641472K Free: 692640K (42%)
    [junit] ####### 8 Fri May 11 00:59:14 UTC 2018 $PTII/bin/ptinvoke ptolemy.vergil.basic.export.ExportModel -force htm  -openComposites -timeOut 30000 -whiteBackground ptolemy/actor/lib/jjs/modules/dsp/demo/AudioFFT/AudioFFT.xml $PTII/ptolemy/actor/lib/jjs/modules/dsp/demo/AudioFFT/AudioFFT
    [junit] Warning: not running ptolemy/actor/lib/jjs/modules/dsp/demo/AudioFFT/AudioFFT.xml. See ptolemy/vergil/basic/export/test/junit/ExportModelJUnitTest.java
    [junit] ----------------- Fri May 11 00:59:14 UTC 2018 About to sleep for 5.0 seconds before running or rerunning.  Test is: /home/travis/build/icyphy/ptII/ptolemy/actor/lib/jjs/modules/dsp/demo/AudioFFT/AudioFFT.xml
    [junit] Done sleeping
    [junit] Xlib:  extension "RANDR" missing on display ":99.0".
    [junit] Exported /home/travis/build/icyphy/ptII/ptolemy/actor/lib/jjs/modules/dsp/demo/AudioFFT/AudioFFT/index.html
    [junit] 4491 ms. Memory: 1641472K Free: 193244K (12%)
    [junit] ####### 9 Fri May 11 00:59:23 UTC 2018 $PTII/bin/ptinvoke ptolemy.vergil.basic.export.ExportModel -force htm -run -openComposites -timeOut 30000 -whiteBackground ptolemy/actor/lib/jjs/modules/dsp/demo/AudioFFT/SinusoidFFT.xml $PTII/ptolemy/actor/lib/jjs/modules/dsp/demo/AudioFFT/SinusoidFFT
    [junit] ----------------- Fri May 11 00:59:23 UTC 2018 About to sleep for 5.0 seconds before running or rerunning.  Test is: /home/travis/build/icyphy/ptII/ptolemy/actor/lib/jjs/modules/dsp/demo/AudioFFT/SinusoidFFT.xml
    [junit] Done sleeping
    [junit] Running .SinusoidFFT
    [junit] 1783 ms. Memory: 1673728K Free: 754713K (45%)
    [junit] Exported /home/travis/build/icyphy/ptII/ptolemy/actor/lib/jjs/modules/dsp/demo/AudioFFT/SinusoidFFT/index.html
    [junit] 7334 ms. Memory: 1673728K Free: 665243K (40%)
    [junit] ####### 10 Fri May 11 00:59:36 UTC 2018 $PTII/bin/ptinvoke ptolemy.vergil.basic.export.ExportModel -force htm -run -openComposites -timeOut 30000 -whiteBackground ptolemy/actor/lib/jjs/modules/eventbus/demo/VertxBus/VertxBus.xml $PTII/ptolemy/actor/lib/jjs/modules/eventbus/demo/VertxBus/VertxBus
    [junit] ----------------- Fri May 11 00:59:36 UTC 2018 About to sleep for 5.0 seconds before running or rerunning.  Test is: /home/travis/build/icyphy/ptII/ptolemy/actor/lib/jjs/modules/eventbus/demo/VertxBus/VertxBus.xml
    [junit] Done sleeping
    [junit] Running .VertxBus
    [junit] WARNING: VertxSubscribe: Model stopped before executing actions (e.g. producing outputs) scheduled for execution at times [11.0]
    [junit] 12327 ms. Memory: 1897472K Free: 1524138K (80%)
    [junit] Exported /home/travis/build/icyphy/ptII/ptolemy/actor/lib/jjs/modules/eventbus/demo/VertxBus/VertxBus/index.html
    [junit] 17552 ms. Memory: 1897472K Free: 1491554K (79%)
    [junit] ####### 11 Fri May 11 00:59:58 UTC 2018 $PTII/bin/ptinvoke ptolemy.vergil.basic.export.ExportModel -force htm -run -openComposites -timeOut 30000 -whiteBackground ptolemy/actor/lib/jjs/modules/eventbus/demo/VertxChat/VertxChat.xml $PTII/ptolemy/actor/lib/jjs/modules/eventbus/demo/VertxChat/VertxChat
    [junit] ----------------- Fri May 11 00:59:58 UTC 2018 About to sleep for 5.0 seconds before running or rerunning.  Test is: /home/travis/build/icyphy/ptII/ptolemy/actor/lib/jjs/modules/eventbus/demo/VertxChat/VertxChat.xml
    [junit] Done sleeping
    [junit] .VertxChat.ThreadedComposite.InteractiveShell invoked SwingUtilities.invokeAndWait()
    [junit] Model ".VertxChat" contains actors such cannot be run  as part of the export process from ExportModel or it has a WebExportParameters value that runBeforeExport set to false. To export run this model and export it, use vergil.
    [junit] Exported /home/travis/build/icyphy/ptII/ptolemy/actor/lib/jjs/modules/eventbus/demo/VertxChat/VertxChat/index.html
    [junit] 4461 ms. Memory: 1897472K Free: 974641K (51%)
    [junit] ####### 12 Fri May 11 01:00:08 UTC 2018 $PTII/bin/ptinvoke ptolemy.vergil.basic.export.ExportModel -force htm -run -openComposites -timeOut 30000 -whiteBackground ptolemy/actor/lib/jjs/modules/faceDetector/demo/FaceDetector/FaceDetector.xml $PTII/ptolemy/actor/lib/jjs/modules/faceDetector/demo/FaceDetector/FaceDetector
    [junit] ----------------- Fri May 11 01:00:08 UTC 2018 About to sleep for 5.0 seconds before running or rerunning.  Test is: /home/travis/build/icyphy/ptII/ptolemy/actor/lib/jjs/modules/faceDetector/demo/FaceDetector/FaceDetector.xml
    [junit] Done sleeping
    [junit] libdc1394 error: Failed to initialize libdc1394
    [junit] Running .FaceDetector
    [junit] 1088 ms. Memory: 1897472K Free: 528257K (28%)
    [junit] Exported /home/travis/build/icyphy/ptII/ptolemy/actor/lib/jjs/modules/faceDetector/demo/FaceDetector/FaceDetector/index.html
    [junit] 5873 ms. Memory: 1897472K Free: 499449K (26%)
    [junit] ####### 13 Fri May 11 01:00:18 UTC 2018 $PTII/bin/ptinvoke ptolemy.vergil.basic.export.ExportModel -force htm -run -openComposites -timeOut 30000 -whiteBackground ptolemy/actor/lib/jjs/modules/faceDetector/demo/FaceDetectorCamera/FaceDetectorCamera.xml $PTII/ptolemy/actor/lib/jjs/modules/faceDetector/demo/FaceDetectorCamera/FaceDetectorCamera
    [junit] ----------------- Fri May 11 01:00:18 UTC 2018 About to sleep for 5.0 seconds before running or rerunning.  Test is: /home/travis/build/icyphy/ptII/ptolemy/actor/lib/jjs/modules/faceDetector/demo/FaceDetectorCamera/FaceDetectorCamera.xml
    [junit] Done sleeping
    [junit] [AWT-EventQueue-0] INFO com.github.sarxos.webcam.Webcam - WebcamDefaultDriver capture driver will be used
    [junit] No physical cameras found, using WebcamDummyDriver.
    [junit] Running .FaceDetectorCamera
    [junit] [atomic-processor-1] INFO com.github.sarxos.webcam.ds.cgt.WebcamOpenTask - Opening webcam Dummy Webcam 0
    [junit] ExportHTMLTimer went off after 30000 ms., calling getDirector().finish and getDirector().stopFire()
    [junit] 30205 ms. Memory: 2207744K Free: 1738420K (79%)
    [junit] [atomic-processor-1] INFO com.github.sarxos.webcam.ds.cgt.WebcamCloseTask - Closing Dummy Webcam 0
    [junit] WARNING: Camera: Model stopped before executing actions (e.g. producing outputs) scheduled for execution at times [16.363, 16.467000000000002, 17.918, 19.693, 24.037000000000003, 19.485, 19.067, 22.596, 20.508, 23.317, 21.875, 25.28, 17.292, 21.772000000000002, 22.493000000000002, 18.335, 14.608, 25.793, 14.816, 18.45, 23.829, 20.1, 21.156000000000002, 28.286, 15.745000000000001, 19.275000000000002, 18.233, 24.456, 14.200000000000001, 15.643, 19.588, 24.559, 18.021, 25.177, 17.501, 20.61, 21.259, 26.616, 23.215, 14.713000000000001, 22.909000000000002, 28.494, 25.074, 22.698, 18.13, 19.999000000000002, 24.14, 25.69, 17.085, 16.981, 27.132, 22.286, 21.362000000000002, 14.302000000000001, 20.406000000000002, 21.67, 26.103, 19.17, 21.567, 17.395, 21.464000000000002, 23.726, 24.971, 23.934, 28.388, 26.0, 15.951, 27.235, 23.011, 24.246000000000002, 15.848, 25.896, 24.661, 23.113, 24.867, 26.205000000000002, 25.588, 18.759, 14.404, 15.229000000000001, 17.609, 20.304000000000002, 16.775000000000002, 20.951, 16.054000000000002, 18.862000000000002, 22.080000000000002, 24.764, 19.897000000000002, 25.485, 27.657, 22.801000000000002, 27.03, 15.124, 16.157, 26.308, 16.878, 19.795, 20.848000000000003, 23.625, 22.183, 27.554000000000002, 20.713, 26.927, 23.522000000000002, 14.506, 27.449, 21.978, 23.419, 18.553, 16.26, 24.353, 26.411, 15.022, 17.19, 18.965, 15.540000000000001, 16.672, 17.712, 26.824, 27.346, 26.720000000000002, 22.391000000000002, 19.382, 15.335, 18.656000000000002, 20.202, 17.815, 16.57, 14.098, 26.514, 14.919, 25.382, 15.438, 21.053, 27.76]
    [junit] Exported /home/travis/build/icyphy/ptII/ptolemy/actor/lib/jjs/modules/faceDetector/demo/FaceDetectorCamera/FaceDetectorCamera/index.html
    [junit] 38954 ms. Memory: 2207744K Free: 1694718K (77%)
    [junit] ####### 14 Fri May 11 01:01:02 UTC 2018 $PTII/bin/ptinvoke ptolemy.vergil.basic.export.ExportModel -force htm -run -openComposites -timeOut 30000 -whiteBackground ptolemy/actor/lib/jjs/modules/faceDetector/demo/OccupancyCount/OccupancyCount.xml $PTII/ptolemy/actor/lib/jjs/modules/faceDetector/demo/OccupancyCount/OccupancyCount
    [junit] ----------------- Fri May 11 01:01:02 UTC 2018 About to sleep for 5.0 seconds before running or rerunning.  Test is: /home/travis/build/icyphy/ptII/ptolemy/actor/lib/jjs/modules/faceDetector/demo/OccupancyCount/OccupancyCount.xml
    [junit] Done sleeping
    [junit] Running .OccupancyCount
    [junit] [atomic-processor-1] INFO com.github.sarxos.webcam.ds.cgt.WebcamOpenTask - Opening webcam Dummy Webcam 0
    [junit] ExportHTMLTimer went off after 30000 ms., calling getDirector().finish and getDirector().stopFire()
    [junit] [atomic-processor-1] INFO com.github.sarxos.webcam.ds.cgt.WebcamCloseTask - Closing Dummy Webcam 0
    [junit] 30019 ms. Memory: 2167808K Free: 1620723K (75%)
    [junit] Exported /home/travis/build/icyphy/ptII/ptolemy/actor/lib/jjs/modules/faceDetector/demo/OccupancyCount/OccupancyCount/index.html
    [junit] 35372 ms. Memory: 2167808K Free: 1579465K (73%)
    [junit] ####### 15 Fri May 11 01:01:43 UTC 2018 $PTII/bin/ptinvoke ptolemy.vergil.basic.export.ExportModel -force htm  -openComposites -timeOut 30000 -whiteBackground ptolemy/actor/lib/jjs/modules/httpClient/demo/REST/REST.xml $PTII/ptolemy/actor/lib/jjs/modules/httpClient/demo/REST/REST
    [junit] Warning: not running ptolemy/actor/lib/jjs/modules/httpClient/demo/REST/REST.xml. See ptolemy/vergil/basic/export/test/junit/ExportModelJUnitTest.java
    [junit] ----------------- Fri May 11 01:01:43 UTC 2018 About to sleep for 5.0 seconds before running or rerunning.  Test is: /home/travis/build/icyphy/ptII/ptolemy/actor/lib/jjs/modules/httpClient/demo/REST/REST.xml
    [junit] Done sleeping
    [junit] Exported /home/travis/build/icyphy/ptII/ptolemy/actor/lib/jjs/modules/httpClient/demo/REST/REST/index.html
    [junit] 3144 ms. Memory: 2167808K Free: 1452269K (67%)
    [junit] ####### 16 Fri May 11 01:01:51 UTC 2018 $PTII/bin/ptinvoke ptolemy.vergil.basic.export.ExportModel -force htm -run -openComposites -timeOut 30000 -whiteBackground ptolemy/actor/lib/jjs/modules/httpClient/demo/REST/RESTSimple.xml $PTII/ptolemy/actor/lib/jjs/modules/httpClient/demo/REST/RESTSimple
    [junit] ----------------- Fri May 11 01:01:51 UTC 2018 About to sleep for 5.0 seconds before running or rerunning.  Test is: /home/travis/build/icyphy/ptII/ptolemy/actor/lib/jjs/modules/httpClient/demo/REST/RESTSimple.xml
    [junit] Done sleeping
    [junit] Running .RESTSimple
    [junit] REST2: Making an HTTP request. (Thread[AWT-EventQueue-0,6,main])
    [junit] REST2: Making an HTTP request. (Thread[AWT-EventQueue-0,6,main])
    [junit] REST2: Making an HTTP request. (Thread[AWT-EventQueue-0,6,main])
    [junit] REST2: Making an HTTP request. (Thread[AWT-EventQueue-0,6,main])
    [junit] REST2: Making an HTTP request. (Thread[AWT-EventQueue-0,6,main])
    [junit] REST2: Making an HTTP request. (Thread[AWT-EventQueue-0,6,main])
    [junit] REST2: Making an HTTP request. (Thread[AWT-EventQueue-0,6,main])
    [junit] REST2: Making an HTTP request. (Thread[AWT-EventQueue-0,6,main])
    [junit] REST2: Making an HTTP request. (Thread[AWT-EventQueue-0,6,main])
    [junit] REST2: Making an HTTP request. (Thread[AWT-EventQueue-0,6,main])
    [junit] REST2: Making an HTTP request. (Thread[AWT-EventQueue-0,6,main])
    [junit] REST2: Making an HTTP request. (Thread[AWT-EventQueue-0,6,main])
    [junit] REST2: Making an HTTP request. (Thread[AWT-EventQueue-0,6,main])
    [junit] REST2: Making an HTTP request. (Thread[AWT-EventQueue-0,6,main])
    [junit] REST2: Making an HTTP request. (Thread[AWT-EventQueue-0,6,main])
    [junit] REST2: Making an HTTP request. (Thread[AWT-EventQueue-0,6,main])
    [junit] REST2: Making an HTTP request. (Thread[AWT-EventQueue-0,6,main])
    [junit] REST2: Making an HTTP request. (Thread[AWT-EventQueue-0,6,main])
    [junit] REST2: Making an HTTP request. (Thread[AWT-EventQueue-0,6,main])
    [junit] REST2: Making an HTTP request. (Thread[AWT-EventQueue-0,6,main])
    [junit] REST2: Making an HTTP request. (Thread[AWT-EventQueue-0,6,main])
    [junit] REST2: Making an HTTP request. (Thread[AWT-EventQueue-0,6,main])
    [junit] REST2: Making an HTTP request. (Thread[AWT-EventQueue-0,6,main])
    [junit] REST2: Making an HTTP request. (Thread[AWT-EventQueue-0,6,main])
    [junit] REST2: Making an HTTP request. (Thread[AWT-EventQueue-0,6,main])
    [junit] REST2: Making an HTTP request. (Thread[AWT-EventQueue-0,6,main])
    [junit] REST2: Making an HTTP request. (Thread[AWT-EventQueue-0,6,main])
    [junit] REST2: Making an HTTP request. (Thread[AWT-EventQueue-0,6,main])
    [junit] REST2: Making an HTTP request. (Thread[AWT-EventQueue-0,6,main])
    [junit] REST2: Making an HTTP request. (Thread[AWT-EventQueue-0,6,main])
    [junit] REST2: Making an HTTP request. (Thread[AWT-EventQueue-0,6,main])
    [junit] REST2: Making an HTTP request. (Thread[AWT-EventQueue-0,6,main])
    [junit] REST2: Making an HTTP request. (Thread[AWT-EventQueue-0,6,main])
    [junit] REST2: Making an HTTP request. (Thread[AWT-EventQueue-0,6,main])
    [junit] REST2: Making an HTTP request. (Thread[AWT-EventQueue-0,6,main])
    [junit] REST2: Making an HTTP request. (Thread[AWT-EventQueue-0,6,main])
    [junit] REST2: Making an HTTP request. (Thread[AWT-EventQueue-0,6,main])
    [junit] REST2: Making an HTTP request. (Thread[AWT-EventQueue-0,6,main])
    [junit] REST2: Making an HTTP request. (Thread[AWT-EventQueue-0,6,main])
    [junit] REST2: Making an HTTP request. (Thread[AWT-EventQueue-0,6,main])
    [junit] REST2: Making an HTTP request. (Thread[AWT-EventQueue-0,6,main])
    [junit] REST2: Making an HTTP request. (Thread[AWT-EventQueue-0,6,main])
    [junit] REST2: Making an HTTP request. (Thread[AWT-EventQueue-0,6,main])
    [junit] REST2: Making an HTTP request. (Thread[AWT-EventQueue-0,6,main])
    [junit] REST2: Making an HTTP request. (Thread[AWT-EventQueue-0,6,main])
    [junit] REST2: Making an HTTP request. (Thread[AWT-EventQueue-0,6,main])
    [junit] REST2: Making an HTTP request. (Thread[AWT-EventQueue-0,6,main])
    [junit] REST2: Making an HTTP request. (Thread[AWT-EventQueue-0,6,main])
    [junit] REST2: Making an HTTP request. (Thread[AWT-EventQueue-0,6,main])
    [junit] REST2: Making an HTTP request. (Thread[AWT-EventQueue-0,6,main])
    [junit] REST2: Making an HTTP request. (Thread[AWT-EventQueue-0,6,main])
    [junit] REST2: Making an HTTP request. (Thread[AWT-EventQueue-0,6,main])
    [junit] REST2: Making an HTTP request. (Thread[AWT-EventQueue-0,6,main])
    [junit] REST2: Making an HTTP request. (Thread[AWT-EventQueue-0,6,main])
    [junit] REST2: Making an HTTP request. (Thread[AWT-EventQueue-0,6,main])
    [junit] REST2: Making an HTTP request. (Thread[AWT-EventQueue-0,6,main])
    [junit] REST2: Making an HTTP request. (Thread[AWT-EventQueue-0,6,main])
    [junit] REST2: Making an HTTP request. (Thread[AWT-EventQueue-0,6,main])
    [junit] REST2: Making an HTTP request. (Thread[AWT-EventQueue-0,6,main])
    [junit] REST2: Making an HTTP request. (Thread[AWT-EventQueue-0,6,main])
    [junit] REST2: Making an HTTP request. (Thread[AWT-EventQueue-0,6,main])
    [junit] REST2: Making an HTTP request. (Thread[AWT-EventQueue-0,6,main])
    [junit] REST2: Making an HTTP request. (Thread[AWT-EventQueue-0,6,main])
    [junit] REST2: Making an HTTP request. (Thread[AWT-EventQueue-0,6,main])
    [junit] REST2: Making an HTTP request. (Thread[AWT-EventQueue-0,6,main])
    [junit] REST2: Making an HTTP request. (Thread[AWT-EventQueue-0,6,main])
    [junit] REST2: Making an HTTP request. (Thread[AWT-EventQueue-0,6,main])
    [junit] REST2: Making an HTTP request. (Thread[AWT-EventQueue-0,6,main])
    [junit] REST2: Making an HTTP request. (Thread[AWT-EventQueue-0,6,main])
    [junit] REST2: Making an HTTP request. (Thread[AWT-EventQueue-0,6,main])
    [junit] REST2: Making an HTTP request. (Thread[AWT-EventQueue-0,6,main])
    [junit] REST2: Making an HTTP request. (Thread[AWT-EventQueue-0,6,main])
    [junit] REST2: Making an HTTP request. (Thread[AWT-EventQueue-0,6,main])
    [junit] REST2: Making an HTTP request. (Thread[AWT-EventQueue-0,6,main])
    [junit] REST2: Making an HTTP request. (Thread[AWT-EventQueue-0,6,main])
    [junit] REST2: Making an HTTP request. (Thread[AWT-EventQueue-0,6,main])
    [junit] REST2: Making an HTTP request. (Thread[AWT-EventQueue-0,6,main])
    [junit] REST2: Making an HTTP request. (Thread[AWT-EventQueue-0,6,main])
    [junit] REST2: Making an HTTP request. (Thread[AWT-EventQueue-0,6,main])
    [junit] REST2: Making an HTTP request. (Thread[AWT-EventQueue-0,6,main])
    [junit] REST2: Making an HTTP request. (Thread[AWT-EventQueue-0,6,main])
    [junit] REST2: Making an HTTP request. (Thread[AWT-EventQueue-0,6,main])
    [junit] REST2: Making an HTTP request. (Thread[AWT-EventQueue-0,6,main])
    [junit] REST2: Making an HTTP request. (Thread[AWT-EventQueue-0,6,main])
    [junit] REST2: Making an HTTP request. (Thread[AWT-EventQueue-0,6,main])
    [junit] REST2: Making an HTTP request. (Thread[AWT-EventQueue-0,6,main])
    [junit] REST2: Making an HTTP request. (Thread[AWT-EventQueue-0,6,main])
    [junit] REST2: Making an HTTP request. (Thread[AWT-EventQueue-0,6,main])
    [junit] REST2: Making an HTTP request. (Thread[AWT-EventQueue-0,6,main])
    [junit] REST2: Making an HTTP request. (Thread[AWT-EventQueue-0,6,main])
    [junit] REST2: Making an HTTP request. (Thread[AWT-EventQueue-0,6,main])
    [junit] REST2: Making an HTTP request. (Thread[AWT-EventQueue-0,6,main])
    [junit] REST2: Making an HTTP request. (Thread[AWT-EventQueue-0,6,main])
    [junit] REST2: Making an HTTP request. (Thread[AWT-EventQueue-0,6,main])
    [junit] REST2: Making an HTTP request. (Thread[AWT-EventQueue-0,6,main])
    [junit] REST2: Making an HTTP request. (Thread[AWT-EventQueue-0,6,main])
    [junit] REST2: Making an HTTP request. (Thread[AWT-EventQueue-0,6,main])
    [junit] REST2: Making an HTTP request. (Thread[AWT-EventQueue-0,6,main])
    [junit] REST2: Making an HTTP request. (Thread[AWT-EventQueue-0,6,main])
    [junit] REST2: Making an HTTP request. (Thread[AWT-EventQueue-0,6,main])
    [junit] REST2: Making an HTTP request. (Thread[AWT-EventQueue-0,6,main])
    [junit] REST2: Making an HTTP request. (Thread[AWT-EventQueue-0,6,main])
    [junit] REST2: Making an HTTP request. (Thread[AWT-EventQueue-0,6,main])
    [junit] REST2: Making an HTTP request. (Thread[AWT-EventQueue-0,6,main])
    [junit] REST2: Making an HTTP request. (Thread[AWT-EventQueue-0,6,main])
    [junit] REST2: Making an HTTP request. (Thread[AWT-EventQueue-0,6,main])
    [junit] REST2: Making an HTTP request. (Thread[AWT-EventQueue-0,6,main])
    [junit] REST2: Making an HTTP request. (Thread[AWT-EventQueue-0,6,main])
    [junit] REST2: Making an HTTP request. (Thread[AWT-EventQueue-0,6,main])
    [junit] REST2: Making an HTTP request. (Thread[AWT-EventQueue-0,6,main])
    [junit] REST2: Making an HTTP request. (Thread[AWT-EventQueue-0,6,main])
    [junit] REST2: Making an HTTP request. (Thread[AWT-EventQueue-0,6,main])
    [junit] REST2: Making an HTTP request. (Thread[AWT-EventQueue-0,6,main])
    [junit] REST2: Making an HTTP request. (Thread[AWT-EventQueue-0,6,main])
    [junit] REST2: Making an HTTP request. (Thread[AWT-EventQueue-0,6,main])
    [junit] REST2: Making an HTTP request. (Thread[AWT-EventQueue-0,6,main])
    [junit] REST2: Making an HTTP request. (Thread[AWT-EventQueue-0,6,main])
    [junit] REST2: Making an HTTP request. (Thread[AWT-EventQueue-0,6,main])
    [junit] REST2: Making an HTTP request. (Thread[AWT-EventQueue-0,6,main])
    [junit] REST2: Making an HTTP request. (Thread[AWT-EventQueue-0,6,main])
    [junit] REST2: Making an HTTP request. (Thread[AWT-EventQueue-0,6,main])
    [junit] REST2: Making an HTTP request. (Thread[AWT-EventQueue-0,6,main])
    [junit] REST2: Making an HTTP request. (Thread[AWT-EventQueue-0,6,main])
    [junit] REST2: Making an HTTP request. (Thread[AWT-EventQueue-0,6,main])
    [junit] REST2: Making an HTTP request. (Thread[AWT-EventQueue-0,6,main])
    [junit] REST2: Making an HTTP request. (Thread[AWT-EventQueue-0,6,main])
    [junit] REST2: Making an HTTP request. (Thread[AWT-EventQueue-0,6,main])
    [junit] REST2: Making an HTTP request. (Thread[AWT-EventQueue-0,6,main])
    [junit] REST2: Making an HTTP request. (Thread[AWT-EventQueue-0,6,main])
    [junit] REST2: Making an HTTP request. (Thread[AWT-EventQueue-0,6,main])
    [junit] REST2: Making an HTTP request. (Thread[AWT-EventQueue-0,6,main])
    [junit] REST2: Making an HTTP request. (Thread[AWT-EventQueue-0,6,main])
    [junit] REST2: Making an HTTP request. (Thread[AWT-EventQueue-0,6,main])
    [junit] REST2: Making an HTTP request. (Thread[AWT-EventQueue-0,6,main])
    [junit] REST2: Making an HTTP request. (Thread[AWT-EventQueue-0,6,main])
    [junit] REST2: Making an HTTP request. (Thread[AWT-EventQueue-0,6,main])
    [junit] REST2: Making an HTTP request. (Thread[AWT-EventQueue-0,6,main])
    [junit] REST2: Making an HTTP request. (Thread[AWT-EventQueue-0,6,main])
    [junit] REST2: Making an HTTP request. (Thread[AWT-EventQueue-0,6,main])
    [junit] REST2: Making an HTTP request. (Thread[AWT-EventQueue-0,6,main])
    [junit] REST2: Making an HTTP request. (Thread[AWT-EventQueue-0,6,main])
    [junit] REST2: Making an HTTP request. (Thread[AWT-EventQueue-0,6,main])
    [junit] REST2: Making an HTTP request. (Thread[AWT-EventQueue-0,6,main])
    [junit] REST2: Making an HTTP request. (Thread[AWT-EventQueue-0,6,main])
    [junit] REST2: Making an HTTP request. (Thread[AWT-EventQueue-0,6,main])
    [junit] REST2: Making an HTTP request. (Thread[AWT-EventQueue-0,6,main])
    [junit] REST2: Making an HTTP request. (Thread[AWT-EventQueue-0,6,main])
    [junit] REST2: Making an HTTP request. (Thread[AWT-EventQueue-0,6,main])
    [junit] REST2: Making an HTTP request. (Thread[AWT-EventQueue-0,6,main])
    [junit] REST2: Making an HTTP request. (Thread[AWT-EventQueue-0,6,main])
    [junit] REST2: Making an HTTP request. (Thread[AWT-EventQueue-0,6,main])
    [junit] REST2: Making an HTTP request. (Thread[AWT-EventQueue-0,6,main])
    [junit] REST2: Making an HTTP request. (Thread[AWT-EventQueue-0,6,main])
    [junit] REST2: Making an HTTP request. (Thread[AWT-EventQueue-0,6,main])
    [junit] REST2: Making an HTTP request. (Thread[AWT-EventQueue-0,6,main])
    [junit] REST2: Making an HTTP request. (Thread[AWT-EventQueue-0,6,main])
    [junit] REST2: Making an HTTP request. (Thread[AWT-EventQueue-0,6,main])
    [junit] REST2: Making an HTTP request. (Thread[AWT-EventQueue-0,6,main])
    [junit] REST2: Making an HTTP request. (Thread[AWT-EventQueue-0,6,main])
    [junit] REST2: Making an HTTP request. (Thread[AWT-EventQueue-0,6,main])
    [junit] REST2: Making an HTTP request. (Thread[AWT-EventQueue-0,6,main])
    [junit] REST2: Making an HTTP request. (Thread[AWT-EventQueue-0,6,main])
    [junit] REST2: Making an HTTP request. (Thread[AWT-EventQueue-0,6,main])
    [junit] REST2: Making an HTTP request. (Thread[AWT-EventQueue-0,6,main])
    [junit] REST2: Making an HTTP request. (Thread[AWT-EventQueue-0,6,main])
    [junit] REST2: Making an HTTP request. (Thread[AWT-EventQueue-0,6,main])
    [junit] REST2: Making an HTTP request. (Thread[AWT-EventQueue-0,6,main])
    [junit] REST2: Making an HTTP request. (Thread[AWT-EventQueue-0,6,main])
    [junit] REST2: Making an HTTP request. (Thread[AWT-EventQueue-0,6,main])
    [junit] REST2: Making an HTTP request. (Thread[AWT-EventQueue-0,6,main])
    [junit] REST2: Making an HTTP request. (Thread[AWT-EventQueue-0,6,main])
    [junit] REST2: Making an HTTP request. (Thread[AWT-EventQueue-0,6,main])
    [junit] REST2: Making an HTTP request. (Thread[AWT-EventQueue-0,6,main])
    [junit] REST2: Making an HTTP request. (Thread[AWT-EventQueue-0,6,main])
    [junit] REST2: Making an HTTP request. (Thread[AWT-EventQueue-0,6,main])
    [junit] REST2: Making an HTTP request. (Thread[AWT-EventQueue-0,6,main])
    [junit] REST2: Making an HTTP request. (Thread[AWT-EventQueue-0,6,main])
    [junit] REST2: Making an HTTP request. (Thread[AWT-EventQueue-0,6,main])
    [junit] REST2: Making an HTTP request. (Thread[AWT-EventQueue-0,6,main])
    [junit] REST2: Making an HTTP request. (Thread[AWT-EventQueue-0,6,main])
    [junit] REST2: Making an HTTP request. (Thread[AWT-EventQueue-0,6,main])
    [junit] REST2: Making an HTTP request. (Thread[AWT-EventQueue-0,6,main])
    [junit] REST2: Making an HTTP request. (Thread[AWT-EventQueue-0,6,main])
    [junit] REST2: Making an HTTP request. (Thread[AWT-EventQueue-0,6,main])
    [junit] REST2: Making an HTTP request. (Thread[AWT-EventQueue-0,6,main])
    [junit] REST2: Making an HTTP request. (Thread[AWT-EventQueue-0,6,main])
    [junit] REST2: Making an HTTP request. (Thread[AWT-EventQueue-0,6,main])
    [junit] REST2: Making an HTTP request. (Thread[AWT-EventQueue-0,6,main])
    [junit] REST2: Making an HTTP request. (Thread[AWT-EventQueue-0,6,main])
    [junit] REST2: Making an HTTP request. (Thread[AWT-EventQueue-0,6,main])
    [junit] REST2: Making an HTTP request. (Thread[AWT-EventQueue-0,6,main])
    [junit] REST2: Making an HTTP request. (Thread[AWT-EventQueue-0,6,main])
    [junit] REST2: Making an HTTP request. (Thread[AWT-EventQueue-0,6,main])
    [junit] REST2: Making an HTTP request. (Thread[AWT-EventQueue-0,6,main])
    [junit] REST2: Making an HTTP request. (Thread[AWT-EventQueue-0,6,main])
    [junit] REST2: Making an HTTP request. (Thread[AWT-EventQueue-0,6,main])
    [junit] REST2: Making an HTTP request. (Thread[AWT-EventQueue-0,6,main])
    [junit] REST2: Making an HTTP request. (Thread[AWT-EventQueue-0,6,main])
    [junit] REST2: Making an HTTP request. (Thread[AWT-EventQueue-0,6,main])
    [junit] REST2: Making an HTTP request. (Thread[AWT-EventQueue-0,6,main])
    [junit] REST2: Making an HTTP request. (Thread[AWT-EventQueue-0,6,main])
    [junit] REST2: Making an HTTP request. (Thread[AWT-EventQueue-0,6,main])
    [junit] REST2: Making an HTTP request. (Thread[AWT-EventQueue-0,6,main])
    [junit] REST2: Making an HTTP request. (Thread[AWT-EventQueue-0,6,main])
    [junit] REST2: Making an HTTP request. (Thread[AWT-EventQueue-0,6,main])
    [junit] REST2: Making an HTTP request. (Thread[AWT-EventQueue-0,6,main])
    [junit] REST2: Making an HTTP request. (Thread[AWT-EventQueue-0,6,main])
    [junit] ExportHTMLTimer went off after 30000 ms., calling getDirector().finish and getDirector().stopFire()
    [junit] 30008 ms. Memory: 2167808K Free: 703527K (32%)
    [junit] Exported /home/travis/build/icyphy/ptII/ptolemy/actor/lib/jjs/modules/httpClient/demo/REST/RESTSimple/index.html
    [junit] 34620 ms. Memory: 2167808K Free: 675394K (31%)
    [junit] ####### 17 Fri May 11 01:02:31 UTC 2018 $PTII/bin/ptinvoke ptolemy.vergil.basic.export.ExportModel -force htm  -openComposites -timeOut 30000 -whiteBackground ptolemy/actor/lib/jjs/modules/httpClient/demo/REST/Weather.xml $PTII/ptolemy/actor/lib/jjs/modules/httpClient/demo/REST/Weather
    [junit] Warning: not running ptolemy/actor/lib/jjs/modules/httpClient/demo/REST/Weather.xml. See ptolemy/vergil/basic/export/test/junit/ExportModelJUnitTest.java
    [junit] ----------------- Fri May 11 01:02:31 UTC 2018 About to sleep for 5.0 seconds before running or rerunning.  Test is: /home/travis/build/icyphy/ptII/ptolemy/actor/lib/jjs/modules/httpClient/demo/REST/Weather.xml
    [junit] Done sleeping
    [junit] Exported /home/travis/build/icyphy/ptII/ptolemy/actor/lib/jjs/modules/httpClient/demo/REST/Weather/index.html
    [junit] 4184 ms. Memory: 2227712K Free: 1642198K (74%)
    [junit] ####### 18 Fri May 11 01:02:40 UTC 2018 $PTII/bin/ptinvoke ptolemy.vergil.basic.export.ExportModel -force htm -run -openComposites -timeOut 30000 -whiteBackground ptolemy/actor/lib/jjs/modules/httpServer/demo/HttpServer/HttpServer.xml $PTII/ptolemy/actor/lib/jjs/modules/httpServer/demo/HttpServer/HttpServer
    [junit] ----------------- Fri May 11 01:02:40 UTC 2018 About to sleep for 5.0 seconds before running or rerunning.  Test is: /home/travis/build/icyphy/ptII/ptolemy/actor/lib/jjs/modules/httpServer/demo/HttpServer/HttpServer.xml
    [junit] Done sleeping
    [junit] Running .HttpServer
    [junit] JavaScript: Server is listening. (Thread[vert.x-eventloop-thread-0,6,main])
    [junit] ExportHTMLTimer went off after 30000 ms., calling getDirector().finish and getDirector().stopFire()
    [junit] 30008 ms. Memory: 2227712K Free: 1227053K (55%)
    [junit] Exported /home/travis/build/icyphy/ptII/ptolemy/actor/lib/jjs/modules/httpServer/demo/HttpServer/HttpServer/index.html
    [junit] 34730 ms. Memory: 2227712K Free: 1196592K (54%)
    [junit] ####### 19 Fri May 11 01:03:19 UTC 2018 $PTII/bin/ptinvoke ptolemy.vergil.basic.export.ExportModel -force htm -run -openComposites -timeOut 30000 -whiteBackground ptolemy/actor/lib/jjs/modules/httpServer/demo/KeyValueStoreClient/KeyValueStoreClient.xml $PTII/ptolemy/actor/lib/jjs/modules/httpServer/demo/KeyValueStoreClient/KeyValueStoreClient
    [junit] ----------------- Fri May 11 01:03:19 UTC 2018 About to sleep for 5.0 seconds before running or rerunning.  Test is: /home/travis/build/icyphy/ptII/ptolemy/actor/lib/jjs/modules/httpServer/demo/KeyValueStoreClient/KeyValueStoreClient.xml
    [junit] Done sleeping
    [junit] Running .KeyValueStoreClient
    [junit] KeyValueStore: Making an HTTP request. (Thread[AWT-EventQueue-0,6,main])
    [junit] HttpClientHelper.java: Received an error for request 0: io.netty.channel.AbstractChannel$AnnotatedConnectException: Connection refused: localhost/127.0.0.1:8077
    [junit] io.netty.channel.AbstractChannel$AnnotatedConnectException: Connection refused: localhost/127.0.0.1:8077
    [junit] 	at sun.nio.ch.SocketChannelImpl.checkConnect(Native Method)
    [junit] 	at sun.nio.ch.SocketChannelImpl.finishConnect(SocketChannelImpl.java:717)
    [junit] 	at io.netty.channel.socket.nio.NioSocketChannel.doFinishConnect(NioSocketChannel.java:325)
    [junit] 	at io.netty.channel.nio.AbstractNioChannel$AbstractNioUnsafe.finishConnect(AbstractNioChannel.java:340)
    [junit] 	at io.netty.channel.nio.NioEventLoop.processSelectedKey(NioEventLoop.java:633)
    [junit] 	at io.netty.channel.nio.NioEventLoop.processSelectedKeysOptimized(NioEventLoop.java:580)
    [junit] 	at io.netty.channel.nio.NioEventLoop.processSelectedKeys(NioEventLoop.java:497)
    [junit] 	at io.netty.channel.nio.NioEventLoop.run(NioEventLoop.java:459)
    [junit] 	at io.netty.util.concurrent.SingleThreadEventExecutor$5.run(SingleThreadEventExecutor.java:886)
    [junit] 	at io.netty.util.concurrent.FastThreadLocalRunnable.run(FastThreadLocalRunnable.java:30)
    [junit] 	at java.lang.Thread.run(Thread.java:748)
    [junit] Caused by: java.net.ConnectException: Connection refused
    [junit] 	... 11 more
    [junit] HttpClientHelper.java: Received an error for request 1: io.netty.channel.AbstractChannel$AnnotatedConnectException: Connection refused: localhost/127.0.0.1:8077
    [junit] io.netty.channel.AbstractChannel$AnnotatedConnectException: Connection refused: localhost/127.0.0.1:8077
    [junit] 	at sun.nio.ch.SocketChannelImpl.checkConnect(Native Method)
    [junit] 	at sun.nio.ch.SocketChannelImpl.finishConnect(SocketChannelImpl.java:717)
    [junit] 	at io.netty.channel.socket.nio.NioSocketChannel.doFinishConnect(NioSocketChannel.java:325)
    [junit] 	at io.netty.channel.nio.AbstractNioChannel$AbstractNioUnsafe.finishConnect(AbstractNioChannel.java:340)
    [junit] 	at io.netty.channel.nio.NioEventLoop.processSelectedKey(NioEventLoop.java:633)
    [junit] 	at io.netty.channel.nio.NioEventLoop.processSelectedKeysOptimized(NioEventLoop.java:580)
    [junit] 	at io.netty.channel.nio.NioEventLoop.processSelectedKeys(NioEventLoop.java:497)
    [junit] 	at io.netty.channel.nio.NioEventLoop.run(NioEventLoop.java:459)
    [junit] 	at io.netty.util.concurrent.SingleThreadEventExecutor$5.run(SingleThreadEventExecutor.java:886)
    [junit] 	at io.netty.util.concurrent.FastThreadLocalRunnable.run(FastThreadLocalRunnable.java:30)
    [junit] 	at java.lang.Thread.run(Thread.java:748)
    [junit] Caused by: java.net.ConnectException: Connection refused
    [junit] 	... 11 more
    [junit] KeyValueStore: Making an HTTP request. (Thread[AWT-EventQueue-0,6,main])
    [junit] HttpClientHelper.java: Received an error for request 2: io.netty.channel.AbstractChannel$AnnotatedConnectException: Connection refused: localhost/127.0.0.1:8077
    [junit] io.netty.channel.AbstractChannel$AnnotatedConnectException: Connection refused: localhost/127.0.0.1:8077
    [junit] 	at sun.nio.ch.SocketChannelImpl.checkConnect(Native Method)
    [junit] 	at sun.nio.ch.SocketChannelImpl.finishConnect(SocketChannelImpl.java:717)
    [junit] 	at io.netty.channel.socket.nio.NioSocketChannel.doFinishConnect(NioSocketChannel.java:325)
    [junit] 	at io.netty.channel.nio.AbstractNioChannel$AbstractNioUnsafe.finishConnect(AbstractNioChannel.java:340)
    [junit] 	at io.netty.channel.nio.NioEventLoop.processSelectedKey(NioEventLoop.java:633)
    [junit] 	at io.netty.channel.nio.NioEventLoop.processSelectedKeysOptimized(NioEventLoop.java:580)
    [junit] 	at io.netty.channel.nio.NioEventLoop.processSelectedKeys(NioEventLoop.java:497)
    [junit] 	at io.netty.channel.nio.NioEventLoop.run(NioEventLoop.java:459)
    [junit] 	at io.netty.util.concurrent.SingleThreadEventExecutor$5.run(SingleThreadEventExecutor.java:886)
    [junit] 	at io.netty.util.concurrent.FastThreadLocalRunnable.run(FastThreadLocalRunnable.java:30)
    [junit] 	at java.lang.Thread.run(Thread.java:748)
    [junit] Caused by: java.net.ConnectException: Connection refused
    [junit] 	... 11 more
    [junit] KeyValueStore: Making an HTTP request. (Thread[AWT-EventQueue-0,6,main])
    [junit] HttpClientHelper.java: Received an error for request 3: io.netty.channel.AbstractChannel$AnnotatedConnectException: Connection refused: localhost/127.0.0.1:8077
    [junit] io.netty.channel.AbstractChannel$AnnotatedConnectException: Connection refused: localhost/127.0.0.1:8077
    [junit] 	at sun.nio.ch.SocketChannelImpl.checkConnect(Native Method)
    [junit] 	at sun.nio.ch.SocketChannelImpl.finishConnect(SocketChannelImpl.java:717)
    [junit] 	at io.netty.channel.socket.nio.NioSocketChannel.doFinishConnect(NioSocketChannel.java:325)
    [junit] 	at io.netty.channel.nio.AbstractNioChannel$AbstractNioUnsafe.finishConnect(AbstractNioChannel.java:340)
    [junit] 	at io.netty.channel.nio.NioEventLoop.processSelectedKey(NioEventLoop.java:633)
    [junit] 	at io.netty.channel.nio.NioEventLoop.processSelectedKeysOptimized(NioEventLoop.java:580)
    [junit] 	at io.netty.channel.nio.NioEventLoop.processSelectedKeys(NioEventLoop.java:497)
    [junit] 	at io.netty.channel.nio.NioEventLoop.run(NioEventLoop.java:459)
    [junit] 	at io.netty.util.concurrent.SingleThreadEventExecutor$5.run(SingleThreadEventExecutor.java:886)
    [junit] 	at io.netty.util.concurrent.FastThreadLocalRunnable.run(FastThreadLocalRunnable.java:30)
    [junit] 	at java.lang.Thread.run(Thread.java:748)
    [junit] Caused by: java.net.ConnectException: Connection refused
    [junit] 	... 11 more
    [junit] KeyValueStore: Making an HTTP request. (Thread[AWT-EventQueue-0,6,main])
    [junit] HttpClientHelper.java: Received an error for request 4: io.netty.channel.AbstractChannel$AnnotatedConnectException: Connection refused: localhost/127.0.0.1:8077
    [junit] io.netty.channel.AbstractChannel$AnnotatedConnectException: Connection refused: localhost/127.0.0.1:8077
    [junit] 	at sun.nio.ch.SocketChannelImpl.checkConnect(Native Method)
    [junit] 	at sun.nio.ch.SocketChannelImpl.finishConnect(SocketChannelImpl.java:717)
    [junit] 	at io.netty.channel.socket.nio.NioSocketChannel.doFinishConnect(NioSocketChannel.java:325)
    [junit] 	at io.netty.channel.nio.AbstractNioChannel$AbstractNioUnsafe.finishConnect(AbstractNioChannel.java:340)
    [junit] 	at io.netty.channel.nio.NioEventLoop.processSelectedKey(NioEventLoop.java:633)
    [junit] 	at io.netty.channel.nio.NioEventLoop.processSelectedKeysOptimized(NioEventLoop.java:580)
    [junit] 	at io.netty.channel.nio.NioEventLoop.processSelectedKeys(NioEventLoop.java:497)
    [junit] 	at io.netty.channel.nio.NioEventLoop.run(NioEventLoop.java:459)
    [junit] 	at io.netty.util.concurrent.SingleThreadEventExecutor$5.run(SingleThreadEventExecutor.java:886)
    [junit] 	at io.netty.util.concurrent.FastThreadLocalRunnable.run(FastThreadLocalRunnable.java:30)
    [junit] 	at java.lang.Thread.run(Thread.java:748)
    [junit] Caused by: java.net.ConnectException: Connection refused
    [junit] 	... 11 more
    [junit] KeyValueStore: Making an HTTP request. (Thread[AWT-EventQueue-0,6,main])
    [junit] HttpClientHelper.java: Received an error for request 5: io.netty.channel.AbstractChannel$AnnotatedConnectException: Connection refused: localhost/127.0.0.1:8077
    [junit] io.netty.channel.AbstractChannel$AnnotatedConnectException: Connection refused: localhost/127.0.0.1:8077
    [junit] 	at sun.nio.ch.SocketChannelImpl.checkConnect(Native Method)
    [junit] 	at sun.nio.ch.SocketChannelImpl.finishConnect(SocketChannelImpl.java:717)
    [junit] 	at io.netty.channel.socket.nio.NioSocketChannel.doFinishConnect(NioSocketChannel.java:325)
    [junit] 	at io.netty.channel.nio.AbstractNioChannel$AbstractNioUnsafe.finishConnect(AbstractNioChannel.java:340)
    [junit] 	at io.netty.channel.nio.NioEventLoop.processSelectedKey(NioEventLoop.java:633)
    [junit] 	at io.netty.channel.nio.NioEventLoop.processSelectedKeysOptimized(NioEventLoop.java:580)
    [junit] 	at io.netty.channel.nio.NioEventLoop.processSelectedKeys(NioEventLoop.java:497)
    [junit] 	at io.netty.channel.nio.NioEventLoop.run(NioEventLoop.java:459)
    [junit] 	at io.netty.util.concurrent.SingleThreadEventExecutor$5.run(SingleThreadEventExecutor.java:886)
    [junit] 	at io.netty.util.concurrent.FastThreadLocalRunnable.run(FastThreadLocalRunnable.java:30)
    [junit] 	at java.lang.Thread.run(Thread.java:748)
    [junit] Caused by: java.net.ConnectException: Connection refused
    [junit] 	... 11 more
    [junit] KeyValueStore: Making an HTTP request. (Thread[AWT-EventQueue-0,6,main])
    [junit] HttpClientHelper.java: Received an error for request 6: io.netty.channel.AbstractChannel$AnnotatedConnectException: Connection refused: localhost/127.0.0.1:8077
    [junit] io.netty.channel.AbstractChannel$AnnotatedConnectException: Connection refused: localhost/127.0.0.1:8077
    [junit] 	at sun.nio.ch.SocketChannelImpl.checkConnect(Native Method)
    [junit] 	at sun.nio.ch.SocketChannelImpl.finishConnect(SocketChannelImpl.java:717)
    [junit] 	at io.netty.channel.socket.nio.NioSocketChannel.doFinishConnect(NioSocketChannel.java:325)
    [junit] 	at io.netty.channel.nio.AbstractNioChannel$AbstractNioUnsafe.finishConnect(AbstractNioChannel.java:340)
    [junit] 	at io.netty.channel.nio.NioEventLoop.processSelectedKey(NioEventLoop.java:633)
    [junit] 	at io.netty.channel.nio.NioEventLoop.processSelectedKeysOptimized(NioEventLoop.java:580)
    [junit] 	at io.netty.channel.nio.NioEventLoop.processSelectedKeys(NioEventLoop.java:497)
    [junit] 	at io.netty.channel.nio.NioEventLoop.run(NioEventLoop.java:459)
    [junit] 	at io.netty.util.concurrent.SingleThreadEventExecutor$5.run(SingleThreadEventExecutor.java:886)
    [junit] 	at io.netty.util.concurrent.FastThreadLocalRunnable.run(FastThreadLocalRunnable.java:30)
    [junit] 	at java.lang.Thread.run(Thread.java:748)
    [junit] Caused by: java.net.ConnectException: Connection refused
    [junit] 	... 11 more
    [junit] KeyValueStore: Making an HTTP request. (Thread[AWT-EventQueue-0,6,main])
    [junit] HttpClientHelper.java: Received an error for request 7: io.netty.channel.AbstractChannel$AnnotatedConnectException: Connection refused: localhost/127.0.0.1:8077
    [junit] io.netty.channel.AbstractChannel$AnnotatedConnectException: Connection refused: localhost/127.0.0.1:8077
    [junit] 	at sun.nio.ch.SocketChannelImpl.checkConnect(Native Method)
    [junit] 	at sun.nio.ch.SocketChannelImpl.finishConnect(SocketChannelImpl.java:717)
    [junit] 	at io.netty.channel.socket.nio.NioSocketChannel.doFinishConnect(NioSocketChannel.java:325)
    [junit] 	at io.netty.channel.nio.AbstractNioChannel$AbstractNioUnsafe.finishConnect(AbstractNioChannel.java:340)
    [junit] 	at io.netty.channel.nio.NioEventLoop.processSelectedKey(NioEventLoop.java:633)
    [junit] 	at io.netty.channel.nio.NioEventLoop.processSelectedKeysOptimized(NioEventLoop.java:580)
    [junit] 	at io.netty.channel.nio.NioEventLoop.processSelectedKeys(NioEventLoop.java:497)
    [junit] 	at io.netty.channel.nio.NioEventLoop.run(NioEventLoop.java:459)
    [junit] 	at io.netty.util.concurrent.SingleThreadEventExecutor$5.run(SingleThreadEventExecutor.java:886)
    [junit] 	at io.netty.util.concurrent.FastThreadLocalRunnable.run(FastThreadLocalRunnable.java:30)
    [junit] 	at java.lang.Thread.run(Thread.java:748)
    [junit] Caused by: java.net.ConnectException: Connection refused
    [junit] 	... 11 more
    [junit] KeyValueStore: Making an HTTP request. (Thread[AWT-EventQueue-0,6,main])
    [junit] HttpClientHelper.java: Received an error for request 8: io.netty.channel.AbstractChannel$AnnotatedConnectException: Connection refused: localhost/127.0.0.1:8077
    [junit] io.netty.channel.AbstractChannel$AnnotatedConnectException: Connection refused: localhost/127.0.0.1:8077
    [junit] 	at sun.nio.ch.SocketChannelImpl.checkConnect(Native Method)
    [junit] 	at sun.nio.ch.SocketChannelImpl.finishConnect(SocketChannelImpl.java:717)
    [junit] 	at io.netty.channel.socket.nio.NioSocketChannel.doFinishConnect(NioSocketChannel.java:325)
    [junit] 	at io.netty.channel.nio.AbstractNioChannel$AbstractNioUnsafe.finishConnect(AbstractNioChannel.java:340)
    [junit] 	at io.netty.channel.nio.NioEventLoop.processSelectedKey(NioEventLoop.java:633)
    [junit] 	at io.netty.channel.nio.NioEventLoop.processSelectedKeysOptimized(NioEventLoop.java:580)
    [junit] 	at io.netty.channel.nio.NioEventLoop.processSelectedKeys(NioEventLoop.java:497)
    [junit] 	at io.netty.channel.nio.NioEventLoop.run(NioEventLoop.java:459)
    [junit] 	at io.netty.util.concurrent.SingleThreadEventExecutor$5.run(SingleThreadEventExecutor.java:886)
    [junit] 	at io.netty.util.concurrent.FastThreadLocalRunnable.run(FastThreadLocalRunnable.java:30)
    [junit] 	at java.lang.Thread.run(Thread.java:748)
    [junit] Caused by: java.net.ConnectException: Connection refused
    [junit] 	... 11 more
    [junit] KeyValueStore: Making an HTTP request. (Thread[AWT-EventQueue-0,6,main])
    [junit] HttpClientHelper.java: Received an error for request 9: io.netty.channel.AbstractChannel$AnnotatedConnectException: Connection refused: localhost/127.0.0.1:8077
    [junit] io.netty.channel.AbstractChannel$AnnotatedConnectException: Connection refused: localhost/127.0.0.1:8077
    [junit] 	at sun.nio.ch.SocketChannelImpl.checkConnect(Native Method)
    [junit] 	at sun.nio.ch.SocketChannelImpl.finishConnect(SocketChannelImpl.java:717)
    [junit] 	at io.netty.channel.socket.nio.NioSocketChannel.doFinishConnect(NioSocketChannel.java:325)
    [junit] 	at io.netty.channel.nio.AbstractNioChannel$AbstractNioUnsafe.finishConnect(AbstractNioChannel.java:340)
    [junit] 	at io.netty.channel.nio.NioEventLoop.processSelectedKey(NioEventLoop.java:633)
    [junit] 	at io.netty.channel.nio.NioEventLoop.processSelectedKeysOptimized(NioEventLoop.java:580)
    [junit] 	at io.netty.channel.nio.NioEventLoop.processSelectedKeys(NioEventLoop.java:497)
    [junit] 	at io.netty.channel.nio.NioEventLoop.run(NioEventLoop.java:459)
    [junit] 	at io.netty.util.concurrent.SingleThreadEventExecutor$5.run(SingleThreadEventExecutor.java:886)
    [junit] 	at io.netty.util.concurrent.FastThreadLocalRunnable.run(FastThreadLocalRunnable.java:30)
    [junit] 	at java.lang.Thread.run(Thread.java:748)
    [junit] Caused by: java.net.ConnectException: Connection refused
    [junit] 	... 11 more
    [junit] KeyValueStore: Making an HTTP request. (Thread[AWT-EventQueue-0,6,main])
    [junit] HttpClientHelper.java: Received an error for request 10: io.netty.channel.AbstractChannel$AnnotatedConnectException: Connection refused: localhost/127.0.0.1:8077
    [junit] io.netty.channel.AbstractChannel$AnnotatedConnectException: Connection refused: localhost/127.0.0.1:8077
    [junit] 	at sun.nio.ch.SocketChannelImpl.checkConnect(Native Method)
    [junit] 	at sun.nio.ch.SocketChannelImpl.finishConnect(SocketChannelImpl.java:717)
    [junit] 	at io.netty.channel.socket.nio.NioSocketChannel.doFinishConnect(NioSocketChannel.java:325)
    [junit] 	at io.netty.channel.nio.AbstractNioChannel$AbstractNioUnsafe.finishConnect(AbstractNioChannel.java:340)
    [junit] 	at io.netty.channel.nio.NioEventLoop.processSelectedKey(NioEventLoop.java:633)
    [junit] 	at io.netty.channel.nio.NioEventLoop.processSelectedKeysOptimized(NioEventLoop.java:580)
    [junit] 	at io.netty.channel.nio.NioEventLoop.processSelectedKeys(NioEventLoop.java:497)
    [junit] 	at io.netty.channel.nio.NioEventLoop.run(NioEventLoop.java:459)
    [junit] 	at io.netty.util.concurrent.SingleThreadEventExecutor$5.run(SingleThreadEventExecutor.java:886)
    [junit] 	at io.netty.util.concurrent.FastThreadLocalRunnable.run(FastThreadLocalRunnable.java:30)
    [junit] 	at java.lang.Thread.run(Thread.java:748)
    [junit] Caused by: java.net.ConnectException: Connection refused
    [junit] 	... 11 more
    [junit] KeyValueStore: Making an HTTP request. (Thread[AWT-EventQueue-0,6,main])
    [junit] HttpClientHelper.java: Received an error for request 11: io.netty.channel.AbstractChannel$AnnotatedConnectException: Connection refused: localhost/127.0.0.1:8077
    [junit] io.netty.channel.AbstractChannel$AnnotatedConnectException: Connection refused: localhost/127.0.0.1:8077
    [junit] 	at sun.nio.ch.SocketChannelImpl.checkConnect(Native Method)
    [junit] 	at sun.nio.ch.SocketChannelImpl.finishConnect(SocketChannelImpl.java:717)
    [junit] 	at io.netty.channel.socket.nio.NioSocketChannel.doFinishConnect(NioSocketChannel.java:325)
    [junit] 	at io.netty.channel.nio.AbstractNioChannel$AbstractNioUnsafe.finishConnect(AbstractNioChannel.java:340)
    [junit] 	at io.netty.channel.nio.NioEventLoop.processSelectedKey(NioEventLoop.java:633)
    [junit] 	at io.netty.channel.nio.NioEventLoop.processSelectedKeysOptimized(NioEventLoop.java:580)
    [junit] 	at io.netty.channel.nio.NioEventLoop.processSelectedKeys(NioEventLoop.java:497)
    [junit] 	at io.netty.channel.nio.NioEventLoop.run(NioEventLoop.java:459)
    [junit] 	at io.netty.util.concurrent.SingleThreadEventExecutor$5.run(SingleThreadEventExecutor.java:886)
    [junit] 	at io.netty.util.concurrent.FastThreadLocalRunnable.run(FastThreadLocalRunnable.java:30)
    [junit] 	at java.lang.Thread.run(Thread.java:748)
    [junit] Caused by: java.net.ConnectException: Connection refused
    [junit] 	... 11 more
    [junit] KeyValueStore: Making an HTTP request. (Thread[AWT-EventQueue-0,6,main])
    [junit] HttpClientHelper.java: Received an error for request 12: io.netty.channel.AbstractChannel$AnnotatedConnectException: Connection refused: localhost/127.0.0.1:8077
    [junit] io.netty.channel.AbstractChannel$AnnotatedConnectException: Connection refused: localhost/127.0.0.1:8077
    [junit] 	at sun.nio.ch.SocketChannelImpl.checkConnect(Native Method)
    [junit] 	at sun.nio.ch.SocketChannelImpl.finishConnect(SocketChannelImpl.java:717)
    [junit] 	at io.netty.channel.socket.nio.NioSocketChannel.doFinishConnect(NioSocketChannel.java:325)
    [junit] 	at io.netty.channel.nio.AbstractNioChannel$AbstractNioUnsafe.finishConnect(AbstractNioChannel.java:340)
    [junit] 	at io.netty.channel.nio.NioEventLoop.processSelectedKey(NioEventLoop.java:633)
    [junit] 	at io.netty.channel.nio.NioEventLoop.processSelectedKeysOptimized(NioEventLoop.java:580)
    [junit] 	at io.netty.channel.nio.NioEventLoop.processSelectedKeys(NioEventLoop.java:497)
    [junit] 	at io.netty.channel.nio.NioEventLoop.run(NioEventLoop.java:459)
    [junit] 	at io.netty.util.concurrent.SingleThreadEventExecutor$5.run(SingleThreadEventExecutor.java:886)
    [junit] 	at io.netty.util.concurrent.FastThreadLocalRunnable.run(FastThreadLocalRunnable.java:30)
    [junit] 	at java.lang.Thread.run(Thread.java:748)
    [junit] Caused by: java.net.ConnectException: Connection refused
    [junit] 	... 11 more
    [junit] KeyValueStore: Making an HTTP request. (Thread[AWT-EventQueue-0,6,main])
    [junit] KeyValueStore: Making an HTTP request. (Thread[AWT-EventQueue-0,6,main])
    [junit] HttpClientHelper.java: Received an error for request 13: io.netty.channel.AbstractChannel$AnnotatedConnectException: Connection refused: localhost/127.0.0.1:8077
    [junit] io.netty.channel.AbstractChannel$AnnotatedConnectException: Connection refused: localhost/127.0.0.1:8077
    [junit] 	at sun.nio.ch.SocketChannelImpl.checkConnect(Native Method)
    [junit] 	at sun.nio.ch.SocketChannelImpl.finishConnect(SocketChannelImpl.java:717)
    [junit] 	at io.netty.channel.socket.nio.NioSocketChannel.doFinishConnect(NioSocketChannel.java:325)
    [junit] 	at io.netty.channel.nio.AbstractNioChannel$AbstractNioUnsafe.finishConnect(AbstractNioChannel.java:340)
    [junit] 	at io.netty.channel.nio.NioEventLoop.processSelectedKey(NioEventLoop.java:633)
    [junit] 	at io.netty.channel.nio.NioEventLoop.processSelectedKeysOptimized(NioEventLoop.java:580)
    [junit] 	at io.netty.channel.nio.NioEventLoop.processSelectedKeys(NioEventLoop.java:497)
    [junit] 	at io.netty.channel.nio.NioEventLoop.run(NioEventLoop.java:459)
    [junit] 	at io.netty.util.concurrent.SingleThreadEventExecutor$5.run(SingleThreadEventExecutor.java:886)
    [junit] 	at io.netty.util.concurrent.FastThreadLocalRunnable.run(FastThreadLocalRunnable.java:30)
    [junit] 	at java.lang.Thread.run(Thread.java:748)
    [junit] Caused by: java.net.ConnectException: Connection refused
    [junit] 	... 11 more
    [junit] ExportHTMLTimer went off after 30000 ms., calling getDirector().finish and getDirector().stopFire()
    [junit] WARNING: Clock: Model stopped before executing actions (e.g. producing outputs) scheduled for execution at times [28.0]
    [junit] 30022 ms. Memory: 2235904K Free: 1380093K (62%)
    [junit] Exported /home/travis/build/icyphy/ptII/ptolemy/actor/lib/jjs/modules/httpServer/demo/KeyValueStoreClient/KeyValueStoreClient/index.html
    [junit] 35404 ms. Memory: 2235904K Free: 1347865K (60%)
    [junit] ####### 20 Fri May 11 01:04:00 UTC 2018 $PTII/bin/ptinvoke ptolemy.vergil.basic.export.ExportModel -force htm -run -openComposites -timeOut 30000 -whiteBackground ptolemy/actor/lib/jjs/modules/httpServer/demo/KeyValueStoreClient/KeyValueStoreServer.xml $PTII/ptolemy/actor/lib/jjs/modules/httpServer/demo/KeyValueStoreClient/KeyValueStoreServer
    [junit] ----------------- Fri May 11 01:04:00 UTC 2018 About to sleep for 5.0 seconds before running or rerunning.  Test is: /home/travis/build/icyphy/ptII/ptolemy/actor/lib/jjs/modules/httpServer/demo/KeyValueStoreClient/KeyValueStoreServer.xml
    [junit] Done sleeping
    [junit] Running .KeyValueStoreServer
    [junit] WebServer: WebServer: Creating new server. (Thread[AWT-EventQueue-0,6,main])
    [junit] WebServer: WebServer: Listening for requests. (Thread[vert.x-eventloop-thread-3,6,main])
    [junit] ExportHTMLTimer went off after 30000 ms., calling getDirector().finish and getDirector().stopFire()
    [junit] WebServer: WebServer: Stopping the server. (Thread[AWT-EventQueue-0,6,main])
    [junit] 30046 ms. Memory: 2082304K Free: 199135K (10%)
    [junit] Exported /home/travis/build/icyphy/ptII/ptolemy/actor/lib/jjs/modules/httpServer/demo/KeyValueStoreClient/KeyValueStoreServer/index.html
    [junit] 37247 ms. Memory: 2087936K Free: 1682404K (81%)
    [junit] ####### 21 Fri May 11 01:04:42 UTC 2018 $PTII/bin/ptinvoke ptolemy.vergil.basic.export.ExportModel -force htm -run -openComposites -timeOut 30000 -whiteBackground ptolemy/actor/lib/jjs/modules/httpServer/demo/KeyValueStoreClient/KeyValueStoreServerTerra.xml $PTII/ptolemy/actor/lib/jjs/modules/httpServer/demo/KeyValueStoreClient/KeyValueStoreServerTerra
    [junit] ----------------- Fri May 11 01:04:42 UTC 2018 About to sleep for 5.0 seconds before running or rerunning.  Test is: /home/travis/build/icyphy/ptII/ptolemy/actor/lib/jjs/modules/httpServer/demo/KeyValueStoreClient/KeyValueStoreServerTerra.xml
    [junit] Done sleeping
    [junit] Running .KeyValueStoreServerTerra
    [junit] WebServer: WebServer: Creating new server. (Thread[AWT-EventQueue-0,6,main])
    [junit] WebServer: WebServer: Listening for requests. (Thread[vert.x-eventloop-thread-0,6,main])
    [junit] ExportHTMLTimer went off after 30000 ms., calling getDirector().finish and getDirector().stopFire()
    [junit] WebServer: WebServer: Stopping the server. (Thread[AWT-EventQueue-0,6,main])
    [junit] 30043 ms. Memory: 2155520K Free: 602546K (28%)
    [junit] Exported /home/travis/build/icyphy/ptII/ptolemy/actor/lib/jjs/modules/httpServer/demo/KeyValueStoreClient/KeyValueStoreServerTerra/index.html
    [junit] 37124 ms. Memory: 2155520K Free: 544589K (25%)
    [junit] ####### 22 Fri May 11 01:05:24 UTC 2018 $PTII/bin/ptinvoke ptolemy.vergil.basic.export.ExportModel -force htm -run -openComposites -timeOut 30000 -whiteBackground ptolemy/actor/lib/jjs/modules/httpServer/demo/WebServer/WebServer.xml $PTII/ptolemy/actor/lib/jjs/modules/httpServer/demo/WebServer/WebServer
    [junit] ----------------- Fri May 11 01:05:24 UTC 2018 About to sleep for 5.0 seconds before running or rerunning.  Test is: /home/travis/build/icyphy/ptII/ptolemy/actor/lib/jjs/modules/httpServer/demo/WebServer/WebServer.xml
    [junit] Done sleeping
    [junit] Running .WebServer
    [junit] WebServer: WebServer: Creating new server. (Thread[AWT-EventQueue-0,6,main])
    [junit] REST: Making an HTTP request. (Thread[AWT-EventQueue-0,6,main])
    [junit] HttpClientHelper.java: Received an error for request 0: io.netty.channel.AbstractChannel$AnnotatedConnectException: Connection refused: localhost/127.0.0.1:8180
    [junit] io.netty.channel.AbstractChannel$AnnotatedConnectException: Connection refused: localhost/127.0.0.1:8180
    [junit] 	at sun.nio.ch.SocketChannelImpl.checkConnect(Native Method)
    [junit] 	at sun.nio.ch.SocketChannelImpl.finishConnect(SocketChannelImpl.java:717)
    [junit] 	at io.netty.channel.socket.nio.NioSocketChannel.doFinishConnect(NioSocketChannel.java:325)
    [junit] 	at io.netty.channel.nio.AbstractNioChannel$AbstractNioUnsafe.finishConnect(AbstractNioChannel.java:340)
    [junit] 	at io.netty.channel.nio.NioEventLoop.processSelectedKey(NioEventLoop.java:633)
    [junit] 	at io.netty.channel.nio.NioEventLoop.processSelectedKeysOptimized(NioEventLoop.java:580)
    [junit] 	at io.netty.channel.nio.NioEventLoop.processSelectedKeys(NioEventLoop.java:497)
    [junit] 	at io.netty.channel.nio.NioEventLoop.run(NioEventLoop.java:459)
    [junit] 	at io.netty.util.concurrent.SingleThreadEventExecutor$5.run(SingleThreadEventExecutor.java:886)
    [junit] 	at io.netty.util.concurrent.FastThreadLocalRunnable.run(FastThreadLocalRunnable.java:30)
    [junit] 	at java.lang.Thread.run(Thread.java:748)
    [junit] Caused by: java.net.ConnectException: Connection refused
    [junit] 	... 11 more
    [junit] HttpClientHelper.java: Received an error for request 1: io.netty.channel.AbstractChannel$AnnotatedConnectException: Connection refused: localhost/127.0.0.1:8180
    [junit] io.netty.channel.AbstractChannel$AnnotatedConnectException: Connection refused: localhost/127.0.0.1:8180
    [junit] 	at sun.nio.ch.SocketChannelImpl.checkConnect(Native Method)
    [junit] 	at sun.nio.ch.SocketChannelImpl.finishConnect(SocketChannelImpl.java:717)
    [junit] 	at io.netty.channel.socket.nio.NioSocketChannel.doFinishConnect(NioSocketChannel.java:325)
    [junit] 	at io.netty.channel.nio.AbstractNioChannel$AbstractNioUnsafe.finishConnect(AbstractNioChannel.java:340)
    [junit] 	at io.netty.channel.nio.NioEventLoop.processSelectedKey(NioEventLoop.java:633)
    [junit] 	at io.netty.channel.nio.NioEventLoop.processSelectedKeysOptimized(NioEventLoop.java:580)
    [junit] 	at io.netty.channel.nio.NioEventLoop.processSelectedKeys(NioEventLoop.java:497)
    [junit] 	at io.netty.channel.nio.NioEventLoop.run(NioEventLoop.java:459)
    [junit] 	at io.netty.util.concurrent.SingleThreadEventExecutor$5.run(SingleThreadEventExecutor.java:886)
    [junit] 	at io.netty.util.concurrent.FastThreadLocalRunnable.run(FastThreadLocalRunnable.java:30)
    [junit] 	at java.lang.Thread.run(Thread.java:748)
    [junit] Caused by: java.net.ConnectException: Connection refused
    [junit] 	... 11 more
    [junit] REST: Making an HTTP request. (Thread[AWT-EventQueue-0,6,main])
    [junit] HttpClientHelper.java: Received an error for request 2: io.netty.channel.AbstractChannel$AnnotatedConnectException: Connection refused: localhost/127.0.0.1:8180
    [junit] io.netty.channel.AbstractChannel$AnnotatedConnectException: Connection refused: localhost/127.0.0.1:8180
    [junit] 	at sun.nio.ch.SocketChannelImpl.checkConnect(Native Method)
    [junit] 	at sun.nio.ch.SocketChannelImpl.finishConnect(SocketChannelImpl.java:717)
    [junit] 	at io.netty.channel.socket.nio.NioSocketChannel.doFinishConnect(NioSocketChannel.java:325)
    [junit] 	at io.netty.channel.nio.AbstractNioChannel$AbstractNioUnsafe.finishConnect(AbstractNioChannel.java:340)
    [junit] 	at io.netty.channel.nio.NioEventLoop.processSelectedKey(NioEventLoop.java:633)
    [junit] 	at io.netty.channel.nio.NioEventLoop.processSelectedKeysOptimized(NioEventLoop.java:580)
    [junit] 	at io.netty.channel.nio.NioEventLoop.processSelectedKeys(NioEventLoop.java:497)
    [junit] 	at io.netty.channel.nio.NioEventLoop.run(NioEventLoop.java:459)
    [junit] 	at io.netty.util.concurrent.SingleThreadEventExecutor$5.run(SingleThreadEventExecutor.java:886)
    [junit] 	at io.netty.util.concurrent.FastThreadLocalRunnable.run(FastThreadLocalRunnable.java:30)
    [junit] 	at java.lang.Thread.run(Thread.java:748)
    [junit] Caused by: java.net.ConnectException: Connection refused
    [junit] 	... 11 more
    [junit] REST: Making an HTTP request. (Thread[AWT-EventQueue-0,6,main])
    [junit] HttpClientHelper.java: Received an error for request 3: io.netty.channel.AbstractChannel$AnnotatedConnectException: Connection refused: localhost/127.0.0.1:8180
    [junit] io.netty.channel.AbstractChannel$AnnotatedConnectException: Connection refused: localhost/127.0.0.1:8180
    [junit] 	at sun.nio.ch.SocketChannelImpl.checkConnect(Native Method)
    [junit] 	at sun.nio.ch.SocketChannelImpl.finishConnect(SocketChannelImpl.java:717)
    [junit] 	at io.netty.channel.socket.nio.NioSocketChannel.doFinishConnect(NioSocketChannel.java:325)
    [junit] 	at io.netty.channel.nio.AbstractNioChannel$AbstractNioUnsafe.finishConnect(AbstractNioChannel.java:340)
    [junit] 	at io.netty.channel.nio.NioEventLoop.processSelectedKey(NioEventLoop.java:633)
    [junit] 	at io.netty.channel.nio.NioEventLoop.processSelectedKeysOptimized(NioEventLoop.java:580)
    [junit] 	at io.netty.channel.nio.NioEventLoop.processSelectedKeys(NioEventLoop.java:497)
    [junit] 	at io.netty.channel.nio.NioEventLoop.run(NioEventLoop.java:459)
    [junit] 	at io.netty.util.concurrent.SingleThreadEventExecutor$5.run(SingleThreadEventExecutor.java:886)
    [junit] 	at io.netty.util.concurrent.FastThreadLocalRunnable.run(FastThreadLocalRunnable.java:30)
    [junit] 	at java.lang.Thread.run(Thread.java:748)
    [junit] Caused by: java.net.ConnectException: Connection refused
    [junit] 	... 11 more
    [junit] REST: Making an HTTP request. (Thread[AWT-EventQueue-0,6,main])
    [junit] HttpClientHelper.java: Received an error for request 4: io.netty.channel.AbstractChannel$AnnotatedConnectException: Connection refused: localhost/127.0.0.1:8180
    [junit] io.netty.channel.AbstractChannel$AnnotatedConnectException: Connection refused: localhost/127.0.0.1:8180
    [junit] 	at sun.nio.ch.SocketChannelImpl.checkConnect(Native Method)
    [junit] 	at sun.nio.ch.SocketChannelImpl.finishConnect(SocketChannelImpl.java:717)
    [junit] 	at io.netty.channel.socket.nio.NioSocketChannel.doFinishConnect(NioSocketChannel.java:325)
    [junit] 	at io.netty.channel.nio.AbstractNioChannel$AbstractNioUnsafe.finishConnect(AbstractNioChannel.java:340)
    [junit] 	at io.netty.channel.nio.NioEventLoop.processSelectedKey(NioEventLoop.java:633)
    [junit] 	at io.netty.channel.nio.NioEventLoop.processSelectedKeysOptimized(NioEventLoop.java:580)
    [junit] 	at io.netty.channel.nio.NioEventLoop.processSelectedKeys(NioEventLoop.java:497)
    [junit] 	at io.netty.channel.nio.NioEventLoop.run(NioEventLoop.java:459)
    [junit] 	at io.netty.util.concurrent.SingleThreadEventExecutor$5.run(SingleThreadEventExecutor.java:886)
    [junit] 	at io.netty.util.concurrent.FastThreadLocalRunnable.run(FastThreadLocalRunnable.java:30)
    [junit] 	at java.lang.Thread.run(Thread.java:748)
    [junit] Caused by: java.net.ConnectException: Connection refused
    [junit] 	... 11 more
    [junit] REST: Making an HTTP request. (Thread[AWT-EventQueue-0,6,main])
    [junit] REST: Making an HTTP request. (Thread[AWT-EventQueue-0,6,main])
    [junit] HttpClientHelper.java: Received an error for request 5: io.netty.channel.AbstractChannel$AnnotatedConnectException: Connection refused: localhost/127.0.0.1:8180
    [junit] io.netty.channel.AbstractChannel$AnnotatedConnectException: Connection refused: localhost/127.0.0.1:8180
    [junit] 	at sun.nio.ch.SocketChannelImpl.checkConnect(Native Method)
    [junit] 	at sun.nio.ch.SocketChannelImpl.finishConnect(SocketChannelImpl.java:717)
    [junit] 	at io.netty.channel.socket.nio.NioSocketChannel.doFinishConnect(NioSocketChannel.java:325)
    [junit] 	at io.netty.channel.nio.AbstractNioChannel$AbstractNioUnsafe.finishConnect(AbstractNioChannel.java:340)
    [junit] 	at io.netty.channel.nio.NioEventLoop.processSelectedKey(NioEventLoop.java:633)
    [junit] 	at io.netty.channel.nio.NioEventLoop.processSelectedKeysOptimized(NioEventLoop.java:580)
    [junit] 	at io.netty.channel.nio.NioEventLoop.processSelectedKeys(NioEventLoop.java:497)
    [junit] 	at io.netty.channel.nio.NioEventLoop.run(NioEventLoop.java:459)
    [junit] 	at io.netty.util.concurrent.SingleThreadEventExecutor$5.run(SingleThreadEventExecutor.java:886)
    [junit] 	at io.netty.util.concurrent.FastThreadLocalRunnable.run(FastThreadLocalRunnable.java:30)
    [junit] 	at java.lang.Thread.run(Thread.java:748)
    [junit] Caused by: java.net.ConnectException: Connection refused
    [junit] 	... 11 more
    [junit] WebServer: WebServer: Stopping the server. (Thread[AWT-EventQueue-0,6,main])
    [junit] WARNING: TestSpontaneous: Model stopped before executing actions (e.g. producing outputs) scheduled for execution at times [21.0]
    [junit] 23185 ms. Memory: 2078720K Free: 1272694K (61%)
    [junit] Exported /home/travis/build/icyphy/ptII/ptolemy/actor/lib/jjs/modules/httpServer/demo/WebServer/WebServer/index.html
    [junit] 29069 ms. Memory: 2078720K Free: 1242395K (60%)
    [junit] ####### 23 Fri May 11 01:05:58 UTC 2018 $PTII/bin/ptinvoke ptolemy.vergil.basic.export.ExportModel -force htm -run -openComposites -timeOut 30000 -whiteBackground ptolemy/actor/lib/jjs/modules/imageFilters/demo/ImageAnnotate/ImageAnnotate.xml $PTII/ptolemy/actor/lib/jjs/modules/imageFilters/demo/ImageAnnotate/ImageAnnotate
    [junit] ----------------- Fri May 11 01:05:58 UTC 2018 About to sleep for 5.0 seconds before running or rerunning.  Test is: /home/travis/build/icyphy/ptII/ptolemy/actor/lib/jjs/modules/imageFilters/demo/ImageAnnotate/ImageAnnotate.xml
    [junit] Done sleeping
    [junit] Running .ImageAnnotate
    [junit] [atomic-processor-1] INFO com.github.sarxos.webcam.ds.cgt.WebcamOpenTask - Opening webcam Dummy Webcam 0
    [junit] ExportHTMLTimer went off after 30000 ms., calling getDirector().finish and getDirector().stopFire()
    [junit] 30037 ms. Memory: 2256896K Free: 1187948K (53%)
    [junit] [atomic-processor-1] INFO com.github.sarxos.webcam.ds.cgt.WebcamCloseTask - Closing Dummy Webcam 0
    [junit] Exported /home/travis/build/icyphy/ptII/ptolemy/actor/lib/jjs/modules/imageFilters/demo/ImageAnnotate/ImageAnnotate/index.html
    [junit] 35398 ms. Memory: 2256896K Free: 1144608K (51%)
    [junit] ####### 24 Fri May 11 01:06:39 UTC 2018 $PTII/bin/ptinvoke ptolemy.vergil.basic.export.ExportModel -force htm -run -openComposites -timeOut 30000 -whiteBackground ptolemy/actor/lib/jjs/modules/imageFilters/demo/ImageFilters/Annotate.xml $PTII/ptolemy/actor/lib/jjs/modules/imageFilters/demo/ImageFilters/Annotate
    [junit] ----------------- Fri May 11 01:06:39 UTC 2018 About to sleep for 5.0 seconds before running or rerunning.  Test is: /home/travis/build/icyphy/ptII/ptolemy/actor/lib/jjs/modules/imageFilters/demo/ImageFilters/Annotate.xml
    [junit] Done sleeping
    [junit] Running .Annotate
    [junit] [atomic-processor-1] INFO com.github.sarxos.webcam.ds.cgt.WebcamOpenTask - Opening webcam Dummy Webcam 0
    [junit] ExportHTMLTimer went off after 30000 ms., calling getDirector().finish and getDirector().stopFire()
    [junit] 30043 ms. Memory: 2396672K Free: 1215979K (51%)
    [junit] [atomic-processor-1] INFO com.github.sarxos.webcam.ds.cgt.WebcamCloseTask - Closing Dummy Webcam 0
    [junit] Exported /home/travis/build/icyphy/ptII/ptolemy/actor/lib/jjs/modules/imageFilters/demo/ImageFilters/Annotate/index.html
    [junit] 35144 ms. Memory: 2396672K Free: 1192223K (50%)
    [junit] ####### 25 Fri May 11 01:07:19 UTC 2018 $PTII/bin/ptinvoke ptolemy.vergil.basic.export.ExportModel -force htm -run -openComposites -timeOut 30000 -whiteBackground ptolemy/actor/lib/jjs/modules/imageFilters/demo/ImageFilters/Average.xml $PTII/ptolemy/actor/lib/jjs/modules/imageFilters/demo/ImageFilters/Average
    [junit] ----------------- Fri May 11 01:07:19 UTC 2018 About to sleep for 5.0 seconds before running or rerunning.  Test is: /home/travis/build/icyphy/ptII/ptolemy/actor/lib/jjs/modules/imageFilters/demo/ImageFilters/Average.xml
    [junit] Done sleeping
    [junit] Running .Average
    [junit] [atomic-processor-1] INFO com.github.sarxos.webcam.ds.cgt.WebcamOpenTask - Opening webcam Dummy Webcam 0
    [junit] [atomic-processor-1] INFO com.github.sarxos.webcam.ds.cgt.WebcamCloseTask - Closing Dummy Webcam 0
    [junit] ExportHTMLTimer went off after 30000 ms., calling getDirector().finish and getDirector().stopFire()
    [junit] 30037 ms. Memory: 2596352K Free: 1509264K (58%)
    [junit] Exported /home/travis/build/icyphy/ptII/ptolemy/actor/lib/jjs/modules/imageFilters/demo/ImageFilters/Average/index.html
    [junit] 35239 ms. Memory: 2596352K Free: 1488244K (57%)
    [junit] ####### 26 Fri May 11 01:07:59 UTC 2018 $PTII/bin/ptinvoke ptolemy.vergil.basic.export.ExportModel -force htm -run -openComposites -timeOut 30000 -whiteBackground ptolemy/actor/lib/jjs/modules/imageFilters/demo/ImageFilters/BicubicScale.xml $PTII/ptolemy/actor/lib/jjs/modules/imageFilters/demo/ImageFilters/BicubicScale
    [junit] ----------------- Fri May 11 01:07:59 UTC 2018 About to sleep for 5.0 seconds before running or rerunning.  Test is: /home/travis/build/icyphy/ptII/ptolemy/actor/lib/jjs/modules/imageFilters/demo/ImageFilters/BicubicScale.xml
    [junit] Done sleeping
    [junit] Running .BicubicScale
    [junit] [atomic-processor-1] INFO com.github.sarxos.webcam.ds.cgt.WebcamOpenTask - Opening webcam Dummy Webcam 0
    [junit] [atomic-processor-1] INFO com.github.sarxos.webcam.ds.cgt.WebcamCloseTask - Closing Dummy Webcam 0
    [junit] ExportHTMLTimer went off after 30000 ms., calling getDirector().finish and getDirector().stopFire()
    [junit] 30046 ms. Memory: 2618368K Free: 1552252K (59%)
    [junit] Exported /home/travis/build/icyphy/ptII/ptolemy/actor/lib/jjs/modules/imageFilters/demo/ImageFilters/BicubicScale/index.html
    [junit] 35432 ms. Memory: 2618368K Free: 1530429K (58%)
    [junit] ####### 27 Fri May 11 01:08:40 UTC 2018 $PTII/bin/ptinvoke ptolemy.vergil.basic.export.ExportModel -force htm -run -openComposites -timeOut 30000 -whiteBackground ptolemy/actor/lib/jjs/modules/imageFilters/demo/ImageFilters/Block.xml $PTII/ptolemy/actor/lib/jjs/modules/imageFilters/demo/ImageFilters/Block
    [junit] ----------------- Fri May 11 01:08:40 UTC 2018 About to sleep for 5.0 seconds before running or rerunning.  Test is: /home/travis/build/icyphy/ptII/ptolemy/actor/lib/jjs/modules/imageFilters/demo/ImageFilters/Block.xml
    [junit] Done sleeping
    [junit] Running .Block
    [junit] [atomic-processor-1] INFO com.github.sarxos.webcam.ds.cgt.WebcamOpenTask - Opening webcam Dummy Webcam 0
    [junit] ExportHTMLTimer went off after 30000 ms., calling getDirector().finish and getDirector().stopFire()
    [junit] 30052 ms. Memory: 2455040K Free: 1111589K (45%)
    [junit] [atomic-processor-1] INFO com.github.sarxos.webcam.ds.cgt.WebcamCloseTask - Closing Dummy Webcam 0
    [junit] Exported /home/travis/build/icyphy/ptII/ptolemy/actor/lib/jjs/modules/imageFilters/demo/ImageFilters/Block/index.html
    [junit] 35560 ms. Memory: 2455040K Free: 1089059K (44%)
    [junit] ####### 28 Fri May 11 01:09:20 UTC 2018 $PTII/bin/ptinvoke ptolemy.vergil.basic.export.ExportModel -force htm -run -openComposites -timeOut 30000 -whiteBackground ptolemy/actor/lib/jjs/modules/imageFilters/demo/ImageFilters/Border.xml $PTII/ptolemy/actor/lib/jjs/modules/imageFilters/demo/ImageFilters/Border
    [junit] ----------------- Fri May 11 01:09:20 UTC 2018 About to sleep for 5.0 seconds before running or rerunning.  Test is: /home/travis/build/icyphy/ptII/ptolemy/actor/lib/jjs/modules/imageFilters/demo/ImageFilters/Border.xml
    [junit] Done sleeping
    [junit] Running .Border
    [junit] [atomic-processor-1] INFO com.github.sarxos.webcam.ds.cgt.WebcamOpenTask - Opening webcam Dummy Webcam 0
    [junit] ExportHTMLTimer went off after 30000 ms., calling getDirector().finish and getDirector().stopFire()
    [junit] [atomic-processor-1] INFO com.github.sarxos.webcam.ds.cgt.WebcamCloseTask - Closing Dummy Webcam 0
    [junit] 30051 ms. Memory: 2400768K Free: 1142681K (48%)
    [junit] Exported /home/travis/build/icyphy/ptII/ptolemy/actor/lib/jjs/modules/imageFilters/demo/ImageFilters/Border/index.html
    [junit] 35674 ms. Memory: 2400768K Free: 1118961K (47%)
    [junit] ####### 29 Fri May 11 01:10:01 UTC 2018 $PTII/bin/ptinvoke ptolemy.vergil.basic.export.ExportModel -force htm -run -openComposites -timeOut 30000 -whiteBackground ptolemy/actor/lib/jjs/modules/imageFilters/demo/ImageFilters/BoxBlur.xml $PTII/ptolemy/actor/lib/jjs/modules/imageFilters/demo/ImageFilters/BoxBlur
    [junit] ----------------- Fri May 11 01:10:01 UTC 2018 About to sleep for 5.0 seconds before running or rerunning.  Test is: /home/travis/build/icyphy/ptII/ptolemy/actor/lib/jjs/modules/imageFilters/demo/ImageFilters/BoxBlur.xml
    [junit] Done sleeping
    [junit] Running .BoxBlur
    [junit] [atomic-processor-1] INFO com.github.sarxos.webcam.ds.cgt.WebcamOpenTask - Opening webcam Dummy Webcam 0
    [junit] ExportHTMLTimer went off after 30000 ms., calling getDirector().finish and getDirector().stopFire()
    [junit] [atomic-processor-1] INFO com.github.sarxos.webcam.ds.cgt.WebcamCloseTask - Closing Dummy Webcam 0
    [junit] WARNING: Camera: Model stopped before executing actions (e.g. producing outputs) scheduled for execution at times [26.867]
    [junit] 30405 ms. Memory: 2603520K Free: 1638711K (63%)
    [junit] Exported /home/travis/build/icyphy/ptII/ptolemy/actor/lib/jjs/modules/imageFilters/demo/ImageFilters/BoxBlur/index.html
    [junit] 36271 ms. Memory: 2603520K Free: 1612808K (62%)
    [junit] ####### 30 Fri May 11 01:10:42 UTC 2018 $PTII/bin/ptinvoke ptolemy.vergil.basic.export.ExportModel -force htm -run -openComposites -timeOut 30000 -whiteBackground ptolemy/actor/lib/jjs/modules/imageFilters/demo/ImageFilters/Bump.xml $PTII/ptolemy/actor/lib/jjs/modules/imageFilters/demo/ImageFilters/Bump
    [junit] ----------------- Fri May 11 01:10:42 UTC 2018 About to sleep for 5.0 seconds before running or rerunning.  Test is: /home/travis/build/icyphy/ptII/ptolemy/actor/lib/jjs/modules/imageFilters/demo/ImageFilters/Bump.xml
    [junit] Done sleeping
    [junit] Running .Bump
    [junit] [atomic-processor-1] INFO com.github.sarxos.webcam.ds.cgt.WebcamOpenTask - Opening webcam Dummy Webcam 0
    [junit] ExportHTMLTimer went off after 30000 ms., calling getDirector().finish and getDirector().stopFire()
    [junit] [atomic-processor-1] INFO com.github.sarxos.webcam.ds.cgt.WebcamCloseTask - Closing Dummy Webcam 0
    [junit] 30071 ms. Memory: 2633216K Free: 853594K (32%)
    [junit] Exported /home/travis/build/icyphy/ptII/ptolemy/actor/lib/jjs/modules/imageFilters/demo/ImageFilters/Bump/index.html
    [junit] 36351 ms. Memory: 2633216K Free: 827131K (31%)
    [junit] ####### 31 Fri May 11 01:11:23 UTC 2018 $PTII/bin/ptinvoke ptolemy.vergil.basic.export.ExportModel -force htm -run -openComposites -timeOut 30000 -whiteBackground ptolemy/actor/lib/jjs/modules/imageFilters/demo/ImageFilters/ChannelMix.xml $PTII/ptolemy/actor/lib/jjs/modules/imageFilters/demo/ImageFilters/ChannelMix
    [junit] ----------------- Fri May 11 01:11:23 UTC 2018 About to sleep for 5.0 seconds before running or rerunning.  Test is: /home/travis/build/icyphy/ptII/ptolemy/actor/lib/jjs/modules/imageFilters/demo/ImageFilters/ChannelMix.xml
    [junit] Done sleeping
    [junit] Running .ChannelMix
    [junit] [atomic-processor-1] INFO com.github.sarxos.webcam.ds.cgt.WebcamOpenTask - Opening webcam Dummy Webcam 0
    [junit] ExportHTMLTimer went off after 30000 ms., calling getDirector().finish and getDirector().stopFire()
    [junit] 30046 ms. Memory: 2592768K Free: 608563K (23%)
    [junit] [atomic-processor-1] INFO com.github.sarxos.webcam.ds.cgt.WebcamCloseTask - Closing Dummy Webcam 0
    [junit] Exported /home/travis/build/icyphy/ptII/ptolemy/actor/lib/jjs/modules/imageFilters/demo/ImageFilters/ChannelMix/index.html
    [junit] 36279 ms. Memory: 2592768K Free: 584701K (23%)
    [junit] ####### 32 Fri May 11 01:12:05 UTC 2018 $PTII/bin/ptinvoke ptolemy.vergil.basic.export.ExportModel -force htm -run -openComposites -timeOut 30000 -whiteBackground ptolemy/actor/lib/jjs/modules/imageFilters/demo/ImageFilters/Chrome.xml $PTII/ptolemy/actor/lib/jjs/modules/imageFilters/demo/ImageFilters/Chrome
    [junit] ----------------- Fri May 11 01:12:05 UTC 2018 About to sleep for 5.0 seconds before running or rerunning.  Test is: /home/travis/build/icyphy/ptII/ptolemy/actor/lib/jjs/modules/imageFilters/demo/ImageFilters/Chrome.xml
    [junit] Done sleeping
    [junit] Running .Chrome
    [junit] [atomic-processor-1] INFO com.github.sarxos.webcam.ds.cgt.WebcamOpenTask - Opening webcam Dummy Webcam 0
    [junit] ExportHTMLTimer went off after 30000 ms., calling getDirector().finish and getDirector().stopFire()
    [junit] WARNING: Invoking send() too late (probably in a callback), so Camera is not able to send the token {type="class ptolemy.data.AWTImageToken", width="640", height="480"} to the output image. Token is discarded.
    [junit] 30122 ms. Memory: 2482688K Free: 1029805K (41%)
    [junit] [atomic-processor-1] INFO com.github.sarxos.webcam.ds.cgt.WebcamCloseTask - Closing Dummy Webcam 0
    [junit] Exported /home/travis/build/icyphy/ptII/ptolemy/actor/lib/jjs/modules/imageFilters/demo/ImageFilters/Chrome/index.html
    [junit] 36552 ms. Memory: 2482688K Free: 1003487K (40%)
    [junit] ####### 33 Fri May 11 01:12:46 UTC 2018 $PTII/bin/ptinvoke ptolemy.vergil.basic.export.ExportModel -force htm -run -openComposites -timeOut 30000 -whiteBackground ptolemy/actor/lib/jjs/modules/imageFilters/demo/ImageFilters/Circle.xml $PTII/ptolemy/actor/lib/jjs/modules/imageFilters/demo/ImageFilters/Circle
    [junit] ----------------- Fri May 11 01:12:46 UTC 2018 About to sleep for 5.0 seconds before running or rerunning.  Test is: /home/travis/build/icyphy/ptII/ptolemy/actor/lib/jjs/modules/imageFilters/demo/ImageFilters/Circle.xml
    [junit] Done sleeping
    [junit] Running .Circle
    [junit] [atomic-processor-1] INFO com.github.sarxos.webcam.ds.cgt.WebcamOpenTask - Opening webcam Dummy Webcam 0
    [junit] ExportHTMLTimer went off after 30000 ms., calling getDirector().finish and getDirector().stopFire()
    [junit] [atomic-processor-1] INFO com.github.sarxos.webcam.ds.cgt.WebcamCloseTask - Closing Dummy Webcam 0
    [junit] WARNING: Camera: Model stopped before executing actions (e.g. producing outputs) scheduled for execution at times [25.757]
    [junit] 30108 ms. Memory: 2511360K Free: 1100079K (44%)
    [junit] Exported /home/travis/build/icyphy/ptII/ptolemy/actor/lib/jjs/modules/imageFilters/demo/ImageFilters/Circle/index.html
    [junit] 36575 ms. Memory: 2511360K Free: 1073245K (43%)
    [junit] ####### 34 Fri May 11 01:13:28 UTC 2018 $PTII/bin/ptinvoke ptolemy.vergil.basic.export.ExportModel -force htm -run -openComposites -timeOut 30000 -whiteBackground ptolemy/actor/lib/jjs/modules/imageFilters/demo/ImageFilters/ColorHalftone.xml $PTII/ptolemy/actor/lib/jjs/modules/imageFilters/demo/ImageFilters/ColorHalftone
    [junit] ----------------- Fri May 11 01:13:28 UTC 2018 About to sleep for 5.0 seconds before running or rerunning.  Test is: /home/travis/build/icyphy/ptII/ptolemy/actor/lib/jjs/modules/imageFilters/demo/ImageFilters/ColorHalftone.xml
    [junit] Done sleeping
    [junit] Running .ColorHalftone
    [junit] [atomic-processor-1] INFO com.github.sarxos.webcam.ds.cgt.WebcamOpenTask - Opening webcam Dummy Webcam 0
    [junit] ExportHTMLTimer went off after 30000 ms., calling getDirector().finish and getDirector().stopFire()
    [junit] WARNING: Invoking send() too late (probably in a callback), so Camera is not able to send the token {type="class ptolemy.data.AWTImageToken", width="640", height="480"} to the output image. Token is discarded.
    [junit] 30173 ms. Memory: 2447360K Free: 549218K (22%)
    [junit] [atomic-processor-1] INFO com.github.sarxos.webcam.ds.cgt.WebcamCloseTask - Closing Dummy Webcam 0
    [junit] Exported /home/travis/build/icyphy/ptII/ptolemy/actor/lib/jjs/modules/imageFilters/demo/ImageFilters/ColorHalftone/index.html
    [junit] 36727 ms. Memory: 2457088K Free: 1293759K (53%)
    [junit] ####### 35 Fri May 11 01:14:10 UTC 2018 $PTII/bin/ptinvoke ptolemy.vergil.basic.export.ExportModel -force htm -run -openComposites -timeOut 30000 -whiteBackground ptolemy/actor/lib/jjs/modules/imageFilters/demo/ImageFilters/Contour.xml $PTII/ptolemy/actor/lib/jjs/modules/imageFilters/demo/ImageFilters/Contour
    [junit] ----------------- Fri May 11 01:14:10 UTC 2018 About to sleep for 5.0 seconds before running or rerunning.  Test is: /home/travis/build/icyphy/ptII/ptolemy/actor/lib/jjs/modules/imageFilters/demo/ImageFilters/Contour.xml
    [junit] Done sleeping
    [junit] Running .Contour
    [junit] [atomic-processor-1] INFO com.github.sarxos.webcam.ds.cgt.WebcamOpenTask - Opening webcam Dummy Webcam 0
    [junit] ExportHTMLTimer went off after 30000 ms., calling getDirector().finish and getDirector().stopFire()
    [junit] [atomic-processor-1] INFO com.github.sarxos.webcam.ds.cgt.WebcamCloseTask - Closing Dummy Webcam 0
    [junit] 30059 ms. Memory: 2450432K Free: 619500K (25%)
    [junit] Exported /home/travis/build/icyphy/ptII/ptolemy/actor/lib/jjs/modules/imageFilters/demo/ImageFilters/Contour/index.html
    [junit] 36778 ms. Memory: 2450432K Free: 597873K (24%)
    [junit] ####### 36 Fri May 11 01:14:51 UTC 2018 $PTII/bin/ptinvoke ptolemy.vergil.basic.export.ExportModel -force htm -run -openComposites -timeOut 30000 -whiteBackground ptolemy/actor/lib/jjs/modules/imageFilters/demo/ImageFilters/Contrast.xml $PTII/ptolemy/actor/lib/jjs/modules/imageFilters/demo/ImageFilters/Contrast
    [junit] ----------------- Fri May 11 01:14:51 UTC 2018 About to sleep for 5.0 seconds before running or rerunning.  Test is: /home/travis/build/icyphy/ptII/ptolemy/actor/lib/jjs/modules/imageFilters/demo/ImageFilters/Contrast.xml
    [junit] Done sleeping
    [junit] Running .Contrast
    [junit] [atomic-processor-1] INFO com.github.sarxos.webcam.ds.cgt.WebcamOpenTask - Opening webcam Dummy Webcam 0
    [junit] ExportHTMLTimer went off after 30000 ms., calling getDirector().finish and getDirector().stopFire()
    [junit] [atomic-processor-1] INFO com.github.sarxos.webcam.ds.cgt.WebcamCloseTask - Closing Dummy Webcam 0
    [junit] 30083 ms. Memory: 2473984K Free: 908646K (37%)
    [junit] Exported /home/travis/build/icyphy/ptII/ptolemy/actor/lib/jjs/modules/imageFilters/demo/ImageFilters/Contrast/index.html
    [junit] 36882 ms. Memory: 2473984K Free: 882756K (36%)
    [junit] ####### 37 Fri May 11 01:15:33 UTC 2018 $PTII/bin/ptinvoke ptolemy.vergil.basic.export.ExportModel -force htm -run -openComposites -timeOut 30000 -whiteBackground ptolemy/actor/lib/jjs/modules/imageFilters/demo/ImageFilters/Crop.xml $PTII/ptolemy/actor/lib/jjs/modules/imageFilters/demo/ImageFilters/Crop
    [junit] ----------------- Fri May 11 01:15:33 UTC 2018 About to sleep for 5.0 seconds before running or rerunning.  Test is: /home/travis/build/icyphy/ptII/ptolemy/actor/lib/jjs/modules/imageFilters/demo/ImageFilters/Crop.xml
    [junit] Done sleeping
    [junit] Running .Crop
    [junit] [atomic-processor-1] INFO com.github.sarxos.webcam.ds.cgt.WebcamOpenTask - Opening webcam Dummy Webcam 0
    [junit] ExportHTMLTimer went off after 30000 ms., calling getDirector().finish and getDirector().stopFire()
    [junit] 30053 ms. Memory: 2125824K Free: 323518K (15%)
    [junit] [atomic-processor-1] INFO com.github.sarxos.webcam.ds.cgt.WebcamCloseTask - Closing Dummy Webcam 0
    [junit] Exported /home/travis/build/icyphy/ptII/ptolemy/actor/lib/jjs/modules/imageFilters/demo/ImageFilters/Crop/index.html
    [junit] 36853 ms. Memory: 2125824K Free: 298746K (14%)
    [junit] ####### 38 Fri May 11 01:16:15 UTC 2018 $PTII/bin/ptinvoke ptolemy.vergil.basic.export.ExportModel -force htm -run -openComposites -timeOut 30000 -whiteBackground ptolemy/actor/lib/jjs/modules/imageFilters/demo/ImageFilters/Crystallize.xml $PTII/ptolemy/actor/lib/jjs/modules/imageFilters/demo/ImageFilters/Crystallize
    [junit] ----------------- Fri May 11 01:16:15 UTC 2018 About to sleep for 5.0 seconds before running or rerunning.  Test is: /home/travis/build/icyphy/ptII/ptolemy/actor/lib/jjs/modules/imageFilters/demo/ImageFilters/Crystallize.xml
    [junit] Done sleeping
    [junit] Running .Crystallize
    [junit] [atomic-processor-1] INFO com.github.sarxos.webcam.ds.cgt.WebcamOpenTask - Opening webcam Dummy Webcam 0
    [junit] WARNING: Invoking send() too late (probably in a callback), so Camera is not able to send the token {type="class ptolemy.data.AWTImageToken", width="640", height="480"} to the output image. Token is discarded.
    [junit] ExportHTMLTimer went off after 30000 ms., calling getDirector().finish and getDirector().stopFire()
    [junit] 30061 ms. Memory: 2510336K Free: 571195K (23%)
    [junit] [atomic-processor-1] INFO com.github.sarxos.webcam.ds.cgt.WebcamCloseTask - Closing Dummy Webcam 0
    [junit] Exported /home/travis/build/icyphy/ptII/ptolemy/actor/lib/jjs/modules/imageFilters/demo/ImageFilters/Crystallize/index.html
    [junit] 37147 ms. Memory: 2510336K Free: 548990K (22%)
    [junit] ####### 39 Fri May 11 01:16:57 UTC 2018 $PTII/bin/ptinvoke ptolemy.vergil.basic.export.ExportModel -force htm -run -openComposites -timeOut 30000 -whiteBackground ptolemy/actor/lib/jjs/modules/imageFilters/demo/ImageFilters/Gray.xml $PTII/ptolemy/actor/lib/jjs/modules/imageFilters/demo/ImageFilters/Gray
    [junit] ----------------- Fri May 11 01:16:57 UTC 2018 About to sleep for 5.0 seconds before running or rerunning.  Test is: /home/travis/build/icyphy/ptII/ptolemy/actor/lib/jjs/modules/imageFilters/demo/ImageFilters/Gray.xml
    [junit] Done sleeping
    [junit] Running .Gray
    [junit] [atomic-processor-1] INFO com.github.sarxos.webcam.ds.cgt.WebcamOpenTask - Opening webcam Dummy Webcam 0
    [junit] ExportHTMLTimer went off after 30000 ms., calling getDirector().finish and getDirector().stopFire()
    [junit] [atomic-processor-1] INFO com.github.sarxos.webcam.ds.cgt.WebcamCloseTask - Closing Dummy Webcam 0
    [junit] 30073 ms. Memory: 2543104K Free: 1163230K (46%)
    [junit] Exported /home/travis/build/icyphy/ptII/ptolemy/actor/lib/jjs/modules/imageFilters/demo/ImageFilters/Gray/index.html
    [junit] 37126 ms. Memory: 2543104K Free: 1138222K (45%)
    [junit] ####### 40 Fri May 11 01:17:39 UTC 2018 $PTII/bin/ptinvoke ptolemy.vergil.basic.export.ExportModel -force htm  -openComposites -timeOut 30000 -whiteBackground ptolemy/actor/lib/jjs/modules/imageFilters/demo/ImageFilters/ImageFilters.xml $PTII/ptolemy/actor/lib/jjs/modules/imageFilters/demo/ImageFilters/ImageFilters
    [junit] Warning: not running ptolemy/actor/lib/jjs/modules/imageFilters/demo/ImageFilters/ImageFilters.xml. See ptolemy/vergil/basic/export/test/junit/ExportModelJUnitTest.java
    [junit] ----------------- Fri May 11 01:17:39 UTC 2018 About to sleep for 5.0 seconds before running or rerunning.  Test is: /home/travis/build/icyphy/ptII/ptolemy/actor/lib/jjs/modules/imageFilters/demo/ImageFilters/ImageFilters.xml
    [junit] Done sleeping
    [junit] Exported /home/travis/build/icyphy/ptII/ptolemy/actor/lib/jjs/modules/imageFilters/demo/ImageFilters/ImageFilters/index.html
    [junit] 3164 ms. Memory: 2543104K Free: 972826K (38%)
    [junit] ####### 41 Fri May 11 01:17:47 UTC 2018 $PTII/bin/ptinvoke ptolemy.vergil.basic.export.ExportModel -force htm -run -openComposites -timeOut 30000 -whiteBackground ptolemy/actor/lib/jjs/modules/imageFilters/demo/ImageFilters/Invert.xml $PTII/ptolemy/actor/lib/jjs/modules/imageFilters/demo/ImageFilters/Invert
    [junit] ----------------- Fri May 11 01:17:47 UTC 2018 About to sleep for 5.0 seconds before running or rerunning.  Test is: /home/travis/build/icyphy/ptII/ptolemy/actor/lib/jjs/modules/imageFilters/demo/ImageFilters/Invert.xml
    [junit] Done sleeping
    [junit] Running .Invert
    [junit] [atomic-processor-1] INFO com.github.sarxos.webcam.ds.cgt.WebcamOpenTask - Opening webcam Dummy Webcam 0
    [junit] ExportHTMLTimer went off after 30000 ms., calling getDirector().finish and getDirector().stopFire()
    [junit] [atomic-processor-1] INFO com.github.sarxos.webcam.ds.cgt.WebcamCloseTask - Closing Dummy Webcam 0
    [junit] 30082 ms. Memory: 2556416K Free: 1023925K (40%)
    [junit] Exported /home/travis/build/icyphy/ptII/ptolemy/actor/lib/jjs/modules/imageFilters/demo/ImageFilters/Invert/index.html
    [junit] 37345 ms. Memory: 2556416K Free: 1000174K (39%)
    [junit] ####### 42 Fri May 11 01:18:29 UTC 2018 $PTII/bin/ptinvoke ptolemy.vergil.basic.export.ExportModel -force htm -run -openComposites -timeOut 30000 -whiteBackground ptolemy/actor/lib/jjs/modules/imageFilters/demo/ImageFilters/LensBlur.xml $PTII/ptolemy/actor/lib/jjs/modules/imageFilters/demo/ImageFilters/LensBlur
    [junit] ----------------- Fri May 11 01:18:29 UTC 2018 About to sleep for 5.0 seconds before running or rerunning.  Test is: /home/travis/build/icyphy/ptII/ptolemy/actor/lib/jjs/modules/imageFilters/demo/ImageFilters/LensBlur.xml
    [junit] Done sleeping
    [junit] Running .LensBlur
    [junit] [atomic-processor-1] INFO com.github.sarxos.webcam.ds.cgt.WebcamOpenTask - Opening webcam Dummy Webcam 0
    [junit] ExportHTMLTimer went off after 30000 ms., calling getDirector().finish and getDirector().stopFire()
    [junit] [atomic-processor-1] INFO com.github.sarxos.webcam.ds.cgt.WebcamCloseTask - Closing Dummy Webcam 0
    [junit] 30085 ms. Memory: 2492416K Free: 1054894K (42%)
    [junit] Exported /home/travis/build/icyphy/ptII/ptolemy/actor/lib/jjs/modules/imageFilters/demo/ImageFilters/LensBlur/index.html
    [junit] 37526 ms. Memory: 2492416K Free: 1032299K (41%)
    [junit] ####### 43 Fri May 11 01:19:12 UTC 2018 $PTII/bin/ptinvoke ptolemy.vergil.basic.export.ExportModel -force htm -run -openComposites -timeOut 30000 -whiteBackground ptolemy/actor/lib/jjs/modules/imageFilters/demo/ImageFilters/Random.xml $PTII/ptolemy/actor/lib/jjs/modules/imageFilters/demo/ImageFilters/Random
    [junit] ----------------- Fri May 11 01:19:12 UTC 2018 About to sleep for 5.0 seconds before running or rerunning.  Test is: /home/travis/build/icyphy/ptII/ptolemy/actor/lib/jjs/modules/imageFilters/demo/ImageFilters/Random.xml
    [junit] Done sleeping
    [junit] Running .Random
    [junit] [atomic-processor-1] INFO com.github.sarxos.webcam.ds.cgt.WebcamOpenTask - Opening webcam Dummy Webcam 0
    [junit] ExportHTMLTimer went off after 30000 ms., calling getDirector().finish and getDirector().stopFire()
    [junit] WARNING: Invoking send() too late (probably in a callback), so Camera is not able to send the token {type="class ptolemy.data.AWTImageToken", width="640", height="480"} to the output image. Token is discarded.
    [junit] [atomic-processor-1] INFO com.github.sarxos.webcam.ds.cgt.WebcamCloseTask - Closing Dummy Webcam 0
    [junit] 30124 ms. Memory: 2537472K Free: 651600K (26%)
    [junit] Exported /home/travis/build/icyphy/ptII/ptolemy/actor/lib/jjs/modules/imageFilters/demo/ImageFilters/Random/index.html
    [junit] 39112 ms. Memory: 2537472K Free: 627732K (25%)
    [junit] ####### 44 Fri May 11 01:19:56 UTC 2018 $PTII/bin/ptinvoke ptolemy.vergil.basic.export.ExportModel -force htm -run -openComposites -timeOut 30000 -whiteBackground ptolemy/actor/lib/jjs/modules/imageFilters/demo/ImageFilters/Solarize.xml $PTII/ptolemy/actor/lib/jjs/modules/imageFilters/demo/ImageFilters/Solarize
    [junit] ----------------- Fri May 11 01:19:56 UTC 2018 About to sleep for 5.0 seconds before running or rerunning.  Test is: /home/travis/build/icyphy/ptII/ptolemy/actor/lib/jjs/modules/imageFilters/demo/ImageFilters/Solarize.xml
    [junit] Done sleeping
    [junit] Running .Solarize
    [junit] [atomic-processor-1] INFO com.github.sarxos.webcam.ds.cgt.WebcamOpenTask - Opening webcam Dummy Webcam 0
    [junit] ExportHTMLTimer went off after 30000 ms., calling getDirector().finish and getDirector().stopFire()
    [junit] [atomic-processor-1] INFO com.github.sarxos.webcam.ds.cgt.WebcamCloseTask - Closing Dummy Webcam 0
    [junit] 30088 ms. Memory: 2518016K Free: 619726K (25%)
    [junit] Exported /home/travis/build/icyphy/ptII/ptolemy/actor/lib/jjs/modules/imageFilters/demo/ImageFilters/Solarize/index.html
    [junit] 37875 ms. Memory: 2518016K Free: 594833K (24%)
    [junit] ####### 45 Fri May 11 01:20:39 UTC 2018 $PTII/bin/ptinvoke ptolemy.vergil.basic.export.ExportModel -force htm -run -openComposites -timeOut 30000 -whiteBackground ptolemy/actor/lib/jjs/modules/imageFilters/demo/ImageFilters/Threshold.xml $PTII/ptolemy/actor/lib/jjs/modules/imageFilters/demo/ImageFilters/Threshold
    [junit] ----------------- Fri May 11 01:20:39 UTC 2018 About to sleep for 5.0 seconds before running or rerunning.  Test is: /home/travis/build/icyphy/ptII/ptolemy/actor/lib/jjs/modules/imageFilters/demo/ImageFilters/Threshold.xml
    [junit] Done sleeping
    [junit] Running .Threshold
    [junit] [atomic-processor-1] INFO com.github.sarxos.webcam.ds.cgt.WebcamOpenTask - Opening webcam Dummy Webcam 0
    [junit] ExportHTMLTimer went off after 30000 ms., calling getDirector().finish and getDirector().stopFire()
    [junit] [atomic-processor-1] INFO com.github.sarxos.webcam.ds.cgt.WebcamCloseTask - Closing Dummy Webcam 0
    [junit] 30077 ms. Memory: 2566144K Free: 658426K (26%)
    [junit] Exported /home/travis/build/icyphy/ptII/ptolemy/actor/lib/jjs/modules/imageFilters/demo/ImageFilters/Threshold/index.html
    [junit] 37918 ms. Memory: 2566144K Free: 633051K (25%)
    [junit] ####### 46 Fri May 11 01:21:22 UTC 2018 $PTII/bin/ptinvoke ptolemy.vergil.basic.export.ExportModel -force htm -run -openComposites -timeOut 30000 -whiteBackground ptolemy/actor/lib/jjs/modules/iotAuth/demo/SecureCommClient/SecureCommClient.xml $PTII/ptolemy/actor/lib/jjs/modules/iotAuth/demo/SecureCommClient/SecureCommClient
    [junit] ----------------- Fri May 11 01:21:22 UTC 2018 About to sleep for 5.0 seconds before running or rerunning.  Test is: /home/travis/build/icyphy/ptII/ptolemy/actor/lib/jjs/modules/iotAuth/demo/SecureCommClient/SecureCommClient.xml
    [junit] Done sleeping
    [junit] Running .SecureCommClient
    [junit] 9541 ms. Memory: 2585600K Free: 1025026K (40%)
    [junit] Exported /home/travis/build/icyphy/ptII/ptolemy/actor/lib/jjs/modules/iotAuth/demo/SecureCommClient/SecureCommClient/index.html
    [junit] 16006 ms. Memory: 2585600K Free: 986170K (38%)
    [junit] ####### 47 Fri May 11 01:21:43 UTC 2018 $PTII/bin/ptinvoke ptolemy.vergil.basic.export.ExportModel -force htm -run -openComposites -timeOut 30000 -whiteBackground ptolemy/actor/lib/jjs/modules/iotAuth/demo/SecureCommServer/SecureCommServer.xml $PTII/ptolemy/actor/lib/jjs/modules/iotAuth/demo/SecureCommServer/SecureCommServer
    [junit] ----------------- Fri May 11 01:21:43 UTC 2018 About to sleep for 5.0 seconds before running or rerunning.  Test is: /home/travis/build/icyphy/ptII/ptolemy/actor/lib/jjs/modules/iotAuth/demo/SecureCommServer/SecureCommServer.xml
    [junit] Done sleeping
    [junit] Running .SecureCommServer
    [junit] 14445 ms. Memory: 2228224K Free: 818949K (37%)
    [junit] Exported /home/travis/build/icyphy/ptII/ptolemy/actor/lib/jjs/modules/iotAuth/demo/SecureCommServer/SecureCommServer/index.html
    [junit] 20703 ms. Memory: 2228224K Free: 785284K (35%)
    [junit] ####### 48 Fri May 11 01:22:09 UTC 2018 $PTII/bin/ptinvoke ptolemy.vergil.basic.export.ExportModel -force htm -run -openComposites -timeOut 30000 -whiteBackground ptolemy/actor/lib/jjs/modules/iotAuth/demo/SecureCommServerClient/SecureCommServerClient.xml $PTII/ptolemy/actor/lib/jjs/modules/iotAuth/demo/SecureCommServerClient/SecureCommServerClient
    [junit] ----------------- Fri May 11 01:22:09 UTC 2018 About to sleep for 5.0 seconds before running or rerunning.  Test is: /home/travis/build/icyphy/ptII/ptolemy/actor/lib/jjs/modules/iotAuth/demo/SecureCommServerClient/SecureCommServerClient.xml
    [junit] Done sleeping
    [junit] Running .SecureCommServerClient
    [junit] 13887 ms. Memory: 2598912K Free: 901328K (35%)
    [junit] Exported /home/travis/build/icyphy/ptII/ptolemy/actor/lib/jjs/modules/iotAuth/demo/SecureCommServerClient/SecureCommServerClient/index.html
    [junit] 22480 ms. Memory: 2598912K Free: 863481K (33%)
    [junit] ####### 49 Fri May 11 01:22:36 UTC 2018 $PTII/bin/ptinvoke ptolemy.vergil.basic.export.ExportModel -force htm -run -openComposites -timeOut 30000 -whiteBackground ptolemy/actor/lib/jjs/modules/iotAuth/demo/SecureCommServerClient/SecureCommServerClientJS.xml $PTII/ptolemy/actor/lib/jjs/modules/iotAuth/demo/SecureCommServerClient/SecureCommServerClientJS
    [junit] ----------------- Fri May 11 01:22:36 UTC 2018 About to sleep for 5.0 seconds before running or rerunning.  Test is: /home/travis/build/icyphy/ptII/ptolemy/actor/lib/jjs/modules/iotAuth/demo/SecureCommServerClient/SecureCommServerClientJS.xml
    [junit] Done sleeping
    [junit] Opened file:/home/travis/build/icyphy/ptII/ptolemy/actor/lib/jjs/modules/iotAuth/demo/SecureCommServerClient/SecureCommServerClientJS.xml in 31819 ms.
    [junit] Size Statistics for .SecureCommServerClientJS
    [junit] AtomicEntities: 17
    [junit] CompositeEntities: 0
    [junit] OpaqueCompositeEntities: 0
    [junit] Relations: 18
    [junit] Attributes: 213
    [junit] Atomic Actor Names and Counts:
    [junit] org.terraswarm.accessor.JSAccessor 12
    [junit] ptolemy.actor.lib.jjs.JavaScript 5
    [junit] 
    [junit] Composite Entity Depths and Counts:
    [junit] 
    [junit] Running .SecureCommServerClientJS
    [junit] ExportHTMLTimer went off after 30000 ms., calling getDirector().finish and getDirector().stopFire()
    [junit] preinitialize() finished: 36371 ms. Memory: 2522112K Free: 649518K (26%)
    [junit] ExportHTMLTimer went off after 60000 ms., calling manager.stop().
    [junit] Manager.initialize() finished: 60535 ms. Memory: 2587648K Free: 859894K (33%)
    [junit] 60979 ms. Memory: 2587648K Free: 843586K (33%)
    [junit] ####### 50 Fri May 11 01:24:15 UTC 2018 $PTII/bin/ptinvoke ptolemy.vergil.basic.export.ExportModel -force htm -run -openComposites -timeOut 30000 -whiteBackground ptolemy/actor/lib/jjs/modules/iotAuth/demo/SecureCommServerClientWithAuthManager/SecureCommServerClientWithAuthManager.xml $PTII/ptolemy/actor/lib/jjs/modules/iotAuth/demo/SecureCommServerClientWithAuthManager/SecureCommServerClientWithAuthManager
    [junit] ----------------- Fri May 11 01:24:15 UTC 2018 About to sleep for 5.0 seconds before running or rerunning.  Test is: /home/travis/build/icyphy/ptII/ptolemy/actor/lib/jjs/modules/iotAuth/demo/SecureCommServerClientWithAuthManager/SecureCommServerClientWithAuthManager.xml
    [junit] ptolemy.kernel.util.IllegalActionException: Exceptions occurred during wrapup:
    [junit] ptolemy.kernel.util.IllegalActionException: Failure executing the wrapup function: Error: TrainableTest: The input handler of this accessor was never invoked. Usually, this is an error indicating that starvation is occurring. in <function> at line number 393 at column number 16
    [junit]   in .SecureCommServerClientJS.TrainableTest
    [junit] Because:
    [junit] Error: TrainableTest: The input handler of this accessor was never invoked. Usually, this is an error indicating that starvation is occurring. in <function> at line number 393 at column number 16
    [junit] ptolemy.kernel.util.IllegalActionException: Failure executing the wrapup function: Error: TrainableTest2: The input handler of this accessor was never invoked. Usually, this is an error indicating that starvation is occurring. in <function> at line number 393 at column number 16
    [junit]   in .SecureCommServerClientJS.TrainableTest2
    [junit] Because:
    [junit] Error: TrainableTest2: The input handler of this accessor was never invoked. Usually, this is an error indicating that starvation is occurring. in <function> at line number 393 at column number 16
    [junit] 
    [junit]   in .SecureCommServerClientJS.DE Director
    [junit] Because:
    [junit] Failure executing the wrapup function: Error: TrainableTest: The input handler of this accessor was never invoked. Usually, this is an error indicating that starvation is occurring. in <function> at line number 393 at column number 16
    [junit]   in .SecureCommServerClientJS.TrainableTest
    [junit] Because:
    [junit] Error: TrainableTest: The input handler of this accessor was never invoked. Usually, this is an error indicating that starvation is occurring. in <function> at line number 393 at column number 16
    [junit] 	at ptolemy.actor.Director.wrapup(Director.java:1736)
    [junit] 	at ptolemy.domains.de.kernel.DEDirector.wrapup(DEDirector.java:1526)
    [junit] 	at ptolemy.actor.CompositeActor.wrapup(CompositeActor.java:2735)
    [junit] 	at ptolemy.actor.Manager.wrapup(Manager.java:1512)
    [junit] 	at ptolemy.actor.Manager.execute(Manager.java:407)
    [junit] 	at ptolemy.vergil.basic.export.ExportModel$2.run(ExportModel.java:390)
    [junit] 	at java.awt.event.InvocationEvent.dispatch(InvocationEvent.java:301)
    [junit] 	at java.awt.EventQueue.dispatchEventImpl(EventQueue.java:756)
    [junit] 	at java.awt.EventQueue.access$500(EventQueue.java:97)
    [junit] 	at java.awt.EventQueue$3.run(EventQueue.java:709)
    [junit] 	at java.awt.EventQueue$3.run(EventQueue.java:703)
    [junit] 	at java.security.AccessController.doPrivileged(Native Method)
    [junit] 	at java.security.ProtectionDomain$JavaSecurityAccessImpl.doIntersectionPrivilege(ProtectionDomain.java:80)
    [junit] 	at java.awt.EventQueue.dispatchEvent(EventQueue.java:726)
    [junit] 	at java.awt.EventDispatchThread.pumpOneEventForFilters(EventDispatchThread.java:201)
    [junit] 	at java.awt.EventDispatchThread.pumpEventsForFilter(EventDispatchThread.java:116)
    [junit] 	at java.awt.EventDispatchThread.pumpEventsForHierarchy(EventDispatchThread.java:105)
    [junit] 	at java.awt.EventDispatchThread.pumpEvents(EventDispatchThread.java:101)
    [junit] 	at java.awt.EventDispatchThread.pumpEvents(EventDispatchThread.java:93)
    [junit] 	at java.awt.EventDispatchThread.run(EventDispatchThread.java:82)
    [junit] Caused by: ptolemy.kernel.util.IllegalActionException: Failure executing the wrapup function: Error: TrainableTest: The input handler of this accessor was never invoked. Usually, this is an error indicating that starvation is occurring. in <function> at line number 393 at column number 16
    [junit]   in .SecureCommServerClientJS.TrainableTest
    [junit] Because:
    [junit] Error: TrainableTest: The input handler of this accessor was never invoked. Usually, this is an error indicating that starvation is occurring. in <function> at line number 393 at column number 16
    [junit] 	at ptolemy.actor.lib.jjs.JavaScript._invokeMethodInContext(JavaScript.java:2223)
    [junit] 	at ptolemy.actor.lib.jjs.JavaScript.wrapup(JavaScript.java:2118)
    [junit] 	at ptolemy.actor.Director.wrapup(Director.java:1722)
    [junit] 	... 19 more
    [junit] Caused by: javax.script.ScriptException: Error: TrainableTest: The input handler of this accessor was never invoked. Usually, this is an error indicating that starvation is occurring. in <function> at line number 393 at column number 16
    [junit] 	at jdk.nashorn.api.scripting.NashornScriptEngine.throwAsScriptException(NashornScriptEngine.java:470)
    [junit] 	at jdk.nashorn.api.scripting.NashornScriptEngine.invokeImpl(NashornScriptEngine.java:392)
    [junit] 	at jdk.nashorn.api.scripting.NashornScriptEngine.invokeMethod(NashornScriptEngine.java:199)
    [junit] 	at ptolemy.actor.lib.jjs.JavaScript._invokeMethodInContext(JavaScript.java:2200)
    [junit] 	... 21 more
    [junit] Caused by: <function>:393:16 Error: TrainableTest: The input handler of this accessor was never invoked. Usually, this is an error indicating that starvation is occurring.
    [junit] 	at jdk.nashorn.internal.objects.NativeError.initException(NativeError.java:137)
    [junit] 	at jdk.nashorn.internal.objects.NativeError.<init>(NativeError.java:102)
    [junit] 	at jdk.nashorn.internal.objects.NativeError.<init>(NativeError.java:106)
    [junit] 	at jdk.nashorn.internal.objects.NativeError.<init>(NativeError.java:110)
    [junit] 	at jdk.nashorn.internal.objects.NativeError.constructor(NativeError.java:129)
    [junit] 	at jdk.nashorn.internal.scripts.Script$Recompilation$43947$18508$\^function\_.L:1#wrapup(<function>:393)
    [junit] 	at jdk.nashorn.internal.scripts.Script$Recompilation$43945$30328$require.L:1#Accessor#wrapup(/home/travis/build/icyphy/ptII/ptolemy/actor/lib/jjs/external/require.js#401:30<eval>:673)
    [junit] 	at jdk.nashorn.internal.runtime.ScriptFunctionData.invoke(ScriptFunctionData.java:637)
    [junit] 	at jdk.nashorn.internal.runtime.ScriptFunction.invoke(ScriptFunction.java:494)
    [junit] 	at jdk.nashorn.internal.runtime.ScriptRuntime.apply(ScriptRuntime.java:393)
    [junit] 	at jdk.nashorn.api.scripting.ScriptObjectMirror.callMember(ScriptObjectMirror.java:199)
    [junit] 	at jdk.nashorn.api.scripting.NashornScriptEngine.invokeImpl(NashornScriptEngine.java:386)
    [junit] 	... 23 more
    [junit] Caused by: ptolemy.kernel.util.IllegalActionException: Failure executing the wrapup function: Error: TrainableTest: The input handler of this accessor was never invoked. Usually, this is an error indicating that starvation is occurring. in <function> at line number 393 at column number 16
    [junit]   in .SecureCommServerClientJS.TrainableTest
    [junit] Because:
    [junit] Error: TrainableTest: The input handler of this accessor was never invoked. Usually, this is an error indicating that starvation is occurring. in <function> at line number 393 at column number 16
    [junit] 	at ptolemy.actor.lib.jjs.JavaScript._invokeMethodInContext(JavaScript.java:2223)
    [junit] 	at ptolemy.actor.lib.jjs.JavaScript.wrapup(JavaScript.java:2118)
    [junit] 	at ptolemy.actor.Director.wrapup(Director.java:1722)
    [junit] 	at ptolemy.domains.de.kernel.DEDirector.wrapup(DEDirector.java:1526)
    [junit] 	at ptolemy.actor.CompositeActor.wrapup(CompositeActor.java:2735)
    [junit] 	at ptolemy.actor.Manager.wrapup(Manager.java:1512)
    [junit] 	at ptolemy.actor.Manager.execute(Manager.java:407)
    [junit] 	at ptolemy.vergil.basic.export.ExportModel$2.run(ExportModel.java:390)
    [junit] 	at java.awt.event.InvocationEvent.dispatch(InvocationEvent.java:301)
    [junit] 	at java.awt.EventQueue.dispatchEventImpl(EventQueue.java:756)
    [junit] 	at java.awt.EventQueue.access$500(EventQueue.java:97)
    [junit] 	at java.awt.EventQueue$3.run(EventQueue.java:709)
    [junit] 	at java.awt.EventQueue$3.run(EventQueue.java:703)
    [junit] 	at java.security.AccessController.doPrivileged(Native Method)
    [junit] 	at java.security.ProtectionDomain$JavaSecurityAccessImpl.doIntersectionPrivilege(ProtectionDomain.java:80)
    [junit] 	at java.awt.EventQueue.dispatchEvent(EventQueue.java:726)
    [junit] 	at java.awt.EventDispatchThread.pumpOneEventForFilters(EventDispatchThread.java:201)
    [junit] 	at java.awt.EventDispatchThread.pumpEventsForFilter(EventDispatchThread.java:116)
    [junit] 	at java.awt.EventDispatchThread.pumpEventsForHierarchy(EventDispatchThread.java:105)
    [junit] 	at java.awt.EventDispatchThread.pumpEvents(EventDispatchThread.java:101)
    [junit] 	at java.awt.EventDispatchThread.pumpEvents(EventDispatchThread.java:93)
    [junit] 	at java.awt.EventDispatchThread.run(EventDispatchThread.java:82)
    [junit] Caused by: javax.script.ScriptException: Error: TrainableTest: The input handler of this accessor was never invoked. Usually, this is an error indicating that starvation is occurring. in <function> at line number 393 at column number 16
    [junit] 	at jdk.nashorn.api.scripting.NashornScriptEngine.throwAsScriptException(NashornScriptEngine.java:470)
    [junit] 	at jdk.nashorn.api.scripting.NashornScriptEngine.invokeImpl(NashornScriptEngine.java:392)
    [junit] 	at jdk.nashorn.api.scripting.NashornScriptEngine.invokeMethod(NashornScriptEngine.java:199)
    [junit] 	at ptolemy.actor.lib.jjs.JavaScript._invokeMethodInContext(JavaScript.java:2200)
    [junit] 	... 21 more
    [junit] Caused by: <function>:393:16 Error: TrainableTest: The input handler of this accessor was never invoked. Usually, this is an error indicating that starvation is occurring.
    [junit] 	at jdk.nashorn.internal.objects.NativeError.initException(NativeError.java:137)
    [junit] 	at jdk.nashorn.internal.objects.NativeError.<init>(NativeError.java:102)
    [junit] 	at jdk.nashorn.internal.objects.NativeError.<init>(NativeError.java:106)
    [junit] 	at jdk.nashorn.internal.objects.NativeError.<init>(NativeError.java:110)
    [junit] 	at jdk.nashorn.internal.objects.NativeError.constructor(NativeError.java:129)
    [junit] 	at jdk.nashorn.internal.scripts.Script$Recompilation$43947$18508$\^function\_.L:1#wrapup(<function>:393)
    [junit] 	at jdk.nashorn.internal.scripts.Script$Recompilation$43945$30328$require.L:1#Accessor#wrapup(/home/travis/build/icyphy/ptII/ptolemy/actor/lib/jjs/external/require.js#401:30<eval>:673)
    [junit] 	at jdk.nashorn.internal.runtime.ScriptFunctionData.invoke(ScriptFunctionData.java:637)
    [junit] 	at jdk.nashorn.internal.runtime.ScriptFunction.invoke(ScriptFunction.java:494)
    [junit] 	at jdk.nashorn.internal.runtime.ScriptRuntime.apply(ScriptRuntime.java:393)
    [junit] 	at jdk.nashorn.api.scripting.ScriptObjectMirror.callMember(ScriptObjectMirror.java:199)
    [junit] 	at jdk.nashorn.api.scripting.NashornScriptEngine.invokeImpl(NashornScriptEngine.java:386)
    [junit] 	... 23 more
    [junit] Caused by: javax.script.ScriptException: Error: TrainableTest: The input handler of this accessor was never invoked. Usually, this is an error indicating that starvation is occurring. in <function> at line number 393 at column number 16
    [junit] 	at jdk.nashorn.api.scripting.NashornScriptEngine.throwAsScriptException(NashornScriptEngine.java:470)
    [junit] 	at jdk.nashorn.api.scripting.NashornScriptEngine.invokeImpl(NashornScriptEngine.java:392)
    [junit] 	at jdk.nashorn.api.scripting.NashornScriptEngine.invokeMethod(NashornScriptEngine.java:199)
    [junit] 	at ptolemy.actor.lib.jjs.JavaScript._invokeMethodInContext(JavaScript.java:2200)
    [junit] 	at ptolemy.actor.lib.jjs.JavaScript.wrapup(JavaScript.java:2118)
    [junit] 	at ptolemy.actor.Director.wrapup(Director.java:1722)
    [junit] 	at ptolemy.domains.de.kernel.DEDirector.wrapup(DEDirector.java:1526)
    [junit] 	at ptolemy.actor.CompositeActor.wrapup(CompositeActor.java:2735)
    [junit] 	at ptolemy.actor.Manager.wrapup(Manager.java:1512)
    [junit] 	at ptolemy.actor.Manager.execute(Manager.java:407)
    [junit] 	at ptolemy.vergil.basic.export.ExportModel$2.run(ExportModel.java:390)
    [junit] 	at java.awt.event.InvocationEvent.dispatch(InvocationEvent.java:301)
    [junit] 	at java.awt.EventQueue.dispatchEventImpl(EventQueue.java:756)
    [junit] 	at java.awt.EventQueue.access$500(EventQueue.java:97)
    [junit] 	at java.awt.EventQueue$3.run(EventQueue.java:709)
    [junit] 	at java.awt.EventQueue$3.run(EventQueue.java:703)
    [junit] 	at java.security.AccessController.doPrivileged(Native Method)
    [junit] 	at java.security.ProtectionDomain$JavaSecurityAccessImpl.doIntersectionPrivilege(ProtectionDomain.java:80)
    [junit] 	at java.awt.EventQueue.dispatchEvent(EventQueue.java:726)
    [junit] 	at java.awt.EventDispatchThread.pumpOneEventForFilters(EventDispatchThread.java:201)
    [junit] 	at java.awt.EventDispatchThread.pumpEventsForFilter(EventDispatchThread.java:116)
    [junit] 	at java.awt.EventDispatchThread.pumpEventsForHierarchy(EventDispatchThread.java:105)
    [junit] 	at java.awt.EventDispatchThread.pumpEvents(EventDispatchThread.java:101)
    [junit] 	at java.awt.EventDispatchThread.pumpEvents(EventDispatchThread.java:93)
    [junit] 	at java.awt.EventDispatchThread.run(EventDispatchThread.java:82)
    [junit] Caused by: <function>:393:16 Error: TrainableTest: The input handler of this accessor was never invoked. Usually, this is an error indicating that starvation is occurring.
    [junit] 	at jdk.nashorn.internal.objects.NativeError.initException(NativeError.java:137)
    [junit] 	at jdk.nashorn.internal.objects.NativeError.<init>(NativeError.java:102)
    [junit] 	at jdk.nashorn.internal.objects.NativeError.<init>(NativeError.java:106)
    [junit] 	at jdk.nashorn.internal.objects.NativeError.<init>(NativeError.java:110)
    [junit] 	at jdk.nashorn.internal.objects.NativeError.constructor(NativeError.java:129)
    [junit] 	at jdk.nashorn.internal.scripts.Script$Recompilation$43947$18508$\^function\_.L:1#wrapup(<function>:393)
    [junit] 	at jdk.nashorn.internal.scripts.Script$Recompilation$43945$30328$require.L:1#Accessor#wrapup(/home/travis/build/icyphy/ptII/ptolemy/actor/lib/jjs/external/require.js#401:30<eval>:673)
    [junit] 	at jdk.nashorn.internal.runtime.ScriptFunctionData.invoke(ScriptFunctionData.java:637)
    [junit] 	at jdk.nashorn.internal.runtime.ScriptFunction.invoke(ScriptFunction.java:494)
    [junit] 	at jdk.nashorn.internal.runtime.ScriptRuntime.apply(ScriptRuntime.java:393)
    [junit] 	at jdk.nashorn.api.scripting.ScriptObjectMirror.callMember(ScriptObjectMirror.java:199)
    [junit] 	at jdk.nashorn.api.scripting.NashornScriptEngine.invokeImpl(NashornScriptEngine.java:386)
    [junit] 	... 23 more
    [junit] java.lang.reflect.InvocationTargetException
    [junit] 	at java.awt.EventQueue.invokeAndWait(EventQueue.java:1321)
    [junit] 	at java.awt.EventQueue.invokeAndWait(EventQueue.java:1296)
    [junit] 	at javax.swing.SwingUtilities.invokeAndWait(SwingUtilities.java:1348)
    [junit] 	at ptolemy.vergil.basic.export.ExportModel.exportModel(ExportModel.java:401)
    [junit] 	at ptolemy.vergil.basic.export.test.junit.ExportModelJUnitTest.RunExportModel(ExportModelJUnitTest.java:153)
    [junit] 	at ptolemy.vergil.basic.export.test.junit.ExportModelJUnitTestBatch.RunExportModel(ExportModelJUnitTestBatch.java:93)
    [junit] 	at sun.reflect.GeneratedMethodAccessor23.invoke(Unknown Source)
    [junit] 	at sun.reflect.DelegatingMethodAccessorImpl.invoke(DelegatingMethodAccessorImpl.java:43)
    [junit] 	at java.lang.reflect.Method.invoke(Method.java:498)
    [junit] 	at org.junit.runners.model.FrameworkMethod$1.runReflectiveCall(FrameworkMethod.java:44)
    [junit] 	at org.junit.internal.runners.model.ReflectiveCallable.run(ReflectiveCallable.java:15)
    [junit] 	at org.junit.runners.model.FrameworkMethod.invokeExplosively(FrameworkMethod.java:41)
    [junit] 	at junitparams.internal.InvokeParameterisedMethod.evaluate(InvokeParameterisedMethod.java:102)
    [junit] 	at junitparams.internal.ParameterisedTestMethodRunner.runMethodInvoker(ParameterisedTestMethodRunner.java:47)
    [junit] 	at junitparams.internal.ParameterisedTestMethodRunner.runTestMethod(ParameterisedTestMethodRunner.java:41)
    [junit] 	at junitparams.internal.ParameterisedTestClassRunner.runParameterisedTest(ParameterisedTestClassRunner.java:143)
    [junit] 	at junitparams.JUnitParamsRunner.runChild(JUnitParamsRunner.java:237)
    [junit] 	at junitparams.JUnitParamsRunner.runChild(JUnitParamsRunner.java:215)
    [junit] 	at org.junit.runners.ParentRunner$3.run(ParentRunner.java:193)
    [junit] 	at org.junit.runners.ParentRunner$1.schedule(ParentRunner.java:52)
    [junit] 	at org.junit.runners.ParentRunner.runChildren(ParentRunner.java:191)
    [junit] 	at org.junit.runners.ParentRunner.access$000(ParentRunner.java:42)
    [junit] 	at org.junit.runners.ParentRunner$2.evaluate(ParentRunner.java:184)
    [junit] 	at org.junit.runners.ParentRunner.run(ParentRunner.java:236)
    [junit] 	at junit.framework.JUnit4TestAdapter.run(JUnit4TestAdapter.java:39)
    [junit] 	at org.apache.tools.ant.taskdefs.optional.junit.JUnitTestRunner.run(JUnitTestRunner.java:535)
    [junit] 	at org.apache.tools.ant.taskdefs.optional.junit.JUnitTestRunner.launch(JUnitTestRunner.java:1182)
    [junit] 	at org.apache.tools.ant.taskdefs.optional.junit.JUnitTestRunner.main(JUnitTestRunner.java:1033)
    [junit] Caused by: java.lang.RuntimeException: ptolemy.kernel.util.IllegalActionException: Exceptions occurred during wrapup:
    [junit] ptolemy.kernel.util.IllegalActionException: Failure executing the wrapup function: Error: TrainableTest: The input handler of this accessor was never invoked. Usually, this is an error indicating that starvation is occurring. in <function> at line number 393 at column number 16
    [junit]   in .SecureCommServerClientJS.TrainableTest
    [junit] Because:
    [junit] Error: TrainableTest: The input handler of this accessor was never invoked. Usually, this is an error indicating that starvation is occurring. in <function> at line number 393 at column number 16
    [junit] ptolemy.kernel.util.IllegalActionException: Failure executing the wrapup function: Error: TrainableTest2: The input handler of this accessor was never invoked. Usually, this is an error indicating that starvation is occurring. in <function> at line number 393 at column number 16
    [junit]   in .SecureCommServerClientJS.TrainableTest2
    [junit] Because:
    [junit] Error: TrainableTest2: The input handler of this accessor was never invoked. Usually, this is an error indicating that starvation is occurring. in <function> at line number 393 at column number 16
    [junit] 
    [junit]   in .SecureCommServerClientJS.DE Director
    [junit] Because:
    [junit] Failure executing the wrapup function: Error: TrainableTest: The input handler of this accessor was never invoked. Usually, this is an error indicating that starvation is occurring. in <function> at line number 393 at column number 16
    [junit]   in .SecureCommServerClientJS.TrainableTest
    [junit] Because:
    [junit] Error: TrainableTest: The input handler of this accessor was never invoked. Usually, this is an error indicating that starvation is occurring. in <function> at line number 393 at column number 16
    [junit] 	at ptolemy.vergil.basic.export.ExportModel$2.run(ExportModel.java:397)
    [junit] 	at java.awt.event.InvocationEvent.dispatch(InvocationEvent.java:301)
    [junit] 	at java.awt.EventQueue.dispatchEventImpl(EventQueue.java:756)
    [junit] 	at java.awt.EventQueue.access$500(EventQueue.java:97)
    [junit] 	at java.awt.EventQueue$3.run(EventQueue.java:709)
    [junit] 	at java.awt.EventQueue$3.run(EventQueue.java:703)
    [junit] 	at java.security.AccessController.doPrivileged(Native Method)
    [junit] 	at java.security.ProtectionDomain$JavaSecurityAccessImpl.doIntersectionPrivilege(ProtectionDomain.java:80)
    [junit] 	at java.awt.EventQueue.dispatchEvent(EventQueue.java:726)
    [junit] 	at java.awt.EventDispatchThread.pumpOneEventForFilters(EventDispatchThread.java:201)
    [junit] 	at java.awt.EventDispatchThread.pumpEventsForFilter(EventDispatchThread.java:116)
    [junit] 	at java.awt.EventDispatchThread.pumpEventsForHierarchy(EventDispatchThread.java:105)
    [junit] 	at java.awt.EventDispatchThread.pumpEvents(EventDispatchThread.java:101)
    [junit] 	at java.awt.EventDispatchThread.pumpEvents(EventDispatchThread.java:93)
    [junit] 	at java.awt.EventDispatchThread.run(EventDispatchThread.java:82)
    [junit] Caused by: ptolemy.kernel.util.IllegalActionException: Exceptions occurred during wrapup:
    [junit] ptolemy.kernel.util.IllegalActionException: Failure executing the wrapup function: Error: TrainableTest: The input handler of this accessor was never invoked. Usually, this is an error indicating that starvation is occurring. in <function> at line number 393 at column number 16
    [junit]   in .SecureCommServerClientJS.TrainableTest
    [junit] Because:
    [junit] Error: TrainableTest: The input handler of this accessor was never invoked. Usually, this is an error indicating that starvation is occurring. in <function> at line number 393 at column number 16
    [junit] ptolemy.kernel.util.IllegalActionException: Failure executing the wrapup function: Error: TrainableTest2: The input handler of this accessor was never invoked. Usually, this is an error indicating that starvation is occurring. in <function> at line number 393 at column number 16
    [junit]   in .SecureCommServerClientJS.TrainableTest2
    [junit] Because:
    [junit] Error: TrainableTest2: The input handler of this accessor was never invoked. Usually, this is an error indicating that starvation is occurring. in <function> at line number 393 at column number 16
    [junit] 
    [junit]   in .SecureCommServerClientJS.DE Director
    [junit] Because:
    [junit] Failure executing the wrapup function: Error: TrainableTest: The input handler of this accessor was never invoked. Usually, this is an error indicating that starvation is occurring. in <function> at line number 393 at column number 16
    [junit]   in .SecureCommServerClientJS.TrainableTest
    [junit] Because:
    [junit] Error: TrainableTest: The input handler of this accessor was never invoked. Usually, this is an error indicating that starvation is occurring. in <function> at line number 393 at column number 16
    [junit] 	at ptolemy.actor.Director.wrapup(Director.java:1736)
    [junit] 	at ptolemy.domains.de.kernel.DEDirector.wrapup(DEDirector.java:1526)
    [junit] 	at ptolemy.actor.CompositeActor.wrapup(CompositeActor.java:2735)
    [junit] 	at ptolemy.actor.Manager.wrapup(Manager.java:1512)
    [junit] 	at ptolemy.actor.Manager.execute(Manager.java:407)
    [junit] 	at ptolemy.vergil.basic.export.ExportModel$2.run(ExportModel.java:390)
    [junit] 	... 14 more
    [junit] Caused by: ptolemy.kernel.util.IllegalActionException: Failure executing the wrapup function: Error: TrainableTest: The input handler of this accessor was never invoked. Usually, this is an error indicating that starvation is occurring. in <function> at line number 393 at column number 16
    [junit]   in .SecureCommServerClientJS.TrainableTest
    [junit] Because:
    [junit] Error: TrainableTest: The input handler of this accessor was never invoked. Usually, this is an error indicating that starvation is occurring. in <function> at line number 393 at column number 16
    [junit] 	at ptolemy.actor.lib.jjs.JavaScript._invokeMethodInContext(JavaScript.java:2223)
    [junit] 	at ptolemy.actor.lib.jjs.JavaScript.wrapup(JavaScript.java:2118)
    [junit] 	at ptolemy.actor.Director.wrapup(Director.java:1722)
    [junit] 	... 19 more
    [junit] Caused by: javax.script.ScriptException: Error: TrainableTest: The input handler of this accessor was never invoked. Usually, this is an error indicating that starvation is occurring. in <function> at line number 393 at column number 16
    [junit] 	at jdk.nashorn.api.scripting.NashornScriptEngine.throwAsScriptException(NashornScriptEngine.java:470)
    [junit] 	at jdk.nashorn.api.scripting.NashornScriptEngine.invokeImpl(NashornScriptEngine.java:392)
    [junit] 	at jdk.nashorn.api.scripting.NashornScriptEngine.invokeMethod(NashornScriptEngine.java:199)
    [junit] 	at ptolemy.actor.lib.jjs.JavaScript._invokeMethodInContext(JavaScript.java:2200)
    [junit] 	... 21 more
    [junit] Caused by: <function>:393:16 Error: TrainableTest: The input handler of this accessor was never invoked. Usually, this is an error indicating that starvation is occurring.
    [junit] 	at jdk.nashorn.internal.objects.NativeError.initException(NativeError.java:137)
    [junit] 	at jdk.nashorn.internal.objects.NativeError.<init>(NativeError.java:102)
    [junit] 	at jdk.nashorn.internal.objects.NativeError.<init>(NativeError.java:106)
    [junit] 	at jdk.nashorn.internal.objects.NativeError.<init>(NativeError.java:110)
    [junit] 	at jdk.nashorn.internal.objects.NativeError.constructor(NativeError.java:129)
    [junit] 	at jdk.nashorn.internal.scripts.Script$Recompilation$43947$18508$\^function\_.L:1#wrapup(<function>:393)
    [junit] 	at jdk.nashorn.internal.scripts.Script$Recompilation$43945$30328$require.L:1#Accessor#wrapup(/home/travis/build/icyphy/ptII/ptolemy/actor/lib/jjs/external/require.js#401:30<eval>:673)
    [junit] 	at jdk.nashorn.internal.runtime.ScriptFunctionData.invoke(ScriptFunctionData.java:637)
    [junit] 	at jdk.nashorn.internal.runtime.ScriptFunction.invoke(ScriptFunction.java:494)
    [junit] 	at jdk.nashorn.internal.runtime.ScriptRuntime.apply(ScriptRuntime.java:393)
    [junit] 	at jdk.nashorn.api.scripting.ScriptObjectMirror.callMember(ScriptObjectMirror.java:199)
    [junit] 	at jdk.nashorn.api.scripting.NashornScriptEngine.invokeImpl(NashornScriptEngine.java:386)
    [junit] 	... 23 more
    [junit] Done sleeping
    [junit] Running .SecureCommServerClientWithAuthManager
    [junit] AuthManager._cloneOrPull(/home/travis/build/icyphy/ptII/vendors/iotauth, https://github.com/iotauth/iotauth.git, -1
    [junit] In "/home/travis/build/icyphy/ptII/vendors/iotauth", about to execute:
    [junit]     git clone https://github.com/iotauth/iotauth.git .
    [junit] Cloning into '.'...
    [junit] All Done
    [junit] patternLog: 
    [junit] AuthManager._generateCredentials(/home/travis/build/icyphy/ptII/vendors/iotauth, examples)
    [junit] Manager.initialize() finished: 12006 ms. Memory: 2866688K Free: 1028501K (36%)
    [junit] 17063 ms. Memory: 2866688K Free: 1028467K (36%)
    [junit] Exported /home/travis/build/icyphy/ptII/ptolemy/actor/lib/jjs/modules/iotAuth/demo/SecureCommServerClientWithAuthManager/SecureCommServerClientWithAuthManager/index.html
    [junit] 25858 ms. Memory: 2866688K Free: 976218K (34%)
    [junit] ####### 51 Fri May 11 01:24:46 UTC 2018 $PTII/bin/ptinvoke ptolemy.vergil.basic.export.ExportModel -force htm -run -openComposites -timeOut 30000 -whiteBackground ptolemy/actor/lib/jjs/modules/iotAuth/demo/SecurePubSub/SecurePubSub.xml $PTII/ptolemy/actor/lib/jjs/modules/iotAuth/demo/SecurePubSub/SecurePubSub
    [junit] ----------------- Fri May 11 01:24:46 UTC 2018 About to sleep for 5.0 seconds before running or rerunning.  Test is: /home/travis/build/icyphy/ptII/ptolemy/actor/lib/jjs/modules/iotAuth/demo/SecurePubSub/SecurePubSub.xml
    [junit] Done sleeping
    [junit] Running .SecurePubSub
    [junit] 19007 ms. Memory: 2865664K Free: 793212K (28%)
    [junit] Exported /home/travis/build/icyphy/ptII/ptolemy/actor/lib/jjs/modules/iotAuth/demo/SecurePubSub/SecurePubSub/index.html
    [junit] 28126 ms. Memory: 2865664K Free: 740400K (26%)
    [junit] ####### 52 Fri May 11 01:25:19 UTC 2018 $PTII/bin/ptinvoke ptolemy.vergil.basic.export.ExportModel -force htm -run -openComposites -timeOut 30000 -whiteBackground ptolemy/actor/lib/jjs/modules/localStorage/demo/LocalStorage/LocalStorage.xml $PTII/ptolemy/actor/lib/jjs/modules/localStorage/demo/LocalStorage/LocalStorage
    [junit] ----------------- Fri May 11 01:25:19 UTC 2018 About to sleep for 5.0 seconds before running or rerunning.  Test is: /home/travis/build/icyphy/ptII/ptolemy/actor/lib/jjs/modules/localStorage/demo/LocalStorage/LocalStorage.xml
    [junit] Done sleeping
    [junit] Running .LocalStorage
    [junit] 3999 ms. Memory: 2894336K Free: 1150059K (40%)
    [junit] Exported /home/travis/build/icyphy/ptII/ptolemy/actor/lib/jjs/modules/localStorage/demo/LocalStorage/LocalStorage/index.html
    [junit] 10147 ms. Memory: 2894336K Free: 1109633K (38%)
    [junit] ####### 53 Fri May 11 01:25:34 UTC 2018 $PTII/bin/ptinvoke ptolemy.vergil.basic.export.ExportModel -force htm -run -openComposites -timeOut 30000 -whiteBackground ptolemy/actor/lib/jjs/modules/mqtt/demo/MQTTPubSub/MQTTPubSub.xml $PTII/ptolemy/actor/lib/jjs/modules/mqtt/demo/MQTTPubSub/MQTTPubSub
    [junit] ----------------- Fri May 11 01:25:34 UTC 2018 About to sleep for 5.0 seconds before running or rerunning.  Test is: /home/travis/build/icyphy/ptII/ptolemy/actor/lib/jjs/modules/mqtt/demo/MQTTPubSub/MQTTPubSub.xml
    [junit] Done sleeping
    [junit] Running .MQTTPubSub
    [junit] 19530 ms. Memory: 2980864K Free: 1603707K (54%)
    [junit] Exported /home/travis/build/icyphy/ptII/ptolemy/actor/lib/jjs/modules/mqtt/demo/MQTTPubSub/MQTTPubSub/index.html
    [junit] 27681 ms. Memory: 2980864K Free: 1565944K (53%)
    [junit] ####### 54 Fri May 11 01:26:07 UTC 2018 $PTII/bin/ptinvoke ptolemy.vergil.basic.export.ExportModel -force htm -run -openComposites -timeOut 30000 -whiteBackground ptolemy/actor/lib/jjs/modules/socket/demo/SecureSocket/SecureSocket.xml $PTII/ptolemy/actor/lib/jjs/modules/socket/demo/SecureSocket/SecureSocket
    [junit] ----------------- Fri May 11 01:26:07 UTC 2018 About to sleep for 5.0 seconds before running or rerunning.  Test is: /home/travis/build/icyphy/ptII/ptolemy/actor/lib/jjs/modules/socket/demo/SecureSocket/SecureSocket.xml
    [junit] Done sleeping
    [junit] Running .SecureSocket
    [junit] 17045 ms. Memory: 2981888K Free: 1611355K (54%)
    [junit] Exported /home/travis/build/icyphy/ptII/ptolemy/actor/lib/jjs/modules/socket/demo/SecureSocket/SecureSocket/index.html
    [junit] 24990 ms. Memory: 2981888K Free: 1573316K (53%)
    [junit] ####### 55 Fri May 11 01:26:37 UTC 2018 $PTII/bin/ptinvoke ptolemy.vergil.basic.export.ExportModel -force htm -run -openComposites -timeOut 30000 -whiteBackground ptolemy/actor/lib/jjs/modules/socket/demo/SocketDoubleArrayBatched/SocketDoubleArrayBatched.xml $PTII/ptolemy/actor/lib/jjs/modules/socket/demo/SocketDoubleArrayBatched/SocketDoubleArrayBatched
    [junit] ----------------- Fri May 11 01:26:37 UTC 2018 About to sleep for 5.0 seconds before running or rerunning.  Test is: /home/travis/build/icyphy/ptII/ptolemy/actor/lib/jjs/modules/socket/demo/SocketDoubleArrayBatched/SocketDoubleArrayBatched.xml
    [junit] Done sleeping
    [junit] Running .SocketDoubleArrayBatched
    [junit] 9485 ms. Memory: 2984960K Free: 1656861K (56%)
    [junit] Exported /home/travis/build/icyphy/ptII/ptolemy/actor/lib/jjs/modules/socket/demo/SocketDoubleArrayBatched/SocketDoubleArrayBatched/index.html
    [junit] 17494 ms. Memory: 2984960K Free: 1618956K (54%)
    [junit] ####### 56 Fri May 11 01:26:59 UTC 2018 $PTII/bin/ptinvoke ptolemy.vergil.basic.export.ExportModel -force htm -run -openComposites -timeOut 30000 -whiteBackground ptolemy/actor/lib/jjs/modules/socket/demo/SocketImage/SocketImage.xml $PTII/ptolemy/actor/lib/jjs/modules/socket/demo/SocketImage/SocketImage
    [junit] ----------------- Fri May 11 01:26:59 UTC 2018 About to sleep for 5.0 seconds before running or rerunning.  Test is: /home/travis/build/icyphy/ptII/ptolemy/actor/lib/jjs/modules/socket/demo/SocketImage/SocketImage.xml
    [junit] Done sleeping
    [junit] Running .SocketImage
    [junit] [atomic-processor-1] INFO com.github.sarxos.webcam.ds.cgt.WebcamOpenTask - Opening webcam Dummy Webcam 0
    [junit] Manager.initialize() finished: 11358 ms. Memory: 3002368K Free: 1349759K (45%)
    [junit] ExportHTMLTimer went off after 30000 ms., calling getDirector().finish and getDirector().stopFire()
    [junit] 30111 ms. Memory: 2894848K Free: 651173K (22%)
    [junit] [atomic-processor-1] INFO com.github.sarxos.webcam.ds.cgt.WebcamCloseTask - Closing Dummy Webcam 0
    [junit] WARNING: Camera: Model stopped before executing actions (e.g. producing outputs) scheduled for execution at times [18.647000000000002]
    [junit] Exported /home/travis/build/icyphy/ptII/ptolemy/actor/lib/jjs/modules/socket/demo/SocketImage/SocketImage/index.html
    [junit] 40220 ms. Memory: 2894848K Free: 616846K (21%)
    [junit] ####### 57 Fri May 11 01:27:45 UTC 2018 $PTII/bin/ptinvoke ptolemy.vergil.basic.export.ExportModel -force htm -run -openComposites -timeOut 30000 -whiteBackground ptolemy/actor/lib/jjs/modules/socket/demo/SocketString/SocketString.xml $PTII/ptolemy/actor/lib/jjs/modules/socket/demo/SocketString/SocketString
    [junit] ----------------- Fri May 11 01:27:45 UTC 2018 About to sleep for 5.0 seconds before running or rerunning.  Test is: /home/travis/build/icyphy/ptII/ptolemy/actor/lib/jjs/modules/socket/demo/SocketString/SocketString.xml
    [junit] Done sleeping
    [junit] Running .SocketString
    [junit] May 11, 2018 1:28:04 AM org.eclipse.paho.client.mqttv3.internal.ClientState checkForActivity
    [junit] SEVERE: mqttpt_-2417000960333669532: Timed out as no activity, keepAlive=60,000 lastOutboundActivity=1,526,002,024,387 lastInboundActivity=1,526,001,960,704 time=1,526,002,084,387 lastPing=1,526,002,024,387
    [junit] 12267 ms. Memory: 2951168K Free: 934549K (32%)
    [junit] Exported /home/travis/build/icyphy/ptII/ptolemy/actor/lib/jjs/modules/socket/demo/SocketString/SocketString/index.html
    [junit] 20403 ms. Memory: 2951168K Free: 914343K (31%)
    [junit] ####### 58 Fri May 11 01:28:10 UTC 2018 $PTII/bin/ptinvoke ptolemy.vergil.basic.export.ExportModel -force htm -run -openComposites -timeOut 30000 -whiteBackground ptolemy/actor/lib/jjs/modules/socket/demo/SocketUnsignedShort/SocketUnsignedShort.xml $PTII/ptolemy/actor/lib/jjs/modules/socket/demo/SocketUnsignedShort/SocketUnsignedShort
    [junit] ----------------- Fri May 11 01:28:10 UTC 2018 About to sleep for 5.0 seconds before running or rerunning.  Test is: /home/travis/build/icyphy/ptII/ptolemy/actor/lib/jjs/modules/socket/demo/SocketUnsignedShort/SocketUnsignedShort.xml
    [junit] Done sleeping
    [junit] Running .SocketUnsignedShort
    [junit] Client: Sending data: -1,0,1,65535,65536 (Thread[AWT-EventQueue-0,6,main])
    [junit] 9476 ms. Memory: 2923008K Free: 856415K (29%)
    [junit] Exported /home/travis/build/icyphy/ptII/ptolemy/actor/lib/jjs/modules/socket/demo/SocketUnsignedShort/SocketUnsignedShort/index.html
    [junit] 17829 ms. Memory: 2923008K Free: 831251K (28%)
    [junit] ####### 59 Fri May 11 01:28:33 UTC 2018 $PTII/bin/ptinvoke ptolemy.vergil.basic.export.ExportModel -force htm  -openComposites -timeOut 30000 -whiteBackground ptolemy/actor/lib/jjs/modules/socket/demo/TCPSocket/TCPSocket.xml $PTII/ptolemy/actor/lib/jjs/modules/socket/demo/TCPSocket/TCPSocket
    [junit] Warning: not running ptolemy/actor/lib/jjs/modules/socket/demo/TCPSocket/TCPSocket.xml. See ptolemy/vergil/basic/export/test/junit/ExportModelJUnitTest.java
    [junit] ----------------- Fri May 11 01:28:33 UTC 2018 About to sleep for 5.0 seconds before running or rerunning.  Test is: /home/travis/build/icyphy/ptII/ptolemy/actor/lib/jjs/modules/socket/demo/TCPSocket/TCPSocket.xml
    [junit] Done sleeping
    [junit] Exported /home/travis/build/icyphy/ptII/ptolemy/actor/lib/jjs/modules/socket/demo/TCPSocket/TCPSocket/index.html
    [junit] 3135 ms. Memory: 2923008K Free: 707985K (24%)
    [junit] ####### 60 Fri May 11 01:28:41 UTC 2018 $PTII/bin/ptinvoke ptolemy.vergil.basic.export.ExportModel -force htm -run -openComposites -timeOut 30000 -whiteBackground ptolemy/actor/lib/jjs/modules/socket/demo/TCPSocket/TCPSocketDoubleArrayBatched.xml $PTII/ptolemy/actor/lib/jjs/modules/socket/demo/TCPSocket/TCPSocketDoubleArrayBatched
    [junit] ----------------- Fri May 11 01:28:41 UTC 2018 About to sleep for 5.0 seconds before running or rerunning.  Test is: /home/travis/build/icyphy/ptII/ptolemy/actor/lib/jjs/modules/socket/demo/TCPSocket/TCPSocketDoubleArrayBatched.xml
    [junit] Done sleeping
    [junit] Running .TCPSocketDoubleArrayBatched
    [junit] 10147 ms. Memory: 2938880K Free: 646968K (22%)
    [junit] Exported /home/travis/build/icyphy/ptII/ptolemy/actor/lib/jjs/modules/socket/demo/TCPSocket/TCPSocketDoubleArrayBatched/index.html
    [junit] 18601 ms. Memory: 2929664K Free: 1377203K (47%)
    [junit] ####### 61 Fri May 11 01:29:05 UTC 2018 $PTII/bin/ptinvoke ptolemy.vergil.basic.export.ExportModel -force htm -run -openComposites -timeOut 30000 -whiteBackground ptolemy/actor/lib/jjs/modules/socket/demo/TCPSocket/TCPSocketImage.xml $PTII/ptolemy/actor/lib/jjs/modules/socket/demo/TCPSocket/TCPSocketImage
    [junit] ----------------- Fri May 11 01:29:05 UTC 2018 About to sleep for 5.0 seconds before running or rerunning.  Test is: /home/travis/build/icyphy/ptII/ptolemy/actor/lib/jjs/modules/socket/demo/TCPSocket/TCPSocketImage.xml
    [junit] Done sleeping
    [junit] Running .TCPSocketImage
    [junit] [atomic-processor-1] INFO com.github.sarxos.webcam.ds.cgt.WebcamOpenTask - Opening webcam Dummy Webcam 0
    [junit] Manager.initialize() finished: 12391 ms. Memory: 2946560K Free: 875113K (30%)
    [junit] ExportHTMLTimer went off after 30000 ms., calling getDirector().finish and getDirector().stopFire()
    [junit] WARNING: Invoking send() too late (probably in a callback), so Camera is not able to send the token {type="class ptolemy.data.AWTImageToken", width="640", height="480"} to the output image. Token is discarded.
    [junit] May 11, 2018 1:29:49 AM io.vertx.core.impl.BlockedThreadChecker
    [junit] WARNING: Thread Thread[vert.x-eventloop-thread-0,6,main] has been blocked for 2666 ms, time limit is 2000
    [junit] [atomic-processor-1] INFO com.github.sarxos.webcam.ds.cgt.WebcamCloseTask - Closing Dummy Webcam 0
    [junit] 31682 ms. Memory: 3456000K Free: 1856272K (54%)
    [junit] Exported /home/travis/build/icyphy/ptII/ptolemy/actor/lib/jjs/modules/socket/demo/TCPSocket/TCPSocketImage/index.html
    [junit] 42326 ms. Memory: 3456000K Free: 1824969K (53%)
    [junit] ####### 62 Fri May 11 01:29:52 UTC 2018 $PTII/bin/ptinvoke ptolemy.vergil.basic.export.ExportModel -force htm -run -openComposites -timeOut 30000 -whiteBackground ptolemy/actor/lib/jjs/modules/socket/demo/TCPSocket/TCPSocketSecureServerClient.xml $PTII/ptolemy/actor/lib/jjs/modules/socket/demo/TCPSocket/TCPSocketSecureServerClient
    [junit] ----------------- Fri May 11 01:29:52 UTC 2018 About to sleep for 5.0 seconds before running or rerunning.  Test is: /home/travis/build/icyphy/ptII/ptolemy/actor/lib/jjs/modules/socket/demo/TCPSocket/TCPSocketSecureServerClient.xml
    [junit] Done sleeping
    [junit] Running .TCPSocketSecureServerClient
    [junit] preinitialize() finished: 10053 ms. Memory: 3461632K Free: 1470415K (42%)
    [junit] Manager.initialize() finished: 17629 ms. Memory: 3461632K Free: 1075297K (31%)
    [junit] 22792 ms. Memory: 3461632K Free: 1030467K (30%)
    [junit] Exported /home/travis/build/icyphy/ptII/ptolemy/actor/lib/jjs/modules/socket/demo/TCPSocket/TCPSocketSecureServerClient/index.html
    [junit] 36212 ms. Memory: 3461632K Free: 993204K (29%)
    [junit] ####### 63 Fri May 11 01:30:33 UTC 2018 $PTII/bin/ptinvoke ptolemy.vergil.basic.export.ExportModel -force htm -run -openComposites -timeOut 30000 -whiteBackground ptolemy/actor/lib/jjs/modules/socket/demo/TCPSocket/TCPSocketTwoClients.xml $PTII/ptolemy/actor/lib/jjs/modules/socket/demo/TCPSocket/TCPSocketTwoClients
    [junit] ----------------- Fri May 11 01:30:33 UTC 2018 About to sleep for 5.0 seconds before running or rerunning.  Test is: /home/travis/build/icyphy/ptII/ptolemy/actor/lib/jjs/modules/socket/demo/TCPSocket/TCPSocketTwoClients.xml
    [junit] Done sleeping
    [junit] Running .TCPSocketTwoClients
    [junit] Manager.initialize() finished: 13192 ms. Memory: 3456000K Free: 1430933K (41%)
    [junit] ExportHTMLTimer went off after 30000 ms., calling getDirector().finish and getDirector().stopFire()
    [junit] 30376 ms. Memory: 3456000K Free: 1389809K (40%)
    [junit] Exported /home/travis/build/icyphy/ptII/ptolemy/actor/lib/jjs/modules/socket/demo/TCPSocket/TCPSocketTwoClients/index.html
    [junit] 41795 ms. Memory: 3456000K Free: 1357833K (39%)
    [junit] ####### 64 Fri May 11 01:31:20 UTC 2018 $PTII/bin/ptinvoke ptolemy.vergil.basic.export.ExportModel -force htm -run -openComposites -timeOut 30000 -whiteBackground ptolemy/actor/lib/jjs/modules/socket/demo/TCPSocket/TCPSocketUnsignedShort.xml $PTII/ptolemy/actor/lib/jjs/modules/socket/demo/TCPSocket/TCPSocketUnsignedShort
    [junit] ----------------- Fri May 11 01:31:20 UTC 2018 About to sleep for 5.0 seconds before running or rerunning.  Test is: /home/travis/build/icyphy/ptII/ptolemy/actor/lib/jjs/modules/socket/demo/TCPSocket/TCPSocketUnsignedShort.xml
    [junit] Done sleeping
    [junit] Running .TCPSocketUnsignedShort
    [junit] 10867 ms. Memory: 3452928K Free: 1329420K (39%)
    [junit] Exported /home/travis/build/icyphy/ptII/ptolemy/actor/lib/jjs/modules/socket/demo/TCPSocket/TCPSocketUnsignedShort/index.html
    [junit] 19650 ms. Memory: 3452928K Free: 1276673K (37%)
    [junit] ####### 65 Fri May 11 01:31:45 UTC 2018 $PTII/bin/ptinvoke ptolemy.vergil.basic.export.ExportModel -force htm  -openComposites -timeOut 30000 -whiteBackground ptolemy/actor/lib/jjs/modules/speechRecognition/demo/SpeechRecognition/SpeechRecognition.xml $PTII/ptolemy/actor/lib/jjs/modules/speechRecognition/demo/SpeechRecognition/SpeechRecognition
    [junit] Warning: not running ptolemy/actor/lib/jjs/modules/speechRecognition/demo/SpeechRecognition/SpeechRecognition.xml. See ptolemy/vergil/basic/export/test/junit/ExportModelJUnitTest.java
    [junit] ----------------- Fri May 11 01:31:45 UTC 2018 About to sleep for 5.0 seconds before running or rerunning.  Test is: /home/travis/build/icyphy/ptII/ptolemy/actor/lib/jjs/modules/speechRecognition/demo/SpeechRecognition/SpeechRecognition.xml
    [junit] Done sleeping
    [junit] Exported /home/travis/build/icyphy/ptII/ptolemy/actor/lib/jjs/modules/speechRecognition/demo/SpeechRecognition/SpeechRecognition/index.html
    [junit] 11520 ms. Memory: 3461120K Free: 1474664K (43%)
    [junit] ####### 66 Fri May 11 01:32:01 UTC 2018 $PTII/bin/ptinvoke ptolemy.vergil.basic.export.ExportModel -force htm  -openComposites -timeOut 30000 -whiteBackground ptolemy/actor/lib/jjs/modules/speechRecognition/demo/WatchCommandUpdater/WatchCommandUpdater.xml $PTII/ptolemy/actor/lib/jjs/modules/speechRecognition/demo/WatchCommandUpdater/WatchCommandUpdater
    [junit] Warning: not running ptolemy/actor/lib/jjs/modules/speechRecognition/demo/WatchCommandUpdater/WatchCommandUpdater.xml. See ptolemy/vergil/basic/export/test/junit/ExportModelJUnitTest.java
    [junit] ----------------- Fri May 11 01:32:01 UTC 2018 About to sleep for 5.0 seconds before running or rerunning.  Test is: /home/travis/build/icyphy/ptII/ptolemy/actor/lib/jjs/modules/speechRecognition/demo/WatchCommandUpdater/WatchCommandUpdater.xml
    [junit] Done sleeping
    [junit] Opened file:/home/travis/build/icyphy/ptII/ptolemy/actor/lib/jjs/modules/speechRecognition/demo/WatchCommandUpdater/WatchCommandUpdater.xml in 18932 ms.
    [junit] Size Statistics for .WatchCommandUpdater
    [junit] AtomicEntities: 9
    [junit] CompositeEntities: 0
    [junit] OpaqueCompositeEntities: 0
    [junit] Relations: 6
    [junit] Attributes: 93
    [junit] Atomic Actor Names and Counts:
    [junit] org.terraswarm.accessor.JSAccessor 6
    [junit] ptolemy.actor.lib.jjs.JavaScript 3
    [junit] 
    [junit] Composite Entity Depths and Counts:
    [junit] 
    [junit] Exported /home/travis/build/icyphy/ptII/ptolemy/actor/lib/jjs/modules/speechRecognition/demo/WatchCommandUpdater/WatchCommandUpdater/index.html
    [junit] 22070 ms. Memory: 3468288K Free: 1114725K (32%)
    [junit] ####### 67 Fri May 11 01:32:28 UTC 2018 $PTII/bin/ptinvoke ptolemy.vergil.basic.export.ExportModel -force htm -run -openComposites -timeOut 30000 -whiteBackground ptolemy/actor/lib/jjs/modules/testing/demo/Testing/Testing.xml $PTII/ptolemy/actor/lib/jjs/modules/testing/demo/Testing/Testing
    [junit] ----------------- Fri May 11 01:32:28 UTC 2018 About to sleep for 5.0 seconds before running or rerunning.  Test is: /home/travis/build/icyphy/ptII/ptolemy/actor/lib/jjs/modules/testing/demo/Testing/Testing.xml
    [junit] Done sleeping
    [junit] Running .Testing
    [junit] Manager.initialize() finished: 14349 ms. Memory: 3476992K Free: 864658K (25%)
    [junit] MochaTest: Start of Common host: Basic (Thread[AWT-EventQueue-0,6,main])
    [junit] MochaTest: End of Common host: Basic (Thread[AWT-EventQueue-0,6,main])
    [junit] MochaTest: Start of Common host: Composite accessors (Thread[AWT-EventQueue-0,6,main])
    [junit] MochaTest: Start of Common host: Spontaneous accessors (Thread[AWT-EventQueue-0,6,main])
    [junit] MochaTest: Start of Common host: Spontaneous accessors (Thread[AWT-EventQueue-0,6,main])
    [junit] MochaTest: Before Spontaneous accessor produces correct outputs after 1 and 2 seconds. (Thread[AWT-EventQueue-0,6,main])
    [junit] MochaTest: After Spontaneous accessor produces correct outputs after 1 and 2 seconds. (Thread[AWT-EventQueue-0,6,main])
    [junit] MochaTest: End of Common host: Spontaneous accessors (Thread[AWT-EventQueue-0,6,main])
    [junit] MochaTest: Start of Common host: Inheritance (Thread[AWT-EventQueue-0,6,main])
    [junit] MochaTest: End of Common host: Inheritance (Thread[AWT-EventQueue-0,6,main])
    [junit] MochaTest: Instance of TestAccessor: [Circular]
    [junit] Tests: (Thread[AWT-EventQueue-0,6,main])
    [junit] MochaTest: TestAccessor.fire() invoked. (Thread[AWT-EventQueue-0,6,main])
    [junit] MochaTest: TestAdder: fire(): inputLeft: 10 inputRight: 40 (Thread[AWT-EventQueue-0,6,main])
    [junit] MochaTest: TestAdder: fire(): inputLeft: 5 inputRight: 20 (Thread[AWT-EventQueue-0,6,main])
    [junit] MochaTest: TestAdder: fire(): inputLeft: 5 inputRight: 20 (Thread[AWT-EventQueue-0,6,main])
    [junit] MochaTest: TestAccessor.fire() invoked. (Thread[AWT-EventQueue-0,6,main])
    [junit] MochaTest: <?xml version="1.0" encoding="UTF-8"?>
    [junit]  <testsuites>
    [junit]  <testsuite name="Root Suite" tests="0">
    [junit]  <testsuite name="Common host: Basic" tests="7">
    [junit]  <testcase name="this.getParameter() returns default value." > </testcase>
    [junit]  <testcase name="this.getParameter() returns value set by this.setParameter()." > </testcase>
    [junit]  <testcase name="this.get() returns default value." > </testcase>
    [junit]  <testcase name="this.get() returns null if no input yet provided." > </testcase>
    [junit]  <testcase name="this.get() returns null if no input yet provided but type being boolean." > </testcase>
    [junit]  <testcase name="this.get() returns value provided by provideInput()." > </testcase>
    [junit]  <testcase name="latestOutput contains value provided by inputHandlers and send()." > </testcase>
    [junit]  </testsuite>
    [junit]  <testsuite name="Common host: Composite accessors" tests="2">
    [junit]  <testcase name="Composite accessor produces correct output when manually scheduled." > </testcase>
    [junit]  <testcase name="Composite accessor produces correct output when automatically scheduled." > </testcase>
    [junit]  </testsuite>
    [junit]  <testsuite name="Common host: Spontaneous accessors" tests="2">
    [junit]  <testcase name="Spontaneous accessor produces correct outputs after 1 and 2 seconds." > </testcase>
    [junit]  <testcase name="Composite spontaneous accessor produces correct outputs after 1 and 2 seconds." > </testcase>
    [junit]  </testsuite>
    [junit]  <testsuite name="Common host: Inheritance" tests="4">
    [junit]  <testcase name="Inheritance, function overriding, and variable visiility should work properly." > </testcase>
    [junit]  <testcase name="Implementing an interface should work properly." > </testcase>
    [junit]  <testcase name="Exported fields of base classes can be accessed and initialize() is properly scoped." > </testcase>
    [junit]  <testcase name="Two-level inheritance should work properly." > </testcase>
    [junit]  </testsuite>
    [junit]  </testsuite>
    [junit]  </testsuites>
    [junit]  (Thread[AWT-EventQueue-0,6,main])
    [junit] 29588 ms. Memory: 3476992K Free: 736154K (21%)
    [junit] Exported /home/travis/build/icyphy/ptII/ptolemy/actor/lib/jjs/modules/testing/demo/Testing/Testing/index.html
    [junit] 40674 ms. Memory: 3476992K Free: 715858K (21%)
    [junit] ####### 68 Fri May 11 01:33:14 UTC 2018 $PTII/bin/ptinvoke ptolemy.vergil.basic.export.ExportModel -force htm -run -openComposites -timeOut 30000 -whiteBackground ptolemy/actor/lib/jjs/modules/udpSocket/demo/UDPSocket/UDPSocket.xml $PTII/ptolemy/actor/lib/jjs/modules/udpSocket/demo/UDPSocket/UDPSocket
    [junit] ----------------- Fri May 11 01:33:14 UTC 2018 About to sleep for 5.0 seconds before running or rerunning.  Test is: /home/travis/build/icyphy/ptII/ptolemy/actor/lib/jjs/modules/udpSocket/demo/UDPSocket/UDPSocket.xml
    [junit] Done sleeping
    [junit] Running .UDPSocket
    [junit] ExportHTMLTimer went off after 30000 ms., calling getDirector().finish and getDirector().stopFire()
    [junit] 30043 ms. Memory: 3469824K Free: 1145380K (33%)
    [junit] Exported /home/travis/build/icyphy/ptII/ptolemy/actor/lib/jjs/modules/udpSocket/demo/UDPSocket/UDPSocket/index.html
    [junit] 36503 ms. Memory: 3469824K Free: 1104349K (32%)
    [junit] ####### 69 Fri May 11 01:33:55 UTC 2018 $PTII/bin/ptinvoke ptolemy.vergil.basic.export.ExportModel -force htm -run -openComposites -timeOut 30000 -whiteBackground ptolemy/actor/lib/jjs/modules/udpSocket/demo/WatchEmulator/WatchEmulator.xml $PTII/ptolemy/actor/lib/jjs/modules/udpSocket/demo/WatchEmulator/WatchEmulator
    [junit] ----------------- Fri May 11 01:33:55 UTC 2018 About to sleep for 5.0 seconds before running or rerunning.  Test is: /home/travis/build/icyphy/ptII/ptolemy/actor/lib/jjs/modules/udpSocket/demo/WatchEmulator/WatchEmulator.xml
    [junit] Done sleeping
    [junit] Opened file:/home/travis/build/icyphy/ptII/ptolemy/actor/lib/jjs/modules/udpSocket/demo/WatchEmulator/WatchEmulator.xml in 15297 ms.
    [junit] Size Statistics for .WatchEmulator
    [junit] AtomicEntities: 7
    [junit] CompositeEntities: 0
    [junit] OpaqueCompositeEntities: 0
    [junit] Relations: 5
    [junit] Attributes: 85
    [junit] Atomic Actor Names and Counts:
    [junit] org.terraswarm.accessor.JSAccessor 5
    [junit] ptolemy.actor.lib.jjs.JavaScript 2
    [junit] 
    [junit] Composite Entity Depths and Counts:
    [junit] 
    [junit] Running .WatchEmulator
    [junit] preinitialize() finished: 16480 ms. Memory: 3498496K Free: 1164865K (33%)
    [junit] Manager.initialize() finished: 27394 ms. Memory: 3498496K Free: 588199K (17%)
    [junit] ptolemy.kernel.util.IllegalActionException: Exceptions occurred during wrapup:
    [junit] ptolemy.kernel.util.IllegalActionException: Failure executing the wrapup function: Error: TrainableTest2: The input handler of this accessor was never invoked. Usually, this is an error indicating that starvation is occurring. in <function> at line number 393 at column number 16
    [junit]   in .WatchEmulator.TrainableTest2
    [junit] Because:
    [junit] Error: TrainableTest2: The input handler of this accessor was never invoked. Usually, this is an error indicating that starvation is occurring. in <function> at line number 393 at column number 16
    [junit] 
    [junit]   in .WatchEmulator.DE Director
    [junit] Because:
    [junit] Failure executing the wrapup function: Error: TrainableTest2: The input handler of this accessor was never invoked. Usually, this is an error indicating that starvation is occurring. in <function> at line number 393 at column number 16
    [junit]   in .WatchEmulator.TrainableTest2
    [junit] Because:
    [junit] Error: TrainableTest2: The input handler of this accessor was never invoked. Usually, this is an error indicating that starvation is occurring. in <function> at line number 393 at column number 16
    [junit] 	at ptolemy.actor.Director.wrapup(Director.java:1736)
    [junit] 	at ptolemy.domains.de.kernel.DEDirector.wrapup(DEDirector.java:1526)
    [junit] 	at ptolemy.actor.CompositeActor.wrapup(CompositeActor.java:2735)
    [junit] 	at ptolemy.actor.Manager.wrapup(Manager.java:1512)
    [junit] 	at ptolemy.actor.Manager.execute(Manager.java:407)
    [junit] 	at ptolemy.vergil.basic.export.ExportModel$2.run(ExportModel.java:390)
    [junit] 	at java.awt.event.InvocationEvent.dispatch(InvocationEvent.java:301)
    [junit] 	at java.awt.EventQueue.dispatchEventImpl(EventQueue.java:756)
    [junit] 	at java.awt.EventQueue.access$500(EventQueue.java:97)
    [junit] 	at java.awt.EventQueue$3.run(EventQueue.java:709)
    [junit] 	at java.awt.EventQueue$3.run(EventQueue.java:703)
    [junit] 	at java.security.AccessController.doPrivileged(Native Method)
    [junit] 	at java.security.ProtectionDomain$JavaSecurityAccessImpl.doIntersectionPrivilege(ProtectionDomain.java:80)
    [junit] 	at java.awt.EventQueue.dispatchEvent(EventQueue.java:726)
    [junit] 	at java.awt.EventDispatchThread.pumpOneEventForFilters(EventDispatchThread.java:201)
    [junit] 	at java.awt.EventDispatchThread.pumpEventsForFilter(EventDispatchThread.java:116)
    [junit] 	at java.awt.EventDispatchThread.pumpEventsForHierarchy(EventDispatchThread.java:105)
    [junit] 	at java.awt.EventDispatchThread.pumpEvents(EventDispatchThread.java:101)
    [junit] 	at java.awt.EventDispatchThread.pumpEvents(EventDispatchThread.java:93)
    [junit] 	at java.awt.EventDispatchThread.run(EventDispatchThread.java:82)
    [junit] Caused by: ptolemy.kernel.util.IllegalActionException: Failure executing the wrapup function: Error: TrainableTest2: The input handler of this accessor was never invoked. Usually, this is an error indicating that starvation is occurring. in <function> at line number 393 at column number 16
    [junit]   in .WatchEmulator.TrainableTest2
    [junit] Because:
    [junit] Error: TrainableTest2: The input handler of this accessor was never invoked. Usually, this is an error indicating that starvation is occurring. in <function> at line number 393 at column number 16
    [junit] 	at ptolemy.actor.lib.jjs.JavaScript._invokeMethodInContext(JavaScript.java:2223)
    [junit] 	at ptolemy.actor.lib.jjs.JavaScript.wrapup(JavaScript.java:2118)
    [junit] 	at ptolemy.actor.Director.wrapup(Director.java:1722)
    [junit] 	... 19 more
    [junit] Caused by: javax.script.ScriptException: Error: TrainableTest2: The input handler of this accessor was never invoked. Usually, this is an error indicating that starvation is occurring. in <function> at line number 393 at column number 16
    [junit] 	at jdk.nashorn.api.scripting.NashornScriptEngine.throwAsScriptException(NashornScriptEngine.java:470)
    [junit] 	at jdk.nashorn.api.scripting.NashornScriptEngine.invokeImpl(NashornScriptEngine.java:392)
    [junit] 	at jdk.nashorn.api.scripting.NashornScriptEngine.invokeMethod(NashornScriptEngine.java:199)
    [junit] 	at ptolemy.actor.lib.jjs.JavaScript._invokeMethodInContext(JavaScript.java:2200)
    [junit] 	... 21 more
    [junit] Caused by: <function>:393:16 Error: TrainableTest2: The input handler of this accessor was never invoked. Usually, this is an error indicating that starvation is occurring.
    [junit] 	at jdk.nashorn.internal.objects.NativeError.initException(NativeError.java:137)
    [junit] 	at jdk.nashorn.internal.objects.NativeError.<init>(NativeError.java:102)
    [junit] 	at jdk.nashorn.internal.objects.NativeError.<init>(NativeError.java:106)
    [junit] 	at jdk.nashorn.internal.objects.NativeError.<init>(NativeError.java:110)
    [junit] 	at jdk.nashorn.internal.objects.NativeError.constructor(NativeError.java:129)
    [junit] 	at jdk.nashorn.internal.scripts.Script$Recompilation$62485$18557$\^function\_.L:1#wrapup(<function>:393)
    [junit] 	at jdk.nashorn.internal.scripts.Script$Recompilation$62483$30328$require.L:1#Accessor#wrapup(/home/travis/build/icyphy/ptII/ptolemy/actor/lib/jjs/external/require.js#401:30<eval>:673)
    [junit] 	at jdk.nashorn.internal.runtime.ScriptFunctionData.invoke(ScriptFunctionData.java:637)
    [junit] 	at jdk.nashorn.internal.runtime.ScriptFunction.invoke(ScriptFunction.java:494)
    [junit] 	at jdk.nashorn.internal.runtime.ScriptRuntime.apply(ScriptRuntime.java:393)
    [junit] 	at jdk.nashorn.api.scripting.ScriptObjectMirror.callMember(ScriptObjectMirror.java:199)
    [junit] 	at jdk.nashorn.api.scripting.NashornScriptEngine.invokeImpl(NashornScriptEngine.java:386)
    [junit] 	... 23 more
    [junit] Caused by: ptolemy.kernel.util.IllegalActionException: Failure executing the wrapup function: Error: TrainableTest2: The input handler of this accessor was never invoked. Usually, this is an error indicating that starvation is occurring. in <function> at line number 393 at column number 16
    [junit]   in .WatchEmulator.TrainableTest2
    [junit] Because:
    [junit] Error: TrainableTest2: The input handler of this accessor was never invoked. Usually, this is an error indicating that starvation is occurring. in <function> at line number 393 at column number 16
    [junit] 	at ptolemy.actor.lib.jjs.JavaScript._invokeMethodInContext(JavaScript.java:2223)
    [junit] 	at ptolemy.actor.lib.jjs.JavaScript.wrapup(JavaScript.java:2118)
    [junit] 	at ptolemy.actor.Director.wrapup(Director.java:1722)
    [junit] 	at ptolemy.domains.de.kernel.DEDirector.wrapup(DEDirector.java:1526)
    [junit] 	at ptolemy.actor.CompositeActor.wrapup(CompositeActor.java:2735)
    [junit] 	at ptolemy.actor.Manager.wrapup(Manager.java:1512)
    [junit] 	at ptolemy.actor.Manager.execute(Manager.java:407)
    [junit] 	at ptolemy.vergil.basic.export.ExportModel$2.run(ExportModel.java:390)
    [junit] 	at java.awt.event.InvocationEvent.dispatch(InvocationEvent.java:301)
    [junit] 	at java.awt.EventQueue.dispatchEventImpl(EventQueue.java:756)
    [junit] 	at java.awt.EventQueue.access$500(EventQueue.java:97)
    [junit] 	at java.awt.EventQueue$3.run(EventQueue.java:709)
    [junit] 	at java.awt.EventQueue$3.run(EventQueue.java:703)
    [junit] 	at java.security.AccessController.doPrivileged(Native Method)
    [junit] 	at java.security.ProtectionDomain$JavaSecurityAccessImpl.doIntersectionPrivilege(ProtectionDomain.java:80)
    [junit] 	at java.awt.EventQueue.dispatchEvent(EventQueue.java:726)
    [junit] 	at java.awt.EventDispatchThread.pumpOneEventForFilters(EventDispatchThread.java:201)
    [junit] 	at java.awt.EventDispatchThread.pumpEventsForFilter(EventDispatchThread.java:116)
    [junit] 	at java.awt.EventDispatchThread.pumpEventsForHierarchy(EventDispatchThread.java:105)
    [junit] 	at java.awt.EventDispatchThread.pumpEvents(EventDispatchThread.java:101)
    [junit] 	at java.awt.EventDispatchThread.pumpEvents(EventDispatchThread.java:93)
    [junit] 	at java.awt.EventDispatchThread.run(EventDispatchThread.java:82)
    [junit] Caused by: javax.script.ScriptException: Error: TrainableTest2: The input handler of this accessor was never invoked. Usually, this is an error indicating that starvation is occurring. in <function> at line number 393 at column number 16
    [junit] 	at jdk.nashorn.api.scripting.NashornScriptEngine.throwAsScriptException(NashornScriptEngine.java:470)
    [junit] 	at jdk.nashorn.api.scripting.NashornScriptEngine.invokeImpl(NashornScriptEngine.java:392)
    [junit] 	at jdk.nashorn.api.scripting.NashornScriptEngine.invokeMethod(NashornScriptEngine.java:199)
    [junit] 	at ptolemy.actor.lib.jjs.JavaScript._invokeMethodInContext(JavaScript.java:2200)
    [junit] 	... 21 more
    [junit] Caused by: <function>:393:16 Error: TrainableTest2: The input handler of this accessor was never invoked. Usually, this is an error indicating that starvation is occurring.
    [junit] 	at jdk.nashorn.internal.objects.NativeError.initException(NativeError.java:137)
    [junit] 	at jdk.nashorn.internal.objects.NativeError.<init>(NativeError.java:102)
    [junit] 	at jdk.nashorn.internal.objects.NativeError.<init>(NativeError.java:106)
    [junit] 	at jdk.nashorn.internal.objects.NativeError.<init>(NativeError.java:110)
    [junit] 	at jdk.nashorn.internal.objects.NativeError.constructor(NativeError.java:129)
    [junit] 	at jdk.nashorn.internal.scripts.Script$Recompilation$62485$18557$\^function\_.L:1#wrapup(<function>:393)
    [junit] 	at jdk.nashorn.internal.scripts.Script$Recompilation$62483$30328$require.L:1#Accessor#wrapup(/home/travis/build/icyphy/ptII/ptolemy/actor/lib/jjs/external/require.js#401:30<eval>:673)
    [junit] 	at jdk.nashorn.internal.runtime.ScriptFunctionData.invoke(ScriptFunctionData.java:637)
    [junit] 	at jdk.nashorn.internal.runtime.ScriptFunction.invoke(ScriptFunction.java:494)
    [junit] 	at jdk.nashorn.internal.runtime.ScriptRuntime.apply(ScriptRuntime.java:393)
    [junit] 	at jdk.nashorn.api.scripting.ScriptObjectMirror.callMember(ScriptObjectMirror.java:199)
    [junit] 	at jdk.nashorn.api.scripting.NashornScriptEngine.invokeImpl(NashornScriptEngine.java:386)
    [junit] 	... 23 more
    [junit] Caused by: javax.script.ScriptException: Error: TrainableTest2: The input handler of this accessor was never invoked. Usually, this is an error indicating that starvation is occurring. in <function> at line number 393 at column number 16
    [junit] 	at jdk.nashorn.api.scripting.NashornScriptEngine.throwAsScriptException(NashornScriptEngine.java:470)
    [junit] 	at jdk.nashorn.api.scripting.NashornScriptEngine.invokeImpl(NashornScriptEngine.java:392)
    [junit] 	at jdk.nashorn.api.scripting.NashornScriptEngine.invokeMethod(NashornScriptEngine.java:199)
    [junit] 	at ptolemy.actor.lib.jjs.JavaScript._invokeMethodInContext(JavaScript.java:2200)
    [junit] 	at ptolemy.actor.lib.jjs.JavaScript.wrapup(JavaScript.java:2118)
    [junit] 	at ptolemy.actor.Director.wrapup(Director.java:1722)
    [junit] 	at ptolemy.domains.de.kernel.DEDirector.wrapup(DEDirector.java:1526)
    [junit] 	at ptolemy.actor.CompositeActor.wrapup(CompositeActor.java:2735)
    [junit] 	at ptolemy.actor.Manager.wrapup(Manager.java:1512)
    [junit] 	at ptolemy.actor.Manager.execute(Manager.java:407)
    [junit] 	at ptolemy.vergil.basic.export.ExportModel$2.run(ExportModel.java:390)
    [junit] 	at java.awt.event.InvocationEvent.dispatch(InvocationEvent.java:301)
    [junit] 	at java.awt.EventQueue.dispatchEventImpl(EventQueue.java:756)
    [junit] 	at java.awt.EventQueue.access$500(EventQueue.java:97)
    [junit] 	at java.awt.EventQueue$3.run(EventQueue.java:709)
    [junit] 	at java.awt.EventQueue$3.run(EventQueue.java:703)
    [junit] 	at java.security.AccessController.doPrivileged(Native Method)
    [junit] 	at java.security.ProtectionDomain$JavaSecurityAccessImpl.doIntersectionPrivilege(ProtectionDomain.java:80)
    [junit] 	at java.awt.EventQueue.dispatchEvent(EventQueue.java:726)
    [junit] 	at java.awt.EventDispatchThread.pumpOneEventForFilters(EventDispatchThread.java:201)
    [junit] 	at java.awt.EventDispatchThread.pumpEventsForFilter(EventDispatchThread.java:116)
    [junit] 	at java.awt.EventDispatchThread.pumpEventsForHierarchy(EventDispatchThread.java:105)
    [junit] 	at java.awt.EventDispatchThread.pumpEvents(EventDispatchThread.java:101)
    [junit] 	at java.awt.EventDispatchThread.pumpEvents(EventDispatchThread.java:93)
    [junit] 	at java.awt.EventDispatchThread.run(EventDispatchThread.java:82)
    [junit] Caused by: <function>:393:16 Error: TrainableTest2: The input handler of this accessor was never invoked. Usually, this is an error indicating that starvation is occurring.
    [junit] 	at jdk.nashorn.internal.objects.NativeError.initException(NativeError.java:137)
    [junit] 	at jdk.nashorn.internal.objects.NativeError.<init>(NativeError.java:102)
    [junit] 	at jdk.nashorn.internal.objects.NativeError.<init>(NativeError.java:106)
    [junit] 	at jdk.nashorn.internal.objects.NativeError.<init>(NativeError.java:110)
    [junit] 	at jdk.nashorn.internal.objects.NativeError.constructor(NativeError.java:129)
    [junit] 	at jdk.nashorn.internal.scripts.Script$Recompilation$62485$18557$\^function\_.L:1#wrapup(<function>:393)
    [junit] 	at jdk.nashorn.internal.scripts.Script$Recompilation$62483$30328$require.L:1#Accessor#wrapup(/home/travis/build/icyphy/ptII/ptolemy/actor/lib/jjs/external/require.js#401:30<eval>:673)
    [junit] 	at jdk.nashorn.internal.runtime.ScriptFunctionData.invoke(ScriptFunctionData.java:637)
    [junit] 	at jdk.nashorn.internal.runtime.ScriptFunction.invoke(ScriptFunction.java:494)
    [junit] 	at jdk.nashorn.internal.runtime.ScriptRuntime.apply(ScriptRuntime.java:393)
    [junit] 	at jdk.nashorn.api.scripting.ScriptObjectMirror.callMember(ScriptObjectMirror.java:199)
    [junit] 	at jdk.nashorn.api.scripting.NashornScriptEngine.invokeImpl(NashornScriptEngine.java:386)
    [junit] 	... 23 more
    [junit] java.lang.reflect.InvocationTargetException
    [junit] 	at java.awt.EventQueue.invokeAndWait(EventQueue.java:1321)
    [junit] 	at java.awt.EventQueue.invokeAndWait(EventQueue.java:1296)
    [junit] 	at javax.swing.SwingUtilities.invokeAndWait(SwingUtilities.java:1348)
    [junit] 	at ptolemy.vergil.basic.export.ExportModel.exportModel(ExportModel.java:401)
    [junit] 	at ptolemy.vergil.basic.export.test.junit.ExportModelJUnitTest.RunExportModel(ExportModelJUnitTest.java:153)
    [junit] 	at ptolemy.vergil.basic.export.test.junit.ExportModelJUnitTestBatch.RunExportModel(ExportModelJUnitTestBatch.java:93)
    [junit] 	at sun.reflect.GeneratedMethodAccessor23.invoke(Unknown Source)
    [junit] 	at sun.reflect.DelegatingMethodAccessorImpl.invoke(DelegatingMethodAccessorImpl.java:43)
    [junit] 	at java.lang.reflect.Method.invoke(Method.java:498)
    [junit] 	at org.junit.runners.model.FrameworkMethod$1.runReflectiveCall(FrameworkMethod.java:44)
    [junit] 	at org.junit.internal.runners.model.ReflectiveCallable.run(ReflectiveCallable.java:15)
    [junit] 	at org.junit.runners.model.FrameworkMethod.invokeExplosively(FrameworkMethod.java:41)
    [junit] 	at junitparams.internal.InvokeParameterisedMethod.evaluate(InvokeParameterisedMethod.java:102)
    [junit] 	at junitparams.internal.ParameterisedTestMethodRunner.runMethodInvoker(ParameterisedTestMethodRunner.java:47)
    [junit] 	at junitparams.internal.ParameterisedTestMethodRunner.runTestMethod(ParameterisedTestMethodRunner.java:41)
    [junit] 	at junitparams.internal.ParameterisedTestClassRunner.runParameterisedTest(ParameterisedTestClassRunner.java:143)
    [junit] 	at junitparams.JUnitParamsRunner.runChild(JUnitParamsRunner.java:237)
    [junit] 	at junitparams.JUnitParamsRunner.runChild(JUnitParamsRunner.java:215)
    [junit] 	at org.junit.runners.ParentRunner$3.run(ParentRunner.java:193)
    [junit] 	at org.junit.runners.ParentRunner$1.schedule(ParentRunner.java:52)
    [junit] 	at org.junit.runners.ParentRunner.runChildren(ParentRunner.java:191)
    [junit] 	at org.junit.runners.ParentRunner.access$000(ParentRunner.java:42)
    [junit] 	at org.junit.runners.ParentRunner$2.evaluate(ParentRunner.java:184)
    [junit] 	at org.junit.runners.ParentRunner.run(ParentRunner.java:236)
    [junit] 	at junit.framework.JUnit4TestAdapter.run(JUnit4TestAdapter.java:39)
    [junit] 	at org.apache.tools.ant.taskdefs.optional.junit.JUnitTestRunner.run(JUnitTestRunner.java:535)
    [junit] 	at org.apache.tools.ant.taskdefs.optional.junit.JUnitTestRunner.launch(JUnitTestRunner.java:1182)
    [junit] 	at org.apache.tools.ant.taskdefs.optional.junit.JUnitTestRunner.main(JUnitTestRunner.java:1033)
    [junit] Caused by: java.lang.RuntimeException: ptolemy.kernel.util.IllegalActionException: Exceptions occurred during wrapup:
    [junit] ptolemy.kernel.util.IllegalActionException: Failure executing the wrapup function: Error: TrainableTest2: The input handler of this accessor was never invoked. Usually, this is an error indicating that starvation is occurring. in <function> at line number 393 at column number 16
    [junit]   in .WatchEmulator.TrainableTest2
    [junit] Because:
    [junit] Error: TrainableTest2: The input handler of this accessor was never invoked. Usually, this is an error indicating that starvation is occurring. in <function> at line number 393 at column number 16
    [junit] 
    [junit]   in .WatchEmulator.DE Director
    [junit] Because:
    [junit] Failure executing the wrapup function: Error: TrainableTest2: The input handler of this accessor was never invoked. Usually, this is an error indicating that starvation is occurring. in <function> at line number 393 at column number 16
    [junit]   in .WatchEmulator.TrainableTest2
    [junit] Because:
    [junit] Error: TrainableTest2: The input handler of this accessor was never invoked. Usually, this is an error indicating that starvation is occurring. in <function> at line number 393 at column number 16
    [junit] 	at ptolemy.vergil.basic.export.ExportModel$2.run(ExportModel.java:397)
    [junit] 	at java.awt.event.InvocationEvent.dispatch(InvocationEvent.java:301)
    [junit] 	at java.awt.EventQueue.dispatchEventImpl(EventQueue.java:756)
    [junit] 	at java.awt.EventQueue.access$500(EventQueue.java:97)
    [junit] 	at java.awt.EventQueue$3.run(EventQueue.java:709)
    [junit] 	at java.awt.EventQueue$3.run(EventQueue.java:703)
    [junit] 	at java.security.AccessController.doPrivileged(Native Method)
    [junit] 	at java.security.ProtectionDomain$JavaSecurityAccessImpl.doIntersectionPrivilege(ProtectionDomain.java:80)
    [junit] 	at java.awt.EventQueue.dispatchEvent(EventQueue.java:726)
    [junit] 	at java.awt.EventDispatchThread.pumpOneEventForFilters(EventDispatchThread.java:201)
    [junit] 	at java.awt.EventDispatchThread.pumpEventsForFilter(EventDispatchThread.java:116)
    [junit] 	at java.awt.EventDispatchThread.pumpEventsForHierarchy(EventDispatchThread.java:105)
    [junit] 	at java.awt.EventDispatchThread.pumpEvents(EventDispatchThread.java:101)
    [junit] 	at java.awt.EventDispatchThread.pumpEvents(EventDispatchThread.java:93)
    [junit] 	at java.awt.EventDispatchThread.run(EventDispatchThread.java:82)
    [junit] Caused by: ptolemy.kernel.util.IllegalActionException: Exceptions occurred during wrapup:
    [junit] ptolemy.kernel.util.IllegalActionException: Failure executing the wrapup function: Error: TrainableTest2: The input handler of this accessor was never invoked. Usually, this is an error indicating that starvation is occurring. in <function> at line number 393 at column number 16
    [junit]   in .WatchEmulator.TrainableTest2
    [junit] Because:
    [junit] Error: TrainableTest2: The input handler of this accessor was never invoked. Usually, this is an error indicating that starvation is occurring. in <function> at line number 393 at column number 16
    [junit] 
    [junit]   in .WatchEmulator.DE Director
    [junit] Because:
    [junit] Failure executing the wrapup function: Error: TrainableTest2: The input handler of this accessor was never invoked. Usually, this is an error indicating that starvation is occurring. in <function> at line number 393 at column number 16
    [junit]   in .WatchEmulator.TrainableTest2
    [junit] Because:
    [junit] Error: TrainableTest2: The input handler of this accessor was never invoked. Usually, this is an error indicating that starvation is occurring. in <function> at line number 393 at column number 16
    [junit] 	at ptolemy.actor.Director.wrapup(Director.java:1736)
    [junit] 	at ptolemy.domains.de.kernel.DEDirector.wrapup(DEDirector.java:1526)
    [junit] 	at ptolemy.actor.CompositeActor.wrapup(CompositeActor.java:2735)
    [junit] 	at ptolemy.actor.Manager.wrapup(Manager.java:1512)
    [junit] 	at ptolemy.actor.Manager.execute(Manager.java:407)
    [junit] 	at ptolemy.vergil.basic.export.ExportModel$2.run(ExportModel.java:390)
    [junit] 	... 14 more
    [junit] Caused by: ptolemy.kernel.util.IllegalActionException: Failure executing the wrapup function: Error: TrainableTest2: The input handler of this accessor was never invoked. Usually, this is an error indicating that starvation is occurring. in <function> at line number 393 at column number 16
    [junit]   in .WatchEmulator.TrainableTest2
    [junit] Because:
    [junit] Error: TrainableTest2: The input handler of this accessor was never invoked. Usually, this is an error indicating that starvation is occurring. in <function> at line number 393 at column number 16
    [junit] 	at ptolemy.actor.lib.jjs.JavaScript._invokeMethodInContext(JavaScript.java:2223)
    [junit] 	at ptolemy.actor.lib.jjs.JavaScript.wrapup(JavaScript.java:2118)
    [junit] 	at ptolemy.actor.Director.wrapup(Director.java:1722)
    [junit] 	... 19 more
    [junit] Caused by: javax.script.ScriptException: Error: TrainableTest2: The input handler of this accessor was never invoked. Usually, this is an error indicating that starvation is occurring. in <function> at line number 393 at column number 16
    [junit] 	at jdk.nashorn.api.scripting.NashornScriptEngine.throwAsScriptException(NashornScriptEngine.java:470)
    [junit] 	at jdk.nashorn.api.scripting.NashornScriptEngine.invokeImpl(NashornScriptEngine.java:392)
    [junit] 	at jdk.nashorn.api.scripting.NashornScriptEngine.invokeMethod(NashornScriptEngine.java:199)
    [junit] 	at ptolemy.actor.lib.jjs.JavaScript._invokeMethodInContext(JavaScript.java:2200)
    [junit] 	... 21 more
    [junit] Caused by: <function>:393:16 Error: TrainableTest2: The input handler of this accessor was never invoked. Usually, this is an error indicating that starvation is occurring.
    [junit] 	at jdk.nashorn.internal.objects.NativeError.initException(NativeError.java:137)
    [junit] 	at jdk.nashorn.internal.objects.NativeError.<init>(NativeError.java:102)
    [junit] 	at jdk.nashorn.internal.objects.NativeError.<init>(NativeError.java:106)
    [junit] 	at jdk.nashorn.internal.objects.NativeError.<init>(NativeError.java:110)
    [junit] 	at jdk.nashorn.internal.objects.NativeError.constructor(NativeError.java:129)
    [junit] 	at jdk.nashorn.internal.scripts.Script$Recompilation$62485$18557$\^function\_.L:1#wrapup(<function>:393)
    [junit] 	at jdk.nashorn.internal.scripts.Script$Recompilation$62483$30328$require.L:1#Accessor#wrapup(/home/travis/build/icyphy/ptII/ptolemy/actor/lib/jjs/external/require.js#401:30<eval>:673)
    [junit] 	at jdk.nashorn.internal.runtime.ScriptFunctionData.invoke(ScriptFunctionData.java:637)
    [junit] 	at jdk.nashorn.internal.runtime.ScriptFunction.invoke(ScriptFunction.java:494)
    [junit] 	at jdk.nashorn.internal.runtime.ScriptRuntime.apply(ScriptRuntime.java:393)
    [junit] 	at jdk.nashorn.api.scripting.ScriptObjectMirror.callMember(ScriptObjectMirror.java:199)
    [junit] 	at jdk.nashorn.api.scripting.NashornScriptEngine.invokeImpl(NashornScriptEngine.java:386)
    [junit] 	... 23 more
    [junit] 29635 ms. Memory: 3498496K Free: 548200K (16%)
    [junit] ####### 70 Fri May 11 01:34:46 UTC 2018 $PTII/bin/ptinvoke ptolemy.vergil.basic.export.ExportModel -force htm -run -openComposites -timeOut 30000 -whiteBackground ptolemy/actor/lib/jjs/modules/userInterface/demo/Dots/Dots.xml $PTII/ptolemy/actor/lib/jjs/modules/userInterface/demo/Dots/Dots
    [junit] ----------------- Fri May 11 01:34:46 UTC 2018 About to sleep for 5.0 seconds before running or rerunning.  Test is: /home/travis/build/icyphy/ptII/ptolemy/actor/lib/jjs/modules/userInterface/demo/Dots/Dots.xml
    [junit] Done sleeping
    [junit] Running .Dots
    [junit] Manager.initialize() finished: 11356 ms. Memory: 3485696K Free: 498014K (14%)
    [junit] ExportHTMLTimer went off after 30000 ms., calling getDirector().finish and getDirector().stopFire()
    [junit] 30096 ms. Memory: 3485696K Free: 476055K (14%)
    [junit] Exported /home/travis/build/icyphy/ptII/ptolemy/actor/lib/jjs/modules/userInterface/demo/Dots/Dots/index.html
    [junit] 41138 ms. Memory: 3485696K Free: 454078K (13%)
    [junit] ####### 71 Fri May 11 01:35:33 UTC 2018 $PTII/bin/ptinvoke ptolemy.vergil.basic.export.ExportModel -force htm -run -openComposites -timeOut 30000 -whiteBackground ptolemy/actor/lib/jjs/modules/userInterface/demo/HelloUserInterface/HelloUserInterface.xml $PTII/ptolemy/actor/lib/jjs/modules/userInterface/demo/HelloUserInterface/HelloUserInterface
    [junit] ----------------- Fri May 11 01:35:33 UTC 2018 About to sleep for 5.0 seconds before running or rerunning.  Test is: /home/travis/build/icyphy/ptII/ptolemy/actor/lib/jjs/modules/userInterface/demo/HelloUserInterface/HelloUserInterface.xml
    [junit] Done sleeping
    [junit] Running .HelloUserInterface
    [junit] BrowserLauncher: UnsupportedOperation: http://localhost:8089: java.lang.UnsupportedOperationException: The BROWSE action is not supported on the current platform!
    [junit] ExportHTMLTimer went off after 30000 ms., calling getDirector().finish and getDirector().stopFire()
    [junit] ExportHTMLTimer went off after 60000 ms., calling manager.stop().
    [junit] 71626 ms. Memory: 3389440K Free: 536049K (16%)
    [junit] Exported /home/travis/build/icyphy/ptII/ptolemy/actor/lib/jjs/modules/userInterface/demo/HelloUserInterface/HelloUserInterface/index.html
    [junit] 80763 ms. Memory: 3389440K Free: 517600K (15%)
    [junit] ####### 72 Fri May 11 01:36:58 UTC 2018 $PTII/bin/ptinvoke ptolemy.vergil.basic.export.ExportModel -force htm -run -openComposites -timeOut 30000 -whiteBackground ptolemy/actor/lib/jjs/modules/userInterface/demo/UserInterface/UserInterface.xml $PTII/ptolemy/actor/lib/jjs/modules/userInterface/demo/UserInterface/UserInterface
    [junit] ----------------- Fri May 11 01:36:58 UTC 2018 About to sleep for 5.0 seconds before running or rerunning.  Test is: /home/travis/build/icyphy/ptII/ptolemy/actor/lib/jjs/modules/userInterface/demo/UserInterface/UserInterface.xml
    [junit] Done sleeping
    [junit] Running .UserInterface
    [junit] 5001 ms. Memory: 3389440K Free: 413857K (12%)
    [junit] Exported /home/travis/build/icyphy/ptII/ptolemy/actor/lib/jjs/modules/userInterface/demo/UserInterface/UserInterface/index.html
    [junit] 9181 ms. Memory: 3389440K Free: 377169K (11%)
    [junit] ####### 73 Fri May 11 01:37:13 UTC 2018 $PTII/bin/ptinvoke ptolemy.vergil.basic.export.ExportModel -force htm -run -openComposites -timeOut 30000 -whiteBackground ptolemy/actor/lib/jjs/modules/userInterface/demo/UserInterface/UserInterfaceBrowser.xml $PTII/ptolemy/actor/lib/jjs/modules/userInterface/demo/UserInterface/UserInterfaceBrowser
    [junit] ----------------- Fri May 11 01:37:13 UTC 2018 About to sleep for 5.0 seconds before running or rerunning.  Test is: /home/travis/build/icyphy/ptII/ptolemy/actor/lib/jjs/modules/userInterface/demo/UserInterface/UserInterfaceBrowser.xml
    [junit] Done sleeping
    [junit] Running .UserInterfaceBrowser
    [junit] Manager.initialize() finished: 16018 ms. Memory: 3326464K Free: 474994K (14%)
    [junit] BrowserLauncher: UnsupportedOperation: http://localhost:8090: java.lang.UnsupportedOperationException: The BROWSE action is not supported on the current platform!
    [junit] ExportHTMLTimer went off after 30000 ms., calling getDirector().finish and getDirector().stopFire()
    [junit] WARNING: Clock: Model stopped before executing actions (e.g. producing outputs) scheduled for execution at times [14.0]
    [junit] UserInterface: Connection closed because model is no longer running. (Thread[AWT-EventQueue-0,6,main])
    [junit] 30148 ms. Memory: 3326464K Free: 419709K (13%)
    [junit] Exported /home/travis/build/icyphy/ptII/ptolemy/actor/lib/jjs/modules/userInterface/demo/UserInterface/UserInterfaceBrowser/index.html
    [junit] 43598 ms. Memory: 3326464K Free: 390565K (12%)
    [junit] ####### 74 Fri May 11 01:38:01 UTC 2018 $PTII/bin/ptinvoke ptolemy.vergil.basic.export.ExportModel -force htm -run -openComposites -timeOut 30000 -whiteBackground ptolemy/actor/lib/jjs/modules/userInterface/demo/UserInterface/UserInterfaceFixedPage.xml $PTII/ptolemy/actor/lib/jjs/modules/userInterface/demo/UserInterface/UserInterfaceFixedPage
    [junit] ----------------- Fri May 11 01:38:01 UTC 2018 About to sleep for 5.0 seconds before running or rerunning.  Test is: /home/travis/build/icyphy/ptII/ptolemy/actor/lib/jjs/modules/userInterface/demo/UserInterface/UserInterfaceFixedPage.xml
    [junit] Done sleeping
    [junit] Running .UserInterfaceFixedPage
    [junit] BrowserLauncher: UnsupportedOperation: http://localhost:8089: java.lang.UnsupportedOperationException: The BROWSE action is not supported on the current platform!
    [junit] UserInterface: Connection closed because model is no longer running. (Thread[AWT-EventQueue-0,6,main])
    [junit] 9077 ms. Memory: 3201024K Free: 1513035K (47%)
    [junit] Exported /home/travis/build/icyphy/ptII/ptolemy/actor/lib/jjs/modules/userInterface/demo/UserInterface/UserInterfaceFixedPage/index.html
    [junit] 18302 ms. Memory: 3201024K Free: 1484715K (46%)
    [junit] ####### 75 Fri May 11 01:38:24 UTC 2018 $PTII/bin/ptinvoke ptolemy.vergil.basic.export.ExportModel -force htm -run -openComposites -timeOut 30000 -whiteBackground ptolemy/actor/lib/jjs/modules/userInterface/demo/UserInterface/UserInterfaceInteractive.xml $PTII/ptolemy/actor/lib/jjs/modules/userInterface/demo/UserInterface/UserInterfaceInteractive
    [junit] ----------------- Fri May 11 01:38:24 UTC 2018 About to sleep for 5.0 seconds before running or rerunning.  Test is: /home/travis/build/icyphy/ptII/ptolemy/actor/lib/jjs/modules/userInterface/demo/UserInterface/UserInterfaceInteractive.xml
    [junit] Done sleeping
    [junit] Running .UserInterfaceInteractive
    [junit] BrowserLauncher: UnsupportedOperation: http://localhost:8090: java.lang.UnsupportedOperationException: The BROWSE action is not supported on the current platform!
    [junit] ExportHTMLTimer went off after 30000 ms., calling getDirector().finish and getDirector().stopFire()
    [junit] UserInterface: Connection closed because model is no longer running. (Thread[AWT-EventQueue-0,6,main])
    [junit] 30073 ms. Memory: 3198976K Free: 1391472K (43%)
    [junit] Exported /home/travis/build/icyphy/ptII/ptolemy/actor/lib/jjs/modules/userInterface/demo/UserInterface/UserInterfaceInteractive/index.html
    [junit] 38539 ms. Memory: 3198976K Free: 1363170K (43%)
    [junit] ####### 76 Fri May 11 01:39:08 UTC 2018 $PTII/bin/ptinvoke ptolemy.vergil.basic.export.ExportModel -force htm -run -openComposites -timeOut 30000 -whiteBackground ptolemy/actor/lib/jjs/modules/userInterface/demo/UserInterface/UserInterfaceRamp.xml $PTII/ptolemy/actor/lib/jjs/modules/userInterface/demo/UserInterface/UserInterfaceRamp
    [junit] ----------------- Fri May 11 01:39:08 UTC 2018 About to sleep for 5.0 seconds before running or rerunning.  Test is: /home/travis/build/icyphy/ptII/ptolemy/actor/lib/jjs/modules/userInterface/demo/UserInterface/UserInterfaceRamp.xml
    [junit] Done sleeping
    [junit] Running .UserInterfaceRamp
