/home/travis/build/icyphy/ptII/bin/ant: Running /home/travis/build/icyphy/ptII/ant/bin/ant build test.capecode3.xml
Buildfile: /home/travis/build/icyphy/ptII/build.xml

build-message:
     [echo] Use ant -p to see other targets. JAVA_HOME=/usr/lib/jvm/java-8-oracle
     [echo] tools.jar is necessary for compilation of doc/doclets/.
     [echo] If compilation fails, try setting JAVA_HOME to the location of the JDK.
     [echo] For example:
     [echo]   [bldmastr@sisyphus ptII]$ which java
     [echo]   /usr/bin/java
     [echo]   [bldmastr@sisyphus ptII]$ ls -l /usr/bin/java
     [echo]   lrwxrwxrwx 1 root root 26 Jul 31 10:12 /usr/bin/java -> /usr/java/default/bin/java
     [echo]   [bldmastr@sisyphus ptII]$ export JAVA_HOME=/usr/java/default
     [echo]     

-build-subprojects-empty:

-check-maven-ant-task:

build-websensor:

build-subprojects:

-check-node:

-check-node-works:
     [exec] v7.10.1

-check-npm:

-check-npm-works:
     [exec] 4.2.0

-check-if-npmjs-org-is-up:
     [echo] Check to see if https://www.npmjs.org is up.

-jsdoc-no-network-message:

-check-jsdoc:

jsdoc-install:
    [mkdir] Created dir: /home/travis/build/icyphy/ptII/node_modules
     [exec] /home/travis/build/icyphy/ptII
     [exec] └─┬ @terraswarm/jsdoc@3.5.1-dev 
     [exec]   ├── bluebird@3.4.7 
     [exec]   ├─┬ catharsis@0.8.9 
     [exec]   │ └─┬ underscore-contrib@0.3.0 
     [exec]   │   └── underscore@1.6.0 
     [exec]   ├── escape-string-regexp@1.0.5 
     [exec]   ├─┬ espree@3.1.7 
     [exec]   │ ├── acorn@3.3.0 
     [exec]   │ └── acorn-jsx@3.0.1 
     [exec]   ├── js2xmlparser@1.0.0 
     [exec]   ├─┬ klaw@1.3.1 
     [exec]   │ └── graceful-fs@4.1.11 
     [exec]   ├── marked@0.3.19 
     [exec]   ├─┬ mkdirp@0.5.1 
     [exec]   │ └── minimist@0.0.8 
     [exec]   ├─┬ requizzle@0.2.1 
     [exec]   │ └── underscore@1.6.0 
     [exec]   ├── strip-json-comments@2.0.1 
     [exec]   ├── taffydb@2.6.2 
     [exec]   └── underscore@1.8.3 
     [exec] 
     [exec] npm WARN enoent ENOENT: no such file or directory, open '/home/travis/build/icyphy/ptII/package.json'
     [exec] npm WARN ptII No description
     [exec] npm WARN ptII No repository field.
     [exec] npm WARN ptII No README data
     [exec] npm WARN ptII No license field.

jsdoc-update:

-ptdoc-no-node:

-ptdoc-no-npm:

ptdoc:
     [echo] 
     [echo]       If the ptdoc target fails, then try running:
     [echo]           ant build-project build-bin
     [echo]     

-check-node:

-check-node-works:
     [exec] v7.10.1

-check-npm:

-check-npm-works:
     [exec] 4.2.0

-check-if-npmjs-org-is-up:
     [echo] Check to see if https://www.npmjs.org is up or $TRAVIS is set.

-jsdoc-no-network-message:

-check-jsdoc:
     [echo] To stop CapeCode from invoking jsdoc and svn, set the PT_NO_NET environment variable.  
     [echo]     Under BASH:
     [echo]         export PT_NO_NET=true
     [echo]     If ptdoc fails, and you are building from $PTII, try:
     [echo]         ant build-project build-bin
     [echo]     

jsdoc-install:
     [echo] npm.executable: npm
    [mkdir] Created dir: /home/travis/build/icyphy/ptII/org/terraswarm/accessor/accessors/node_modules
     [exec] /home/travis/build/icyphy/ptII/org/terraswarm/accessor/accessors
     [exec] └─┬ @terraswarm/jsdoc@3.5.1-dev 
     [exec]   ├── bluebird@3.4.7 
     [exec]   ├─┬ catharsis@0.8.9 
     [exec]   │ └─┬ underscore-contrib@0.3.0 
     [exec]   │   └── underscore@1.6.0 
     [exec]   ├── escape-string-regexp@1.0.5 
     [exec]   ├─┬ espree@3.1.7 
     [exec]   │ ├── acorn@3.3.0 
     [exec]   │ └── acorn-jsx@3.0.1 
     [exec]   ├── js2xmlparser@1.0.0 
     [exec]   ├─┬ klaw@1.3.1 
     [exec]   │ └── graceful-fs@4.1.11 
     [exec]   ├── marked@0.3.19 
     [exec]   ├─┬ mkdirp@0.5.1 
     [exec]   │ └── minimist@0.0.8 
     [exec]   ├─┬ requizzle@0.2.1 
     [exec]   │ └── underscore@1.6.0 
     [exec]   ├── strip-json-comments@2.0.1 
     [exec]   ├── taffydb@2.6.2 
     [exec]   └── underscore@1.8.3 
     [exec] 
     [exec] npm WARN enoent ENOENT: no such file or directory, open '/home/travis/build/icyphy/ptII/org/terraswarm/accessor/accessors/package.json'
     [exec] npm WARN accessors No description
     [exec] npm WARN accessors No repository field.
     [exec] npm WARN accessors No README data
     [exec] npm WARN accessors No license field.

jsdoc-update:

-ptdoc-no-node-message:

-ptdoc-no-npm-message:

-check-jsdoc-again:

-jsdoc-command-message:

ptdoc:
     [echo] Invoke /home/travis/build/icyphy/ptII/org/terraswarm/accessor/accessors/web/../node_modules/@terraswarm/jsdoc/jsdoc.js to read *.js files and generate *PtDoc.xml files suitable for Ptolemy.
     [echo]     See https://chess.eecs.berkeley.edu/ptexternal/wiki/Main/JSDocSystems
     [echo]     See jsdoc/jsdoc.json
     [echo]     See jsdoc/plugins/accessorJSDocTags.js
     [echo]     See jsdoc/templates/ptdoc/publish.js
     [echo] 
     [echo]     If the ptdoc target fails, the there is likely a problem with node or npm.  It is possible
     [echo]     to use CapeCode even if the ptdoc target fails.
     [echo]     
     [echo]     If you are building from $PTII, try:
     [echo]         ant build-project build-bin
     [echo] 
     [echo]     
     [exec] Generating output files...
     [exec] Finished running in 4.17 seconds.

build-project:
     [echo] ptII: /home/travis/build/icyphy/ptII/build.xml
    [javac] Compiling 4725 source files to /home/travis/build/icyphy/ptII
    [javac] /home/travis/build/icyphy/ptII/ptolemy/copernicus/applet/JarSigner.java:61: warning: ManifestDigester is internal proprietary API and may be removed in a future release
    [javac] import sun.security.util.ManifestDigester;
    [javac]                         ^
    [javac] /home/travis/build/icyphy/ptII/ptolemy/media/viewer/AudioViewer.java:51: warning: AudioPlayer is internal proprietary API and may be removed in a future release
    [javac] import sun.audio.AudioPlayer;
    [javac]                 ^
    [javac] /home/travis/build/icyphy/ptII/ptolemy/util/StringUtilities.java:48: warning: Unsafe is internal proprietary API and may be removed in a future release
    [javac] import sun.misc.Unsafe;
    [javac]                ^
    [javac] warning: Supported source version 'RELEASE_6' from annotation processor 'org.netbeans.modules.openide.util.NbBundleProcessor' less than -source '1.8'
    [javac] warning: Supported source version 'RELEASE_6' from annotation processor 'org.netbeans.modules.openide.util.URLStreamHandlerRegistrationProcessor' less than -source '1.8'
    [javac] warning: Supported source version 'RELEASE_6' from annotation processor 'org.netbeans.modules.openide.util.ServiceProviderProcessor' less than -source '1.8'
    [javac] /home/travis/build/icyphy/ptII/ptolemy/copernicus/applet/JarSigner.java:61: warning: ManifestDigester is internal proprietary API and may be removed in a future release
    [javac] import sun.security.util.ManifestDigester;
    [javac]                         ^
    [javac] /home/travis/build/icyphy/ptII/ptolemy/media/viewer/AudioViewer.java:51: warning: AudioPlayer is internal proprietary API and may be removed in a future release
    [javac] import sun.audio.AudioPlayer;
    [javac]                 ^
    [javac] /home/travis/build/icyphy/ptII/ptolemy/util/StringUtilities.java:48: warning: Unsafe is internal proprietary API and may be removed in a future release
    [javac] import sun.misc.Unsafe;
    [javac]                ^
    [javac] /home/travis/build/icyphy/ptII/ptolemy/copernicus/applet/JarSigner.java:61: warning: ManifestDigester is internal proprietary API and may be removed in a future release
    [javac] import sun.security.util.ManifestDigester;
    [javac]                         ^
    [javac] /home/travis/build/icyphy/ptII/ptolemy/media/viewer/AudioViewer.java:51: warning: AudioPlayer is internal proprietary API and may be removed in a future release
    [javac] import sun.audio.AudioPlayer;
    [javac]                 ^
    [javac] /home/travis/build/icyphy/ptII/ptolemy/util/StringUtilities.java:48: warning: Unsafe is internal proprietary API and may be removed in a future release
    [javac] import sun.misc.Unsafe;
    [javac]                ^
    [javac] /home/travis/build/icyphy/ptII/ptolemy/copernicus/applet/JarSigner.java:320: warning: ManifestDigester is internal proprietary API and may be removed in a future release
    [javac]         ManifestDigester manifestDigester = new ManifestDigester(
    [javac]         ^
    [javac] /home/travis/build/icyphy/ptII/ptolemy/copernicus/applet/JarSigner.java:320: warning: ManifestDigester is internal proprietary API and may be removed in a future release
    [javac]         ManifestDigester manifestDigester = new ManifestDigester(
    [javac]                                                 ^
    [javac] /home/travis/build/icyphy/ptII/ptolemy/copernicus/applet/JarSigner.java:634: warning: ManifestDigester is internal proprietary API and may be removed in a future release
    [javac]                 ManifestDigester md, String baseName, boolean signManifest)
    [javac]                 ^
    [javac] /home/travis/build/icyphy/ptII/ptolemy/copernicus/applet/JarSigner.java:648: warning: ManifestDigester is internal proprietary API and may be removed in a future release
    [javac]                     ManifestDigester.class, String.class, Boolean.TYPE);
    [javac]                     ^
    [javac] /home/travis/build/icyphy/ptII/ptolemy/media/viewer/AudioViewer.java:242: warning: AudioPlayer is internal proprietary API and may be removed in a future release
    [javac]         AudioPlayer.player.start(_instream);
    [javac]         ^
    [javac] /home/travis/build/icyphy/ptII/ptolemy/util/StringUtilities.java:118: warning: Unsafe is internal proprietary API and may be removed in a future release
    [javac]             Field theUnsafe = Unsafe.class.getDeclaredField("theUnsafe");
    [javac]                               ^
    [javac] /home/travis/build/icyphy/ptII/ptolemy/util/StringUtilities.java:120: warning: Unsafe is internal proprietary API and may be removed in a future release
    [javac]             Unsafe unsafe = (Unsafe) theUnsafe.get(null);
    [javac]             ^
    [javac] /home/travis/build/icyphy/ptII/ptolemy/util/StringUtilities.java:120: warning: Unsafe is internal proprietary API and may be removed in a future release
    [javac]             Unsafe unsafe = (Unsafe) theUnsafe.get(null);
    [javac]                              ^
    [javac] Note: Some input files use or override a deprecated API.
    [javac] Note: Recompile with -Xlint:deprecation for details.
    [javac] Note: Some input files use unchecked or unsafe operations.
    [javac] Note: Recompile with -Xlint:unchecked for details.
    [javac] 20 warnings

-check-ptII-mk-file:

-check-bin-vergil:

-check-make-bin-vergil:

build-bin-not:

build-not-bin-vergil:
     [echo] 
     [echo] 	$PTII/bin/vergil does not exist, perhaps (cd $PTII/bin; make) has not been run?
     [echo] 	This can happen if the make binary cannot be found in the path or if $PTII/mk/ptII.mk
     [echo] 	is not present.
     [echo] 	Skipping running make in $PTII/bin, which creates scripts like $PTII/bin/vergil.
     [echo] 	This is only an issue if you want to invoke "$PTII/bin/vergil" instead of "ant vergil".
     [echo] 	However, $PTII/bin does include other scripts that may be of use.
     [echo]       

build-bin:
     [exec] for file in .momllib-util .nc2moml-util .ncapp2moml-util capecode convertToLazy copernicus decompile emachine giottoc histogram homer jode mescal moml obfuscate ptcg ptcodegen ptexecute ptjacl ptjaclapp ptplot ptstartjini ptolemy ptweb pxgraph soot tinicomm tinic tiniconverter startjini.gui vergil; do \
     [exec] 		echo "$file"; \
     [exec] 		rm -f "$file"; \
     [exec] 		ln -s ptinvoke "$file"; \
     [exec] 		chmod a+x "$file"; \
     [exec] 	done
     [exec] .momllib-util
     [exec] .nc2moml-util
     [exec] .ncapp2moml-util
     [exec] capecode
     [exec] convertToLazy
     [exec] copernicus
     [exec] decompile
     [exec] emachine
     [exec] giottoc
     [exec] histogram
     [exec] homer
     [exec] jode
     [exec] mescal
     [exec] moml
     [exec] obfuscate
     [exec] ptcg
     [exec] ptcodegen
     [exec] ptexecute
     [exec] ptjacl
     [exec] ptjaclapp
     [exec] ptplot
     [exec] ptstartjini
     [exec] ptolemy
     [exec] ptweb
     [exec] pxgraph
     [exec] soot
     [exec] tinicomm
     [exec] tinic
     [exec] tiniconverter
     [exec] startjini.gui
     [exec] vergil
     [exec] rm -f makebat
     [exec] ln -s ptinvoke makebat
     [exec] rm -f ".momllib-util.bat"
     [exec] ./makebat -q "`basename .momllib-util.bat .bat`"
     [exec] rm -f ".nc2moml-util.bat"
     [exec] ./makebat -q "`basename .nc2moml-util.bat .bat`"
     [exec] rm -f ".ncapp2moml-util.bat"
     [exec] ./makebat -q "`basename .ncapp2moml-util.bat .bat`"
     [exec] rm -f "capecode.bat"
     [exec] ./makebat -q "`basename capecode.bat .bat`"
     [exec] rm -f "convertToLazy.bat"
     [exec] ./makebat -q "`basename convertToLazy.bat .bat`"
     [exec] rm -f "copernicus.bat"
     [exec] ./makebat -q "`basename copernicus.bat .bat`"
     [exec] rm -f "decompile.bat"
     [exec] ./makebat -q "`basename decompile.bat .bat`"
     [exec] rm -f "emachine.bat"
     [exec] ./makebat -q "`basename emachine.bat .bat`"
     [exec] rm -f "giottoc.bat"
     [exec] ./makebat -q "`basename giottoc.bat .bat`"
     [exec] rm -f "histogram.bat"
     [exec] ./makebat -q "`basename histogram.bat .bat`"
     [exec] rm -f "homer.bat"
     [exec] ./makebat -q "`basename homer.bat .bat`"
     [exec] rm -f "jode.bat"
     [exec] ./makebat -q "`basename jode.bat .bat`"
     [exec] rm -f "mescal.bat"
     [exec] ./makebat -q "`basename mescal.bat .bat`"
     [exec] LD_LIBRARY_PATH = /home/travis/build/icyphy/ptII/mescal/lib:/home/travis/build/icyphy/ptII/mescal/bin:/usr/local/lib:/home/travis/build/icyphy/ptII/lib:/home/travis/pthla/certi-tools/lib:/home/travis/pthla/certi-tools/lib:/usr/lib/jni:/usr/local/share/OpenCV/java/:/usr/share/OpenCV/java:
     [exec] rm -f "moml.bat"
     [exec] ./makebat -q "`basename moml.bat .bat`"
     [exec] rm -f "obfuscate.bat"
     [exec] ./makebat -q "`basename obfuscate.bat .bat`"
     [exec] rm -f "ptcg.bat"
     [exec] ./makebat -q "`basename ptcg.bat .bat`"
     [exec] rm -f "ptcodegen.bat"
     [exec] ./makebat -q "`basename ptcodegen.bat .bat`"
     [exec] rm -f "ptexecute.bat"
     [exec] ./makebat -q "`basename ptexecute.bat .bat`"
     [exec] rm -f "ptjacl.bat"
     [exec] ./makebat -q "`basename ptjacl.bat .bat`"
     [exec] rm -f "ptjaclapp.bat"
     [exec] ./makebat -q "`basename ptjaclapp.bat .bat`"
     [exec] rm -f "ptplot.bat"
     [exec] ./makebat -q "`basename ptplot.bat .bat`"
     [exec] rm -f "ptstartjini.bat"
     [exec] ./makebat -q "`basename ptstartjini.bat .bat`"
     [exec] rm -f "ptolemy.bat"
     [exec] ./makebat -q "`basename ptolemy.bat .bat`"
     [exec] rm -f "ptweb.bat"
     [exec] ./makebat -q "`basename ptweb.bat .bat`"
     [exec] rm -f "pxgraph.bat"
     [exec] ./makebat -q "`basename pxgraph.bat .bat`"
     [exec] rm -f "soot.bat"
     [exec] ./makebat -q "`basename soot.bat .bat`"
     [exec] rm -f "tinicomm.bat"
     [exec] ./makebat -q "`basename tinicomm.bat .bat`"
     [exec] rm -f "tinic.bat"
     [exec] ./makebat -q "`basename tinic.bat .bat`"
     [exec] rm -f "tiniconverter.bat"
     [exec] ./makebat -q "`basename tiniconverter.bat .bat`"
     [exec] Cloning into 'universalJavaApplicationStub'...
     [exec] rm -f "startjini.gui.bat"
     [exec] ./makebat -q "`basename startjini.gui.bat .bat`"
     [exec] rm -f "vergil.bat"
     [exec] ./makebat -q "`basename vergil.bat .bat`"
     [exec] rm -f makeapp
     [exec] ln -s ptinvoke makeapp
     [exec] chmod a+x ptinvoke makeapp
     [exec] ./makeapp CapeCode.app CAPECODE -capecode
     [exec] ./makeapp: /home/travis/build/icyphy/ptII/vendors/universalJavaApplicationStub/src/universalJavaApplicationStub does not exist, creating it from GitHub.
     [exec] Updating universalJavaApplicationStub from /home/travis/build/icyphy/ptII/vendors/universalJavaApplicationStub/src/universalJavaApplicationStub
     [exec] Error: This Java instance does not support a 32-bit JVM.
     [exec] Please install the desired version.
     [exec] configure: WARNING: Running java -d32 -version failed,
     [exec]     and ./bin/java does not exist.
     [exec]     Perhaps you need to install a separate 32-bit JVM
     [exec]     or rerun configure with --with-java32?
     [exec]     The 32-bit JVM is only needed for certain 32-bit FMI tests.
     [exec]     In general, under a 64-bit JVM, FMI will work fine without a 32-bit JVM.
     [exec] configure: WARNING: '/usr/lib/jvm/java-8-oracle/bin/java' is not
     [exec]     the same as '/usr/bin/java'.
     [exec]     Perhaps '/usr/bin/java' is in your path before
     [exec]     '/usr/lib/jvm/java-8-oracle/bin/java'?
     [exec]     If you have problems later, be sure that you don't have a mismatch
     [exec]     in JDK versions.
     [exec] configure: WARNING: '/usr/lib/jvm/java-8-oracle/bin/javac' is not
     [exec] 	 the same as '/usr/bin/javac'.
     [exec] 	 Perhaps '/usr/bin/javac' is in your path
     [exec] 	 before '/usr/lib/jvm/java-8-oracle/bin/javac'?
     [exec] 	 If you have problems later, be sure that you don't have a mismatch
     [exec] 	 in JDK versions.
     [exec] configure: WARNING: Failed to find /usr/local/include/boost/numeric/odeint.hpp
     [exec]     This is only a problem if you want to rebuild the Functional
     [exec]     Mock-up Interface ++ C files in actor/lib/fmi/fmipp.
     [exec]     Most users can use the shared libraries in /home/travis/build/icyphy/ptII/lib or /home/travis/build/icyphy/ptII/bin.
     [exec] configure: WARNING: Failed to find Checkstyle in /home/travis/build/icyphy/ptII/vendors/checkstyle-6.2
     [exec]     Checkstyle is only necessary for code cleaning.
     [exec]     Checkstyle is LGPL'd, so while it could be in the ptII repo, we don't add it.
     [exec]     Checkstyle may be downloaded from http://checkstyle.sourceforge.net/
     [exec] configure: WARNING: Did not find /home/travis/build/icyphy/ptII/vendors/misc/colt/colt.jar,
     [exec]     using /home/travis/build/icyphy/ptII/lib/ptcolt.jar
     [exec] configure: WARNING: Failed to find Cobertura in /home/travis/build/icyphy/ptII/vendors/corbertura-2.0.3
     [exec]     Cobertura is only necessary to for code coverage.
     [exec]     Cobertura is GPL'd, so we don't check it in to the ptII repository.
     [exec]     Cobertura may be downloaded from http://cobertura.github.io/cobertura/
     [exec] configure: WARNING: Failed to find CUnit in /usr/local or
     [exec]     /home/travis/build/icyphy/ptII/vendors/CUnit.
     [exec]     CUnit is only necessary to test the C templates of the code generation facility
     [exec] configure: WARNING: Failed to find dbxml-X.Y shared library in /home/travis/build/icyphy/ptII/vendors/misc/dbxml-2.5.16/install/lib.
     [exec]     This means that the Ptolemy/Android HandSimDroid prototype will not run.
     [exec] configure: WARNING: Failed to find /home/travis/build/icyphy/ptII/vendors/mbed/gcc-arm/bin/arm-none-eabi-gcc
     [exec]     so the Mbed CG facility will not be run.
     [exec] JAITest.java:28: error: package javax.media.jai does not exist
     [exec] import javax.media.jai.*;
     [exec] ^
     [exec] 1 error
     [exec] configure: WARNING: JAI not found in the default classpath
     [exec] configure: WARNING: Failed to find /usr/local/jmodelica/include/jmi.h
     [exec]     which is part of JModelica.
     [exec]     Ptolemy optionally includes one or more FMUs that use JModelica.
     [exec]     To install JModelica, see https://svn.jmodelica.org/trunk/INSTALL
     [exec] JMFTest.java:28: error: package javax.media does not exist
     [exec] import javax.media.CaptureDeviceInfo;
     [exec]                   ^
     [exec] 1 error
     [exec] Exception in thread "main" java.lang.RuntimeException: Could not load opencv_java320.
     [exec]     java.library.path = /home/travis/build/icyphy/ptII/lib:/home/travis/build/icyphy/ptII/lib:/home/travis/pthla/certi-tools/lib:/home/travis/pthla/certi-tools/lib:/usr/lib/jni:/usr/local/share/OpenCV/java/:/usr/share/OpenCV/java::/usr/java/packages/lib/amd64:/usr/lib64:/lib64:/lib:/usr/lib
     [exec] 	at OpenCVTest.main(OpenCVTest.java:75)
     [exec] Caused by: java.lang.UnsatisfiedLinkError: no opencv_java320 in java.library.path
     [exec] 	at java.lang.ClassLoader.loadLibrary(ClassLoader.java:1867)
     [exec] 	at java.lang.Runtime.loadLibrary0(Runtime.java:870)
     [exec] 	at java.lang.System.loadLibrary(System.java:1122)
     [exec] 	at OpenCVTest.main(OpenCVTest.java:52)
     [exec] configure: WARNING: Failed to run OpenCV test program in /home/travis/build/icyphy/ptII/config with
     [exec]     /usr/lib/jvm/java-8-oracle/bin/java -classpath /home/travis/build/icyphy/ptII/lib/opencv-320.jar:. OpenCVTest
     [exec]     so we will try other jars.
     [exec] libdc1394 error: Failed to initialize libdc1394
     [exec] configure: WARNING: Could not find directory
     [exec]     '/home/travis/build/icyphy/ptII/vendors/sun/javacc-5.0'
     [exec]     so we search for the jjtree command.
     [exec] configure: WARNING: Failed to find jjtree
     [exec] configure: WARNING: Failed to find javacc, perhaps JavaCC is not installed?
     [exec]     You need not download JavaCC unless you plan on modifying .jjt files
     [exec]     in ptolemy/data/expr.
     [exec]     JavaCC is available from
     [exec]     http://javacc.dev.java.net/
     [exec] 
     [exec]     Note that the zip file that gets downloaded is actually an installer
     [exec]     that must be run to install the JavaCC.zip file that contains the classes.
     [exec] 
     [exec]     Note that JavaCC-4.1 and 4.2 will not work, there are problems with
     [exec]     ReInit() being static or not static.
     [exec] 
     [exec]     JavaCC-6.0 seems to not include the jjtree and javacc scripts, so
     [exec]     we recommend JavaCC-5.0.
     [exec] 
     [exec]     Try:
     [exec]     cd /home/travis/build/icyphy/ptII/vendors/sun
     [exec]     wget https://java.net/projects/javacc/downloads/download/javacc-5.0.tar.gz
     [exec]     tar -zxf javacc-5.0.tar.gz
     [exec]     cd /home/travis/build/icyphy/ptII
     [exec]     ./configure
     [exec] 
     [exec]     Configure looks for JavaCC in /home/travis/build/icyphy/ptII/vendors/sun/javacc-5.0
     [exec]     so either install JavaCC in that location or use the --with-javacc= flag
     [exec]     and then rerun configure.'
     [exec] ls: cannot access /home/travis/build/icyphy/ptII/vendors/j3d/*/lib/ext: No such file or directory
     [exec] configure: WARNING: Failed to find matlab executable in the path.
     [exec]     Perhaps Matlab is not installed?
     [exec]     If Matlab is not present, then the Ptolemy II/Matlab interface in
     [exec]     $PTII/ptolemy/matlab will not be usable.
     [exec] configure: WARNING: Matlab was not found, but compiling the .java files in ptolemy/matlab/ should be ok.
     [exec] configure: WARNING: Failed to find omc, the OpenModelicaCompiler.
     [exec]     Rebuilding the OpenModelica fmus will not be possible.
     [exec]     Running the OpenModelica models will not be possible.
     [exec]     This is only a concern if you are interested in OpenModelica
     [exec] configure: WARNING: Failed to find PowerMock.
     [exec]     Perhaps PowerMock was not installed?
     [exec]     You need not download these packages if you would like
     [exec]     to run the tests.  To install PowerMock, go to
     [exec]     http://code.google.com/p/powermock/ and download
     [exec]     http://powermock.googlecode.com/files/powermock-easymock-junit-1.3.8.zip
     [exec]     (which contains PowerMock for EasyMock and JUnit) and unzip it in
     [exec]     /home/travis/build/icyphy/ptII/vendors/misc so that
     [exec]     /home/travis/build/icyphy/ptII/vendors/misc/powermock-easymock-junit-1.3.8 is created,
     [exec]     then rerun configure.
     [exec]     Other versions of PowerMock _may_ work, but are untested.
     [exec] configure: WARNING: Failed to find the scalac binary,
     [exec]     so org/ptolemy/scala will be excluded
     [exec] configure: WARNING: ojdbc5.jar not found,
     [exec]     but only necessary to use database actors with Oracle.
     [exec]     If the mysql jar file is present, then the Oracle Java Database Connector is not necessary
     [exec]     To install ojdbc5.jar or ojdbc6.jar,
     [exec]     download it from http://www.oracle.com/technetwork/apps-tech/jdbc-111060-084321.html
     [exec]     copy it to ptolemy/actor/lib/database
     [exec]     and rerun ./configure
     [exec] configure: WARNING: Failed to find Batik Jar file
     [exec]     You need only have Batik if you are planning on rebuilding diva.jar
     [exec]     for use with Kepler.
     [exec]     Batik can be downloaded from http://xmlgraphics.apache.org/batik/,
     [exec]     batike-1.9/lib/batik-all-1.9.jar copied to /home/travis/build/icyphy/ptII/lib
     [exec]     and ./configure rerun.
     [exec] configure: WARNING: $TOSROOT is not set.  It must be set to use PtinyOS.
     [exec] configure: WARNING: $TOSROOT is set to '',
     [exec]      but there is no directory by that name, so we will not set up for PtinyOS.
     [exec]      For details, see /home/travis/build/icyphy/ptII/ptolemy/domains/ptinyos/README.txt.
     [exec] configure: WARNING: Failed to find giotto/gdk.jar
     [exec]     perhaps Giotto is not installed?
     [exec]     You need not download Giotto unless you plan on generating code for
     [exec]     Giotto models.
     [exec]     The Giotto SDK can be
     [exec]     downloaded from https://embedded.eecs.berkeley.edu/giotto/
     [exec]     Copy gdk.jar to /home/travis/build/icyphy/ptII/vendors/giotto, for example:
     [exec]         mkdir -p /home/travis/build/icyphy/ptII/vendors/giotto
     [exec]         cp C:/Program\ Files/Giotto*/gdk.jar /home/travis/build/icyphy/ptII/vendors/giotto/
     [exec] configure: WARNING: Failed to find boost/numeric/odeint.hpp, so FMI ++
     [exec]     will not be compiled. FMI++ is an extension of the
     [exec]     Functional Mockup Interface, see
     [exec]     http://sourceforge.net/p/fmipp/wiki/Home/
     [exec] ./makeapp: Could not find MacJVMTar in /home/travis/build/icyphy/ptII/vendors/installer/MacJVM.tar.gz, downloading it now: Sat May 19 01:12:19 UTC 2018
     [exec] Untaring /home/travis/build/icyphy/ptII/vendors/installer/MacJVM.tar.gz in /home/travis/build/icyphy/ptII/ now: Sat May 19 01:12:26 UTC 2018
     [exec] touch CapeCode.app
     [exec] ./makeapp Vergil.app FULL -full
     [exec] Updating universalJavaApplicationStub from /home/travis/build/icyphy/ptII/vendors/universalJavaApplicationStub/src/universalJavaApplicationStub
     [exec] Untaring /home/travis/build/icyphy/ptII/vendors/installer/MacJVM.tar.gz in /home/travis/build/icyphy/ptII/ now: Sat May 19 01:12:29 UTC 2018
     [exec] touch Vergil.app
     [exec] chmod a+x ant cyphysim hyvisual startjini mkjnlp mkl4j mkosgi mkptdemo mkptlivelinkdemo mkpttest node npm ptjunit ptIITravisBuild.sh reloadAllAccessors updateFmu viptos 

build:

initReports:
    [mkdir] Created dir: /home/travis/build/icyphy/ptII/reports/doccheck
    [mkdir] Created dir: /home/travis/build/icyphy/ptII/reports/ojdcheck

test.capecode3.xml:
     [echo] 
     [echo]       ==test.capecode3.xml ==
     [echo]       This target runs the thirdbatch of Cape Code accessors tests
     [echo]       and generates JUnit xml output.
     [echo]       timeout = 4000000 milliseconds
     [echo]     
    [junit] javachdir: directory = org/terraswarm/accessor/accessors/web/services/test
    [junit] javachdir: pwd: /home/travis/build/icyphy/ptII/org/terraswarm/accessor/accessors/web/services/test  Invoking with -Djava.net.preferIPv4Stack=true
    [junit] Running org.terraswarm.accessor.accessors.web.services.test.junit.JUnitTclTest
    [junit] No tcl tests in /home/travis/build/icyphy/ptII/org/terraswarm/accessor/accessors/web/services/test
    [junit] No auto/knownFailedTests/*.xml tests in /home/travis/build/icyphy/ptII/org/terraswarm/accessor/accessors/web/services/test
    [junit] No auto/*.xml tests in /home/travis/build/icyphy/ptII/org/terraswarm/accessor/accessors/web/services/test
    [junit] AutoTests.java: About to close Vertx.
    [junit] AutoTests.java: Vertx closed.
    [junit] ----------------- testing Sat May 19 01:12:34 UTC 2018 /home/travis/build/icyphy/ptII/org/terraswarm/accessor/accessors/web/services/test/auto/ReverseGeoCoderTest.xml
    [junit] ----------------- Instantiating /home/travis/build/icyphy/ptII/org/terraswarm/accessor/accessors/web/services/test/auto/ReverseGeoCoderTest.xml
    [junit] JSAccessor: PT_NO_NET environment variable is set, so git pull and ptdoc are not being run.
    [junit] ReverseGeoCoder: Making an HTTP request. (Thread[ReverseGeoCoderTest,1,main])
    [junit] TextDisplayHelper: 'South Hall Rd, Berkeley, CA 94720, USA'
    [junit] TextDisplayHelper: '{\n   "results" : [\n      {\n         "address_components" : [\n            {\n               "long_name" : "South Hall Road",\n               "short_name" : "South Hall Rd",\n               "types" : [ "route" ]\n            },\n            {\n               "long_name" : "Berkeley",\n               "short_name" : "Berkeley",\n               "types" : [ "locality", "political" ]\n            },\n            {\n               "long_name" : "Alameda County",\n               "short_name" : "Alameda County",\n               "types" : [ "administrative_area_level_2", "political" ]\n            },\n            {\n               "long_name" : "California",\n               "short_name" : "CA",\n               "types" : [ "administrative_area_level_1", "political" ]\n            },\n            {\n               "long_name" : "United States",\n               "short_name" : "US",\n               "types" : [ "country", "political" ]\n            },\n            {\n               "long_name" : "94720",\n               "short_name" : "94720",\n               "types" : [ "postal_code" ]\n            }\n         ],\n         "formatted_address" : "South Hall Rd, Berkeley, CA 94720, USA",\n         "geometry" : {\n            "bounds" : {\n               "northeast" : {\n                  "lat" : 37.871888,\n                  "lng" : -122.2582525\n               },\n               "southwest" : {\n                  "lat" : 37.8717533,\n                  "lng" : -122.2583003\n               }\n            },\n            "location" : {\n               "lat" : 37.8718207,\n               "lng" : -122.2582764\n            },\n            "location_type" : "GEOMETRIC_CENTER",\n            "viewport" : {\n               "northeast" : {\n                  "lat" : 37.87316963029151,\n                  "lng" : -122.2569274197085\n               },\n               "southwest" : {\n                  "lat" : 37.87047166970851,\n                  "lng" : -122.2596253802915\n               }\n            }\n         },\n         "place_id" : "ChIJux0ESiR8hYARSpHSMhtOUBA",\n         "types" : [ "route" ]\n      },\n      {\n         "address_components" : [\n            {\n               "long_name" : "Berkeley",\n               "short_name" : "Berkeley",\n               "types" : [ "locality", "political" ]\n            },\n            {\n               "long_name" : "Alameda County",\n               "short_name" : "Alameda County",\n               "types" : [ "administrative_area_level_2", "political" ]\n            },\n            {\n               "long_name" : "California",\n               "short_name" : "CA",\n               "types" : [ "administrative_area_level_1", "political" ]\n            },\n            {\n               "long_name" : "United States",\n               "short_name" : "US",\n               "types" : [ "country", "political" ]\n            }\n         ],\n         "formatted_address" : "Berkeley, CA, USA",\n         "geometry" : {\n            "bounds" : {\n               "northeast" : {\n                  "lat" : 37.9058239,\n                  "lng" : -122.234179\n               },\n               "southwest" : {\n                  "lat" : 37.835727,\n                  "lng" : -122.367781\n               }\n            },\n            "location" : {\n               "lat" : 37.8715926,\n               "lng" : -122.272747\n            },\n            "location_type" : "APPROXIMATE",\n            "viewport" : {\n               "northeast" : {\n                  "lat" : 37.9058239,\n                  "lng" : -122.234179\n               },\n               "southwest" : {\n                  "lat" : 37.835727,\n                  "lng" : -122.367781\n               }\n            }\n         },\n         "place_id" : "ChIJ00mFOjZ5hYARk-l1ppUV6pQ",\n         "types" : [ "locality", "political" ]\n      },\n      {\n         "address_components" : [\n            {\n               "long_name" : "94720",\n               "short_name" : "94720",\n               "types" : [ "postal_code" ]\n            },\n            {\n               "long_name" : "Berkeley",\n               "short_name" : "Berkeley",\n               "types" : [ "locality", "political" ]\n            },\n            {\n               "long_name" : "Alameda County",\n               "short_name" : "Alameda County",\n               "types" : [ "administrative_area_level_2", "political" ]\n            },\n            {\n               "long_name" : "California",\n               "short_name" : "CA",\n               "types" : [ "administrative_area_level_1", "political" ]\n            },\n            {\n               "long_name" : "United States",\n               "short_name" : "US",\n               "types" : [ "country", "political" ]\n            }\n         ],\n         "formatted_address" : "Berkeley, CA 94720, USA",\n         "geometry" : {\n            "bounds" : {\n               "northeast" : {\n                  "lat" : 37.881405,\n                  "lng" : -122.2448649\n               },\n               "southwest" : {\n                  "lat" : 37.84554300000001,\n                  "lng" : -122.332636\n               }\n            },\n            "location" : {\n               "lat" : 37.87015100000001,\n               "lng" : -122.2594606\n            },\n            "location_type" : "APPROXIMATE",\n            "viewport" : {\n               "northeast" : {\n                  "lat" : 37.8813631,\n                  "lng" : -122.2448649\n               },\n               "southwest" : {\n                  "lat" : 37.860034,\n                  "lng" : -122.273656\n               }\n            }\n         },\n         "place_id" : "ChIJOS44Gjl8hYARjMTPdlBMDls",\n         "types" : [ "postal_code" ]\n      },\n      {\n         "address_components" : [\n            {\n               "long_name" : "Alameda County",\n               "short_name" : "Alameda County",\n               "types" : [ "administrative_area_level_2", "political" ]\n            },\n            {\n               "long_name" : "California",\n               "short_name" : "CA",\n               "types" : [ "administrative_area_level_1", "political" ]\n            },\n            {\n               "long_name" : "United States",\n               "short_name" : "US",\n               "types" : [ "country", "political" ]\n            }\n         ],\n         "formatted_address" : "Alameda County, CA, USA",\n         "geometry" : {\n            "bounds" : {\n               "northeast" : {\n                  "lat" : 37.9058239,\n                  "lng" : -121.4692139\n               },\n               "southwest" : {\n                  "lat" : 37.4545388,\n                  "lng" : -122.3737821\n               }\n            },\n            "location" : {\n               "lat" : 37.6016892,\n               "lng" : -121.7195459\n            },\n            "location_type" : "APPROXIMATE",\n            "viewport" : {\n               "northeast" : {\n                  "lat" : 37.9058239,\n                  "lng" : -121.4692139\n               },\n               "southwest" : {\n                  "lat" : 37.4545388,\n                  "lng" : -122.3737821\n               }\n            }\n         },\n         "place_id" : "ChIJWRd5NDfyj4ARc30TGxHHxmg",\n         "types" : [ "administrative_area_level_2", "political" ]\n      },\n      {\n         "address_components" : [\n            {\n               "long_name" : "San Francisco-Oakland-Fremont, CA",\n               "short_name" : "San Francisco-Oakland-Fremont, CA",\n               "types" : [ "political" ]\n            },\n            {\n               "long_name" : "California",\n               "short_name" : "CA",\n               "types" : [ "administrative_area_level_1", "political" ]\n            },\n            {\n               "long_name" : "United States",\n               "short_name" : "US",\n               "types" : [ "country", "political" ]\n            }\n         ],\n         "formatted_address" : "San Francisco-Oakland-Fremont, CA, CA, USA",\n         "geometry" : {\n            "bounds" : {\n               "northeast" : {\n                  "lat" : 38.320945,\n                  "lng" : -121.4692749\n               },\n               "southwest" : {\n                  "lat" : 37.1073458,\n                  "lng" : -123.024066\n               }\n            },\n            "location" : {\n               "lat" : 37.8043507,\n               "lng" : -121.8107079\n            },\n            "location_type" : "APPROXIMATE",\n            "viewport" : {\n               "northeast" : {\n                  "lat" : 38.320945,\n                  "lng" : -121.4692749\n               },\n               "southwest" : {\n                  "lat" : 37.1073458,\n                  "lng" : -123.024066\n               }\n            }\n         },\n         "place_id" : "ChIJGUN8-q6Ij4ARZ1tA_OojshE",\n         "types" : [ "political" ]\n      },\n      {\n         "address_components" : [\n            {\n               "long_name" : "San Francisco Metropolitan Area",\n               "short_name" : "San Francisco Metropolitan Area",\n               "types" : [ "political" ]\n            },\n            {\n               "long_name" : "California",\n               "short_name" : "CA",\n               "types" : [ "administrative_area_level_1", "political" ]\n            },\n            {\n               "long_name" : "United States",\n               "short_name" : "US",\n               "types" : [ "country", "political" ]\n            }\n         ],\n         "formatted_address" : "San Francisco Metropolitan Area, CA, USA",\n         "geometry" : {\n            "bounds" : {\n               "northeast" : {\n                  "lat" : 38.320945,\n                  "lng" : -121.4692139\n               },\n               "southwest" : {\n                  "lat" : 37.0538579,\n                  "lng" : -123.173825\n               }\n            },\n            "location" : {\n               "lat" : 37.7749274,\n               "lng" : -122.4194254\n            },\n            "location_type" : "APPROXIMATE",\n            "viewport" : {\n               "northeast" : {\n                  "lat" : 38.320945,\n                  "lng" : -121.4692139\n               },\n               "southwest" : {\n                  "lat" : 37.0538579,\n                  "lng" : -123.173825\n               }\n            }\n         },\n         "place_id" : "ChIJE156BviCj4ARKrqKa5lkEu4",\n         "types" : [ "political" ]\n      },\n      {\n         "address_components" : [\n            {\n               "long_name" : "California",\n               "short_name" : "CA",\n               "types" : [ "administrative_area_level_1", "political" ]\n            },\n            {\n               "long_name" : "United States",\n               "short_name" : "US",\n               "types" : [ "country", "political" ]\n            }\n         ],\n         "formatted_address" : "California, USA",\n         "geometry" : {\n            "bounds" : {\n               "northeast" : {\n                  "lat" : 42.0095169,\n                  "lng" : -114.131211\n               },\n               "southwest" : {\n                  "lat" : 32.528832,\n                  "lng" : -124.482003\n               }\n            },\n            "location" : {\n               "lat" : 36.778261,\n               "lng" : -119.4179324\n            },\n            "location_type" : "APPROXIMATE",\n            "viewport" : {\n               "northeast" : {\n                  "lat" : 42.0095169,\n                  "lng" : -114.131211\n               },\n               "southwest" : {\n                  "lat" : 32.528832,\n                  "lng" : -124.482003\n               }\n            }\n         },\n         "place_id" : "ChIJPV4oX_65j4ARVW8IJ6IJUYs",\n         "types" : [ "administrative_area_level_1", "political" ]\n      },\n      {\n         "address_components" : [\n            {\n               "long_name" : "United States",\n               "short_name" : "US",\n               "types" : [ "country", "political" ]\n            }\n         ],\n         "formatted_address" : "United States",\n         "geometry" : {\n            "bounds" : {\n               "northeast" : {\n                  "lat" : 71.5388001,\n                  "lng" : -66.885417\n               },\n               "southwest" : {\n                  "lat" : 18.7763,\n                  "lng" : 170.5957\n               }\n            },\n            "location" : {\n               "lat" : 37.09024,\n               "lng" : -95.712891\n            },\n            "location_type" : "APPROXIMATE",\n            "viewport" : {\n               "northeast" : {\n                  "lat" : 49.38,\n                  "lng" : -66.94\n               },\n               "southwest" : {\n                  "lat" : 25.82,\n                  "lng" : -124.39\n               }\n            }\n         },\n         "place_id" : "ChIJCzYy5IS16lQRQrfeQ5K5Oxw",\n         "types" : [ "country", "political" ]\n      }\n   ],\n   "status" : "OK"\n}\n'
    [junit] 15513 ms. Memory: 503808K Free: 222852K (44%)
    [junit] ----------------- Invoking toplevel() on ptolemy.moml.MoMLSimpleApplication@6dd818ab
    [junit] ----------------- Done invoking toplevel() on ptolemy.moml.MoMLSimpleApplication@6dd818ab
    [junit] reloadAllAccessors: .ReverseGeoCoderTest
    [junit] This is the first time that the reloadAllAccessors method has been invoked in this JVM, so the the accessors repo will be checked out or updated and JSDoc invoked. Note that running the tests may end up invoking a new JVM for each directory, so the repo may be checked out or updated and JSDoc invoked more than once when the tests are run.
    [junit] -------------- Reloaded accessors, but skipping rerun for now. Sat May 19 01:13:01 UTC 2018 /home/travis/build/icyphy/ptII/org/terraswarm/accessor/accessors/web/services/test/auto/ReverseGeoCoderTest.xml
    [junit] AutoTests.java: About to close Vertx.
    [junit] AutoTests.java: Vertx closed.
    [junit] Tests run: 4, Failures: 0, Errors: 0, Skipped: 0, Time elapsed: 27.37 sec
    [junit] Output:
    [junit] No tcl tests in /home/travis/build/icyphy/ptII/org/terraswarm/accessor/accessors/web/services/test
    [junit] No auto/knownFailedTests/*.xml tests in /home/travis/build/icyphy/ptII/org/terraswarm/accessor/accessors/web/services/test
    [junit] No auto/*.xml tests in /home/travis/build/icyphy/ptII/org/terraswarm/accessor/accessors/web/services/test
    [junit] AutoTests.java: About to close Vertx.
    [junit] AutoTests.java: Vertx closed.
    [junit] ----------------- testing Sat May 19 01:12:34 UTC 2018 /home/travis/build/icyphy/ptII/org/terraswarm/accessor/accessors/web/services/test/auto/ReverseGeoCoderTest.xml
    [junit] ----------------- Instantiating /home/travis/build/icyphy/ptII/org/terraswarm/accessor/accessors/web/services/test/auto/ReverseGeoCoderTest.xml
    [junit] JSAccessor: PT_NO_NET environment variable is set, so git pull and ptdoc are not being run.
    [junit] ReverseGeoCoder: Making an HTTP request. (Thread[ReverseGeoCoderTest,1,main])
    [junit] TextDisplayHelper: 'South Hall Rd, Berkeley, CA 94720, USA'
    [junit] TextDisplayHelper: '{\n   "results" : [\n      {\n         "address_components" : [\n            {\n               "long_name" : "South Hall Road",\n               "short_name" : "South Hall Rd",\n               "types" : [ "route" ]\n            },\n            {\n               "long_name" : "Berkeley",\n               "short_name" : "Berkeley",\n               "types" : [ "locality", "political" ]\n            },\n            {\n               "long_name" : "Alameda County",\n               "short_name" : "Alameda County",\n               "types" : [ "administrative_area_level_2", "political" ]\n            },\n            {\n               "long_name" : "California",\n               "short_name" : "CA",\n               "types" : [ "administrative_area_level_1", "political" ]\n            },\n            {\n               "long_name" : "United States",\n               "short_name" : "US",\n               "types" : [ "country", "political" ]\n            },\n            {\n               "long_name" : "94720",\n               "short_name" : "94720",\n               "types" : [ "postal_code" ]\n            }\n         ],\n         "formatted_address" : "South Hall Rd, Berkeley, CA 94720, USA",\n         "geometry" : {\n            "bounds" : {\n               "northeast" : {\n                  "lat" : 37.871888,\n                  "lng" : -122.2582525\n               },\n               "southwest" : {\n                  "lat" : 37.8717533,\n                  "lng" : -122.2583003\n               }\n            },\n            "location" : {\n               "lat" : 37.8718207,\n               "lng" : -122.2582764\n            },\n            "location_type" : "GEOMETRIC_CENTER",\n            "viewport" : {\n               "northeast" : {\n                  "lat" : 37.87316963029151,\n                  "lng" : -122.2569274197085\n               },\n               "southwest" : {\n                  "lat" : 37.87047166970851,\n                  "lng" : -122.2596253802915\n               }\n            }\n         },\n         "place_id" : "ChIJux0ESiR8hYARSpHSMhtOUBA",\n         "types" : [ "route" ]\n      },\n      {\n         "address_components" : [\n            {\n               "long_name" : "Berkeley",\n               "short_name" : "Berkeley",\n               "types" : [ "locality", "political" ]\n            },\n            {\n               "long_name" : "Alameda County",\n               "short_name" : "Alameda County",\n               "types" : [ "administrative_area_level_2", "political" ]\n            },\n            {\n               "long_name" : "California",\n               "short_name" : "CA",\n               "types" : [ "administrative_area_level_1", "political" ]\n            },\n            {\n               "long_name" : "United States",\n               "short_name" : "US",\n               "types" : [ "country", "political" ]\n            }\n         ],\n         "formatted_address" : "Berkeley, CA, USA",\n         "geometry" : {\n            "bounds" : {\n               "northeast" : {\n                  "lat" : 37.9058239,\n                  "lng" : -122.234179\n               },\n               "southwest" : {\n                  "lat" : 37.835727,\n                  "lng" : -122.367781\n               }\n            },\n            "location" : {\n               "lat" : 37.8715926,\n               "lng" : -122.272747\n            },\n            "location_type" : "APPROXIMATE",\n            "viewport" : {\n               "northeast" : {\n                  "lat" : 37.9058239,\n                  "lng" : -122.234179\n               },\n               "southwest" : {\n                  "lat" : 37.835727,\n                  "lng" : -122.367781\n               }\n            }\n         },\n         "place_id" : "ChIJ00mFOjZ5hYARk-l1ppUV6pQ",\n         "types" : [ "locality", "political" ]\n      },\n      {\n         "address_components" : [\n            {\n               "long_name" : "94720",\n               "short_name" : "94720",\n               "types" : [ "postal_code" ]\n            },\n            {\n               "long_name" : "Berkeley",\n               "short_name" : "Berkeley",\n               "types" : [ "locality", "political" ]\n            },\n            {\n               "long_name" : "Alameda County",\n               "short_name" : "Alameda County",\n               "types" : [ "administrative_area_level_2", "political" ]\n            },\n            {\n               "long_name" : "California",\n               "short_name" : "CA",\n               "types" : [ "administrative_area_level_1", "political" ]\n            },\n            {\n               "long_name" : "United States",\n               "short_name" : "US",\n               "types" : [ "country", "political" ]\n            }\n         ],\n         "formatted_address" : "Berkeley, CA 94720, USA",\n         "geometry" : {\n            "bounds" : {\n               "northeast" : {\n                  "lat" : 37.881405,\n                  "lng" : -122.2448649\n               },\n               "southwest" : {\n                  "lat" : 37.84554300000001,\n                  "lng" : -122.332636\n               }\n            },\n            "location" : {\n               "lat" : 37.87015100000001,\n               "lng" : -122.2594606\n            },\n            "location_type" : "APPROXIMATE",\n            "viewport" : {\n               "northeast" : {\n                  "lat" : 37.8813631,\n                  "lng" : -122.2448649\n               },\n               "southwest" : {\n                  "lat" : 37.860034,\n                  "lng" : -122.273656\n               }\n            }\n         },\n         "place_id" : "ChIJOS44Gjl8hYARjMTPdlBMDls",\n         "types" : [ "postal_code" ]\n      },\n      {\n         "address_components" : [\n            {\n               "long_name" : "Alameda County",\n               "short_name" : "Alameda County",\n               "types" : [ "administrative_area_level_2", "political" ]\n            },\n            {\n               "long_name" : "California",\n               "short_name" : "CA",\n               "types" : [ "administrative_area_level_1", "political" ]\n            },\n            {\n               "long_name" : "United States",\n               "short_name" : "US",\n               "types" : [ "country", "political" ]\n            }\n         ],\n         "formatted_address" : "Alameda County, CA, USA",\n         "geometry" : {\n            "bounds" : {\n               "northeast" : {\n                  "lat" : 37.9058239,\n                  "lng" : -121.4692139\n               },\n               "southwest" : {\n                  "lat" : 37.4545388,\n                  "lng" : -122.3737821\n               }\n            },\n            "location" : {\n               "lat" : 37.6016892,\n               "lng" : -121.7195459\n            },\n            "location_type" : "APPROXIMATE",\n            "viewport" : {\n               "northeast" : {\n                  "lat" : 37.9058239,\n                  "lng" : -121.4692139\n               },\n               "southwest" : {\n                  "lat" : 37.4545388,\n                  "lng" : -122.3737821\n               }\n            }\n         },\n         "place_id" : "ChIJWRd5NDfyj4ARc30TGxHHxmg",\n         "types" : [ "administrative_area_level_2", "political" ]\n      },\n      {\n         "address_components" : [\n            {\n               "long_name" : "San Francisco-Oakland-Fremont, CA",\n               "short_name" : "San Francisco-Oakland-Fremont, CA",\n               "types" : [ "political" ]\n            },\n            {\n               "long_name" : "California",\n               "short_name" : "CA",\n               "types" : [ "administrative_area_level_1", "political" ]\n            },\n            {\n               "long_name" : "United States",\n               "short_name" : "US",\n               "types" : [ "country", "political" ]\n            }\n         ],\n         "formatted_address" : "San Francisco-Oakland-Fremont, CA, CA, USA",\n         "geometry" : {\n            "bounds" : {\n               "northeast" : {\n                  "lat" : 38.320945,\n                  "lng" : -121.4692749\n               },\n               "southwest" : {\n                  "lat" : 37.1073458,\n                  "lng" : -123.024066\n               }\n            },\n            "location" : {\n               "lat" : 37.8043507,\n               "lng" : -121.8107079\n            },\n            "location_type" : "APPROXIMATE",\n            "viewport" : {\n               "northeast" : {\n                  "lat" : 38.320945,\n                  "lng" : -121.4692749\n               },\n               "southwest" : {\n                  "lat" : 37.1073458,\n                  "lng" : -123.024066\n               }\n            }\n         },\n         "place_id" : "ChIJGUN8-q6Ij4ARZ1tA_OojshE",\n         "types" : [ "political" ]\n      },\n      {\n         "address_components" : [\n            {\n               "long_name" : "San Francisco Metropolitan Area",\n               "short_name" : "San Francisco Metropolitan Area",\n               "types" : [ "political" ]\n            },\n            {\n               "long_name" : "California",\n               "short_name" : "CA",\n               "types" : [ "administrative_area_level_1", "political" ]\n            },\n            {\n               "long_name" : "United States",\n               "short_name" : "US",\n               "types" : [ "country", "political" ]\n            }\n         ],\n         "formatted_address" : "San Francisco Metropolitan Area, CA, USA",\n         "geometry" : {\n            "bounds" : {\n               "northeast" : {\n                  "lat" : 38.320945,\n                  "lng" : -121.4692139\n               },\n               "southwest" : {\n                  "lat" : 37.0538579,\n                  "lng" : -123.173825\n               }\n            },\n            "location" : {\n               "lat" : 37.7749274,\n               "lng" : -122.4194254\n            },\n            "location_type" : "APPROXIMATE",\n            "viewport" : {\n               "northeast" : {\n                  "lat" : 38.320945,\n                  "lng" : -121.4692139\n               },\n               "southwest" : {\n                  "lat" : 37.0538579,\n                  "lng" : -123.173825\n               }\n            }\n         },\n         "place_id" : "ChIJE156BviCj4ARKrqKa5lkEu4",\n         "types" : [ "political" ]\n      },\n      {\n         "address_components" : [\n            {\n               "long_name" : "California",\n               "short_name" : "CA",\n               "types" : [ "administrative_area_level_1", "political" ]\n            },\n            {\n               "long_name" : "United States",\n               "short_name" : "US",\n               "types" : [ "country", "political" ]\n            }\n         ],\n         "formatted_address" : "California, USA",\n         "geometry" : {\n            "bounds" : {\n               "northeast" : {\n                  "lat" : 42.0095169,\n                  "lng" : -114.131211\n               },\n               "southwest" : {\n                  "lat" : 32.528832,\n                  "lng" : -124.482003\n               }\n            },\n            "location" : {\n               "lat" : 36.778261,\n               "lng" : -119.4179324\n            },\n            "location_type" : "APPROXIMATE",\n            "viewport" : {\n               "northeast" : {\n                  "lat" : 42.0095169,\n                  "lng" : -114.131211\n               },\n               "southwest" : {\n                  "lat" : 32.528832,\n                  "lng" : -124.482003\n               }\n            }\n         },\n         "place_id" : "ChIJPV4oX_65j4ARVW8IJ6IJUYs",\n         "types" : [ "administrative_area_level_1", "political" ]\n      },\n      {\n         "address_components" : [\n            {\n               "long_name" : "United States",\n               "short_name" : "US",\n               "types" : [ "country", "political" ]\n            }\n         ],\n         "formatted_address" : "United States",\n         "geometry" : {\n            "bounds" : {\n               "northeast" : {\n                  "lat" : 71.5388001,\n                  "lng" : -66.885417\n               },\n               "southwest" : {\n                  "lat" : 18.7763,\n                  "lng" : 170.5957\n               }\n            },\n            "location" : {\n               "lat" : 37.09024,\n               "lng" : -95.712891\n            },\n            "location_type" : "APPROXIMATE",\n            "viewport" : {\n               "northeast" : {\n                  "lat" : 49.38,\n                  "lng" : -66.94\n               },\n               "southwest" : {\n                  "lat" : 25.82,\n                  "lng" : -124.39\n               }\n            }\n         },\n         "place_id" : "ChIJCzYy5IS16lQRQrfeQ5K5Oxw",\n         "types" : [ "country", "political" ]\n      }\n   ],\n   "status" : "OK"\n}\n'
    [junit] 15513 ms. Memory: 503808K Free: 222852K (44%)
    [junit] ----------------- Invoking toplevel() on ptolemy.moml.MoMLSimpleApplication@6dd818ab
    [junit] ----------------- Done invoking toplevel() on ptolemy.moml.MoMLSimpleApplication@6dd818ab
    [junit] reloadAllAccessors: .ReverseGeoCoderTest
    [junit] This is the first time that the reloadAllAccessors method has been invoked in this JVM, so the the accessors repo will be checked out or updated and JSDoc invoked. Note that running the tests may end up invoking a new JVM for each directory, so the repo may be checked out or updated and JSDoc invoked more than once when the tests are run.
    [junit] -------------- Reloaded accessors, but skipping rerun for now. Sat May 19 01:13:01 UTC 2018 /home/travis/build/icyphy/ptII/org/terraswarm/accessor/accessors/web/services/test/auto/ReverseGeoCoderTest.xml
    [junit] AutoTests.java: About to close Vertx.
    [junit] AutoTests.java: Vertx closed.
    [junit] 
    [junit] javachdir: directory = org/terraswarm/accessor/test
    [junit] javachdir: pwd: /home/travis/build/icyphy/ptII/org/terraswarm/accessor/test  Invoking with -Djava.net.preferIPv4Stack=true
    [junit] Running org.terraswarm.accessor.test.junit.JUnitTclTest
    [junit] /home/travis/build/icyphy/ptII/org/terraswarm/accessor/test/JSAccessor.tcl
    [junit] testDefs.tcl: setting time out to 9000 seconds at Sat May 19 01:13:02 UTC 2018
    [junit] JSAccessor: PT_NO_NET environment variable is set, so git pull and ptdoc are not being run.
    [junit] /home/travis/build/icyphy/ptII/org/terraswarm/accessor/test/WebSocketClientTest.tcl
    [junit] WebSocketClient: Connection failed. Will try again: Connection refused: localhost/127.0.0.1:9981/nConnection refused (Thread[vert.x-eventloop-thread-0,1,main])
    [junit] WebSocketClient: Connection closed because model is no longer running. (Thread[WebSocketClientJS,1,main])
    [junit] WARNING: Invoking send() too late (probably in a callback), so WebSocketServer is not able to send the token {socketID = 0, status = "closed"} to the output connection. Token is discarded.
    [junit] WARNING: Invoking send() too late (probably in a callback), so WebSocketServer is not able to send the token {socketID = 0, status = "closed"} to the output connection. Token is discarded.
    [junit] 6373 ms. Memory: 891904K Free: 530238K (59%)
    [junit] WebSocketClient: Connection failed. Will try again: Connection refused: localhost/127.0.0.1:9981/nConnection refused (Thread[vert.x-eventloop-thread-0,1,main])
    [junit] WebSocketClient: Connection closed because model is no longer running. (Thread[main,5,main])
    [junit] 5272 ms. Memory: 1067520K Free: 886817K (83%)
    [junit] reloadAllAccessors: .WebSocketClientJS
    [junit] This is the first time that the reloadAllAccessors method has been invoked in this JVM, so the the accessors repo will be checked out or updated and JSDoc invoked. Note that running the tests may end up invoking a new JVM for each directory, so the repo may be checked out or updated and JSDoc invoked more than once when the tests are run.
    [junit] WARNING: WebSocketServer: Model stopped before executing actions (e.g. producing outputs) scheduled for execution at times [0.313, 0.314]
    [junit] WebSocketClient: Connection failed. Will try again: Connection refused: localhost/127.0.0.1:9981/nConnection refused (Thread[vert.x-eventloop-thread-0,1,main])
    [junit] WebSocketClient: Connection closed because model is no longer running. (Thread[main,5,main])
    [junit] 5251 ms. Memory: 1117696K Free: 481846K (43%)
    [junit] WARNING: WebSocketServer: Model stopped before executing actions (e.g. producing outputs) scheduled for execution at times [0.131, 0.132]
    [junit] WebSocketClient: Connection failed. Will try again: Connection refused: localhost/127.0.0.1:8982/nConnection refused (Thread[vert.x-eventloop-thread-1,1,main])
    [junit] WebSocketClient: Connection failed. Will try again: Connection refused: localhost/127.0.0.1:8982/nConnection refused (Thread[vert.x-eventloop-thread-1,1,main])
    [junit] WebSocketClient: Connection failed. Will try again: Connection refused: localhost/127.0.0.1:8982/nConnection refused (Thread[vert.x-eventloop-thread-1,1,main])
    [junit] WebSocketClient: Connection failed. Will try again: Connection refused: localhost/127.0.0.1:8982/nConnection refused (Thread[vert.x-eventloop-thread-1,1,main])
    [junit] WebSocketClient: Connection failed. Will try again: Connection refused: localhost/127.0.0.1:8982/nConnection refused (Thread[vert.x-eventloop-thread-1,1,main])
    [junit] WebSocketClient: undefined: WebSocketClient.js: Error: Connection failed after 6 tries: Connection refused: localhost/127.0.0.1:8982/nConnection refused (Thread[vert.x-eventloop-thread-1,1,main])
    [junit] WebSocketClient: Connection closed because model is no longer running. (Thread[WebSocketClient2JS,1,main])
    [junit] 124199 ms. Memory: 1365504K Free: 620532K (45%)
    [junit] 
    [junit] 
    [junit] ==== $PTII/org/terraswarm/accessor/test/WebSocketClientTest.tcl: WebSocketClientTest-3.1 Run WebSocketClientJS.xml and then WebSocketClient2JS.xml with reloading of the accessor
    [junit] ==== Contents of test case:
    [junit] 
    [junit] java.lang.RuntimeException: Execution failed
    [junit]     set application [java::new ptolemy.moml.MoMLSimpleApplication $PTII/ptolemy/actor/lib/jjs/modules/webSocket/test/auto/WebSocketClientJS.xml]
    [junit] 	at ptolemy.moml.MoMLSimpleApplication$UnloadThread.run(MoMLSimpleApplication.java:402)
    [junit]     $application rerun
    [junit] Caused by: ptolemy.kernel.util.IllegalActionException: Exceptions occurred during wrapup:
    [junit]     set toplevel [$application toplevel]
    [junit]     java::call org.terraswarm.accessor.JSAccessor reloadAllAccessors $toplevel
    [junit] ptolemy.kernel.util.IllegalActionException: Failure executing the wrapup function: Error: TrainableTest: The input handler of this accessor was never invoked. Usually, this is an error indicating that starvation is occurring. in <function> at line number 393 at column number 16
    [junit]     $application rerun
    [junit] 
    [junit]   in .WebSocketClient2JS.TrainableTest
    [junit]     set $application [java::null]
    [junit] Because:
    [junit] Error: TrainableTest: The input handler of this accessor was never invoked. Usually, this is an error indicating that starvation is occurring. in <function> at line number 393 at column number 16
    [junit] 
    [junit]   in .WebSocketClient2JS.DE Director
    [junit] Because:
    [junit] Failure executing the wrapup function: Error: TrainableTest: The input handler of this accessor was never invoked. Usually, this is an error indicating that starvation is occurring. in <function> at line number 393 at column number 16
    [junit]   in .WebSocketClient2JS.TrainableTest
    [junit] Because:
    [junit] Error: TrainableTest: The input handler of this accessor was never invoked. Usually, this is an error indicating that starvation is occurring. in <function> at line number 393 at column number 16
    [junit] 	at ptolemy.actor.Director.wrapup(Director.java:1736)
    [junit] 	at ptolemy.domains.de.kernel.DEDirector.wrapup(DEDirector.java:1526)
    [junit] 	at ptolemy.actor.CompositeActor.wrapup(CompositeActor.java:2735)
    [junit] 	at ptolemy.actor.Manager.wrapup(Manager.java:1512)
    [junit] 	at ptolemy.actor.Manager.execute(Manager.java:407)
    [junit] 	at ptolemy.actor.Manager.run(Manager.java:1263)
    [junit] 	at ptolemy.actor.Manager$PtolemyRunThread.run(Manager.java:1915)
    [junit] Caused by: ptolemy.kernel.util.IllegalActionException: Failure executing the wrapup function: Error: TrainableTest: The input handler of this accessor was never invoked. Usually, this is an error indicating that starvation is occurring. in <function> at line number 393 at column number 16
    [junit]   in .WebSocketClient2JS.TrainableTest
    [junit] Because:
    [junit] Error: TrainableTest: The input handler of this accessor was never invoked. Usually, this is an error indicating that starvation is occurring. in <function> at line number 393 at column number 16
    [junit] 	at ptolemy.actor.lib.jjs.JavaScript._invokeMethodInContext(JavaScript.java:2223)
    [junit] 	at ptolemy.actor.lib.jjs.JavaScript.wrapup(JavaScript.java:2118)
    [junit] 	at ptolemy.actor.Director.wrapup(Director.java:1722)
    [junit] 	... 6 more
    [junit] Caused by: javax.script.ScriptException: Error: TrainableTest: The input handler of this accessor was never invoked. Usually, this is an error indicating that starvation is occurring. in <function> at line number 393 at column number 16
    [junit] 	at jdk.nashorn.api.scripting.NashornScriptEngine.throwAsScriptException(NashornScriptEngine.java:470)
    [junit] 	at jdk.nashorn.api.scripting.NashornScriptEngine.invokeImpl(NashornScriptEngine.java:392)
    [junit] 	at jdk.nashorn.api.scripting.NashornScriptEngine.invokeMethod(NashornScriptEngine.java:199)
    [junit] 	at ptolemy.actor.lib.jjs.JavaScript._invokeMethodInContext(JavaScript.java:2200)
    [junit] 	... 8 more
    [junit] Caused by: <function>:393:16 Error: TrainableTest: The input handler of this accessor was never invoked. Usually, this is an error indicating that starvation is occurring.
    [junit] 	at jdk.nashorn.internal.objects.NativeError.initException(NativeError.java:137)
    [junit] 	at jdk.nashorn.internal.objects.NativeError.<init>(NativeError.java:102)
    [junit] 	at jdk.nashorn.internal.objects.NativeError.<init>(NativeError.java:106)
    [junit] 	at jdk.nashorn.internal.objects.NativeError.<init>(NativeError.java:110)
    [junit] 	at jdk.nashorn.internal.objects.NativeError.constructor(NativeError.java:129)
    [junit] 	at jdk.nashorn.internal.scripts.Script$Recompilation$7314$18524$\^function\_.L:1#wrapup(<function>:393)
    [junit] 	at jdk.nashorn.internal.scripts.Script$Recompilation$7312$30384$require.L:1#Accessor#wrapup(/home/travis/build/icyphy/ptII/ptolemy/actor/lib/jjs/external/require.js#401:30<eval>:675)
    [junit] 	at jdk.nashorn.internal.runtime.ScriptFunctionData.invoke(ScriptFunctionData.java:637)
    [junit] 	at jdk.nashorn.internal.runtime.ScriptFunction.invoke(ScriptFunction.java:494)
    [junit] 	at jdk.nashorn.internal.runtime.ScriptRuntime.apply(ScriptRuntime.java:393)
    [junit] 	at jdk.nashorn.api.scripting.ScriptObjectMirror.callMember(ScriptObjectMirror.java:199)
    [junit] 	at jdk.nashorn.api.scripting.NashornScriptEngine.invokeImpl(NashornScriptEngine.java:386)
    [junit] 	... 10 more
    [junit] 
    [junit] Exception: java.lang.RuntimeException thrown from the UncaughtExceptionHandler in thread "Thread-10"
    [junit]     java::call System gc
    [junit] 
    [junit]     set application2 [java::new ptolemy.moml.MoMLSimpleApplication $PTII/ptolemy/actor/lib/jjs/modules/webSocket/test/auto/WebSocketClient2JS.xml]
    [junit]     $application2 rerun
    [junit]     set toplevel2 [$application2 toplevel]
    [junit]     java::call org.terraswarm.accessor.JSAccessor reloadAllAccessors $toplevel2
    [junit]     $application2 rerun
    [junit] 
    [junit]     set $application2 [java::null]
    [junit]     java::call System gc
    [junit] 
    [junit]     # Success is not throwing an exception.
    [junit]     list true
    [junit] 
    [junit] ==== Test generated error:
    [junit]     while executing
    [junit] ptolemy.kernel.util.IllegalActionException: Exceptions occurred during wrapup:
    [junit] ptolemy.kernel.util.IllegalActionException: Failure executing the wrapup function: Error: TrainableTest: The input handler of this accessor was never invoked. Usually, this is an error indicating that starvation is occurring. in <function> at line number 393 at column number 16
    [junit]   in .WebSocketClient2JS.TrainableTest
    [junit] Because:
    [junit] Error: TrainableTest: The input handler of this accessor was never invoked. Usually, this is an error indicating that starvation is occurring. in <function> at line number 393 at column number 16
    [junit] 
    [junit]   in .WebSocketClient2JS.DE Director
    [junit] Because:
    [junit] Failure executing the wrapup function: Error: TrainableTest: The input handler of this accessor was never invoked. Usually, this is an error indicating that starvation is occurring. in <function> at line number 393 at column number 16
    [junit]   in .WebSocketClient2JS.TrainableTest
    [junit] Because:
    [junit] Error: TrainableTest: The input handler of this accessor was never invoked. Usually, this is an error indicating that starvation is occurring. in <function> at line number 393 at column number 16
    [junit] 	at ptolemy.actor.Director.wrapup(Director.java:1736)
    [junit] 	at ptolemy.domains.de.kernel.DEDirector.wrapup(DEDirector.java:1526)
    [junit] 	at ptolemy.actor.CompositeActor.wrapup(CompositeActor.java:2735)
    [junit] 	at ptolemy.actor.Manager.wrapup(Manager.java:1512)
    [junit] 	at ptolemy.actor.Manager.execute(Manager.java:407)
    [junit] 	at ptolemy.actor.Manager.run(Manager.java:1263)
    [junit] 	at ptolemy.actor.Manager$PtolemyRunThread.run(Manager.java:1915)
    [junit] Caused by: ptolemy.kernel.util.IllegalActionException: Failure executing the wrapup function: Error: TrainableTest: The input handler of this accessor was never invoked. Usually, this is an error indicating that starvation is occurring. in <function> at line number 393 at column number 16
    [junit]   in .WebSocketClient2JS.TrainableTest
    [junit] Because:
    [junit] Error: TrainableTest: The input handler of this accessor was never invoked. Usually, this is an error indicating that starvation is occurring. in <function> at line number 393 at column number 16
    [junit] 	at ptolemy.actor.lib.jjs.JavaScript._invokeMethodInContext(JavaScript.java:2223)
    [junit] 	at ptolemy.actor.lib.jjs.JavaScript.wrapup(JavaScript.java:2118)
    [junit] 	at ptolemy.actor.Director.wrapup(Director.java:1722)
    [junit] 	... 6 more
    [junit] Caused by: javax.script.ScriptException: Error: TrainableTest: The input handler of this accessor was never invoked. Usually, this is an error indicating that starvation is occurring. in <function> at line number 393 at column number 16
    [junit] 	at jdk.nashorn.api.scripting.NashornScriptEngine.throwAsScriptException(NashornScriptEngine.java:470)
    [junit] 	at jdk.nashorn.api.scripting.NashornScriptEngine.invokeImpl(NashornScriptEngine.java:392)
    [junit] 	at jdk.nashorn.api.scripting.NashornScriptEngine.invokeMethod(NashornScriptEngine.java:199)
    [junit] 	at ptolemy.actor.lib.jjs.JavaScript._invokeMethodInContext(JavaScript.java:2200)
    [junit] 	... 8 more
    [junit] Caused by: <function>:393:16 Error: TrainableTest: The input handler of this accessor was never invoked. Usually, this is an error indicating that starvation is occurring.
    [junit] 	at jdk.nashorn.internal.objects.NativeError.initException(NativeError.java:137)
    [junit] 	at jdk.nashorn.internal.objects.NativeError.<init>(NativeError.java:102)
    [junit] 	at jdk.nashorn.internal.objects.NativeError.<init>(NativeError.java:106)
    [junit] 	at jdk.nashorn.internal.objects.NativeError.<init>(NativeError.java:110)
    [junit] 	at jdk.nashorn.internal.objects.NativeError.constructor(NativeError.java:129)
    [junit] 	at jdk.nashorn.internal.scripts.Script$Recompilation$7314$18524$\^function\_.L:1#wrapup(<function>:393)
    [junit] 	at jdk.nashorn.internal.scripts.Script$Recompilation$7312$30384$require.L:1#Accessor#wrapup(/home/travis/build/icyphy/ptII/ptolemy/actor/lib/jjs/external/require.js#401:30<eval>:675)
    [junit] 	at jdk.nashorn.internal.runtime.ScriptFunctionData.invoke(ScriptFunctionData.java:637)
    [junit] 	at jdk.nashorn.internal.runtime.ScriptFunction.invoke(ScriptFunction.java:494)
    [junit] 	at jdk.nashorn.internal.runtime.ScriptRuntime.apply(ScriptRuntime.java:393)
    [junit] 	at jdk.nashorn.api.scripting.ScriptObjectMirror.callMember(ScriptObjectMirror.java:199)
    [junit] 	at jdk.nashorn.api.scripting.NashornScriptEngine.invokeImpl(NashornScriptEngine.java:386)
    [junit] 	... 10 more
    [junit] Caused by: ptolemy.kernel.util.IllegalActionException: Failure executing the wrapup function: Error: TrainableTest: The input handler of this accessor was never invoked. Usually, this is an error indicating that starvation is occurring. in <function> at line number 393 at column number 16
    [junit]   in .WebSocketClient2JS.TrainableTest
    [junit] Because:
    [junit] Error: TrainableTest: The input handler of this accessor was never invoked. Usually, this is an error indicating that starvation is occurring. in <function> at line number 393 at column number 16
    [junit] 	at ptolemy.actor.lib.jjs.JavaScript._invokeMethodInContext(JavaScript.java:2223)
    [junit] 	at ptolemy.actor.lib.jjs.JavaScript.wrapup(JavaScript.java:2118)
    [junit] 	at ptolemy.actor.Director.wrapup(Director.java:1722)
    [junit] 	at ptolemy.domains.de.kernel.DEDirector.wrapup(DEDirector.java:1526)
    [junit] 	at ptolemy.actor.CompositeActor.wrapup(CompositeActor.java:2735)
    [junit] 	at ptolemy.actor.Manager.wrapup(Manager.java:1512)
    [junit] 	at ptolemy.actor.Manager.execute(Manager.java:407)
    [junit] 	at ptolemy.actor.Manager.run(Manager.java:1263)
    [junit] 	at ptolemy.actor.Manager$PtolemyRunThread.run(Manager.java:1915)
    [junit] Caused by: javax.script.ScriptException: Error: TrainableTest: The input handler of this accessor was never invoked. Usually, this is an error indicating that starvation is occurring. in <function> at line number 393 at column number 16
    [junit] 	at jdk.nashorn.api.scripting.NashornScriptEngine.throwAsScriptException(NashornScriptEngine.java:470)
    [junit] 	at jdk.nashorn.api.scripting.NashornScriptEngine.invokeImpl(NashornScriptEngine.java:392)
    [junit] 	at jdk.nashorn.api.scripting.NashornScriptEngine.invokeMethod(NashornScriptEngine.java:199)
    [junit] 	at ptolemy.actor.lib.jjs.JavaScript._invokeMethodInContext(JavaScript.java:2200)
    [junit] 	... 8 more
    [junit] Caused by: <function>:393:16 Error: TrainableTest: The input handler of this accessor was never invoked. Usually, this is an error indicating that starvation is occurring.
    [junit] 	at jdk.nashorn.internal.objects.NativeError.initException(NativeError.java:137)
    [junit] 	at jdk.nashorn.internal.objects.NativeError.<init>(NativeError.java:102)
    [junit] 	at jdk.nashorn.internal.objects.NativeError.<init>(NativeError.java:106)
    [junit] 	at jdk.nashorn.internal.objects.NativeError.<init>(NativeError.java:110)
    [junit] 	at jdk.nashorn.internal.objects.NativeError.constructor(NativeError.java:129)
    [junit] 	at jdk.nashorn.internal.scripts.Script$Recompilation$7314$18524$\^function\_.L:1#wrapup(<function>:393)
    [junit] 	at jdk.nashorn.internal.scripts.Script$Recompilation$7312$30384$require.L:1#Accessor#wrapup(/home/travis/build/icyphy/ptII/ptolemy/actor/lib/jjs/external/require.js#401:30<eval>:675)
    [junit] 	at jdk.nashorn.internal.runtime.ScriptFunctionData.invoke(ScriptFunctionData.java:637)
    [junit] 	at jdk.nashorn.internal.runtime.ScriptFunction.invoke(ScriptFunction.java:494)
    [junit] 	at jdk.nashorn.internal.runtime.ScriptRuntime.apply(ScriptRuntime.java:393)
    [junit] 	at jdk.nashorn.api.scripting.ScriptObjectMirror.callMember(ScriptObjectMirror.java:199)
    [junit] 	at jdk.nashorn.api.scripting.NashornScriptEngine.invokeImpl(NashornScriptEngine.java:386)
    [junit] 	... 10 more
    [junit] Caused by: javax.script.ScriptException: Error: TrainableTest: The input handler of this accessor was never invoked. Usually, this is an error indicating that starvation is occurring. in <function> at line number 393 at column number 16
    [junit] 	at jdk.nashorn.api.scripting.NashornScriptEngine.throwAsScriptException(NashornScriptEngine.java:470)
    [junit] 	at jdk.nashorn.api.scripting.NashornScriptEngine.invokeImpl(NashornScriptEngine.java:392)
    [junit] 	at jdk.nashorn.api.scripting.NashornScriptEngine.invokeMethod(NashornScriptEngine.java:199)
    [junit] 	at ptolemy.actor.lib.jjs.JavaScript._invokeMethodInContext(JavaScript.java:2200)
    [junit] 	at ptolemy.actor.lib.jjs.JavaScript.wrapup(JavaScript.java:2118)
    [junit] 	at ptolemy.actor.Director.wrapup(Director.java:1722)
    [junit] 	at ptolemy.domains.de.kernel.DEDirector.wrapup(DEDirector.java:1526)
    [junit] 	at ptolemy.actor.CompositeActor.wrapup(CompositeActor.java:2735)
    [junit] 	at ptolemy.actor.Manager.wrapup(Manager.java:1512)
    [junit] 	at ptolemy.actor.Manager.execute(Manager.java:407)
    [junit] 	at ptolemy.actor.Manager.run(Manager.java:1263)
    [junit] 	at ptolemy.actor.Manager$PtolemyRunThread.run(Manager.java:1915)
    [junit] Caused by: <function>:393:16 Error: TrainableTest: The input handler of this accessor was never invoked. Usually, this is an error indicating that starvation is occurring.
    [junit] 	at jdk.nashorn.internal.objects.NativeError.initException(NativeError.java:137)
    [junit] 	at jdk.nashorn.internal.objects.NativeError.<init>(NativeError.java:102)
    [junit] 	at jdk.nashorn.internal.objects.NativeError.<init>(NativeError.java:106)
    [junit] 	at jdk.nashorn.internal.objects.NativeError.<init>(NativeError.java:110)
    [junit] 	at jdk.nashorn.internal.objects.NativeError.constructor(NativeError.java:129)
    [junit] 	at jdk.nashorn.internal.scripts.Script$Recompilation$7314$18524$\^function\_.L:1#wrapup(<function>:393)
    [junit] 	at jdk.nashorn.internal.scripts.Script$Recompilation$7312$30384$require.L:1#Accessor#wrapup(/home/travis/build/icyphy/ptII/ptolemy/actor/lib/jjs/external/require.js#401:30<eval>:675)
    [junit] 	at jdk.nashorn.internal.runtime.ScriptFunctionData.invoke(ScriptFunctionData.java:637)
    [junit] 	at jdk.nashorn.internal.runtime.ScriptFunction.invoke(ScriptFunction.java:494)
    [junit] 	at jdk.nashorn.internal.runtime.ScriptRuntime.apply(ScriptRuntime.java:393)
    [junit] 	at jdk.nashorn.api.scripting.ScriptObjectMirror.callMember(ScriptObjectMirror.java:199)
    [junit] 	at jdk.nashorn.api.scripting.NashornScriptEngine.invokeImpl(NashornScriptEngine.java:386)
    [junit] 	... 10 more
    [junit] 
    [junit]     while executing
    [junit] ptolemy.kernel.util.IllegalActionException: Exceptions occurred during wrapup:
    [junit] ptolemy.kernel.util.IllegalActionException: Failure executing the wrapup function: Error: TrainableTest: The input handler of this accessor was never invoked. Usually, this is an error indicating that starvation is occurring. in <function> at line number 393 at column number 16
    [junit]   in .WebSocketClient2JS.TrainableTest
    [junit] Because:
    [junit] Error: TrainableTest: The input handler of this accessor was never invoked. Usually, this is an error indicating that starvation is occurring. in <function> at line number 393 at column number 16
    [junit] 
    [junit]   in .WebSocketClient2JS.DE Director
    [junit] Because:
    [junit] Failure executing the wrapup function: Error: TrainableTest: The input handler of this accessor was never invoked. Usually, this is an error indicating that starvation is occurring. in <function> at line number 393 at column number 16
    [junit]   in .WebSocketClient2JS.TrainableTest
    [junit] Because:
    [junit] Error: TrainableTest: The input handler of this accessor was never invoked. Usually, this is an error indicating that starvation is occurring. in <function> at line number 393 at column number 16
    [junit]     while executing
    [junit] "java::new ptolemy.moml.MoMLSimpleApplication $PTII/ptolemy/actor/lib/jjs/modules/webSocket/test/auto/WebSocketClient2JS.xml"
    [junit]     invoked from within
    [junit] "set application2 [java::new ptolemy.moml.MoMLSimpleApplication $PTII/ptolemy/actor/lib/jjs/modules/webSocket/test/auto/WebSocketClient2JS.xml]"
    [junit]     ("uplevel" body line 11)
    [junit]     invoked from within
    [junit] "uplevel $contents_of_test"
    [junit] 05/19/18 01:15:46
    [junit] Failed: 1  Total Tests: 14  ((Passed: 13, Newly Passed: 0)  Known Failed: 0) /home/travis/build/icyphy/ptII/org/terraswarm/accessor/test
    [junit] No auto/knownFailedTests/*.xml tests in /home/travis/build/icyphy/ptII/org/terraswarm/accessor/test
    [junit] No auto/*.xml tests in /home/travis/build/icyphy/ptII/org/terraswarm/accessor/test
    [junit] AutoTests.java: About to close Vertx.
    [junit] AutoTests.java: Vertx closed.
    [junit] ----------------- testing Sat May 19 01:15:46 UTC 2018 /home/travis/build/icyphy/ptII/org/terraswarm/accessor/test/auto/AccessViolation.xml
    [junit] ----------------- Instantiating /home/travis/build/icyphy/ptII/org/terraswarm/accessor/test/auto/AccessViolation.xml
    [junit] 729 ms. Memory: 1365504K Free: 257829K (19%)
    [junit] ----------------- Invoking toplevel() on ptolemy.moml.MoMLSimpleApplication@36a5e895
    [junit] ----------------- Done invoking toplevel() on ptolemy.moml.MoMLSimpleApplication@36a5e895
    [junit] reloadAllAccessors: .AccessViolation
    [junit] -------------- Reloaded accessors, but skipping rerun for now. Sat May 19 01:15:48 UTC 2018 /home/travis/build/icyphy/ptII/org/terraswarm/accessor/test/auto/AccessViolation.xml
    [junit] ----------------- testing Sat May 19 01:15:48 UTC 2018 /home/travis/build/icyphy/ptII/org/terraswarm/accessor/test/auto/AccessViolation2.xml
    [junit] ----------------- Instantiating /home/travis/build/icyphy/ptII/org/terraswarm/accessor/test/auto/AccessViolation2.xml
    [junit] 780 ms. Memory: 1616384K Free: 1102909K (68%)
    [junit] ----------------- Invoking toplevel() on ptolemy.moml.MoMLSimpleApplication@44826a88
    [junit] ----------------- Done invoking toplevel() on ptolemy.moml.MoMLSimpleApplication@44826a88
    [junit] reloadAllAccessors: .AccessViolation2
    [junit] -------------- Reloaded accessors, but skipping rerun for now. Sat May 19 01:15:50 UTC 2018 /home/travis/build/icyphy/ptII/org/terraswarm/accessor/test/auto/AccessViolation2.xml
    [junit] ----------------- testing Sat May 19 01:15:50 UTC 2018 /home/travis/build/icyphy/ptII/org/terraswarm/accessor/test/auto/Accessor1.xml
    [junit] ----------------- Instantiating /home/travis/build/icyphy/ptII/org/terraswarm/accessor/test/auto/Accessor1.xml
    [junit] 1578 ms. Memory: 1616384K Free: 358142K (22%)
    [junit] ----------------- Invoking toplevel() on ptolemy.moml.MoMLSimpleApplication@43b3787e
    [junit] ----------------- Done invoking toplevel() on ptolemy.moml.MoMLSimpleApplication@43b3787e
    [junit] reloadAllAccessors: .Accessor1
    [junit] -------------- Reloaded accessors, but skipping rerun for now. Sat May 19 01:15:53 UTC 2018 /home/travis/build/icyphy/ptII/org/terraswarm/accessor/test/auto/Accessor1.xml
    [junit] ----------------- testing Sat May 19 01:15:53 UTC 2018 /home/travis/build/icyphy/ptII/org/terraswarm/accessor/test/auto/Accessor2.xml
    [junit] ----------------- Instantiating /home/travis/build/icyphy/ptII/org/terraswarm/accessor/test/auto/Accessor2.xml
    [junit] 821 ms. Memory: 1701376K Free: 1400879K (82%)
    [junit] ----------------- Invoking toplevel() on ptolemy.moml.MoMLSimpleApplication@5fed0c65
    [junit] ----------------- Done invoking toplevel() on ptolemy.moml.MoMLSimpleApplication@5fed0c65
    [junit] reloadAllAccessors: .Accessor2
    [junit] -------------- Reloaded accessors, but skipping rerun for now. Sat May 19 01:15:56 UTC 2018 /home/travis/build/icyphy/ptII/org/terraswarm/accessor/test/auto/Accessor2.xml
    [junit] ----------------- testing Sat May 19 01:15:56 UTC 2018 /home/travis/build/icyphy/ptII/org/terraswarm/accessor/test/auto/CallbackWithSuppress.xml
    [junit] ----------------- Instantiating /home/travis/build/icyphy/ptII/org/terraswarm/accessor/test/auto/CallbackWithSuppress.xml
    [junit] 21541 ms. Memory: 1701376K Free: 679204K (40%)
    [junit] ----------------- Invoking toplevel() on ptolemy.moml.MoMLSimpleApplication@662cb8c0
    [junit] ----------------- Done invoking toplevel() on ptolemy.moml.MoMLSimpleApplication@662cb8c0
    [junit] reloadAllAccessors: .CallbackWithSuppress
    [junit] WARNING: CallbackWithSuppress: Model stopped before executing actions (e.g. producing outputs) scheduled for execution at times [21.0]
    [junit] Accessors in test/auto do not typically have documentation, so we are not running jsdoc on file:/home/travis/build/icyphy/ptII/org/terraswarm/accessor/test/auto/accessors/CallbackWithSuppress.js
    [junit] -------------- Reloaded accessors, but skipping rerun for now. Sat May 19 01:16:19 UTC 2018 /home/travis/build/icyphy/ptII/org/terraswarm/accessor/test/auto/CallbackWithSuppress.xml
    [junit] ----------------- testing Sat May 19 01:16:19 UTC 2018 /home/travis/build/icyphy/ptII/org/terraswarm/accessor/test/auto/Derived.xml
    [junit] ----------------- Instantiating /home/travis/build/icyphy/ptII/org/terraswarm/accessor/test/auto/Derived.xml
    [junit] DerivedA: base set up (Thread[Thread-29,5,main])
    [junit] DerivedA: derived set up (Thread[Thread-29,5,main])
    [junit] DerivedA: base set up (Thread[Thread-29,5,main])
    [junit] DerivedA: derived set up (Thread[Thread-29,5,main])
    [junit] DerivedA: base set up (Thread[Derived,1,main])
    [junit] DerivedA: derived set up (Thread[Derived,1,main])
    [junit] DerivedA: base set up (Thread[Derived,1,main])
    [junit] DerivedA: derived set up (Thread[Derived,1,main])
    [junit] DerivedA: base set up (Thread[Derived,1,main])
    [junit] DerivedA: derived set up (Thread[Derived,1,main])
    [junit] DerivedA: base set up (Thread[Derived,1,main])
    [junit] DerivedA: derived set up (Thread[Derived,1,main])
    [junit] DerivedA: base set up (Thread[Derived,1,main])
    [junit] DerivedA: derived set up (Thread[Derived,1,main])
    [junit] DerivedA: base init (Thread[Derived,1,main])
    [junit] DerivedA: derived init (Thread[Derived,1,main])
    [junit] DerivedA: derived wrapped up (Thread[Derived,1,main])
    [junit] 880 ms. Memory: 1848320K Free: 1560390K (84%)
    [junit] ----------------- Invoking toplevel() on ptolemy.moml.MoMLSimpleApplication@2c485902
    [junit] ----------------- Done invoking toplevel() on ptolemy.moml.MoMLSimpleApplication@2c485902
    [junit] reloadAllAccessors: .Derived
    [junit] Accessors in test/auto do not typically have documentation, so we are not running jsdoc on file:/home/travis/build/icyphy/ptII/org/terraswarm/accessor/test/auto/accessors/DerivedA.js
    [junit] DerivedA: base set up (Thread[Thread-29,5,main])
    [junit] DerivedA: derived set up (Thread[Thread-29,5,main])
    [junit] DerivedA: base set up (Thread[Thread-29,5,main])
    [junit] DerivedA: derived set up (Thread[Thread-29,5,main])
    [junit] -------------- Reloaded accessors, but skipping rerun for now. Sat May 19 01:16:21 UTC 2018 /home/travis/build/icyphy/ptII/org/terraswarm/accessor/test/auto/Derived.xml
    [junit] ----------------- testing Sat May 19 01:16:21 UTC 2018 /home/travis/build/icyphy/ptII/org/terraswarm/accessor/test/auto/Derived2.xml
    [junit] ----------------- Instantiating /home/travis/build/icyphy/ptII/org/terraswarm/accessor/test/auto/Derived2.xml
    [junit] DerivedB2: printing non-prototype properties (Thread[Derived2,1,main])
    [junit] DerivedB2: ssuper: [object Object] (Thread[Derived2,1,main])
    [junit] DerivedB2: setup: function () {
    [junit]         this.extend('BaseB');
    [junit]     } (Thread[Derived2,1,main])
    [junit] DerivedB2: inputHandler: function () {
    [junit]     console.log('sending false');
    [junit]     this.send('output', false);
    [junit] } (Thread[Derived2,1,main])
    [junit] DerivedB2: initialize: function () {
    [junit]     exports.ssuper.initialize.call(this);
    [junit]     printProperties(exports);
    [junit] } (Thread[Derived2,1,main])
    [junit] DerivedB2: printing protoytpe (Thread[Derived2,1,main])
    [junit] DerivedB2: ssuper: [object Object] (Thread[Derived2,1,main])
    [junit] DerivedB2: setup: function () {
    [junit]         this.extend('BaseB');
    [junit]     } (Thread[Derived2,1,main])
    [junit] DerivedB2: initialize: function () {
    [junit]     exports.ssuper.initialize.call(this);
    [junit]     printProperties(exports);
    [junit] } (Thread[Derived2,1,main])
    [junit] DerivedB2: inputHandler: function () {
    [junit]     console.log('sending false');
    [junit]     this.send('output', false);
    [junit] } (Thread[Derived2,1,main])
    [junit] DerivedB2: sending false (Thread[Derived2,1,main])
    [junit] 874 ms. Memory: 1848320K Free: 1138506K (62%)
    [junit] ----------------- Invoking toplevel() on ptolemy.moml.MoMLSimpleApplication@5b1c72f3
    [junit] ----------------- Done invoking toplevel() on ptolemy.moml.MoMLSimpleApplication@5b1c72f3
    [junit] reloadAllAccessors: .Derived2
    [junit] Accessors in test/auto do not typically have documentation, so we are not running jsdoc on file:/home/travis/build/icyphy/ptII/org/terraswarm/accessor/test/auto/accessors/DerivedB.js
    [junit] -------------- Reloaded accessors, but skipping rerun for now. Sat May 19 01:16:22 UTC 2018 /home/travis/build/icyphy/ptII/org/terraswarm/accessor/test/auto/Derived2.xml
    [junit] ----------------- testing Sat May 19 01:16:22 UTC 2018 /home/travis/build/icyphy/ptII/org/terraswarm/accessor/test/auto/Derived3.xml
    [junit] ----------------- Instantiating /home/travis/build/icyphy/ptII/org/terraswarm/accessor/test/auto/Derived3.xml
    [junit] 841 ms. Memory: 1848320K Free: 731766K (40%)
    [junit] ----------------- Invoking toplevel() on ptolemy.moml.MoMLSimpleApplication@51ad0497
    [junit] ----------------- Done invoking toplevel() on ptolemy.moml.MoMLSimpleApplication@51ad0497
    [junit] reloadAllAccessors: .Derived3
    [junit] Accessors in test/auto do not typically have documentation, so we are not running jsdoc on file:/home/travis/build/icyphy/ptII/org/terraswarm/accessor/test/auto/accessors/DerivedC.js
    [junit] -------------- Reloaded accessors, but skipping rerun for now. Sat May 19 01:16:24 UTC 2018 /home/travis/build/icyphy/ptII/org/terraswarm/accessor/test/auto/Derived3.xml
    [junit] ----------------- testing Sat May 19 01:16:24 UTC 2018 /home/travis/build/icyphy/ptII/org/terraswarm/accessor/test/auto/Derived4.xml
    [junit] ----------------- Instantiating /home/travis/build/icyphy/ptII/org/terraswarm/accessor/test/auto/Derived4.xml
    [junit] 797 ms. Memory: 1848320K Free: 319210K (17%)
    [junit] ----------------- Invoking toplevel() on ptolemy.moml.MoMLSimpleApplication@6cb7b481
    [junit] ----------------- Done invoking toplevel() on ptolemy.moml.MoMLSimpleApplication@6cb7b481
    [junit] reloadAllAccessors: .Derived4
    [junit] Accessors in test/auto do not typically have documentation, so we are not running jsdoc on file:/home/travis/build/icyphy/ptII/org/terraswarm/accessor/test/auto/accessors/DerivedD.js
    [junit] -------------- Reloaded accessors, but skipping rerun for now. Sat May 19 01:16:25 UTC 2018 /home/travis/build/icyphy/ptII/org/terraswarm/accessor/test/auto/Derived4.xml
    [junit] ----------------- testing Sat May 19 01:16:25 UTC 2018 /home/travis/build/icyphy/ptII/org/terraswarm/accessor/test/auto/Derived5.xml
    [junit] ----------------- Instantiating /home/travis/build/icyphy/ptII/org/terraswarm/accessor/test/auto/Derived5.xml
    [junit] 849 ms. Memory: 1844224K Free: 1472417K (80%)
    [junit] ----------------- Invoking toplevel() on ptolemy.moml.MoMLSimpleApplication@1d509331
    [junit] ----------------- Done invoking toplevel() on ptolemy.moml.MoMLSimpleApplication@1d509331
    [junit] reloadAllAccessors: .Derived5
    [junit] Accessors in test/auto do not typically have documentation, so we are not running jsdoc on file:/home/travis/build/icyphy/ptII/org/terraswarm/accessor/test/auto/accessors/DerivedE.js
    [junit] -------------- Reloaded accessors, but skipping rerun for now. Sat May 19 01:16:28 UTC 2018 /home/travis/build/icyphy/ptII/org/terraswarm/accessor/test/auto/Derived5.xml
    [junit] ----------------- testing Sat May 19 01:16:28 UTC 2018 /home/travis/build/icyphy/ptII/org/terraswarm/accessor/test/auto/Derived6.xml
    [junit] ----------------- Instantiating /home/travis/build/icyphy/ptII/org/terraswarm/accessor/test/auto/Derived6.xml
    [junit] 849 ms. Memory: 1844224K Free: 1055494K (57%)
    [junit] ----------------- Invoking toplevel() on ptolemy.moml.MoMLSimpleApplication@17a4eab
    [junit] ----------------- Done invoking toplevel() on ptolemy.moml.MoMLSimpleApplication@17a4eab
    [junit] reloadAllAccessors: .Derived6
    [junit] Accessors in test/auto do not typically have documentation, so we are not running jsdoc on file:/home/travis/build/icyphy/ptII/org/terraswarm/accessor/test/auto/accessors/DerivedF.js
    [junit] -------------- Reloaded accessors, but skipping rerun for now. Sat May 19 01:16:29 UTC 2018 /home/travis/build/icyphy/ptII/org/terraswarm/accessor/test/auto/Derived6.xml
    [junit] ----------------- testing Sat May 19 01:16:29 UTC 2018 /home/travis/build/icyphy/ptII/org/terraswarm/accessor/test/auto/Derived8.xml
    [junit] ----------------- Instantiating /home/travis/build/icyphy/ptII/org/terraswarm/accessor/test/auto/Derived8.xml
    [junit] 801 ms. Memory: 1844224K Free: 641484K (35%)
    [junit] ----------------- Invoking toplevel() on ptolemy.moml.MoMLSimpleApplication@474078c1
    [junit] ----------------- Done invoking toplevel() on ptolemy.moml.MoMLSimpleApplication@474078c1
    [junit] reloadAllAccessors: .Derived8
    [junit] Accessors in test/auto do not typically have documentation, so we are not running jsdoc on file:/home/travis/build/icyphy/ptII/org/terraswarm/accessor/test/auto/accessors/DerivedH.js
    [junit] -------------- Reloaded accessors, but skipping rerun for now. Sat May 19 01:16:31 UTC 2018 /home/travis/build/icyphy/ptII/org/terraswarm/accessor/test/auto/Derived8.xml
    [junit] ----------------- testing Sat May 19 01:16:31 UTC 2018 /home/travis/build/icyphy/ptII/org/terraswarm/accessor/test/auto/Derived9.xml
    [junit] ----------------- Instantiating /home/travis/build/icyphy/ptII/org/terraswarm/accessor/test/auto/Derived9.xml
    [junit] 1126 ms. Memory: 1836032K Free: 1562576K (85%)
    [junit] ----------------- Invoking toplevel() on ptolemy.moml.MoMLSimpleApplication@4a16cc13
    [junit] ----------------- Done invoking toplevel() on ptolemy.moml.MoMLSimpleApplication@4a16cc13
    [junit] reloadAllAccessors: .Derived9
    [junit] Accessors in test/auto do not typically have documentation, so we are not running jsdoc on file:/home/travis/build/icyphy/ptII/org/terraswarm/accessor/test/auto/accessors/DerivedI.js
    [junit] -------------- Reloaded accessors, but skipping rerun for now. Sat May 19 01:16:33 UTC 2018 /home/travis/build/icyphy/ptII/org/terraswarm/accessor/test/auto/Derived9.xml
    [junit] ----------------- testing Sat May 19 01:16:33 UTC 2018 /home/travis/build/icyphy/ptII/org/terraswarm/accessor/test/auto/DerivedAgain.xml
    [junit] ----------------- Instantiating /home/travis/build/icyphy/ptII/org/terraswarm/accessor/test/auto/DerivedAgain.xml
    [junit] 1740 ms. Memory: 1836032K Free: 1137073K (62%)
    [junit] ----------------- Invoking toplevel() on ptolemy.moml.MoMLSimpleApplication@296d90c8
    [junit] ----------------- Done invoking toplevel() on ptolemy.moml.MoMLSimpleApplication@296d90c8
    [junit] reloadAllAccessors: .DerivedAgain
    [junit] Accessors in test/auto do not typically have documentation, so we are not running jsdoc on file:/home/travis/build/icyphy/ptII/org/terraswarm/accessor/test/auto/accessors/DerivedAgainA.js
    [junit] -------------- Reloaded accessors, but skipping rerun for now. Sat May 19 01:16:35 UTC 2018 /home/travis/build/icyphy/ptII/org/terraswarm/accessor/test/auto/DerivedAgain.xml
    [junit] ----------------- testing Sat May 19 01:16:35 UTC 2018 /home/travis/build/icyphy/ptII/org/terraswarm/accessor/test/auto/DerivedAgain2.xml
    [junit] ----------------- Instantiating /home/travis/build/icyphy/ptII/org/terraswarm/accessor/test/auto/DerivedAgain2.xml
    [junit] 1769 ms. Memory: 1836032K Free: 719497K (39%)
    [junit] ----------------- Invoking toplevel() on ptolemy.moml.MoMLSimpleApplication@1b5838f6
    [junit] ----------------- Done invoking toplevel() on ptolemy.moml.MoMLSimpleApplication@1b5838f6
    [junit] reloadAllAccessors: .DerivedAgain2
    [junit] Accessors in test/auto do not typically have documentation, so we are not running jsdoc on file:/home/travis/build/icyphy/ptII/org/terraswarm/accessor/test/auto/accessors/DerivedAgainB.js
    [junit] -------------- Reloaded accessors, but skipping rerun for now. Sat May 19 01:16:38 UTC 2018 /home/travis/build/icyphy/ptII/org/terraswarm/accessor/test/auto/DerivedAgain2.xml
    [junit] ----------------- testing Sat May 19 01:16:38 UTC 2018 /home/travis/build/icyphy/ptII/org/terraswarm/accessor/test/auto/DerivedAgain4.xml
    [junit] ----------------- Instantiating /home/travis/build/icyphy/ptII/org/terraswarm/accessor/test/auto/DerivedAgain4.xml
    [junit] 791 ms. Memory: 1836032K Free: 301932K (16%)
    [junit] java.lang.RuntimeException: Execution failed
    [junit] 	at ptolemy.moml.MoMLSimpleApplication$UnloadThread.run(MoMLSimpleApplication.java:402)
    [junit] Caused by: ptolemy.kernel.util.IllegalActionException: Test fails in iteration 0.
    [junit] Value was: 42. Should have been: 43
    [junit]   in .DerivedAgain4.Test
    [junit] 	at ptolemy.actor.lib.Test.fire(Test.java:268)
    [junit] 	at ptolemy.domains.de.kernel.DEDirector._fire(DEDirector.java:1948)
    [junit] 	at ptolemy.domains.de.kernel.DEDirector.fire(DEDirector.java:502)
    [junit] 	at ptolemy.actor.CompositeActor.fire(CompositeActor.java:455)
    [junit] 	at ptolemy.actor.Manager.iterate(Manager.java:851)
    [junit] 	at ptolemy.actor.Manager.execute(Manager.java:369)
    [junit] 	at ptolemy.actor.Manager.run(Manager.java:1263)
    [junit] 	at ptolemy.actor.Manager$PtolemyRunThread.run(Manager.java:1915)
    [junit] 
    [junit] Exception: java.lang.RuntimeException thrown from the UncaughtExceptionHandler in thread "Thread-60"
    [junit] ----------------- testing Sat May 19 01:16:39 UTC 2018 /home/travis/build/icyphy/ptII/org/terraswarm/accessor/test/auto/DerivedAgain5.xml
    [junit] ----------------- Instantiating /home/travis/build/icyphy/ptII/org/terraswarm/accessor/test/auto/DerivedAgain5.xml
    [junit] 822 ms. Memory: 1832960K Free: 1446239K (79%)
    [junit] ----------------- Invoking toplevel() on ptolemy.moml.MoMLSimpleApplication@1e144b81
    [junit] ----------------- Done invoking toplevel() on ptolemy.moml.MoMLSimpleApplication@1e144b81
    [junit] reloadAllAccessors: .DerivedAgain5
    [junit] Accessors in test/auto do not typically have documentation, so we are not running jsdoc on file:/home/travis/build/icyphy/ptII/org/terraswarm/accessor/test/auto/accessors/DerivedAgainE.js
    [junit] -------------- Reloaded accessors, but skipping rerun for now. Sat May 19 01:16:41 UTC 2018 /home/travis/build/icyphy/ptII/org/terraswarm/accessor/test/auto/DerivedAgain5.xml
    [junit] ----------------- testing Sat May 19 01:16:41 UTC 2018 /home/travis/build/icyphy/ptII/org/terraswarm/accessor/test/auto/GetDate.xml
    [junit] ----------------- Instantiating /home/travis/build/icyphy/ptII/org/terraswarm/accessor/test/auto/GetDate.xml
    [junit] REST: Making an HTTP request. (Thread[GetDate,1,main])
    [junit] WARNING: REST: Model stopped before executing actions (e.g. producing outputs) scheduled for execution at times [16.0]
    [junit] 5588 ms. Memory: 1865216K Free: 756153K (41%)
    [junit] ----------------- Invoking toplevel() on ptolemy.moml.MoMLSimpleApplication@15c03652
    [junit] ----------------- Done invoking toplevel() on ptolemy.moml.MoMLSimpleApplication@15c03652
    [junit] reloadAllAccessors: .GetDate
    [junit] -------------- Reloaded accessors, but skipping rerun for now. Sat May 19 01:16:50 UTC 2018 /home/travis/build/icyphy/ptII/org/terraswarm/accessor/test/auto/GetDate.xml
    [junit] ----------------- testing Sat May 19 01:16:50 UTC 2018 /home/travis/build/icyphy/ptII/org/terraswarm/accessor/test/auto/HandlerWithSuppress.xml
    [junit] ----------------- Instantiating /home/travis/build/icyphy/ptII/org/terraswarm/accessor/test/auto/HandlerWithSuppress.xml
    [junit] WARNING: HandlerWithSuppress: Model stopped before executing actions (e.g. producing outputs) scheduled for execution at times [21.0]
    [junit] 21332 ms. Memory: 1813504K Free: 1030271K (57%)
    [junit] ----------------- Invoking toplevel() on ptolemy.moml.MoMLSimpleApplication@7fd2bd69
    [junit] ----------------- Done invoking toplevel() on ptolemy.moml.MoMLSimpleApplication@7fd2bd69
    [junit] reloadAllAccessors: .HandlerWithSuppress
    [junit] Accessors in test/auto do not typically have documentation, so we are not running jsdoc on file:/home/travis/build/icyphy/ptII/org/terraswarm/accessor/test/auto/accessors/HandlerWithSuppress.js
    [junit] -------------- Reloaded accessors, but skipping rerun for now. Sat May 19 01:17:14 UTC 2018 /home/travis/build/icyphy/ptII/org/terraswarm/accessor/test/auto/HandlerWithSuppress.xml
    [junit] ----------------- testing Sat May 19 01:17:14 UTC 2018 /home/travis/build/icyphy/ptII/org/terraswarm/accessor/test/auto/HttpRequest.xml
    [junit] ----------------- Instantiating /home/travis/build/icyphy/ptII/org/terraswarm/accessor/test/auto/HttpRequest.xml
    [junit] 996 ms. Memory: 1813504K Free: 549013K (30%)
    [junit] ----------------- testing Sat May 19 01:17:15 UTC 2018 /home/travis/build/icyphy/ptII/org/terraswarm/accessor/test/auto/JSON.xml
    [junit] ----------------- Instantiating /home/travis/build/icyphy/ptII/org/terraswarm/accessor/test/auto/JSON.xml
    [junit] java.lang.RuntimeException: Execution failed
    [junit] 	at ptolemy.moml.MoMLSimpleApplication$UnloadThread.run(MoMLSimpleApplication.java:402)
    [junit] Caused by: ptolemy.kernel.util.IllegalActionException: Test fails in iteration 0.
    [junit] Value was: "<!DOCTYPE html>\n<html xmlns=\"http://www.". Should have been: "<!DOCTYPE HTML PUBLIC \"-//IETF//DTD HTML"
    [junit]   in .HttpRequest.Test
    [junit] 	at ptolemy.actor.lib.Test.fire(Test.java:268)
    [junit] 	at ptolemy.domains.de.kernel.DEDirector._fire(DEDirector.java:1948)
    [junit] 	at ptolemy.domains.de.kernel.DEDirector.fire(DEDirector.java:502)
    [junit] 	at ptolemy.actor.CompositeActor.fire(CompositeActor.java:455)
    [junit] 	at ptolemy.actor.Manager.iterate(Manager.java:851)
    [junit] 	at ptolemy.actor.Manager.execute(Manager.java:369)
    [junit] 	at ptolemy.actor.Manager.run(Manager.java:1263)
    [junit] 	at ptolemy.actor.Manager$PtolemyRunThread.run(Manager.java:1915)
    [junit] 
    [junit] Exception: java.lang.RuntimeException thrown from the UncaughtExceptionHandler in thread "Thread-74"
    [junit] JavaScript: { data: 1 } (Thread[JSON,1,main])
    [junit] JavaScript3: 1 (Thread[JSON,1,main])
    [junit] 2940 ms. Memory: 1932800K Free: 1584845K (82%)
    [junit] ----------------- Invoking toplevel() on ptolemy.moml.MoMLSimpleApplication@7eab8e42
    [junit] ----------------- Done invoking toplevel() on ptolemy.moml.MoMLSimpleApplication@7eab8e42
    [junit] reloadAllAccessors: .JSON
    [junit] ----------------- testing Sat May 19 01:17:19 UTC 2018 /home/travis/build/icyphy/ptII/org/terraswarm/accessor/test/auto/ReadURL.xml
    [junit] ----------------- Instantiating /home/travis/build/icyphy/ptII/org/terraswarm/accessor/test/auto/ReadURL.xml
    [junit] 12007 ms. Memory: 1932800K Free: 615871K (32%)
    [junit] ----------------- Invoking toplevel() on ptolemy.moml.MoMLSimpleApplication@15dda7eb
    [junit] ----------------- Done invoking toplevel() on ptolemy.moml.MoMLSimpleApplication@15dda7eb
    [junit] reloadAllAccessors: .ReadURL
    [junit] -------------- Reloaded accessors, but skipping rerun for now. Sat May 19 01:17:32 UTC 2018 /home/travis/build/icyphy/ptII/org/terraswarm/accessor/test/auto/ReadURL.xml
    [junit] ----------------- testing Sat May 19 01:17:32 UTC 2018 /home/travis/build/icyphy/ptII/org/terraswarm/accessor/test/auto/SendNullToOwnInput.xml
    [junit] ----------------- Instantiating /home/travis/build/icyphy/ptII/org/terraswarm/accessor/test/auto/SendNullToOwnInput.xml
    [junit] 1488 ms. Memory: 1871360K Free: 1048076K (56%)
    [junit] ----------------- Invoking toplevel() on ptolemy.moml.MoMLSimpleApplication@42990a7b
    [junit] ----------------- Done invoking toplevel() on ptolemy.moml.MoMLSimpleApplication@42990a7b
    [junit] reloadAllAccessors: .SendNullToOwnInput
    [junit] -------------- Reloaded accessors, but skipping rerun for now. Sat May 19 01:17:35 UTC 2018 /home/travis/build/icyphy/ptII/org/terraswarm/accessor/test/auto/SendNullToOwnInput.xml
    [junit] ----------------- testing Sat May 19 01:17:35 UTC 2018 /home/travis/build/icyphy/ptII/org/terraswarm/accessor/test/auto/Stop.xml
    [junit] ----------------- Instantiating /home/travis/build/icyphy/ptII/org/terraswarm/accessor/test/auto/Stop.xml
    [junit] TextDisplayHelper: 0
    [junit] TextDisplayHelper: 1
    [junit] TextDisplayHelper: 2
    [junit] TextDisplayHelper: 3
    [junit] WARNING: TestSpontaneous: Model stopped before executing actions (e.g. producing outputs) scheduled for execution at times [5.0]
    [junit] 6893 ms. Memory: 1933312K Free: 953752K (49%)
    [junit] ----------------- Invoking toplevel() on ptolemy.moml.MoMLSimpleApplication@766644aa
    [junit] ----------------- Done invoking toplevel() on ptolemy.moml.MoMLSimpleApplication@766644aa
    [junit] reloadAllAccessors: .Stop
    [junit] -------------- Reloaded accessors, but skipping rerun for now. Sat May 19 01:17:45 UTC 2018 /home/travis/build/icyphy/ptII/org/terraswarm/accessor/test/auto/Stop.xml
    [junit] ----------------- testing Sat May 19 01:17:45 UTC 2018 /home/travis/build/icyphy/ptII/org/terraswarm/accessor/test/auto/Stop2.xml
    [junit] ----------------- Instantiating /home/travis/build/icyphy/ptII/org/terraswarm/accessor/test/auto/Stop2.xml
    [junit] 2696 ms. Memory: 1933312K Free: 403872K (21%)
    [junit] ----------------- Invoking toplevel() on ptolemy.moml.MoMLSimpleApplication@5d2bcb41
    [junit] ----------------- Done invoking toplevel() on ptolemy.moml.MoMLSimpleApplication@5d2bcb41
    [junit] reloadAllAccessors: .Stop2
    [junit] -------------- Reloaded accessors, but skipping rerun for now. Sat May 19 01:17:48 UTC 2018 /home/travis/build/icyphy/ptII/org/terraswarm/accessor/test/auto/Stop2.xml
    [junit] AutoTests.java: About to close Vertx.
    [junit] AutoTests.java: Vertx closed.
    [junit] Tests run: 29, Failures: 1, Errors: 2, Skipped: 0, Time elapsed: 286.676 sec
    [junit] Output:
    [junit] /home/travis/build/icyphy/ptII/org/terraswarm/accessor/test/JSAccessor.tcl
    [junit] testDefs.tcl: setting time out to 9000 seconds at Sat May 19 01:13:02 UTC 2018
    [junit] JSAccessor: PT_NO_NET environment variable is set, so git pull and ptdoc are not being run.
    [junit] /home/travis/build/icyphy/ptII/org/terraswarm/accessor/test/WebSocketClientTest.tcl
    [junit] WebSocketClient: Connection failed. Will try again: Connection refused: localhost/127.0.0.1:9981/nConnection refused (Thread[vert.x-eventloop-thread-0,1,main])
    [junit] WebSocketClient: Connection closed because model is no longer running. (Thread[WebSocketClientJS,1,main])
    [junit] 6373 ms. Memory: 891904K Free: 530238K (59%)
    [junit] WebSocketClient: Connection failed. Will try again: Connection refused: localhost/127.0.0.1:9981/nConnection refused (Thread[vert.x-eventloop-thread-0,1,main])
    [junit] WebSocketClient: Connection closed because model is no longer running. (Thread[main,5,main])
    [junit] 5272 ms. Memory: 1067520K Free: 886817K (83%)
    [junit] reloadAllAccessors: .WebSocketClientJS
    [junit] This is the first time that the reloadAllAccessors method has been invoked in this JVM, so the the accessors repo will be checked out or updated and JSDoc invoked. Note that running the tests may end up invoking a new JVM for each directory, so the repo may be checked out or updated and JSDoc invoked more than once when the tests are run.
    [junit] WebSocketClient: Connection failed. Will try again: Connection refused: localhost/127.0.0.1:9981/nConnection refused (Thread[vert.x-eventloop-thread-0,1,main])
    [junit] WebSocketClient: Connection closed because model is no longer running. (Thread[main,5,main])
    [junit] 5251 ms. Memory: 1117696K Free: 481846K (43%)
    [junit] WebSocketClient: Connection failed. Will try again: Connection refused: localhost/127.0.0.1:8982/nConnection refused (Thread[vert.x-eventloop-thread-1,1,main])
    [junit] WebSocketClient: Connection failed. Will try again: Connection refused: localhost/127.0.0.1:8982/nConnection refused (Thread[vert.x-eventloop-thread-1,1,main])
    [junit] WebSocketClient: Connection failed. Will try again: Connection refused: localhost/127.0.0.1:8982/nConnection refused (Thread[vert.x-eventloop-thread-1,1,main])
    [junit] WebSocketClient: Connection failed. Will try again: Connection refused: localhost/127.0.0.1:8982/nConnection refused (Thread[vert.x-eventloop-thread-1,1,main])
    [junit] WebSocketClient: Connection failed. Will try again: Connection refused: localhost/127.0.0.1:8982/nConnection refused (Thread[vert.x-eventloop-thread-1,1,main])
    [junit] WebSocketClient: undefined: WebSocketClient.js: Error: Connection failed after 6 tries: Connection refused: localhost/127.0.0.1:8982/nConnection refused (Thread[vert.x-eventloop-thread-1,1,main])
    [junit] WebSocketClient: Connection closed because model is no longer running. (Thread[WebSocketClient2JS,1,main])
    [junit] 124199 ms. Memory: 1365504K Free: 620532K (45%)
    [junit] 
    [junit] 
    [junit] ==== $PTII/org/terraswarm/accessor/test/WebSocketClientTest.tcl: WebSocketClientTest-3.1 Run WebSocketClientJS.xml and then WebSocketClient2JS.xml with reloading of the accessor
    [junit] ==== Contents of test case:
    [junit] 
    [junit]     set application [java::new ptolemy.moml.MoMLSimpleApplication $PTII/ptolemy/actor/lib/jjs/modules/webSocket/test/auto/WebSocketClientJS.xml]
    [junit]     $application rerun
    [junit]     set toplevel [$application toplevel]
    [junit]     java::call org.terraswarm.accessor.JSAccessor reloadAllAccessors $toplevel
    [junit]     $application rerun
    [junit] 
    [junit]     set $application [java::null]
    [junit]     java::call System gc
    [junit] 
    [junit]     set application2 [java::new ptolemy.moml.MoMLSimpleApplication $PTII/ptolemy/actor/lib/jjs/modules/webSocket/test/auto/WebSocketClient2JS.xml]
    [junit]     $application2 rerun
    [junit]     set toplevel2 [$application2 toplevel]
    [junit]     java::call org.terraswarm.accessor.JSAccessor reloadAllAccessors $toplevel2
    [junit]     $application2 rerun
    [junit] 
    [junit]     set $application2 [java::null]
    [junit]     java::call System gc
    [junit] 
    [junit]     # Success is not throwing an exception.
    [junit]     list true
    [junit] 
    [junit] ==== Test generated error:
    [junit]     while executing
    [junit] ptolemy.kernel.util.IllegalActionException: Exceptions occurred during wrapup:
    [junit] ptolemy.kernel.util.IllegalActionException: Failure executing the wrapup function: Error: TrainableTest: The input handler of this accessor was never invoked. Usually, this is an error indicating that starvation is occurring. in <function> at line number 393 at column number 16
    [junit]   in .WebSocketClient2JS.TrainableTest
    [junit] Because:
    [junit] Error: TrainableTest: The input handler of this accessor was never invoked. Usually, this is an error indicating that starvation is occurring. in <function> at line number 393 at column number 16
    [junit] 
    [junit]   in .WebSocketClient2JS.DE Director
    [junit] Because:
    [junit] Failure executing the wrapup function: Error: TrainableTest: The input handler of this accessor was never invoked. Usually, this is an error indicating that starvation is occurring. in <function> at line number 393 at column number 16
    [junit]   in .WebSocketClient2JS.TrainableTest
    [junit] Because:
    [junit] Error: TrainableTest: The input handler of this accessor was never invoked. Usually, this is an error indicating that starvation is occurring. in <function> at line number 393 at column number 16
    [junit] 	at ptolemy.actor.Director.wrapup(Director.java:1736)
    [junit] 	at ptolemy.domains.de.kernel.DEDirector.wrapup(DEDirector.java:1526)
    [junit] 	at ptolemy.actor.CompositeActor.wrapup(CompositeActor.java:2735)
    [junit] 	at ptolemy.actor.Manager.wrapup(Manager.java:1512)
    [junit] 	at ptolemy.actor.Manager.execute(Manager.java:407)
    [junit] 	at ptolemy.actor.Manager.run(Manager.java:1263)
    [junit] 	at ptolemy.actor.Manager$PtolemyRunThread.run(Manager.java:1915)
    [junit] Caused by: ptolemy.kernel.util.IllegalActionException: Failure executing the wrapup function: Error: TrainableTest: The input handler of this accessor was never invoked. Usually, this is an error indicating that starvation is occurring. in <function> at line number 393 at column number 16
    [junit]   in .WebSocketClient2JS.TrainableTest
    [junit] Because:
    [junit] Error: TrainableTest: The input handler of this accessor was never invoked. Usually, this is an error indicating that starvation is occurring. in <function> at line number 393 at column number 16
    [junit] 	at ptolemy.actor.lib.jjs.JavaScript._invokeMethodInContext(JavaScript.java:2223)
    [junit] 	at ptolemy.actor.lib.jjs.JavaScript.wrapup(JavaScript.java:2118)
    [junit] 	at ptolemy.actor.Director.wrapup(Director.java:1722)
    [junit] 	... 6 more
    [junit] Caused by: javax.script.ScriptException: Error: TrainableTest: The input handler of this accessor was never invoked. Usually, this is an error indicating that starvation is occurring. in <function> at line number 393 at column number 16
    [junit] 	at jdk.nashorn.api.scripting.NashornScriptEngine.throwAsScriptException(NashornScriptEngine.java:470)
    [junit] 	at jdk.nashorn.api.scripting.NashornScriptEngine.invokeImpl(NashornScriptEngine.java:392)
    [junit] 	at jdk.nashorn.api.scripting.NashornScriptEngine.invokeMethod(NashornScriptEngine.java:199)
    [junit] 	at ptolemy.actor.lib.jjs.JavaScript._invokeMethodInContext(JavaScript.java:2200)
    [junit] 	... 8 more
    [junit] Caused by: <function>:393:16 Error: TrainableTest: The input handler of this accessor was never invoked. Usually, this is an error indicating that starvation is occurring.
    [junit] 	at jdk.nashorn.internal.objects.NativeError.initException(NativeError.java:137)
    [junit] 	at jdk.nashorn.internal.objects.NativeError.<init>(NativeError.java:102)
    [junit] 	at jdk.nashorn.internal.objects.NativeError.<init>(NativeError.java:106)
    [junit] 	at jdk.nashorn.internal.objects.NativeError.<init>(NativeError.java:110)
    [junit] 	at jdk.nashorn.internal.objects.NativeError.constructor(NativeError.java:129)
    [junit] 	at jdk.nashorn.internal.scripts.Script$Recompilation$7314$18524$\^function\_.L:1#wrapup(<function>:393)
    [junit] 	at jdk.nashorn.internal.scripts.Script$Recompilation$7312$30384$require.L:1#Accessor#wrapup(/home/travis/build/icyphy/ptII/ptolemy/actor/lib/jjs/external/require.js#401:30<eval>:675)
    [junit] 	at jdk.nashorn.internal.runtime.ScriptFunctionData.invoke(ScriptFunctionData.java:637)
    [junit] 	at jdk.nashorn.internal.runtime.ScriptFunction.invoke(ScriptFunction.java:494)
    [junit] 	at jdk.nashorn.internal.runtime.ScriptRuntime.apply(ScriptRuntime.java:393)
    [junit] 	at jdk.nashorn.api.scripting.ScriptObjectMirror.callMember(ScriptObjectMirror.java:199)
    [junit] 	at jdk.nashorn.api.scripting.NashornScriptEngine.invokeImpl(NashornScriptEngine.java:386)
    [junit] 	... 10 more
    [junit] Caused by: ptolemy.kernel.util.IllegalActionException: Failure executing the wrapup function: Error: TrainableTest: The input handler of this accessor was never invoked. Usually, this is an error indicating that starvation is occurring. in <function> at line number 393 at column number 16
    [junit]   in .WebSocketClient2JS.TrainableTest
    [junit] Because:
    [junit] Error: TrainableTest: The input handler of this accessor was never invoked. Usually, this is an error indicating that starvation is occurring. in <function> at line number 393 at column number 16
    [junit] 	at ptolemy.actor.lib.jjs.JavaScript._invokeMethodInContext(JavaScript.java:2223)
    [junit] 	at ptolemy.actor.lib.jjs.JavaScript.wrapup(JavaScript.java:2118)
    [junit] 	at ptolemy.actor.Director.wrapup(Director.java:1722)
    [junit] 	at ptolemy.domains.de.kernel.DEDirector.wrapup(DEDirector.java:1526)
    [junit] 	at ptolemy.actor.CompositeActor.wrapup(CompositeActor.java:2735)
    [junit] 	at ptolemy.actor.Manager.wrapup(Manager.java:1512)
    [junit] 	at ptolemy.actor.Manager.execute(Manager.java:407)
    [junit] 	at ptolemy.actor.Manager.run(Manager.java:1263)
    [junit] 	at ptolemy.actor.Manager$PtolemyRunThread.run(Manager.java:1915)
    [junit] Caused by: javax.script.ScriptException: Error: TrainableTest: The input handler of this accessor was never invoked. Usually, this is an error indicating that starvation is occurring. in <function> at line number 393 at column number 16
    [junit] 	at jdk.nashorn.api.scripting.NashornScriptEngine.throwAsScriptException(NashornScriptEngine.java:470)
    [junit] 	at jdk.nashorn.api.scripting.NashornScriptEngine.invokeImpl(NashornScriptEngine.java:392)
    [junit] 	at jdk.nashorn.api.scripting.NashornScriptEngine.invokeMethod(NashornScriptEngine.java:199)
    [junit] 	at ptolemy.actor.lib.jjs.JavaScript._invokeMethodInContext(JavaScript.java:2200)
    [junit] 	... 8 more
    [junit] Caused by: <function>:393:16 Error: TrainableTest: The input handler of this accessor was never invoked. Usually, this is an error indicating that starvation is occurring.
    [junit] 	at jdk.nashorn.internal.objects.NativeError.initException(NativeError.java:137)
    [junit] 	at jdk.nashorn.internal.objects.NativeError.<init>(NativeError.java:102)
    [junit] 	at jdk.nashorn.internal.objects.NativeError.<init>(NativeError.java:106)
    [junit] 	at jdk.nashorn.internal.objects.NativeError.<init>(NativeError.java:110)
    [junit] 	at jdk.nashorn.internal.objects.NativeError.constructor(NativeError.java:129)
    [junit] 	at jdk.nashorn.internal.scripts.Script$Recompilation$7314$18524$\^function\_.L:1#wrapup(<function>:393)
    [junit] 	at jdk.nashorn.internal.scripts.Script$Recompilation$7312$30384$require.L:1#Accessor#wrapup(/home/travis/build/icyphy/ptII/ptolemy/actor/lib/jjs/external/require.js#401:30<eval>:675)
    [junit] 	at jdk.nashorn.internal.runtime.ScriptFunctionData.invoke(ScriptFunctionData.java:637)
    [junit] 	at jdk.nashorn.internal.runtime.ScriptFunction.invoke(ScriptFunction.java:494)
    [junit] 	at jdk.nashorn.internal.runtime.ScriptRuntime.apply(ScriptRuntime.java:393)
    [junit] 	at jdk.nashorn.api.scripting.ScriptObjectMirror.callMember(ScriptObjectMirror.java:199)
    [junit] 	at jdk.nashorn.api.scripting.NashornScriptEngine.invokeImpl(NashornScriptEngine.java:386)
    [junit] 	... 10 more
    [junit] Caused by: javax.script.ScriptException: Error: TrainableTest: The input handler of this accessor was never invoked. Usually, this is an error indicating that starvation is occurring. in <function> at line number 393 at column number 16
    [junit] 	at jdk.nashorn.api.scripting.NashornScriptEngine.throwAsScriptException(NashornScriptEngine.java:470)
    [junit] 	at jdk.nashorn.api.scripting.NashornScriptEngine.invokeImpl(NashornScriptEngine.java:392)
    [junit] 	at jdk.nashorn.api.scripting.NashornScriptEngine.invokeMethod(NashornScriptEngine.java:199)
    [junit] 	at ptolemy.actor.lib.jjs.JavaScript._invokeMethodInContext(JavaScript.java:2200)
    [junit] 	at ptolemy.actor.lib.jjs.JavaScript.wrapup(JavaScript.java:2118)
    [junit] 	at ptolemy.actor.Director.wrapup(Director.java:1722)
    [junit] 	at ptolemy.domains.de.kernel.DEDirector.wrapup(DEDirector.java:1526)
    [junit] 	at ptolemy.actor.CompositeActor.wrapup(CompositeActor.java:2735)
    [junit] 	at ptolemy.actor.Manager.wrapup(Manager.java:1512)
    [junit] 	at ptolemy.actor.Manager.execute(Manager.java:407)
    [junit] 	at ptolemy.actor.Manager.run(Manager.java:1263)
    [junit] 	at ptolemy.actor.Manager$PtolemyRunThread.run(Manager.java:1915)
    [junit] Caused by: <function>:393:16 Error: TrainableTest: The input handler of this accessor was never invoked. Usually, this is an error indicating that starvation is occurring.
    [junit] 	at jdk.nashorn.internal.objects.NativeError.initException(NativeError.java:137)
    [junit] 	at jdk.nashorn.internal.objects.NativeError.<init>(NativeError.java:102)
    [junit] 	at jdk.nashorn.internal.objects.NativeError.<init>(NativeError.java:106)
    [junit] 	at jdk.nashorn.internal.objects.NativeError.<init>(NativeError.java:110)
    [junit] 	at jdk.nashorn.internal.objects.NativeError.constructor(NativeError.java:129)
    [junit] 	at jdk.nashorn.internal.scripts.Script$Recompilation$7314$18524$\^function\_.L:1#wrapup(<function>:393)
    [junit] 	at jdk.nashorn.internal.scripts.Script$Recompilation$7312$30384$require.L:1#Accessor#wrapup(/home/travis/build/icyphy/ptII/ptolemy/actor/lib/jjs/external/require.js#401:30<eval>:675)
    [junit] 	at jdk.nashorn.internal.runtime.ScriptFunctionData.invoke(ScriptFunctionData.java:637)
    [junit] 	at jdk.nashorn.internal.runtime.ScriptFunction.invoke(ScriptFunction.java:494)
    [junit] 	at jdk.nashorn.internal.runtime.ScriptRuntime.apply(ScriptRuntime.java:393)
    [junit] 	at jdk.nashorn.api.scripting.ScriptObjectMirror.callMember(ScriptObjectMirror.java:199)
    [junit] 	at jdk.nashorn.api.scripting.NashornScriptEngine.invokeImpl(NashornScriptEngine.java:386)
    [junit] 	... 10 more
    [junit] 
    [junit]     while executing
    [junit] ptolemy.kernel.util.IllegalActionException: Exceptions occurred during wrapup:
    [junit] ptolemy.kernel.util.IllegalActionException: Failure executing the wrapup function: Error: TrainableTest: The input handler of this accessor was never invoked. Usually, this is an error indicating that starvation is occurring. in <function> at line number 393 at column number 16
    [junit]   in .WebSocketClient2JS.TrainableTest
    [junit] Because:
    [junit] Error: TrainableTest: The input handler of this accessor was never invoked. Usually, this is an error indicating that starvation is occurring. in <function> at line number 393 at column number 16
    [junit] 
    [junit]   in .WebSocketClient2JS.DE Director
    [junit] Because:
    [junit] Failure executing the wrapup function: Error: TrainableTest: The input handler of this accessor was never invoked. Usually, this is an error indicating that starvation is occurring. in <function> at line number 393 at column number 16
    [junit]   in .WebSocketClient2JS.TrainableTest
    [junit] Because:
    [junit] Error: TrainableTest: The input handler of this accessor was never invoked. Usually, this is an error indicating that starvation is occurring. in <function> at line number 393 at column number 16
    [junit]     while executing
    [junit] "java::new ptolemy.moml.MoMLSimpleApplication $PTII/ptolemy/actor/lib/jjs/modules/webSocket/test/auto/WebSocketClient2JS.xml"
    [junit]     invoked from within
    [junit] "set application2 [java::new ptolemy.moml.MoMLSimpleApplication $PTII/ptolemy/actor/lib/jjs/modules/webSocket/test/auto/WebSocketClient2JS.xml]"
    [junit]     ("uplevel" body line 11)
    [junit]     invoked from within
    [junit] "uplevel $contents_of_test"
    [junit] 05/19/18 01:15:46
    [junit] Failed: 1  Total Tests: 14  ((Passed: 13, Newly Passed: 0)  Known Failed: 0) /home/travis/build/icyphy/ptII/org/terraswarm/accessor/test
    [junit] No auto/knownFailedTests/*.xml tests in /home/travis/build/icyphy/ptII/org/terraswarm/accessor/test
    [junit] No auto/*.xml tests in /home/travis/build/icyphy/ptII/org/terraswarm/accessor/test
    [junit] AutoTests.java: About to close Vertx.
    [junit] AutoTests.java: Vertx closed.
    [junit] ----------------- testing Sat May 19 01:15:46 UTC 2018 /home/travis/build/icyphy/ptII/org/terraswarm/accessor/test/auto/AccessViolation.xml
    [junit] ----------------- Instantiating /home/travis/build/icyphy/ptII/org/terraswarm/accessor/test/auto/AccessViolation.xml
    [junit] 729 ms. Memory: 1365504K Free: 257829K (19%)
    [junit] ----------------- Invoking toplevel() on ptolemy.moml.MoMLSimpleApplication@36a5e895
    [junit] ----------------- Done invoking toplevel() on ptolemy.moml.MoMLSimpleApplication@36a5e895
    [junit] reloadAllAccessors: .AccessViolation
    [junit] -------------- Reloaded accessors, but skipping rerun for now. Sat May 19 01:15:48 UTC 2018 /home/travis/build/icyphy/ptII/org/terraswarm/accessor/test/auto/AccessViolation.xml
    [junit] ----------------- testing Sat May 19 01:15:48 UTC 2018 /home/travis/build/icyphy/ptII/org/terraswarm/accessor/test/auto/AccessViolation2.xml
    [junit] ----------------- Instantiating /home/travis/build/icyphy/ptII/org/terraswarm/accessor/test/auto/AccessViolation2.xml
    [junit] 780 ms. Memory: 1616384K Free: 1102909K (68%)
    [junit] ----------------- Invoking toplevel() on ptolemy.moml.MoMLSimpleApplication@44826a88
    [junit] ----------------- Done invoking toplevel() on ptolemy.moml.MoMLSimpleApplication@44826a88
    [junit] reloadAllAccessors: .AccessViolation2
    [junit] -------------- Reloaded accessors, but skipping rerun for now. Sat May 19 01:15:50 UTC 2018 /home/travis/build/icyphy/ptII/org/terraswarm/accessor/test/auto/AccessViolation2.xml
    [junit] ----------------- testing Sat May 19 01:15:50 UTC 2018 /home/travis/build/icyphy/ptII/org/terraswarm/accessor/test/auto/Accessor1.xml
    [junit] ----------------- Instantiating /home/travis/build/icyphy/ptII/org/terraswarm/accessor/test/auto/Accessor1.xml
    [junit] 1578 ms. Memory: 1616384K Free: 358142K (22%)
    [junit] ----------------- Invoking toplevel() on ptolemy.moml.MoMLSimpleApplication@43b3787e
    [junit] ----------------- Done invoking toplevel() on ptolemy.moml.MoMLSimpleApplication@43b3787e
    [junit] reloadAllAccessors: .Accessor1
    [junit] -------------- Reloaded accessors, but skipping rerun for now. Sat May 19 01:15:53 UTC 2018 /home/travis/build/icyphy/ptII/org/terraswarm/accessor/test/auto/Accessor1.xml
    [junit] ----------------- testing Sat May 19 01:15:53 UTC 2018 /home/travis/build/icyphy/ptII/org/terraswarm/accessor/test/auto/Accessor2.xml
    [junit] ----------------- Instantiating /home/travis/build/icyphy/ptII/org/terraswarm/accessor/test/auto/Accessor2.xml
    [junit] 821 ms. Memory: 1701376K Free: 1400879K (82%)
    [junit] ----------------- Invoking toplevel() on ptolemy.moml.MoMLSimpleApplication@5fed0c65
    [junit] ----------------- Done invoking toplevel() on ptolemy.moml.MoMLSimpleApplication@5fed0c65
    [junit] reloadAllAccessors: .Accessor2
    [junit] -------------- Reloaded accessors, but skipping rerun for now. Sat May 19 01:15:56 UTC 2018 /home/travis/build/icyphy/ptII/org/terraswarm/accessor/test/auto/Accessor2.xml
    [junit] ----------------- testing Sat May 19 01:15:56 UTC 2018 /home/travis/build/icyphy/ptII/org/terraswarm/accessor/test/auto/CallbackWithSuppress.xml
    [junit] ----------------- Instantiating /home/travis/build/icyphy/ptII/org/terraswarm/accessor/test/auto/CallbackWithSuppress.xml
    [junit] 21541 ms. Memory: 1701376K Free: 679204K (40%)
    [junit] ----------------- Invoking toplevel() on ptolemy.moml.MoMLSimpleApplication@662cb8c0
    [junit] ----------------- Done invoking toplevel() on ptolemy.moml.MoMLSimpleApplication@662cb8c0
    [junit] reloadAllAccessors: .CallbackWithSuppress
    [junit] Accessors in test/auto do not typically have documentation, so we are not running jsdoc on file:/home/travis/build/icyphy/ptII/org/terraswarm/accessor/test/auto/accessors/CallbackWithSuppress.js
    [junit] -------------- Reloaded accessors, but skipping rerun for now. Sat May 19 01:16:19 UTC 2018 /home/travis/build/icyphy/ptII/org/terraswarm/accessor/test/auto/CallbackWithSuppress.xml
    [junit] ----------------- testing Sat May 19 01:16:19 UTC 2018 /home/travis/build/icyphy/ptII/org/terraswarm/accessor/test/auto/Derived.xml
    [junit] ----------------- Instantiating /home/travis/build/icyphy/ptII/org/terraswarm/accessor/test/auto/Derived.xml
    [junit] DerivedA: base set up (Thread[Thread-29,5,main])
    [junit] DerivedA: derived set up (Thread[Thread-29,5,main])
    [junit] DerivedA: base set up (Thread[Thread-29,5,main])
    [junit] DerivedA: derived set up (Thread[Thread-29,5,main])
    [junit] DerivedA: base set up (Thread[Derived,1,main])
    [junit] DerivedA: derived set up (Thread[Derived,1,main])
    [junit] DerivedA: base set up (Thread[Derived,1,main])
    [junit] DerivedA: derived set up (Thread[Derived,1,main])
    [junit] DerivedA: base set up (Thread[Derived,1,main])
    [junit] DerivedA: derived set up (Thread[Derived,1,main])
    [junit] DerivedA: base set up (Thread[Derived,1,main])
    [junit] DerivedA: derived set up (Thread[Derived,1,main])
    [junit] DerivedA: base set up (Thread[Derived,1,main])
    [junit] DerivedA: derived set up (Thread[Derived,1,main])
    [junit] DerivedA: base init (Thread[Derived,1,main])
    [junit] DerivedA: derived init (Thread[Derived,1,main])
    [junit] DerivedA: derived wrapped up (Thread[Derived,1,main])
    [junit] 880 ms. Memory: 1848320K Free: 1560390K (84%)
    [junit] ----------------- Invoking toplevel() on ptolemy.moml.MoMLSimpleApplication@2c485902
    [junit] ----------------- Done invoking toplevel() on ptolemy.moml.MoMLSimpleApplication@2c485902
    [junit] reloadAllAccessors: .Derived
    [junit] Accessors in test/auto do not typically have documentation, so we are not running jsdoc on file:/home/travis/build/icyphy/ptII/org/terraswarm/accessor/test/auto/accessors/DerivedA.js
    [junit] DerivedA: base set up (Thread[Thread-29,5,main])
    [junit] DerivedA: derived set up (Thread[Thread-29,5,main])
    [junit] DerivedA: base set up (Thread[Thread-29,5,main])
    [junit] DerivedA: derived set up (Thread[Thread-29,5,main])
    [junit] -------------- Reloaded accessors, but skipping rerun for now. Sat May 19 01:16:21 UTC 2018 /home/travis/build/icyphy/ptII/org/terraswarm/accessor/test/auto/Derived.xml
    [junit] ----------------- testing Sat May 19 01:16:21 UTC 2018 /home/travis/build/icyphy/ptII/org/terraswarm/accessor/test/auto/Derived2.xml
    [junit] ----------------- Instantiating /home/travis/build/icyphy/ptII/org/terraswarm/accessor/test/auto/Derived2.xml
    [junit] DerivedB2: printing non-prototype properties (Thread[Derived2,1,main])
    [junit] DerivedB2: ssuper: [object Object] (Thread[Derived2,1,main])
    [junit] DerivedB2: setup: function () {
    [junit]         this.extend('BaseB');
    [junit]     } (Thread[Derived2,1,main])
    [junit] DerivedB2: inputHandler: function () {
    [junit]     console.log('sending false');
    [junit]     this.send('output', false);
    [junit] } (Thread[Derived2,1,main])
    [junit] DerivedB2: initialize: function () {
    [junit]     exports.ssuper.initialize.call(this);
    [junit]     printProperties(exports);
    [junit] } (Thread[Derived2,1,main])
    [junit] DerivedB2: printing protoytpe (Thread[Derived2,1,main])
    [junit] DerivedB2: ssuper: [object Object] (Thread[Derived2,1,main])
    [junit] DerivedB2: setup: function () {
    [junit]         this.extend('BaseB');
    [junit]     } (Thread[Derived2,1,main])
    [junit] DerivedB2: initialize: function () {
    [junit]     exports.ssuper.initialize.call(this);
    [junit]     printProperties(exports);
    [junit] } (Thread[Derived2,1,main])
    [junit] DerivedB2: inputHandler: function () {
    [junit]     console.log('sending false');
    [junit]     this.send('output', false);
    [junit] } (Thread[Derived2,1,main])
    [junit] DerivedB2: sending false (Thread[Derived2,1,main])
    [junit] 874 ms. Memory: 1848320K Free: 1138506K (62%)
    [junit] ----------------- Invoking toplevel() on ptolemy.moml.MoMLSimpleApplication@5b1c72f3
    [junit] ----------------- Done invoking toplevel() on ptolemy.moml.MoMLSimpleApplication@5b1c72f3
    [junit] reloadAllAccessors: .Derived2
    [junit] Accessors in test/auto do not typically have documentation, so we are not running jsdoc on file:/home/travis/build/icyphy/ptII/org/terraswarm/accessor/test/auto/accessors/DerivedB.js
    [junit] -------------- Reloaded accessors, but skipping rerun for now. Sat May 19 01:16:22 UTC 2018 /home/travis/build/icyphy/ptII/org/terraswarm/accessor/test/auto/Derived2.xml
    [junit] ----------------- testing Sat May 19 01:16:22 UTC 2018 /home/travis/build/icyphy/ptII/org/terraswarm/accessor/test/auto/Derived3.xml
    [junit] ----------------- Instantiating /home/travis/build/icyphy/ptII/org/terraswarm/accessor/test/auto/Derived3.xml
    [junit] 841 ms. Memory: 1848320K Free: 731766K (40%)
    [junit] ----------------- Invoking toplevel() on ptolemy.moml.MoMLSimpleApplication@51ad0497
    [junit] ----------------- Done invoking toplevel() on ptolemy.moml.MoMLSimpleApplication@51ad0497
    [junit] reloadAllAccessors: .Derived3
    [junit] Accessors in test/auto do not typically have documentation, so we are not running jsdoc on file:/home/travis/build/icyphy/ptII/org/terraswarm/accessor/test/auto/accessors/DerivedC.js
    [junit] -------------- Reloaded accessors, but skipping rerun for now. Sat May 19 01:16:24 UTC 2018 /home/travis/build/icyphy/ptII/org/terraswarm/accessor/test/auto/Derived3.xml
    [junit] ----------------- testing Sat May 19 01:16:24 UTC 2018 /home/travis/build/icyphy/ptII/org/terraswarm/accessor/test/auto/Derived4.xml
    [junit] ----------------- Instantiating /home/travis/build/icyphy/ptII/org/terraswarm/accessor/test/auto/Derived4.xml
    [junit] 797 ms. Memory: 1848320K Free: 319210K (17%)
    [junit] ----------------- Invoking toplevel() on ptolemy.moml.MoMLSimpleApplication@6cb7b481
    [junit] ----------------- Done invoking toplevel() on ptolemy.moml.MoMLSimpleApplication@6cb7b481
    [junit] reloadAllAccessors: .Derived4
    [junit] Accessors in test/auto do not typically have documentation, so we are not running jsdoc on file:/home/travis/build/icyphy/ptII/org/terraswarm/accessor/test/auto/accessors/DerivedD.js
    [junit] -------------- Reloaded accessors, but skipping rerun for now. Sat May 19 01:16:25 UTC 2018 /home/travis/build/icyphy/ptII/org/terraswarm/accessor/test/auto/Derived4.xml
    [junit] ----------------- testing Sat May 19 01:16:25 UTC 2018 /home/travis/build/icyphy/ptII/org/terraswarm/accessor/test/auto/Derived5.xml
    [junit] ----------------- Instantiating /home/travis/build/icyphy/ptII/org/terraswarm/accessor/test/auto/Derived5.xml
    [junit] 849 ms. Memory: 1844224K Free: 1472417K (80%)
    [junit] ----------------- Invoking toplevel() on ptolemy.moml.MoMLSimpleApplication@1d509331
    [junit] ----------------- Done invoking toplevel() on ptolemy.moml.MoMLSimpleApplication@1d509331
    [junit] reloadAllAccessors: .Derived5
    [junit] Accessors in test/auto do not typically have documentation, so we are not running jsdoc on file:/home/travis/build/icyphy/ptII/org/terraswarm/accessor/test/auto/accessors/DerivedE.js
    [junit] -------------- Reloaded accessors, but skipping rerun for now. Sat May 19 01:16:28 UTC 2018 /home/travis/build/icyphy/ptII/org/terraswarm/accessor/test/auto/Derived5.xml
    [junit] ----------------- testing Sat May 19 01:16:28 UTC 2018 /home/travis/build/icyphy/ptII/org/terraswarm/accessor/test/auto/Derived6.xml
    [junit] ----------------- Instantiating /home/travis/build/icyphy/ptII/org/terraswarm/accessor/test/auto/Derived6.xml
    [junit] 849 ms. Memory: 1844224K Free: 1055494K (57%)
    [junit] ----------------- Invoking toplevel() on ptolemy.moml.MoMLSimpleApplication@17a4eab
    [junit] ----------------- Done invoking toplevel() on ptolemy.moml.MoMLSimpleApplication@17a4eab
    [junit] reloadAllAccessors: .Derived6
    [junit] Accessors in test/auto do not typically have documentation, so we are not running jsdoc on file:/home/travis/build/icyphy/ptII/org/terraswarm/accessor/test/auto/accessors/DerivedF.js
    [junit] -------------- Reloaded accessors, but skipping rerun for now. Sat May 19 01:16:29 UTC 2018 /home/travis/build/icyphy/ptII/org/terraswarm/accessor/test/auto/Derived6.xml
    [junit] ----------------- testing Sat May 19 01:16:29 UTC 2018 /home/travis/build/icyphy/ptII/org/terraswarm/accessor/test/auto/Derived8.xml
    [junit] ----------------- Instantiating /home/travis/build/icyphy/ptII/org/terraswarm/accessor/test/auto/Derived8.xml
    [junit] 801 ms. Memory: 1844224K Free: 641484K (35%)
    [junit] ----------------- Invoking toplevel() on ptolemy.moml.MoMLSimpleApplication@474078c1
    [junit] ----------------- Done invoking toplevel() on ptolemy.moml.MoMLSimpleApplication@474078c1
    [junit] reloadAllAccessors: .Derived8
    [junit] Accessors in test/auto do not typically have documentation, so we are not running jsdoc on file:/home/travis/build/icyphy/ptII/org/terraswarm/accessor/test/auto/accessors/DerivedH.js
    [junit] -------------- Reloaded accessors, but skipping rerun for now. Sat May 19 01:16:31 UTC 2018 /home/travis/build/icyphy/ptII/org/terraswarm/accessor/test/auto/Derived8.xml
    [junit] ----------------- testing Sat May 19 01:16:31 UTC 2018 /home/travis/build/icyphy/ptII/org/terraswarm/accessor/test/auto/Derived9.xml
    [junit] ----------------- Instantiating /home/travis/build/icyphy/ptII/org/terraswarm/accessor/test/auto/Derived9.xml
    [junit] 1126 ms. Memory: 1836032K Free: 1562576K (85%)
    [junit] ----------------- Invoking toplevel() on ptolemy.moml.MoMLSimpleApplication@4a16cc13
    [junit] ----------------- Done invoking toplevel() on ptolemy.moml.MoMLSimpleApplication@4a16cc13
    [junit] reloadAllAccessors: .Derived9
    [junit] Accessors in test/auto do not typically have documentation, so we are not running jsdoc on file:/home/travis/build/icyphy/ptII/org/terraswarm/accessor/test/auto/accessors/DerivedI.js
    [junit] -------------- Reloaded accessors, but skipping rerun for now. Sat May 19 01:16:33 UTC 2018 /home/travis/build/icyphy/ptII/org/terraswarm/accessor/test/auto/Derived9.xml
    [junit] ----------------- testing Sat May 19 01:16:33 UTC 2018 /home/travis/build/icyphy/ptII/org/terraswarm/accessor/test/auto/DerivedAgain.xml
    [junit] ----------------- Instantiating /home/travis/build/icyphy/ptII/org/terraswarm/accessor/test/auto/DerivedAgain.xml
    [junit] 1740 ms. Memory: 1836032K Free: 1137073K (62%)
    [junit] ----------------- Invoking toplevel() on ptolemy.moml.MoMLSimpleApplication@296d90c8
    [junit] ----------------- Done invoking toplevel() on ptolemy.moml.MoMLSimpleApplication@296d90c8
    [junit] reloadAllAccessors: .DerivedAgain
    [junit] Accessors in test/auto do not typically have documentation, so we are not running jsdoc on file:/home/travis/build/icyphy/ptII/org/terraswarm/accessor/test/auto/accessors/DerivedAgainA.js
    [junit] -------------- Reloaded accessors, but skipping rerun for now. Sat May 19 01:16:35 UTC 2018 /home/travis/build/icyphy/ptII/org/terraswarm/accessor/test/auto/DerivedAgain.xml
    [junit] ----------------- testing Sat May 19 01:16:35 UTC 2018 /home/travis/build/icyphy/ptII/org/terraswarm/accessor/test/auto/DerivedAgain2.xml
    [junit] ----------------- Instantiating /home/travis/build/icyphy/ptII/org/terraswarm/accessor/test/auto/DerivedAgain2.xml
    [junit] 1769 ms. Memory: 1836032K Free: 719497K (39%)
    [junit] ----------------- Invoking toplevel() on ptolemy.moml.MoMLSimpleApplication@1b5838f6
    [junit] ----------------- Done invoking toplevel() on ptolemy.moml.MoMLSimpleApplication@1b5838f6
    [junit] reloadAllAccessors: .DerivedAgain2
    [junit] Accessors in test/auto do not typically have documentation, so we are not running jsdoc on file:/home/travis/build/icyphy/ptII/org/terraswarm/accessor/test/auto/accessors/DerivedAgainB.js
    [junit] -------------- Reloaded accessors, but skipping rerun for now. Sat May 19 01:16:38 UTC 2018 /home/travis/build/icyphy/ptII/org/terraswarm/accessor/test/auto/DerivedAgain2.xml
    [junit] ----------------- testing Sat May 19 01:16:38 UTC 2018 /home/travis/build/icyphy/ptII/org/terraswarm/accessor/test/auto/DerivedAgain4.xml
    [junit] ----------------- Instantiating /home/travis/build/icyphy/ptII/org/terraswarm/accessor/test/auto/DerivedAgain4.xml
    [junit] 791 ms. Memory: 1836032K Free: 301932K (16%)
    [junit] ----------------- testing Sat May 19 01:16:39 UTC 2018 /home/travis/build/icyphy/ptII/org/terraswarm/accessor/test/auto/DerivedAgain5.xml
    [junit] ----------------- Instantiating /home/travis/build/icyphy/ptII/org/terraswarm/accessor/test/auto/DerivedAgain5.xml
    [junit] 822 ms. Memory: 1832960K Free: 1446239K (79%)
    [junit] ----------------- Invoking toplevel() on ptolemy.moml.MoMLSimpleApplication@1e144b81
    [junit] ----------------- Done invoking toplevel() on ptolemy.moml.MoMLSimpleApplication@1e144b81
    [junit] reloadAllAccessors: .DerivedAgain5
    [junit] Accessors in test/auto do not typically have documentation, so we are not running jsdoc on file:/home/travis/build/icyphy/ptII/org/terraswarm/accessor/test/auto/accessors/DerivedAgainE.js
    [junit] -------------- Reloaded accessors, but skipping rerun for now. Sat May 19 01:16:41 UTC 2018 /home/travis/build/icyphy/ptII/org/terraswarm/accessor/test/auto/DerivedAgain5.xml
    [junit] ----------------- testing Sat May 19 01:16:41 UTC 2018 /home/travis/build/icyphy/ptII/org/terraswarm/accessor/test/auto/GetDate.xml
    [junit] ----------------- Instantiating /home/travis/build/icyphy/ptII/org/terraswarm/accessor/test/auto/GetDate.xml
    [junit] REST: Making an HTTP request. (Thread[GetDate,1,main])
    [junit] 5588 ms. Memory: 1865216K Free: 756153K (41%)
    [junit] ----------------- Invoking toplevel() on ptolemy.moml.MoMLSimpleApplication@15c03652
    [junit] ----------------- Done invoking toplevel() on ptolemy.moml.MoMLSimpleApplication@15c03652
    [junit] reloadAllAccessors: .GetDate
    [junit] -------------- Reloaded accessors, but skipping rerun for now. Sat May 19 01:16:50 UTC 2018 /home/travis/build/icyphy/ptII/org/terraswarm/accessor/test/auto/GetDate.xml
    [junit] ----------------- testing Sat May 19 01:16:50 UTC 2018 /home/travis/build/icyphy/ptII/org/terraswarm/accessor/test/auto/HandlerWithSuppress.xml
    [junit] ----------------- Instantiating /home/travis/build/icyphy/ptII/org/terraswarm/accessor/test/auto/HandlerWithSuppress.xml
    [junit] 21332 ms. Memory: 1813504K Free: 1030271K (57%)
    [junit] ----------------- Invoking toplevel() on ptolemy.moml.MoMLSimpleApplication@7fd2bd69
    [junit] ----------------- Done invoking toplevel() on ptolemy.moml.MoMLSimpleApplication@7fd2bd69
    [junit] reloadAllAccessors: .HandlerWithSuppress
    [junit] Accessors in test/auto do not typically have documentation, so we are not running jsdoc on file:/home/travis/build/icyphy/ptII/org/terraswarm/accessor/test/auto/accessors/HandlerWithSuppress.js
    [junit] -------------- Reloaded accessors, but skipping rerun for now. Sat May 19 01:17:14 UTC 2018 /home/travis/build/icyphy/ptII/org/terraswarm/accessor/test/auto/HandlerWithSuppress.xml
    [junit] ----------------- testing Sat May 19 01:17:14 UTC 2018 /home/travis/build/icyphy/ptII/org/terraswarm/accessor/test/auto/HttpRequest.xml
    [junit] ----------------- Instantiating /home/travis/build/icyphy/ptII/org/terraswarm/accessor/test/auto/HttpRequest.xml
    [junit] 996 ms. Memory: 1813504K Free: 549013K (30%)
    [junit] ----------------- testing Sat May 19 01:17:15 UTC 2018 /home/travis/build/icyphy/ptII/org/terraswarm/accessor/test/auto/JSON.xml
    [junit] ----------------- Instantiating /home/travis/build/icyphy/ptII/org/terraswarm/accessor/test/auto/JSON.xml
    [junit] JavaScript: { data: 1 } (Thread[JSON,1,main])
    [junit] JavaScript3: 1 (Thread[JSON,1,main])
    [junit] 2940 ms. Memory: 1932800K Free: 1584845K (82%)
    [junit] ----------------- Invoking toplevel() on ptolemy.moml.MoMLSimpleApplication@7eab8e42
    [junit] ----------------- Done invoking toplevel() on ptolemy.moml.MoMLSimpleApplication@7eab8e42
    [junit] reloadAllAccessors: .JSON
    [junit] ----------------- testing Sat May 19 01:17:19 UTC 2018 /home/travis/build/icyphy/ptII/org/terraswarm/accessor/test/auto/ReadURL.xml
    [junit] ----------------- Instantiating /home/travis/build/icyphy/ptII/org/terraswarm/accessor/test/auto/ReadURL.xml
    [junit] 12007 ms. Memory: 1932800K Free: 615871K (32%)
    [junit] ----------------- Invoking toplevel() on ptolemy.moml.MoMLSimpleApplication@15dda7eb
    [junit] ----------------- Done invoking toplevel() on ptolemy.moml.MoMLSimpleApplication@15dda7eb
    [junit] reloadAllAccessors: .ReadURL
    [junit] -------------- Reloaded accessors, but skipping rerun for now. Sat May 19 01:17:32 UTC 2018 /home/travis/build/icyphy/ptII/org/terraswarm/accessor/test/auto/ReadURL.xml
    [junit] ----------------- testing Sat May 19 01:17:32 UTC 2018 /home/travis/build/icyphy/ptII/org/terraswarm/accessor/test/auto/SendNullToOwnInput.xml
    [junit] ----------------- Instantiating /home/travis/build/icyphy/ptII/org/terraswarm/accessor/test/auto/SendNullToOwnInput.xml
    [junit] 1488 ms. Memory: 1871360K Free: 1048076K (56%)
    [junit] ----------------- Invoking toplevel() on ptolemy.moml.MoMLSimpleApplication@42990a7b
    [junit] ----------------- Done invoking toplevel() on ptolemy.moml.MoMLSimpleApplication@42990a7b
    [junit] reloadAllAccessors: .SendNullToOwnInput
    [junit] -------------- Reloaded accessors, but skipping rerun for now. Sat May 19 01:17:35 UTC 2018 /home/travis/build/icyphy/ptII/org/terraswarm/accessor/test/auto/SendNullToOwnInput.xml
    [junit] ----------------- testing Sat May 19 01:17:35 UTC 2018 /home/travis/build/icyphy/ptII/org/terraswarm/accessor/test/auto/Stop.xml
    [junit] ----------------- Instantiating /home/travis/build/icyphy/ptII/org/terraswarm/accessor/test/auto/Stop.xml
    [junit] TextDisplayHelper: 0
    [junit] TextDisplayHelper: 1
    [junit] TextDisplayHelper: 2
    [junit] TextDisplayHelper: 3
    [junit] 6893 ms. Memory: 1933312K Free: 953752K (49%)
    [junit] ----------------- Invoking toplevel() on ptolemy.moml.MoMLSimpleApplication@766644aa
    [junit] ----------------- Done invoking toplevel() on ptolemy.moml.MoMLSimpleApplication@766644aa
    [junit] reloadAllAccessors: .Stop
    [junit] -------------- Reloaded accessors, but skipping rerun for now. Sat May 19 01:17:45 UTC 2018 /home/travis/build/icyphy/ptII/org/terraswarm/accessor/test/auto/Stop.xml
    [junit] ----------------- testing Sat May 19 01:17:45 UTC 2018 /home/travis/build/icyphy/ptII/org/terraswarm/accessor/test/auto/Stop2.xml
    [junit] ----------------- Instantiating /home/travis/build/icyphy/ptII/org/terraswarm/accessor/test/auto/Stop2.xml
    [junit] 2696 ms. Memory: 1933312K Free: 403872K (21%)
    [junit] ----------------- Invoking toplevel() on ptolemy.moml.MoMLSimpleApplication@5d2bcb41
    [junit] ----------------- Done invoking toplevel() on ptolemy.moml.MoMLSimpleApplication@5d2bcb41
    [junit] reloadAllAccessors: .Stop2
    [junit] -------------- Reloaded accessors, but skipping rerun for now. Sat May 19 01:17:48 UTC 2018 /home/travis/build/icyphy/ptII/org/terraswarm/accessor/test/auto/Stop2.xml
    [junit] AutoTests.java: About to close Vertx.
    [junit] AutoTests.java: Vertx closed.
    [junit] 
    [junit] Error: 
    [junit] WARNING: Invoking send() too late (probably in a callback), so WebSocketServer is not able to send the token {socketID = 0, status = "closed"} to the output connection. Token is discarded.
    [junit] WARNING: Invoking send() too late (probably in a callback), so WebSocketServer is not able to send the token {socketID = 0, status = "closed"} to the output connection. Token is discarded.
    [junit] WARNING: WebSocketServer: Model stopped before executing actions (e.g. producing outputs) scheduled for execution at times [0.313, 0.314]
    [junit] WARNING: WebSocketServer: Model stopped before executing actions (e.g. producing outputs) scheduled for execution at times [0.131, 0.132]
    [junit] java.lang.RuntimeException: Execution failed
    [junit] 	at ptolemy.moml.MoMLSimpleApplication$UnloadThread.run(MoMLSimpleApplication.java:402)
    [junit] Caused by: ptolemy.kernel.util.IllegalActionException: Exceptions occurred during wrapup:
    [junit] ptolemy.kernel.util.IllegalActionException: Failure executing the wrapup function: Error: TrainableTest: The input handler of this accessor was never invoked. Usually, this is an error indicating that starvation is occurring. in <function> at line number 393 at column number 16
    [junit]   in .WebSocketClient2JS.TrainableTest
    [junit] Because:
    [junit] Error: TrainableTest: The input handler of this accessor was never invoked. Usually, this is an error indicating that starvation is occurring. in <function> at line number 393 at column number 16
    [junit] 
    [junit]   in .WebSocketClient2JS.DE Director
    [junit] Because:
    [junit] Failure executing the wrapup function: Error: TrainableTest: The input handler of this accessor was never invoked. Usually, this is an error indicating that starvation is occurring. in <function> at line number 393 at column number 16
    [junit]   in .WebSocketClient2JS.TrainableTest
    [junit] Because:
    [junit] Error: TrainableTest: The input handler of this accessor was never invoked. Usually, this is an error indicating that starvation is occurring. in <function> at line number 393 at column number 16
    [junit] 	at ptolemy.actor.Director.wrapup(Director.java:1736)
    [junit] 	at ptolemy.domains.de.kernel.DEDirector.wrapup(DEDirector.java:1526)
    [junit] 	at ptolemy.actor.CompositeActor.wrapup(CompositeActor.java:2735)
    [junit] 	at ptolemy.actor.Manager.wrapup(Manager.java:1512)
    [junit] 	at ptolemy.actor.Manager.execute(Manager.java:407)
    [junit] 	at ptolemy.actor.Manager.run(Manager.java:1263)
    [junit] 	at ptolemy.actor.Manager$PtolemyRunThread.run(Manager.java:1915)
    [junit] Caused by: ptolemy.kernel.util.IllegalActionException: Failure executing the wrapup function: Error: TrainableTest: The input handler of this accessor was never invoked. Usually, this is an error indicating that starvation is occurring. in <function> at line number 393 at column number 16
    [junit]   in .WebSocketClient2JS.TrainableTest
    [junit] Because:
    [junit] Error: TrainableTest: The input handler of this accessor was never invoked. Usually, this is an error indicating that starvation is occurring. in <function> at line number 393 at column number 16
    [junit] 	at ptolemy.actor.lib.jjs.JavaScript._invokeMethodInContext(JavaScript.java:2223)
    [junit] 	at ptolemy.actor.lib.jjs.JavaScript.wrapup(JavaScript.java:2118)
    [junit] 	at ptolemy.actor.Director.wrapup(Director.java:1722)
    [junit] 	... 6 more
    [junit] Caused by: javax.script.ScriptException: Error: TrainableTest: The input handler of this accessor was never invoked. Usually, this is an error indicating that starvation is occurring. in <function> at line number 393 at column number 16
    [junit] 	at jdk.nashorn.api.scripting.NashornScriptEngine.throwAsScriptException(NashornScriptEngine.java:470)
    [junit] 	at jdk.nashorn.api.scripting.NashornScriptEngine.invokeImpl(NashornScriptEngine.java:392)
    [junit] 	at jdk.nashorn.api.scripting.NashornScriptEngine.invokeMethod(NashornScriptEngine.java:199)
    [junit] 	at ptolemy.actor.lib.jjs.JavaScript._invokeMethodInContext(JavaScript.java:2200)
    [junit] 	... 8 more
    [junit] Caused by: <function>:393:16 Error: TrainableTest: The input handler of this accessor was never invoked. Usually, this is an error indicating that starvation is occurring.
    [junit] 	at jdk.nashorn.internal.objects.NativeError.initException(NativeError.java:137)
    [junit] 	at jdk.nashorn.internal.objects.NativeError.<init>(NativeError.java:102)
    [junit] 	at jdk.nashorn.internal.objects.NativeError.<init>(NativeError.java:106)
    [junit] 	at jdk.nashorn.internal.objects.NativeError.<init>(NativeError.java:110)
    [junit] 	at jdk.nashorn.internal.objects.NativeError.constructor(NativeError.java:129)
    [junit] 	at jdk.nashorn.internal.scripts.Script$Recompilation$7314$18524$\^function\_.L:1#wrapup(<function>:393)
    [junit] 	at jdk.nashorn.internal.scripts.Script$Recompilation$7312$30384$require.L:1#Accessor#wrapup(/home/travis/build/icyphy/ptII/ptolemy/actor/lib/jjs/external/require.js#401:30<eval>:675)
    [junit] 	at jdk.nashorn.internal.runtime.ScriptFunctionData.invoke(ScriptFunctionData.java:637)
    [junit] 	at jdk.nashorn.internal.runtime.ScriptFunction.invoke(ScriptFunction.java:494)
    [junit] 	at jdk.nashorn.internal.runtime.ScriptRuntime.apply(ScriptRuntime.java:393)
    [junit] 	at jdk.nashorn.api.scripting.ScriptObjectMirror.callMember(ScriptObjectMirror.java:199)
    [junit] 	at jdk.nashorn.api.scripting.NashornScriptEngine.invokeImpl(NashornScriptEngine.java:386)
    [junit] 	... 10 more
    [junit] WARNING: CallbackWithSuppress: Model stopped before executing actions (e.g. producing outputs) scheduled for execution at times [21.0]
    [junit] java.lang.RuntimeException: Execution failed
    [junit] 	at ptolemy.moml.MoMLSimpleApplication$UnloadThread.run(MoMLSimpleApplication.java:402)
    [junit] Caused by: ptolemy.kernel.util.IllegalActionException: Test fails in iteration 0.
    [junit] Value was: 42. Should have been: 43
    [junit]   in .DerivedAgain4.Test
    [junit] 	at ptolemy.actor.lib.Test.fire(Test.java:268)
    [junit] 	at ptolemy.domains.de.kernel.DEDirector._fire(DEDirector.java:1948)
    [junit] 	at ptolemy.domains.de.kernel.DEDirector.fire(DEDirector.java:502)
    [junit] 	at ptolemy.actor.CompositeActor.fire(CompositeActor.java:455)
    [junit] 	at ptolemy.actor.Manager.iterate(Manager.java:851)
    [junit] 	at ptolemy.actor.Manager.execute(Manager.java:369)
    [junit] 	at ptolemy.actor.Manager.run(Manager.java:1263)
    [junit] 	at ptolemy.actor.Manager$PtolemyRunThread.run(Manager.java:1915)
    [junit] WARNING: REST: Model stopped before executing actions (e.g. producing outputs) scheduled for execution at times [16.0]
    [junit] WARNING: HandlerWithSuppress: Model stopped before executing actions (e.g. producing outputs) scheduled for execution at times [21.0]
    [junit] java.lang.RuntimeException: Execution failed
    [junit] 	at ptolemy.moml.MoMLSimpleApplication$UnloadThread.run(MoMLSimpleApplication.java:402)
    [junit] Caused by: ptolemy.kernel.util.IllegalActionException: Test fails in iteration 0.
    [junit] Value was: "<!DOCTYPE html>\n<html xmlns=\"http://www.". Should have been: "<!DOCTYPE HTML PUBLIC \"-//IETF//DTD HTML"
    [junit]   in .HttpRequest.Test
    [junit] 	at ptolemy.actor.lib.Test.fire(Test.java:268)
    [junit] 	at ptolemy.domains.de.kernel.DEDirector._fire(DEDirector.java:1948)
    [junit] 	at ptolemy.domains.de.kernel.DEDirector.fire(DEDirector.java:502)
    [junit] 	at ptolemy.actor.CompositeActor.fire(CompositeActor.java:455)
    [junit] 	at ptolemy.actor.Manager.iterate(Manager.java:851)
    [junit] 	at ptolemy.actor.Manager.execute(Manager.java:369)
    [junit] 	at ptolemy.actor.Manager.run(Manager.java:1263)
    [junit] 	at ptolemy.actor.Manager$PtolemyRunThread.run(Manager.java:1915)
    [junit] WARNING: TestSpontaneous: Model stopped before executing actions (e.g. producing outputs) scheduled for execution at times [5.0]
    [junit] 
    [junit] Test org.terraswarm.accessor.test.junit.JUnitTclTest FAILED
    [junit] javachdir: directory = ptolemy/actor/lib/jjs/modules/webSocket/test
    [junit] javachdir: pwd: /home/travis/build/icyphy/ptII/ptolemy/actor/lib/jjs/modules/webSocket/test  Invoking with -Djava.net.preferIPv4Stack=true
    [junit] Running ptolemy.actor.lib.jjs.modules.webSocket.test.junit.JUnitTclTest
    [junit] No tcl tests in /home/travis/build/icyphy/ptII/ptolemy/actor/lib/jjs/modules/webSocket/test
    [junit] No auto/knownFailedTests/*.xml tests in /home/travis/build/icyphy/ptII/ptolemy/actor/lib/jjs/modules/webSocket/test
    [junit] No auto/*.xml tests in /home/travis/build/icyphy/ptII/ptolemy/actor/lib/jjs/modules/webSocket/test
    [junit] AutoTests.java: About to close Vertx.
    [junit] AutoTests.java: Vertx closed.
    [junit] ----------------- testing Sat May 19 01:17:50 UTC 2018 /home/travis/build/icyphy/ptII/ptolemy/actor/lib/jjs/modules/webSocket/test/auto/FullDuplex.xml
    [junit] ----------------- Sat May 19 01:17:50 UTC 2018 About to sleep for 5.0 seconds before running or rerunning.  Test is: /home/travis/build/icyphy/ptII/ptolemy/actor/lib/jjs/modules/webSocket/test/auto/FullDuplex.xml
    [junit] Done sleeping
    [junit] ----------------- Instantiating /home/travis/build/icyphy/ptII/ptolemy/actor/lib/jjs/modules/webSocket/test/auto/FullDuplex.xml
    [junit] JSAccessor: PT_NO_NET environment variable is set, so git pull and ptdoc are not being run.
    [junit] WebSocketClient3: WebSocketClient3: WebSocketClient.js: connect(): portValue: -1, which is less than 0. This could be a signal to close a previously open socket.  Returning. (Thread[FullDuplex,1,main])
    [junit] WebSocketServer: WebSocketServer message(): 0, typeof message: number (Thread[FullDuplex,1,main])
    [junit] WebSocketServer: WebSocketServer message(): -1, typeof message: number (Thread[FullDuplex,1,main])
    [junit] WebSocketServer: WebSocketServer message(): -2, typeof message: number (Thread[FullDuplex,1,main])
    [junit] WebSocketServer: WebSocketServer message(): -3, typeof message: number (Thread[FullDuplex,1,main])
    [junit] WebSocketServer: WebSocketServer message(): -4, typeof message: number (Thread[FullDuplex,1,main])
    [junit] WebSocketServer: WebSocketServer message(): -5, typeof message: number (Thread[FullDuplex,1,main])
    [junit] WebSocketServer: WebSocketServer message(): -6, typeof message: number (Thread[FullDuplex,1,main])
    [junit] WebSocketServer: WebSocketServer message(): -7, typeof message: number (Thread[FullDuplex,1,main])
    [junit] WebSocketServer: WebSocketServer message(): -8, typeof message: number (Thread[FullDuplex,1,main])
    [junit] WebSocketServer: WebSocketServer message(): -9, typeof message: number (Thread[FullDuplex,1,main])
    [junit] WebSocketServer: WebSocketServer message(): -10, typeof message: number (Thread[FullDuplex,1,main])
    [junit] WebSocketServer: WebSocketServer message(): -11, typeof message: number (Thread[FullDuplex,1,main])
    [junit] WebSocketServer: WebSocketServer message(): -12, typeof message: number (Thread[FullDuplex,1,main])
    [junit] WebSocketServer: WebSocketServer message(): -13, typeof message: number (Thread[FullDuplex,1,main])
    [junit] WebSocketServer: WebSocketServer message(): -14, typeof message: number (Thread[FullDuplex,1,main])
    [junit] WebSocketServer: WebSocketServer message(): -15, typeof message: number (Thread[FullDuplex,1,main])
    [junit] WebSocketServer: WebSocketServer message(): -16, typeof message: number (Thread[FullDuplex,1,main])
    [junit] WebSocketServer: WebSocketServer message(): -17, typeof message: number (Thread[FullDuplex,1,main])
    [junit] WebSocketServer: WebSocketServer message(): -18, typeof message: number (Thread[FullDuplex,1,main])
    [junit] WebSocketServer: WebSocketServer message(): -19, typeof message: number (Thread[FullDuplex,1,main])
    [junit] WebSocketServer: WebSocketServer message(): -20, typeof message: number (Thread[FullDuplex,1,main])
    [junit] WebSocketServer: WebSocketServer message(): -21, typeof message: number (Thread[FullDuplex,1,main])
    [junit] WebSocketServer: WebSocketServer message(): -22, typeof message: number (Thread[FullDuplex,1,main])
    [junit] WebSocketServer: WebSocketServer message(): -23, typeof message: number (Thread[FullDuplex,1,main])
    [junit] WebSocketServer: WebSocketServer message(): -24, typeof message: number (Thread[FullDuplex,1,main])
    [junit] WebSocketServer: WebSocketServer message(): -25, typeof message: number (Thread[FullDuplex,1,main])
    [junit] WebSocketServer: WebSocketServer message(): -26, typeof message: number (Thread[FullDuplex,1,main])
    [junit] WebSocketServer: WebSocketServer message(): -27, typeof message: number (Thread[FullDuplex,1,main])
    [junit] WebSocketServer: WebSocketServer message(): -28, typeof message: number (Thread[FullDuplex,1,main])
    [junit] WebSocketServer: WebSocketServer message(): -29, typeof message: number (Thread[FullDuplex,1,main])
    [junit] WebSocketServer: WebSocketServer message(): -30, typeof message: number (Thread[FullDuplex,1,main])
    [junit] WebSocketServer: WebSocketServer message(): -31, typeof message: number (Thread[FullDuplex,1,main])
    [junit] WebSocketServer: WebSocketServer message(): -32, typeof message: number (Thread[FullDuplex,1,main])
    [junit] WebSocketServer: WebSocketServer message(): -33, typeof message: number (Thread[FullDuplex,1,main])
    [junit] WebSocketServer: WebSocketServer message(): -34, typeof message: number (Thread[FullDuplex,1,main])
    [junit] WebSocketServer: WebSocketServer message(): -35, typeof message: number (Thread[FullDuplex,1,main])
    [junit] WebSocketServer: WebSocketServer message(): -36, typeof message: number (Thread[FullDuplex,1,main])
    [junit] WebSocketServer: WebSocketServer message(): -37, typeof message: number (Thread[FullDuplex,1,main])
    [junit] WebSocketServer: WebSocketServer message(): -38, typeof message: number (Thread[FullDuplex,1,main])
    [junit] WebSocketServer: WebSocketServer message(): -39, typeof message: number (Thread[FullDuplex,1,main])
    [junit] WebSocketServer: WebSocketServer message(): -40, typeof message: number (Thread[FullDuplex,1,main])
    [junit] WebSocketServer: WebSocketServer message(): -41, typeof message: number (Thread[FullDuplex,1,main])
    [junit] WebSocketServer: WebSocketServer message(): -42, typeof message: number (Thread[FullDuplex,1,main])
    [junit] WebSocketServer: WebSocketServer message(): -43, typeof message: number (Thread[FullDuplex,1,main])
    [junit] WebSocketServer: WebSocketServer message(): -44, typeof message: number (Thread[FullDuplex,1,main])
    [junit] WebSocketServer: WebSocketServer message(): -45, typeof message: number (Thread[FullDuplex,1,main])
    [junit] WebSocketServer: WebSocketServer message(): -46, typeof message: number (Thread[FullDuplex,1,main])
    [junit] WebSocketServer: WebSocketServer message(): -47, typeof message: number (Thread[FullDuplex,1,main])
    [junit] WebSocketServer: WebSocketServer message(): -48, typeof message: number (Thread[FullDuplex,1,main])
    [junit] WebSocketServer: WebSocketServer message(): -49, typeof message: number (Thread[FullDuplex,1,main])
    [junit] WebSocketServer: WebSocketServer message(): -50, typeof message: number (Thread[FullDuplex,1,main])
    [junit] WebSocketServer: WebSocketServer message(): -51, typeof message: number (Thread[FullDuplex,1,main])
    [junit] WebSocketServer: WebSocketServer message(): -52, typeof message: number (Thread[FullDuplex,1,main])
    [junit] WebSocketServer: WebSocketServer message(): -53, typeof message: number (Thread[FullDuplex,1,main])
    [junit] WebSocketServer: WebSocketServer message(): -54, typeof message: number (Thread[FullDuplex,1,main])
    [junit] WebSocketServer: WebSocketServer message(): -55, typeof message: number (Thread[FullDuplex,1,main])
    [junit] WebSocketServer: WebSocketServer message(): -56, typeof message: number (Thread[FullDuplex,1,main])
    [junit] WebSocketServer: WebSocketServer message(): -57, typeof message: number (Thread[FullDuplex,1,main])
    [junit] WebSocketServer: WebSocketServer message(): -58, typeof message: number (Thread[FullDuplex,1,main])
    [junit] WebSocketServer: WebSocketServer message(): -59, typeof message: number (Thread[FullDuplex,1,main])
    [junit] WebSocketServer: WebSocketServer message(): -60, typeof message: number (Thread[FullDuplex,1,main])
    [junit] WebSocketServer: WebSocketServer message(): -61, typeof message: number (Thread[FullDuplex,1,main])
    [junit] WebSocketServer: WebSocketServer message(): -62, typeof message: number (Thread[FullDuplex,1,main])
    [junit] WebSocketServer: WebSocketServer message(): -63, typeof message: number (Thread[FullDuplex,1,main])
    [junit] WebSocketServer: WebSocketServer message(): -64, typeof message: number (Thread[FullDuplex,1,main])
    [junit] WebSocketServer: WebSocketServer message(): -65, typeof message: number (Thread[FullDuplex,1,main])
    [junit] WebSocketServer: WebSocketServer message(): -66, typeof message: number (Thread[FullDuplex,1,main])
    [junit] WebSocketServer: WebSocketServer message(): -67, typeof message: number (Thread[FullDuplex,1,main])
    [junit] WebSocketServer: WebSocketServer message(): -68, typeof message: number (Thread[FullDuplex,1,main])
    [junit] WebSocketServer: WebSocketServer message(): -69, typeof message: number (Thread[FullDuplex,1,main])
    [junit] WebSocketServer: WebSocketServer message(): -70, typeof message: number (Thread[FullDuplex,1,main])
    [junit] WebSocketServer: WebSocketServer message(): -71, typeof message: number (Thread[FullDuplex,1,main])
    [junit] WebSocketServer: WebSocketServer message(): -72, typeof message: number (Thread[FullDuplex,1,main])
    [junit] WebSocketServer: WebSocketServer message(): -73, typeof message: number (Thread[FullDuplex,1,main])
    [junit] WebSocketServer: WebSocketServer message(): -74, typeof message: number (Thread[FullDuplex,1,main])
    [junit] WebSocketServer: WebSocketServer message(): -75, typeof message: number (Thread[FullDuplex,1,main])
    [junit] WebSocketServer: WebSocketServer message(): -76, typeof message: number (Thread[FullDuplex,1,main])
    [junit] WebSocketServer: WebSocketServer message(): -77, typeof message: number (Thread[FullDuplex,1,main])
    [junit] WebSocketServer: WebSocketServer message(): -78, typeof message: number (Thread[FullDuplex,1,main])
    [junit] WebSocketServer: WebSocketServer message(): -79, typeof message: number (Thread[FullDuplex,1,main])
    [junit] WebSocketServer: WebSocketServer message(): -80, typeof message: number (Thread[FullDuplex,1,main])
    [junit] WebSocketServer: WebSocketServer message(): -81, typeof message: number (Thread[FullDuplex,1,main])
    [junit] WebSocketServer: WebSocketServer message(): -82, typeof message: number (Thread[FullDuplex,1,main])
    [junit] WebSocketServer: WebSocketServer message(): -83, typeof message: number (Thread[FullDuplex,1,main])
    [junit] WebSocketServer: WebSocketServer message(): -84, typeof message: number (Thread[FullDuplex,1,main])
    [junit] WebSocketServer: WebSocketServer message(): -85, typeof message: number (Thread[FullDuplex,1,main])
    [junit] WebSocketServer: WebSocketServer message(): -86, typeof message: number (Thread[FullDuplex,1,main])
    [junit] WebSocketServer: WebSocketServer message(): -87, typeof message: number (Thread[FullDuplex,1,main])
    [junit] WebSocketServer: WebSocketServer message(): -88, typeof message: number (Thread[FullDuplex,1,main])
    [junit] WebSocketServer: WebSocketServer message(): -89, typeof message: number (Thread[FullDuplex,1,main])
    [junit] WebSocketServer: WebSocketServer message(): -90, typeof message: number (Thread[FullDuplex,1,main])
    [junit] WebSocketServer: WebSocketServer message(): -91, typeof message: number (Thread[FullDuplex,1,main])
    [junit] WebSocketServer: WebSocketServer message(): -92, typeof message: number (Thread[FullDuplex,1,main])
    [junit] WebSocketServer: WebSocketServer message(): -93, typeof message: number (Thread[FullDuplex,1,main])
    [junit] WebSocketServer: WebSocketServer message(): -94, typeof message: number (Thread[FullDuplex,1,main])
    [junit] WebSocketServer: WebSocketServer message(): -95, typeof message: number (Thread[FullDuplex,1,main])
    [junit] WebSocketServer: WebSocketServer message(): -96, typeof message: number (Thread[FullDuplex,1,main])
    [junit] WebSocketServer: WebSocketServer message(): -97, typeof message: number (Thread[FullDuplex,1,main])
    [junit] WebSocketServer: WebSocketServer message(): -98, typeof message: number (Thread[FullDuplex,1,main])
    [junit] WebSocketServer: WebSocketServer message(): -99, typeof message: number (Thread[FullDuplex,1,main])
    [junit] WARNING: Invoking send() too late (probably in a callback), so WebSocketServer is not able to send the token {socketID = 0, status = "closed"} to the output connection. Token is discarded.
    [junit] WARNING: Invoking send() too late (probably in a callback), so WebSocketServer is not able to send the token {socketID = 0, status = "closed"} to the output connection. Token is discarded.
    [junit] WebSocketClient3: Connection closed because model is no longer running. (Thread[FullDuplex,1,main])
    [junit] 13794 ms. Memory: 306176K Free: 196459K (64%)
    [junit] ----------------- Invoking toplevel() on ptolemy.moml.MoMLSimpleApplication@5e62359b
    [junit] ----------------- Done invoking toplevel() on ptolemy.moml.MoMLSimpleApplication@5e62359b
    [junit] reloadAllAccessors: .FullDuplex
    [junit] This is the first time that the reloadAllAccessors method has been invoked in this JVM, so the the accessors repo will be checked out or updated and JSDoc invoked. Note that running the tests may end up invoking a new JVM for each directory, so the repo may be checked out or updated and JSDoc invoked more than once when the tests are run.
    [junit] -------------- Reloaded accessors, but skipping rerun for now. Sat May 19 01:18:15 UTC 2018 /home/travis/build/icyphy/ptII/ptolemy/actor/lib/jjs/modules/webSocket/test/auto/FullDuplex.xml
    [junit] ----------------- testing Sat May 19 01:18:15 UTC 2018 /home/travis/build/icyphy/ptII/ptolemy/actor/lib/jjs/modules/webSocket/test/auto/FullDuplex2.xml
    [junit] ----------------- Sat May 19 01:18:15 UTC 2018 About to sleep for 5.0 seconds before running or rerunning.  Test is: /home/travis/build/icyphy/ptII/ptolemy/actor/lib/jjs/modules/webSocket/test/auto/FullDuplex2.xml
    [junit] Done sleeping
    [junit] ----------------- Instantiating /home/travis/build/icyphy/ptII/ptolemy/actor/lib/jjs/modules/webSocket/test/auto/FullDuplex2.xml
    [junit] WebSocketClient3: Connection failed. Will try again: Connection refused: localhost/127.0.0.1:8460/nConnection refused (Thread[vert.x-eventloop-thread-3,1,main])
    [junit] WebSocketClient3: Connection failed. Will try again: Connection refused: localhost/127.0.0.1:8460/nConnection refused (Thread[vert.x-eventloop-thread-3,1,main])
    [junit] WebSocketClient3: Connection failed. Will try again: Connection refused: localhost/127.0.0.1:8460/nConnection refused (Thread[vert.x-eventloop-thread-3,1,main])
    [junit] WebSocketClient3: Connection failed. Will try again: Connection refused: localhost/127.0.0.1:8460/nConnection refused (Thread[vert.x-eventloop-thread-3,1,main])
    [junit] WebSocketClient3: Connection failed. Will try again: Connection refused: localhost/127.0.0.1:8460/nConnection refused (Thread[vert.x-eventloop-thread-3,1,main])
    [junit] WebSocketClient3: undefined: WebSocketClient.js: Error: Connection failed after 6 tries: Connection refused: localhost/127.0.0.1:8460/nConnection refused (Thread[vert.x-eventloop-thread-3,1,main])
    [junit] java.lang.RuntimeException: Execution failed
    [junit] 	at ptolemy.moml.MoMLSimpleApplication$UnloadThread.run(MoMLSimpleApplication.java:402)
    [junit] Caused by: ptolemy.kernel.util.IllegalActionException: Exceptions occurred during wrapup:
    [junit] ptolemy.kernel.util.IllegalActionException: Failure executing the wrapup function: Error: TrainableTest: The input handler of this accessor was never invoked. Usually, this is an error indicating that starvation is occurring. in <function> at line number 393 at column number 16
    [junit]   in .FullDuplex2.TrainableTest
    [junit] Because:
    [junit] Error: TrainableTest: The input handler of this accessor was never invoked. Usually, this is an error indicating that starvation is occurring. in <function> at line number 393 at column number 16
    [junit] ptolemy.kernel.util.IllegalActionException: Failure executing the wrapup function: Error: TrainableTest2: The input handler of this accessor was never invoked. Usually, this is an error indicating that starvation is occurring. in <function> at line number 393 at column number 16
    [junit]   in .FullDuplex2.TrainableTest2
    [junit] Because:
    [junit] Error: TrainableTest2: The input handler of this accessor was never invoked. Usually, this is an error indicating that starvation is occurring. in <function> at line number 393 at column number 16
    [junit] 
    [junit]   in .FullDuplex2.DE Director
    [junit] Because:
    [junit] Failure executing the wrapup function: Error: TrainableTest: The input handler of this accessor was never invoked. Usually, this is an error indicating that starvation is occurring. in <function> at line number 393 at column number 16
    [junit]   in .FullDuplex2.TrainableTest
    [junit] Because:
    [junit] Error: TrainableTest: The input handler of this accessor was never invoked. Usually, this is an error indicating that starvation is occurring. in <function> at line number 393 at column number 16
    [junit] 	at ptolemy.actor.Director.wrapup(Director.java:1736)
    [junit] 	at ptolemy.domains.de.kernel.DEDirector.wrapup(DEDirector.java:1526)
    [junit] 	at ptolemy.actor.CompositeActor.wrapup(CompositeActor.java:2735)
    [junit] 	at ptolemy.actor.Manager.wrapup(Manager.java:1512)
    [junit] 	at ptolemy.actor.Manager.execute(Manager.java:407)
    [junit] 	at ptolemy.actor.Manager.run(Manager.java:1263)
    [junit] 	at ptolemy.actor.Manager$PtolemyRunThread.run(Manager.java:1915)
    [junit] Caused by: ptolemy.kernel.util.IllegalActionException: Failure executing the wrapup function: Error: TrainableTest: The input handler of this accessor was never invoked. Usually, this is an error indicating that starvation is occurring. in <function> at line number 393 at column number 16
    [junit]   in .FullDuplex2.TrainableTest
    [junit] Because:
    [junit] Error: TrainableTest: The input handler of this accessor was never invoked. Usually, this is an error indicating that starvation is occurring. in <function> at line number 393 at column number 16
    [junit] 	at ptolemy.actor.lib.jjs.JavaScript._invokeMethodInContext(JavaScript.java:2223)
    [junit] 	at ptolemy.actor.lib.jjs.JavaScript.wrapup(JavaScript.java:2118)
    [junit] 	at ptolemy.actor.Director.wrapup(Director.java:1722)
    [junit] 	... 6 more
    [junit] Caused by: javax.script.ScriptException: Error: TrainableTest: The input handler of this accessor was never invoked. Usually, this is an error indicating that starvation is occurring. in <function> at line number 393 at column number 16
    [junit] 	at jdk.nashorn.api.scripting.NashornScriptEngine.throwAsScriptException(NashornScriptEngine.java:470)
    [junit] 	at jdk.nashorn.api.scripting.NashornScriptEngine.invokeImpl(NashornScriptEngine.java:392)
    [junit] 	at jdk.nashorn.api.scripting.NashornScriptEngine.invokeMethod(NashornScriptEngine.java:199)
    [junit] 	at ptolemy.actor.lib.jjs.JavaScript._invokeMethodInContext(JavaScript.java:2200)
    [junit] 	... 8 more
    [junit] Caused by: <function>:393:16 Error: TrainableTest: The input handler of this accessor was never invoked. Usually, this is an error indicating that starvation is occurring.
    [junit] 	at jdk.nashorn.internal.objects.NativeError.initException(NativeError.java:137)
    [junit] 	at jdk.nashorn.internal.objects.NativeError.<init>(NativeError.java:102)
    [junit] 	at jdk.nashorn.internal.objects.NativeError.<init>(NativeError.java:106)
    [junit] 	at jdk.nashorn.internal.objects.NativeError.<init>(NativeError.java:110)
    [junit] 	at jdk.nashorn.internal.objects.NativeError.constructor(NativeError.java:129)
    [junit] 	at jdk.nashorn.internal.scripts.Script$Recompilation$3014$18524$\^function\_.L:1#wrapup(<function>:393)
    [junit] 	at jdk.nashorn.internal.scripts.Script$Recompilation$3012$30384$require.L:1#Accessor#wrapup(/home/travis/build/icyphy/ptII/ptolemy/actor/lib/jjs/external/require.js#401:30<eval>:675)
    [junit] 	at jdk.nashorn.internal.runtime.ScriptFunctionData.invoke(ScriptFunctionData.java:637)
    [junit] 	at jdk.nashorn.internal.runtime.ScriptFunction.invoke(ScriptFunction.java:494)
    [junit] 	at jdk.nashorn.internal.runtime.ScriptRuntime.apply(ScriptRuntime.java:393)
    [junit] 	at jdk.nashorn.api.scripting.ScriptObjectMirror.callMember(ScriptObjectMirror.java:199)
    [junit] 	at jdk.nashorn.api.scripting.NashornScriptEngine.invokeImpl(NashornScriptEngine.java:386)
    [junit] 	... 10 more
    [junit] 
    [junit] Exception: java.lang.RuntimeException thrown from the UncaughtExceptionHandler in thread "Thread-11"
    [junit] WebSocketClient3: Connection closed because model is no longer running. (Thread[FullDuplex2,1,main])
    [junit] WebSocketClient3: undefined: WebSocketClient.js: Error: Unsent messages remain that were queued before the socket opened: [0, -1, -2, -3, -4, -5, -6, -7, -8, -9, -10, -11, -12, -13, -14, -15, -16, -17, -18, -19, -20, -21, -22, -23, -24, -25, -26, -27, -28, -29, -30, -31, -32, -33, -34, -35, -36, -37, -38, -39, -40, -41, -42, -43, -44, -45, -46, -47, -48, -49, -50, -51, -52, -53, -54, -55, -56, -57, -58, -59, -60, -61, -62, -63, -64, -65, -66, -67, -68, -69, -70, -71, -72, -73, -74, -75, -76, -77, -78, -79, -80, -81, -82, -83, -84, -85, -86, -87, -88, -89, -90, -91, -92, -93, -94, -95, -96, -97, -98, -99] (Thread[vert.x-eventloop-thread-3,1,main])
    [junit] 502517 ms. Memory: 763904K Free: 524990K (69%)
    [junit] ----------------- testing Sat May 19 01:26:46 UTC 2018 /home/travis/build/icyphy/ptII/ptolemy/actor/lib/jjs/modules/webSocket/test/auto/WebSocketClient2JS.xml
    [junit] ----------------- Sat May 19 01:26:46 UTC 2018 About to sleep for 5.0 seconds before running or rerunning.  Test is: /home/travis/build/icyphy/ptII/ptolemy/actor/lib/jjs/modules/webSocket/test/auto/WebSocketClient2JS.xml
    [junit] Done sleeping
    [junit] ----------------- Instantiating /home/travis/build/icyphy/ptII/ptolemy/actor/lib/jjs/modules/webSocket/test/auto/WebSocketClient2JS.xml
    [junit] WebSocketClient: Connection failed. Will try again: Connection refused: localhost/127.0.0.1:8982/nConnection refused (Thread[vert.x-eventloop-thread-3,1,main])
    [junit] WebSocketClient: Connection failed. Will try again: Connection refused: localhost/127.0.0.1:8982/nConnection refused (Thread[vert.x-eventloop-thread-3,1,main])
    [junit] WebSocketClient: Connection failed. Will try again: Connection refused: localhost/127.0.0.1:8982/nConnection refused (Thread[vert.x-eventloop-thread-3,1,main])
    [junit] WebSocketClient: Connection failed. Will try again: Connection refused: localhost/127.0.0.1:8982/nConnection refused (Thread[vert.x-eventloop-thread-3,1,main])
    [junit] WebSocketClient: Connection failed. Will try again: Connection refused: localhost/127.0.0.1:8982/nConnection refused (Thread[vert.x-eventloop-thread-3,1,main])
    [junit] WebSocketClient: undefined: WebSocketClient.js: Error: Connection failed after 6 tries: Connection refused: localhost/127.0.0.1:8982/nConnection refused (Thread[vert.x-eventloop-thread-3,1,main])
    [junit] WebSocketClient: Connection closed because model is no longer running. (Thread[WebSocketClient2JS,1,main])
    [junit] java.lang.RuntimeException: Execution failed
    [junit] 	at ptolemy.moml.MoMLSimpleApplication$UnloadThread.run(MoMLSimpleApplication.java:402)
    [junit] Caused by: ptolemy.kernel.util.IllegalActionException: Exceptions occurred during wrapup:
    [junit] ptolemy.kernel.util.IllegalActionException: Failure executing the wrapup function: Error: TrainableTest: The input handler of this accessor was never invoked. Usually, this is an error indicating that starvation is occurring. in <function> at line number 393 at column number 16
    [junit]   in .WebSocketClient2JS.TrainableTest
    [junit] Because:
    [junit] Error: TrainableTest: The input handler of this accessor was never invoked. Usually, this is an error indicating that starvation is occurring. in <function> at line number 393 at column number 16
    [junit] 
    [junit]   in .WebSocketClient2JS.DE Director
    [junit] Because:
    [junit] Failure executing the wrapup function: Error: TrainableTest: The input handler of this accessor was never invoked. Usually, this is an error indicating that starvation is occurring. in <function> at line number 393 at column number 16
    [junit]   in .WebSocketClient2JS.TrainableTest
    [junit] Because:
    [junit] Error: TrainableTest: The input handler of this accessor was never invoked. Usually, this is an error indicating that starvation is occurring. in <function> at line number 393 at column number 16
    [junit] 124718 ms. Memory: 974336K Free: 371571K (38%)
    [junit] 	at ptolemy.actor.Director.wrapup(Director.java:1736)
    [junit] ----------------- testing Sat May 19 01:28:59 UTC 2018 /home/travis/build/icyphy/ptII/ptolemy/actor/lib/jjs/modules/webSocket/test/auto/WebSocketClient3JS.xml
    [junit] ----------------- Sat May 19 01:28:59 UTC 2018 About to sleep for 5.0 seconds before running or rerunning.  Test is: /home/travis/build/icyphy/ptII/ptolemy/actor/lib/jjs/modules/webSocket/test/auto/WebSocketClient3JS.xml
    [junit] 	at ptolemy.domains.de.kernel.DEDirector.wrapup(DEDirector.java:1526)
    [junit] 	at ptolemy.actor.CompositeActor.wrapup(CompositeActor.java:2735)
    [junit] 	at ptolemy.actor.Manager.wrapup(Manager.java:1512)
    [junit] 	at ptolemy.actor.Manager.execute(Manager.java:407)
    [junit] 	at ptolemy.actor.Manager.run(Manager.java:1263)
    [junit] 	at ptolemy.actor.Manager$PtolemyRunThread.run(Manager.java:1915)
    [junit] Caused by: ptolemy.kernel.util.IllegalActionException: Failure executing the wrapup function: Error: TrainableTest: The input handler of this accessor was never invoked. Usually, this is an error indicating that starvation is occurring. in <function> at line number 393 at column number 16
    [junit]   in .WebSocketClient2JS.TrainableTest
    [junit] Because:
    [junit] Error: TrainableTest: The input handler of this accessor was never invoked. Usually, this is an error indicating that starvation is occurring. in <function> at line number 393 at column number 16
    [junit] 	at ptolemy.actor.lib.jjs.JavaScript._invokeMethodInContext(JavaScript.java:2223)
    [junit] 	at ptolemy.actor.lib.jjs.JavaScript.wrapup(JavaScript.java:2118)
    [junit] 	at ptolemy.actor.Director.wrapup(Director.java:1722)
    [junit] 	... 6 more
    [junit] Caused by: javax.script.ScriptException: Error: TrainableTest: The input handler of this accessor was never invoked. Usually, this is an error indicating that starvation is occurring. in <function> at line number 393 at column number 16
    [junit] 	at jdk.nashorn.api.scripting.NashornScriptEngine.throwAsScriptException(NashornScriptEngine.java:470)
    [junit] 	at jdk.nashorn.api.scripting.NashornScriptEngine.invokeImpl(NashornScriptEngine.java:392)
    [junit] 	at jdk.nashorn.api.scripting.NashornScriptEngine.invokeMethod(NashornScriptEngine.java:199)
    [junit] 	at ptolemy.actor.lib.jjs.JavaScript._invokeMethodInContext(JavaScript.java:2200)
    [junit] 	... 8 more
    [junit] Caused by: <function>:393:16 Error: TrainableTest: The input handler of this accessor was never invoked. Usually, this is an error indicating that starvation is occurring.
    [junit] 	at jdk.nashorn.internal.objects.NativeError.initException(NativeError.java:137)
    [junit] 	at jdk.nashorn.internal.objects.NativeError.<init>(NativeError.java:102)
    [junit] 	at jdk.nashorn.internal.objects.NativeError.<init>(NativeError.java:106)
    [junit] 	at jdk.nashorn.internal.objects.NativeError.<init>(NativeError.java:110)
    [junit] 	at jdk.nashorn.internal.objects.NativeError.constructor(NativeError.java:129)
    [junit] 	at jdk.nashorn.internal.scripts.Script$Recompilation$4701$18524$\^function\_.L:1#wrapup(<function>:393)
    [junit] 	at jdk.nashorn.internal.scripts.Script$Recompilation$4699$30384$require.L:1#Accessor#wrapup(/home/travis/build/icyphy/ptII/ptolemy/actor/lib/jjs/external/require.js#401:30<eval>:675)
    [junit] 	at jdk.nashorn.internal.runtime.ScriptFunctionData.invoke(ScriptFunctionData.java:637)
    [junit] 	at jdk.nashorn.internal.runtime.ScriptFunction.invoke(ScriptFunction.java:494)
    [junit] 	at jdk.nashorn.internal.runtime.ScriptRuntime.apply(ScriptRuntime.java:393)
    [junit] 	at jdk.nashorn.api.scripting.ScriptObjectMirror.callMember(ScriptObjectMirror.java:199)
    [junit] 	at jdk.nashorn.api.scripting.NashornScriptEngine.invokeImpl(NashornScriptEngine.java:386)
    [junit] 	... 10 more
    [junit] 
    [junit] Exception: java.lang.RuntimeException thrown from the UncaughtExceptionHandler in thread "Thread-14"
    [junit] Done sleeping
    [junit] ----------------- Instantiating /home/travis/build/icyphy/ptII/ptolemy/actor/lib/jjs/modules/webSocket/test/auto/WebSocketClient3JS.xml
