/home/travis/build/icyphy/ptII/bin/ant: Running /home/travis/build/icyphy/ptII/ant/bin/ant build test.export4.xml
Buildfile: /home/travis/build/icyphy/ptII/build.xml

build-message:
     [echo] Use ant -p to see other targets. JAVA_HOME=/usr/lib/jvm/java-8-oracle
     [echo] tools.jar is necessary for compilation of doc/doclets/.
     [echo] If compilation fails, try setting JAVA_HOME to the location of the JDK.
     [echo] For example:
     [echo]   [bldmastr@sisyphus ptII]$ which java
     [echo]   /usr/bin/java
     [echo]   [bldmastr@sisyphus ptII]$ ls -l /usr/bin/java
     [echo]   lrwxrwxrwx 1 root root 26 Jul 31 10:12 /usr/bin/java -> /usr/java/default/bin/java
     [echo]   [bldmastr@sisyphus ptII]$ export JAVA_HOME=/usr/java/default
     [echo]     

-build-subprojects-empty:

-check-maven-ant-task:

build-websensor:

build-subprojects:

-check-node:

-check-node-works:
     [exec] v7.10.1

-check-npm:

-check-npm-works:
     [exec] 4.2.0

-check-if-npmjs-org-is-up:
     [echo] Check to see if https://www.npmjs.org is up.

-jsdoc-no-network-message:
     [echo] The node binary was not found or does not work or npmjs.org was not reachable, so the network is probably down, so there is no point in trying npm.

-check-jsdoc:

jsdoc-install:

jsdoc-update:

-ptdoc-no-node:

-ptdoc-no-npm:

ptdoc:
     [echo] 
     [echo]       If the ptdoc target fails, then try running:
     [echo]           ant build-project build-bin
     [echo]     

-check-node:

-check-node-works:
     [exec] v7.10.1

-check-npm:

-check-npm-works:
     [exec] 4.2.0

-check-if-npmjs-org-is-up:
     [echo] Check to see if https://www.npmjs.org is up or $TRAVIS is set.

-jsdoc-no-network-message:

-check-jsdoc:
     [echo] To stop CapeCode from invoking jsdoc and svn, set the PT_NO_NET environment variable.  
     [echo]     Under BASH:
     [echo]         export PT_NO_NET=true
     [echo]     If ptdoc fails, and you are building from $PTII, try:
     [echo]         ant build-project build-bin
     [echo]     

jsdoc-install:
     [echo] npm.executable: npm
    [mkdir] Created dir: /home/travis/build/icyphy/ptII/org/terraswarm/accessor/accessors/node_modules
     [exec] /home/travis/build/icyphy/ptII/org/terraswarm/accessor/accessors
     [exec] └─┬ @terraswarm/jsdoc@3.5.1-dev 
     [exec]   ├── bluebird@3.4.7 
     [exec]   ├─┬ catharsis@0.8.9 
     [exec]   │ └─┬ underscore-contrib@0.3.0 
     [exec]   │   └── underscore@1.6.0 
     [exec]   ├── escape-string-regexp@1.0.5 
     [exec]   ├─┬ espree@3.1.7 
     [exec]   │ ├── acorn@3.3.0 
     [exec]   │ └── acorn-jsx@3.0.1 
     [exec]   ├── js2xmlparser@1.0.0 
     [exec]   ├─┬ klaw@1.3.1 
     [exec]   │ └── graceful-fs@4.1.11 
     [exec]   ├── marked@0.3.19 
     [exec]   ├─┬ mkdirp@0.5.1 
     [exec]   │ └── minimist@0.0.8 
     [exec]   ├─┬ requizzle@0.2.1 
     [exec]   │ └── underscore@1.6.0 
     [exec]   ├── strip-json-comments@2.0.1 
     [exec]   ├── taffydb@2.6.2 
     [exec]   └── underscore@1.8.3 
     [exec] 
     [exec] npm WARN enoent ENOENT: no such file or directory, open '/home/travis/build/icyphy/ptII/org/terraswarm/accessor/accessors/package.json'
     [exec] npm WARN accessors No description
     [exec] npm WARN accessors No repository field.
     [exec] npm WARN accessors No README data
     [exec] npm WARN accessors No license field.

jsdoc-update:

-ptdoc-no-node-message:

-ptdoc-no-npm-message:

-check-jsdoc-again:

-jsdoc-command-message:

ptdoc:
     [echo] Invoke /home/travis/build/icyphy/ptII/org/terraswarm/accessor/accessors/web/../node_modules/@terraswarm/jsdoc/jsdoc.js to read *.js files and generate *PtDoc.xml files suitable for Ptolemy.
     [echo]     See https://chess.eecs.berkeley.edu/ptexternal/wiki/Main/JSDocSystems
     [echo]     See jsdoc/jsdoc.json
     [echo]     See jsdoc/plugins/accessorJSDocTags.js
     [echo]     See jsdoc/templates/ptdoc/publish.js
     [echo] 
     [echo]     If the ptdoc target fails, the there is likely a problem with node or npm.  It is possible
     [echo]     to use CapeCode even if the ptdoc target fails.
     [echo]     
     [echo]     If you are building from $PTII, try:
     [echo]         ant build-project build-bin
     [echo] 
     [echo]     
     [exec] Generating output files...
     [exec] Finished running in 5.71 seconds.

build-project:
     [echo] ptII: /home/travis/build/icyphy/ptII/build.xml
    [javac] Compiling 4721 source files to /home/travis/build/icyphy/ptII
    [javac] /home/travis/build/icyphy/ptII/ptolemy/copernicus/applet/JarSigner.java:61: warning: ManifestDigester is internal proprietary API and may be removed in a future release
    [javac] import sun.security.util.ManifestDigester;
    [javac]                         ^
    [javac] /home/travis/build/icyphy/ptII/ptolemy/media/viewer/AudioViewer.java:51: warning: AudioPlayer is internal proprietary API and may be removed in a future release
    [javac] import sun.audio.AudioPlayer;
    [javac]                 ^
    [javac] /home/travis/build/icyphy/ptII/ptolemy/util/StringUtilities.java:48: warning: Unsafe is internal proprietary API and may be removed in a future release
    [javac] import sun.misc.Unsafe;
    [javac]                ^
    [javac] warning: Supported source version 'RELEASE_6' from annotation processor 'org.netbeans.modules.openide.util.NbBundleProcessor' less than -source '1.8'
    [javac] warning: Supported source version 'RELEASE_6' from annotation processor 'org.netbeans.modules.openide.util.URLStreamHandlerRegistrationProcessor' less than -source '1.8'
    [javac] warning: Supported source version 'RELEASE_6' from annotation processor 'org.netbeans.modules.openide.util.ServiceProviderProcessor' less than -source '1.8'
    [javac] /home/travis/build/icyphy/ptII/ptolemy/copernicus/applet/JarSigner.java:61: warning: ManifestDigester is internal proprietary API and may be removed in a future release
    [javac] import sun.security.util.ManifestDigester;
    [javac]                         ^
    [javac] /home/travis/build/icyphy/ptII/ptolemy/media/viewer/AudioViewer.java:51: warning: AudioPlayer is internal proprietary API and may be removed in a future release
    [javac] import sun.audio.AudioPlayer;
    [javac]                 ^
    [javac] /home/travis/build/icyphy/ptII/ptolemy/util/StringUtilities.java:48: warning: Unsafe is internal proprietary API and may be removed in a future release
    [javac] import sun.misc.Unsafe;
    [javac]                ^
    [javac] /home/travis/build/icyphy/ptII/ptolemy/copernicus/applet/JarSigner.java:61: warning: ManifestDigester is internal proprietary API and may be removed in a future release
    [javac] import sun.security.util.ManifestDigester;
    [javac]                         ^
    [javac] /home/travis/build/icyphy/ptII/ptolemy/media/viewer/AudioViewer.java:51: warning: AudioPlayer is internal proprietary API and may be removed in a future release
    [javac] import sun.audio.AudioPlayer;
    [javac]                 ^
    [javac] /home/travis/build/icyphy/ptII/ptolemy/util/StringUtilities.java:48: warning: Unsafe is internal proprietary API and may be removed in a future release
    [javac] import sun.misc.Unsafe;
    [javac]                ^
    [javac] /home/travis/build/icyphy/ptII/ptolemy/copernicus/applet/JarSigner.java:320: warning: ManifestDigester is internal proprietary API and may be removed in a future release
    [javac]         ManifestDigester manifestDigester = new ManifestDigester(
    [javac]         ^
    [javac] /home/travis/build/icyphy/ptII/ptolemy/copernicus/applet/JarSigner.java:320: warning: ManifestDigester is internal proprietary API and may be removed in a future release
    [javac]         ManifestDigester manifestDigester = new ManifestDigester(
    [javac]                                                 ^
    [javac] /home/travis/build/icyphy/ptII/ptolemy/copernicus/applet/JarSigner.java:634: warning: ManifestDigester is internal proprietary API and may be removed in a future release
    [javac]                 ManifestDigester md, String baseName, boolean signManifest)
    [javac]                 ^
    [javac] /home/travis/build/icyphy/ptII/ptolemy/copernicus/applet/JarSigner.java:648: warning: ManifestDigester is internal proprietary API and may be removed in a future release
    [javac]                     ManifestDigester.class, String.class, Boolean.TYPE);
    [javac]                     ^
    [javac] /home/travis/build/icyphy/ptII/ptolemy/media/viewer/AudioViewer.java:242: warning: AudioPlayer is internal proprietary API and may be removed in a future release
    [javac]         AudioPlayer.player.start(_instream);
    [javac]         ^
    [javac] /home/travis/build/icyphy/ptII/ptolemy/util/StringUtilities.java:118: warning: Unsafe is internal proprietary API and may be removed in a future release
    [javac]             Field theUnsafe = Unsafe.class.getDeclaredField("theUnsafe");
    [javac]                               ^
    [javac] /home/travis/build/icyphy/ptII/ptolemy/util/StringUtilities.java:120: warning: Unsafe is internal proprietary API and may be removed in a future release
    [javac]             Unsafe unsafe = (Unsafe) theUnsafe.get(null);
    [javac]             ^
    [javac] /home/travis/build/icyphy/ptII/ptolemy/util/StringUtilities.java:120: warning: Unsafe is internal proprietary API and may be removed in a future release
    [javac]             Unsafe unsafe = (Unsafe) theUnsafe.get(null);
    [javac]                              ^
    [javac] Note: Some input files use or override a deprecated API.
    [javac] Note: Recompile with -Xlint:deprecation for details.
    [javac] Note: Some input files use unchecked or unsafe operations.
    [javac] Note: Recompile with -Xlint:unchecked for details.
    [javac] 20 warnings

-check-ptII-mk-file:

-check-bin-vergil:

-check-make-bin-vergil:

build-bin-not:

build-not-bin-vergil:
     [echo] 
     [echo] 	$PTII/bin/vergil does not exist, perhaps (cd $PTII/bin; make) has not been run?
     [echo] 	This can happen if the make binary cannot be found in the path or if $PTII/mk/ptII.mk
     [echo] 	is not present.
     [echo] 	Skipping running make in $PTII/bin, which creates scripts like $PTII/bin/vergil.
     [echo] 	This is only an issue if you want to invoke "$PTII/bin/vergil" instead of "ant vergil".
     [echo] 	However, $PTII/bin does include other scripts that may be of use.
     [echo]       

build-bin:
     [exec] for file in .momllib-util .nc2moml-util .ncapp2moml-util capecode convertToLazy copernicus decompile emachine giottoc histogram homer jode mescal moml obfuscate ptcg ptcodegen ptexecute ptjacl ptjaclapp ptplot ptstartjini ptolemy ptweb pxgraph soot tinicomm tinic tiniconverter startjini.gui vergil; do \
     [exec] 		echo "$file"; \
     [exec] 		rm -f "$file"; \
     [exec] 		ln -s ptinvoke "$file"; \
     [exec] 		chmod a+x "$file"; \
     [exec] 	done
     [exec] .momllib-util
     [exec] .nc2moml-util
     [exec] .ncapp2moml-util
     [exec] capecode
     [exec] convertToLazy
     [exec] copernicus
     [exec] decompile
     [exec] emachine
     [exec] giottoc
     [exec] histogram
     [exec] homer
     [exec] jode
     [exec] mescal
     [exec] moml
     [exec] obfuscate
     [exec] ptcg
     [exec] ptcodegen
     [exec] ptexecute
     [exec] ptjacl
     [exec] ptjaclapp
     [exec] ptplot
     [exec] ptstartjini
     [exec] ptolemy
     [exec] ptweb
     [exec] pxgraph
     [exec] soot
     [exec] tinicomm
     [exec] tinic
     [exec] tiniconverter
     [exec] startjini.gui
     [exec] vergil
     [exec] rm -f makebat
     [exec] ln -s ptinvoke makebat
     [exec] rm -f ".momllib-util.bat"
     [exec] ./makebat -q "`basename .momllib-util.bat .bat`"
     [exec] rm -f ".nc2moml-util.bat"
     [exec] ./makebat -q "`basename .nc2moml-util.bat .bat`"
     [exec] rm -f ".ncapp2moml-util.bat"
     [exec] ./makebat -q "`basename .ncapp2moml-util.bat .bat`"
     [exec] rm -f "capecode.bat"
     [exec] ./makebat -q "`basename capecode.bat .bat`"
     [exec] rm -f "convertToLazy.bat"
     [exec] ./makebat -q "`basename convertToLazy.bat .bat`"
     [exec] rm -f "copernicus.bat"
     [exec] ./makebat -q "`basename copernicus.bat .bat`"
     [exec] rm -f "decompile.bat"
     [exec] ./makebat -q "`basename decompile.bat .bat`"
     [exec] rm -f "emachine.bat"
     [exec] ./makebat -q "`basename emachine.bat .bat`"
     [exec] rm -f "giottoc.bat"
     [exec] ./makebat -q "`basename giottoc.bat .bat`"
     [exec] rm -f "histogram.bat"
     [exec] ./makebat -q "`basename histogram.bat .bat`"
     [exec] rm -f "homer.bat"
     [exec] ./makebat -q "`basename homer.bat .bat`"
     [exec] rm -f "jode.bat"
     [exec] ./makebat -q "`basename jode.bat .bat`"
     [exec] rm -f "mescal.bat"
     [exec] ./makebat -q "`basename mescal.bat .bat`"
     [exec] LD_LIBRARY_PATH = /home/travis/build/icyphy/ptII/mescal/lib:/home/travis/build/icyphy/ptII/mescal/bin:/usr/local/lib:/home/travis/build/icyphy/ptII/lib:/home/travis/pthla/certi-tools/lib:/home/travis/pthla/certi-tools/lib:/usr/lib/jni:/usr/local/share/OpenCV/java/:/usr/share/OpenCV/java:
     [exec] rm -f "moml.bat"
     [exec] ./makebat -q "`basename moml.bat .bat`"
     [exec] rm -f "obfuscate.bat"
     [exec] ./makebat -q "`basename obfuscate.bat .bat`"
     [exec] rm -f "ptcg.bat"
     [exec] ./makebat -q "`basename ptcg.bat .bat`"
     [exec] rm -f "ptcodegen.bat"
     [exec] ./makebat -q "`basename ptcodegen.bat .bat`"
     [exec] rm -f "ptexecute.bat"
     [exec] ./makebat -q "`basename ptexecute.bat .bat`"
     [exec] rm -f "ptjacl.bat"
     [exec] ./makebat -q "`basename ptjacl.bat .bat`"
     [exec] rm -f "ptjaclapp.bat"
     [exec] ./makebat -q "`basename ptjaclapp.bat .bat`"
     [exec] rm -f "ptplot.bat"
     [exec] ./makebat -q "`basename ptplot.bat .bat`"
     [exec] rm -f "ptstartjini.bat"
     [exec] ./makebat -q "`basename ptstartjini.bat .bat`"
     [exec] rm -f "ptolemy.bat"
     [exec] ./makebat -q "`basename ptolemy.bat .bat`"
     [exec] rm -f "ptweb.bat"
     [exec] ./makebat -q "`basename ptweb.bat .bat`"
     [exec] rm -f "pxgraph.bat"
     [exec] ./makebat -q "`basename pxgraph.bat .bat`"
     [exec] rm -f "soot.bat"
     [exec] ./makebat -q "`basename soot.bat .bat`"
     [exec] rm -f "tinicomm.bat"
     [exec] ./makebat -q "`basename tinicomm.bat .bat`"
     [exec] rm -f "tinic.bat"
     [exec] ./makebat -q "`basename tinic.bat .bat`"
     [exec] rm -f "tiniconverter.bat"
     [exec] ./makebat -q "`basename tiniconverter.bat .bat`"
     [exec] rm -f "startjini.gui.bat"
     [exec] ./makebat -q "`basename startjini.gui.bat .bat`"
     [exec] rm -f "vergil.bat"
     [exec] ./makebat -q "`basename vergil.bat .bat`"
     [exec] rm -f makeapp
     [exec] ln -s ptinvoke makeapp
     [exec] chmod a+x ptinvoke makeapp
     [exec] ./makeapp CapeCode.app CAPECODE -capecode
     [exec] Cloning into 'universalJavaApplicationStub'...
     [exec] ./makeapp: /home/travis/build/icyphy/ptII/vendors/universalJavaApplicationStub/src/universalJavaApplicationStub does not exist, creating it from GitHub.
     [exec] Updating universalJavaApplicationStub from /home/travis/build/icyphy/ptII/vendors/universalJavaApplicationStub/src/universalJavaApplicationStub
     [exec] Error: This Java instance does not support a 32-bit JVM.
     [exec] Please install the desired version.
     [exec] configure: WARNING: Running java -d32 -version failed,
     [exec]     and ./bin/java does not exist.
     [exec]     Perhaps you need to install a separate 32-bit JVM
     [exec]     or rerun configure with --with-java32?
     [exec]     The 32-bit JVM is only needed for certain 32-bit FMI tests.
     [exec]     In general, under a 64-bit JVM, FMI will work fine without a 32-bit JVM.
     [exec] configure: WARNING: '/usr/lib/jvm/java-8-oracle/bin/java' is not
     [exec]     the same as '/usr/bin/java'.
     [exec]     Perhaps '/usr/bin/java' is in your path before
     [exec]     '/usr/lib/jvm/java-8-oracle/bin/java'?
     [exec]     If you have problems later, be sure that you don't have a mismatch
     [exec]     in JDK versions.
     [exec] configure: WARNING: '/usr/lib/jvm/java-8-oracle/bin/javac' is not
     [exec] 	 the same as '/usr/bin/javac'.
     [exec] 	 Perhaps '/usr/bin/javac' is in your path
     [exec] 	 before '/usr/lib/jvm/java-8-oracle/bin/javac'?
     [exec] 	 If you have problems later, be sure that you don't have a mismatch
     [exec] 	 in JDK versions.
     [exec] configure: WARNING: Failed to find /usr/local/include/boost/numeric/odeint.hpp
     [exec]     This is only a problem if you want to rebuild the Functional
     [exec]     Mock-up Interface ++ C files in actor/lib/fmi/fmipp.
     [exec]     Most users can use the shared libraries in /home/travis/build/icyphy/ptII/lib or /home/travis/build/icyphy/ptII/bin.
     [exec] configure: WARNING: Failed to find Checkstyle in /home/travis/build/icyphy/ptII/vendors/checkstyle-6.2
     [exec]     Checkstyle is only necessary for code cleaning.
     [exec]     Checkstyle is LGPL'd, so while it could be in the ptII repo, we don't add it.
     [exec]     Checkstyle may be downloaded from http://checkstyle.sourceforge.net/
     [exec] configure: WARNING: Did not find /home/travis/build/icyphy/ptII/vendors/misc/colt/colt.jar,
     [exec]     using /home/travis/build/icyphy/ptII/lib/ptcolt.jar
     [exec] configure: WARNING: Failed to find Cobertura in /home/travis/build/icyphy/ptII/vendors/corbertura-2.0.3
     [exec]     Cobertura is only necessary to for code coverage.
     [exec]     Cobertura is GPL'd, so we don't check it in to the ptII repository.
     [exec]     Cobertura may be downloaded from http://cobertura.github.io/cobertura/
     [exec] configure: WARNING: Failed to find CUnit in /usr/local or
     [exec]     /home/travis/build/icyphy/ptII/vendors/CUnit.
     [exec]     CUnit is only necessary to test the C templates of the code generation facility
     [exec] configure: WARNING: Failed to find dbxml-X.Y shared library in /home/travis/build/icyphy/ptII/vendors/misc/dbxml-2.5.16/install/lib.
     [exec]     This means that the Ptolemy/Android HandSimDroid prototype will not run.
     [exec] configure: WARNING: Failed to find /home/travis/build/icyphy/ptII/vendors/mbed/gcc-arm/bin/arm-none-eabi-gcc
     [exec]     so the Mbed CG facility will not be run.
     [exec] JAITest.java:28: error: package javax.media.jai does not exist
     [exec] import javax.media.jai.*;
     [exec] ^
     [exec] 1 error
     [exec] configure: WARNING: JAI not found in the default classpath
     [exec] configure: WARNING: Failed to find /usr/local/jmodelica/include/jmi.h
     [exec]     which is part of JModelica.
     [exec]     Ptolemy optionally includes one or more FMUs that use JModelica.
     [exec]     To install JModelica, see https://svn.jmodelica.org/trunk/INSTALL
     [exec] JMFTest.java:28: error: package javax.media does not exist
     [exec] import javax.media.CaptureDeviceInfo;
     [exec]                   ^
     [exec] 1 error
     [exec] Exception in thread "main" java.lang.RuntimeException: Could not load opencv_java320.
     [exec]     java.library.path = /home/travis/build/icyphy/ptII/lib:/home/travis/build/icyphy/ptII/lib:/home/travis/pthla/certi-tools/lib:/home/travis/pthla/certi-tools/lib:/usr/lib/jni:/usr/local/share/OpenCV/java/:/usr/share/OpenCV/java::/usr/java/packages/lib/amd64:/usr/lib64:/lib64:/lib:/usr/lib
     [exec] 	at OpenCVTest.main(OpenCVTest.java:75)
     [exec] Caused by: java.lang.UnsatisfiedLinkError: no opencv_java320 in java.library.path
     [exec] 	at java.lang.ClassLoader.loadLibrary(ClassLoader.java:1867)
     [exec] 	at java.lang.Runtime.loadLibrary0(Runtime.java:870)
     [exec] 	at java.lang.System.loadLibrary(System.java:1122)
     [exec] 	at OpenCVTest.main(OpenCVTest.java:52)
     [exec] configure: WARNING: Failed to run OpenCV test program in /home/travis/build/icyphy/ptII/config with
     [exec]     /usr/lib/jvm/java-8-oracle/bin/java -classpath /home/travis/build/icyphy/ptII/lib/opencv-320.jar:. OpenCVTest
     [exec]     so we will try other jars.
     [exec] libdc1394 error: Failed to initialize libdc1394
     [exec] configure: WARNING: Could not find directory
     [exec]     '/home/travis/build/icyphy/ptII/vendors/sun/javacc-5.0'
     [exec]     so we search for the jjtree command.
     [exec] configure: WARNING: Failed to find jjtree
     [exec] configure: WARNING: Failed to find javacc, perhaps JavaCC is not installed?
     [exec]     You need not download JavaCC unless you plan on modifying .jjt files
     [exec]     in ptolemy/data/expr.
     [exec]     JavaCC is available from
     [exec]     http://javacc.dev.java.net/
     [exec] 
     [exec]     Note that the zip file that gets downloaded is actually an installer
     [exec]     that must be run to install the JavaCC.zip file that contains the classes.
     [exec] 
     [exec]     Note that JavaCC-4.1 and 4.2 will not work, there are problems with
     [exec]     ReInit() being static or not static.
     [exec] 
     [exec]     JavaCC-6.0 seems to not include the jjtree and javacc scripts, so
     [exec]     we recommend JavaCC-5.0.
     [exec] 
     [exec]     Try:
     [exec]     cd /home/travis/build/icyphy/ptII/vendors/sun
     [exec]     wget https://java.net/projects/javacc/downloads/download/javacc-5.0.tar.gz
     [exec]     tar -zxf javacc-5.0.tar.gz
     [exec]     cd /home/travis/build/icyphy/ptII
     [exec]     ./configure
     [exec] 
     [exec]     Configure looks for JavaCC in /home/travis/build/icyphy/ptII/vendors/sun/javacc-5.0
     [exec]     so either install JavaCC in that location or use the --with-javacc= flag
     [exec]     and then rerun configure.'
     [exec] ls: cannot access /home/travis/build/icyphy/ptII/vendors/j3d/*/lib/ext: No such file or directory
     [exec] configure: WARNING: Failed to find matlab executable in the path.
     [exec]     Perhaps Matlab is not installed?
     [exec]     If Matlab is not present, then the Ptolemy II/Matlab interface in
     [exec]     $PTII/ptolemy/matlab will not be usable.
     [exec] configure: WARNING: Matlab was not found, but compiling the .java files in ptolemy/matlab/ should be ok.
     [exec] configure: WARNING: Failed to find omc, the OpenModelicaCompiler.
     [exec]     Rebuilding the OpenModelica fmus will not be possible.
     [exec]     Running the OpenModelica models will not be possible.
     [exec]     This is only a concern if you are interested in OpenModelica
     [exec] configure: WARNING: Failed to find PowerMock.
     [exec]     Perhaps PowerMock was not installed?
     [exec]     You need not download these packages if you would like
     [exec]     to run the tests.  To install PowerMock, go to
     [exec]     http://code.google.com/p/powermock/ and download
     [exec]     http://powermock.googlecode.com/files/powermock-easymock-junit-1.3.8.zip
     [exec]     (which contains PowerMock for EasyMock and JUnit) and unzip it in
     [exec]     /home/travis/build/icyphy/ptII/vendors/misc so that
     [exec]     /home/travis/build/icyphy/ptII/vendors/misc/powermock-easymock-junit-1.3.8 is created,
     [exec]     then rerun configure.
     [exec]     Other versions of PowerMock _may_ work, but are untested.
     [exec] configure: WARNING: Failed to find the scalac binary,
     [exec]     so org/ptolemy/scala will be excluded
     [exec] configure: WARNING: ojdbc5.jar not found,
     [exec]     but only necessary to use database actors with Oracle.
     [exec]     If the mysql jar file is present, then the Oracle Java Database Connector is not necessary
     [exec]     To install ojdbc5.jar or ojdbc6.jar,
     [exec]     download it from http://www.oracle.com/technetwork/apps-tech/jdbc-111060-084321.html
     [exec]     copy it to ptolemy/actor/lib/database
     [exec]     and rerun ./configure
     [exec] configure: WARNING: Failed to find Batik Jar file
     [exec]     You need only have Batik if you are planning on rebuilding diva.jar
     [exec]     for use with Kepler.
     [exec]     Batik can be downloaded from http://xmlgraphics.apache.org/batik/,
     [exec]     batike-1.9/lib/batik-all-1.9.jar copied to /home/travis/build/icyphy/ptII/lib
     [exec]     and ./configure rerun.
     [exec] configure: WARNING: $TOSROOT is not set.  It must be set to use PtinyOS.
     [exec] configure: WARNING: $TOSROOT is set to '',
     [exec]      but there is no directory by that name, so we will not set up for PtinyOS.
     [exec]      For details, see /home/travis/build/icyphy/ptII/ptolemy/domains/ptinyos/README.txt.
     [exec] configure: WARNING: Failed to find giotto/gdk.jar
     [exec]     perhaps Giotto is not installed?
     [exec]     You need not download Giotto unless you plan on generating code for
     [exec]     Giotto models.
     [exec]     The Giotto SDK can be
     [exec]     downloaded from https://embedded.eecs.berkeley.edu/giotto/
     [exec]     Copy gdk.jar to /home/travis/build/icyphy/ptII/vendors/giotto, for example:
     [exec]         mkdir -p /home/travis/build/icyphy/ptII/vendors/giotto
     [exec]         cp C:/Program\ Files/Giotto*/gdk.jar /home/travis/build/icyphy/ptII/vendors/giotto/
     [exec] configure: WARNING: Failed to find boost/numeric/odeint.hpp, so FMI ++
     [exec]     will not be compiled. FMI++ is an extension of the
     [exec]     Functional Mockup Interface, see
     [exec]     http://sourceforge.net/p/fmipp/wiki/Home/
     [exec] Untaring /home/travis/build/icyphy/ptII/vendors/installer/MacJVM.tar.gz in /home/travis/build/icyphy/ptII/ now: Mon May 14 01:35:03 UTC 2018
     [exec] touch CapeCode.app
     [exec] ./makeapp Vergil.app FULL -full
     [exec] Updating universalJavaApplicationStub from /home/travis/build/icyphy/ptII/vendors/universalJavaApplicationStub/src/universalJavaApplicationStub
     [exec] Untaring /home/travis/build/icyphy/ptII/vendors/installer/MacJVM.tar.gz in /home/travis/build/icyphy/ptII/ now: Mon May 14 01:35:06 UTC 2018
     [exec] touch Vergil.app
     [exec] chmod a+x ant cyphysim hyvisual startjini mkjnlp mkl4j mkosgi mkptdemo mkptlivelinkdemo mkpttest node npm ptjunit ptIITravisBuild.sh reloadAllAccessors updateFmu viptos 

build:

initReports:
    [mkdir] Created dir: /home/travis/build/icyphy/ptII/reports/doccheck
    [mkdir] Created dir: /home/travis/build/icyphy/ptII/reports/ojdcheck

test.export4.xml:
     [echo] 
     [echo]       ==test.export4.xml ==
     [echo]       This target runs the fourth batch of export demo tests
     [echo]       and generates JUnit xml output.
     [echo]       timeout = 4000000 milliseconds
     [echo]     
    [junit] javachdir: directory = ptolemy/vergil/basic/export/test
    [junit] javachdir: pwd: /home/travis/build/icyphy/ptII/ptolemy/vergil/basic/export/test  Invoking with -Djava.net.preferIPv4Stack=true
    [junit] ExportModeJUnitTestBatch: There are 754 demos. Exporting demos: 290 to 360.
    [junit] Running ptolemy.vergil.basic.export.test.junit.ExportModelJUnitTestBatch4
    [junit] ####### 1 Mon May 14 01:35:10 UTC 2018 $PTII/bin/ptinvoke ptolemy.vergil.basic.export.ExportModel -force htm -run -openComposites -timeOut 30000 -whiteBackground ptolemy/actor/ptalon/demo/SmallWorld/ParameterSweepSmallWorldSDF.xml $PTII/ptolemy/actor/ptalon/demo/SmallWorld/ParameterSweepSmallWorldSDF
    [junit] Running .ParameterSweepSmallWorldSDF
    [junit] 595 ms. Memory: 872448K Free: 619796K (71%)
    [junit] 209 ms. Memory: 872448K Free: 512070K (59%)
    [junit] 174 ms. Memory: 872448K Free: 388931K (45%)
    [junit] 148 ms. Memory: 872448K Free: 265799K (30%)
    [junit] 1984 ms. Memory: 872448K Free: 265799K (30%)
    [junit] Exported /home/travis/build/icyphy/ptII/ptolemy/actor/ptalon/demo/SmallWorld/ParameterSweepSmallWorldSDF/index.html
    [junit] 13462 ms. Memory: 872448K Free: 204097K (23%)
    [junit] ####### 2 Mon May 14 01:35:24 UTC 2018 $PTII/bin/ptinvoke ptolemy.vergil.basic.export.ExportModel -force htm -run -openComposites -timeOut 30000 -whiteBackground ptolemy/actor/ptalon/demo/SmallWorld/SmallWorld.xml $PTII/ptolemy/actor/ptalon/demo/SmallWorld/SmallWorld
    [junit] Running .SmallWorld
    [junit] 1
    [junit] 1
    [junit] 1
    [junit] 1
    [junit] 1
    [junit] 1
    [junit] 1
    [junit] 1
    [junit] 1
    [junit] 2
    [junit] 2
    [junit] 2
    [junit] 2
    [junit] 2
    [junit] 2
    [junit] 2
    [junit] 2
    [junit] 3
    [junit] 3
    [junit] 3
    [junit] 3
    [junit] 3
    [junit] 3
    [junit] 3
    [junit] 3
    [junit] 3
    [junit] 3
    [junit] 3
    [junit] 3
    [junit] 3
    [junit] 3
    [junit] 4
    [junit] 4
    [junit] 4
    [junit] 4
    [junit] 4
    [junit] 4
    [junit] 4
    [junit] 4
    [junit] 4
    [junit] 5
    [junit] 5
    [junit] 5
    [junit] 5
    [junit] 5
    [junit] 5
    [junit] 6
    [junit] 6
    [junit] 300 ms. Memory: 1115648K Free: 987481K (89%)
    [junit] Exported /home/travis/build/icyphy/ptII/ptolemy/actor/ptalon/demo/SmallWorld/SmallWorld/index.html
    [junit] 6496 ms. Memory: 1115648K Free: 863721K (77%)
    [junit] ####### 3 Mon May 14 01:35:30 UTC 2018 $PTII/bin/ptinvoke ptolemy.vergil.basic.export.ExportModel -force htm -run -openComposites -timeOut 30000 -whiteBackground ptolemy/actor/ptalon/demo/SmallWorld/SmallWorldMultiInstanceComposite.xml $PTII/ptolemy/actor/ptalon/demo/SmallWorld/SmallWorldMultiInstanceComposite
    [junit] Running .SmallWorldMultiInstanceComposite
    [junit] 1
    [junit] 1
    [junit] 1
    [junit] 1
    [junit] 1
    [junit] 1
    [junit] 1
    [junit] 1
    [junit] 1
    [junit] 2
    [junit] 2
    [junit] 2
    [junit] 2
    [junit] 2
    [junit] 2
    [junit] 2
    [junit] 2
    [junit] 3
    [junit] 3
    [junit] 3
    [junit] 3
    [junit] 3
    [junit] 3
    [junit] 3
    [junit] 3
    [junit] 3
    [junit] 3
    [junit] 3
    [junit] 3
    [junit] 3
    [junit] 3
    [junit] 4
    [junit] 4
    [junit] 4
    [junit] 4
    [junit] 4
    [junit] 4
    [junit] 4
    [junit] 4
    [junit] 4
    [junit] 5
    [junit] 5
    [junit] 5
    [junit] 5
    [junit] 5
    [junit] 5
    [junit] 6
    [junit] 6
    [junit] 562 ms. Memory: 1115648K Free: 417715K (37%)
    [junit] Exported /home/travis/build/icyphy/ptII/ptolemy/actor/ptalon/demo/SmallWorld/SmallWorldMultiInstanceComposite/index.html
    [junit] 44660 ms. Memory: 1837056K Free: 588811K (32%)
    [junit] ####### 4 Mon May 14 01:36:15 UTC 2018 $PTII/bin/ptinvoke ptolemy.vergil.basic.export.ExportModel -force htm -run -openComposites -timeOut 30000 -whiteBackground ptolemy/actor/ptalon/demo/SmallWorld/SmallWorldPtalonActor.xml $PTII/ptolemy/actor/ptalon/demo/SmallWorld/SmallWorldPtalonActor
    [junit] Running .SmallWorldPtalonActor
    [junit] 1
    [junit] 1
    [junit] 1
    [junit] 1
    [junit] 1
    [junit] 1
    [junit] 1
    [junit] 1
    [junit] 1
    [junit] 2
    [junit] 2
    [junit] 2
    [junit] 2
    [junit] 2
    [junit] 2
    [junit] 2
    [junit] 2
    [junit] 3
    [junit] 3
    [junit] 3
    [junit] 3
    [junit] 3
    [junit] 3
    [junit] 3
    [junit] 3
    [junit] 3
    [junit] 3
    [junit] 3
    [junit] 3
    [junit] 3
    [junit] 3
    [junit] 4
    [junit] 4
    [junit] 4
    [junit] 4
    [junit] 4
    [junit] 4
    [junit] 4
    [junit] 4
    [junit] 4
    [junit] 5
    [junit] 5
    [junit] 5
    [junit] 5
    [junit] 5
    [junit] 5
    [junit] 6
    [junit] 6
    [junit] 219 ms. Memory: 1829376K Free: 953263K (52%)
    [junit] Exported /home/travis/build/icyphy/ptII/ptolemy/actor/ptalon/demo/SmallWorld/SmallWorldPtalonActor/index.html
    [junit] 6237 ms. Memory: 1829376K Free: 803352K (44%)
    [junit] ####### 5 Mon May 14 01:36:21 UTC 2018 $PTII/bin/ptinvoke ptolemy.vergil.basic.export.ExportModel -force htm -run -openComposites -timeOut 30000 -whiteBackground ptolemy/actor/ptalon/demo/Unicycle/Unicycle.xml $PTII/ptolemy/actor/ptalon/demo/Unicycle/Unicycle
    [junit] Running .Unicycle
    [junit] 619 ms. Memory: 1829376K Free: 363624K (20%)
    [junit] Exported /home/travis/build/icyphy/ptII/ptolemy/actor/ptalon/demo/Unicycle/Unicycle/index.html
    [junit] 5074 ms. Memory: 1836032K Free: 1708937K (93%)
    [junit] ####### 6 Mon May 14 01:36:26 UTC 2018 $PTII/bin/ptinvoke ptolemy.vergil.basic.export.ExportModel -force htm  -openComposites -timeOut 30000 -whiteBackground ptolemy/actor/ptalon/gt/demo/Adder/Adder.xml $PTII/ptolemy/actor/ptalon/gt/demo/Adder/Adder
    [junit] Warning: not running ptolemy/actor/ptalon/gt/demo/Adder/Adder.xml. See ptolemy/vergil/basic/export/test/junit/ExportModelJUnitTest.java
    [junit] TransformationEditor: Ignoring clone of .Utilities beause we don't known how to import it. Exception was: ptolemy.kernel.util.NameDuplicationException: Attempt to insert object named "Utilities" into container named ".library", which already contains an object with that name.
    [junit] TransformationEditor: Ignoring clone of .Directors beause we don't known how to import it. Exception was: ptolemy.kernel.util.NameDuplicationException: Attempt to insert object named "Directors" into container named ".library", which already contains an object with that name.
    [junit] TransformationEditor: Ignoring clone of .Actors beause we don't known how to import it. Exception was: ptolemy.kernel.util.NameDuplicationException: Attempt to insert object named "Actors" into container named ".library", which already contains an object with that name.
    [junit] TransformationEditor: Ignoring clone of .MoreLibraries beause we don't known how to import it. Exception was: ptolemy.kernel.util.NameDuplicationException: Attempt to insert object named "MoreLibraries" into container named ".library", which already contains an object with that name.
    [junit] TransformationEditor: Ignoring clone of .Utilities beause we don't known how to import it. Exception was: ptolemy.kernel.util.NameDuplicationException: Attempt to insert object named "Utilities" into container named ".library", which already contains an object with that name.
    [junit] TransformationEditor: Ignoring clone of .Directors beause we don't known how to import it. Exception was: ptolemy.kernel.util.NameDuplicationException: Attempt to insert object named "Directors" into container named ".library", which already contains an object with that name.
    [junit] TransformationEditor: Ignoring clone of .Actors beause we don't known how to import it. Exception was: ptolemy.kernel.util.NameDuplicationException: Attempt to insert object named "Actors" into container named ".library", which already contains an object with that name.
    [junit] TransformationEditor: Ignoring clone of .MoreLibraries beause we don't known how to import it. Exception was: ptolemy.kernel.util.NameDuplicationException: Attempt to insert object named "MoreLibraries" into container named ".library", which already contains an object with that name.
    [junit] TransformationEditor: Ignoring clone of .Utilities beause we don't known how to import it. Exception was: ptolemy.kernel.util.NameDuplicationException: Attempt to insert object named "Utilities" into container named ".library", which already contains an object with that name.
    [junit] TransformationEditor: Ignoring clone of .Directors beause we don't known how to import it. Exception was: ptolemy.kernel.util.NameDuplicationException: Attempt to insert object named "Directors" into container named ".library", which already contains an object with that name.
    [junit] TransformationEditor: Ignoring clone of .Actors beause we don't known how to import it. Exception was: ptolemy.kernel.util.NameDuplicationException: Attempt to insert object named "Actors" into container named ".library", which already contains an object with that name.
    [junit] TransformationEditor: Ignoring clone of .MoreLibraries beause we don't known how to import it. Exception was: ptolemy.kernel.util.NameDuplicationException: Attempt to insert object named "MoreLibraries" into container named ".library", which already contains an object with that name.
    [junit] TransformationEditor: Ignoring clone of .Utilities beause we don't known how to import it. Exception was: ptolemy.kernel.util.NameDuplicationException: Attempt to insert object named "Utilities" into container named ".library", which already contains an object with that name.
    [junit] TransformationEditor: Ignoring clone of .Directors beause we don't known how to import it. Exception was: ptolemy.kernel.util.NameDuplicationException: Attempt to insert object named "Directors" into container named ".library", which already contains an object with that name.
    [junit] TransformationEditor: Ignoring clone of .Actors beause we don't known how to import it. Exception was: ptolemy.kernel.util.NameDuplicationException: Attempt to insert object named "Actors" into container named ".library", which already contains an object with that name.
    [junit] TransformationEditor: Ignoring clone of .MoreLibraries beause we don't known how to import it. Exception was: ptolemy.kernel.util.NameDuplicationException: Attempt to insert object named "MoreLibraries" into container named ".library", which already contains an object with that name.
    [junit] Exported /home/travis/build/icyphy/ptII/ptolemy/actor/ptalon/gt/demo/Adder/Adder/index.html
    [junit] 3875 ms. Memory: 1836032K Free: 1262523K (69%)
    [junit] ####### 7 Mon May 14 01:36:30 UTC 2018 $PTII/bin/ptinvoke ptolemy.vergil.basic.export.ExportModel -force htm -run -openComposites -timeOut 30000 -whiteBackground ptolemy/backtrack/demo/PrimeTest/PrimeTest.xml $PTII/ptolemy/backtrack/demo/PrimeTest/PrimeTest
    [junit] Running .PrimeTest
    [junit] 2428 ms. Memory: 1836032K Free: 878254K (48%)
    [junit] Exported /home/travis/build/icyphy/ptII/ptolemy/backtrack/demo/PrimeTest/PrimeTest/index.html
    [junit] 6866 ms. Memory: 1836032K Free: 823165K (45%)
    [junit] ####### 8 Mon May 14 01:36:37 UTC 2018 $PTII/bin/ptinvoke ptolemy.vergil.basic.export.ExportModel -force htm -run -openComposites -timeOut 30000 -whiteBackground ptolemy/backtrack/demo/RampRollback/RampRollback.xml $PTII/ptolemy/backtrack/demo/RampRollback/RampRollback
    [junit] Running .RampRollback
    [junit] 275 ms. Memory: 1836032K Free: 679017K (37%)
    [junit] Exported /home/travis/build/icyphy/ptII/ptolemy/backtrack/demo/RampRollback/RampRollback/index.html
    [junit] 4582 ms. Memory: 1836032K Free: 638825K (35%)
    [junit] ####### 9 Mon May 14 01:36:41 UTC 2018 $PTII/bin/ptinvoke ptolemy.vergil.basic.export.ExportModel -force htm -run -openComposites -timeOut 30000 -whiteBackground ptolemy/backtrack/demo/TrialModule/TrialModule.xml $PTII/ptolemy/backtrack/demo/TrialModule/TrialModule
    [junit] Running .TrialModule
    [junit] 25921 ms. Memory: 1844736K Free: 995067K (54%)
    [junit] Model ended with a deadlock (this may be normal for this model).
    [junit] A parameter with name SuppressDeadlockReporting and value true will suppress this message.
    [junit] Exported /home/travis/build/icyphy/ptII/ptolemy/backtrack/demo/TrialModule/TrialModule/index.html
    [junit] 30467 ms. Memory: 1844736K Free: 839810K (46%)
    [junit] ####### 10 Mon May 14 01:37:12 UTC 2018 $PTII/bin/ptinvoke ptolemy.vergil.basic.export.ExportModel -force htm -run -openComposites -timeOut 30000 -whiteBackground ptolemy/caltrop/demo/FunctionClosures/FunctionClosures.xml $PTII/ptolemy/caltrop/demo/FunctionClosures/FunctionClosures
    [junit] Running .FunctionClosures
    [junit] 35 ms. Memory: 1844736K Free: 698996K (38%)
    [junit] Exported /home/travis/build/icyphy/ptII/ptolemy/caltrop/demo/FunctionClosures/FunctionClosures/index.html
    [junit] 5219 ms. Memory: 1844736K Free: 661581K (36%)
    [junit] ####### 11 Mon May 14 01:37:17 UTC 2018 $PTII/bin/ptinvoke ptolemy.vergil.basic.export.ExportModel -force htm -run -openComposites -timeOut 30000 -whiteBackground ptolemy/caltrop/demo/FunctionDefinition/FunctionDefinition.xml $PTII/ptolemy/caltrop/demo/FunctionDefinition/FunctionDefinition
    [junit] Running .FunctionDefinition
    [junit] 28 ms. Memory: 1844736K Free: 530956K (29%)
    [junit] Exported /home/travis/build/icyphy/ptII/ptolemy/caltrop/demo/FunctionDefinition/FunctionDefinition/index.html
    [junit] 4728 ms. Memory: 1844736K Free: 492340K (27%)
    [junit] ####### 12 Mon May 14 01:37:22 UTC 2018 $PTII/bin/ptinvoke ptolemy.vergil.basic.export.ExportModel -force htm -run -openComposites -timeOut 30000 -whiteBackground ptolemy/caltrop/demo/Primes/Primes.xml $PTII/ptolemy/caltrop/demo/Primes/Primes
    [junit] Running .Primes
    [junit] 24 ms. Memory: 1844736K Free: 372384K (20%)
    [junit] Exported /home/travis/build/icyphy/ptII/ptolemy/caltrop/demo/Primes/Primes/index.html
    [junit] 4411 ms. Memory: 1844736K Free: 324481K (18%)
    [junit] ####### 13 Mon May 14 01:37:26 UTC 2018 $PTII/bin/ptinvoke ptolemy.vergil.basic.export.ExportModel -force htm -run -openComposites -timeOut 30000 -whiteBackground ptolemy/caltrop/demo/SDFDDI/SDFDDI.xml $PTII/ptolemy/caltrop/demo/SDFDDI/SDFDDI
    [junit] Running .SDFDDI
    [junit] 101 ms. Memory: 1842176K Free: 1641130K (89%)
    [junit] Exported /home/travis/build/icyphy/ptII/ptolemy/caltrop/demo/SDFDDI/SDFDDI/index.html
    [junit] 4489 ms. Memory: 1842176K Free: 1610372K (87%)
    [junit] ####### 14 Mon May 14 01:37:31 UTC 2018 $PTII/bin/ptinvoke ptolemy.vergil.basic.export.ExportModel -force htm -run -openComposites -timeOut 30000 -whiteBackground ptolemy/cg/adapter/generic/html/demo/HierarchicalModel/HierarchicalModel.xml $PTII/ptolemy/cg/adapter/generic/html/demo/HierarchicalModel/HierarchicalModel
    [junit] Running .HierarchicalModel
    [junit] ExportHTMLTimer went off after 30000 ms., calling getDirector().finish and getDirector().stopFire()
    [junit] 30001 ms. Memory: 1874432K Free: 477709K (25%)
    [junit] Exported /home/travis/build/icyphy/ptII/ptolemy/cg/adapter/generic/html/demo/HierarchicalModel/HierarchicalModel/index.html
    [junit] 34425 ms. Memory: 1874432K Free: 281505K (15%)
    [junit] ####### 15 Mon May 14 01:38:05 UTC 2018 $PTII/bin/ptinvoke ptolemy.vergil.basic.export.ExportModel -force htm -run -openComposites -timeOut 30000 -whiteBackground ptolemy/cg/adapter/generic/program/procedural/c/arduino/adapters/ptolemy/vergil/actor/lib/demo/Blink/Blink.xml $PTII/ptolemy/cg/adapter/generic/program/procedural/c/arduino/adapters/ptolemy/vergil/actor/lib/demo/Blink/Blink
    [junit] Running .Blink
    [junit] CompiledCompositeActor: Building shared object: The effigy ptolemy.actor.gui.PtolemyEffigy {.configuration.directory.effigy}(model : ptolemy.actor.TypedCompositeActor {.Blink}) says the model was modified and thus it does not matter if the shared object file is newer than the model file because the model file is out of date.
    [junit] CompiledCompositeActor wrote file:/home/travis/cg/ Blink_EmbeddedCodeActor.java
    [junit] In "/home/travis/cg", about to execute:
    [junit]     javac -classpath . Blink_EmbeddedCodeActor.java
    [junit] In "/home/travis/cg", about to execute:
    [junit]     rm -f Blink_EmbeddedCodeActor.h
    [junit] All Done
    [junit] Not deleting /home/travis/cg/, there might be .class files that we just generated.
    [junit] CCodeGenerator set the container? : actor.getContainer(): ptolemy.actor.TypedCompositeActor {.Blink} _isTopLevel: false generateEmbeddedCode: true
    [junit] CCodeGenerator include the container .h? : container.getContainer(): ptolemy.actor.TypedCompositeActor {.Blink} _isTopLevel: false generateEmbeddedCode: true
    [junit] 
    [junit] 
    [junit] CCodeGeneratorAdapter: appended to path /usr/lib/jvm/java-8-oracle/jre/bin/client
    [junit] Reading "ptolemy/cg/kernel/generic/program/procedural/c/jnimakefile.in",
    [junit]     writing "/home/travis/cg/Blink_EmbeddedCodeActor.mk"
    [junit] Using ptolemy/cg/kernel/generic/program/procedural/c/jnimakefile.in
    [junit] In "/home/travis/cg", about to execute:
    [junit]     make -f Blink_EmbeddedCodeActor.mk
    [junit] gcc -DPTJNI -D__int64="long long" -Wall  -std=c99 -ggdb  -I /home/travis/cg//_EmbeddedCodeActor -I"/usr/lib/jvm/java-8-oracle/include/linux" -I"/usr/lib/jvm/java-8-oracle/include" -I /home/travis/cg/commons/ -fPIC -shared -o libBlink_EmbeddedCodeActor.so ./_EmbeddedCodeActor/Blink_EmbeddedCodeActor.c ./_EmbeddedCodeActor/Blink_EmbeddedCodeActor_EmbeddedActor.c ./_EmbeddedCodeActor/Blink_EmbeddedCodeActor_SDFSchedule.c ./commons/_SDFReceiver.c ./commons/_CompositeActor.c ./commons/_AtomicActor.c ./commons/_Director.c ./commons/pblSet.c ./commons/pblHeap.c ./commons/_LocalClock.c ./commons/_SDFDirector.c ./commons/pblIterator.c ./commons/_Receiver.c ./commons/_IOPort.c ./commons/pblMap.c ./commons/_Actor.c ./commons/pblList.c ./commons/_ptTypes.c ./commons/pblCollection.c ./commons/pblPriorityQueue.c ./commons/pblhash.c ./commons/_TypedIOPort.c ./commons/pbl.c ./Blink_EmbeddedCodeActor_Main.c -lm -L"" -ljvm
    [junit] In file included from ./Blink_EmbeddedCodeActor_Main.c:21:0:
    [junit] ./Blink_EmbeddedCodeActor_Main.h:24:21: warning: ‘input’ defined but not used [-Wunused-variable]
    [junit]  static jobjectArray input;
    [junit]                      ^
    [junit] All Done
    [junit] 2775 ms. Memory: 1875456K Free: 1417327K (76%)
    [junit] Exported /home/travis/build/icyphy/ptII/ptolemy/cg/adapter/generic/program/procedural/c/arduino/adapters/ptolemy/vergil/actor/lib/demo/Blink/Blink/index.html
    [junit] 7120 ms. Memory: 1875456K Free: 1357362K (72%)
    [junit] ####### 16 Mon May 14 01:38:12 UTC 2018 $PTII/bin/ptinvoke ptolemy.vergil.basic.export.ExportModel -force htm -run -openComposites -timeOut 30000 -whiteBackground ptolemy/cg/adapter/generic/program/procedural/c/arduino/adapters/ptolemy/vergil/actor/lib/demo/Life/Life.xml $PTII/ptolemy/cg/adapter/generic/program/procedural/c/arduino/adapters/ptolemy/vergil/actor/lib/demo/Life/Life
    [junit] Running .Life
    [junit] 4069 ms. Memory: 1875456K Free: 1104280K (59%)
    [junit] Exported /home/travis/build/icyphy/ptII/ptolemy/cg/adapter/generic/program/procedural/c/arduino/adapters/ptolemy/vergil/actor/lib/demo/Life/Life/index.html
    [junit] 9903 ms. Memory: 1875456K Free: 646128K (34%)
    [junit] ####### 17 Mon May 14 01:38:22 UTC 2018 $PTII/bin/ptinvoke ptolemy.vergil.basic.export.ExportModel -force htm  -openComposites -timeOut 30000 -whiteBackground ptolemy/cg/adapter/generic/program/procedural/c/arduino/adapters/ptolemy/vergil/actor/lib/demo/Ultrasonic/Ultrasonic.xml $PTII/ptolemy/cg/adapter/generic/program/procedural/c/arduino/adapters/ptolemy/vergil/actor/lib/demo/Ultrasonic/Ultrasonic
    [junit] Warning: not running ptolemy/cg/adapter/generic/program/procedural/c/arduino/adapters/ptolemy/vergil/actor/lib/demo/Ultrasonic/Ultrasonic.xml. See ptolemy/vergil/basic/export/test/junit/ExportModelJUnitTest.java
    [junit] Exported /home/travis/build/icyphy/ptII/ptolemy/cg/adapter/generic/program/procedural/c/arduino/adapters/ptolemy/vergil/actor/lib/demo/Ultrasonic/Ultrasonic/index.html
    [junit] 3297 ms. Memory: 1875456K Free: 404580K (22%)
    [junit] ####### 18 Mon May 14 01:38:26 UTC 2018 $PTII/bin/ptinvoke ptolemy.vergil.basic.export.ExportModel -force htm -run -openComposites -timeOut 30000 -whiteBackground ptolemy/cg/kernel/generic/accessor/demo/TestComposite/TestComposite.xml $PTII/ptolemy/cg/kernel/generic/accessor/demo/TestComposite/TestComposite
    [junit] JSAccessor: PT_NO_NET environment variable is set, so git pull and ptdoc are not being run.
    [junit] Running .TestComposite
    [junit] 3235 ms. Memory: 1867776K Free: 1346337K (72%)
    [junit] Exported /home/travis/build/icyphy/ptII/ptolemy/cg/kernel/generic/accessor/demo/TestComposite/TestComposite/index.html
    [junit] 12857 ms. Memory: 1867776K Free: 1311210K (70%)
    [junit] ####### 19 Mon May 14 01:38:38 UTC 2018 $PTII/bin/ptinvoke ptolemy.vergil.basic.export.ExportModel -force htm -run -openComposites -timeOut 30000 -whiteBackground ptolemy/cg/lib/demo/CompiledCompositeActor/CompiledCompositeActor.xml $PTII/ptolemy/cg/lib/demo/CompiledCompositeActor/CompiledCompositeActor
    [junit] Running .CompiledCompositeActor
    [junit] CompiledCompositeActor: Building shared object: The sharedObjectFile has a modification time that is earlier than the modelFile modification time.
    [junit] Writing CompiledCompositeActor_CompiledCompositeActor.java in file:/home/travis/cg/ (13466 characters)
    [junit] Reading "ptolemy/cg/kernel/generic/program/procedural/java/makefile.in",
    [junit]     writing "/home/travis/cg/CompiledCompositeActor_CompiledCompositeActor.mk"
    [junit] Using ptolemy/cg/kernel/generic/program/procedural/java/makefile.in
    [junit] In "/home/travis/cg", about to execute:
    [junit]     make -f CompiledCompositeActor_CompiledCompositeActor.mk
    [junit] javac -classpath ".:."    CompiledCompositeActor_CompiledCompositeActor.java
    [junit] All Done
    [junit] 924 ms. Memory: 1867776K Free: 1145974K (61%)
    [junit] Exported /home/travis/build/icyphy/ptII/ptolemy/cg/lib/demo/CompiledCompositeActor/CompiledCompositeActor/index.html
    [junit] 5201 ms. Memory: 1867776K Free: 1051680K (56%)
    [junit] ####### 20 Mon May 14 01:38:44 UTC 2018 $PTII/bin/ptinvoke ptolemy.vergil.basic.export.ExportModel -force htm  -openComposites -timeOut 30000 -whiteBackground ptolemy/cg/lib/demo/DECG/DECG.xml $PTII/ptolemy/cg/lib/demo/DECG/DECG
    [junit] Warning: not running ptolemy/cg/lib/demo/DECG/DECG.xml. See ptolemy/vergil/basic/export/test/junit/ExportModelJUnitTest.java
    [junit] Exported /home/travis/build/icyphy/ptII/ptolemy/cg/lib/demo/DECG/DECG/index.html
    [junit] 3218 ms. Memory: 1867776K Free: 902197K (48%)
    [junit] ####### 21 Mon May 14 01:38:47 UTC 2018 $PTII/bin/ptinvoke ptolemy.vergil.basic.export.ExportModel -force htm -run -openComposites -timeOut 30000 -whiteBackground ptolemy/cg/lib/demo/DECG/DECGClockRamp.xml $PTII/ptolemy/cg/lib/demo/DECG/DECGClockRamp
    [junit] Running .DECGClockRamp
    [junit] 24 ms. Memory: 1867776K Free: 746358K (40%)
    [junit] Exported /home/travis/build/icyphy/ptII/ptolemy/cg/lib/demo/DECG/DECGClockRamp/index.html
    [junit] 4209 ms. Memory: 1867776K Free: 715263K (38%)
    [junit] ####### 22 Mon May 14 01:38:51 UTC 2018 $PTII/bin/ptinvoke ptolemy.vergil.basic.export.ExportModel -force htm -run -openComposites -timeOut 30000 -whiteBackground ptolemy/cg/lib/demo/DECG/DECGDelay.xml $PTII/ptolemy/cg/lib/demo/DECG/DECGDelay
    [junit] Running .DECGDelay
    [junit] 21 ms. Memory: 1867776K Free: 574956K (31%)
    [junit] Exported /home/travis/build/icyphy/ptII/ptolemy/cg/lib/demo/DECG/DECGDelay/index.html
    [junit] 4216 ms. Memory: 1867776K Free: 543870K (29%)
    [junit] ####### 23 Mon May 14 01:38:55 UTC 2018 $PTII/bin/ptinvoke ptolemy.vergil.basic.export.ExportModel -force htm -run -openComposites -timeOut 30000 -whiteBackground ptolemy/cg/lib/demo/DECG/DECGHelloWorld.xml $PTII/ptolemy/cg/lib/demo/DECG/DECGHelloWorld
    [junit] Running .DECGHelloWorld
    [junit] 21 ms. Memory: 1867776K Free: 402895K (22%)
    [junit] Exported /home/travis/build/icyphy/ptII/ptolemy/cg/lib/demo/DECG/DECGHelloWorld/index.html
    [junit] 4199 ms. Memory: 1867776K Free: 371801K (20%)
    [junit] ####### 24 Mon May 14 01:38:59 UTC 2018 $PTII/bin/ptinvoke ptolemy.vergil.basic.export.ExportModel -force htm -run -openComposites -timeOut 30000 -whiteBackground ptolemy/cg/lib/demo/DECG/DECGHeterogeneous.xml $PTII/ptolemy/cg/lib/demo/DECG/DECGHeterogeneous
    [junit] Running .DECGHeterogeneous
    [junit] 67 ms. Memory: 1869824K Free: 1632924K (87%)
    [junit] Exported /home/travis/build/icyphy/ptII/ptolemy/cg/lib/demo/DECG/DECGHeterogeneous/index.html
    [junit] 4374 ms. Memory: 1869824K Free: 1554369K (83%)
    [junit] ####### 25 Mon May 14 01:39:04 UTC 2018 $PTII/bin/ptinvoke ptolemy.vergil.basic.export.ExportModel -force htm -run -openComposites -timeOut 30000 -whiteBackground ptolemy/cg/lib/demo/DECG/DECGHeterogeneousMk2.xml $PTII/ptolemy/cg/lib/demo/DECG/DECGHeterogeneousMk2
    [junit] Running .DECGHeterogeneousMk2
    [junit] 68 ms. Memory: 1869824K Free: 1358909K (73%)
    [junit] Exported /home/travis/build/icyphy/ptII/ptolemy/cg/lib/demo/DECG/DECGHeterogeneousMk2/index.html
    [junit] 4551 ms. Memory: 1869824K Free: 993514K (53%)
    [junit] ####### 26 Mon May 14 01:39:08 UTC 2018 $PTII/bin/ptinvoke ptolemy.vergil.basic.export.ExportModel -force htm -run -openComposites -timeOut 30000 -whiteBackground ptolemy/cg/lib/demo/DECG/DECGMath.xml $PTII/ptolemy/cg/lib/demo/DECG/DECGMath
    [junit] Running .DECGMath
    [junit] 15 ms. Memory: 1869824K Free: 836890K (45%)
    [junit] Exported /home/travis/build/icyphy/ptII/ptolemy/cg/lib/demo/DECG/DECGMath/index.html
    [junit] 4292 ms. Memory: 1869824K Free: 787980K (42%)
    [junit] ####### 27 Mon May 14 01:39:13 UTC 2018 $PTII/bin/ptinvoke ptolemy.vergil.basic.export.ExportModel -force htm -run -openComposites -timeOut 30000 -whiteBackground ptolemy/cg/lib/demo/DECG/DECGPi.xml $PTII/ptolemy/cg/lib/demo/DECG/DECGPi
    [junit] Running .DECGPi
    [junit] 47 ms. Memory: 1869824K Free: 568184K (30%)
    [junit] Exported /home/travis/build/icyphy/ptII/ptolemy/cg/lib/demo/DECG/DECGPi/index.html
    [junit] 4371 ms. Memory: 1869824K Free: 505082K (27%)
    [junit] ####### 28 Mon May 14 01:39:17 UTC 2018 $PTII/bin/ptinvoke ptolemy.vergil.basic.export.ExportModel -force htm -run -openComposites -timeOut 30000 -whiteBackground ptolemy/cg/lib/demo/DECG/DECGPiSquare.xml $PTII/ptolemy/cg/lib/demo/DECG/DECGPiSquare
    [junit] Running .DECGPiSquare
    [junit] 123 ms. Memory: 1869824K Free: 287196K (15%)
    [junit] Exported /home/travis/build/icyphy/ptII/ptolemy/cg/lib/demo/DECG/DECGPiSquare/index.html
    [junit] 4377 ms. Memory: 1867776K Free: 1774309K (95%)
    [junit] ####### 29 Mon May 14 01:39:21 UTC 2018 $PTII/bin/ptinvoke ptolemy.vergil.basic.export.ExportModel -force htm -run -openComposites -timeOut 30000 -whiteBackground ptolemy/cg/lib/demo/DECG/DECGPoisson.xml $PTII/ptolemy/cg/lib/demo/DECG/DECGPoisson
    [junit] Running .DECGPoisson
    [junit] 17 ms. Memory: 1867776K Free: 1632377K (87%)
    [junit] Exported /home/travis/build/icyphy/ptII/ptolemy/cg/lib/demo/DECG/DECGPoisson/index.html
    [junit] 4197 ms. Memory: 1867776K Free: 1596860K (85%)
    [junit] ####### 30 Mon May 14 01:39:26 UTC 2018 $PTII/bin/ptinvoke ptolemy.vergil.basic.export.ExportModel -force htm  -openComposites -timeOut 30000 -whiteBackground ptolemy/cg/lib/demo/ModularCG/ModularCG.xml $PTII/ptolemy/cg/lib/demo/ModularCG/ModularCG
    [junit] Warning: not running ptolemy/cg/lib/demo/ModularCG/ModularCG.xml. See ptolemy/vergil/basic/export/test/junit/ExportModelJUnitTest.java
    [junit] Exported /home/travis/build/icyphy/ptII/ptolemy/cg/lib/demo/ModularCG/ModularCG/index.html
    [junit] 5117 ms. Memory: 1869312K Free: 934356K (50%)
    [junit] ####### 31 Mon May 14 01:39:31 UTC 2018 $PTII/bin/ptinvoke ptolemy.vergil.basic.export.ExportModel -force htm -run -openComposites -timeOut 30000 -whiteBackground ptolemy/cg/lib/demo/ModularCGPubSub/ModularCGPubSub.xml $PTII/ptolemy/cg/lib/demo/ModularCGPubSub/ModularCGPubSub
    [junit] Running .ModularCGPubSub
    [junit] In "/home/travis/cg", about to execute:
    [junit]     pwd
    [junit] In "/home/travis/cg", about to execute:
    [junit]     ls -l
    [junit] /home/travis/cg
    [junit] In "/home/travis/cg", about to execute:
    [junit]     javac -classpath
    [junit] .:/home/travis/build/icyphy/ptII:/home/travis/build/icyphy/ptII/lib/bsh-2.0b4.j
    [junit] ar:/home/travis/build/icyphy/ptII/lib/ptCal.jar:/home/travis/build/icyphy/ptII/
    [junit] lib/java_cup.jar:/home/travis/build/icyphy/ptII/lib/saxon8.jar:/home/travis/bui
    [junit] ld/icyphy/ptII/lib/saxon8-dom.jar:/home/travis/build/icyphy/ptII/lib/chic.jar:/
    [junit] home/travis/build/icyphy/ptII/lib/ptcolt.jar:/usr/lib/jvm/java-8-oracle/lib/too
    [junit] ls.jar:/usr/lib/eclipse/plugins/org.eclipse.jdt.core_3.8.2.dist.jar:/usr/lib/ec
    [junit] lipse/plugins/org.eclipse.core.runtime_3.8.0.dist.jar:/usr/lib/eclipse/plugins/
    [junit] org.eclipse.osgi_3.8.1.dist.jar:/usr/lib/eclipse/plugins/org.eclipse.core.resou
    [junit] rces_3.8.1.dist.jar:/usr/lib/eclipse/plugins/org.eclipse.equinox.common_3.6.100
    [junit] .dist.jar:/usr/lib/eclipse/plugins/org.eclipse.core.jobs_3.5.200.dist.jar:/usr/
    [junit] lib/eclipse/plugins/org.eclipse.core.contenttype_3.4.200.dist.jar:/usr/lib/ecli
    [junit] pse/plugins/org.eclipse.equinox.preferences_3.5.0.dist.jar:/usr/lib/eclipse/plu
    [junit] gins/org.eclipse.text_3.5.200.dist.jar:/usr/lib/eclipse/plugins/org.eclipse.ui.
    [junit] workbench_3.8.1.dist.jar:/usr/lib/eclipse/plugins/org.eclipse.jface_3.8.0.dist.
    [junit] jar:/usr/lib/eclipse/plugins/org.eclipse.swt_3.8.2.jar:/usr/lib/eclipse/plugins
    [junit] /org.eclipse.jface.text_3.8.1.dist.jar:/usr/lib/eclipse/plugins/org.eclipse.ui.
    [junit] workbench.texteditor_3.8.0.dist.jar:/usr/lib/eclipse/plugins/org.eclipse.ui.edi
    [junit] tors_3.8.0.dist.jar:/usr/lib/eclipse/plugins/org.eclipse.core.commands_3.6.1.di
    [junit] st.jar:/usr/lib/eclipse/plugins/org.eclipse.equinox.registry_3.5.200.dist.jar:/
    [junit] usr/lib/eclipse/plugins/org.eclipse.ui.console_3.5.100.dist.jar:/usr/lib/eclips
    [junit] e/plugins/org.eclipse.ui.forms_3.5.200.dist.jar:/usr/lib/eclipse/plugins/org.ec
    [junit] lipse.ui.ide_3.8.1.dist.jar:/home/travis/build/icyphy/ptII/vendors/oracle/dbxml
    [junit] .jar:/home/travis/build/icyphy/ptII/vendors/oracle/db.jar:/home/travis/build/ic
    [junit] yphy/ptII/vendors/misc/itext/iText.jar:/home/travis/build/icyphy/ptII/lib/g4ltl
    [junit] .jar:/home/travis/build/icyphy/ptII/lib/StructuralCoder.jar:/home/travis/build/
    [junit] icyphy/ptII/lib/org-openide-util.jar:/home/travis/build/icyphy/ptII/lib/org-ope
    [junit] nide-util-lookup.jar:/home/travis/build/icyphy/ptII/lib/org-netbeans-api-visual
    [junit] .jar:/home/travis/build/icyphy/ptII/vendors/jai-1_1_2_01/lib/jai_core.jar:/home
    [junit] /travis/build/icyphy/ptII/vendors/jai-1_1_2_01/lib/jai_codec.jar:/home/travis/b
    [junit] uild/icyphy/ptII/lib/jcerti.jar:/home/travis/build/icyphy/ptII/lib/smack.jar:/h
    [junit] ome/travis/build/icyphy/ptII/lib/smackx.jar:/home/travis/build/icyphy/ptII/lib/
    [junit] jetty-all-8.1.5-v20120716.jar:/home/travis/build/icyphy/ptII/lib/javax.servlet-
    [junit] api-3.0.1.jar:/home/travis/build/icyphy/ptII/lib/javax.mail.jar:/home/travis/bu
    [junit] ild/icyphy/ptII/vendors/JMF-2.1.1e/lib/jmf.jar:/home/travis/build/icyphy/ptII/l
    [junit] ib/jna-4.0.0-variadic.jar:/home/travis/build/icyphy/ptII/vendors/misc/joystick/
    [junit] Joystick.jar:/home/travis/build/icyphy/ptII/lib/ptjacl.jar:/home/travis/build/i
    [junit] cyphy/ptII/lib/jsoup-1.8.2.jar:/home/travis/build/icyphy/ptII/lib/junit-4.8.2.j
    [junit] ar:/home/travis/build/icyphy/ptII/lib/JUnitParams-0.4.0.jar:/home/travis/build/
    [junit] icyphy/ptII/ptolemy/actor/lib/excel/jxl.jar:/home/travis/build/icyphy/ptII/lib/
    [junit] jython.jar:/home/travis/build/icyphy/ptII/lib/kieler.jar:/home/travis/build/icy
    [junit] phy/ptII/vendors/opencv/share/OpenCV/java/opencv-341.jar:/home/travis/build/icy
    [junit] phy/ptII/lib/oscP5.jar:/home/travis/build/icyphy/ptII/lib/nrjavaserial-3.11.0.d
    [junit] evel.jar:/usr/share/java/j3dcore.jar:/usr/share/java/j3dutils.jar:/usr/share/ja
    [junit] va/vecmath.jar:/home/travis/build/icyphy/ptII/ptolemy/distributed/jini/jar/jini
    [junit] -core.jar:/home/travis/build/icyphy/ptII/ptolemy/distributed/jini/jar/jini-ext.
    [junit] jar:/home/travis/build/icyphy/ptII/ptolemy/distributed/jini/jar/sun-util.jar:/h
    [junit] ome/travis/build/icyphy/ptII/lib/protobuf-java-2.4.1.jar:/home/travis/build/icy
    [junit] phy/ptII/lib/org.eclipse.paho.client.mqttv3.jar:/home/travis/build/icyphy/ptII/
    [junit] ptserver/lib/hessian-4.0.7.jar:/home/travis/build/icyphy/ptII/ptserver/lib/wmqt
    [junit] t.jar:/home/travis/build/icyphy/ptII/lib/mapss.jar:/home/travis/build/icyphy/pt
    [junit] II/ptolemy/actor/ptalon/antlr/antlr.jar:/home/travis/build/icyphy/ptII/lib/JRI.
    [junit] jar:/home/travis/build/icyphy/ptII/lib/commons-lang-2.6.jar:/home/travis/build/
    [junit] icyphy/ptII/lib/commons-logging-1.1.1.jar:/home/travis/build/icyphy/ptII/lib/so
    [junit] otclasses.jar:/home/travis/build/icyphy/ptII/ptolemy/actor/lib/database/mysql-c
    [junit] onnector-java-5.1.6-bin.jar:/home/travis/build/icyphy/ptII/vendors/misc/sphinx4
    [junit] /sphinx4-data-5prealpha.jar:/home/travis/build/icyphy/ptII/vendors/misc/sphinx4
    [junit] /sphinx4-core-5prealpha.jar:/home/travis/build/icyphy/ptII/lib/PDFRenderer.jar:
    [junit] /home/travis/build/icyphy/ptII/lib/svgSalamander.jar:/home/travis/build/icyphy/
    [junit] ptII/lib/rsyntaxtextarea-2.6.0-SNAPSHOT.jar:/home/travis/build/icyphy/ptII/lib/
    [junit] hazelcast-3.8.2.jar:/home/travis/build/icyphy/ptII/lib/jackson-annotations-2.9.
    [junit] 0.jar:/home/travis/build/icyphy/ptII/lib/jackson-core-2.9.3.jar:/home/travis/bu
    [junit] ild/icyphy/ptII/lib/jackson-databind-2.9.3.jar:/home/travis/build/icyphy/ptII/l
    [junit] ib/netty-buffer-4.1.19.Final.jar:/home/travis/build/icyphy/ptII/lib/netty-codec
    [junit] -4.1.19.Final.jar:/home/travis/build/icyphy/ptII/lib/netty-codec-dns-4.1.19.Fin
    [junit] al.jar:/home/travis/build/icyphy/ptII/lib/netty-codec-http-4.1.19.Final.jar:/ho
    [junit] me/travis/build/icyphy/ptII/lib/netty-codec-http2-4.1.19.Final.jar:/home/travis
    [junit] /build/icyphy/ptII/lib/netty-common-4.1.19.Final.jar:/home/travis/build/icyphy/
    [junit] ptII/lib/netty-handler-4.1.19.Final.jar:/home/travis/build/icyphy/ptII/lib/nett
    [junit] y-resolver-4.1.19.Final.jar:/home/travis/build/icyphy/ptII/lib/netty-resolver-d
    [junit] ns-4.1.19.Final.jar:/home/travis/build/icyphy/ptII/lib/netty-transport-4.1.19.F
    [junit] inal.jar:/home/travis/build/icyphy/ptII/lib/vertx-codegen-3.5.1.jar:/home/travi
    [junit] s/build/icyphy/ptII/lib/vertx-core-3.5.2-SNAPSHOT.jar:/home/travis/build/icyphy
    [junit] /ptII/lib/vertx-hazelcast-3.5.1.jar:/home/travis/build/icyphy/ptII/lib/vertx-la
    [junit] ng-js-3.5.1.jar:/home/travis/build/icyphy/ptII/lib/vertx-service-proxy-3.5.1.ja
    [junit] r:/home/travis/build/icyphy/ptII/lib/vertx-web-3.5.1.jar:/home/travis/build/icy
    [junit] phy/ptII/lib/slf4j-api-1.7.13.jar:/home/travis/build/icyphy/ptII/lib/slf4j-simp
    [junit] le-1.7.13.jar:/home/travis/build/icyphy/ptII/lib/webcam-capture-0.3.12.jar:/hom
    [junit] e/travis/build/icyphy/ptII/lib/bridj-0.7.0.jar:/home/travis/build/icyphy/ptII/l
    [junit] ib/xbjlib-1.1.0.nrjavaserial.jar:/home/travis/build/icyphy/ptII/ptolemy/moml/te
    [junit] st:/home/travis/build/icyphy/ptII/ant/lib/ant-launcher.jar:/home/travis/build/i
    [junit] cyphy/ptII/ant/lib/ant.jar:/home/travis/build/icyphy/ptII/ant/lib/ant-junit.jar
    [junit] :/home/travis/build/icyphy/ptII/ant/lib/ant-junit4.jar:/home/travis/build/icyph
    [junit] y/ptII ModularCGPubSub_A1_A2_profile.java
    [junit] total 396
    [junit] -rw-rw-r-- 1 travis travis    476 May 14 01:38 Blink_EmbeddedCodeActor.class
    [junit] -rw-rw-r-- 1 travis travis    270 May 14 01:38 Blink_EmbeddedCodeActor.java
    [junit] -rw-rw-r-- 1 travis travis   2870 May 14 01:38 Blink_EmbeddedCodeActor_Main.c
    [junit] -rw-rw-r-- 1 travis travis   1596 May 14 01:38 Blink_EmbeddedCodeActor_Main.h
    [junit] -rw-rw-r-- 1 travis travis   1793 May 14 01:38 Blink_EmbeddedCodeActor.mk
    [junit] drwxrwxr-x 2 travis travis   4096 May 14 01:38 commons
    [junit] -rw-rw-r-- 1 travis travis   4895 May 14 01:38 CompiledCompositeActor_CompiledCompositeActor.class
    [junit] -rw-rw-r-- 1 travis travis   1592 May 14 01:38 CompiledCompositeActor_CompiledCompositeActor$_CompiledCompositeActor_CompiledCompositeActor.class
    [junit] -rw-rw-r-- 1 travis travis  13466 May 14 01:38 CompiledCompositeActor_CompiledCompositeActor.java
    [junit] -rw-rw-r-- 1 travis travis   1593 May 14 01:38 CompiledCompositeActor_CompiledCompositeActor.mk
    [junit] drwxrwxr-x 2 travis travis   4096 May 14 01:38 _EmbeddedCodeActor
    [junit] -rwxrwxr-x 1 travis travis 328528 May 14 01:38 libBlink_EmbeddedCodeActor.so
    [junit] -rw-rw-r-- 1 travis travis   1222 May 14 01:39 ModularCGPubSub_A1_A2_profile.java
    [junit] -rw-rw-r-- 1 travis travis    432 May 14 01:38 Token.class
    [junit] -rw-rw-r-- 1 travis travis    251 May 14 01:38 Token.java
    [junit] warning: Supported source version 'RELEASE_6' from annotation processor 'org.netbeans.modules.openide.util.NbBundleProcessor' less than -source '1.8'
    [junit] warning: Supported source version 'RELEASE_6' from annotation processor 'org.netbeans.modules.openide.util.URLStreamHandlerRegistrationProcessor' less than -source '1.8'
    [junit] warning: Supported source version 'RELEASE_6' from annotation processor 'org.netbeans.modules.openide.util.ServiceProviderProcessor' less than -source '1.8'
    [junit] 3 warnings
    [junit] All Done
    [junit] Writing ModularCGPubSub_A1_A2.java in file:/home/travis/cg/ (9076 characters)
    [junit] Reading "ptolemy/cg/kernel/generic/program/procedural/java/modular/makefile.in",
    [junit]     writing "/home/travis/cg/ModularCGPubSub_A1_A2.mk"
    [junit] Using ptolemy/cg/kernel/generic/program/procedural/java/modular/makefile.in
    [junit] In "/home/travis/cg", about to execute:
    [junit]     make -f ModularCGPubSub_A1_A2.mk
    [junit] javac -classpath ".:.."    ModularCGPubSub_A1_A2.java
    [junit] All Done
    [junit] In "/home/travis/cg", about to execute:
    [junit]     pwd
    [junit] In "/home/travis/cg", about to execute:
    [junit]     ls -l
    [junit] /home/travis/cg
    [junit] total 424
    [junit] -rw-rw-r-- 1 travis travis    476 May 14 01:38 Blink_EmbeddedCodeActor.class
    [junit] -rw-rw-r-- 1 travis travis    270 May 14 01:38 Blink_EmbeddedCodeActor.java
    [junit] -rw-rw-r-- 1 travis travis   2870 May 14 01:38 Blink_EmbeddedCodeActor_Main.c
    [junit] -rw-rw-r-- 1 travis travis   1596 May 14 01:38 Blink_EmbeddedCodeActor_Main.h
    [junit] -rw-rw-r-- 1 travis travis   1793 May 14 01:38 Blink_EmbeddedCodeActor.mk
    [junit] drwxrwxr-x 2 travis travis   4096 May 14 01:38 commons
    [junit] -rw-rw-r-- 1 travis travis   4895 May 14 01:38 CompiledCompositeActor_CompiledCompositeActor.class
    [junit] -rw-rw-r-- 1 travis travis   1592 May 14 01:38 CompiledCompositeActor_CompiledCompositeActor$_CompiledCompositeActor_CompiledCompositeActor.class
    [junit] -rw-rw-r-- 1 travis travis  13466 May 14 01:38 CompiledCompositeActor_CompiledCompositeActor.java
    [junit] -rw-rw-r-- 1 travis travis   1593 May 14 01:38 CompiledCompositeActor_CompiledCompositeActor.mk
    [junit] drwxrwxr-x 2 travis travis   4096 May 14 01:38 _EmbeddedCodeActor
    [junit] -rwxrwxr-x 1 travis travis 328528 May 14 01:38 libBlink_EmbeddedCodeActor.so
    [junit] -rw-rw-r-- 1 travis travis   3473 May 14 01:39 ModularCGPubSub_A1_A2.class
    [junit] -rw-rw-r-- 1 travis travis   9076 May 14 01:39 ModularCGPubSub_A1_A2.java
    [junit] -rw-rw-r-- 1 travis travis    880 May 14 01:39 ModularCGPubSub_A1_A2.mk
    [junit] -rw-rw-r-- 1 travis travis   1300 May 14 01:39 ModularCGPubSub_A1_A2_profile.class
    [junit] -rw-rw-r-- 1 travis travis   1222 May 14 01:39 ModularCGPubSub_A1_A2_profile.java
    [junit] -rw-rw-r-- 1 travis travis   1388 May 14 01:39 ModularCGPubSub_A1_profile.java
    [junit] In "/home/travis/cg", about to execute:
    [junit]     javac -classpath
    [junit] .:/home/travis/build/icyphy/ptII:/home/travis/build/icyphy/ptII/lib/bsh-2.0b4.j
    [junit] ar:/home/travis/build/icyphy/ptII/lib/ptCal.jar:/home/travis/build/icyphy/ptII/
    [junit] lib/java_cup.jar:/home/travis/build/icyphy/ptII/lib/saxon8.jar:/home/travis/bui
    [junit] ld/icyphy/ptII/lib/saxon8-dom.jar:/home/travis/build/icyphy/ptII/lib/chic.jar:/
    [junit] home/travis/build/icyphy/ptII/lib/ptcolt.jar:/usr/lib/jvm/java-8-oracle/lib/too
    [junit] ls.jar:/usr/lib/eclipse/plugins/org.eclipse.jdt.core_3.8.2.dist.jar:/usr/lib/ec
    [junit] lipse/plugins/org.eclipse.core.runtime_3.8.0.dist.jar:/usr/lib/eclipse/plugins/
    [junit] org.eclipse.osgi_3.8.1.dist.jar:/usr/lib/eclipse/plugins/org.eclipse.core.resou
    [junit] rces_3.8.1.dist.jar:/usr/lib/eclipse/plugins/org.eclipse.equinox.common_3.6.100
    [junit] .dist.jar:/usr/lib/eclipse/plugins/org.eclipse.core.jobs_3.5.200.dist.jar:/usr/
    [junit] lib/eclipse/plugins/org.eclipse.core.contenttype_3.4.200.dist.jar:/usr/lib/ecli
    [junit] pse/plugins/org.eclipse.equinox.preferences_3.5.0.dist.jar:/usr/lib/eclipse/plu
    [junit] gins/org.eclipse.text_3.5.200.dist.jar:/usr/lib/eclipse/plugins/org.eclipse.ui.
    [junit] workbench_3.8.1.dist.jar:/usr/lib/eclipse/plugins/org.eclipse.jface_3.8.0.dist.
    [junit] jar:/usr/lib/eclipse/plugins/org.eclipse.swt_3.8.2.jar:/usr/lib/eclipse/plugins
    [junit] /org.eclipse.jface.text_3.8.1.dist.jar:/usr/lib/eclipse/plugins/org.eclipse.ui.
    [junit] workbench.texteditor_3.8.0.dist.jar:/usr/lib/eclipse/plugins/org.eclipse.ui.edi
    [junit] tors_3.8.0.dist.jar:/usr/lib/eclipse/plugins/org.eclipse.core.commands_3.6.1.di
    [junit] st.jar:/usr/lib/eclipse/plugins/org.eclipse.equinox.registry_3.5.200.dist.jar:/
    [junit] usr/lib/eclipse/plugins/org.eclipse.ui.console_3.5.100.dist.jar:/usr/lib/eclips
    [junit] e/plugins/org.eclipse.ui.forms_3.5.200.dist.jar:/usr/lib/eclipse/plugins/org.ec
    [junit] lipse.ui.ide_3.8.1.dist.jar:/home/travis/build/icyphy/ptII/vendors/oracle/dbxml
    [junit] .jar:/home/travis/build/icyphy/ptII/vendors/oracle/db.jar:/home/travis/build/ic
    [junit] yphy/ptII/vendors/misc/itext/iText.jar:/home/travis/build/icyphy/ptII/lib/g4ltl
    [junit] .jar:/home/travis/build/icyphy/ptII/lib/StructuralCoder.jar:/home/travis/build/
    [junit] icyphy/ptII/lib/org-openide-util.jar:/home/travis/build/icyphy/ptII/lib/org-ope
    [junit] nide-util-lookup.jar:/home/travis/build/icyphy/ptII/lib/org-netbeans-api-visual
    [junit] .jar:/home/travis/build/icyphy/ptII/vendors/jai-1_1_2_01/lib/jai_core.jar:/home
    [junit] /travis/build/icyphy/ptII/vendors/jai-1_1_2_01/lib/jai_codec.jar:/home/travis/b
    [junit] uild/icyphy/ptII/lib/jcerti.jar:/home/travis/build/icyphy/ptII/lib/smack.jar:/h
    [junit] ome/travis/build/icyphy/ptII/lib/smackx.jar:/home/travis/build/icyphy/ptII/lib/
    [junit] jetty-all-8.1.5-v20120716.jar:/home/travis/build/icyphy/ptII/lib/javax.servlet-
    [junit] api-3.0.1.jar:/home/travis/build/icyphy/ptII/lib/javax.mail.jar:/home/travis/bu
    [junit] ild/icyphy/ptII/vendors/JMF-2.1.1e/lib/jmf.jar:/home/travis/build/icyphy/ptII/l
    [junit] ib/jna-4.0.0-variadic.jar:/home/travis/build/icyphy/ptII/vendors/misc/joystick/
    [junit] Joystick.jar:/home/travis/build/icyphy/ptII/lib/ptjacl.jar:/home/travis/build/i
    [junit] cyphy/ptII/lib/jsoup-1.8.2.jar:/home/travis/build/icyphy/ptII/lib/junit-4.8.2.j
    [junit] ar:/home/travis/build/icyphy/ptII/lib/JUnitParams-0.4.0.jar:/home/travis/build/
    [junit] icyphy/ptII/ptolemy/actor/lib/excel/jxl.jar:/home/travis/build/icyphy/ptII/lib/
    [junit] jython.jar:/home/travis/build/icyphy/ptII/lib/kieler.jar:/home/travis/build/icy
    [junit] phy/ptII/vendors/opencv/share/OpenCV/java/opencv-341.jar:/home/travis/build/icy
    [junit] phy/ptII/lib/oscP5.jar:/home/travis/build/icyphy/ptII/lib/nrjavaserial-3.11.0.d
    [junit] evel.jar:/usr/share/java/j3dcore.jar:/usr/share/java/j3dutils.jar:/usr/share/ja
    [junit] va/vecmath.jar:/home/travis/build/icyphy/ptII/ptolemy/distributed/jini/jar/jini
    [junit] -core.jar:/home/travis/build/icyphy/ptII/ptolemy/distributed/jini/jar/jini-ext.
    [junit] jar:/home/travis/build/icyphy/ptII/ptolemy/distributed/jini/jar/sun-util.jar:/h
    [junit] ome/travis/build/icyphy/ptII/lib/protobuf-java-2.4.1.jar:/home/travis/build/icy
    [junit] phy/ptII/lib/org.eclipse.paho.client.mqttv3.jar:/home/travis/build/icyphy/ptII/
    [junit] ptserver/lib/hessian-4.0.7.jar:/home/travis/build/icyphy/ptII/ptserver/lib/wmqt
    [junit] t.jar:/home/travis/build/icyphy/ptII/lib/mapss.jar:/home/travis/build/icyphy/pt
    [junit] II/ptolemy/actor/ptalon/antlr/antlr.jar:/home/travis/build/icyphy/ptII/lib/JRI.
    [junit] jar:/home/travis/build/icyphy/ptII/lib/commons-lang-2.6.jar:/home/travis/build/
    [junit] icyphy/ptII/lib/commons-logging-1.1.1.jar:/home/travis/build/icyphy/ptII/lib/so
    [junit] otclasses.jar:/home/travis/build/icyphy/ptII/ptolemy/actor/lib/database/mysql-c
    [junit] onnector-java-5.1.6-bin.jar:/home/travis/build/icyphy/ptII/vendors/misc/sphinx4
    [junit] /sphinx4-data-5prealpha.jar:/home/travis/build/icyphy/ptII/vendors/misc/sphinx4
    [junit] /sphinx4-core-5prealpha.jar:/home/travis/build/icyphy/ptII/lib/PDFRenderer.jar:
    [junit] /home/travis/build/icyphy/ptII/lib/svgSalamander.jar:/home/travis/build/icyphy/
    [junit] ptII/lib/rsyntaxtextarea-2.6.0-SNAPSHOT.jar:/home/travis/build/icyphy/ptII/lib/
    [junit] hazelcast-3.8.2.jar:/home/travis/build/icyphy/ptII/lib/jackson-annotations-2.9.
    [junit] 0.jar:/home/travis/build/icyphy/ptII/lib/jackson-core-2.9.3.jar:/home/travis/bu
    [junit] ild/icyphy/ptII/lib/jackson-databind-2.9.3.jar:/home/travis/build/icyphy/ptII/l
    [junit] ib/netty-buffer-4.1.19.Final.jar:/home/travis/build/icyphy/ptII/lib/netty-codec
    [junit] -4.1.19.Final.jar:/home/travis/build/icyphy/ptII/lib/netty-codec-dns-4.1.19.Fin
    [junit] al.jar:/home/travis/build/icyphy/ptII/lib/netty-codec-http-4.1.19.Final.jar:/ho
    [junit] me/travis/build/icyphy/ptII/lib/netty-codec-http2-4.1.19.Final.jar:/home/travis
    [junit] /build/icyphy/ptII/lib/netty-common-4.1.19.Final.jar:/home/travis/build/icyphy/
    [junit] ptII/lib/netty-handler-4.1.19.Final.jar:/home/travis/build/icyphy/ptII/lib/nett
    [junit] y-resolver-4.1.19.Final.jar:/home/travis/build/icyphy/ptII/lib/netty-resolver-d
    [junit] ns-4.1.19.Final.jar:/home/travis/build/icyphy/ptII/lib/netty-transport-4.1.19.F
    [junit] inal.jar:/home/travis/build/icyphy/ptII/lib/vertx-codegen-3.5.1.jar:/home/travi
    [junit] s/build/icyphy/ptII/lib/vertx-core-3.5.2-SNAPSHOT.jar:/home/travis/build/icyphy
    [junit] /ptII/lib/vertx-hazelcast-3.5.1.jar:/home/travis/build/icyphy/ptII/lib/vertx-la
    [junit] ng-js-3.5.1.jar:/home/travis/build/icyphy/ptII/lib/vertx-service-proxy-3.5.1.ja
    [junit] r:/home/travis/build/icyphy/ptII/lib/vertx-web-3.5.1.jar:/home/travis/build/icy
    [junit] phy/ptII/lib/slf4j-api-1.7.13.jar:/home/travis/build/icyphy/ptII/lib/slf4j-simp
    [junit] le-1.7.13.jar:/home/travis/build/icyphy/ptII/lib/webcam-capture-0.3.12.jar:/hom
    [junit] e/travis/build/icyphy/ptII/lib/bridj-0.7.0.jar:/home/travis/build/icyphy/ptII/l
    [junit] ib/xbjlib-1.1.0.nrjavaserial.jar:/home/travis/build/icyphy/ptII/ptolemy/moml/te
    [junit] st:/home/travis/build/icyphy/ptII/ant/lib/ant-launcher.jar:/home/travis/build/i
    [junit] cyphy/ptII/ant/lib/ant.jar:/home/travis/build/icyphy/ptII/ant/lib/ant-junit.jar
    [junit] :/home/travis/build/icyphy/ptII/ant/lib/ant-junit4.jar:/home/travis/build/icyph
    [junit] y/ptII ModularCGPubSub_A1_profile.java
    [junit] -rw-rw-r-- 1 travis travis    432 May 14 01:39 Token.class
    [junit] -rw-rw-r-- 1 travis travis    251 May 14 01:39 Token.java
    [junit] warning: Supported source version 'RELEASE_6' from annotation processor 'org.netbeans.modules.openide.util.NbBundleProcessor' less than -source '1.8'
    [junit] warning: Supported source version 'RELEASE_6' from annotation processor 'org.netbeans.modules.openide.util.URLStreamHandlerRegistrationProcessor' less than -source '1.8'
    [junit] warning: Supported source version 'RELEASE_6' from annotation processor 'org.netbeans.modules.openide.util.ServiceProviderProcessor' less than -source '1.8'
    [junit] 3 warnings
    [junit] All Done
    [junit] Writing ModularCGPubSub_A1.java in file:/home/travis/cg/ (9836 characters)
    [junit] Reading "ptolemy/cg/kernel/generic/program/procedural/java/modular/makefile.in",
    [junit]     writing "/home/travis/cg/ModularCGPubSub_A1.mk"
    [junit] Using ptolemy/cg/kernel/generic/program/procedural/java/modular/makefile.in
    [junit] In "/home/travis/cg", about to execute:
    [junit]     make -f ModularCGPubSub_A1.mk
    [junit] javac -classpath ".:.."    ModularCGPubSub_A1.java
    [junit] All Done
    [junit] 5400 ms. Memory: 1869312K Free: 1337451K (72%)
    [junit] Exported /home/travis/build/icyphy/ptII/ptolemy/cg/lib/demo/ModularCGPubSub/ModularCGPubSub/index.html
    [junit] 11982 ms. Memory: 1869312K Free: 428786K (23%)
    [junit] ####### 32 Mon May 14 01:39:43 UTC 2018 $PTII/bin/ptinvoke ptolemy.vergil.basic.export.ExportModel -force htm  -openComposites -timeOut 30000 -whiteBackground ptolemy/cg/lib/demo/Scale/Scale.xml $PTII/ptolemy/cg/lib/demo/Scale/Scale
    [junit] Warning: not running ptolemy/cg/lib/demo/Scale/Scale.xml. See ptolemy/vergil/basic/export/test/junit/ExportModelJUnitTest.java
    [junit] Exported /home/travis/build/icyphy/ptII/ptolemy/cg/lib/demo/Scale/Scale/index.html
    [junit] 3197 ms. Memory: 1869312K Free: 294497K (16%)
    [junit] ####### 33 Mon May 14 01:39:46 UTC 2018 $PTII/bin/ptinvoke ptolemy.vergil.basic.export.ExportModel -force htm  -openComposites -timeOut 30000 -whiteBackground ptolemy/cg/lib/demo/Scale/ScaleC.xml $PTII/ptolemy/cg/lib/demo/Scale/ScaleC
    [junit] Warning: not running ptolemy/cg/lib/demo/Scale/ScaleC.xml. See ptolemy/vergil/basic/export/test/junit/ExportModelJUnitTest.java
    [junit] Exported /home/travis/build/icyphy/ptII/ptolemy/cg/lib/demo/Scale/ScaleC/index.html
    [junit] 3234 ms. Memory: 1867776K Free: 1705098K (91%)
    [junit] ####### 34 Mon May 14 01:39:49 UTC 2018 $PTII/bin/ptinvoke ptolemy.vergil.basic.export.ExportModel -force htm -run -openComposites -timeOut 30000 -whiteBackground ptolemy/cg/lib/demo/Scale/ScaleCFlat.xml $PTII/ptolemy/cg/lib/demo/Scale/ScaleCFlat
    [junit] Running .ScaleCFlat
    [junit] 59 ms. Memory: 1867776K Free: 1511733K (81%)
    [junit] Exported /home/travis/build/icyphy/ptII/ptolemy/cg/lib/demo/Scale/ScaleCFlat/index.html
    [junit] 4394 ms. Memory: 1867776K Free: 1480681K (79%)
    [junit] ####### 35 Mon May 14 01:39:54 UTC 2018 $PTII/bin/ptinvoke ptolemy.vergil.basic.export.ExportModel -force htm -run -openComposites -timeOut 30000 -whiteBackground ptolemy/cg/lib/demo/Scale/ScaleJava.xml $PTII/ptolemy/cg/lib/demo/Scale/ScaleJava
    [junit] Running .ScaleJava
    [junit] CompiledCompositeActor: Building shared object: The sharedObjectFile has a modification time that is earlier than the modelFile modification time.
    [junit] Writing ScaleJava_EmbeddedActor.java in file:/home/travis/cg/ (9330 characters)
    [junit] Reading "ptolemy/cg/kernel/generic/program/procedural/java/makefile.in",
    [junit]     writing "/home/travis/cg/ScaleJava_EmbeddedActor.mk"
    [junit] Using ptolemy/cg/kernel/generic/program/procedural/java/makefile.in
    [junit] In "/home/travis/cg", about to execute:
    [junit]     make -f ScaleJava_EmbeddedActor.mk
    [junit] javac -classpath ".:."    ScaleJava_EmbeddedActor.java
    [junit] All Done
    [junit] 814 ms. Memory: 1867776K Free: 1327837K (71%)
    [junit] Exported /home/travis/build/icyphy/ptII/ptolemy/cg/lib/demo/Scale/ScaleJava/index.html
    [junit] 4970 ms. Memory: 1867776K Free: 1296760K (69%)
    [junit] ####### 36 Mon May 14 01:39:59 UTC 2018 $PTII/bin/ptinvoke ptolemy.vergil.basic.export.ExportModel -force htm -run -openComposites -timeOut 30000 -whiteBackground ptolemy/configs/doc/ClassesIllustrated.xml $PTII/ptolemy/configs/doc/ClassesIllustrated
    [junit] Running .ClassesIllustrated
    [junit] 1 ms. Memory: 1867776K Free: 1127599K (60%)
    [junit] Exported /home/travis/build/icyphy/ptII/ptolemy/configs/doc/ClassesIllustrated/index.html
    [junit] 4398 ms. Memory: 1867776K Free: 935417K (50%)
    [junit] ####### 37 Mon May 14 01:40:03 UTC 2018 $PTII/bin/ptinvoke ptolemy.vergil.basic.export.ExportModel -force htm -run -openComposites -timeOut 30000 -whiteBackground ptolemy/data/ontologies/demo/CarTracking/CarTracking.xml $PTII/ptolemy/data/ontologies/demo/CarTracking/CarTracking
    [junit] Running .CarTracking
    [junit] 3758 ms. Memory: 1845248K Free: 1434163K (78%)
    [junit] Exported /home/travis/build/icyphy/ptII/ptolemy/data/ontologies/demo/CarTracking/CarTracking/index.html
    [junit] 9854 ms. Memory: 1845248K Free: 845486K (46%)
    [junit] ####### 38 Mon May 14 01:40:13 UTC 2018 $PTII/bin/ptinvoke ptolemy.vergil.basic.export.ExportModel -force htm -run -openComposites -timeOut 30000 -whiteBackground ptolemy/data/ontologies/demo/ConstAbstractInterpretation/ConstAbstractInterpretation.xml $PTII/ptolemy/data/ontologies/demo/ConstAbstractInterpretation/ConstAbstractInterpretation
    [junit] Running .ConstAbstractInterpretation
    [junit] 357 ms. Memory: 1845248K Free: 581594K (32%)
    [junit] Exported /home/travis/build/icyphy/ptII/ptolemy/data/ontologies/demo/ConstAbstractInterpretation/ConstAbstractInterpretation/index.html
    [junit] 4683 ms. Memory: 1845248K Free: 528956K (29%)
    [junit] ####### 39 Mon May 14 01:40:18 UTC 2018 $PTII/bin/ptinvoke ptolemy.vergil.basic.export.ExportModel -force htm  -openComposites -timeOut 30000 -whiteBackground ptolemy/data/ontologies/demo/ConstAbstractInterpretationObservable/ConstAbstractInterpretationObservable.xml $PTII/ptolemy/data/ontologies/demo/ConstAbstractInterpretationObservable/ConstAbstractInterpretationObservable
    [junit] Warning: not running ptolemy/data/ontologies/demo/ConstAbstractInterpretationObservable/ConstAbstractInterpretationObservable.xml. See ptolemy/vergil/basic/export/test/junit/ExportModelJUnitTest.java
    [junit] Exported /home/travis/build/icyphy/ptII/ptolemy/data/ontologies/demo/ConstAbstractInterpretationObservable/ConstAbstractInterpretationObservable/index.html
    [junit] 3179 ms. Memory: 1845248K Free: 393885K (21%)
    [junit] ####### 40 Mon May 14 01:40:21 UTC 2018 $PTII/bin/ptinvoke ptolemy.vergil.basic.export.ExportModel -force htm -run -openComposites -timeOut 30000 -whiteBackground ptolemy/data/ontologies/demo/ConstAbstractInterpretationObservable/ConstComparatorEqualToDemo.xml $PTII/ptolemy/data/ontologies/demo/ConstAbstractInterpretationObservable/ConstComparatorEqualToDemo
    [junit] Running .ConstComparatorEqualToDemo
    [junit] 1760 ms. Memory: 1861120K Free: 1087298K (58%)
    [junit] Exported /home/travis/build/icyphy/ptII/ptolemy/data/ontologies/demo/ConstAbstractInterpretationObservable/ConstComparatorEqualToDemo/index.html
    [junit] 6095 ms. Memory: 1861120K Free: 1014206K (54%)
    [junit] ####### 41 Mon May 14 01:40:27 UTC 2018 $PTII/bin/ptinvoke ptolemy.vergil.basic.export.ExportModel -force htm -run -openComposites -timeOut 30000 -whiteBackground ptolemy/data/ontologies/demo/ConstAbstractInterpretationObservable/ConstComparatorGreaterThanDemo.xml $PTII/ptolemy/data/ontologies/demo/ConstAbstractInterpretationObservable/ConstComparatorGreaterThanDemo
    [junit] Running .ConstComparatorGreaterThanDemo
    [junit] 1754 ms. Memory: 1863680K Free: 1640914K (88%)
    [junit] Exported /home/travis/build/icyphy/ptII/ptolemy/data/ontologies/demo/ConstAbstractInterpretationObservable/ConstComparatorGreaterThanDemo/index.html
    [junit] 6091 ms. Memory: 1863680K Free: 1569346K (84%)
    [junit] ####### 42 Mon May 14 01:40:33 UTC 2018 $PTII/bin/ptinvoke ptolemy.vergil.basic.export.ExportModel -force htm -run -openComposites -timeOut 30000 -whiteBackground ptolemy/data/ontologies/demo/ConstAbstractInterpretationObservable/ConstComparatorGTEDemo.xml $PTII/ptolemy/data/ontologies/demo/ConstAbstractInterpretationObservable/ConstComparatorGTEDemo
    [junit] Running .ConstComparatorGTEDemo
    [junit] 1638 ms. Memory: 1863680K Free: 684421K (37%)
    [junit] Exported /home/travis/build/icyphy/ptII/ptolemy/data/ontologies/demo/ConstAbstractInterpretationObservable/ConstComparatorGTEDemo/index.html
    [junit] 5949 ms. Memory: 1863680K Free: 609029K (33%)
    [junit] ####### 43 Mon May 14 01:40:39 UTC 2018 $PTII/bin/ptinvoke ptolemy.vergil.basic.export.ExportModel -force htm -run -openComposites -timeOut 30000 -whiteBackground ptolemy/data/ontologies/demo/ConstAbstractInterpretationObservable/ConstComparatorLessThanDemo.xml $PTII/ptolemy/data/ontologies/demo/ConstAbstractInterpretationObservable/ConstComparatorLessThanDemo
    [junit] Running .ConstComparatorLessThanDemo
    [junit] 1425 ms. Memory: 1811456K Free: 1233415K (68%)
    [junit] Exported /home/travis/build/icyphy/ptII/ptolemy/data/ontologies/demo/ConstAbstractInterpretationObservable/ConstComparatorLessThanDemo/index.html
    [junit] 5696 ms. Memory: 1811456K Free: 1158245K (64%)
    [junit] ####### 44 Mon May 14 01:40:45 UTC 2018 $PTII/bin/ptinvoke ptolemy.vergil.basic.export.ExportModel -force htm -run -openComposites -timeOut 30000 -whiteBackground ptolemy/data/ontologies/demo/ConstAbstractInterpretationObservable/ConstComparatorLTEDemo.xml $PTII/ptolemy/data/ontologies/demo/ConstAbstractInterpretationObservable/ConstComparatorLTEDemo
    [junit] Running .ConstComparatorLTEDemo
    [junit] 1301 ms. Memory: 1811456K Free: 276090K (15%)
    [junit] Exported /home/travis/build/icyphy/ptII/ptolemy/data/ontologies/demo/ConstAbstractInterpretationObservable/ConstComparatorLTEDemo/index.html
    [junit] 5583 ms. Memory: 1811456K Free: 201582K (11%)
    [junit] ####### 45 Mon May 14 01:40:50 UTC 2018 $PTII/bin/ptinvoke ptolemy.vergil.basic.export.ExportModel -force htm -run -openComposites -timeOut 30000 -whiteBackground ptolemy/data/ontologies/demo/ConstAbstractInterpretationObservable/ConstMultiplyDivideDemo.xml $PTII/ptolemy/data/ontologies/demo/ConstAbstractInterpretationObservable/ConstMultiplyDivideDemo
    [junit] Running .ConstMultiplyDivideDemo
    [junit] 2164 ms. Memory: 1801728K Free: 268703K (15%)
    [junit] Exported /home/travis/build/icyphy/ptII/ptolemy/data/ontologies/demo/ConstAbstractInterpretationObservable/ConstMultiplyDivideDemo/index.html
    [junit] 6522 ms. Memory: 1826304K Free: 1670488K (91%)
    [junit] ####### 46 Mon May 14 01:40:57 UTC 2018 $PTII/bin/ptinvoke ptolemy.vergil.basic.export.ExportModel -force htm -run -openComposites -timeOut 30000 -whiteBackground ptolemy/data/ontologies/demo/ConstAbstractInterpretationObservable/ConstScaleDemo.xml $PTII/ptolemy/data/ontologies/demo/ConstAbstractInterpretationObservable/ConstScaleDemo
    [junit] Running .ConstScaleDemo
    [junit] 1063 ms. Memory: 1826304K Free: 838604K (46%)
    [junit] Exported /home/travis/build/icyphy/ptII/ptolemy/data/ontologies/demo/ConstAbstractInterpretationObservable/ConstScaleDemo/index.html
    [junit] 5275 ms. Memory: 1826304K Free: 740820K (41%)
    [junit] ####### 47 Mon May 14 01:41:02 UTC 2018 $PTII/bin/ptinvoke ptolemy.vergil.basic.export.ExportModel -force htm  -openComposites -timeOut 30000 -whiteBackground ptolemy/data/ontologies/demo/ConstNonconst/Const.xml $PTII/ptolemy/data/ontologies/demo/ConstNonconst/Const
    [junit] Warning: not running ptolemy/data/ontologies/demo/ConstNonconst/Const.xml. See ptolemy/vergil/basic/export/test/junit/ExportModelJUnitTest.java
    [junit] Exported /home/travis/build/icyphy/ptII/ptolemy/data/ontologies/demo/ConstNonconst/Const/index.html
    [junit] 3189 ms. Memory: 1826304K Free: 563180K (31%)
    [junit] ####### 48 Mon May 14 01:41:05 UTC 2018 $PTII/bin/ptinvoke ptolemy.vergil.basic.export.ExportModel -force htm -run -openComposites -timeOut 30000 -whiteBackground ptolemy/data/ontologies/demo/ConstNonconst/ConstNonconst.xml $PTII/ptolemy/data/ontologies/demo/ConstNonconst/ConstNonconst
    [junit] Running .ConstNonconst
    [junit] 343 ms. Memory: 1826304K Free: 249655K (14%)
    [junit] Exported /home/travis/build/icyphy/ptII/ptolemy/data/ontologies/demo/ConstNonconst/ConstNonconst/index.html
    [junit] 4507 ms. Memory: 1789952K Free: 1624544K (91%)
    [junit] ####### 49 Mon May 14 01:41:10 UTC 2018 $PTII/bin/ptinvoke ptolemy.vergil.basic.export.ExportModel -force htm -run -openComposites -timeOut 30000 -whiteBackground ptolemy/data/ontologies/demo/ConstPropagation/BooleanSwitchDemoProductLattice.xml $PTII/ptolemy/data/ontologies/demo/ConstPropagation/BooleanSwitchDemoProductLattice
    [junit] Running .BooleanSwitchDemoProductLattice
    [junit] 1210 ms. Memory: 1789952K Free: 699424K (39%)
    [junit] Exported /home/travis/build/icyphy/ptII/ptolemy/data/ontologies/demo/ConstPropagation/BooleanSwitchDemoProductLattice/index.html
    [junit] 5664 ms. Memory: 1789952K Free: 616758K (34%)
    [junit] ####### 50 Mon May 14 01:41:15 UTC 2018 $PTII/bin/ptinvoke ptolemy.vergil.basic.export.ExportModel -force htm -run -openComposites -timeOut 30000 -whiteBackground ptolemy/data/ontologies/demo/ConstPropagation/ConstComparatorEqualToDemo.xml $PTII/ptolemy/data/ontologies/demo/ConstPropagation/ConstComparatorEqualToDemo
    [junit] Running .ConstComparatorEqualToDemo
    [junit] 1866 ms. Memory: 1823744K Free: 1042626K (57%)
    [junit] Exported /home/travis/build/icyphy/ptII/ptolemy/data/ontologies/demo/ConstPropagation/ConstComparatorEqualToDemo/index.html
    [junit] 6165 ms. Memory: 1823744K Free: 958334K (53%)
    [junit] ####### 51 Mon May 14 01:41:21 UTC 2018 $PTII/bin/ptinvoke ptolemy.vergil.basic.export.ExportModel -force htm -run -openComposites -timeOut 30000 -whiteBackground ptolemy/data/ontologies/demo/ConstPropagation/ConstComparatorGreaterThanDemo.xml $PTII/ptolemy/data/ontologies/demo/ConstPropagation/ConstComparatorGreaterThanDemo
    [junit] Running .ConstComparatorGreaterThanDemo
    [junit] 1703 ms. Memory: 1811968K Free: 1316324K (73%)
    [junit] Exported /home/travis/build/icyphy/ptII/ptolemy/data/ontologies/demo/ConstPropagation/ConstComparatorGreaterThanDemo/index.html
    [junit] 5972 ms. Memory: 1811968K Free: 1234388K (68%)
    [junit] ####### 52 Mon May 14 01:41:27 UTC 2018 $PTII/bin/ptinvoke ptolemy.vergil.basic.export.ExportModel -force htm -run -openComposites -timeOut 30000 -whiteBackground ptolemy/data/ontologies/demo/ConstPropagation/ConstMultiplyDivideDemo.xml $PTII/ptolemy/data/ontologies/demo/ConstPropagation/ConstMultiplyDivideDemo
    [junit] Running .ConstMultiplyDivideDemo
    [junit] 2904 ms. Memory: 1802752K Free: 1039552K (58%)
    [junit] Exported /home/travis/build/icyphy/ptII/ptolemy/data/ontologies/demo/ConstPropagation/ConstMultiplyDivideDemo/index.html
    [junit] 7259 ms. Memory: 1802752K Free: 916670K (51%)
    [junit] ####### 53 Mon May 14 01:41:35 UTC 2018 $PTII/bin/ptinvoke ptolemy.vergil.basic.export.ExportModel -force htm  -openComposites -timeOut 30000 -whiteBackground ptolemy/data/ontologies/demo/ConstPropagation/ConstPropagation.xml $PTII/ptolemy/data/ontologies/demo/ConstPropagation/ConstPropagation
    [junit] Warning: not running ptolemy/data/ontologies/demo/ConstPropagation/ConstPropagation.xml. See ptolemy/vergil/basic/export/test/junit/ExportModelJUnitTest.java
    [junit] Exported /home/travis/build/icyphy/ptII/ptolemy/data/ontologies/demo/ConstPropagation/ConstPropagation/index.html
    [junit] 3164 ms. Memory: 1802752K Free: 766651K (43%)
    [junit] ####### 54 Mon May 14 01:41:38 UTC 2018 $PTII/bin/ptinvoke ptolemy.vergil.basic.export.ExportModel -force htm -run -openComposites -timeOut 30000 -whiteBackground ptolemy/data/ontologies/demo/ConstPropagation/ConstPropagationAbsIntObservableReachableProductSolverModel.xml $PTII/ptolemy/data/ontologies/demo/ConstPropagation/ConstPropagationAbsIntObservableReachableProductSolverModel
    [junit] .ConstPropagationAbsIntObservableReachableProductSolverModel is a ptolemy.data.ontologies.OntologySolverModel not a TypedCompositeActor, so it cannot be run.
    [junit] Exported /home/travis/build/icyphy/ptII/ptolemy/data/ontologies/demo/ConstPropagation/ConstPropagationAbsIntObservableReachableProductSolverModel/index.html
    [junit] 4741 ms. Memory: 1802752K Free: 229047K (13%)
    [junit] ####### 55 Mon May 14 01:41:43 UTC 2018 $PTII/bin/ptinvoke ptolemy.vergil.basic.export.ExportModel -force htm -run -openComposites -timeOut 30000 -whiteBackground ptolemy/data/ontologies/demo/ConstPropagation/ConstPropagationAbsIntScale.xml $PTII/ptolemy/data/ontologies/demo/ConstPropagation/ConstPropagationAbsIntScale
    [junit] Running .ConstPropagationAbsIntScale
    [junit] 25 ms. Memory: 1808896K Free: 1557228K (86%)
    [junit] Exported /home/travis/build/icyphy/ptII/ptolemy/data/ontologies/demo/ConstPropagation/ConstPropagationAbsIntScale/index.html
    [junit] 4335 ms. Memory: 1808896K Free: 1529104K (85%)
    [junit] ####### 56 Mon May 14 01:41:47 UTC 2018 $PTII/bin/ptinvoke ptolemy.vergil.basic.export.ExportModel -force htm -run -openComposites -timeOut 30000 -whiteBackground ptolemy/data/ontologies/demo/ConstPropagation/SimpleConstPropagationDemo.xml $PTII/ptolemy/data/ontologies/demo/ConstPropagation/SimpleConstPropagationDemo
    [junit] Running .SimpleConstPropagationDemo
    [junit] 384 ms. Memory: 1808896K Free: 1232028K (68%)
    [junit] Exported /home/travis/build/icyphy/ptII/ptolemy/data/ontologies/demo/ConstPropagation/SimpleConstPropagationDemo/index.html
    [junit] 4576 ms. Memory: 1808896K Free: 1169380K (65%)
    [junit] ####### 57 Mon May 14 01:41:52 UTC 2018 $PTII/bin/ptinvoke ptolemy.vergil.basic.export.ExportModel -force htm -run -openComposites -timeOut 30000 -whiteBackground ptolemy/data/ontologies/demo/ConstPropagation/SimpleNonconstPropagationDemo.xml $PTII/ptolemy/data/ontologies/demo/ConstPropagation/SimpleNonconstPropagationDemo
    [junit] Running .SimpleNonconstPropagationDemo
    [junit] 335 ms. Memory: 1808896K Free: 862902K (48%)
    [junit] Exported /home/travis/build/icyphy/ptII/ptolemy/data/ontologies/demo/ConstPropagation/SimpleNonconstPropagationDemo/index.html
    [junit] 4562 ms. Memory: 1808896K Free: 811070K (45%)
    [junit] ####### 58 Mon May 14 01:41:56 UTC 2018 $PTII/bin/ptinvoke ptolemy.vergil.basic.export.ExportModel -force htm  -openComposites -timeOut 30000 -whiteBackground ptolemy/data/ontologies/demo/DimensionSystemExample/DimensionSystemExample.xml $PTII/ptolemy/data/ontologies/demo/DimensionSystemExample/DimensionSystemExample
    [junit] Warning: not running ptolemy/data/ontologies/demo/DimensionSystemExample/DimensionSystemExample.xml. See ptolemy/vergil/basic/export/test/junit/ExportModelJUnitTest.java
    [junit] Exported /home/travis/build/icyphy/ptII/ptolemy/data/ontologies/demo/DimensionSystemExample/DimensionSystemExample/index.html
    [junit] 3202 ms. Memory: 1808896K Free: 652927K (36%)
    [junit] ####### 59 Mon May 14 01:41:59 UTC 2018 $PTII/bin/ptinvoke ptolemy.vergil.basic.export.ExportModel -force htm -run -openComposites -timeOut 30000 -whiteBackground ptolemy/data/ontologies/demo/ExceptionAnalysis/ExceptionAnalysis.xml $PTII/ptolemy/data/ontologies/demo/ExceptionAnalysis/ExceptionAnalysis
    [junit] Running .ExceptionAnalysis
    [junit] 10 ms. Memory: 1808896K Free: 537810K (30%)
    [junit] Exported /home/travis/build/icyphy/ptII/ptolemy/data/ontologies/demo/ExceptionAnalysis/ExceptionAnalysis/index.html
    [junit] 4212 ms. Memory: 1808896K Free: 475722K (26%)
    [junit] ####### 60 Mon May 14 01:42:04 UTC 2018 $PTII/bin/ptinvoke ptolemy.vergil.basic.export.ExportModel -force htm -run -openComposites -timeOut 30000 -whiteBackground ptolemy/data/ontologies/demo/MonotonicityAnalysis/MonotonicityAnalysis.xml $PTII/ptolemy/data/ontologies/demo/MonotonicityAnalysis/MonotonicityAnalysis
    [junit] Running .MonotonicityAnalysis
    [junit] 105 ms. Memory: 1808896K Free: 298326K (16%)
    [junit] Exported /home/travis/build/icyphy/ptII/ptolemy/data/ontologies/demo/MonotonicityAnalysis/MonotonicityAnalysis/index.html
    [junit] 4292 ms. Memory: 1808896K Free: 248125K (14%)
    [junit] ####### 61 Mon May 14 01:42:08 UTC 2018 $PTII/bin/ptinvoke ptolemy.vergil.basic.export.ExportModel -force htm -run -openComposites -timeOut 30000 -whiteBackground ptolemy/data/ontologies/demo/Observable/Observable.xml $PTII/ptolemy/data/ontologies/demo/Observable/Observable
    [junit] Running .Observable
    [junit] 136 ms. Memory: 1803776K Free: 1492101K (83%)
    [junit] Exported /home/travis/build/icyphy/ptII/ptolemy/data/ontologies/demo/Observable/Observable/index.html
    [junit] 4289 ms. Memory: 1803776K Free: 1449655K (80%)
    [junit] ####### 62 Mon May 14 01:42:12 UTC 2018 $PTII/bin/ptinvoke ptolemy.vergil.basic.export.ExportModel -force htm -run -openComposites -timeOut 30000 -whiteBackground ptolemy/data/ontologies/demo/ProductLattices/BooleanSwitchDemoProductLattice.xml $PTII/ptolemy/data/ontologies/demo/ProductLattices/BooleanSwitchDemoProductLattice
    [junit] Running .BooleanSwitchDemoProductLattice
    [junit] 2369 ms. Memory: 1807360K Free: 1211202K (67%)
    [junit] Exported /home/travis/build/icyphy/ptII/ptolemy/data/ontologies/demo/ProductLattices/BooleanSwitchDemoProductLattice/index.html
    [junit] 6815 ms. Memory: 1807360K Free: 1099252K (61%)
    [junit] ####### 63 Mon May 14 01:42:19 UTC 2018 $PTII/bin/ptinvoke ptolemy.vergil.basic.export.ExportModel -force htm -run -openComposites -timeOut 30000 -whiteBackground ptolemy/data/ontologies/demo/ProductLattices/ConstAbsIntObservableReachableProductSolverModel.xml $PTII/ptolemy/data/ontologies/demo/ProductLattices/ConstAbsIntObservableReachableProductSolverModel
    [junit] .ConstAbsIntObservableReachableProductSolverModel is a ptolemy.data.ontologies.OntologySolverModel not a TypedCompositeActor, so it cannot be run.
    [junit] Exported /home/travis/build/icyphy/ptII/ptolemy/data/ontologies/demo/ProductLattices/ConstAbsIntObservableReachableProductSolverModel/index.html
    [junit] 4603 ms. Memory: 1807360K Free: 594349K (33%)
    [junit] ####### 64 Mon May 14 01:42:24 UTC 2018 $PTII/bin/ptinvoke ptolemy.vergil.basic.export.ExportModel -force htm -run -openComposites -timeOut 30000 -whiteBackground ptolemy/data/ontologies/demo/ProductLattices/ConstMultiplyDivideDemoProductLattice.xml $PTII/ptolemy/data/ontologies/demo/ProductLattices/ConstMultiplyDivideDemoProductLattice
    [junit] Running .ConstMultiplyDivideDemoProductLattice
    [junit] 1526 ms. Memory: 1809408K Free: 993804K (55%)
    [junit] Exported /home/travis/build/icyphy/ptII/ptolemy/data/ontologies/demo/ProductLattices/ConstMultiplyDivideDemoProductLattice/index.html
    [junit] 5805 ms. Memory: 1809408K Free: 909457K (50%)
    [junit] ####### 65 Mon May 14 01:42:29 UTC 2018 $PTII/bin/ptinvoke ptolemy.vergil.basic.export.ExportModel -force htm -run -openComposites -timeOut 30000 -whiteBackground ptolemy/data/ontologies/demo/ProductLattices/ConstScaleDemoProductLattice.xml $PTII/ptolemy/data/ontologies/demo/ProductLattices/ConstScaleDemoProductLattice
    [junit] Running .ConstScaleDemoProductLattice
    [junit] 1008 ms. Memory: 1810432K Free: 1561419K (86%)
    [junit] Exported /home/travis/build/icyphy/ptII/ptolemy/data/ontologies/demo/ProductLattices/ConstScaleDemoProductLattice/index.html
    [junit] 5269 ms. Memory: 1810432K Free: 1475396K (81%)
    [junit] ####### 66 Mon May 14 01:42:35 UTC 2018 $PTII/bin/ptinvoke ptolemy.vergil.basic.export.ExportModel -force htm  -openComposites -timeOut 30000 -whiteBackground ptolemy/data/ontologies/demo/ProductLattices/ConstScaleZeroDemoProductLattice.xml $PTII/ptolemy/data/ontologies/demo/ProductLattices/ConstScaleZeroDemoProductLattice
    [junit] Warning: not running ptolemy/data/ontologies/demo/ProductLattices/ConstScaleZeroDemoProductLattice.xml. See ptolemy/vergil/basic/export/test/junit/ExportModelJUnitTest.java
    [junit] Exported /home/travis/build/icyphy/ptII/ptolemy/data/ontologies/demo/ProductLattices/ConstScaleZeroDemoProductLattice/index.html
    [junit] 3224 ms. Memory: 1810432K Free: 1261689K (70%)
    [junit] ####### 67 Mon May 14 01:42:38 UTC 2018 $PTII/bin/ptinvoke ptolemy.vergil.basic.export.ExportModel -force htm  -openComposites -timeOut 30000 -whiteBackground ptolemy/data/ontologies/demo/ProductLattices/LatticeComposition.xml $PTII/ptolemy/data/ontologies/demo/ProductLattices/LatticeComposition
    [junit] Warning: not running ptolemy/data/ontologies/demo/ProductLattices/LatticeComposition.xml. See ptolemy/vergil/basic/export/test/junit/ExportModelJUnitTest.java
    [junit] Exported /home/travis/build/icyphy/ptII/ptolemy/data/ontologies/demo/ProductLattices/LatticeComposition/index.html
    [junit] 3241 ms. Memory: 1810432K Free: 936759K (52%)
    [junit] ####### 68 Mon May 14 01:42:41 UTC 2018 $PTII/bin/ptinvoke ptolemy.vergil.basic.export.ExportModel -force htm -run -openComposites -timeOut 30000 -whiteBackground ptolemy/data/ontologies/demo/ProductLattices/LatticeCompositionSolverModel.xml $PTII/ptolemy/data/ontologies/demo/ProductLattices/LatticeCompositionSolverModel
    [junit] .LatticeCompositionSolverModel is a ptolemy.data.ontologies.OntologySolverModel not a TypedCompositeActor, so it cannot be run.
    [junit] Exported /home/travis/build/icyphy/ptII/ptolemy/data/ontologies/demo/ProductLattices/LatticeCompositionSolverModel/index.html
    [junit] 4476 ms. Memory: 1810432K Free: 284332K (16%)
    [junit] ####### 69 Mon May 14 01:42:46 UTC 2018 $PTII/bin/ptinvoke ptolemy.vergil.basic.export.ExportModel -force htm  -openComposites -timeOut 30000 -whiteBackground ptolemy/data/ontologies/demo/ProductLattices/ProductLattices.xml $PTII/ptolemy/data/ontologies/demo/ProductLattices/ProductLattices
    [junit] Warning: not running ptolemy/data/ontologies/demo/ProductLattices/ProductLattices.xml. See ptolemy/vergil/basic/export/test/junit/ExportModelJUnitTest.java
    [junit] Exported /home/travis/build/icyphy/ptII/ptolemy/data/ontologies/demo/ProductLattices/ProductLattices/index.html
    [junit] 3210 ms. Memory: 1816576K Free: 1586338K (87%)
    [junit] ####### 70 Mon May 14 01:42:49 UTC 2018 $PTII/bin/ptinvoke ptolemy.vergil.basic.export.ExportModel -force htm -run -openComposites -timeOut 30000 -whiteBackground ptolemy/data/ontologies/demo/ProductLattices/SimpleConstDemo.xml $PTII/ptolemy/data/ontologies/demo/ProductLattices/SimpleConstDemo
    [junit] Running .SimpleConstDemo
    [junit] 110 ms. Memory: 1816576K Free: 1410973K (78%)
    [junit] Exported /home/travis/build/icyphy/ptII/ptolemy/data/ontologies/demo/ProductLattices/SimpleConstDemo/index.html
    [junit] 4311 ms. Memory: 1816576K Free: 1365276K (75%)
    [junit] ####### 71 Mon May 14 01:42:53 UTC 2018 $PTII/bin/ptinvoke ptolemy.vergil.basic.export.ExportModel -force htm -run -openComposites -timeOut 30000 -whiteBackground ptolemy/data/ontologies/demo/ProductLattices/SimpleNonconstDemo.xml $PTII/ptolemy/data/ontologies/demo/ProductLattices/SimpleNonconstDemo
    [junit] Running .SimpleNonconstDemo
    [junit] 268 ms. Memory: 1816576K Free: 1077564K (59%)
    [junit] Exported /home/travis/build/icyphy/ptII/ptolemy/data/ontologies/demo/ProductLattices/SimpleNonconstDemo/index.html
    [junit] 4488 ms. Memory: 1816576K Free: 1025480K (56%)
    [junit] Tests run: 71, Failures: 0, Errors: 0, Skipped: 0, Time elapsed: 467.52 sec
    [junit] Output:
    [junit] ExportModeJUnitTestBatch: There are 754 demos. Exporting demos: 290 to 360.
    [junit] ####### 1 Mon May 14 01:35:10 UTC 2018 $PTII/bin/ptinvoke ptolemy.vergil.basic.export.ExportModel -force htm -run -openComposites -timeOut 30000 -whiteBackground ptolemy/actor/ptalon/demo/SmallWorld/ParameterSweepSmallWorldSDF.xml $PTII/ptolemy/actor/ptalon/demo/SmallWorld/ParameterSweepSmallWorldSDF
    [junit] Running .ParameterSweepSmallWorldSDF
    [junit] 595 ms. Memory: 872448K Free: 619796K (71%)
    [junit] 209 ms. Memory: 872448K Free: 512070K (59%)
    [junit] 174 ms. Memory: 872448K Free: 388931K (45%)
    [junit] 148 ms. Memory: 872448K Free: 265799K (30%)
    [junit] 1984 ms. Memory: 872448K Free: 265799K (30%)
    [junit] Exported /home/travis/build/icyphy/ptII/ptolemy/actor/ptalon/demo/SmallWorld/ParameterSweepSmallWorldSDF/index.html
    [junit] 13462 ms. Memory: 872448K Free: 204097K (23%)
    [junit] ####### 2 Mon May 14 01:35:24 UTC 2018 $PTII/bin/ptinvoke ptolemy.vergil.basic.export.ExportModel -force htm -run -openComposites -timeOut 30000 -whiteBackground ptolemy/actor/ptalon/demo/SmallWorld/SmallWorld.xml $PTII/ptolemy/actor/ptalon/demo/SmallWorld/SmallWorld
    [junit] Running .SmallWorld
    [junit] 1
    [junit] 1
    [junit] 1
    [junit] 1
    [junit] 1
    [junit] 1
    [junit] 1
    [junit] 1
    [junit] 1
    [junit] 2
    [junit] 2
    [junit] 2
    [junit] 2
    [junit] 2
    [junit] 2
    [junit] 2
    [junit] 2
    [junit] 3
    [junit] 3
    [junit] 3
    [junit] 3
    [junit] 3
    [junit] 3
    [junit] 3
    [junit] 3
    [junit] 3
    [junit] 3
    [junit] 3
    [junit] 3
    [junit] 3
    [junit] 3
    [junit] 4
    [junit] 4
    [junit] 4
    [junit] 4
    [junit] 4
    [junit] 4
    [junit] 4
    [junit] 4
    [junit] 4
    [junit] 5
    [junit] 5
    [junit] 5
    [junit] 5
    [junit] 5
    [junit] 5
    [junit] 6
    [junit] 6
    [junit] 300 ms. Memory: 1115648K Free: 987481K (89%)
    [junit] Exported /home/travis/build/icyphy/ptII/ptolemy/actor/ptalon/demo/SmallWorld/SmallWorld/index.html
    [junit] 6496 ms. Memory: 1115648K Free: 863721K (77%)
    [junit] ####### 3 Mon May 14 01:35:30 UTC 2018 $PTII/bin/ptinvoke ptolemy.vergil.basic.export.ExportModel -force htm -run -openComposites -timeOut 30000 -whiteBackground ptolemy/actor/ptalon/demo/SmallWorld/SmallWorldMultiInstanceComposite.xml $PTII/ptolemy/actor/ptalon/demo/SmallWorld/SmallWorldMultiInstanceComposite
    [junit] Running .SmallWorldMultiInstanceComposite
    [junit] 1
    [junit] 1
    [junit] 1
    [junit] 1
    [junit] 1
    [junit] 1
    [junit] 1
    [junit] 1
    [junit] 1
    [junit] 2
    [junit] 2
    [junit] 2
    [junit] 2
    [junit] 2
    [junit] 2
    [junit] 2
    [junit] 2
    [junit] 3
    [junit] 3
    [junit] 3
    [junit] 3
    [junit] 3
    [junit] 3
    [junit] 3
    [junit] 3
    [junit] 3
    [junit] 3
    [junit] 3
    [junit] 3
    [junit] 3
    [junit] 3
    [junit] 4
    [junit] 4
    [junit] 4
    [junit] 4
    [junit] 4
    [junit] 4
    [junit] 4
    [junit] 4
    [junit] 4
    [junit] 5
    [junit] 5
    [junit] 5
    [junit] 5
    [junit] 5
    [junit] 5
    [junit] 6
    [junit] 6
    [junit] 562 ms. Memory: 1115648K Free: 417715K (37%)
    [junit] Exported /home/travis/build/icyphy/ptII/ptolemy/actor/ptalon/demo/SmallWorld/SmallWorldMultiInstanceComposite/index.html
    [junit] 44660 ms. Memory: 1837056K Free: 588811K (32%)
    [junit] ####### 4 Mon May 14 01:36:15 UTC 2018 $PTII/bin/ptinvoke ptolemy.vergil.basic.export.ExportModel -force htm -run -openComposites -timeOut 30000 -whiteBackground ptolemy/actor/ptalon/demo/SmallWorld/SmallWorldPtalonActor.xml $PTII/ptolemy/actor/ptalon/demo/SmallWorld/SmallWorldPtalonActor
    [junit] Running .SmallWorldPtalonActor
    [junit] 1
    [junit] 1
    [junit] 1
    [junit] 1
    [junit] 1
    [junit] 1
    [junit] 1
    [junit] 1
    [junit] 1
    [junit] 2
    [junit] 2
    [junit] 2
    [junit] 2
    [junit] 2
    [junit] 2
    [junit] 2
    [junit] 2
    [junit] 3
    [junit] 3
    [junit] 3
    [junit] 3
    [junit] 3
    [junit] 3
    [junit] 3
    [junit] 3
    [junit] 3
    [junit] 3
    [junit] 3
    [junit] 3
    [junit] 3
    [junit] 3
    [junit] 4
    [junit] 4
    [junit] 4
    [junit] 4
    [junit] 4
    [junit] 4
    [junit] 4
    [junit] 4
    [junit] 4
    [junit] 5
    [junit] 5
    [junit] 5
    [junit] 5
    [junit] 5
    [junit] 5
    [junit] 6
    [junit] 6
    [junit] 219 ms. Memory: 1829376K Free: 953263K (52%)
    [junit] Exported /home/travis/build/icyphy/ptII/ptolemy/actor/ptalon/demo/SmallWorld/SmallWorldPtalonActor/index.html
    [junit] 6237 ms. Memory: 1829376K Free: 803352K (44%)
    [junit] ####### 5 Mon May 14 01:36:21 UTC 2018 $PTII/bin/ptinvoke ptolemy.vergil.basic.export.ExportModel -force htm -run -openComposites -timeOut 30000 -whiteBackground ptolemy/actor/ptalon/demo/Unicycle/Unicycle.xml $PTII/ptolemy/actor/ptalon/demo/Unicycle/Unicycle
    [junit] Running .Unicycle
    [junit] 619 ms. Memory: 1829376K Free: 363624K (20%)
    [junit] Exported /home/travis/build/icyphy/ptII/ptolemy/actor/ptalon/demo/Unicycle/Unicycle/index.html
    [junit] 5074 ms. Memory: 1836032K Free: 1708937K (93%)
    [junit] ####### 6 Mon May 14 01:36:26 UTC 2018 $PTII/bin/ptinvoke ptolemy.vergil.basic.export.ExportModel -force htm  -openComposites -timeOut 30000 -whiteBackground ptolemy/actor/ptalon/gt/demo/Adder/Adder.xml $PTII/ptolemy/actor/ptalon/gt/demo/Adder/Adder
    [junit] Warning: not running ptolemy/actor/ptalon/gt/demo/Adder/Adder.xml. See ptolemy/vergil/basic/export/test/junit/ExportModelJUnitTest.java
    [junit] Exported /home/travis/build/icyphy/ptII/ptolemy/actor/ptalon/gt/demo/Adder/Adder/index.html
    [junit] 3875 ms. Memory: 1836032K Free: 1262523K (69%)
    [junit] ####### 7 Mon May 14 01:36:30 UTC 2018 $PTII/bin/ptinvoke ptolemy.vergil.basic.export.ExportModel -force htm -run -openComposites -timeOut 30000 -whiteBackground ptolemy/backtrack/demo/PrimeTest/PrimeTest.xml $PTII/ptolemy/backtrack/demo/PrimeTest/PrimeTest
    [junit] Running .PrimeTest
    [junit] 2428 ms. Memory: 1836032K Free: 878254K (48%)
    [junit] Exported /home/travis/build/icyphy/ptII/ptolemy/backtrack/demo/PrimeTest/PrimeTest/index.html
    [junit] 6866 ms. Memory: 1836032K Free: 823165K (45%)
    [junit] ####### 8 Mon May 14 01:36:37 UTC 2018 $PTII/bin/ptinvoke ptolemy.vergil.basic.export.ExportModel -force htm -run -openComposites -timeOut 30000 -whiteBackground ptolemy/backtrack/demo/RampRollback/RampRollback.xml $PTII/ptolemy/backtrack/demo/RampRollback/RampRollback
    [junit] Running .RampRollback
    [junit] 275 ms. Memory: 1836032K Free: 679017K (37%)
    [junit] Exported /home/travis/build/icyphy/ptII/ptolemy/backtrack/demo/RampRollback/RampRollback/index.html
    [junit] 4582 ms. Memory: 1836032K Free: 638825K (35%)
    [junit] ####### 9 Mon May 14 01:36:41 UTC 2018 $PTII/bin/ptinvoke ptolemy.vergil.basic.export.ExportModel -force htm -run -openComposites -timeOut 30000 -whiteBackground ptolemy/backtrack/demo/TrialModule/TrialModule.xml $PTII/ptolemy/backtrack/demo/TrialModule/TrialModule
    [junit] Running .TrialModule
    [junit] 25921 ms. Memory: 1844736K Free: 995067K (54%)
    [junit] Exported /home/travis/build/icyphy/ptII/ptolemy/backtrack/demo/TrialModule/TrialModule/index.html
    [junit] 30467 ms. Memory: 1844736K Free: 839810K (46%)
    [junit] ####### 10 Mon May 14 01:37:12 UTC 2018 $PTII/bin/ptinvoke ptolemy.vergil.basic.export.ExportModel -force htm -run -openComposites -timeOut 30000 -whiteBackground ptolemy/caltrop/demo/FunctionClosures/FunctionClosures.xml $PTII/ptolemy/caltrop/demo/FunctionClosures/FunctionClosures
    [junit] Running .FunctionClosures
    [junit] 35 ms. Memory: 1844736K Free: 698996K (38%)
    [junit] Exported /home/travis/build/icyphy/ptII/ptolemy/caltrop/demo/FunctionClosures/FunctionClosures/index.html
    [junit] 5219 ms. Memory: 1844736K Free: 661581K (36%)
    [junit] ####### 11 Mon May 14 01:37:17 UTC 2018 $PTII/bin/ptinvoke ptolemy.vergil.basic.export.ExportModel -force htm -run -openComposites -timeOut 30000 -whiteBackground ptolemy/caltrop/demo/FunctionDefinition/FunctionDefinition.xml $PTII/ptolemy/caltrop/demo/FunctionDefinition/FunctionDefinition
    [junit] Running .FunctionDefinition
    [junit] 28 ms. Memory: 1844736K Free: 530956K (29%)
    [junit] Exported /home/travis/build/icyphy/ptII/ptolemy/caltrop/demo/FunctionDefinition/FunctionDefinition/index.html
    [junit] 4728 ms. Memory: 1844736K Free: 492340K (27%)
    [junit] ####### 12 Mon May 14 01:37:22 UTC 2018 $PTII/bin/ptinvoke ptolemy.vergil.basic.export.ExportModel -force htm -run -openComposites -timeOut 30000 -whiteBackground ptolemy/caltrop/demo/Primes/Primes.xml $PTII/ptolemy/caltrop/demo/Primes/Primes
    [junit] Running .Primes
    [junit] 24 ms. Memory: 1844736K Free: 372384K (20%)
    [junit] Exported /home/travis/build/icyphy/ptII/ptolemy/caltrop/demo/Primes/Primes/index.html
    [junit] 4411 ms. Memory: 1844736K Free: 324481K (18%)
    [junit] ####### 13 Mon May 14 01:37:26 UTC 2018 $PTII/bin/ptinvoke ptolemy.vergil.basic.export.ExportModel -force htm -run -openComposites -timeOut 30000 -whiteBackground ptolemy/caltrop/demo/SDFDDI/SDFDDI.xml $PTII/ptolemy/caltrop/demo/SDFDDI/SDFDDI
    [junit] Running .SDFDDI
    [junit] 101 ms. Memory: 1842176K Free: 1641130K (89%)
    [junit] Exported /home/travis/build/icyphy/ptII/ptolemy/caltrop/demo/SDFDDI/SDFDDI/index.html
    [junit] 4489 ms. Memory: 1842176K Free: 1610372K (87%)
    [junit] ####### 14 Mon May 14 01:37:31 UTC 2018 $PTII/bin/ptinvoke ptolemy.vergil.basic.export.ExportModel -force htm -run -openComposites -timeOut 30000 -whiteBackground ptolemy/cg/adapter/generic/html/demo/HierarchicalModel/HierarchicalModel.xml $PTII/ptolemy/cg/adapter/generic/html/demo/HierarchicalModel/HierarchicalModel
    [junit] Running .HierarchicalModel
    [junit] ExportHTMLTimer went off after 30000 ms., calling getDirector().finish and getDirector().stopFire()
    [junit] 30001 ms. Memory: 1874432K Free: 477709K (25%)
    [junit] Exported /home/travis/build/icyphy/ptII/ptolemy/cg/adapter/generic/html/demo/HierarchicalModel/HierarchicalModel/index.html
    [junit] 34425 ms. Memory: 1874432K Free: 281505K (15%)
    [junit] ####### 15 Mon May 14 01:38:05 UTC 2018 $PTII/bin/ptinvoke ptolemy.vergil.basic.export.ExportModel -force htm -run -openComposites -timeOut 30000 -whiteBackground ptolemy/cg/adapter/generic/program/procedural/c/arduino/adapters/ptolemy/vergil/actor/lib/demo/Blink/Blink.xml $PTII/ptolemy/cg/adapter/generic/program/procedural/c/arduino/adapters/ptolemy/vergil/actor/lib/demo/Blink/Blink
    [junit] Running .Blink
    [junit] CompiledCompositeActor: Building shared object: The effigy ptolemy.actor.gui.PtolemyEffigy {.configuration.directory.effigy}(model : ptolemy.actor.TypedCompositeActor {.Blink}) says the model was modified and thus it does not matter if the shared object file is newer than the model file because the model file is out of date.
    [junit] CompiledCompositeActor wrote file:/home/travis/cg/ Blink_EmbeddedCodeActor.java
    [junit] In "/home/travis/cg", about to execute:
    [junit]     javac -classpath . Blink_EmbeddedCodeActor.java
    [junit] In "/home/travis/cg", about to execute:
    [junit]     rm -f Blink_EmbeddedCodeActor.h
    [junit] All Done
    [junit] Not deleting /home/travis/cg/, there might be .class files that we just generated.
    [junit] CCodeGenerator set the container? : actor.getContainer(): ptolemy.actor.TypedCompositeActor {.Blink} _isTopLevel: false generateEmbeddedCode: true
    [junit] CCodeGenerator include the container .h? : container.getContainer(): ptolemy.actor.TypedCompositeActor {.Blink} _isTopLevel: false generateEmbeddedCode: true
    [junit] 
    [junit] 
    [junit] CCodeGeneratorAdapter: appended to path /usr/lib/jvm/java-8-oracle/jre/bin/client
    [junit] Reading "ptolemy/cg/kernel/generic/program/procedural/c/jnimakefile.in",
    [junit]     writing "/home/travis/cg/Blink_EmbeddedCodeActor.mk"
    [junit] Using ptolemy/cg/kernel/generic/program/procedural/c/jnimakefile.in
    [junit] In "/home/travis/cg", about to execute:
    [junit]     make -f Blink_EmbeddedCodeActor.mk
    [junit] gcc -DPTJNI -D__int64="long long" -Wall  -std=c99 -ggdb  -I /home/travis/cg//_EmbeddedCodeActor -I"/usr/lib/jvm/java-8-oracle/include/linux" -I"/usr/lib/jvm/java-8-oracle/include" -I /home/travis/cg/commons/ -fPIC -shared -o libBlink_EmbeddedCodeActor.so ./_EmbeddedCodeActor/Blink_EmbeddedCodeActor.c ./_EmbeddedCodeActor/Blink_EmbeddedCodeActor_EmbeddedActor.c ./_EmbeddedCodeActor/Blink_EmbeddedCodeActor_SDFSchedule.c ./commons/_SDFReceiver.c ./commons/_CompositeActor.c ./commons/_AtomicActor.c ./commons/_Director.c ./commons/pblSet.c ./commons/pblHeap.c ./commons/_LocalClock.c ./commons/_SDFDirector.c ./commons/pblIterator.c ./commons/_Receiver.c ./commons/_IOPort.c ./commons/pblMap.c ./commons/_Actor.c ./commons/pblList.c ./commons/_ptTypes.c ./commons/pblCollection.c ./commons/pblPriorityQueue.c ./commons/pblhash.c ./commons/_TypedIOPort.c ./commons/pbl.c ./Blink_EmbeddedCodeActor_Main.c -lm -L"" -ljvm
    [junit] In file included from ./Blink_EmbeddedCodeActor_Main.c:21:0:
    [junit] ./Blink_EmbeddedCodeActor_Main.h:24:21: warning: ‘input’ defined but not used [-Wunused-variable]
    [junit]  static jobjectArray input;
    [junit]                      ^
    [junit] All Done
    [junit] 2775 ms. Memory: 1875456K Free: 1417327K (76%)
    [junit] Exported /home/travis/build/icyphy/ptII/ptolemy/cg/adapter/generic/program/procedural/c/arduino/adapters/ptolemy/vergil/actor/lib/demo/Blink/Blink/index.html
    [junit] 7120 ms. Memory: 1875456K Free: 1357362K (72%)
    [junit] ####### 16 Mon May 14 01:38:12 UTC 2018 $PTII/bin/ptinvoke ptolemy.vergil.basic.export.ExportModel -force htm -run -openComposites -timeOut 30000 -whiteBackground ptolemy/cg/adapter/generic/program/procedural/c/arduino/adapters/ptolemy/vergil/actor/lib/demo/Life/Life.xml $PTII/ptolemy/cg/adapter/generic/program/procedural/c/arduino/adapters/ptolemy/vergil/actor/lib/demo/Life/Life
    [junit] Running .Life
    [junit] 4069 ms. Memory: 1875456K Free: 1104280K (59%)
    [junit] Exported /home/travis/build/icyphy/ptII/ptolemy/cg/adapter/generic/program/procedural/c/arduino/adapters/ptolemy/vergil/actor/lib/demo/Life/Life/index.html
    [junit] 9903 ms. Memory: 1875456K Free: 646128K (34%)
    [junit] ####### 17 Mon May 14 01:38:22 UTC 2018 $PTII/bin/ptinvoke ptolemy.vergil.basic.export.ExportModel -force htm  -openComposites -timeOut 30000 -whiteBackground ptolemy/cg/adapter/generic/program/procedural/c/arduino/adapters/ptolemy/vergil/actor/lib/demo/Ultrasonic/Ultrasonic.xml $PTII/ptolemy/cg/adapter/generic/program/procedural/c/arduino/adapters/ptolemy/vergil/actor/lib/demo/Ultrasonic/Ultrasonic
    [junit] Warning: not running ptolemy/cg/adapter/generic/program/procedural/c/arduino/adapters/ptolemy/vergil/actor/lib/demo/Ultrasonic/Ultrasonic.xml. See ptolemy/vergil/basic/export/test/junit/ExportModelJUnitTest.java
    [junit] Exported /home/travis/build/icyphy/ptII/ptolemy/cg/adapter/generic/program/procedural/c/arduino/adapters/ptolemy/vergil/actor/lib/demo/Ultrasonic/Ultrasonic/index.html
    [junit] 3297 ms. Memory: 1875456K Free: 404580K (22%)
    [junit] ####### 18 Mon May 14 01:38:26 UTC 2018 $PTII/bin/ptinvoke ptolemy.vergil.basic.export.ExportModel -force htm -run -openComposites -timeOut 30000 -whiteBackground ptolemy/cg/kernel/generic/accessor/demo/TestComposite/TestComposite.xml $PTII/ptolemy/cg/kernel/generic/accessor/demo/TestComposite/TestComposite
    [junit] JSAccessor: PT_NO_NET environment variable is set, so git pull and ptdoc are not being run.
    [junit] Running .TestComposite
    [junit] 3235 ms. Memory: 1867776K Free: 1346337K (72%)
    [junit] Exported /home/travis/build/icyphy/ptII/ptolemy/cg/kernel/generic/accessor/demo/TestComposite/TestComposite/index.html
    [junit] 12857 ms. Memory: 1867776K Free: 1311210K (70%)
    [junit] ####### 19 Mon May 14 01:38:38 UTC 2018 $PTII/bin/ptinvoke ptolemy.vergil.basic.export.ExportModel -force htm -run -openComposites -timeOut 30000 -whiteBackground ptolemy/cg/lib/demo/CompiledCompositeActor/CompiledCompositeActor.xml $PTII/ptolemy/cg/lib/demo/CompiledCompositeActor/CompiledCompositeActor
    [junit] Running .CompiledCompositeActor
    [junit] CompiledCompositeActor: Building shared object: The sharedObjectFile has a modification time that is earlier than the modelFile modification time.
    [junit] Writing CompiledCompositeActor_CompiledCompositeActor.java in file:/home/travis/cg/ (13466 characters)
    [junit] Reading "ptolemy/cg/kernel/generic/program/procedural/java/makefile.in",
    [junit]     writing "/home/travis/cg/CompiledCompositeActor_CompiledCompositeActor.mk"
    [junit] Using ptolemy/cg/kernel/generic/program/procedural/java/makefile.in
    [junit] In "/home/travis/cg", about to execute:
    [junit]     make -f CompiledCompositeActor_CompiledCompositeActor.mk
    [junit] javac -classpath ".:."    CompiledCompositeActor_CompiledCompositeActor.java
    [junit] All Done
    [junit] 924 ms. Memory: 1867776K Free: 1145974K (61%)
    [junit] Exported /home/travis/build/icyphy/ptII/ptolemy/cg/lib/demo/CompiledCompositeActor/CompiledCompositeActor/index.html
    [junit] 5201 ms. Memory: 1867776K Free: 1051680K (56%)
    [junit] ####### 20 Mon May 14 01:38:44 UTC 2018 $PTII/bin/ptinvoke ptolemy.vergil.basic.export.ExportModel -force htm  -openComposites -timeOut 30000 -whiteBackground ptolemy/cg/lib/demo/DECG/DECG.xml $PTII/ptolemy/cg/lib/demo/DECG/DECG
    [junit] Warning: not running ptolemy/cg/lib/demo/DECG/DECG.xml. See ptolemy/vergil/basic/export/test/junit/ExportModelJUnitTest.java
    [junit] Exported /home/travis/build/icyphy/ptII/ptolemy/cg/lib/demo/DECG/DECG/index.html
    [junit] 3218 ms. Memory: 1867776K Free: 902197K (48%)
    [junit] ####### 21 Mon May 14 01:38:47 UTC 2018 $PTII/bin/ptinvoke ptolemy.vergil.basic.export.ExportModel -force htm -run -openComposites -timeOut 30000 -whiteBackground ptolemy/cg/lib/demo/DECG/DECGClockRamp.xml $PTII/ptolemy/cg/lib/demo/DECG/DECGClockRamp
    [junit] Running .DECGClockRamp
    [junit] 24 ms. Memory: 1867776K Free: 746358K (40%)
    [junit] Exported /home/travis/build/icyphy/ptII/ptolemy/cg/lib/demo/DECG/DECGClockRamp/index.html
    [junit] 4209 ms. Memory: 1867776K Free: 715263K (38%)
    [junit] ####### 22 Mon May 14 01:38:51 UTC 2018 $PTII/bin/ptinvoke ptolemy.vergil.basic.export.ExportModel -force htm -run -openComposites -timeOut 30000 -whiteBackground ptolemy/cg/lib/demo/DECG/DECGDelay.xml $PTII/ptolemy/cg/lib/demo/DECG/DECGDelay
    [junit] Running .DECGDelay
    [junit] 21 ms. Memory: 1867776K Free: 574956K (31%)
    [junit] Exported /home/travis/build/icyphy/ptII/ptolemy/cg/lib/demo/DECG/DECGDelay/index.html
    [junit] 4216 ms. Memory: 1867776K Free: 543870K (29%)
    [junit] ####### 23 Mon May 14 01:38:55 UTC 2018 $PTII/bin/ptinvoke ptolemy.vergil.basic.export.ExportModel -force htm -run -openComposites -timeOut 30000 -whiteBackground ptolemy/cg/lib/demo/DECG/DECGHelloWorld.xml $PTII/ptolemy/cg/lib/demo/DECG/DECGHelloWorld
    [junit] Running .DECGHelloWorld
    [junit] 21 ms. Memory: 1867776K Free: 402895K (22%)
    [junit] Exported /home/travis/build/icyphy/ptII/ptolemy/cg/lib/demo/DECG/DECGHelloWorld/index.html
    [junit] 4199 ms. Memory: 1867776K Free: 371801K (20%)
    [junit] ####### 24 Mon May 14 01:38:59 UTC 2018 $PTII/bin/ptinvoke ptolemy.vergil.basic.export.ExportModel -force htm -run -openComposites -timeOut 30000 -whiteBackground ptolemy/cg/lib/demo/DECG/DECGHeterogeneous.xml $PTII/ptolemy/cg/lib/demo/DECG/DECGHeterogeneous
    [junit] Running .DECGHeterogeneous
    [junit] 67 ms. Memory: 1869824K Free: 1632924K (87%)
    [junit] Exported /home/travis/build/icyphy/ptII/ptolemy/cg/lib/demo/DECG/DECGHeterogeneous/index.html
    [junit] 4374 ms. Memory: 1869824K Free: 1554369K (83%)
    [junit] ####### 25 Mon May 14 01:39:04 UTC 2018 $PTII/bin/ptinvoke ptolemy.vergil.basic.export.ExportModel -force htm -run -openComposites -timeOut 30000 -whiteBackground ptolemy/cg/lib/demo/DECG/DECGHeterogeneousMk2.xml $PTII/ptolemy/cg/lib/demo/DECG/DECGHeterogeneousMk2
    [junit] Running .DECGHeterogeneousMk2
    [junit] 68 ms. Memory: 1869824K Free: 1358909K (73%)
    [junit] Exported /home/travis/build/icyphy/ptII/ptolemy/cg/lib/demo/DECG/DECGHeterogeneousMk2/index.html
    [junit] 4551 ms. Memory: 1869824K Free: 993514K (53%)
    [junit] ####### 26 Mon May 14 01:39:08 UTC 2018 $PTII/bin/ptinvoke ptolemy.vergil.basic.export.ExportModel -force htm -run -openComposites -timeOut 30000 -whiteBackground ptolemy/cg/lib/demo/DECG/DECGMath.xml $PTII/ptolemy/cg/lib/demo/DECG/DECGMath
    [junit] Running .DECGMath
    [junit] 15 ms. Memory: 1869824K Free: 836890K (45%)
    [junit] Exported /home/travis/build/icyphy/ptII/ptolemy/cg/lib/demo/DECG/DECGMath/index.html
    [junit] 4292 ms. Memory: 1869824K Free: 787980K (42%)
    [junit] ####### 27 Mon May 14 01:39:13 UTC 2018 $PTII/bin/ptinvoke ptolemy.vergil.basic.export.ExportModel -force htm -run -openComposites -timeOut 30000 -whiteBackground ptolemy/cg/lib/demo/DECG/DECGPi.xml $PTII/ptolemy/cg/lib/demo/DECG/DECGPi
    [junit] Running .DECGPi
    [junit] 47 ms. Memory: 1869824K Free: 568184K (30%)
    [junit] Exported /home/travis/build/icyphy/ptII/ptolemy/cg/lib/demo/DECG/DECGPi/index.html
    [junit] 4371 ms. Memory: 1869824K Free: 505082K (27%)
    [junit] ####### 28 Mon May 14 01:39:17 UTC 2018 $PTII/bin/ptinvoke ptolemy.vergil.basic.export.ExportModel -force htm -run -openComposites -timeOut 30000 -whiteBackground ptolemy/cg/lib/demo/DECG/DECGPiSquare.xml $PTII/ptolemy/cg/lib/demo/DECG/DECGPiSquare
    [junit] Running .DECGPiSquare
    [junit] 123 ms. Memory: 1869824K Free: 287196K (15%)
    [junit] Exported /home/travis/build/icyphy/ptII/ptolemy/cg/lib/demo/DECG/DECGPiSquare/index.html
    [junit] 4377 ms. Memory: 1867776K Free: 1774309K (95%)
    [junit] ####### 29 Mon May 14 01:39:21 UTC 2018 $PTII/bin/ptinvoke ptolemy.vergil.basic.export.ExportModel -force htm -run -openComposites -timeOut 30000 -whiteBackground ptolemy/cg/lib/demo/DECG/DECGPoisson.xml $PTII/ptolemy/cg/lib/demo/DECG/DECGPoisson
    [junit] Running .DECGPoisson
    [junit] 17 ms. Memory: 1867776K Free: 1632377K (87%)
    [junit] Exported /home/travis/build/icyphy/ptII/ptolemy/cg/lib/demo/DECG/DECGPoisson/index.html
    [junit] 4197 ms. Memory: 1867776K Free: 1596860K (85%)
    [junit] ####### 30 Mon May 14 01:39:26 UTC 2018 $PTII/bin/ptinvoke ptolemy.vergil.basic.export.ExportModel -force htm  -openComposites -timeOut 30000 -whiteBackground ptolemy/cg/lib/demo/ModularCG/ModularCG.xml $PTII/ptolemy/cg/lib/demo/ModularCG/ModularCG
    [junit] Warning: not running ptolemy/cg/lib/demo/ModularCG/ModularCG.xml. See ptolemy/vergil/basic/export/test/junit/ExportModelJUnitTest.java
    [junit] Exported /home/travis/build/icyphy/ptII/ptolemy/cg/lib/demo/ModularCG/ModularCG/index.html
    [junit] 5117 ms. Memory: 1869312K Free: 934356K (50%)
    [junit] ####### 31 Mon May 14 01:39:31 UTC 2018 $PTII/bin/ptinvoke ptolemy.vergil.basic.export.ExportModel -force htm -run -openComposites -timeOut 30000 -whiteBackground ptolemy/cg/lib/demo/ModularCGPubSub/ModularCGPubSub.xml $PTII/ptolemy/cg/lib/demo/ModularCGPubSub/ModularCGPubSub
    [junit] Running .ModularCGPubSub
    [junit] In "/home/travis/cg", about to execute:
    [junit]     pwd
    [junit] In "/home/travis/cg", about to execute:
    [junit]     ls -l
    [junit] /home/travis/cg
    [junit] In "/home/travis/cg", about to execute:
    [junit]     javac -classpath
    [junit] .:/home/travis/build/icyphy/ptII:/home/travis/build/icyphy/ptII/lib/bsh-2.0b4.j
    [junit] ar:/home/travis/build/icyphy/ptII/lib/ptCal.jar:/home/travis/build/icyphy/ptII/
    [junit] lib/java_cup.jar:/home/travis/build/icyphy/ptII/lib/saxon8.jar:/home/travis/bui
    [junit] ld/icyphy/ptII/lib/saxon8-dom.jar:/home/travis/build/icyphy/ptII/lib/chic.jar:/
    [junit] home/travis/build/icyphy/ptII/lib/ptcolt.jar:/usr/lib/jvm/java-8-oracle/lib/too
    [junit] ls.jar:/usr/lib/eclipse/plugins/org.eclipse.jdt.core_3.8.2.dist.jar:/usr/lib/ec
    [junit] lipse/plugins/org.eclipse.core.runtime_3.8.0.dist.jar:/usr/lib/eclipse/plugins/
    [junit] org.eclipse.osgi_3.8.1.dist.jar:/usr/lib/eclipse/plugins/org.eclipse.core.resou
    [junit] rces_3.8.1.dist.jar:/usr/lib/eclipse/plugins/org.eclipse.equinox.common_3.6.100
    [junit] .dist.jar:/usr/lib/eclipse/plugins/org.eclipse.core.jobs_3.5.200.dist.jar:/usr/
    [junit] lib/eclipse/plugins/org.eclipse.core.contenttype_3.4.200.dist.jar:/usr/lib/ecli
    [junit] pse/plugins/org.eclipse.equinox.preferences_3.5.0.dist.jar:/usr/lib/eclipse/plu
    [junit] gins/org.eclipse.text_3.5.200.dist.jar:/usr/lib/eclipse/plugins/org.eclipse.ui.
    [junit] workbench_3.8.1.dist.jar:/usr/lib/eclipse/plugins/org.eclipse.jface_3.8.0.dist.
    [junit] jar:/usr/lib/eclipse/plugins/org.eclipse.swt_3.8.2.jar:/usr/lib/eclipse/plugins
    [junit] /org.eclipse.jface.text_3.8.1.dist.jar:/usr/lib/eclipse/plugins/org.eclipse.ui.
    [junit] workbench.texteditor_3.8.0.dist.jar:/usr/lib/eclipse/plugins/org.eclipse.ui.edi
    [junit] tors_3.8.0.dist.jar:/usr/lib/eclipse/plugins/org.eclipse.core.commands_3.6.1.di
    [junit] st.jar:/usr/lib/eclipse/plugins/org.eclipse.equinox.registry_3.5.200.dist.jar:/
    [junit] usr/lib/eclipse/plugins/org.eclipse.ui.console_3.5.100.dist.jar:/usr/lib/eclips
    [junit] e/plugins/org.eclipse.ui.forms_3.5.200.dist.jar:/usr/lib/eclipse/plugins/org.ec
    [junit] lipse.ui.ide_3.8.1.dist.jar:/home/travis/build/icyphy/ptII/vendors/oracle/dbxml
    [junit] .jar:/home/travis/build/icyphy/ptII/vendors/oracle/db.jar:/home/travis/build/ic
    [junit] yphy/ptII/vendors/misc/itext/iText.jar:/home/travis/build/icyphy/ptII/lib/g4ltl
    [junit] .jar:/home/travis/build/icyphy/ptII/lib/StructuralCoder.jar:/home/travis/build/
    [junit] icyphy/ptII/lib/org-openide-util.jar:/home/travis/build/icyphy/ptII/lib/org-ope
    [junit] nide-util-lookup.jar:/home/travis/build/icyphy/ptII/lib/org-netbeans-api-visual
    [junit] .jar:/home/travis/build/icyphy/ptII/vendors/jai-1_1_2_01/lib/jai_core.jar:/home
    [junit] /travis/build/icyphy/ptII/vendors/jai-1_1_2_01/lib/jai_codec.jar:/home/travis/b
    [junit] uild/icyphy/ptII/lib/jcerti.jar:/home/travis/build/icyphy/ptII/lib/smack.jar:/h
    [junit] ome/travis/build/icyphy/ptII/lib/smackx.jar:/home/travis/build/icyphy/ptII/lib/
    [junit] jetty-all-8.1.5-v20120716.jar:/home/travis/build/icyphy/ptII/lib/javax.servlet-
    [junit] api-3.0.1.jar:/home/travis/build/icyphy/ptII/lib/javax.mail.jar:/home/travis/bu
    [junit] ild/icyphy/ptII/vendors/JMF-2.1.1e/lib/jmf.jar:/home/travis/build/icyphy/ptII/l
    [junit] ib/jna-4.0.0-variadic.jar:/home/travis/build/icyphy/ptII/vendors/misc/joystick/
    [junit] Joystick.jar:/home/travis/build/icyphy/ptII/lib/ptjacl.jar:/home/travis/build/i
    [junit] cyphy/ptII/lib/jsoup-1.8.2.jar:/home/travis/build/icyphy/ptII/lib/junit-4.8.2.j
    [junit] ar:/home/travis/build/icyphy/ptII/lib/JUnitParams-0.4.0.jar:/home/travis/build/
    [junit] icyphy/ptII/ptolemy/actor/lib/excel/jxl.jar:/home/travis/build/icyphy/ptII/lib/
    [junit] jython.jar:/home/travis/build/icyphy/ptII/lib/kieler.jar:/home/travis/build/icy
    [junit] phy/ptII/vendors/opencv/share/OpenCV/java/opencv-341.jar:/home/travis/build/icy
    [junit] phy/ptII/lib/oscP5.jar:/home/travis/build/icyphy/ptII/lib/nrjavaserial-3.11.0.d
    [junit] evel.jar:/usr/share/java/j3dcore.jar:/usr/share/java/j3dutils.jar:/usr/share/ja
    [junit] va/vecmath.jar:/home/travis/build/icyphy/ptII/ptolemy/distributed/jini/jar/jini
    [junit] -core.jar:/home/travis/build/icyphy/ptII/ptolemy/distributed/jini/jar/jini-ext.
    [junit] jar:/home/travis/build/icyphy/ptII/ptolemy/distributed/jini/jar/sun-util.jar:/h
    [junit] ome/travis/build/icyphy/ptII/lib/protobuf-java-2.4.1.jar:/home/travis/build/icy
    [junit] phy/ptII/lib/org.eclipse.paho.client.mqttv3.jar:/home/travis/build/icyphy/ptII/
    [junit] ptserver/lib/hessian-4.0.7.jar:/home/travis/build/icyphy/ptII/ptserver/lib/wmqt
    [junit] t.jar:/home/travis/build/icyphy/ptII/lib/mapss.jar:/home/travis/build/icyphy/pt
    [junit] II/ptolemy/actor/ptalon/antlr/antlr.jar:/home/travis/build/icyphy/ptII/lib/JRI.
    [junit] jar:/home/travis/build/icyphy/ptII/lib/commons-lang-2.6.jar:/home/travis/build/
    [junit] icyphy/ptII/lib/commons-logging-1.1.1.jar:/home/travis/build/icyphy/ptII/lib/so
    [junit] otclasses.jar:/home/travis/build/icyphy/ptII/ptolemy/actor/lib/database/mysql-c
    [junit] onnector-java-5.1.6-bin.jar:/home/travis/build/icyphy/ptII/vendors/misc/sphinx4
    [junit] /sphinx4-data-5prealpha.jar:/home/travis/build/icyphy/ptII/vendors/misc/sphinx4
    [junit] /sphinx4-core-5prealpha.jar:/home/travis/build/icyphy/ptII/lib/PDFRenderer.jar:
    [junit] /home/travis/build/icyphy/ptII/lib/svgSalamander.jar:/home/travis/build/icyphy/
    [junit] ptII/lib/rsyntaxtextarea-2.6.0-SNAPSHOT.jar:/home/travis/build/icyphy/ptII/lib/
    [junit] hazelcast-3.8.2.jar:/home/travis/build/icyphy/ptII/lib/jackson-annotations-2.9.
    [junit] 0.jar:/home/travis/build/icyphy/ptII/lib/jackson-core-2.9.3.jar:/home/travis/bu
    [junit] ild/icyphy/ptII/lib/jackson-databind-2.9.3.jar:/home/travis/build/icyphy/ptII/l
    [junit] ib/netty-buffer-4.1.19.Final.jar:/home/travis/build/icyphy/ptII/lib/netty-codec
    [junit] -4.1.19.Final.jar:/home/travis/build/icyphy/ptII/lib/netty-codec-dns-4.1.19.Fin
    [junit] al.jar:/home/travis/build/icyphy/ptII/lib/netty-codec-http-4.1.19.Final.jar:/ho
    [junit] me/travis/build/icyphy/ptII/lib/netty-codec-http2-4.1.19.Final.jar:/home/travis
    [junit] /build/icyphy/ptII/lib/netty-common-4.1.19.Final.jar:/home/travis/build/icyphy/
    [junit] ptII/lib/netty-handler-4.1.19.Final.jar:/home/travis/build/icyphy/ptII/lib/nett
    [junit] y-resolver-4.1.19.Final.jar:/home/travis/build/icyphy/ptII/lib/netty-resolver-d
    [junit] ns-4.1.19.Final.jar:/home/travis/build/icyphy/ptII/lib/netty-transport-4.1.19.F
    [junit] inal.jar:/home/travis/build/icyphy/ptII/lib/vertx-codegen-3.5.1.jar:/home/travi
    [junit] s/build/icyphy/ptII/lib/vertx-core-3.5.2-SNAPSHOT.jar:/home/travis/build/icyphy
    [junit] /ptII/lib/vertx-hazelcast-3.5.1.jar:/home/travis/build/icyphy/ptII/lib/vertx-la
    [junit] ng-js-3.5.1.jar:/home/travis/build/icyphy/ptII/lib/vertx-service-proxy-3.5.1.ja
    [junit] r:/home/travis/build/icyphy/ptII/lib/vertx-web-3.5.1.jar:/home/travis/build/icy
    [junit] phy/ptII/lib/slf4j-api-1.7.13.jar:/home/travis/build/icyphy/ptII/lib/slf4j-simp
    [junit] le-1.7.13.jar:/home/travis/build/icyphy/ptII/lib/webcam-capture-0.3.12.jar:/hom
    [junit] e/travis/build/icyphy/ptII/lib/bridj-0.7.0.jar:/home/travis/build/icyphy/ptII/l
    [junit] ib/xbjlib-1.1.0.nrjavaserial.jar:/home/travis/build/icyphy/ptII/ptolemy/moml/te
    [junit] st:/home/travis/build/icyphy/ptII/ant/lib/ant-launcher.jar:/home/travis/build/i
    [junit] cyphy/ptII/ant/lib/ant.jar:/home/travis/build/icyphy/ptII/ant/lib/ant-junit.jar
    [junit] :/home/travis/build/icyphy/ptII/ant/lib/ant-junit4.jar:/home/travis/build/icyph
    [junit] y/ptII ModularCGPubSub_A1_A2_profile.java
    [junit] total 396
    [junit] -rw-rw-r-- 1 travis travis    476 May 14 01:38 Blink_EmbeddedCodeActor.class
    [junit] -rw-rw-r-- 1 travis travis    270 May 14 01:38 Blink_EmbeddedCodeActor.java
    [junit] -rw-rw-r-- 1 travis travis   2870 May 14 01:38 Blink_EmbeddedCodeActor_Main.c
    [junit] -rw-rw-r-- 1 travis travis   1596 May 14 01:38 Blink_EmbeddedCodeActor_Main.h
    [junit] -rw-rw-r-- 1 travis travis   1793 May 14 01:38 Blink_EmbeddedCodeActor.mk
    [junit] drwxrwxr-x 2 travis travis   4096 May 14 01:38 commons
    [junit] -rw-rw-r-- 1 travis travis   4895 May 14 01:38 CompiledCompositeActor_CompiledCompositeActor.class
    [junit] -rw-rw-r-- 1 travis travis   1592 May 14 01:38 CompiledCompositeActor_CompiledCompositeActor$_CompiledCompositeActor_CompiledCompositeActor.class
    [junit] -rw-rw-r-- 1 travis travis  13466 May 14 01:38 CompiledCompositeActor_CompiledCompositeActor.java
    [junit] -rw-rw-r-- 1 travis travis   1593 May 14 01:38 CompiledCompositeActor_CompiledCompositeActor.mk
    [junit] drwxrwxr-x 2 travis travis   4096 May 14 01:38 _EmbeddedCodeActor
    [junit] -rwxrwxr-x 1 travis travis 328528 May 14 01:38 libBlink_EmbeddedCodeActor.so
    [junit] -rw-rw-r-- 1 travis travis   1222 May 14 01:39 ModularCGPubSub_A1_A2_profile.java
    [junit] -rw-rw-r-- 1 travis travis    432 May 14 01:38 Token.class
    [junit] -rw-rw-r-- 1 travis travis    251 May 14 01:38 Token.java
    [junit] warning: Supported source version 'RELEASE_6' from annotation processor 'org.netbeans.modules.openide.util.NbBundleProcessor' less than -source '1.8'
    [junit] warning: Supported source version 'RELEASE_6' from annotation processor 'org.netbeans.modules.openide.util.URLStreamHandlerRegistrationProcessor' less than -source '1.8'
    [junit] warning: Supported source version 'RELEASE_6' from annotation processor 'org.netbeans.modules.openide.util.ServiceProviderProcessor' less than -source '1.8'
    [junit] 3 warnings
    [junit] All Done
    [junit] Writing ModularCGPubSub_A1_A2.java in file:/home/travis/cg/ (9076 characters)
    [junit] Reading "ptolemy/cg/kernel/generic/program/procedural/java/modular/makefile.in",
    [junit]     writing "/home/travis/cg/ModularCGPubSub_A1_A2.mk"
    [junit] Using ptolemy/cg/kernel/generic/program/procedural/java/modular/makefile.in
    [junit] In "/home/travis/cg", about to execute:
    [junit]     make -f ModularCGPubSub_A1_A2.mk
    [junit] javac -classpath ".:.."    ModularCGPubSub_A1_A2.java
    [junit] All Done
    [junit] In "/home/travis/cg", about to execute:
    [junit]     pwd
    [junit] In "/home/travis/cg", about to execute:
    [junit]     ls -l
    [junit] /home/travis/cg
    [junit] total 424
    [junit] -rw-rw-r-- 1 travis travis    476 May 14 01:38 Blink_EmbeddedCodeActor.class
    [junit] -rw-rw-r-- 1 travis travis    270 May 14 01:38 Blink_EmbeddedCodeActor.java
    [junit] -rw-rw-r-- 1 travis travis   2870 May 14 01:38 Blink_EmbeddedCodeActor_Main.c
    [junit] -rw-rw-r-- 1 travis travis   1596 May 14 01:38 Blink_EmbeddedCodeActor_Main.h
    [junit] -rw-rw-r-- 1 travis travis   1793 May 14 01:38 Blink_EmbeddedCodeActor.mk
    [junit] drwxrwxr-x 2 travis travis   4096 May 14 01:38 commons
    [junit] -rw-rw-r-- 1 travis travis   4895 May 14 01:38 CompiledCompositeActor_CompiledCompositeActor.class
    [junit] -rw-rw-r-- 1 travis travis   1592 May 14 01:38 CompiledCompositeActor_CompiledCompositeActor$_CompiledCompositeActor_CompiledCompositeActor.class
    [junit] -rw-rw-r-- 1 travis travis  13466 May 14 01:38 CompiledCompositeActor_CompiledCompositeActor.java
    [junit] -rw-rw-r-- 1 travis travis   1593 May 14 01:38 CompiledCompositeActor_CompiledCompositeActor.mk
    [junit] drwxrwxr-x 2 travis travis   4096 May 14 01:38 _EmbeddedCodeActor
    [junit] -rwxrwxr-x 1 travis travis 328528 May 14 01:38 libBlink_EmbeddedCodeActor.so
    [junit] -rw-rw-r-- 1 travis travis   3473 May 14 01:39 ModularCGPubSub_A1_A2.class
    [junit] -rw-rw-r-- 1 travis travis   9076 May 14 01:39 ModularCGPubSub_A1_A2.java
    [junit] -rw-rw-r-- 1 travis travis    880 May 14 01:39 ModularCGPubSub_A1_A2.mk
    [junit] -rw-rw-r-- 1 travis travis   1300 May 14 01:39 ModularCGPubSub_A1_A2_profile.class
    [junit] -rw-rw-r-- 1 travis travis   1222 May 14 01:39 ModularCGPubSub_A1_A2_profile.java
    [junit] -rw-rw-r-- 1 travis travis   1388 May 14 01:39 ModularCGPubSub_A1_profile.java
    [junit] In "/home/travis/cg", about to execute:
    [junit]     javac -classpath
    [junit] .:/home/travis/build/icyphy/ptII:/home/travis/build/icyphy/ptII/lib/bsh-2.0b4.j
    [junit] ar:/home/travis/build/icyphy/ptII/lib/ptCal.jar:/home/travis/build/icyphy/ptII/
    [junit] lib/java_cup.jar:/home/travis/build/icyphy/ptII/lib/saxon8.jar:/home/travis/bui
    [junit] ld/icyphy/ptII/lib/saxon8-dom.jar:/home/travis/build/icyphy/ptII/lib/chic.jar:/
    [junit] home/travis/build/icyphy/ptII/lib/ptcolt.jar:/usr/lib/jvm/java-8-oracle/lib/too
    [junit] ls.jar:/usr/lib/eclipse/plugins/org.eclipse.jdt.core_3.8.2.dist.jar:/usr/lib/ec
    [junit] lipse/plugins/org.eclipse.core.runtime_3.8.0.dist.jar:/usr/lib/eclipse/plugins/
    [junit] org.eclipse.osgi_3.8.1.dist.jar:/usr/lib/eclipse/plugins/org.eclipse.core.resou
    [junit] rces_3.8.1.dist.jar:/usr/lib/eclipse/plugins/org.eclipse.equinox.common_3.6.100
    [junit] .dist.jar:/usr/lib/eclipse/plugins/org.eclipse.core.jobs_3.5.200.dist.jar:/usr/
    [junit] lib/eclipse/plugins/org.eclipse.core.contenttype_3.4.200.dist.jar:/usr/lib/ecli
    [junit] pse/plugins/org.eclipse.equinox.preferences_3.5.0.dist.jar:/usr/lib/eclipse/plu
    [junit] gins/org.eclipse.text_3.5.200.dist.jar:/usr/lib/eclipse/plugins/org.eclipse.ui.
    [junit] workbench_3.8.1.dist.jar:/usr/lib/eclipse/plugins/org.eclipse.jface_3.8.0.dist.
    [junit] jar:/usr/lib/eclipse/plugins/org.eclipse.swt_3.8.2.jar:/usr/lib/eclipse/plugins
    [junit] /org.eclipse.jface.text_3.8.1.dist.jar:/usr/lib/eclipse/plugins/org.eclipse.ui.
    [junit] workbench.texteditor_3.8.0.dist.jar:/usr/lib/eclipse/plugins/org.eclipse.ui.edi
    [junit] tors_3.8.0.dist.jar:/usr/lib/eclipse/plugins/org.eclipse.core.commands_3.6.1.di
    [junit] st.jar:/usr/lib/eclipse/plugins/org.eclipse.equinox.registry_3.5.200.dist.jar:/
    [junit] usr/lib/eclipse/plugins/org.eclipse.ui.console_3.5.100.dist.jar:/usr/lib/eclips
    [junit] e/plugins/org.eclipse.ui.forms_3.5.200.dist.jar:/usr/lib/eclipse/plugins/org.ec
    [junit] lipse.ui.ide_3.8.1.dist.jar:/home/travis/build/icyphy/ptII/vendors/oracle/dbxml
    [junit] .jar:/home/travis/build/icyphy/ptII/vendors/oracle/db.jar:/home/travis/build/ic
    [junit] yphy/ptII/vendors/misc/itext/iText.jar:/home/travis/build/icyphy/ptII/lib/g4ltl
    [junit] .jar:/home/travis/build/icyphy/ptII/lib/StructuralCoder.jar:/home/travis/build/
    [junit] icyphy/ptII/lib/org-openide-util.jar:/home/travis/build/icyphy/ptII/lib/org-ope
    [junit] nide-util-lookup.jar:/home/travis/build/icyphy/ptII/lib/org-netbeans-api-visual
    [junit] .jar:/home/travis/build/icyphy/ptII/vendors/jai-1_1_2_01/lib/jai_core.jar:/home
    [junit] /travis/build/icyphy/ptII/vendors/jai-1_1_2_01/lib/jai_codec.jar:/home/travis/b
    [junit] uild/icyphy/ptII/lib/jcerti.jar:/home/travis/build/icyphy/ptII/lib/smack.jar:/h
    [junit] ome/travis/build/icyphy/ptII/lib/smackx.jar:/home/travis/build/icyphy/ptII/lib/
    [junit] jetty-all-8.1.5-v20120716.jar:/home/travis/build/icyphy/ptII/lib/javax.servlet-
    [junit] api-3.0.1.jar:/home/travis/build/icyphy/ptII/lib/javax.mail.jar:/home/travis/bu
    [junit] ild/icyphy/ptII/vendors/JMF-2.1.1e/lib/jmf.jar:/home/travis/build/icyphy/ptII/l
    [junit] ib/jna-4.0.0-variadic.jar:/home/travis/build/icyphy/ptII/vendors/misc/joystick/
    [junit] Joystick.jar:/home/travis/build/icyphy/ptII/lib/ptjacl.jar:/home/travis/build/i
    [junit] cyphy/ptII/lib/jsoup-1.8.2.jar:/home/travis/build/icyphy/ptII/lib/junit-4.8.2.j
    [junit] ar:/home/travis/build/icyphy/ptII/lib/JUnitParams-0.4.0.jar:/home/travis/build/
    [junit] icyphy/ptII/ptolemy/actor/lib/excel/jxl.jar:/home/travis/build/icyphy/ptII/lib/
    [junit] jython.jar:/home/travis/build/icyphy/ptII/lib/kieler.jar:/home/travis/build/icy
    [junit] phy/ptII/vendors/opencv/share/OpenCV/java/opencv-341.jar:/home/travis/build/icy
    [junit] phy/ptII/lib/oscP5.jar:/home/travis/build/icyphy/ptII/lib/nrjavaserial-3.11.0.d
    [junit] evel.jar:/usr/share/java/j3dcore.jar:/usr/share/java/j3dutils.jar:/usr/share/ja
    [junit] va/vecmath.jar:/home/travis/build/icyphy/ptII/ptolemy/distributed/jini/jar/jini
    [junit] -core.jar:/home/travis/build/icyphy/ptII/ptolemy/distributed/jini/jar/jini-ext.
    [junit] jar:/home/travis/build/icyphy/ptII/ptolemy/distributed/jini/jar/sun-util.jar:/h
    [junit] ome/travis/build/icyphy/ptII/lib/protobuf-java-2.4.1.jar:/home/travis/build/icy
    [junit] phy/ptII/lib/org.eclipse.paho.client.mqttv3.jar:/home/travis/build/icyphy/ptII/
    [junit] ptserver/lib/hessian-4.0.7.jar:/home/travis/build/icyphy/ptII/ptserver/lib/wmqt
    [junit] t.jar:/home/travis/build/icyphy/ptII/lib/mapss.jar:/home/travis/build/icyphy/pt
    [junit] II/ptolemy/actor/ptalon/antlr/antlr.jar:/home/travis/build/icyphy/ptII/lib/JRI.
    [junit] jar:/home/travis/build/icyphy/ptII/lib/commons-lang-2.6.jar:/home/travis/build/
    [junit] icyphy/ptII/lib/commons-logging-1.1.1.jar:/home/travis/build/icyphy/ptII/lib/so
    [junit] otclasses.jar:/home/travis/build/icyphy/ptII/ptolemy/actor/lib/database/mysql-c
    [junit] onnector-java-5.1.6-bin.jar:/home/travis/build/icyphy/ptII/vendors/misc/sphinx4
    [junit] /sphinx4-data-5prealpha.jar:/home/travis/build/icyphy/ptII/vendors/misc/sphinx4
    [junit] /sphinx4-core-5prealpha.jar:/home/travis/build/icyphy/ptII/lib/PDFRenderer.jar:
    [junit] /home/travis/build/icyphy/ptII/lib/svgSalamander.jar:/home/travis/build/icyphy/
    [junit] ptII/lib/rsyntaxtextarea-2.6.0-SNAPSHOT.jar:/home/travis/build/icyphy/ptII/lib/
    [junit] hazelcast-3.8.2.jar:/home/travis/build/icyphy/ptII/lib/jackson-annotations-2.9.
    [junit] 0.jar:/home/travis/build/icyphy/ptII/lib/jackson-core-2.9.3.jar:/home/travis/bu
    [junit] ild/icyphy/ptII/lib/jackson-databind-2.9.3.jar:/home/travis/build/icyphy/ptII/l
    [junit] ib/netty-buffer-4.1.19.Final.jar:/home/travis/build/icyphy/ptII/lib/netty-codec
    [junit] -4.1.19.Final.jar:/home/travis/build/icyphy/ptII/lib/netty-codec-dns-4.1.19.Fin
    [junit] al.jar:/home/travis/build/icyphy/ptII/lib/netty-codec-http-4.1.19.Final.jar:/ho
    [junit] me/travis/build/icyphy/ptII/lib/netty-codec-http2-4.1.19.Final.jar:/home/travis
    [junit] /build/icyphy/ptII/lib/netty-common-4.1.19.Final.jar:/home/travis/build/icyphy/
    [junit] ptII/lib/netty-handler-4.1.19.Final.jar:/home/travis/build/icyphy/ptII/lib/nett
    [junit] y-resolver-4.1.19.Final.jar:/home/travis/build/icyphy/ptII/lib/netty-resolver-d
    [junit] ns-4.1.19.Final.jar:/home/travis/build/icyphy/ptII/lib/netty-transport-4.1.19.F
    [junit] inal.jar:/home/travis/build/icyphy/ptII/lib/vertx-codegen-3.5.1.jar:/home/travi
    [junit] s/build/icyphy/ptII/lib/vertx-core-3.5.2-SNAPSHOT.jar:/home/travis/build/icyphy
    [junit] /ptII/lib/vertx-hazelcast-3.5.1.jar:/home/travis/build/icyphy/ptII/lib/vertx-la
    [junit] ng-js-3.5.1.jar:/home/travis/build/icyphy/ptII/lib/vertx-service-proxy-3.5.1.ja
    [junit] r:/home/travis/build/icyphy/ptII/lib/vertx-web-3.5.1.jar:/home/travis/build/icy
    [junit] phy/ptII/lib/slf4j-api-1.7.13.jar:/home/travis/build/icyphy/ptII/lib/slf4j-simp
    [junit] le-1.7.13.jar:/home/travis/build/icyphy/ptII/lib/webcam-capture-0.3.12.jar:/hom
    [junit] e/travis/build/icyphy/ptII/lib/bridj-0.7.0.jar:/home/travis/build/icyphy/ptII/l
    [junit] ib/xbjlib-1.1.0.nrjavaserial.jar:/home/travis/build/icyphy/ptII/ptolemy/moml/te
    [junit] st:/home/travis/build/icyphy/ptII/ant/lib/ant-launcher.jar:/home/travis/build/i
    [junit] cyphy/ptII/ant/lib/ant.jar:/home/travis/build/icyphy/ptII/ant/lib/ant-junit.jar
    [junit] :/home/travis/build/icyphy/ptII/ant/lib/ant-junit4.jar:/home/travis/build/icyph
    [junit] y/ptII ModularCGPubSub_A1_profile.java
    [junit] -rw-rw-r-- 1 travis travis    432 May 14 01:39 Token.class
    [junit] -rw-rw-r-- 1 travis travis    251 May 14 01:39 Token.java
    [junit] warning: Supported source version 'RELEASE_6' from annotation processor 'org.netbeans.modules.openide.util.NbBundleProcessor' less than -source '1.8'
    [junit] warning: Supported source version 'RELEASE_6' from annotation processor 'org.netbeans.modules.openide.util.URLStreamHandlerRegistrationProcessor' less than -source '1.8'
    [junit] warning: Supported source version 'RELEASE_6' from annotation processor 'org.netbeans.modules.openide.util.ServiceProviderProcessor' less than -source '1.8'
    [junit] 3 warnings
    [junit] All Done
    [junit] Writing ModularCGPubSub_A1.java in file:/home/travis/cg/ (9836 characters)
    [junit] Reading "ptolemy/cg/kernel/generic/program/procedural/java/modular/makefile.in",
    [junit]     writing "/home/travis/cg/ModularCGPubSub_A1.mk"
    [junit] Using ptolemy/cg/kernel/generic/program/procedural/java/modular/makefile.in
    [junit] In "/home/travis/cg", about to execute:
    [junit]     make -f ModularCGPubSub_A1.mk
    [junit] javac -classpath ".:.."    ModularCGPubSub_A1.java
    [junit] All Done
    [junit] 5400 ms. Memory: 1869312K Free: 1337451K (72%)
    [junit] Exported /home/travis/build/icyphy/ptII/ptolemy/cg/lib/demo/ModularCGPubSub/ModularCGPubSub/index.html
    [junit] 11982 ms. Memory: 1869312K Free: 428786K (23%)
    [junit] ####### 32 Mon May 14 01:39:43 UTC 2018 $PTII/bin/ptinvoke ptolemy.vergil.basic.export.ExportModel -force htm  -openComposites -timeOut 30000 -whiteBackground ptolemy/cg/lib/demo/Scale/Scale.xml $PTII/ptolemy/cg/lib/demo/Scale/Scale
    [junit] Warning: not running ptolemy/cg/lib/demo/Scale/Scale.xml. See ptolemy/vergil/basic/export/test/junit/ExportModelJUnitTest.java
    [junit] Exported /home/travis/build/icyphy/ptII/ptolemy/cg/lib/demo/Scale/Scale/index.html
    [junit] 3197 ms. Memory: 1869312K Free: 294497K (16%)
    [junit] ####### 33 Mon May 14 01:39:46 UTC 2018 $PTII/bin/ptinvoke ptolemy.vergil.basic.export.ExportModel -force htm  -openComposites -timeOut 30000 -whiteBackground ptolemy/cg/lib/demo/Scale/ScaleC.xml $PTII/ptolemy/cg/lib/demo/Scale/ScaleC
    [junit] Warning: not running ptolemy/cg/lib/demo/Scale/ScaleC.xml. See ptolemy/vergil/basic/export/test/junit/ExportModelJUnitTest.java
    [junit] Exported /home/travis/build/icyphy/ptII/ptolemy/cg/lib/demo/Scale/ScaleC/index.html
    [junit] 3234 ms. Memory: 1867776K Free: 1705098K (91%)
    [junit] ####### 34 Mon May 14 01:39:49 UTC 2018 $PTII/bin/ptinvoke ptolemy.vergil.basic.export.ExportModel -force htm -run -openComposites -timeOut 30000 -whiteBackground ptolemy/cg/lib/demo/Scale/ScaleCFlat.xml $PTII/ptolemy/cg/lib/demo/Scale/ScaleCFlat
    [junit] Running .ScaleCFlat
    [junit] 59 ms. Memory: 1867776K Free: 1511733K (81%)
    [junit] Exported /home/travis/build/icyphy/ptII/ptolemy/cg/lib/demo/Scale/ScaleCFlat/index.html
    [junit] 4394 ms. Memory: 1867776K Free: 1480681K (79%)
    [junit] ####### 35 Mon May 14 01:39:54 UTC 2018 $PTII/bin/ptinvoke ptolemy.vergil.basic.export.ExportModel -force htm -run -openComposites -timeOut 30000 -whiteBackground ptolemy/cg/lib/demo/Scale/ScaleJava.xml $PTII/ptolemy/cg/lib/demo/Scale/ScaleJava
    [junit] Running .ScaleJava
    [junit] CompiledCompositeActor: Building shared object: The sharedObjectFile has a modification time that is earlier than the modelFile modification time.
    [junit] Writing ScaleJava_EmbeddedActor.java in file:/home/travis/cg/ (9330 characters)
    [junit] Reading "ptolemy/cg/kernel/generic/program/procedural/java/makefile.in",
    [junit]     writing "/home/travis/cg/ScaleJava_EmbeddedActor.mk"
    [junit] Using ptolemy/cg/kernel/generic/program/procedural/java/makefile.in
    [junit] In "/home/travis/cg", about to execute:
    [junit]     make -f ScaleJava_EmbeddedActor.mk
    [junit] javac -classpath ".:."    ScaleJava_EmbeddedActor.java
    [junit] All Done
    [junit] 814 ms. Memory: 1867776K Free: 1327837K (71%)
    [junit] Exported /home/travis/build/icyphy/ptII/ptolemy/cg/lib/demo/Scale/ScaleJava/index.html
    [junit] 4970 ms. Memory: 1867776K Free: 1296760K (69%)
    [junit] ####### 36 Mon May 14 01:39:59 UTC 2018 $PTII/bin/ptinvoke ptolemy.vergil.basic.export.ExportModel -force htm -run -openComposites -timeOut 30000 -whiteBackground ptolemy/configs/doc/ClassesIllustrated.xml $PTII/ptolemy/configs/doc/ClassesIllustrated
    [junit] Running .ClassesIllustrated
    [junit] 1 ms. Memory: 1867776K Free: 1127599K (60%)
    [junit] Exported /home/travis/build/icyphy/ptII/ptolemy/configs/doc/ClassesIllustrated/index.html
    [junit] 4398 ms. Memory: 1867776K Free: 935417K (50%)
    [junit] ####### 37 Mon May 14 01:40:03 UTC 2018 $PTII/bin/ptinvoke ptolemy.vergil.basic.export.ExportModel -force htm -run -openComposites -timeOut 30000 -whiteBackground ptolemy/data/ontologies/demo/CarTracking/CarTracking.xml $PTII/ptolemy/data/ontologies/demo/CarTracking/CarTracking
    [junit] Running .CarTracking
    [junit] 3758 ms. Memory: 1845248K Free: 1434163K (78%)
    [junit] Exported /home/travis/build/icyphy/ptII/ptolemy/data/ontologies/demo/CarTracking/CarTracking/index.html
    [junit] 9854 ms. Memory: 1845248K Free: 845486K (46%)
    [junit] ####### 38 Mon May 14 01:40:13 UTC 2018 $PTII/bin/ptinvoke ptolemy.vergil.basic.export.ExportModel -force htm -run -openComposites -timeOut 30000 -whiteBackground ptolemy/data/ontologies/demo/ConstAbstractInterpretation/ConstAbstractInterpretation.xml $PTII/ptolemy/data/ontologies/demo/ConstAbstractInterpretation/ConstAbstractInterpretation
    [junit] Running .ConstAbstractInterpretation
    [junit] 357 ms. Memory: 1845248K Free: 581594K (32%)
    [junit] Exported /home/travis/build/icyphy/ptII/ptolemy/data/ontologies/demo/ConstAbstractInterpretation/ConstAbstractInterpretation/index.html
    [junit] 4683 ms. Memory: 1845248K Free: 528956K (29%)
    [junit] ####### 39 Mon May 14 01:40:18 UTC 2018 $PTII/bin/ptinvoke ptolemy.vergil.basic.export.ExportModel -force htm  -openComposites -timeOut 30000 -whiteBackground ptolemy/data/ontologies/demo/ConstAbstractInterpretationObservable/ConstAbstractInterpretationObservable.xml $PTII/ptolemy/data/ontologies/demo/ConstAbstractInterpretationObservable/ConstAbstractInterpretationObservable
    [junit] Warning: not running ptolemy/data/ontologies/demo/ConstAbstractInterpretationObservable/ConstAbstractInterpretationObservable.xml. See ptolemy/vergil/basic/export/test/junit/ExportModelJUnitTest.java
    [junit] Exported /home/travis/build/icyphy/ptII/ptolemy/data/ontologies/demo/ConstAbstractInterpretationObservable/ConstAbstractInterpretationObservable/index.html
    [junit] 3179 ms. Memory: 1845248K Free: 393885K (21%)
    [junit] ####### 40 Mon May 14 01:40:21 UTC 2018 $PTII/bin/ptinvoke ptolemy.vergil.basic.export.ExportModel -force htm -run -openComposites -timeOut 30000 -whiteBackground ptolemy/data/ontologies/demo/ConstAbstractInterpretationObservable/ConstComparatorEqualToDemo.xml $PTII/ptolemy/data/ontologies/demo/ConstAbstractInterpretationObservable/ConstComparatorEqualToDemo
    [junit] Running .ConstComparatorEqualToDemo
    [junit] 1760 ms. Memory: 1861120K Free: 1087298K (58%)
    [junit] Exported /home/travis/build/icyphy/ptII/ptolemy/data/ontologies/demo/ConstAbstractInterpretationObservable/ConstComparatorEqualToDemo/index.html
    [junit] 6095 ms. Memory: 1861120K Free: 1014206K (54%)
    [junit] ####### 41 Mon May 14 01:40:27 UTC 2018 $PTII/bin/ptinvoke ptolemy.vergil.basic.export.ExportModel -force htm -run -openComposites -timeOut 30000 -whiteBackground ptolemy/data/ontologies/demo/ConstAbstractInterpretationObservable/ConstComparatorGreaterThanDemo.xml $PTII/ptolemy/data/ontologies/demo/ConstAbstractInterpretationObservable/ConstComparatorGreaterThanDemo
    [junit] Running .ConstComparatorGreaterThanDemo
    [junit] 1754 ms. Memory: 1863680K Free: 1640914K (88%)
    [junit] Exported /home/travis/build/icyphy/ptII/ptolemy/data/ontologies/demo/ConstAbstractInterpretationObservable/ConstComparatorGreaterThanDemo/index.html
    [junit] 6091 ms. Memory: 1863680K Free: 1569346K (84%)
    [junit] ####### 42 Mon May 14 01:40:33 UTC 2018 $PTII/bin/ptinvoke ptolemy.vergil.basic.export.ExportModel -force htm -run -openComposites -timeOut 30000 -whiteBackground ptolemy/data/ontologies/demo/ConstAbstractInterpretationObservable/ConstComparatorGTEDemo.xml $PTII/ptolemy/data/ontologies/demo/ConstAbstractInterpretationObservable/ConstComparatorGTEDemo
    [junit] Running .ConstComparatorGTEDemo
    [junit] 1638 ms. Memory: 1863680K Free: 684421K (37%)
    [junit] Exported /home/travis/build/icyphy/ptII/ptolemy/data/ontologies/demo/ConstAbstractInterpretationObservable/ConstComparatorGTEDemo/index.html
    [junit] 5949 ms. Memory: 1863680K Free: 609029K (33%)
    [junit] ####### 43 Mon May 14 01:40:39 UTC 2018 $PTII/bin/ptinvoke ptolemy.vergil.basic.export.ExportModel -force htm -run -openComposites -timeOut 30000 -whiteBackground ptolemy/data/ontologies/demo/ConstAbstractInterpretationObservable/ConstComparatorLessThanDemo.xml $PTII/ptolemy/data/ontologies/demo/ConstAbstractInterpretationObservable/ConstComparatorLessThanDemo
    [junit] Running .ConstComparatorLessThanDemo
    [junit] 1425 ms. Memory: 1811456K Free: 1233415K (68%)
    [junit] Exported /home/travis/build/icyphy/ptII/ptolemy/data/ontologies/demo/ConstAbstractInterpretationObservable/ConstComparatorLessThanDemo/index.html
    [junit] 5696 ms. Memory: 1811456K Free: 1158245K (64%)
    [junit] ####### 44 Mon May 14 01:40:45 UTC 2018 $PTII/bin/ptinvoke ptolemy.vergil.basic.export.ExportModel -force htm -run -openComposites -timeOut 30000 -whiteBackground ptolemy/data/ontologies/demo/ConstAbstractInterpretationObservable/ConstComparatorLTEDemo.xml $PTII/ptolemy/data/ontologies/demo/ConstAbstractInterpretationObservable/ConstComparatorLTEDemo
    [junit] Running .ConstComparatorLTEDemo
    [junit] 1301 ms. Memory: 1811456K Free: 276090K (15%)
    [junit] Exported /home/travis/build/icyphy/ptII/ptolemy/data/ontologies/demo/ConstAbstractInterpretationObservable/ConstComparatorLTEDemo/index.html
    [junit] 5583 ms. Memory: 1811456K Free: 201582K (11%)
    [junit] ####### 45 Mon May 14 01:40:50 UTC 2018 $PTII/bin/ptinvoke ptolemy.vergil.basic.export.ExportModel -force htm -run -openComposites -timeOut 30000 -whiteBackground ptolemy/data/ontologies/demo/ConstAbstractInterpretationObservable/ConstMultiplyDivideDemo.xml $PTII/ptolemy/data/ontologies/demo/ConstAbstractInterpretationObservable/ConstMultiplyDivideDemo
    [junit] Running .ConstMultiplyDivideDemo
    [junit] 2164 ms. Memory: 1801728K Free: 268703K (15%)
    [junit] Exported /home/travis/build/icyphy/ptII/ptolemy/data/ontologies/demo/ConstAbstractInterpretationObservable/ConstMultiplyDivideDemo/index.html
    [junit] 6522 ms. Memory: 1826304K Free: 1670488K (91%)
    [junit] ####### 46 Mon May 14 01:40:57 UTC 2018 $PTII/bin/ptinvoke ptolemy.vergil.basic.export.ExportModel -force htm -run -openComposites -timeOut 30000 -whiteBackground ptolemy/data/ontologies/demo/ConstAbstractInterpretationObservable/ConstScaleDemo.xml $PTII/ptolemy/data/ontologies/demo/ConstAbstractInterpretationObservable/ConstScaleDemo
    [junit] Running .ConstScaleDemo
    [junit] 1063 ms. Memory: 1826304K Free: 838604K (46%)
    [junit] Exported /home/travis/build/icyphy/ptII/ptolemy/data/ontologies/demo/ConstAbstractInterpretationObservable/ConstScaleDemo/index.html
    [junit] 5275 ms. Memory: 1826304K Free: 740820K (41%)
    [junit] ####### 47 Mon May 14 01:41:02 UTC 2018 $PTII/bin/ptinvoke ptolemy.vergil.basic.export.ExportModel -force htm  -openComposites -timeOut 30000 -whiteBackground ptolemy/data/ontologies/demo/ConstNonconst/Const.xml $PTII/ptolemy/data/ontologies/demo/ConstNonconst/Const
    [junit] Warning: not running ptolemy/data/ontologies/demo/ConstNonconst/Const.xml. See ptolemy/vergil/basic/export/test/junit/ExportModelJUnitTest.java
    [junit] Exported /home/travis/build/icyphy/ptII/ptolemy/data/ontologies/demo/ConstNonconst/Const/index.html
    [junit] 3189 ms. Memory: 1826304K Free: 563180K (31%)
    [junit] ####### 48 Mon May 14 01:41:05 UTC 2018 $PTII/bin/ptinvoke ptolemy.vergil.basic.export.ExportModel -force htm -run -openComposites -timeOut 30000 -whiteBackground ptolemy/data/ontologies/demo/ConstNonconst/ConstNonconst.xml $PTII/ptolemy/data/ontologies/demo/ConstNonconst/ConstNonconst
    [junit] Running .ConstNonconst
    [junit] 343 ms. Memory: 1826304K Free: 249655K (14%)
    [junit] Exported /home/travis/build/icyphy/ptII/ptolemy/data/ontologies/demo/ConstNonconst/ConstNonconst/index.html
    [junit] 4507 ms. Memory: 1789952K Free: 1624544K (91%)
    [junit] ####### 49 Mon May 14 01:41:10 UTC 2018 $PTII/bin/ptinvoke ptolemy.vergil.basic.export.ExportModel -force htm -run -openComposites -timeOut 30000 -whiteBackground ptolemy/data/ontologies/demo/ConstPropagation/BooleanSwitchDemoProductLattice.xml $PTII/ptolemy/data/ontologies/demo/ConstPropagation/BooleanSwitchDemoProductLattice
    [junit] Running .BooleanSwitchDemoProductLattice
    [junit] 1210 ms. Memory: 1789952K Free: 699424K (39%)
    [junit] Exported /home/travis/build/icyphy/ptII/ptolemy/data/ontologies/demo/ConstPropagation/BooleanSwitchDemoProductLattice/index.html
    [junit] 5664 ms. Memory: 1789952K Free: 616758K (34%)
    [junit] ####### 50 Mon May 14 01:41:15 UTC 2018 $PTII/bin/ptinvoke ptolemy.vergil.basic.export.ExportModel -force htm -run -openComposites -timeOut 30000 -whiteBackground ptolemy/data/ontologies/demo/ConstPropagation/ConstComparatorEqualToDemo.xml $PTII/ptolemy/data/ontologies/demo/ConstPropagation/ConstComparatorEqualToDemo
    [junit] Running .ConstComparatorEqualToDemo
    [junit] 1866 ms. Memory: 1823744K Free: 1042626K (57%)
    [junit] Exported /home/travis/build/icyphy/ptII/ptolemy/data/ontologies/demo/ConstPropagation/ConstComparatorEqualToDemo/index.html
    [junit] 6165 ms. Memory: 1823744K Free: 958334K (53%)
    [junit] ####### 51 Mon May 14 01:41:21 UTC 2018 $PTII/bin/ptinvoke ptolemy.vergil.basic.export.ExportModel -force htm -run -openComposites -timeOut 30000 -whiteBackground ptolemy/data/ontologies/demo/ConstPropagation/ConstComparatorGreaterThanDemo.xml $PTII/ptolemy/data/ontologies/demo/ConstPropagation/ConstComparatorGreaterThanDemo
    [junit] Running .ConstComparatorGreaterThanDemo
    [junit] 1703 ms. Memory: 1811968K Free: 1316324K (73%)
    [junit] Exported /home/travis/build/icyphy/ptII/ptolemy/data/ontologies/demo/ConstPropagation/ConstComparatorGreaterThanDemo/index.html
    [junit] 5972 ms. Memory: 1811968K Free: 1234388K (68%)
    [junit] ####### 52 Mon May 14 01:41:27 UTC 2018 $PTII/bin/ptinvoke ptolemy.vergil.basic.export.ExportModel -force htm -run -openComposites -timeOut 30000 -whiteBackground ptolemy/data/ontologies/demo/ConstPropagation/ConstMultiplyDivideDemo.xml $PTII/ptolemy/data/ontologies/demo/ConstPropagation/ConstMultiplyDivideDemo
    [junit] Running .ConstMultiplyDivideDemo
    [junit] 2904 ms. Memory: 1802752K Free: 1039552K (58%)
    [junit] Exported /home/travis/build/icyphy/ptII/ptolemy/data/ontologies/demo/ConstPropagation/ConstMultiplyDivideDemo/index.html
    [junit] 7259 ms. Memory: 1802752K Free: 916670K (51%)
    [junit] ####### 53 Mon May 14 01:41:35 UTC 2018 $PTII/bin/ptinvoke ptolemy.vergil.basic.export.ExportModel -force htm  -openComposites -timeOut 30000 -whiteBackground ptolemy/data/ontologies/demo/ConstPropagation/ConstPropagation.xml $PTII/ptolemy/data/ontologies/demo/ConstPropagation/ConstPropagation
    [junit] Warning: not running ptolemy/data/ontologies/demo/ConstPropagation/ConstPropagation.xml. See ptolemy/vergil/basic/export/test/junit/ExportModelJUnitTest.java
    [junit] Exported /home/travis/build/icyphy/ptII/ptolemy/data/ontologies/demo/ConstPropagation/ConstPropagation/index.html
    [junit] 3164 ms. Memory: 1802752K Free: 766651K (43%)
    [junit] ####### 54 Mon May 14 01:41:38 UTC 2018 $PTII/bin/ptinvoke ptolemy.vergil.basic.export.ExportModel -force htm -run -openComposites -timeOut 30000 -whiteBackground ptolemy/data/ontologies/demo/ConstPropagation/ConstPropagationAbsIntObservableReachableProductSolverModel.xml $PTII/ptolemy/data/ontologies/demo/ConstPropagation/ConstPropagationAbsIntObservableReachableProductSolverModel
    [junit] .ConstPropagationAbsIntObservableReachableProductSolverModel is a ptolemy.data.ontologies.OntologySolverModel not a TypedCompositeActor, so it cannot be run.
    [junit] Exported /home/travis/build/icyphy/ptII/ptolemy/data/ontologies/demo/ConstPropagation/ConstPropagationAbsIntObservableReachableProductSolverModel/index.html
    [junit] 4741 ms. Memory: 1802752K Free: 229047K (13%)
    [junit] ####### 55 Mon May 14 01:41:43 UTC 2018 $PTII/bin/ptinvoke ptolemy.vergil.basic.export.ExportModel -force htm -run -openComposites -timeOut 30000 -whiteBackground ptolemy/data/ontologies/demo/ConstPropagation/ConstPropagationAbsIntScale.xml $PTII/ptolemy/data/ontologies/demo/ConstPropagation/ConstPropagationAbsIntScale
    [junit] Running .ConstPropagationAbsIntScale
    [junit] 25 ms. Memory: 1808896K Free: 1557228K (86%)
    [junit] Exported /home/travis/build/icyphy/ptII/ptolemy/data/ontologies/demo/ConstPropagation/ConstPropagationAbsIntScale/index.html
    [junit] 4335 ms. Memory: 1808896K Free: 1529104K (85%)
    [junit] ####### 56 Mon May 14 01:41:47 UTC 2018 $PTII/bin/ptinvoke ptolemy.vergil.basic.export.ExportModel -force htm -run -openComposites -timeOut 30000 -whiteBackground ptolemy/data/ontologies/demo/ConstPropagation/SimpleConstPropagationDemo.xml $PTII/ptolemy/data/ontologies/demo/ConstPropagation/SimpleConstPropagationDemo
    [junit] Running .SimpleConstPropagationDemo
    [junit] 384 ms. Memory: 1808896K Free: 1232028K (68%)
    [junit] Exported /home/travis/build/icyphy/ptII/ptolemy/data/ontologies/demo/ConstPropagation/SimpleConstPropagationDemo/index.html
    [junit] 4576 ms. Memory: 1808896K Free: 1169380K (65%)
    [junit] ####### 57 Mon May 14 01:41:52 UTC 2018 $PTII/bin/ptinvoke ptolemy.vergil.basic.export.ExportModel -force htm -run -openComposites -timeOut 30000 -whiteBackground ptolemy/data/ontologies/demo/ConstPropagation/SimpleNonconstPropagationDemo.xml $PTII/ptolemy/data/ontologies/demo/ConstPropagation/SimpleNonconstPropagationDemo
    [junit] Running .SimpleNonconstPropagationDemo
    [junit] 335 ms. Memory: 1808896K Free: 862902K (48%)
    [junit] Exported /home/travis/build/icyphy/ptII/ptolemy/data/ontologies/demo/ConstPropagation/SimpleNonconstPropagationDemo/index.html
    [junit] 4562 ms. Memory: 1808896K Free: 811070K (45%)
    [junit] ####### 58 Mon May 14 01:41:56 UTC 2018 $PTII/bin/ptinvoke ptolemy.vergil.basic.export.ExportModel -force htm  -openComposites -timeOut 30000 -whiteBackground ptolemy/data/ontologies/demo/DimensionSystemExample/DimensionSystemExample.xml $PTII/ptolemy/data/ontologies/demo/DimensionSystemExample/DimensionSystemExample
    [junit] Warning: not running ptolemy/data/ontologies/demo/DimensionSystemExample/DimensionSystemExample.xml. See ptolemy/vergil/basic/export/test/junit/ExportModelJUnitTest.java
    [junit] Exported /home/travis/build/icyphy/ptII/ptolemy/data/ontologies/demo/DimensionSystemExample/DimensionSystemExample/index.html
    [junit] 3202 ms. Memory: 1808896K Free: 652927K (36%)
    [junit] ####### 59 Mon May 14 01:41:59 UTC 2018 $PTII/bin/ptinvoke ptolemy.vergil.basic.export.ExportModel -force htm -run -openComposites -timeOut 30000 -whiteBackground ptolemy/data/ontologies/demo/ExceptionAnalysis/ExceptionAnalysis.xml $PTII/ptolemy/data/ontologies/demo/ExceptionAnalysis/ExceptionAnalysis
    [junit] Running .ExceptionAnalysis
    [junit] 10 ms. Memory: 1808896K Free: 537810K (30%)
    [junit] Exported /home/travis/build/icyphy/ptII/ptolemy/data/ontologies/demo/ExceptionAnalysis/ExceptionAnalysis/index.html
    [junit] 4212 ms. Memory: 1808896K Free: 475722K (26%)
    [junit] ####### 60 Mon May 14 01:42:04 UTC 2018 $PTII/bin/ptinvoke ptolemy.vergil.basic.export.ExportModel -force htm -run -openComposites -timeOut 30000 -whiteBackground ptolemy/data/ontologies/demo/MonotonicityAnalysis/MonotonicityAnalysis.xml $PTII/ptolemy/data/ontologies/demo/MonotonicityAnalysis/MonotonicityAnalysis
    [junit] Running .MonotonicityAnalysis
    [junit] 105 ms. Memory: 1808896K Free: 298326K (16%)
    [junit] Exported /home/travis/build/icyphy/ptII/ptolemy/data/ontologies/demo/MonotonicityAnalysis/MonotonicityAnalysis/index.html
    [junit] 4292 ms. Memory: 1808896K Free: 248125K (14%)
    [junit] ####### 61 Mon May 14 01:42:08 UTC 2018 $PTII/bin/ptinvoke ptolemy.vergil.basic.export.ExportModel -force htm -run -openComposites -timeOut 30000 -whiteBackground ptolemy/data/ontologies/demo/Observable/Observable.xml $PTII/ptolemy/data/ontologies/demo/Observable/Observable
    [junit] Running .Observable
    [junit] 136 ms. Memory: 1803776K Free: 1492101K (83%)
    [junit] Exported /home/travis/build/icyphy/ptII/ptolemy/data/ontologies/demo/Observable/Observable/index.html
    [junit] 4289 ms. Memory: 1803776K Free: 1449655K (80%)
    [junit] ####### 62 Mon May 14 01:42:12 UTC 2018 $PTII/bin/ptinvoke ptolemy.vergil.basic.export.ExportModel -force htm -run -openComposites -timeOut 30000 -whiteBackground ptolemy/data/ontologies/demo/ProductLattices/BooleanSwitchDemoProductLattice.xml $PTII/ptolemy/data/ontologies/demo/ProductLattices/BooleanSwitchDemoProductLattice
    [junit] Running .BooleanSwitchDemoProductLattice
    [junit] 2369 ms. Memory: 1807360K Free: 1211202K (67%)
    [junit] Exported /home/travis/build/icyphy/ptII/ptolemy/data/ontologies/demo/ProductLattices/BooleanSwitchDemoProductLattice/index.html
    [junit] 6815 ms. Memory: 1807360K Free: 1099252K (61%)
    [junit] ####### 63 Mon May 14 01:42:19 UTC 2018 $PTII/bin/ptinvoke ptolemy.vergil.basic.export.ExportModel -force htm -run -openComposites -timeOut 30000 -whiteBackground ptolemy/data/ontologies/demo/ProductLattices/ConstAbsIntObservableReachableProductSolverModel.xml $PTII/ptolemy/data/ontologies/demo/ProductLattices/ConstAbsIntObservableReachableProductSolverModel
    [junit] .ConstAbsIntObservableReachableProductSolverModel is a ptolemy.data.ontologies.OntologySolverModel not a TypedCompositeActor, so it cannot be run.
    [junit] Exported /home/travis/build/icyphy/ptII/ptolemy/data/ontologies/demo/ProductLattices/ConstAbsIntObservableReachableProductSolverModel/index.html
    [junit] 4603 ms. Memory: 1807360K Free: 594349K (33%)
    [junit] ####### 64 Mon May 14 01:42:24 UTC 2018 $PTII/bin/ptinvoke ptolemy.vergil.basic.export.ExportModel -force htm -run -openComposites -timeOut 30000 -whiteBackground ptolemy/data/ontologies/demo/ProductLattices/ConstMultiplyDivideDemoProductLattice.xml $PTII/ptolemy/data/ontologies/demo/ProductLattices/ConstMultiplyDivideDemoProductLattice
    [junit] Running .ConstMultiplyDivideDemoProductLattice
    [junit] 1526 ms. Memory: 1809408K Free: 993804K (55%)
    [junit] Exported /home/travis/build/icyphy/ptII/ptolemy/data/ontologies/demo/ProductLattices/ConstMultiplyDivideDemoProductLattice/index.html
    [junit] 5805 ms. Memory: 1809408K Free: 909457K (50%)
    [junit] ####### 65 Mon May 14 01:42:29 UTC 2018 $PTII/bin/ptinvoke ptolemy.vergil.basic.export.ExportModel -force htm -run -openComposites -timeOut 30000 -whiteBackground ptolemy/data/ontologies/demo/ProductLattices/ConstScaleDemoProductLattice.xml $PTII/ptolemy/data/ontologies/demo/ProductLattices/ConstScaleDemoProductLattice
    [junit] Running .ConstScaleDemoProductLattice
    [junit] 1008 ms. Memory: 1810432K Free: 1561419K (86%)
    [junit] Exported /home/travis/build/icyphy/ptII/ptolemy/data/ontologies/demo/ProductLattices/ConstScaleDemoProductLattice/index.html
    [junit] 5269 ms. Memory: 1810432K Free: 1475396K (81%)
    [junit] ####### 66 Mon May 14 01:42:35 UTC 2018 $PTII/bin/ptinvoke ptolemy.vergil.basic.export.ExportModel -force htm  -openComposites -timeOut 30000 -whiteBackground ptolemy/data/ontologies/demo/ProductLattices/ConstScaleZeroDemoProductLattice.xml $PTII/ptolemy/data/ontologies/demo/ProductLattices/ConstScaleZeroDemoProductLattice
    [junit] Warning: not running ptolemy/data/ontologies/demo/ProductLattices/ConstScaleZeroDemoProductLattice.xml. See ptolemy/vergil/basic/export/test/junit/ExportModelJUnitTest.java
    [junit] Exported /home/travis/build/icyphy/ptII/ptolemy/data/ontologies/demo/ProductLattices/ConstScaleZeroDemoProductLattice/index.html
    [junit] 3224 ms. Memory: 1810432K Free: 1261689K (70%)
    [junit] ####### 67 Mon May 14 01:42:38 UTC 2018 $PTII/bin/ptinvoke ptolemy.vergil.basic.export.ExportModel -force htm  -openComposites -timeOut 30000 -whiteBackground ptolemy/data/ontologies/demo/ProductLattices/LatticeComposition.xml $PTII/ptolemy/data/ontologies/demo/ProductLattices/LatticeComposition
    [junit] Warning: not running ptolemy/data/ontologies/demo/ProductLattices/LatticeComposition.xml. See ptolemy/vergil/basic/export/test/junit/ExportModelJUnitTest.java
    [junit] Exported /home/travis/build/icyphy/ptII/ptolemy/data/ontologies/demo/ProductLattices/LatticeComposition/index.html
    [junit] 3241 ms. Memory: 1810432K Free: 936759K (52%)
    [junit] ####### 68 Mon May 14 01:42:41 UTC 2018 $PTII/bin/ptinvoke ptolemy.vergil.basic.export.ExportModel -force htm -run -openComposites -timeOut 30000 -whiteBackground ptolemy/data/ontologies/demo/ProductLattices/LatticeCompositionSolverModel.xml $PTII/ptolemy/data/ontologies/demo/ProductLattices/LatticeCompositionSolverModel
    [junit] .LatticeCompositionSolverModel is a ptolemy.data.ontologies.OntologySolverModel not a TypedCompositeActor, so it cannot be run.
    [junit] Exported /home/travis/build/icyphy/ptII/ptolemy/data/ontologies/demo/ProductLattices/LatticeCompositionSolverModel/index.html
    [junit] 4476 ms. Memory: 1810432K Free: 284332K (16%)
    [junit] ####### 69 Mon May 14 01:42:46 UTC 2018 $PTII/bin/ptinvoke ptolemy.vergil.basic.export.ExportModel -force htm  -openComposites -timeOut 30000 -whiteBackground ptolemy/data/ontologies/demo/ProductLattices/ProductLattices.xml $PTII/ptolemy/data/ontologies/demo/ProductLattices/ProductLattices
    [junit] Warning: not running ptolemy/data/ontologies/demo/ProductLattices/ProductLattices.xml. See ptolemy/vergil/basic/export/test/junit/ExportModelJUnitTest.java
    [junit] Exported /home/travis/build/icyphy/ptII/ptolemy/data/ontologies/demo/ProductLattices/ProductLattices/index.html
    [junit] 3210 ms. Memory: 1816576K Free: 1586338K (87%)
    [junit] ####### 70 Mon May 14 01:42:49 UTC 2018 $PTII/bin/ptinvoke ptolemy.vergil.basic.export.ExportModel -force htm -run -openComposites -timeOut 30000 -whiteBackground ptolemy/data/ontologies/demo/ProductLattices/SimpleConstDemo.xml $PTII/ptolemy/data/ontologies/demo/ProductLattices/SimpleConstDemo
    [junit] Running .SimpleConstDemo
    [junit] 110 ms. Memory: 1816576K Free: 1410973K (78%)
    [junit] Exported /home/travis/build/icyphy/ptII/ptolemy/data/ontologies/demo/ProductLattices/SimpleConstDemo/index.html
    [junit] 4311 ms. Memory: 1816576K Free: 1365276K (75%)
    [junit] ####### 71 Mon May 14 01:42:53 UTC 2018 $PTII/bin/ptinvoke ptolemy.vergil.basic.export.ExportModel -force htm -run -openComposites -timeOut 30000 -whiteBackground ptolemy/data/ontologies/demo/ProductLattices/SimpleNonconstDemo.xml $PTII/ptolemy/data/ontologies/demo/ProductLattices/SimpleNonconstDemo
    [junit] Running .SimpleNonconstDemo
    [junit] 268 ms. Memory: 1816576K Free: 1077564K (59%)
    [junit] Exported /home/travis/build/icyphy/ptII/ptolemy/data/ontologies/demo/ProductLattices/SimpleNonconstDemo/index.html
    [junit] 4488 ms. Memory: 1816576K Free: 1025480K (56%)
    [junit] 
    [junit] Error: 
    [junit] TransformationEditor: Ignoring clone of .Utilities beause we don't known how to import it. Exception was: ptolemy.kernel.util.NameDuplicationException: Attempt to insert object named "Utilities" into container named ".library", which already contains an object with that name.
    [junit] TransformationEditor: Ignoring clone of .Directors beause we don't known how to import it. Exception was: ptolemy.kernel.util.NameDuplicationException: Attempt to insert object named "Directors" into container named ".library", which already contains an object with that name.
    [junit] TransformationEditor: Ignoring clone of .Actors beause we don't known how to import it. Exception was: ptolemy.kernel.util.NameDuplicationException: Attempt to insert object named "Actors" into container named ".library", which already contains an object with that name.
    [junit] TransformationEditor: Ignoring clone of .MoreLibraries beause we don't known how to import it. Exception was: ptolemy.kernel.util.NameDuplicationException: Attempt to insert object named "MoreLibraries" into container named ".library", which already contains an object with that name.
    [junit] TransformationEditor: Ignoring clone of .Utilities beause we don't known how to import it. Exception was: ptolemy.kernel.util.NameDuplicationException: Attempt to insert object named "Utilities" into container named ".library", which already contains an object with that name.
    [junit] TransformationEditor: Ignoring clone of .Directors beause we don't known how to import it. Exception was: ptolemy.kernel.util.NameDuplicationException: Attempt to insert object named "Directors" into container named ".library", which already contains an object with that name.
    [junit] TransformationEditor: Ignoring clone of .Actors beause we don't known how to import it. Exception was: ptolemy.kernel.util.NameDuplicationException: Attempt to insert object named "Actors" into container named ".library", which already contains an object with that name.
    [junit] TransformationEditor: Ignoring clone of .MoreLibraries beause we don't known how to import it. Exception was: ptolemy.kernel.util.NameDuplicationException: Attempt to insert object named "MoreLibraries" into container named ".library", which already contains an object with that name.
    [junit] TransformationEditor: Ignoring clone of .Utilities beause we don't known how to import it. Exception was: ptolemy.kernel.util.NameDuplicationException: Attempt to insert object named "Utilities" into container named ".library", which already contains an object with that name.
    [junit] TransformationEditor: Ignoring clone of .Directors beause we don't known how to import it. Exception was: ptolemy.kernel.util.NameDuplicationException: Attempt to insert object named "Directors" into container named ".library", which already contains an object with that name.
    [junit] TransformationEditor: Ignoring clone of .Actors beause we don't known how to import it. Exception was: ptolemy.kernel.util.NameDuplicationException: Attempt to insert object named "Actors" into container named ".library", which already contains an object with that name.
    [junit] TransformationEditor: Ignoring clone of .MoreLibraries beause we don't known how to import it. Exception was: ptolemy.kernel.util.NameDuplicationException: Attempt to insert object named "MoreLibraries" into container named ".library", which already contains an object with that name.
    [junit] TransformationEditor: Ignoring clone of .Utilities beause we don't known how to import it. Exception was: ptolemy.kernel.util.NameDuplicationException: Attempt to insert object named "Utilities" into container named ".library", which already contains an object with that name.
    [junit] TransformationEditor: Ignoring clone of .Directors beause we don't known how to import it. Exception was: ptolemy.kernel.util.NameDuplicationException: Attempt to insert object named "Directors" into container named ".library", which already contains an object with that name.
    [junit] TransformationEditor: Ignoring clone of .Actors beause we don't known how to import it. Exception was: ptolemy.kernel.util.NameDuplicationException: Attempt to insert object named "Actors" into container named ".library", which already contains an object with that name.
    [junit] TransformationEditor: Ignoring clone of .MoreLibraries beause we don't known how to import it. Exception was: ptolemy.kernel.util.NameDuplicationException: Attempt to insert object named "MoreLibraries" into container named ".library", which already contains an object with that name.
    [junit] Model ended with a deadlock (this may be normal for this model).
    [junit] A parameter with name SuppressDeadlockReporting and value true will suppress this message.
    [junit] 

BUILD SUCCESSFUL
Total time: 9 minutes 31 seconds
