/home/travis/build/icyphy/ptII/bin/ant: Running /home/travis/build/icyphy/ptII/ant/bin/ant build test.capecode1.xml
Buildfile: /home/travis/build/icyphy/ptII/build.xml

build-message:
     [echo] Use ant -p to see other targets. JAVA_HOME=/usr/lib/jvm/java-8-oracle
     [echo] tools.jar is necessary for compilation of doc/doclets/.
     [echo] If compilation fails, try setting JAVA_HOME to the location of the JDK.
     [echo] For example:
     [echo]   [bldmastr@sisyphus ptII]$ which java
     [echo]   /usr/bin/java
     [echo]   [bldmastr@sisyphus ptII]$ ls -l /usr/bin/java
     [echo]   lrwxrwxrwx 1 root root 26 Jul 31 10:12 /usr/bin/java -> /usr/java/default/bin/java
     [echo]   [bldmastr@sisyphus ptII]$ export JAVA_HOME=/usr/java/default
     [echo]     

-build-subprojects-empty:

-check-maven-ant-task:

build-websensor:

build-subprojects:

-check-node:

-check-node-works:
     [exec] v7.10.1

-check-npm:

-check-npm-works:
     [exec] 4.2.0

-check-if-npmjs-org-is-up:
     [echo] Check to see if https://www.npmjs.org is up.

-jsdoc-no-network-message:

-check-jsdoc:

jsdoc-install:
    [mkdir] Created dir: /home/travis/build/icyphy/ptII/node_modules
     [exec] /home/travis/build/icyphy/ptII
     [exec] └─┬ @terraswarm/jsdoc@3.5.1-dev 
     [exec]   ├── bluebird@3.4.7 
     [exec]   ├─┬ catharsis@0.8.9 
     [exec]   │ └─┬ underscore-contrib@0.3.0 
     [exec]   │   └── underscore@1.6.0 
     [exec]   ├── escape-string-regexp@1.0.5 
     [exec]   ├─┬ espree@3.1.7 
     [exec]   │ ├── acorn@3.3.0 
     [exec]   │ └── acorn-jsx@3.0.1 
     [exec]   ├── js2xmlparser@1.0.0 
     [exec]   ├─┬ klaw@1.3.1 
     [exec]   │ └── graceful-fs@4.1.11 
     [exec]   ├── marked@0.3.19 
     [exec]   ├─┬ mkdirp@0.5.1 
     [exec]   │ └── minimist@0.0.8 
     [exec]   ├─┬ requizzle@0.2.1 
     [exec]   │ └── underscore@1.6.0 
     [exec]   ├── strip-json-comments@2.0.1 
     [exec]   ├── taffydb@2.6.2 
     [exec]   └── underscore@1.8.3 
     [exec] 
     [exec] npm WARN enoent ENOENT: no such file or directory, open '/home/travis/build/icyphy/ptII/package.json'
     [exec] npm WARN ptII No description
     [exec] npm WARN ptII No repository field.
     [exec] npm WARN ptII No README data
     [exec] npm WARN ptII No license field.

jsdoc-update:

-ptdoc-no-node:

-ptdoc-no-npm:

ptdoc:
     [echo] 
     [echo]       If the ptdoc target fails, then try running:
     [echo]           ant build-project build-bin
     [echo]     

-check-node:

-check-node-works:
     [exec] v7.10.1

-check-npm:

-check-npm-works:
     [exec] 4.2.0

-check-if-npmjs-org-is-up:
     [echo] Check to see if https://www.npmjs.org is up.

-jsdoc-no-network-message:

-check-jsdoc:
     [echo] To stop CapeCode from invoking jsdoc and svn, set the PT_NO_NET environment variable.  
     [echo]     Under BASH:
     [echo]         export PT_NO_NET=true
     [echo]     If ptdoc fails, and you are building from $PTII, try:
     [echo]         ant build-project build-bin
     [echo]     

jsdoc-install:
     [echo] npm.executable: npm
    [mkdir] Created dir: /home/travis/build/icyphy/ptII/org/terraswarm/accessor/accessors/node_modules
     [exec] /home/travis/build/icyphy/ptII/org/terraswarm/accessor/accessors
     [exec] └─┬ @terraswarm/jsdoc@3.5.1-dev 
     [exec]   ├── bluebird@3.4.7 
     [exec]   ├─┬ catharsis@0.8.9 
     [exec]   │ └─┬ underscore-contrib@0.3.0 
     [exec]   │   └── underscore@1.6.0 
     [exec]   ├── escape-string-regexp@1.0.5 
     [exec]   ├─┬ espree@3.1.7 
     [exec]   │ ├── acorn@3.3.0 
     [exec]   │ └── acorn-jsx@3.0.1 
     [exec]   ├── js2xmlparser@1.0.0 
     [exec]   ├─┬ klaw@1.3.1 
     [exec]   │ └── graceful-fs@4.1.11 
     [exec]   ├── marked@0.3.19 
     [exec]   ├─┬ mkdirp@0.5.1 
     [exec]   │ └── minimist@0.0.8 
     [exec]   ├─┬ requizzle@0.2.1 
     [exec]   │ └── underscore@1.6.0 
     [exec]   ├── strip-json-comments@2.0.1 
     [exec]   ├── taffydb@2.6.2 
     [exec]   └── underscore@1.8.3 
     [exec] 
     [exec] npm WARN enoent ENOENT: no such file or directory, open '/home/travis/build/icyphy/ptII/org/terraswarm/accessor/accessors/package.json'
     [exec] npm WARN accessors No description
     [exec] npm WARN accessors No repository field.
     [exec] npm WARN accessors No README data
     [exec] npm WARN accessors No license field.

jsdoc-update:

-ptdoc-no-node-message:

-ptdoc-no-npm-message:

-check-jsdoc-again:

-jsdoc-command-message:

ptdoc:
     [echo] Invoke /home/travis/build/icyphy/ptII/org/terraswarm/accessor/accessors/web/../node_modules/@terraswarm/jsdoc/jsdoc.js to read *.js files and generate *PtDoc.xml files suitable for Ptolemy.
     [echo]     See https://chess.eecs.berkeley.edu/ptexternal/wiki/Main/JSDocSystems
     [echo]     See jsdoc/jsdoc.json
     [echo]     See jsdoc/plugins/accessorJSDocTags.js
     [echo]     See jsdoc/templates/ptdoc/publish.js
     [echo] 
     [echo]     If the ptdoc target fails, the there is likely a problem with node or npm.  It is possible
     [echo]     to use CapeCode even if the ptdoc target fails.
     [echo]     
     [echo]     If you are building from $PTII, try:
     [echo]         ant build-project build-bin
     [echo] 
     [echo]     
     [exec] Generating output files...
     [exec] Finished running in 3.98 seconds.

build-project:
     [echo] ptII: /home/travis/build/icyphy/ptII/build.xml
    [javac] Compiling 4705 source files to /home/travis/build/icyphy/ptII
    [javac] /home/travis/build/icyphy/ptII/ptolemy/util/StringUtilities.java:48: warning: Unsafe is internal proprietary API and may be removed in a future release
    [javac] import sun.misc.Unsafe;
    [javac]                ^
    [javac] warning: Supported source version 'RELEASE_6' from annotation processor 'org.netbeans.modules.openide.util.NbBundleProcessor' less than -source '1.8'
    [javac] warning: Supported source version 'RELEASE_6' from annotation processor 'org.netbeans.modules.openide.util.URLStreamHandlerRegistrationProcessor' less than -source '1.8'
    [javac] warning: Supported source version 'RELEASE_6' from annotation processor 'org.netbeans.modules.openide.util.ServiceProviderProcessor' less than -source '1.8'
    [javac] /home/travis/build/icyphy/ptII/ptolemy/util/StringUtilities.java:48: warning: Unsafe is internal proprietary API and may be removed in a future release
    [javac] import sun.misc.Unsafe;
    [javac]                ^
    [javac] /home/travis/build/icyphy/ptII/ptolemy/util/StringUtilities.java:48: warning: Unsafe is internal proprietary API and may be removed in a future release
    [javac] import sun.misc.Unsafe;
    [javac]                ^
    [javac] /home/travis/build/icyphy/ptII/ptolemy/util/StringUtilities.java:118: warning: Unsafe is internal proprietary API and may be removed in a future release
    [javac]             Field theUnsafe = Unsafe.class.getDeclaredField("theUnsafe");
    [javac]                               ^
    [javac] /home/travis/build/icyphy/ptII/ptolemy/util/StringUtilities.java:120: warning: Unsafe is internal proprietary API and may be removed in a future release
    [javac]             Unsafe unsafe = (Unsafe) theUnsafe.get(null);
    [javac]             ^
    [javac] /home/travis/build/icyphy/ptII/ptolemy/util/StringUtilities.java:120: warning: Unsafe is internal proprietary API and may be removed in a future release
    [javac]             Unsafe unsafe = (Unsafe) theUnsafe.get(null);
    [javac]                              ^
    [javac] Note: Some input files use or override a deprecated API.
    [javac] Note: Recompile with -Xlint:deprecation for details.
    [javac] Note: Some input files use unchecked or unsafe operations.
    [javac] Note: Recompile with -Xlint:unchecked for details.
    [javac] 9 warnings

-check-ptII-mk-file:

-check-bin-vergil:

-check-make-bin-vergil:

build-bin-not:

build-not-bin-vergil:
     [echo] 
     [echo] 	$PTII/bin/vergil does not exist, perhaps (cd $PTII/bin; make) has not been run?
     [echo] 	This can happen if the make binary cannot be found in the path or if $PTII/mk/ptII.mk
     [echo] 	is not present.
     [echo] 	Skipping running make in $PTII/bin, which creates scripts like $PTII/bin/vergil.
     [echo] 	This is only an issue if you want to invoke "$PTII/bin/vergil" instead of "ant vergil".
     [echo] 	However, $PTII/bin does include other scripts that may be of use.
     [echo]       

build-bin:
     [exec] for file in .momllib-util .nc2moml-util .ncapp2moml-util capecode convertToLazy copernicus decompile emachine giottoc histogram homer jode mescal moml obfuscate ptcg ptcodegen ptexecute ptjacl ptjaclapp ptplot ptstartjini ptolemy ptweb pxgraph soot tinicomm tinic tiniconverter startjini.gui vergil; do \
     [exec] 		echo "$file"; \
     [exec] 		rm -f "$file"; \
     [exec] 		ln -s ptinvoke "$file"; \
     [exec] 		chmod a+x "$file"; \
     [exec] 	done
     [exec] .momllib-util
     [exec] .nc2moml-util
     [exec] .ncapp2moml-util
     [exec] capecode
     [exec] convertToLazy
     [exec] copernicus
     [exec] decompile
     [exec] emachine
     [exec] giottoc
     [exec] histogram
     [exec] homer
     [exec] jode
     [exec] mescal
     [exec] moml
     [exec] obfuscate
     [exec] ptcg
     [exec] ptcodegen
     [exec] ptexecute
     [exec] ptjacl
     [exec] ptjaclapp
     [exec] ptplot
     [exec] ptstartjini
     [exec] ptolemy
     [exec] ptweb
     [exec] pxgraph
     [exec] soot
     [exec] tinicomm
     [exec] tinic
     [exec] tiniconverter
     [exec] startjini.gui
     [exec] vergil
     [exec] rm -f makebat
     [exec] ln -s ptinvoke makebat
     [exec] rm -f ".momllib-util.bat"
     [exec] ./makebat -q "`basename .momllib-util.bat .bat`"
     [exec] rm -f ".nc2moml-util.bat"
     [exec] ./makebat -q "`basename .nc2moml-util.bat .bat`"
     [exec] rm -f ".ncapp2moml-util.bat"
     [exec] ./makebat -q "`basename .ncapp2moml-util.bat .bat`"
     [exec] rm -f "capecode.bat"
     [exec] ./makebat -q "`basename capecode.bat .bat`"
     [exec] rm -f "convertToLazy.bat"
     [exec] ./makebat -q "`basename convertToLazy.bat .bat`"
     [exec] rm -f "copernicus.bat"
     [exec] ./makebat -q "`basename copernicus.bat .bat`"
     [exec] rm -f "decompile.bat"
     [exec] ./makebat -q "`basename decompile.bat .bat`"
     [exec] rm -f "emachine.bat"
     [exec] ./makebat -q "`basename emachine.bat .bat`"
     [exec] rm -f "giottoc.bat"
     [exec] ./makebat -q "`basename giottoc.bat .bat`"
     [exec] rm -f "histogram.bat"
     [exec] ./makebat -q "`basename histogram.bat .bat`"
     [exec] rm -f "homer.bat"
     [exec] ./makebat -q "`basename homer.bat .bat`"
     [exec] rm -f "jode.bat"
     [exec] ./makebat -q "`basename jode.bat .bat`"
     [exec] rm -f "mescal.bat"
     [exec] ./makebat -q "`basename mescal.bat .bat`"
     [exec] LD_LIBRARY_PATH = /home/travis/build/icyphy/ptII/mescal/lib:/home/travis/build/icyphy/ptII/mescal/bin:/usr/local/lib:/home/travis/build/icyphy/ptII/lib:/home/travis/pthla/certi-tools/lib:/home/travis/pthla/certi-tools/lib:/usr/lib/jni:/usr/local/share/OpenCV/java/:/usr/share/OpenCV/java:
     [exec] rm -f "moml.bat"
     [exec] ./makebat -q "`basename moml.bat .bat`"
     [exec] rm -f "obfuscate.bat"
     [exec] ./makebat -q "`basename obfuscate.bat .bat`"
     [exec] rm -f "ptcg.bat"
     [exec] ./makebat -q "`basename ptcg.bat .bat`"
     [exec] rm -f "ptcodegen.bat"
     [exec] ./makebat -q "`basename ptcodegen.bat .bat`"
     [exec] rm -f "ptexecute.bat"
     [exec] ./makebat -q "`basename ptexecute.bat .bat`"
     [exec] rm -f "ptjacl.bat"
     [exec] ./makebat -q "`basename ptjacl.bat .bat`"
     [exec] rm -f "ptjaclapp.bat"
     [exec] ./makebat -q "`basename ptjaclapp.bat .bat`"
     [exec] rm -f "ptplot.bat"
     [exec] ./makebat -q "`basename ptplot.bat .bat`"
     [exec] rm -f "ptstartjini.bat"
     [exec] ./makebat -q "`basename ptstartjini.bat .bat`"
     [exec] rm -f "ptolemy.bat"
     [exec] ./makebat -q "`basename ptolemy.bat .bat`"
     [exec] rm -f "ptweb.bat"
     [exec] ./makebat -q "`basename ptweb.bat .bat`"
     [exec] rm -f "pxgraph.bat"
     [exec] ./makebat -q "`basename pxgraph.bat .bat`"
     [exec] rm -f "soot.bat"
     [exec] ./makebat -q "`basename soot.bat .bat`"
     [exec] rm -f "tinicomm.bat"
     [exec] ./makebat -q "`basename tinicomm.bat .bat`"
     [exec] rm -f "tinic.bat"
     [exec] ./makebat -q "`basename tinic.bat .bat`"
     [exec] rm -f "tiniconverter.bat"
     [exec] ./makebat -q "`basename tiniconverter.bat .bat`"
     [exec] rm -f "startjini.gui.bat"
     [exec] ./makebat -q "`basename startjini.gui.bat .bat`"
     [exec] rm -f "vergil.bat"
     [exec] ./makebat -q "`basename vergil.bat .bat`"
     [exec] Cloning into 'universalJavaApplicationStub'...
     [exec] rm -f makeapp
     [exec] ln -s ptinvoke makeapp
     [exec] chmod a+x ptinvoke makeapp
     [exec] ./makeapp CapeCode.app CAPECODE -capecode
     [exec] ./makeapp: /home/travis/build/icyphy/ptII/vendors/universalJavaApplicationStub/src/universalJavaApplicationStub does not exist, creating it from GitHub.
     [exec] Updating universalJavaApplicationStub from /home/travis/build/icyphy/ptII/vendors/universalJavaApplicationStub/src/universalJavaApplicationStub
     [exec] Error: This Java instance does not support a 32-bit JVM.
     [exec] Please install the desired version.
     [exec] configure: WARNING: Running java -d32 -version failed,
     [exec]     and ./bin/java does not exist.
     [exec]     Perhaps you need to install a separate 32-bit JVM
     [exec]     or rerun configure with --with-java32?
     [exec]     The 32-bit JVM is only needed for certain 32-bit FMI tests.
     [exec]     In general, under a 64-bit JVM, FMI will work fine without a 32-bit JVM.
     [exec] configure: WARNING: '/usr/lib/jvm/java-8-oracle/bin/java' is not
     [exec]     the same as '/usr/bin/java'.
     [exec]     Perhaps '/usr/bin/java' is in your path before
     [exec]     '/usr/lib/jvm/java-8-oracle/bin/java'?
     [exec]     If you have problems later, be sure that you don't have a mismatch
     [exec]     in JDK versions.
     [exec] configure: WARNING: '/usr/lib/jvm/java-8-oracle/bin/javac' is not
     [exec] 	 the same as '/usr/bin/javac'.
     [exec] 	 Perhaps '/usr/bin/javac' is in your path
     [exec] 	 before '/usr/lib/jvm/java-8-oracle/bin/javac'?
     [exec] 	 If you have problems later, be sure that you don't have a mismatch
     [exec] 	 in JDK versions.
     [exec] configure: WARNING: Failed to find /usr/local/include/boost/numeric/odeint.hpp
     [exec]     This is only a problem if you want to rebuild the Functional
     [exec]     Mock-up Interface ++ C files in actor/lib/fmi/fmipp.
     [exec]     Most users can use the shared libraries in /home/travis/build/icyphy/ptII/lib or /home/travis/build/icyphy/ptII/bin.
     [exec] configure: WARNING: Failed to find Checkstyle in /home/travis/build/icyphy/ptII/vendors/checkstyle-6.2
     [exec]     Checkstyle is only necessary for code cleaning.
     [exec]     Checkstyle is LGPL'd, so while it could be in the ptII repo, we don't add it.
     [exec]     Checkstyle may be downloaded from http://checkstyle.sourceforge.net/
     [exec] configure: WARNING: Did not find /home/travis/build/icyphy/ptII/vendors/misc/colt/colt.jar,
     [exec]     using /home/travis/build/icyphy/ptII/lib/ptcolt.jar
     [exec] configure: WARNING: Failed to find Cobertura in /home/travis/build/icyphy/ptII/vendors/corbertura-2.0.3
     [exec]     Cobertura is only necessary to for code coverage.
     [exec]     Cobertura is GPL'd, so we don't check it in to the ptII repository.
     [exec]     Cobertura may be downloaded from http://cobertura.github.io/cobertura/
     [exec] configure: WARNING: Failed to find CUnit in /usr/local or
     [exec]     /home/travis/build/icyphy/ptII/vendors/CUnit.
     [exec]     CUnit is only necessary to test the C templates of the code generation facility
     [exec] configure: WARNING: Failed to find dbxml-X.Y shared library in /home/travis/build/icyphy/ptII/vendors/misc/dbxml-2.5.16/install/lib.
     [exec]     This means that the Ptolemy/Android HandSimDroid prototype will not run.
     [exec] configure: WARNING: Failed to find /home/travis/build/icyphy/ptII/vendors/mbed/gcc-arm/bin/arm-none-eabi-gcc
     [exec]     so the Mbed CG facility will not be run.
     [exec] JAITest.java:28: error: package javax.media.jai does not exist
     [exec] import javax.media.jai.*;
     [exec] ^
     [exec] 1 error
     [exec] configure: WARNING: JAI not found in the default classpath
     [exec] configure: WARNING: Failed to find /usr/local/jmodelica/include/jmi.h
     [exec]     which is part of JModelica.
     [exec]     Ptolemy optionally includes one or more FMUs that use JModelica.
     [exec]     To install JModelica, see https://svn.jmodelica.org/trunk/INSTALL
     [exec] JMFTest.java:28: error: package javax.media does not exist
     [exec] import javax.media.CaptureDeviceInfo;
     [exec]                   ^
     [exec] 1 error
     [exec] Exception in thread "main" java.lang.RuntimeException: Could not load opencv_java320.
     [exec]     java.library.path = /home/travis/build/icyphy/ptII/lib:/home/travis/build/icyphy/ptII/lib:/home/travis/pthla/certi-tools/lib:/home/travis/pthla/certi-tools/lib:/usr/lib/jni:/usr/local/share/OpenCV/java/:/usr/share/OpenCV/java::/usr/java/packages/lib/amd64:/usr/lib64:/lib64:/lib:/usr/lib
     [exec] 	at OpenCVTest.main(OpenCVTest.java:75)
     [exec] Caused by: java.lang.UnsatisfiedLinkError: no opencv_java320 in java.library.path
     [exec] 	at java.lang.ClassLoader.loadLibrary(ClassLoader.java:1867)
     [exec] 	at java.lang.Runtime.loadLibrary0(Runtime.java:870)
     [exec] 	at java.lang.System.loadLibrary(System.java:1122)
     [exec] 	at OpenCVTest.main(OpenCVTest.java:52)
     [exec] configure: WARNING: Failed to run OpenCV test program in /home/travis/build/icyphy/ptII/config with
     [exec]     /usr/lib/jvm/java-8-oracle/bin/java -classpath /home/travis/build/icyphy/ptII/lib/opencv-320.jar:. OpenCVTest
     [exec]     so we will try other jars.
     [exec] libdc1394 error: Failed to initialize libdc1394
     [exec] configure: WARNING: Could not find directory
     [exec]     '/home/travis/build/icyphy/ptII/vendors/sun/javacc-5.0'
     [exec]     so we search for the jjtree command.
     [exec] configure: WARNING: Failed to find jjtree
     [exec] configure: WARNING: Failed to find javacc, perhaps JavaCC is not installed?
     [exec]     You need not download JavaCC unless you plan on modifying .jjt files
     [exec]     in ptolemy/data/expr.
     [exec]     JavaCC is available from
     [exec]     http://javacc.dev.java.net/
     [exec] 
     [exec]     Note that the zip file that gets downloaded is actually an installer
     [exec]     that must be run to install the JavaCC.zip file that contains the classes.
     [exec] 
     [exec]     Note that JavaCC-4.1 and 4.2 will not work, there are problems with
     [exec]     ReInit() being static or not static.
     [exec] 
     [exec]     JavaCC-6.0 seems to not include the jjtree and javacc scripts, so
     [exec]     we recommend JavaCC-5.0.
     [exec] 
     [exec]     Try:
     [exec]     cd /home/travis/build/icyphy/ptII/vendors/sun
     [exec]     wget https://java.net/projects/javacc/downloads/download/javacc-5.0.tar.gz
     [exec]     tar -zxf javacc-5.0.tar.gz
     [exec]     cd /home/travis/build/icyphy/ptII
     [exec]     ./configure
     [exec] 
     [exec]     Configure looks for JavaCC in /home/travis/build/icyphy/ptII/vendors/sun/javacc-5.0
     [exec]     so either install JavaCC in that location or use the --with-javacc= flag
     [exec]     and then rerun configure.'
     [exec] ls: cannot access /home/travis/build/icyphy/ptII/vendors/j3d/*/lib/ext: No such file or directory
     [exec] configure: WARNING: Failed to find matlab executable in the path.
     [exec]     Perhaps Matlab is not installed?
     [exec]     If Matlab is not present, then the Ptolemy II/Matlab interface in
     [exec]     $PTII/ptolemy/matlab will not be usable.
     [exec] configure: WARNING: Failed to find omc, the OpenModelicaCompiler.
     [exec]     Rebuilding the OpenModelica fmus will not be possible.
     [exec]     Running the OpenModelica models will not be possible.
     [exec]     This is only a concern if you are interested in OpenModelica
     [exec] configure: WARNING: Failed to find PowerMock.
     [exec]     Perhaps PowerMock was not installed?
     [exec]     You need not download these packages if you would like
     [exec]     to run the tests.  To install PowerMock, go to
     [exec]     http://code.google.com/p/powermock/ and download
     [exec]     http://powermock.googlecode.com/files/powermock-easymock-junit-1.3.8.zip
     [exec]     (which contains PowerMock for EasyMock and JUnit) and unzip it in
     [exec]     /home/travis/build/icyphy/ptII/vendors/misc so that
     [exec]     /home/travis/build/icyphy/ptII/vendors/misc/powermock-easymock-junit-1.3.8 is created,
     [exec]     then rerun configure.
     [exec]     Other versions of PowerMock _may_ work, but are untested.
     [exec] configure: WARNING: Failed to find the scalac binary,
     [exec]     so org/ptolemy/scala will be excluded
     [exec] configure: WARNING: ojdbc5.jar not found,
     [exec]     but only necessary to use database actors with Oracle.
     [exec]     If the mysql jar file is present, then the Oracle Java Database Connector is not necessary
     [exec]     To install ojdbc5.jar or ojdbc6.jar,
     [exec]     download it from http://www.oracle.com/technetwork/apps-tech/jdbc-111060-084321.html
     [exec]     copy it to ptolemy/actor/lib/database
     [exec]     and rerun ./configure
     [exec] configure: WARNING: Failed to find Batik Jar file
     [exec]     You need only have Batik if you are planning on rebuilding diva.jar
     [exec]     for use with Kepler.
     [exec]     Batik can be downloaded from http://xmlgraphics.apache.org/batik/,
     [exec]     batike-1.9/lib/batik-all-1.9.jar copied to /home/travis/build/icyphy/ptII/lib
     [exec]     and ./configure rerun.
     [exec] configure: WARNING: $TOSROOT is not set.  It must be set to use PtinyOS.
     [exec] configure: WARNING: $TOSROOT is set to '',
     [exec]      but there is no directory by that name, so we will not set up for PtinyOS.
     [exec]      For details, see /home/travis/build/icyphy/ptII/ptolemy/domains/ptinyos/README.txt.
     [exec] configure: WARNING: Failed to find giotto/gdk.jar
     [exec]     perhaps Giotto is not installed?
     [exec]     You need not download Giotto unless you plan on generating code for
     [exec]     Giotto models.
     [exec]     The Giotto SDK can be
     [exec]     downloaded from https://embedded.eecs.berkeley.edu/giotto/
     [exec]     Copy gdk.jar to /home/travis/build/icyphy/ptII/vendors/giotto, for example:
     [exec]         mkdir -p /home/travis/build/icyphy/ptII/vendors/giotto
     [exec]         cp C:/Program\ Files/Giotto*/gdk.jar /home/travis/build/icyphy/ptII/vendors/giotto/
     [exec] configure: WARNING: Failed to find boost/numeric/odeint.hpp, so FMI ++
     [exec]     will not be compiled. FMI++ is an extension of the
     [exec]     Functional Mockup Interface, see
     [exec]     http://sourceforge.net/p/fmipp/wiki/Home/
     [exec] Untaring /home/travis/build/icyphy/ptII/vendors/installer/MacJVM.tar.gz in /home/travis/build/icyphy/ptII/ now: Wed May  2 12:08:02 UTC 2018
     [exec] touch CapeCode.app
     [exec] ./makeapp Vergil.app FULL -full
     [exec] Updating universalJavaApplicationStub from /home/travis/build/icyphy/ptII/vendors/universalJavaApplicationStub/src/universalJavaApplicationStub
     [exec] Untaring /home/travis/build/icyphy/ptII/vendors/installer/MacJVM.tar.gz in /home/travis/build/icyphy/ptII/ now: Wed May  2 12:08:05 UTC 2018
     [exec] touch Vergil.app
     [exec] chmod a+x ant cyphysim hyvisual startjini mkjnlp mkl4j mkosgi mkptdemo mkptlivelinkdemo mkpttest node npm ptjunit ptIITravisBuild.sh reloadAllAccessors updateFmu viptos 

build:

initReports:
    [mkdir] Created dir: /home/travis/build/icyphy/ptII/reports/doccheck
    [mkdir] Created dir: /home/travis/build/icyphy/ptII/reports/ojdcheck

test.capecode1.xml:
     [echo] 
     [echo]       ==test.capecode1.xml ==
     [echo]       This target runs the first batch Cape Code accessors tests and
     [echo]       generates JUnit xml output.
     [echo]       timeout = 4000000 milliseconds
     [echo]     
    [junit] javachdir: directory = ptolemy/actor/lib/jjs/modules/audio/test
    [junit] javachdir: pwd: /home/travis/build/icyphy/ptII/ptolemy/actor/lib/jjs/modules/audio/test  Invoking with -Djava.net.preferIPv4Stack=true
    [junit] Running ptolemy.actor.lib.jjs.modules.audio.test.junit.JUnitTclTest
    [junit] No tcl tests in /home/travis/build/icyphy/ptII/ptolemy/actor/lib/jjs/modules/audio/test
    [junit] ----------------- testing (KnownFailure) /home/travis/build/icyphy/ptII/ptolemy/actor/lib/jjs/modules/audio/test/auto/knownFailedTests/AudioError.xml
    [junit] JSAccessor: PT_NO_NET environment variable is set, so git pull and ptdoc are not being run.
    [junit] Xlib:  extension "RANDR" missing on display ":99.0".
    [junit] 1095 ms. Memory: 162816K Free: 106829K (66%)
    [junit] Known Failure: java.lang.reflect.InvocationTargetException
    [junit] java.lang.RuntimeException: Execution failed
    [junit] 	at ptolemy.moml.MoMLSimpleApplication$UnloadThread.run(MoMLSimpleApplication.java:402)
    [junit] Caused by: ptolemy.actor.sched.NotSchedulableException: SDF scheduler found disconnected actors! Usually, disconnected actors in an SDF model indicates an error.  If this is not an error, try setting the SDFDirector parameter allowDisconnectedGraphs to true.
    [junit] Unreached Actors:
    [junit] .AudioError.Const 
    [junit] Reached Actors:
    [junit] .AudioError.ClipPlayer .AudioError.Test 
    [junit]   in .AudioError.SDF Director.Scheduler
    [junit] 	at ptolemy.domains.sdf.kernel.SDFScheduler._solveBalanceEquations(SDFScheduler.java:861)
    [junit] 	at ptolemy.domains.sdf.kernel.SDFScheduler._getSchedule(SDFScheduler.java:566)
    [junit] 	at ptolemy.actor.sched.Scheduler.getSchedule(Scheduler.java:189)
    [junit] 	at ptolemy.domains.sdf.kernel.SDFDirector.createSchedule(SDFDirector.java:408)
    [junit] 	at ptolemy.domains.sdf.kernel.SDFDirector.preinitialize(SDFDirector.java:764)
    [junit] 	at ptolemy.actor.CompositeActor.preinitialize(CompositeActor.java:1828)
    [junit] 	at ptolemy.actor.Manager.preinitializeAndResolveTypes(Manager.java:1040)
    [junit] 	at ptolemy.actor.Manager.initialize(Manager.java:710)
    [junit] 	at ptolemy.actor.Manager.execute(Manager.java:356)
    [junit] 	at ptolemy.actor.Manager.run(Manager.java:1263)
    [junit] 	at ptolemy.actor.Manager$PtolemyRunThread.run(Manager.java:1915)
    [junit] 
    [junit] Exception: java.lang.RuntimeException thrown from the UncaughtExceptionHandler in thread "Thread-6"
    [junit] java.lang.reflect.InvocationTargetException
    [junit] 	at sun.reflect.NativeConstructorAccessorImpl.newInstance0(Native Method)
    [junit] 	at sun.reflect.NativeConstructorAccessorImpl.newInstance(NativeConstructorAccessorImpl.java:62)
    [junit] 	at sun.reflect.DelegatingConstructorAccessorImpl.newInstance(DelegatingConstructorAccessorImpl.java:45)
    [junit] 	at java.lang.reflect.Constructor.newInstance(Constructor.java:423)
    [junit] 	at ptolemy.util.test.junit.AutoKnownFailedTests.RunModel(AutoKnownFailedTests.java:107)
    [junit] 	at sun.reflect.NativeMethodAccessorImpl.invoke0(Native Method)
    [junit] 	at sun.reflect.NativeMethodAccessorImpl.invoke(NativeMethodAccessorImpl.java:62)
    [junit] 	at sun.reflect.DelegatingMethodAccessorImpl.invoke(DelegatingMethodAccessorImpl.java:43)
    [junit] 	at java.lang.reflect.Method.invoke(Method.java:498)
    [junit] 	at org.junit.runners.model.FrameworkMethod$1.runReflectiveCall(FrameworkMethod.java:44)
    [junit] 	at org.junit.internal.runners.model.ReflectiveCallable.run(ReflectiveCallable.java:15)
    [junit] 	at org.junit.runners.model.FrameworkMethod.invokeExplosively(FrameworkMethod.java:41)
    [junit] 	at junitparams.internal.InvokeParameterisedMethod.evaluate(InvokeParameterisedMethod.java:102)
    [junit] 	at org.junit.internal.runners.statements.FailOnTimeout$1.run(FailOnTimeout.java:28)
    [junit] Caused by: ptolemy.actor.sched.NotSchedulableException: SDF scheduler found disconnected actors! Usually, disconnected actors in an SDF model indicates an error.  If this is not an error, try setting the SDFDirector parameter allowDisconnectedGraphs to true.
    [junit] Unreached Actors:
    [junit] .AudioError.Const 
    [junit] Reached Actors:
    [junit] .AudioError.ClipPlayer .AudioError.Test 
    [junit]   in .AudioError.SDF Director.Scheduler
    [junit] 	at ptolemy.domains.sdf.kernel.SDFScheduler._solveBalanceEquations(SDFScheduler.java:861)
    [junit] 	at ptolemy.domains.sdf.kernel.SDFScheduler._getSchedule(SDFScheduler.java:566)
    [junit] 	at ptolemy.actor.sched.Scheduler.getSchedule(Scheduler.java:189)
    [junit] 	at ptolemy.domains.sdf.kernel.SDFDirector.createSchedule(SDFDirector.java:408)
    [junit] 	at ptolemy.domains.sdf.kernel.SDFDirector.preinitialize(SDFDirector.java:764)
    [junit] 	at ptolemy.actor.CompositeActor.preinitialize(CompositeActor.java:1828)
    [junit] 	at ptolemy.actor.Manager.preinitializeAndResolveTypes(Manager.java:1040)
    [junit] 	at ptolemy.actor.Manager.initialize(Manager.java:710)
    [junit] 	at ptolemy.actor.Manager.execute(Manager.java:356)
    [junit] 	at ptolemy.actor.Manager.run(Manager.java:1263)
    [junit] 	at ptolemy.actor.Manager$PtolemyRunThread.run(Manager.java:1915)
    [junit] No auto/*.xml tests in /home/travis/build/icyphy/ptII/ptolemy/actor/lib/jjs/modules/audio/test
    [junit] AutoTests.java: About to close Vertx.
    [junit] AutoTests.java: Vertx closed.
    [junit] ----------------- testing Wed May 02 12:08:14 UTC 2018 /home/travis/build/icyphy/ptII/ptolemy/actor/lib/jjs/modules/audio/test/auto/SpeechSynthesisTest.xml
    [junit] ----------------- Wed May 02 12:08:14 UTC 2018 About to sleep for 5.0 seconds before rerunning.  Test is: /home/travis/build/icyphy/ptII/ptolemy/actor/lib/jjs/modules/audio/test/auto/SpeechSynthesisTest.xml
    [junit] REST: Making an HTTP request. (Thread[SpeechSynthesisTest,1,main])
    [junit] HttpClientHelper.java: Received an error for request 0: java.util.concurrent.TimeoutException: The timeout period of 45000ms has been exceeded while executing GET /process?INPUT_TEXT=this+is+a+test+of+speech+synthesis&INPUT_TYPE=TEXT&OUTPUT_TYPE=AUDIO&AUDIO=AIFF_FILE&LOCALE=en_US for host mary.dfki.de
    [junit] java.util.concurrent.TimeoutException: The timeout period of 45000ms has been exceeded while executing GET /process?INPUT_TEXT=this+is+a+test+of+speech+synthesis&INPUT_TYPE=TEXT&OUTPUT_TYPE=AUDIO&AUDIO=AIFF_FILE&LOCALE=en_US for host mary.dfki.de
    [junit] 	at io.vertx.core.http.impl.HttpClientRequestBase.timeout(HttpClientRequestBase.java:178)
    [junit] 	at io.vertx.core.http.impl.HttpClientRequestBase.handleTimeout(HttpClientRequestBase.java:163)
    [junit] 	at io.vertx.core.http.impl.HttpClientRequestBase.lambda$setTimeout$0(HttpClientRequestBase.java:121)
    [junit] 	at io.vertx.core.impl.VertxImpl$InternalTimerHandler.handle(VertxImpl.java:885)
    [junit] 	at io.vertx.core.impl.VertxImpl$InternalTimerHandler.handle(VertxImpl.java:844)
    [junit] 	at io.vertx.core.impl.ContextImpl.lambda$wrapTask$2(ContextImpl.java:339)
    [junit] 	at io.netty.util.concurrent.AbstractEventExecutor.safeExecute(AbstractEventExecutor.java:163)
    [junit] 	at io.netty.util.concurrent.SingleThreadEventExecutor.runAllTasks(SingleThreadEventExecutor.java:404)
    [junit] 	at io.netty.channel.nio.NioEventLoop.run(NioEventLoop.java:463)
    [junit] 	at io.netty.util.concurrent.SingleThreadEventExecutor$5.run(SingleThreadEventExecutor.java:886)
    [junit] 	at io.netty.util.concurrent.FastThreadLocalRunnable.run(FastThreadLocalRunnable.java:30)
    [junit] 	at java.lang.Thread.run(Thread.java:748)
    [junit] HttpClientHelper.java: Received an error for request 0: io.vertx.core.VertxException: Connection was closed
    [junit] io.vertx.core.VertxException: Connection was closed
    [junit] 	at io.vertx.core.http.impl.Http1xClientConnection.handleClosed(Http1xClientConnection.java:660)
    [junit] 	at io.vertx.core.impl.ContextImpl.lambda$wrapTask$2(ContextImpl.java:337)
    [junit] 	at io.vertx.core.impl.ContextImpl.executeFromIO(ContextImpl.java:195)
    [junit] 	at io.vertx.core.net.impl.VertxHandler.channelInactive(VertxHandler.java:130)
    [junit] 	at io.vertx.core.http.impl.Http1xClientHandler.channelInactive(Http1xClientHandler.java:88)
    [junit] 	at io.netty.channel.AbstractChannelHandlerContext.invokeChannelInactive(AbstractChannelHandlerContext.java:245)
    [junit] 	at io.netty.channel.AbstractChannelHandlerContext.invokeChannelInactive(AbstractChannelHandlerContext.java:231)
    [junit] 	at io.netty.channel.AbstractChannelHandlerContext.fireChannelInactive(AbstractChannelHandlerContext.java:224)
    [junit] 	at io.netty.channel.CombinedChannelDuplexHandler$DelegatingChannelHandlerContext.fireChannelInactive(CombinedChannelDuplexHandler.java:420)
    [junit] 	at io.netty.handler.codec.ByteToMessageDecoder.channelInputClosed(ByteToMessageDecoder.java:377)
    [junit] 	at io.netty.handler.codec.ByteToMessageDecoder.channelInactive(ByteToMessageDecoder.java:342)
    [junit] 	at io.netty.handler.codec.http.HttpClientCodec$Decoder.channelInactive(HttpClientCodec.java:282)
    [junit] 	at io.netty.channel.CombinedChannelDuplexHandler.channelInactive(CombinedChannelDuplexHandler.java:223)
    [junit] 	at io.netty.channel.AbstractChannelHandlerContext.invokeChannelInactive(AbstractChannelHandlerContext.java:245)
    [junit] 	at io.netty.channel.AbstractChannelHandlerContext.invokeChannelInactive(AbstractChannelHandlerContext.java:231)
    [junit] 	at io.netty.channel.AbstractChannelHandlerContext.fireChannelInactive(AbstractChannelHandlerContext.java:224)
    [junit] 	at io.netty.channel.DefaultChannelPipeline$HeadContext.channelInactive(DefaultChannelPipeline.java:1354)
    [junit] 	at io.netty.channel.AbstractChannelHandlerContext.invokeChannelInactive(AbstractChannelHandlerContext.java:245)
    [junit] 	at io.netty.channel.AbstractChannelHandlerContext.invokeChannelInactive(AbstractChannelHandlerContext.java:231)
    [junit] 	at io.netty.channel.DefaultChannelPipeline.fireChannelInactive(DefaultChannelPipeline.java:917)
    [junit] 	at io.netty.channel.AbstractChannel$AbstractUnsafe$8.run(AbstractChannel.java:822)
    [junit] 	at io.netty.util.concurrent.AbstractEventExecutor.safeExecute(AbstractEventExecutor.java:163)
    [junit] 	at io.netty.util.concurrent.SingleThreadEventExecutor.runAllTasks(SingleThreadEventExecutor.java:404)
    [junit] 	at io.netty.channel.nio.NioEventLoop.run(NioEventLoop.java:463)
    [junit] 	at io.netty.util.concurrent.SingleThreadEventExecutor$5.run(SingleThreadEventExecutor.java:886)
    [junit] 	at io.netty.util.concurrent.FastThreadLocalRunnable.run(FastThreadLocalRunnable.java:30)
    [junit] 	at java.lang.Thread.run(Thread.java:748)
    [junit] 52552 ms. Memory: 569344K Free: 396149K (70%)
    [junit] AutoTests.java: About to close Vertx.
    [junit] AutoTests.java: Vertx closed.
    [junit] Tests run: 4, Failures: 0, Errors: 1, Skipped: 0, Time elapsed: 67.926 sec
    [junit] Output:
    [junit] No tcl tests in /home/travis/build/icyphy/ptII/ptolemy/actor/lib/jjs/modules/audio/test
    [junit] ----------------- testing (KnownFailure) /home/travis/build/icyphy/ptII/ptolemy/actor/lib/jjs/modules/audio/test/auto/knownFailedTests/AudioError.xml
    [junit] JSAccessor: PT_NO_NET environment variable is set, so git pull and ptdoc are not being run.
    [junit] 1095 ms. Memory: 162816K Free: 106829K (66%)
    [junit] Known Failure: java.lang.reflect.InvocationTargetException
    [junit] No auto/*.xml tests in /home/travis/build/icyphy/ptII/ptolemy/actor/lib/jjs/modules/audio/test
    [junit] AutoTests.java: About to close Vertx.
    [junit] AutoTests.java: Vertx closed.
    [junit] ----------------- testing Wed May 02 12:08:14 UTC 2018 /home/travis/build/icyphy/ptII/ptolemy/actor/lib/jjs/modules/audio/test/auto/SpeechSynthesisTest.xml
    [junit] ----------------- Wed May 02 12:08:14 UTC 2018 About to sleep for 5.0 seconds before rerunning.  Test is: /home/travis/build/icyphy/ptII/ptolemy/actor/lib/jjs/modules/audio/test/auto/SpeechSynthesisTest.xml
    [junit] REST: Making an HTTP request. (Thread[SpeechSynthesisTest,1,main])
    [junit] 52552 ms. Memory: 569344K Free: 396149K (70%)
    [junit] AutoTests.java: About to close Vertx.
    [junit] AutoTests.java: Vertx closed.
    [junit] 
    [junit] Error: 
    [junit] java.lang.RuntimeException: Execution failed
    [junit] 	at ptolemy.moml.MoMLSimpleApplication$UnloadThread.run(MoMLSimpleApplication.java:402)
    [junit] Caused by: ptolemy.actor.sched.NotSchedulableException: SDF scheduler found disconnected actors! Usually, disconnected actors in an SDF model indicates an error.  If this is not an error, try setting the SDFDirector parameter allowDisconnectedGraphs to true.
    [junit] Unreached Actors:
    [junit] .AudioError.Const 
    [junit] Reached Actors:
    [junit] .AudioError.ClipPlayer .AudioError.Test 
    [junit]   in .AudioError.SDF Director.Scheduler
    [junit] 	at ptolemy.domains.sdf.kernel.SDFScheduler._solveBalanceEquations(SDFScheduler.java:861)
    [junit] 	at ptolemy.domains.sdf.kernel.SDFScheduler._getSchedule(SDFScheduler.java:566)
    [junit] 	at ptolemy.actor.sched.Scheduler.getSchedule(Scheduler.java:189)
    [junit] 	at ptolemy.domains.sdf.kernel.SDFDirector.createSchedule(SDFDirector.java:408)
    [junit] 	at ptolemy.domains.sdf.kernel.SDFDirector.preinitialize(SDFDirector.java:764)
    [junit] 	at ptolemy.actor.CompositeActor.preinitialize(CompositeActor.java:1828)
    [junit] 	at ptolemy.actor.Manager.preinitializeAndResolveTypes(Manager.java:1040)
    [junit] 	at ptolemy.actor.Manager.initialize(Manager.java:710)
    [junit] 	at ptolemy.actor.Manager.execute(Manager.java:356)
    [junit] 	at ptolemy.actor.Manager.run(Manager.java:1263)
    [junit] 	at ptolemy.actor.Manager$PtolemyRunThread.run(Manager.java:1915)
    [junit] java.lang.reflect.InvocationTargetException
    [junit] 	at sun.reflect.NativeConstructorAccessorImpl.newInstance0(Native Method)
    [junit] 	at sun.reflect.NativeConstructorAccessorImpl.newInstance(NativeConstructorAccessorImpl.java:62)
    [junit] 	at sun.reflect.DelegatingConstructorAccessorImpl.newInstance(DelegatingConstructorAccessorImpl.java:45)
    [junit] 	at java.lang.reflect.Constructor.newInstance(Constructor.java:423)
    [junit] 	at ptolemy.util.test.junit.AutoKnownFailedTests.RunModel(AutoKnownFailedTests.java:107)
    [junit] 	at sun.reflect.NativeMethodAccessorImpl.invoke0(Native Method)
    [junit] 	at sun.reflect.NativeMethodAccessorImpl.invoke(NativeMethodAccessorImpl.java:62)
    [junit] 	at sun.reflect.DelegatingMethodAccessorImpl.invoke(DelegatingMethodAccessorImpl.java:43)
    [junit] 	at java.lang.reflect.Method.invoke(Method.java:498)
    [junit] 	at org.junit.runners.model.FrameworkMethod$1.runReflectiveCall(FrameworkMethod.java:44)
    [junit] 	at org.junit.internal.runners.model.ReflectiveCallable.run(ReflectiveCallable.java:15)
    [junit] 	at org.junit.runners.model.FrameworkMethod.invokeExplosively(FrameworkMethod.java:41)
    [junit] 	at junitparams.internal.InvokeParameterisedMethod.evaluate(InvokeParameterisedMethod.java:102)
    [junit] 	at org.junit.internal.runners.statements.FailOnTimeout$1.run(FailOnTimeout.java:28)
    [junit] Caused by: ptolemy.actor.sched.NotSchedulableException: SDF scheduler found disconnected actors! Usually, disconnected actors in an SDF model indicates an error.  If this is not an error, try setting the SDFDirector parameter allowDisconnectedGraphs to true.
    [junit] Unreached Actors:
    [junit] .AudioError.Const 
    [junit] Reached Actors:
    [junit] .AudioError.ClipPlayer .AudioError.Test 
    [junit]   in .AudioError.SDF Director.Scheduler
    [junit] 	at ptolemy.domains.sdf.kernel.SDFScheduler._solveBalanceEquations(SDFScheduler.java:861)
    [junit] 	at ptolemy.domains.sdf.kernel.SDFScheduler._getSchedule(SDFScheduler.java:566)
    [junit] 	at ptolemy.actor.sched.Scheduler.getSchedule(Scheduler.java:189)
    [junit] 	at ptolemy.domains.sdf.kernel.SDFDirector.createSchedule(SDFDirector.java:408)
    [junit] 	at ptolemy.domains.sdf.kernel.SDFDirector.preinitialize(SDFDirector.java:764)
    [junit] 	at ptolemy.actor.CompositeActor.preinitialize(CompositeActor.java:1828)
    [junit] 	at ptolemy.actor.Manager.preinitializeAndResolveTypes(Manager.java:1040)
    [junit] 	at ptolemy.actor.Manager.initialize(Manager.java:710)
    [junit] 	at ptolemy.actor.Manager.execute(Manager.java:356)
    [junit] 	at ptolemy.actor.Manager.run(Manager.java:1263)
    [junit] 	at ptolemy.actor.Manager$PtolemyRunThread.run(Manager.java:1915)
    [junit] HttpClientHelper.java: Received an error for request 0: java.util.concurrent.TimeoutException: The timeout period of 45000ms has been exceeded while executing GET /process?INPUT_TEXT=this+is+a+test+of+speech+synthesis&INPUT_TYPE=TEXT&OUTPUT_TYPE=AUDIO&AUDIO=AIFF_FILE&LOCALE=en_US for host mary.dfki.de
    [junit] java.util.concurrent.TimeoutException: The timeout period of 45000ms has been exceeded while executing GET /process?INPUT_TEXT=this+is+a+test+of+speech+synthesis&INPUT_TYPE=TEXT&OUTPUT_TYPE=AUDIO&AUDIO=AIFF_FILE&LOCALE=en_US for host mary.dfki.de
    [junit] 	at io.vertx.core.http.impl.HttpClientRequestBase.timeout(HttpClientRequestBase.java:178)
    [junit] 	at io.vertx.core.http.impl.HttpClientRequestBase.handleTimeout(HttpClientRequestBase.java:163)
    [junit] 	at io.vertx.core.http.impl.HttpClientRequestBase.lambda$setTimeout$0(HttpClientRequestBase.java:121)
    [junit] 	at io.vertx.core.impl.VertxImpl$InternalTimerHandler.handle(VertxImpl.java:885)
    [junit] 	at io.vertx.core.impl.VertxImpl$InternalTimerHandler.handle(VertxImpl.java:844)
    [junit] 	at io.vertx.core.impl.ContextImpl.lambda$wrapTask$2(ContextImpl.java:339)
    [junit] 	at io.netty.util.concurrent.AbstractEventExecutor.safeExecute(AbstractEventExecutor.java:163)
    [junit] 	at io.netty.util.concurrent.SingleThreadEventExecutor.runAllTasks(SingleThreadEventExecutor.java:404)
    [junit] 	at io.netty.channel.nio.NioEventLoop.run(NioEventLoop.java:463)
    [junit] 	at io.netty.util.concurrent.SingleThreadEventExecutor$5.run(SingleThreadEventExecutor.java:886)
    [junit] 	at io.netty.util.concurrent.FastThreadLocalRunnable.run(FastThreadLocalRunnable.java:30)
    [junit] 	at java.lang.Thread.run(Thread.java:748)
    [junit] HttpClientHelper.java: Received an error for request 0: io.vertx.core.VertxException: Connection was closed
    [junit] io.vertx.core.VertxException: Connection was closed
    [junit] 	at io.vertx.core.http.impl.Http1xClientConnection.handleClosed(Http1xClientConnection.java:660)
    [junit] 	at io.vertx.core.impl.ContextImpl.lambda$wrapTask$2(ContextImpl.java:337)
    [junit] 	at io.vertx.core.impl.ContextImpl.executeFromIO(ContextImpl.java:195)
    [junit] 	at io.vertx.core.net.impl.VertxHandler.channelInactive(VertxHandler.java:130)
    [junit] 	at io.vertx.core.http.impl.Http1xClientHandler.channelInactive(Http1xClientHandler.java:88)
    [junit] 	at io.netty.channel.AbstractChannelHandlerContext.invokeChannelInactive(AbstractChannelHandlerContext.java:245)
    [junit] 	at io.netty.channel.AbstractChannelHandlerContext.invokeChannelInactive(AbstractChannelHandlerContext.java:231)
    [junit] 	at io.netty.channel.AbstractChannelHandlerContext.fireChannelInactive(AbstractChannelHandlerContext.java:224)
    [junit] 	at io.netty.channel.CombinedChannelDuplexHandler$DelegatingChannelHandlerContext.fireChannelInactive(CombinedChannelDuplexHandler.java:420)
    [junit] 	at io.netty.handler.codec.ByteToMessageDecoder.channelInputClosed(ByteToMessageDecoder.java:377)
    [junit] 	at io.netty.handler.codec.ByteToMessageDecoder.channelInactive(ByteToMessageDecoder.java:342)
    [junit] 	at io.netty.handler.codec.http.HttpClientCodec$Decoder.channelInactive(HttpClientCodec.java:282)
    [junit] 	at io.netty.channel.CombinedChannelDuplexHandler.channelInactive(CombinedChannelDuplexHandler.java:223)
    [junit] 	at io.netty.channel.AbstractChannelHandlerContext.invokeChannelInactive(AbstractChannelHandlerContext.java:245)
    [junit] 	at io.netty.channel.AbstractChannelHandlerContext.invokeChannelInactive(AbstractChannelHandlerContext.java:231)
    [junit] 	at io.netty.channel.AbstractChannelHandlerContext.fireChannelInactive(AbstractChannelHandlerContext.java:224)
    [junit] 	at io.netty.channel.DefaultChannelPipeline$HeadContext.channelInactive(DefaultChannelPipeline.java:1354)
    [junit] 	at io.netty.channel.AbstractChannelHandlerContext.invokeChannelInactive(AbstractChannelHandlerContext.java:245)
    [junit] 	at io.netty.channel.AbstractChannelHandlerContext.invokeChannelInactive(AbstractChannelHandlerContext.java:231)
    [junit] 	at io.netty.channel.DefaultChannelPipeline.fireChannelInactive(DefaultChannelPipeline.java:917)
    [junit] 	at io.netty.channel.AbstractChannel$AbstractUnsafe$8.run(AbstractChannel.java:822)
    [junit] 	at io.netty.util.concurrent.AbstractEventExecutor.safeExecute(AbstractEventExecutor.java:163)
    [junit] 	at io.netty.util.concurrent.SingleThreadEventExecutor.runAllTasks(SingleThreadEventExecutor.java:404)
    [junit] 	at io.netty.channel.nio.NioEventLoop.run(NioEventLoop.java:463)
    [junit] 	at io.netty.util.concurrent.SingleThreadEventExecutor$5.run(SingleThreadEventExecutor.java:886)
    [junit] 	at io.netty.util.concurrent.FastThreadLocalRunnable.run(FastThreadLocalRunnable.java:30)
    [junit] 	at java.lang.Thread.run(Thread.java:748)
    [junit] java.lang.RuntimeException: Execution failed
    [junit] 	at ptolemy.moml.MoMLSimpleApplication$UnloadThread.run(MoMLSimpleApplication.java:402)
    [junit] Caused by: java.lang.RuntimeException: REST: The timeout period of 45000ms has been exceeded while executing GET /process?INPUT_TEXT=this+is+a+test+of+speech+synthesis&INPUT_TYPE=TEXT&OUTPUT_TYPE=AUDIO&AUDIO=AIFF_FILE&LOCALE=en_US for host mary.dfki.de
    [junit] 	at ptolemy.util.SimpleMessageHandler._error(SimpleMessageHandler.java:53)
    [junit] 	at ptolemy.util.MessageHandler.error(MessageHandler.java:84)
    [junit] 	at ptolemy.actor.lib.jjs.JavaScript.error(JavaScript.java:828)
    [junit] 	at ptolemy.actor.lib.jjs.RestrictedJavaScriptInterface.error(RestrictedJavaScriptInterface.java:108)
    [junit] 	at jdk.nashorn.internal.scripts.Script$Recompilation$1906$3480A$\^eval\_.error(<eval>:98)
    [junit] 	at jdk.nashorn.internal.scripts.Script$Recompilation$1904$15770A$require.L:1#_handleError(/home/travis/build/icyphy/ptII/ptolemy/actor/lib/jjs/external/require.js#401:30<eval>:370)
    [junit] 	at jdk.nashorn.internal.scripts.Script$Recompilation$1903$17393AA$require.L:1#_errorResponse(/home/travis/build/icyphy/ptII/ptolemy/actor/lib/jjs/external/require.js#401:30<eval>:407)
    [junit] 	at jdk.nashorn.internal.runtime.ScriptFunctionData.invoke(ScriptFunctionData.java:641)
    [junit] 	at jdk.nashorn.internal.runtime.ScriptFunction.invoke(ScriptFunction.java:494)
    [junit] 	at jdk.nashorn.internal.runtime.ScriptRuntime.apply(ScriptRuntime.java:393)
    [junit] 	at jdk.nashorn.api.scripting.ScriptObjectMirror.callMember(ScriptObjectMirror.java:199)
    [junit] 	at ptolemy.actor.lib.jjs.modules.httpClient.HttpClientHelper$HttpClientExceptionHandler$1.run(HttpClientHelper.java:283)
    [junit] 	at ptolemy.actor.lib.jjs.JavaScript.fire(JavaScript.java:1050)
    [junit] 	at ptolemy.domains.de.kernel.DEDirector._fire(DEDirector.java:1948)
    [junit] 	at ptolemy.domains.de.kernel.DEDirector.fire(DEDirector.java:502)
    [junit] 	at ptolemy.actor.CompositeActor.fire(CompositeActor.java:455)
    [junit] 	at ptolemy.actor.Manager.iterate(Manager.java:851)
    [junit] 	at ptolemy.actor.Manager.execute(Manager.java:369)
    [junit] 	at ptolemy.actor.Manager.run(Manager.java:1263)
    [junit] 	at ptolemy.actor.Manager$PtolemyRunThread.run(Manager.java:1915)
    [junit] 
    [junit] java.lang.RuntimeException: Execution failed
    [junit] 	at ptolemy.moml.MoMLSimpleApplication$UnloadThread.run(MoMLSimpleApplication.java:402)
    [junit] Caused by: java.lang.RuntimeException: REST: The timeout period of 45000ms has been exceeded while executing GET /process?INPUT_TEXT=this+is+a+test+of+speech+synthesis&INPUT_TYPE=TEXT&OUTPUT_TYPE=AUDIO&AUDIO=AIFF_FILE&LOCALE=en_US for host mary.dfki.de
    [junit] 	at ptolemy.util.SimpleMessageHandler._error(SimpleMessageHandler.java:53)
    [junit] 	at ptolemy.util.MessageHandler.error(MessageHandler.java:84)
    [junit] 	at ptolemy.actor.lib.jjs.JavaScript.error(JavaScript.java:828)
    [junit] 	at ptolemy.actor.lib.jjs.RestrictedJavaScriptInterface.error(RestrictedJavaScriptInterface.java:108)
    [junit] 	at jdk.nashorn.internal.scripts.Script$Recompilation$1906$3480A$\^eval\_.error(<eval>:98)
    [junit] 	at jdk.nashorn.internal.scripts.Script$Recompilation$1904$15770A$require.L:1#_handleError(/home/travis/build/icyphy/ptII/ptolemy/actor/lib/jjs/external/require.js#401:30<eval>:370)
    [junit] 	at jdk.nashorn.internal.scripts.Script$Recompilation$1903$17393AA$require.L:1#_errorResponse(/home/travis/build/icyphy/ptII/ptolemy/actor/lib/jjs/external/require.js#401:30<eval>:407)
    [junit] 	at jdk.nashorn.internal.runtime.ScriptFunctionData.invoke(ScriptFunctionData.java:641)
    [junit] 	at jdk.nashorn.internal.runtime.ScriptFunction.invoke(ScriptFunction.java:494)
    [junit] 	at jdk.nashorn.internal.runtime.ScriptRuntime.apply(ScriptRuntime.java:393)
    [junit] 	at jdk.nashorn.api.scripting.ScriptObjectMirror.callMember(ScriptObjectMirror.java:199)
    [junit] 	at ptolemy.actor.lib.jjs.modules.httpClient.HttpClientHelper$HttpClientExceptionHandler$1.run(HttpClientHelper.java:283)
    [junit] 	at ptolemy.actor.lib.jjs.JavaScript.fire(JavaScript.java:1050)
    [junit] 	at ptolemy.domains.de.kernel.DEDirector._fire(DEDirector.java:1948)
    [junit] 	at ptolemy.domains.de.kernel.DEDirector.fire(DEDirector.java:502)
    [junit] 	at ptolemy.actor.CompositeActor.fire(CompositeActor.java:455)
    [junit] 	at ptolemy.actor.Manager.iterate(Manager.java:851)
    [junit] 	at ptolemy.actor.Manager.execute(Manager.java:369)
    [junit] 	at ptolemy.actor.Manager.run(Manager.java:1263)
    [junit] 	at ptolemy.actor.Manager$PtolemyRunThread.run(Manager.java:1915)
    [junit] 
    [junit] Exception: java.lang.RuntimeException thrown from the UncaughtExceptionHandler in thread "Thread-10"
    [junit] Test ptolemy.actor.lib.jjs.modules.audio.test.junit.JUnitTclTest FAILED
    [junit] javachdir: directory = ptolemy/actor/lib/jjs/modules/contextAware/test
    [junit] javachdir: pwd: /home/travis/build/icyphy/ptII/ptolemy/actor/lib/jjs/modules/contextAware/test  Invoking with -Djava.net.preferIPv4Stack=true
    [junit] Running ptolemy.actor.lib.jjs.modules.contextAware.test.junit.JUnitTclTest
    [junit] No tcl tests in /home/travis/build/icyphy/ptII/ptolemy/actor/lib/jjs/modules/contextAware/test
    [junit] ----------------- testing (KnownFailure) /home/travis/build/icyphy/ptII/ptolemy/actor/lib/jjs/modules/contextAware/test/auto/knownFailedTests/ContextAware.xml
    [junit] JSAccessor: PT_NO_NET environment variable is set, so git pull and ptdoc are not being run.
    [junit] ContextAware: Making an HTTP request. (Thread[ContextAware,1,main])
    [junit] The total body: {
    [junit]   "error" : "This Firebase project requires import into Google Cloud Platform to resume service. Visit the doc https://firebase.google.com/support/guides/firebase-web#import_your_project_to_the_firebase_console or reach out to Firebase support for help. Without action, this project will be permanently deleted on Tuesday, May 15th, 2018."
    [junit] }
    [junit] 
    [junit] 3308 ms. Memory: 279552K Free: 224789K (80%)
    [junit] Known Failure: java.lang.reflect.InvocationTargetException
    [junit] No auto/*.xml tests in /home/travis/build/icyphy/ptII/ptolemy/actor/lib/jjs/modules/contextAware/test
    [junit] AutoTests.java: About to close Vertx.
    [junit] AutoTests.java: Vertx closed.
    [junit] No auto/*.xml tests in /home/travis/build/icyphy/ptII/ptolemy/actor/lib/jjs/modules/contextAware/test
    [junit] AutoTests.java: About to close Vertx.
    [junit] AutoTests.java: Vertx closed.
    [junit] Tests run: 4, Failures: 0, Errors: 0, Skipped: 0, Time elapsed: 6.92 sec
    [junit] Output:
    [junit] No tcl tests in /home/travis/build/icyphy/ptII/ptolemy/actor/lib/jjs/modules/contextAware/test
    [junit] ----------------- testing (KnownFailure) /home/travis/build/icyphy/ptII/ptolemy/actor/lib/jjs/modules/contextAware/test/auto/knownFailedTests/ContextAware.xml
    [junit] JSAccessor: PT_NO_NET environment variable is set, so git pull and ptdoc are not being run.
    [junit] ContextAware: Making an HTTP request. (Thread[ContextAware,1,main])
    [junit] The total body: {
    [junit]   "error" : "This Firebase project requires import into Google Cloud Platform to resume service. Visit the doc https://firebase.google.com/support/guides/firebase-web#import_your_project_to_the_firebase_console or reach out to Firebase support for help. Without action, this project will be permanently deleted on Tuesday, May 15th, 2018."
    [junit] }
    [junit] 
    [junit] 3308 ms. Memory: 279552K Free: 224789K (80%)
    [junit] Known Failure: java.lang.reflect.InvocationTargetException
    [junit] No auto/*.xml tests in /home/travis/build/icyphy/ptII/ptolemy/actor/lib/jjs/modules/contextAware/test
    [junit] AutoTests.java: About to close Vertx.
    [junit] AutoTests.java: Vertx closed.
    [junit] No auto/*.xml tests in /home/travis/build/icyphy/ptII/ptolemy/actor/lib/jjs/modules/contextAware/test
    [junit] AutoTests.java: About to close Vertx.
    [junit] AutoTests.java: Vertx closed.
    [junit] 
    [junit] Error: 
    [junit] java.lang.RuntimeException: Execution failed
    [junit] 	at ptolemy.moml.MoMLSimpleApplication$UnloadThread.run(MoMLSimpleApplication.java:402)
    [junit] Caused by: java.lang.RuntimeException: ContextAware: Request failed with code 423: Locked
    [junit] 	at ptolemy.util.SimpleMessageHandler._error(SimpleMessageHandler.java:53)
    [junit] 	at ptolemy.util.MessageHandler.error(MessageHandler.java:84)
    [junit] 	at ptolemy.actor.lib.jjs.JavaScript.error(JavaScript.java:828)
    [junit] 	at ptolemy.actor.lib.jjs.RestrictedJavaScriptInterface.error(RestrictedJavaScriptInterface.java:108)
    [junit] 	at jdk.nashorn.internal.scripts.Script$Recompilation$514$3480A$\^eval\_.error(<eval>:98)
    [junit] 	at jdk.nashorn.internal.scripts.Script$Recompilation$512$15770A$require.L:1#_handleError(/home/travis/build/icyphy/ptII/ptolemy/actor/lib/jjs/external/require.js#401:30<eval>:370)
    [junit] 	at jdk.nashorn.internal.scripts.Script$Recompilation$505$17393AA$require.L:1#_errorResponse(/home/travis/build/icyphy/ptII/ptolemy/actor/lib/jjs/external/require.js#401:30<eval>:407)
    [junit] 	at jdk.nashorn.internal.runtime.ScriptFunctionData.invoke(ScriptFunctionData.java:641)
    [junit] 	at jdk.nashorn.internal.runtime.ScriptFunction.invoke(ScriptFunction.java:494)
    [junit] 	at jdk.nashorn.internal.runtime.ScriptRuntime.apply(ScriptRuntime.java:393)
    [junit] 	at jdk.nashorn.api.scripting.ScriptObjectMirror.callMember(ScriptObjectMirror.java:199)
    [junit] 	at ptolemy.actor.lib.jjs.modules.httpClient.HttpClientHelper$HttpClientResponseHandler$2.run(HttpClientHelper.java:343)
    [junit] 	at ptolemy.actor.lib.jjs.JavaScript.fire(JavaScript.java:1050)
    [junit] 	at ptolemy.domains.de.kernel.DEDirector._fire(DEDirector.java:1948)
    [junit] 	at ptolemy.domains.de.kernel.DEDirector.fire(DEDirector.java:502)
    [junit] 	at ptolemy.actor.CompositeActor.fire(CompositeActor.java:455)
    [junit] 	at ptolemy.actor.Manager.iterate(Manager.java:851)
    [junit] 	at ptolemy.actor.Manager.execute(Manager.java:369)
    [junit] 	at ptolemy.actor.Manager.run(Manager.java:1263)
    [junit] 	at ptolemy.actor.Manager$PtolemyRunThread.run(Manager.java:1915)
    [junit] java.lang.reflect.InvocationTargetException
    [junit] 	at sun.reflect.NativeConstructorAccessorImpl.newInstance0(Native Method)
    [junit] 	at sun.reflect.NativeConstructorAccessorImpl.newInstance(NativeConstructorAccessorImpl.java:62)
    [junit] 	at sun.reflect.DelegatingConstructorAccessorImpl.newInstance(DelegatingConstructorAccessorImpl.java:45)
    [junit] 	at java.lang.reflect.Constructor.newInstance(Constructor.java:423)
    [junit] 	at ptolemy.util.test.junit.AutoKnownFailedTests.RunModel(AutoKnownFailedTests.java:107)
    [junit] 	at sun.reflect.NativeMethodAccessorImpl.invoke0(Native Method)
    [junit] 	at sun.reflect.NativeMethodAccessorImpl.invoke(NativeMethodAccessorImpl.java:62)
    [junit] 	at sun.reflect.DelegatingMethodAccessorImpl.invoke(DelegatingMethodAccessorImpl.java:43)
    [junit] 	at java.lang.reflect.Method.invoke(Method.java:498)
    [junit] 	at org.junit.runners.model.FrameworkMethod$1.runReflectiveCall(FrameworkMethod.java:44)
    [junit] 	at org.junit.internal.runners.model.ReflectiveCallable.run(ReflectiveCallable.java:15)
    [junit] 	at org.junit.runners.model.FrameworkMethod.invokeExplosively(FrameworkMethod.java:41)
    [junit] 	at junitparams.internal.InvokeParameterisedMethod.evaluate(InvokeParameterisedMethod.java:102)
    [junit] 	at org.junit.internal.runners.statements.FailOnTimeout$1.run(FailOnTimeout.java:28)
    [junit] Caused by: java.lang.RuntimeException: ContextAware: Request failed with code 423: Locked
    [junit] 	at ptolemy.util.SimpleMessageHandler._error(SimpleMessageHandler.java:53)
    [junit] 	at ptolemy.util.MessageHandler.error(MessageHandler.java:84)
    [junit] 	at ptolemy.actor.lib.jjs.JavaScript.error(JavaScript.java:828)
    [junit] 	at ptolemy.actor.lib.jjs.RestrictedJavaScriptInterface.error(RestrictedJavaScriptInterface.java:108)
    [junit] 	at jdk.nashorn.internal.scripts.Script$Recompilation$514$3480A$\^eval\_.error(<eval>:98)
    [junit] 	at jdk.nashorn.internal.scripts.Script$Recompilation$512$15770A$require.L:1#_handleError(/home/travis/build/icyphy/ptII/ptolemy/actor/lib/jjs/external/require.js#401:30<eval>:370)
    [junit] 	at jdk.nashorn.internal.scripts.Script$Recompilation$505$17393AA$require.L:1#_errorResponse(/home/travis/build/icyphy/ptII/ptolemy/actor/lib/jjs/external/require.js#401:30<eval>:407)
    [junit] 	at jdk.nashorn.internal.runtime.ScriptFunctionData.invoke(ScriptFunctionData.java:641)
    [junit] 	at jdk.nashorn.internal.runtime.ScriptFunction.invoke(ScriptFunction.java:494)
    [junit] 	at jdk.nashorn.internal.runtime.ScriptRuntime.apply(ScriptRuntime.java:393)
    [junit] 	at jdk.nashorn.api.scripting.ScriptObjectMirror.callMember(ScriptObjectMirror.java:199)
    [junit] 	at ptolemy.actor.lib.jjs.modules.httpClient.HttpClientHelper$HttpClientResponseHandler$2.run(HttpClientHelper.java:343)
    [junit] 	at ptolemy.actor.lib.jjs.JavaScript.fire(JavaScript.java:1050)
    [junit] 	at ptolemy.domains.de.kernel.DEDirector._fire(DEDirector.java:1948)
    [junit] 	at ptolemy.domains.de.kernel.DEDirector.fire(DEDirector.java:502)
    [junit] 	at ptolemy.actor.CompositeActor.fire(CompositeActor.java:455)
    [junit] 	at ptolemy.actor.Manager.iterate(Manager.java:851)
    [junit] 	at ptolemy.actor.Manager.execute(Manager.java:369)
    [junit] 	at ptolemy.actor.Manager.run(Manager.java:1263)
    [junit] 	at ptolemy.actor.Manager$PtolemyRunThread.run(Manager.java:1915)
    [junit] 
    [junit] java.lang.RuntimeException: Execution failed
    [junit] 	at ptolemy.moml.MoMLSimpleApplication$UnloadThread.run(MoMLSimpleApplication.java:402)
    [junit] Caused by: java.lang.RuntimeException: ContextAware: Request failed with code 423: Locked
    [junit] 	at ptolemy.util.SimpleMessageHandler._error(SimpleMessageHandler.java:53)
    [junit] 	at ptolemy.util.MessageHandler.error(MessageHandler.java:84)
    [junit] 	at ptolemy.actor.lib.jjs.JavaScript.error(JavaScript.java:828)
    [junit] 	at ptolemy.actor.lib.jjs.RestrictedJavaScriptInterface.error(RestrictedJavaScriptInterface.java:108)
    [junit] 	at jdk.nashorn.internal.scripts.Script$Recompilation$514$3480A$\^eval\_.error(<eval>:98)
    [junit] 	at jdk.nashorn.internal.scripts.Script$Recompilation$512$15770A$require.L:1#_handleError(/home/travis/build/icyphy/ptII/ptolemy/actor/lib/jjs/external/require.js#401:30<eval>:370)
    [junit] 	at jdk.nashorn.internal.scripts.Script$Recompilation$505$17393AA$require.L:1#_errorResponse(/home/travis/build/icyphy/ptII/ptolemy/actor/lib/jjs/external/require.js#401:30<eval>:407)
    [junit] 	at jdk.nashorn.internal.runtime.ScriptFunctionData.invoke(ScriptFunctionData.java:641)
    [junit] 	at jdk.nashorn.internal.runtime.ScriptFunction.invoke(ScriptFunction.java:494)
    [junit] 	at jdk.nashorn.internal.runtime.ScriptRuntime.apply(ScriptRuntime.java:393)
    [junit] 	at jdk.nashorn.api.scripting.ScriptObjectMirror.callMember(ScriptObjectMirror.java:199)
    [junit] 	at ptolemy.actor.lib.jjs.modules.httpClient.HttpClientHelper$HttpClientResponseHandler$2.run(HttpClientHelper.java:343)
    [junit] 	at ptolemy.actor.lib.jjs.JavaScript.fire(JavaScript.java:1050)
    [junit] 	at ptolemy.domains.de.kernel.DEDirector._fire(DEDirector.java:1948)
    [junit] 	at ptolemy.domains.de.kernel.DEDirector.fire(DEDirector.java:502)
    [junit] 	at ptolemy.actor.CompositeActor.fire(CompositeActor.java:455)
    [junit] 	at ptolemy.actor.Manager.iterate(Manager.java:851)
    [junit] 	at ptolemy.actor.Manager.execute(Manager.java:369)
    [junit] 	at ptolemy.actor.Manager.run(Manager.java:1263)
    [junit] 	at ptolemy.actor.Manager$PtolemyRunThread.run(Manager.java:1915)
    [junit] 
    [junit] Exception: java.lang.RuntimeException thrown from the UncaughtExceptionHandler in thread "Thread-4"
    [junit] java.lang.reflect.InvocationTargetException
    [junit] 	at sun.reflect.NativeConstructorAccessorImpl.newInstance0(Native Method)
    [junit] 	at sun.reflect.NativeConstructorAccessorImpl.newInstance(NativeConstructorAccessorImpl.java:62)
    [junit] 	at sun.reflect.DelegatingConstructorAccessorImpl.newInstance(DelegatingConstructorAccessorImpl.java:45)
    [junit] 	at java.lang.reflect.Constructor.newInstance(Constructor.java:423)
    [junit] 	at ptolemy.util.test.junit.AutoKnownFailedTests.RunModel(AutoKnownFailedTests.java:107)
    [junit] 	at sun.reflect.NativeMethodAccessorImpl.invoke0(Native Method)
    [junit] 	at sun.reflect.NativeMethodAccessorImpl.invoke(NativeMethodAccessorImpl.java:62)
    [junit] 	at sun.reflect.DelegatingMethodAccessorImpl.invoke(DelegatingMethodAccessorImpl.java:43)
    [junit] 	at java.lang.reflect.Method.invoke(Method.java:498)
    [junit] 	at org.junit.runners.model.FrameworkMethod$1.runReflectiveCall(FrameworkMethod.java:44)
    [junit] 	at org.junit.internal.runners.model.ReflectiveCallable.run(ReflectiveCallable.java:15)
    [junit] 	at org.junit.runners.model.FrameworkMethod.invokeExplosively(FrameworkMethod.java:41)
    [junit] 	at junitparams.internal.InvokeParameterisedMethod.evaluate(InvokeParameterisedMethod.java:102)
    [junit] 	at org.junit.internal.runners.statements.FailOnTimeout$1.run(FailOnTimeout.java:28)
    [junit] Caused by: java.lang.RuntimeException: ContextAware: Request failed with code 423: Locked
    [junit] 	at ptolemy.util.SimpleMessageHandler._error(SimpleMessageHandler.java:53)
    [junit] 	at ptolemy.util.MessageHandler.error(MessageHandler.java:84)
    [junit] 	at ptolemy.actor.lib.jjs.JavaScript.error(JavaScript.java:828)
    [junit] 	at ptolemy.actor.lib.jjs.RestrictedJavaScriptInterface.error(RestrictedJavaScriptInterface.java:108)
    [junit] 	at jdk.nashorn.internal.scripts.Script$Recompilation$514$3480A$\^eval\_.error(<eval>:98)
    [junit] 	at jdk.nashorn.internal.scripts.Script$Recompilation$512$15770A$require.L:1#_handleError(/home/travis/build/icyphy/ptII/ptolemy/actor/lib/jjs/external/require.js#401:30<eval>:370)
    [junit] 	at jdk.nashorn.internal.scripts.Script$Recompilation$505$17393AA$require.L:1#_errorResponse(/home/travis/build/icyphy/ptII/ptolemy/actor/lib/jjs/external/require.js#401:30<eval>:407)
    [junit] 	at jdk.nashorn.internal.runtime.ScriptFunctionData.invoke(ScriptFunctionData.java:641)
    [junit] 	at jdk.nashorn.internal.runtime.ScriptFunction.invoke(ScriptFunction.java:494)
    [junit] 	at jdk.nashorn.internal.runtime.ScriptRuntime.apply(ScriptRuntime.java:393)
    [junit] 	at jdk.nashorn.api.scripting.ScriptObjectMirror.callMember(ScriptObjectMirror.java:199)
    [junit] 	at ptolemy.actor.lib.jjs.modules.httpClient.HttpClientHelper$HttpClientResponseHandler$2.run(HttpClientHelper.java:343)
    [junit] 	at ptolemy.actor.lib.jjs.JavaScript.fire(JavaScript.java:1050)
    [junit] 	at ptolemy.domains.de.kernel.DEDirector._fire(DEDirector.java:1948)
    [junit] 	at ptolemy.domains.de.kernel.DEDirector.fire(DEDirector.java:502)
    [junit] 	at ptolemy.actor.CompositeActor.fire(CompositeActor.java:455)
    [junit] 	at ptolemy.actor.Manager.iterate(Manager.java:851)
    [junit] 	at ptolemy.actor.Manager.execute(Manager.java:369)
    [junit] 	at ptolemy.actor.Manager.run(Manager.java:1263)
    [junit] 	at ptolemy.actor.Manager$PtolemyRunThread.run(Manager.java:1915)
    [junit] javachdir: directory = ptolemy/actor/lib/jjs/modules/discovery/test
    [junit] javachdir: pwd: /home/travis/build/icyphy/ptII/ptolemy/actor/lib/jjs/modules/discovery/test  Invoking with -Djava.net.preferIPv4Stack=true
    [junit] Running ptolemy.actor.lib.jjs.modules.discovery.test.junit.JUnitTclTest
    [junit] No tcl tests in /home/travis/build/icyphy/ptII/ptolemy/actor/lib/jjs/modules/discovery/test
    [junit] No auto/knownFailedTests/*.xml tests in /home/travis/build/icyphy/ptII/ptolemy/actor/lib/jjs/modules/discovery/test
    [junit] No auto/*.xml tests in /home/travis/build/icyphy/ptII/ptolemy/actor/lib/jjs/modules/discovery/test
    [junit] AutoTests.java: About to close Vertx.
    [junit] AutoTests.java: Vertx closed.
    [junit] ----------------- testing Wed May 02 12:09:26 UTC 2018 /home/travis/build/icyphy/ptII/ptolemy/actor/lib/jjs/modules/discovery/test/auto/DiscoveryJSStdout.xml
    [junit] ----------------- Wed May 02 12:09:26 UTC 2018 About to sleep for 5.0 seconds before rerunning.  Test is: /home/travis/build/icyphy/ptII/ptolemy/actor/lib/jjs/modules/discovery/test/auto/DiscoveryJSStdout.xml
    [junit] JSAccessor: PT_NO_NET environment variable is set, so git pull and ptdoc are not being run.
    [junit] {{IPAddress = "172.17.0.1", mac = "Host machine", name = "Host machine"}}
    [junit] "172.17.0.1"
    [junit] 7492 ms. Memory: 376832K Free: 15832K (4%)
    [junit] reloadAllAccessors: .DiscoveryJSStdout
    [junit] This is the first time that the reloadAllAccessors method has been invoked in this JVM, so the the accessors repo will be checked out or updated and JSDoc invoked. Note that running the tests may end up invoking a new JVM for each directory, so the repo may be checked out or updated and JSDoc invoked more than once when the tests are run.
    [junit] -------------- Reloaded accessors, but skipping rerun for nowWed May 02 12:09:44 UTC 2018 /home/travis/build/icyphy/ptII/ptolemy/actor/lib/jjs/modules/discovery/test/auto/DiscoveryJSStdout.xml
    [junit] AutoTests.java: About to close Vertx.
    [junit] AutoTests.java: Vertx closed.
    [junit] Tests run: 4, Failures: 0, Errors: 0, Skipped: 0, Time elapsed: 18.364 sec
    [junit] Output:
    [junit] No tcl tests in /home/travis/build/icyphy/ptII/ptolemy/actor/lib/jjs/modules/discovery/test
    [junit] No auto/knownFailedTests/*.xml tests in /home/travis/build/icyphy/ptII/ptolemy/actor/lib/jjs/modules/discovery/test
    [junit] No auto/*.xml tests in /home/travis/build/icyphy/ptII/ptolemy/actor/lib/jjs/modules/discovery/test
    [junit] AutoTests.java: About to close Vertx.
    [junit] AutoTests.java: Vertx closed.
    [junit] ----------------- testing Wed May 02 12:09:26 UTC 2018 /home/travis/build/icyphy/ptII/ptolemy/actor/lib/jjs/modules/discovery/test/auto/DiscoveryJSStdout.xml
    [junit] ----------------- Wed May 02 12:09:26 UTC 2018 About to sleep for 5.0 seconds before rerunning.  Test is: /home/travis/build/icyphy/ptII/ptolemy/actor/lib/jjs/modules/discovery/test/auto/DiscoveryJSStdout.xml
    [junit] JSAccessor: PT_NO_NET environment variable is set, so git pull and ptdoc are not being run.
    [junit] {{IPAddress = "172.17.0.1", mac = "Host machine", name = "Host machine"}}
    [junit] "172.17.0.1"
    [junit] 7492 ms. Memory: 376832K Free: 15832K (4%)
    [junit] reloadAllAccessors: .DiscoveryJSStdout
    [junit] This is the first time that the reloadAllAccessors method has been invoked in this JVM, so the the accessors repo will be checked out or updated and JSDoc invoked. Note that running the tests may end up invoking a new JVM for each directory, so the repo may be checked out or updated and JSDoc invoked more than once when the tests are run.
    [junit] -------------- Reloaded accessors, but skipping rerun for nowWed May 02 12:09:44 UTC 2018 /home/travis/build/icyphy/ptII/ptolemy/actor/lib/jjs/modules/discovery/test/auto/DiscoveryJSStdout.xml
    [junit] AutoTests.java: About to close Vertx.
    [junit] AutoTests.java: Vertx closed.
    [junit] 
    [junit] javachdir: directory = ptolemy/actor/lib/jjs/modules/eventbus/test
    [junit] javachdir: pwd: /home/travis/build/icyphy/ptII/ptolemy/actor/lib/jjs/modules/eventbus/test  Invoking with -Djava.net.preferIPv4Stack=true
    [junit] Running ptolemy.actor.lib.jjs.modules.eventbus.test.junit.JUnitTclTest
    [junit] No tcl tests in /home/travis/build/icyphy/ptII/ptolemy/actor/lib/jjs/modules/eventbus/test
    [junit] No auto/knownFailedTests/*.xml tests in /home/travis/build/icyphy/ptII/ptolemy/actor/lib/jjs/modules/eventbus/test
    [junit] No auto/*.xml tests in /home/travis/build/icyphy/ptII/ptolemy/actor/lib/jjs/modules/eventbus/test
    [junit] AutoTests.java: About to close Vertx.
    [junit] AutoTests.java: Vertx closed.
    [junit] ----------------- testing Wed May 02 12:09:45 UTC 2018 /home/travis/build/icyphy/ptII/ptolemy/actor/lib/jjs/modules/eventbus/test/auto/SmokeTest.xml
    [junit] ----------------- Wed May 02 12:09:45 UTC 2018 About to sleep for 5.0 seconds before rerunning.  Test is: /home/travis/build/icyphy/ptII/ptolemy/actor/lib/jjs/modules/eventbus/test/auto/SmokeTest.xml
    [junit] 1951 ms. Memory: 209408K Free: 128485K (61%)
    [junit] reloadAllAccessors: .SmokeTest
    [junit] ----------------- testing Wed May 02 12:09:55 UTC 2018 /home/travis/build/icyphy/ptII/ptolemy/actor/lib/jjs/modules/eventbus/test/auto/VertxEventBus1.xml
    [junit] ----------------- Wed May 02 12:09:55 UTC 2018 About to sleep for 5.0 seconds before rerunning.  Test is: /home/travis/build/icyphy/ptII/ptolemy/actor/lib/jjs/modules/eventbus/test/auto/VertxEventBus1.xml
    [junit] JSAccessor: PT_NO_NET environment variable is set, so git pull and ptdoc are not being run.
    [junit] 4708 ms. Memory: 420352K Free: 244765K (58%)
    [junit] reloadAllAccessors: .VertxEventBus1
    [junit] This is the first time that the reloadAllAccessors method has been invoked in this JVM, so the the accessors repo will be checked out or updated and JSDoc invoked. Note that running the tests may end up invoking a new JVM for each directory, so the repo may be checked out or updated and JSDoc invoked more than once when the tests are run.
    [junit] -------------- Reloaded accessors, but skipping rerun for nowWed May 02 12:10:08 UTC 2018 /home/travis/build/icyphy/ptII/ptolemy/actor/lib/jjs/modules/eventbus/test/auto/VertxEventBus1.xml
    [junit] ----------------- testing Wed May 02 12:10:08 UTC 2018 /home/travis/build/icyphy/ptII/ptolemy/actor/lib/jjs/modules/eventbus/test/auto/VertxEventBus2.xml
    [junit] ----------------- Wed May 02 12:10:08 UTC 2018 About to sleep for 5.0 seconds before rerunning.  Test is: /home/travis/build/icyphy/ptII/ptolemy/actor/lib/jjs/modules/eventbus/test/auto/VertxEventBus2.xml
    [junit] 4870 ms. Memory: 779264K Free: 178151K (23%)
    [junit] reloadAllAccessors: .VertxEventBus2
    [junit] -------------- Reloaded accessors, but skipping rerun for nowWed May 02 12:10:22 UTC 2018 /home/travis/build/icyphy/ptII/ptolemy/actor/lib/jjs/modules/eventbus/test/auto/VertxEventBus2.xml
    [junit] ----------------- testing Wed May 02 12:10:22 UTC 2018 /home/travis/build/icyphy/ptII/ptolemy/actor/lib/jjs/modules/eventbus/test/auto/VertxEventBus3.xml
    [junit] ----------------- Wed May 02 12:10:22 UTC 2018 About to sleep for 5.0 seconds before rerunning.  Test is: /home/travis/build/icyphy/ptII/ptolemy/actor/lib/jjs/modules/eventbus/test/auto/VertxEventBus3.xml
    [junit] 4479 ms. Memory: 1007616K Free: 698749K (69%)
    [junit] reloadAllAccessors: .VertxEventBus3
    [junit] -------------- Reloaded accessors, but skipping rerun for nowWed May 02 12:10:36 UTC 2018 /home/travis/build/icyphy/ptII/ptolemy/actor/lib/jjs/modules/eventbus/test/auto/VertxEventBus3.xml
    [junit] ----------------- testing Wed May 02 12:10:36 UTC 2018 /home/travis/build/icyphy/ptII/ptolemy/actor/lib/jjs/modules/eventbus/test/auto/VertxEventBus4.xml
    [junit] ----------------- Wed May 02 12:10:36 UTC 2018 About to sleep for 5.0 seconds before rerunning.  Test is: /home/travis/build/icyphy/ptII/ptolemy/actor/lib/jjs/modules/eventbus/test/auto/VertxEventBus4.xml
    [junit] 5761 ms. Memory: 1265664K Free: 381587K (30%)
    [junit] reloadAllAccessors: .VertxEventBus4
    [junit] -------------- Reloaded accessors, but skipping rerun for nowWed May 02 12:10:51 UTC 2018 /home/travis/build/icyphy/ptII/ptolemy/actor/lib/jjs/modules/eventbus/test/auto/VertxEventBus4.xml
    [junit] AutoTests.java: About to close Vertx.
    [junit] AutoTests.java: Vertx closed.
    [junit] Tests run: 8, Failures: 0, Errors: 0, Skipped: 0, Time elapsed: 66.677 sec
    [junit] Output:
    [junit] No tcl tests in /home/travis/build/icyphy/ptII/ptolemy/actor/lib/jjs/modules/eventbus/test
    [junit] No auto/knownFailedTests/*.xml tests in /home/travis/build/icyphy/ptII/ptolemy/actor/lib/jjs/modules/eventbus/test
    [junit] No auto/*.xml tests in /home/travis/build/icyphy/ptII/ptolemy/actor/lib/jjs/modules/eventbus/test
    [junit] AutoTests.java: About to close Vertx.
    [junit] AutoTests.java: Vertx closed.
    [junit] ----------------- testing Wed May 02 12:09:45 UTC 2018 /home/travis/build/icyphy/ptII/ptolemy/actor/lib/jjs/modules/eventbus/test/auto/SmokeTest.xml
    [junit] ----------------- Wed May 02 12:09:45 UTC 2018 About to sleep for 5.0 seconds before rerunning.  Test is: /home/travis/build/icyphy/ptII/ptolemy/actor/lib/jjs/modules/eventbus/test/auto/SmokeTest.xml
    [junit] 1951 ms. Memory: 209408K Free: 128485K (61%)
    [junit] reloadAllAccessors: .SmokeTest
    [junit] ----------------- testing Wed May 02 12:09:55 UTC 2018 /home/travis/build/icyphy/ptII/ptolemy/actor/lib/jjs/modules/eventbus/test/auto/VertxEventBus1.xml
    [junit] ----------------- Wed May 02 12:09:55 UTC 2018 About to sleep for 5.0 seconds before rerunning.  Test is: /home/travis/build/icyphy/ptII/ptolemy/actor/lib/jjs/modules/eventbus/test/auto/VertxEventBus1.xml
    [junit] JSAccessor: PT_NO_NET environment variable is set, so git pull and ptdoc are not being run.
    [junit] 4708 ms. Memory: 420352K Free: 244765K (58%)
    [junit] reloadAllAccessors: .VertxEventBus1
    [junit] This is the first time that the reloadAllAccessors method has been invoked in this JVM, so the the accessors repo will be checked out or updated and JSDoc invoked. Note that running the tests may end up invoking a new JVM for each directory, so the repo may be checked out or updated and JSDoc invoked more than once when the tests are run.
    [junit] -------------- Reloaded accessors, but skipping rerun for nowWed May 02 12:10:08 UTC 2018 /home/travis/build/icyphy/ptII/ptolemy/actor/lib/jjs/modules/eventbus/test/auto/VertxEventBus1.xml
    [junit] ----------------- testing Wed May 02 12:10:08 UTC 2018 /home/travis/build/icyphy/ptII/ptolemy/actor/lib/jjs/modules/eventbus/test/auto/VertxEventBus2.xml
    [junit] ----------------- Wed May 02 12:10:08 UTC 2018 About to sleep for 5.0 seconds before rerunning.  Test is: /home/travis/build/icyphy/ptII/ptolemy/actor/lib/jjs/modules/eventbus/test/auto/VertxEventBus2.xml
    [junit] 4870 ms. Memory: 779264K Free: 178151K (23%)
    [junit] reloadAllAccessors: .VertxEventBus2
    [junit] -------------- Reloaded accessors, but skipping rerun for nowWed May 02 12:10:22 UTC 2018 /home/travis/build/icyphy/ptII/ptolemy/actor/lib/jjs/modules/eventbus/test/auto/VertxEventBus2.xml
    [junit] ----------------- testing Wed May 02 12:10:22 UTC 2018 /home/travis/build/icyphy/ptII/ptolemy/actor/lib/jjs/modules/eventbus/test/auto/VertxEventBus3.xml
    [junit] ----------------- Wed May 02 12:10:22 UTC 2018 About to sleep for 5.0 seconds before rerunning.  Test is: /home/travis/build/icyphy/ptII/ptolemy/actor/lib/jjs/modules/eventbus/test/auto/VertxEventBus3.xml
    [junit] 4479 ms. Memory: 1007616K Free: 698749K (69%)
    [junit] reloadAllAccessors: .VertxEventBus3
    [junit] -------------- Reloaded accessors, but skipping rerun for nowWed May 02 12:10:36 UTC 2018 /home/travis/build/icyphy/ptII/ptolemy/actor/lib/jjs/modules/eventbus/test/auto/VertxEventBus3.xml
    [junit] ----------------- testing Wed May 02 12:10:36 UTC 2018 /home/travis/build/icyphy/ptII/ptolemy/actor/lib/jjs/modules/eventbus/test/auto/VertxEventBus4.xml
    [junit] ----------------- Wed May 02 12:10:36 UTC 2018 About to sleep for 5.0 seconds before rerunning.  Test is: /home/travis/build/icyphy/ptII/ptolemy/actor/lib/jjs/modules/eventbus/test/auto/VertxEventBus4.xml
    [junit] 5761 ms. Memory: 1265664K Free: 381587K (30%)
    [junit] reloadAllAccessors: .VertxEventBus4
    [junit] -------------- Reloaded accessors, but skipping rerun for nowWed May 02 12:10:51 UTC 2018 /home/travis/build/icyphy/ptII/ptolemy/actor/lib/jjs/modules/eventbus/test/auto/VertxEventBus4.xml
    [junit] AutoTests.java: About to close Vertx.
    [junit] AutoTests.java: Vertx closed.
    [junit] 
    [junit] javachdir: directory = ptolemy/actor/lib/jjs/modules/faceDetector/test
    [junit] javachdir: pwd: /home/travis/build/icyphy/ptII/ptolemy/actor/lib/jjs/modules/faceDetector/test  Invoking with -Djava.net.preferIPv4Stack=true
    [junit] Running ptolemy.actor.lib.jjs.modules.faceDetector.test.junit.JUnitTclTest
    [junit] No tcl tests in /home/travis/build/icyphy/ptII/ptolemy/actor/lib/jjs/modules/faceDetector/test
    [junit] No auto/knownFailedTests/*.xml tests in /home/travis/build/icyphy/ptII/ptolemy/actor/lib/jjs/modules/faceDetector/test
    [junit] No auto/*.xml tests in /home/travis/build/icyphy/ptII/ptolemy/actor/lib/jjs/modules/faceDetector/test
    [junit] AutoTests.java: About to close Vertx.
    [junit] AutoTests.java: Vertx closed.
    [junit] ----------------- testing Wed May 02 12:10:52 UTC 2018 /home/travis/build/icyphy/ptII/ptolemy/actor/lib/jjs/modules/faceDetector/test/auto/TestFaceDetector.xml
    [junit] ----------------- Wed May 02 12:10:52 UTC 2018 About to sleep for 5.0 seconds before rerunning.  Test is: /home/travis/build/icyphy/ptII/ptolemy/actor/lib/jjs/modules/faceDetector/test/auto/TestFaceDetector.xml
    [junit] JSAccessor: PT_NO_NET environment variable is set, so git pull and ptdoc are not being run.
    [junit] libdc1394 error: Failed to initialize libdc1394
    [junit] 6418 ms. Memory: 398336K Free: 198399K (50%)
    [junit] reloadAllAccessors: .TestFaceDetector
    [junit] This is the first time that the reloadAllAccessors method has been invoked in this JVM, so the the accessors repo will be checked out or updated and JSDoc invoked. Note that running the tests may end up invoking a new JVM for each directory, so the repo may be checked out or updated and JSDoc invoked more than once when the tests are run.
    [junit] -------------- Reloaded accessors, but skipping rerun for nowWed May 02 12:11:12 UTC 2018 /home/travis/build/icyphy/ptII/ptolemy/actor/lib/jjs/modules/faceDetector/test/auto/TestFaceDetector.xml
    [junit] AutoTests.java: About to close Vertx.
    [junit] AutoTests.java: Vertx closed.
    [junit] Tests run: 4, Failures: 0, Errors: 0, Skipped: 0, Time elapsed: 20.132 sec
    [junit] Output:
    [junit] No tcl tests in /home/travis/build/icyphy/ptII/ptolemy/actor/lib/jjs/modules/faceDetector/test
    [junit] No auto/knownFailedTests/*.xml tests in /home/travis/build/icyphy/ptII/ptolemy/actor/lib/jjs/modules/faceDetector/test
    [junit] No auto/*.xml tests in /home/travis/build/icyphy/ptII/ptolemy/actor/lib/jjs/modules/faceDetector/test
    [junit] AutoTests.java: About to close Vertx.
    [junit] AutoTests.java: Vertx closed.
    [junit] ----------------- testing Wed May 02 12:10:52 UTC 2018 /home/travis/build/icyphy/ptII/ptolemy/actor/lib/jjs/modules/faceDetector/test/auto/TestFaceDetector.xml
    [junit] ----------------- Wed May 02 12:10:52 UTC 2018 About to sleep for 5.0 seconds before rerunning.  Test is: /home/travis/build/icyphy/ptII/ptolemy/actor/lib/jjs/modules/faceDetector/test/auto/TestFaceDetector.xml
    [junit] JSAccessor: PT_NO_NET environment variable is set, so git pull and ptdoc are not being run.
    [junit] 6418 ms. Memory: 398336K Free: 198399K (50%)
    [junit] reloadAllAccessors: .TestFaceDetector
    [junit] This is the first time that the reloadAllAccessors method has been invoked in this JVM, so the the accessors repo will be checked out or updated and JSDoc invoked. Note that running the tests may end up invoking a new JVM for each directory, so the repo may be checked out or updated and JSDoc invoked more than once when the tests are run.
    [junit] -------------- Reloaded accessors, but skipping rerun for nowWed May 02 12:11:12 UTC 2018 /home/travis/build/icyphy/ptII/ptolemy/actor/lib/jjs/modules/faceDetector/test/auto/TestFaceDetector.xml
    [junit] AutoTests.java: About to close Vertx.
    [junit] AutoTests.java: Vertx closed.
    [junit] 
    [junit] javachdir: directory = ptolemy/actor/lib/jjs/modules/httpClient/test
    [junit] javachdir: pwd: /home/travis/build/icyphy/ptII/ptolemy/actor/lib/jjs/modules/httpClient/test  Invoking with -Djava.net.preferIPv4Stack=true
    [junit] Running ptolemy.actor.lib.jjs.modules.httpClient.test.junit.JUnitTclTest
    [junit] No tcl tests in /home/travis/build/icyphy/ptII/ptolemy/actor/lib/jjs/modules/httpClient/test
    [junit] No auto/knownFailedTests/*.xml tests in /home/travis/build/icyphy/ptII/ptolemy/actor/lib/jjs/modules/httpClient/test
    [junit] No auto/*.xml tests in /home/travis/build/icyphy/ptII/ptolemy/actor/lib/jjs/modules/httpClient/test
    [junit] AutoTests.java: About to close Vertx.
    [junit] AutoTests.java: Vertx closed.
    [junit] ----------------- testing Wed May 02 12:11:13 UTC 2018 /home/travis/build/icyphy/ptII/ptolemy/actor/lib/jjs/modules/httpClient/test/auto/GeoCoderWeather.xml
    [junit] ----------------- Wed May 02 12:11:13 UTC 2018 About to sleep for 5.0 seconds before rerunning.  Test is: /home/travis/build/icyphy/ptII/ptolemy/actor/lib/jjs/modules/httpClient/test/auto/GeoCoderWeather.xml
    [junit] JSAccessor: PT_NO_NET environment variable is set, so git pull and ptdoc are not being run.
    [junit] GeoCoder: Making an HTTP request. (Thread[GeoCoderWeather,1,main])
    [junit] Weather: Making an HTTP request. (Thread[GeoCoderWeather,1,main])
    [junit] 10716 ms. Memory: 699904K Free: 489511K (70%)
    [junit] reloadAllAccessors: .GeoCoderWeather
    [junit] This is the first time that the reloadAllAccessors method has been invoked in this JVM, so the the accessors repo will be checked out or updated and JSDoc invoked. Note that running the tests may end up invoking a new JVM for each directory, so the repo may be checked out or updated and JSDoc invoked more than once when the tests are run.
    [junit] -------------- Reloaded accessors, but skipping rerun for nowWed May 02 12:11:39 UTC 2018 /home/travis/build/icyphy/ptII/ptolemy/actor/lib/jjs/modules/httpClient/test/auto/GeoCoderWeather.xml
    [junit] ----------------- testing Wed May 02 12:11:39 UTC 2018 /home/travis/build/icyphy/ptII/ptolemy/actor/lib/jjs/modules/httpClient/test/auto/RESTComposite.xml
    [junit] ----------------- Wed May 02 12:11:39 UTC 2018 About to sleep for 5.0 seconds before rerunning.  Test is: /home/travis/build/icyphy/ptII/ptolemy/actor/lib/jjs/modules/httpClient/test/auto/RESTComposite.xml
    [junit] JavaScript: Making an HTTP request. (Thread[RESTComposite,1,main])
    [junit] 124390 ms. Memory: 905728K Free: 318513K (35%)
    [junit] ----------------- testing Wed May 02 12:13:52 UTC 2018 /home/travis/build/icyphy/ptII/ptolemy/actor/lib/jjs/modules/httpClient/test/auto/RESTGet.xml
    [junit] ----------------- Wed May 02 12:13:52 UTC 2018 About to sleep for 5.0 seconds before rerunning.  Test is: /home/travis/build/icyphy/ptII/ptolemy/actor/lib/jjs/modules/httpClient/test/auto/RESTGet.xml
    [junit] java.lang.RuntimeException: Execution failed
    [junit] 	at ptolemy.moml.MoMLSimpleApplication$UnloadThread.run(MoMLSimpleApplication.java:402)
    [junit] Caused by: ptolemy.kernel.util.IllegalActionException: Exceptions occurred during wrapup:
    [junit] ptolemy.kernel.util.IllegalActionException: Failure executing the wrapup function: Error: TrainableTest: The input handler of this accessor was never invoked. Usually, this is an error indicating that starvation is occurring. in <function> at line number 393 at column number 16
    [junit]   in .RESTComposite.TrainableTest
    [junit] Because:
    [junit] Error: TrainableTest: The input handler of this accessor was never invoked. Usually, this is an error indicating that starvation is occurring. in <function> at line number 393 at column number 16
    [junit] 
    [junit]   in .RESTComposite.DE Director
    [junit] Because:
    [junit] Failure executing the wrapup function: Error: TrainableTest: The input handler of this accessor was never invoked. Usually, this is an error indicating that starvation is occurring. in <function> at line number 393 at column number 16
    [junit]   in .RESTComposite.TrainableTest
    [junit] Because:
    [junit] Error: TrainableTest: The input handler of this accessor was never invoked. Usually, this is an error indicating that starvation is occurring. in <function> at line number 393 at column number 16
    [junit] 	at ptolemy.actor.Director.wrapup(Director.java:1736)
    [junit] 	at ptolemy.domains.de.kernel.DEDirector.wrapup(DEDirector.java:1526)
    [junit] 	at ptolemy.actor.CompositeActor.wrapup(CompositeActor.java:2735)
    [junit] 	at ptolemy.actor.Manager.wrapup(Manager.java:1512)
    [junit] 	at ptolemy.actor.Manager.execute(Manager.java:407)
    [junit] 	at ptolemy.actor.Manager.run(Manager.java:1263)
    [junit] 	at ptolemy.actor.Manager$PtolemyRunThread.run(Manager.java:1915)
    [junit] Caused by: ptolemy.kernel.util.IllegalActionException: Failure executing the wrapup function: Error: TrainableTest: The input handler of this accessor was never invoked. Usually, this is an error indicating that starvation is occurring. in <function> at line number 393 at column number 16
    [junit]   in .RESTComposite.TrainableTest
    [junit] Because:
    [junit] Error: TrainableTest: The input handler of this accessor was never invoked. Usually, this is an error indicating that starvation is occurring. in <function> at line number 393 at column number 16
    [junit] 	at ptolemy.actor.lib.jjs.JavaScript._invokeMethodInContext(JavaScript.java:2216)
    [junit] 	at ptolemy.actor.lib.jjs.JavaScript.wrapup(JavaScript.java:2111)
    [junit] 	at ptolemy.actor.Director.wrapup(Director.java:1722)
    [junit] 	... 6 more
    [junit] Caused by: javax.script.ScriptException: Error: TrainableTest: The input handler of this accessor was never invoked. Usually, this is an error indicating that starvation is occurring. in <function> at line number 393 at column number 16
    [junit] 	at jdk.nashorn.api.scripting.NashornScriptEngine.throwAsScriptException(NashornScriptEngine.java:470)
    [junit] 	at jdk.nashorn.api.scripting.NashornScriptEngine.invokeImpl(NashornScriptEngine.java:392)
    [junit] 	at jdk.nashorn.api.scripting.NashornScriptEngine.invokeMethod(NashornScriptEngine.java:199)
    [junit] 	at ptolemy.actor.lib.jjs.JavaScript._invokeMethodInContext(JavaScript.java:2193)
    [junit] 	... 8 more
    [junit] Caused by: <function>:393:16 Error: TrainableTest: The input handler of this accessor was never invoked. Usually, this is an error indicating that starvation is occurring.
    [junit] 	at jdk.nashorn.internal.objects.NativeError.initException(NativeError.java:137)
    [junit] 	at jdk.nashorn.internal.objects.NativeError.<init>(NativeError.java:102)
    [junit] 	at jdk.nashorn.internal.objects.NativeError.<init>(NativeError.java:106)
    [junit] 	at jdk.nashorn.internal.objects.NativeError.<init>(NativeError.java:110)
    [junit] 	at jdk.nashorn.internal.objects.NativeError.constructor(NativeError.java:129)
    [junit] 	at jdk.nashorn.internal.scripts.Script$Recompilation$4672$18508$\^function\_.L:1#wrapup(<function>:393)
    [junit] 	at jdk.nashorn.internal.scripts.Script$Recompilation$4670$30328$require.L:1#Accessor#wrapup(/home/travis/build/icyphy/ptII/ptolemy/actor/lib/jjs/external/require.js#401:30<eval>:673)
    [junit] 	at jdk.nashorn.internal.runtime.ScriptFunctionData.invoke(ScriptFunctionData.java:637)
    [junit] 	at jdk.nashorn.internal.runtime.ScriptFunction.invoke(ScriptFunction.java:494)
    [junit] 	at jdk.nashorn.internal.runtime.ScriptRuntime.apply(ScriptRuntime.java:393)
    [junit] 	at jdk.nashorn.api.scripting.ScriptObjectMirror.callMember(ScriptObjectMirror.java:199)
    [junit] 	at jdk.nashorn.api.scripting.NashornScriptEngine.invokeImpl(NashornScriptEngine.java:386)
    [junit] 	... 10 more
    [junit] 
    [junit] Exception: java.lang.RuntimeException thrown from the UncaughtExceptionHandler in thread "Thread-11"
    [junit] REST: Making an HTTP request. (Thread[RESTGet,1,main])
    [junit] REST2: Making an HTTP request. (Thread[RESTGet,1,main])
    [junit] REST3: Making an HTTP request. (Thread[RESTGet,1,main])
    [junit] java.lang.RuntimeException: Execution failed
    [junit] 	at ptolemy.moml.MoMLSimpleApplication$UnloadThread.run(MoMLSimpleApplication.java:402)
    [junit] Caused by: ptolemy.kernel.util.IllegalActionException: Exceptions occurred during wrapup:
    [junit] ptolemy.kernel.util.IllegalActionException: Failure executing the wrapup function: Error: TrainableTest3: The input handler of this accessor was never invoked. Usually, this is an error indicating that starvation is occurring. in <function> at line number 393 at column number 16
    [junit]   in .RESTGet.TrainableTest3
    [junit] Because:
    [junit] Error: TrainableTest3: The input handler of this accessor was never invoked. Usually, this is an error indicating that starvation is occurring. in <function> at line number 393 at column number 16
    [junit] 
    [junit]   in .RESTGet.DE Director
    [junit] Because:
    [junit] Failure executing the wrapup function: Error: TrainableTest3: The input handler of this accessor was never invoked. Usually, this is an error indicating that starvation is occurring. in <function> at line number 393 at column number 16
    [junit]   in .RESTGet.TrainableTest3
    [junit] Because:
    [junit] Error: TrainableTest3: The input handler of this accessor was never invoked. Usually, this is an error indicating that starvation is occurring. in <function> at line number 393 at column number 16
    [junit] 	at ptolemy.actor.Director.wrapup(Director.java:1736)
    [junit] 	at ptolemy.domains.de.kernel.DEDirector.wrapup(DEDirector.java:1526)
    [junit] 	at ptolemy.actor.CompositeActor.wrapup(CompositeActor.java:2735)
    [junit] 	at ptolemy.actor.Manager.wrapup(Manager.java:1512)
    [junit] 	at ptolemy.actor.Manager.execute(Manager.java:407)
    [junit] 	at ptolemy.actor.Manager.run(Manager.java:1263)
    [junit] 	at ptolemy.actor.Manager$PtolemyRunThread.run(Manager.java:1915)
    [junit] Caused by: ptolemy.kernel.util.IllegalActionException: Failure executing the wrapup function: Error: TrainableTest3: The input handler of this accessor was never invoked. Usually, this is an error indicating that starvation is occurring. in <function> at line number 393 at column number 16
    [junit]   in .RESTGet.TrainableTest3
    [junit] Because:
    [junit] Error: TrainableTest3: The input handler of this accessor was never invoked. Usually, this is an error indicating that starvation is occurring. in <function> at line number 393 at column number 16
    [junit] 	at ptolemy.actor.lib.jjs.JavaScript._invokeMethodInContext(JavaScript.java:2216)
    [junit] 	at ptolemy.actor.lib.jjs.JavaScript.wrapup(JavaScript.java:2111)
    [junit] 	at ptolemy.actor.Director.wrapup(Director.java:1722)
    [junit] 	... 6 more
    [junit] 128223 ms. Memory: 1311744K Free: 166242K (13%)
    [junit] Caused by: javax.script.ScriptException: Error: TrainableTest3: The input handler of this accessor was never invoked. Usually, this is an error indicating that starvation is occurring. in <function> at line number 393 at column number 16
    [junit] ----------------- testing Wed May 02 12:16:10 UTC 2018 /home/travis/build/icyphy/ptII/ptolemy/actor/lib/jjs/modules/httpClient/test/auto/RESTGetCompleteResponseOnly.xml
    [junit] 	at jdk.nashorn.api.scripting.NashornScriptEngine.throwAsScriptException(NashornScriptEngine.java:470)
    [junit] ----------------- Wed May 02 12:16:10 UTC 2018 About to sleep for 5.0 seconds before rerunning.  Test is: /home/travis/build/icyphy/ptII/ptolemy/actor/lib/jjs/modules/httpClient/test/auto/RESTGetCompleteResponseOnly.xml
    [junit] 	at jdk.nashorn.api.scripting.NashornScriptEngine.invokeImpl(NashornScriptEngine.java:392)
    [junit] 	at jdk.nashorn.api.scripting.NashornScriptEngine.invokeMethod(NashornScriptEngine.java:199)
    [junit] 	at ptolemy.actor.lib.jjs.JavaScript._invokeMethodInContext(JavaScript.java:2193)
    [junit] 	... 8 more
    [junit] Caused by: <function>:393:16 Error: TrainableTest3: The input handler of this accessor was never invoked. Usually, this is an error indicating that starvation is occurring.
    [junit] 	at jdk.nashorn.internal.objects.NativeError.initException(NativeError.java:137)
    [junit] 	at jdk.nashorn.internal.objects.NativeError.<init>(NativeError.java:102)
    [junit] 	at jdk.nashorn.internal.objects.NativeError.<init>(NativeError.java:106)
    [junit] 	at jdk.nashorn.internal.objects.NativeError.<init>(NativeError.java:110)
    [junit] 	at jdk.nashorn.internal.objects.NativeError.constructor(NativeError.java:129)
    [junit] 	at jdk.nashorn.internal.scripts.Script$Recompilation$8461$18508$\^function\_.L:1#wrapup(<function>:393)
    [junit] 	at jdk.nashorn.internal.scripts.Script$Recompilation$8459$30328$require.L:1#Accessor#wrapup(/home/travis/build/icyphy/ptII/ptolemy/actor/lib/jjs/external/require.js#401:30<eval>:673)
    [junit] 	at jdk.nashorn.internal.runtime.ScriptFunctionData.invoke(ScriptFunctionData.java:637)
    [junit] 	at jdk.nashorn.internal.runtime.ScriptFunction.invoke(ScriptFunction.java:494)
    [junit] 	at jdk.nashorn.internal.runtime.ScriptRuntime.apply(ScriptRuntime.java:393)
    [junit] 	at jdk.nashorn.api.scripting.ScriptObjectMirror.callMember(ScriptObjectMirror.java:199)
    [junit] 	at jdk.nashorn.api.scripting.NashornScriptEngine.invokeImpl(NashornScriptEngine.java:386)
    [junit] 	... 10 more
    [junit] 
    [junit] Exception: java.lang.RuntimeException thrown from the UncaughtExceptionHandler in thread "Thread-14"
    [junit] REST: Making an HTTP request. (Thread[RESTGetCompleteResponseOnly,1,main])
    [junit] REST2: Making an HTTP request. (Thread[RESTGetCompleteResponseOnly,1,main])
    [junit] java.lang.RuntimeException: Execution failed
    [junit] 166654 ms. Memory: 1877504K Free: 1111611K (59%)
    [junit] ----------------- testing Wed May 02 12:19:06 UTC 2018 /home/travis/build/icyphy/ptII/ptolemy/actor/lib/jjs/modules/httpClient/test/auto/RESTPost.xml
    [junit] 	at ptolemy.moml.MoMLSimpleApplication$UnloadThread.run(MoMLSimpleApplication.java:402)
    [junit] ----------------- Wed May 02 12:19:06 UTC 2018 About to sleep for 5.0 seconds before rerunning.  Test is: /home/travis/build/icyphy/ptII/ptolemy/actor/lib/jjs/modules/httpClient/test/auto/RESTPost.xml
    [junit] Caused by: ptolemy.kernel.util.IllegalActionException: Exceptions occurred during wrapup:
    [junit] ptolemy.kernel.util.IllegalActionException: Failure executing the wrapup function: Error: TrainableTest2: The input handler of this accessor was never invoked. Usually, this is an error indicating that starvation is occurring. in <function> at line number 393 at column number 16
    [junit]   in .RESTGetCompleteResponseOnly.TrainableTest2
    [junit] Because:
    [junit] Error: TrainableTest2: The input handler of this accessor was never invoked. Usually, this is an error indicating that starvation is occurring. in <function> at line number 393 at column number 16
    [junit] 
    [junit]   in .RESTGetCompleteResponseOnly.DE Director
    [junit] Because:
    [junit] Failure executing the wrapup function: Error: TrainableTest2: The input handler of this accessor was never invoked. Usually, this is an error indicating that starvation is occurring. in <function> at line number 393 at column number 16
    [junit]   in .RESTGetCompleteResponseOnly.TrainableTest2
    [junit] Because:
    [junit] Error: TrainableTest2: The input handler of this accessor was never invoked. Usually, this is an error indicating that starvation is occurring. in <function> at line number 393 at column number 16
    [junit] 	at ptolemy.actor.Director.wrapup(Director.java:1736)
    [junit] 	at ptolemy.domains.de.kernel.DEDirector.wrapup(DEDirector.java:1526)
    [junit] 	at ptolemy.actor.CompositeActor.wrapup(CompositeActor.java:2735)
    [junit] 	at ptolemy.actor.Manager.wrapup(Manager.java:1512)
    [junit] 	at ptolemy.actor.Manager.execute(Manager.java:407)
    [junit] 	at ptolemy.actor.Manager.run(Manager.java:1263)
    [junit] 	at ptolemy.actor.Manager$PtolemyRunThread.run(Manager.java:1915)
    [junit] Caused by: ptolemy.kernel.util.IllegalActionException: Failure executing the wrapup function: Error: TrainableTest2: The input handler of this accessor was never invoked. Usually, this is an error indicating that starvation is occurring. in <function> at line number 393 at column number 16
    [junit]   in .RESTGetCompleteResponseOnly.TrainableTest2
    [junit] Because:
    [junit] Error: TrainableTest2: The input handler of this accessor was never invoked. Usually, this is an error indicating that starvation is occurring. in <function> at line number 393 at column number 16
    [junit] 	at ptolemy.actor.lib.jjs.JavaScript._invokeMethodInContext(JavaScript.java:2216)
    [junit] 	at ptolemy.actor.lib.jjs.JavaScript.wrapup(JavaScript.java:2111)
    [junit] 	at ptolemy.actor.Director.wrapup(Director.java:1722)
    [junit] 	... 6 more
    [junit] Caused by: javax.script.ScriptException: Error: TrainableTest2: The input handler of this accessor was never invoked. Usually, this is an error indicating that starvation is occurring. in <function> at line number 393 at column number 16
    [junit] 	at jdk.nashorn.api.scripting.NashornScriptEngine.throwAsScriptException(NashornScriptEngine.java:470)
    [junit] 	at jdk.nashorn.api.scripting.NashornScriptEngine.invokeImpl(NashornScriptEngine.java:392)
    [junit] 	at jdk.nashorn.api.scripting.NashornScriptEngine.invokeMethod(NashornScriptEngine.java:199)
    [junit] 	at ptolemy.actor.lib.jjs.JavaScript._invokeMethodInContext(JavaScript.java:2193)
    [junit] 	... 8 more
    [junit] Caused by: <function>:393:16 Error: TrainableTest2: The input handler of this accessor was never invoked. Usually, this is an error indicating that starvation is occurring.
    [junit] 	at jdk.nashorn.internal.objects.NativeError.initException(NativeError.java:137)
    [junit] 	at jdk.nashorn.internal.objects.NativeError.<init>(NativeError.java:102)
    [junit] 	at jdk.nashorn.internal.objects.NativeError.<init>(NativeError.java:106)
    [junit] 	at jdk.nashorn.internal.objects.NativeError.<init>(NativeError.java:110)
    [junit] 	at jdk.nashorn.internal.objects.NativeError.constructor(NativeError.java:129)
    [junit] 	at jdk.nashorn.internal.scripts.Script$Recompilation$11496$18557$\^function\_.L:1#wrapup(<function>:393)
    [junit] 	at jdk.nashorn.internal.scripts.Script$Recompilation$11494$30328$require.L:1#Accessor#wrapup(/home/travis/build/icyphy/ptII/ptolemy/actor/lib/jjs/external/require.js#401:30<eval>:673)
    [junit] 	at jdk.nashorn.internal.runtime.ScriptFunctionData.invoke(ScriptFunctionData.java:637)
    [junit] 	at jdk.nashorn.internal.runtime.ScriptFunction.invoke(ScriptFunction.java:494)
    [junit] 	at jdk.nashorn.internal.runtime.ScriptRuntime.apply(ScriptRuntime.java:393)
    [junit] 	at jdk.nashorn.api.scripting.ScriptObjectMirror.callMember(ScriptObjectMirror.java:199)
    [junit] 	at jdk.nashorn.api.scripting.NashornScriptEngine.invokeImpl(NashornScriptEngine.java:386)
    [junit] 	... 10 more
    [junit] 
    [junit] Exception: java.lang.RuntimeException thrown from the UncaughtExceptionHandler in thread "Thread-17"
    [junit] REST: Making an HTTP request. (Thread[RESTPost,1,main])
    [junit] REST2: Making an HTTP request. (Thread[RESTPost,1,main])
    [junit] 8484 ms. Memory: 1963520K Free: 526709K (27%)
    [junit] reloadAllAccessors: .RESTPost
    [junit] -------------- Reloaded accessors, but skipping rerun for nowWed May 02 12:19:27 UTC 2018 /home/travis/build/icyphy/ptII/ptolemy/actor/lib/jjs/modules/httpClient/test/auto/RESTPost.xml
    [junit] ----------------- testing Wed May 02 12:19:27 UTC 2018 /home/travis/build/icyphy/ptII/ptolemy/actor/lib/jjs/modules/httpClient/test/auto/RESTPostDataTypes.xml
    [junit] ----------------- Wed May 02 12:19:27 UTC 2018 About to sleep for 5.0 seconds before rerunning.  Test is: /home/travis/build/icyphy/ptII/ptolemy/actor/lib/jjs/modules/httpClient/test/auto/RESTPostDataTypes.xml
    [junit] WebServer: WebServer: Creating new server. (Thread[RESTPostDataTypes,1,main])
    [junit] WebServer: WebServer: Listening for requests. (Thread[vert.x-eventloop-thread-0,1,main])
    [junit] Manager.initialize() finished: 15061 ms. Memory: 2108928K Free: 1436652K (68%)
    [junit] REST: Making an HTTP request. (Thread[RESTPostDataTypes,1,main])
    [junit] JavaScriptBarrier: JavaScriptBarrier: sending true after timeout. (Thread[RESTPostDataTypes,1,main])
    [junit] WebServer: WebServer: Stopping the server. (Thread[RESTPostDataTypes,1,main])
    [junit] java.lang.RuntimeException: Execution failed
    [junit] 	at ptolemy.moml.MoMLSimpleApplication$UnloadThread.run(MoMLSimpleApplication.java:402)
    [junit] Caused by: ptolemy.kernel.util.IllegalActionException: Exceptions occurred during wrapup:
    [junit] ptolemy.kernel.util.IllegalActionException: Failure executing the wrapup function: Error: TrainableTest: The input handler of this accessor was never invoked. Usually, this is an error indicating that starvation is occurring. in <function> at line number 393 at column number 16
    [junit]   in .RESTPostDataTypes.TrainableTest
    [junit] Because:
    [junit] Error: TrainableTest: The input handler of this accessor was never invoked. Usually, this is an error indicating that starvation is occurring. in <function> at line number 393 at column number 16
    [junit] ptolemy.kernel.util.IllegalActionException: Failure executing the wrapup function: Error: TrainableTest2: The input handler of this accessor was never invoked. Usually, this is an error indicating that starvation is occurring. in <function> at line number 393 at column number 16
    [junit]   in .RESTPostDataTypes.TrainableTest2
    [junit] Because:
    [junit] Error: TrainableTest2: The input handler of this accessor was never invoked. Usually, this is an error indicating that starvation is occurring. in <function> at line number 393 at column number 16
    [junit] ptolemy.kernel.util.IllegalActionException: Failure executing the wrapup function: Error: TrainableTest3: The input handler of this accessor was never invoked. Usually, this is an error indicating that starvation is occurring. in <function> at line number 393 at column number 16
    [junit]   in .RESTPostDataTypes.TrainableTest3
    [junit] Because:
    [junit] Error: TrainableTest3: The input handler of this accessor was never invoked. Usually, this is an error indicating that starvation is occurring. in <function> at line number 393 at column number 16
    [junit] 215221 ms. Memory: 2108928K Free: 1381856K (66%)
    [junit] ptolemy.kernel.util.IllegalActionException: Failure executing the wrapup function: Error: TrainableTest4: The input handler of this accessor was never invoked. Usually, this is an error indicating that starvation is occurring. in <function> at line number 393 at column number 16
    [junit] ----------------- testing Wed May 02 12:23:17 UTC 2018 /home/travis/build/icyphy/ptII/ptolemy/actor/lib/jjs/modules/httpClient/test/auto/RESTPut.xml
    [junit]   in .RESTPostDataTypes.TrainableTest4
    [junit] ----------------- Wed May 02 12:23:17 UTC 2018 About to sleep for 5.0 seconds before rerunning.  Test is: /home/travis/build/icyphy/ptII/ptolemy/actor/lib/jjs/modules/httpClient/test/auto/RESTPut.xml
    [junit] Because:
    [junit] Error: TrainableTest4: The input handler of this accessor was never invoked. Usually, this is an error indicating that starvation is occurring. in <function> at line number 393 at column number 16
    [junit] ptolemy.kernel.util.IllegalActionException: Failure executing the wrapup function: Error: TrainableTest5: The input handler of this accessor was never invoked. Usually, this is an error indicating that starvation is occurring. in <function> at line number 393 at column number 16
    [junit]   in .RESTPostDataTypes.TrainableTest5
    [junit] Because:
    [junit] Error: TrainableTest5: The input handler of this accessor was never invoked. Usually, this is an error indicating that starvation is occurring. in <function> at line number 393 at column number 16
    [junit] 
    [junit]   in .RESTPostDataTypes.DE Director
    [junit] Because:
    [junit] Failure executing the wrapup function: Error: TrainableTest: The input handler of this accessor was never invoked. Usually, this is an error indicating that starvation is occurring. in <function> at line number 393 at column number 16
    [junit]   in .RESTPostDataTypes.TrainableTest
    [junit] Because:
    [junit] Error: TrainableTest: The input handler of this accessor was never invoked. Usually, this is an error indicating that starvation is occurring. in <function> at line number 393 at column number 16
    [junit] 	at ptolemy.actor.Director.wrapup(Director.java:1736)
    [junit] 	at ptolemy.domains.de.kernel.DEDirector.wrapup(DEDirector.java:1526)
    [junit] 	at ptolemy.actor.CompositeActor.wrapup(CompositeActor.java:2735)
    [junit] 	at ptolemy.actor.Manager.wrapup(Manager.java:1512)
    [junit] 	at ptolemy.actor.Manager.execute(Manager.java:407)
    [junit] 	at ptolemy.actor.Manager.run(Manager.java:1263)
    [junit] 	at ptolemy.actor.Manager$PtolemyRunThread.run(Manager.java:1915)
    [junit] Caused by: ptolemy.kernel.util.IllegalActionException: Failure executing the wrapup function: Error: TrainableTest: The input handler of this accessor was never invoked. Usually, this is an error indicating that starvation is occurring. in <function> at line number 393 at column number 16
    [junit]   in .RESTPostDataTypes.TrainableTest
    [junit] Because:
    [junit] Error: TrainableTest: The input handler of this accessor was never invoked. Usually, this is an error indicating that starvation is occurring. in <function> at line number 393 at column number 16
    [junit] 	at ptolemy.actor.lib.jjs.JavaScript._invokeMethodInContext(JavaScript.java:2216)
    [junit] 	at ptolemy.actor.lib.jjs.JavaScript.wrapup(JavaScript.java:2111)
    [junit] 	at ptolemy.actor.Director.wrapup(Director.java:1722)
    [junit] 	... 6 more
    [junit] Caused by: javax.script.ScriptException: Error: TrainableTest: The input handler of this accessor was never invoked. Usually, this is an error indicating that starvation is occurring. in <function> at line number 393 at column number 16
    [junit] 	at jdk.nashorn.api.scripting.NashornScriptEngine.throwAsScriptException(NashornScriptEngine.java:470)
    [junit] 	at jdk.nashorn.api.scripting.NashornScriptEngine.invokeImpl(NashornScriptEngine.java:392)
    [junit] 	at jdk.nashorn.api.scripting.NashornScriptEngine.invokeMethod(NashornScriptEngine.java:199)
    [junit] 	at ptolemy.actor.lib.jjs.JavaScript._invokeMethodInContext(JavaScript.java:2193)
    [junit] 	... 8 more
    [junit] Caused by: <function>:393:16 Error: TrainableTest: The input handler of this accessor was never invoked. Usually, this is an error indicating that starvation is occurring.
    [junit] 	at jdk.nashorn.internal.objects.NativeError.initException(NativeError.java:137)
    [junit] 	at jdk.nashorn.internal.objects.NativeError.<init>(NativeError.java:102)
    [junit] 	at jdk.nashorn.internal.objects.NativeError.<init>(NativeError.java:106)
    [junit] 	at jdk.nashorn.internal.objects.NativeError.<init>(NativeError.java:110)
    [junit] 	at jdk.nashorn.internal.objects.NativeError.constructor(NativeError.java:129)
    [junit] 	at jdk.nashorn.internal.scripts.Script$Recompilation$22951$18508$\^function\_.L:1#wrapup(<function>:393)
    [junit] 	at jdk.nashorn.internal.scripts.Script$Recompilation$22949$30328$require.L:1#Accessor#wrapup(/home/travis/build/icyphy/ptII/ptolemy/actor/lib/jjs/external/require.js#401:30<eval>:673)
    [junit] 	at jdk.nashorn.internal.runtime.ScriptFunctionData.invoke(ScriptFunctionData.java:637)
    [junit] 	at jdk.nashorn.internal.runtime.ScriptFunction.invoke(ScriptFunction.java:494)
    [junit] 	at jdk.nashorn.internal.runtime.ScriptRuntime.apply(ScriptRuntime.java:393)
    [junit] 	at jdk.nashorn.api.scripting.ScriptObjectMirror.callMember(ScriptObjectMirror.java:199)
    [junit] 	at jdk.nashorn.api.scripting.NashornScriptEngine.invokeImpl(NashornScriptEngine.java:386)
    [junit] 	... 10 more
    [junit] 
    [junit] Exception: java.lang.RuntimeException thrown from the UncaughtExceptionHandler in thread "Thread-23"
    [junit] REST: Making an HTTP request. (Thread[RESTPut,1,main])
    [junit] REST2: Making an HTTP request. (Thread[RESTPut,1,main])
    [junit] 9649 ms. Memory: 2172416K Free: 1619733K (75%)
    [junit] reloadAllAccessors: .RESTPut
    [junit] -------------- Reloaded accessors, but skipping rerun for nowWed May 02 12:23:38 UTC 2018 /home/travis/build/icyphy/ptII/ptolemy/actor/lib/jjs/modules/httpClient/test/auto/RESTPut.xml
    [junit] ----------------- testing Wed May 02 12:23:38 UTC 2018 /home/travis/build/icyphy/ptII/ptolemy/actor/lib/jjs/modules/httpClient/test/auto/RESTReceiveImage.xml
    [junit] ----------------- Wed May 02 12:23:38 UTC 2018 About to sleep for 5.0 seconds before rerunning.  Test is: /home/travis/build/icyphy/ptII/ptolemy/actor/lib/jjs/modules/httpClient/test/auto/RESTReceiveImage.xml
    [junit] REST2: Making an HTTP request. (Thread[RESTReceiveImage,1,main])
    [junit] REST3: Making an HTTP request. (Thread[RESTReceiveImage,1,main])
    [junit] REST: Making an HTTP request. (Thread[RESTReceiveImage,1,main])
    [junit] 13878 ms. Memory: 2246144K Free: 1262281K (56%)
    [junit] reloadAllAccessors: .RESTReceiveImage
    [junit] -------------- Reloaded accessors, but skipping rerun for nowWed May 02 12:24:04 UTC 2018 /home/travis/build/icyphy/ptII/ptolemy/actor/lib/jjs/modules/httpClient/test/auto/RESTReceiveImage.xml
    [junit] ----------------- testing Wed May 02 12:24:04 UTC 2018 /home/travis/build/icyphy/ptII/ptolemy/actor/lib/jjs/modules/httpClient/test/auto/RESTSendImage.xml
    [junit] ----------------- Wed May 02 12:24:04 UTC 2018 About to sleep for 5.0 seconds before rerunning.  Test is: /home/travis/build/icyphy/ptII/ptolemy/actor/lib/jjs/modules/httpClient/test/auto/RESTSendImage.xml
    [junit] WebServer: WebServer: Creating new server. (Thread[RESTSendImage,1,main])
    [junit] Manager.initialize() finished: 13911 ms. Memory: 2382848K Free: 1684730K (71%)
    [junit] JavaScriptBarrier: JavaScriptBarrier: sending true after timeout. (Thread[RESTSendImage,1,main])
    [junit] WebServer: WebServer: Stopping the server. (Thread[RESTSendImage,1,main])
    [junit] java.lang.RuntimeException: Execution failed
    [junit] 	at ptolemy.moml.MoMLSimpleApplication$UnloadThread.run(MoMLSimpleApplication.java:402)
    [junit] Caused by: ptolemy.kernel.util.IllegalActionException: Exceptions occurred during wrapup:
    [junit] ptolemy.kernel.util.IllegalActionException: Failure executing the wrapup function: Error: TrainableTest: The input handler of this accessor was never invoked. Usually, this is an error indicating that starvation is occurring. in <function> at line number 393 at column number 16
    [junit]   in .RESTSendImage.TrainableTest
    [junit] Because:
    [junit] Error: TrainableTest: The input handler of this accessor was never invoked. Usually, this is an error indicating that starvation is occurring. in <function> at line number 393 at column number 16
    [junit] 164060 ms. Memory: 2382848K Free: 1645205K (69%)
    [junit] ptolemy.kernel.util.IllegalActionException: Failure executing the wrapup function: Error: TrainableTest2: The input handler of this accessor was never invoked. Usually, this is an error indicating that starvation is occurring. in <function> at line number 393 at column number 16
    [junit] ----------------- testing Wed May 02 12:27:01 UTC 2018 /home/travis/build/icyphy/ptII/ptolemy/actor/lib/jjs/modules/httpClient/test/auto/RESTStringURL.xml
    [junit]   in .RESTSendImage.TrainableTest2
    [junit] Because:
    [junit] Error: TrainableTest2: The input handler of this accessor was never invoked. Usually, this is an error indicating that starvation is occurring. in <function> at line number 393 at column number 16
    [junit] ptolemy.kernel.util.IllegalActionException: Failure executing the wrapup function: Error: TrainableTest3: The input handler of this accessor was never invoked. Usually, this is an error indicating that starvation is occurring. in <function> at line number 393 at column number 16
    [junit] ----------------- Wed May 02 12:27:01 UTC 2018 About to sleep for 5.0 seconds before rerunning.  Test is: /home/travis/build/icyphy/ptII/ptolemy/actor/lib/jjs/modules/httpClient/test/auto/RESTStringURL.xml
    [junit]   in .RESTSendImage.TrainableTest3
    [junit] Because:
    [junit] Error: TrainableTest3: The input handler of this accessor was never invoked. Usually, this is an error indicating that starvation is occurring. in <function> at line number 393 at column number 16
    [junit] ptolemy.kernel.util.IllegalActionException: Failure executing the wrapup function: Error: TrainableTest4: The input handler of this accessor was never invoked. Usually, this is an error indicating that starvation is occurring. in <function> at line number 393 at column number 16
    [junit]   in .RESTSendImage.TrainableTest4
    [junit] Because:
    [junit] Error: TrainableTest4: The input handler of this accessor was never invoked. Usually, this is an error indicating that starvation is occurring. in <function> at line number 393 at column number 16
    [junit] 
    [junit]   in .RESTSendImage.DE Director
    [junit] Because:
    [junit] Failure executing the wrapup function: Error: TrainableTest: The input handler of this accessor was never invoked. Usually, this is an error indicating that starvation is occurring. in <function> at line number 393 at column number 16
    [junit]   in .RESTSendImage.TrainableTest
    [junit] Because:
    [junit] Error: TrainableTest: The input handler of this accessor was never invoked. Usually, this is an error indicating that starvation is occurring. in <function> at line number 393 at column number 16
    [junit] 	at ptolemy.actor.Director.wrapup(Director.java:1736)
    [junit] 	at ptolemy.domains.de.kernel.DEDirector.wrapup(DEDirector.java:1526)
    [junit] 	at ptolemy.actor.CompositeActor.wrapup(CompositeActor.java:2735)
    [junit] 	at ptolemy.actor.Manager.wrapup(Manager.java:1512)
    [junit] 	at ptolemy.actor.Manager.execute(Manager.java:407)
    [junit] 	at ptolemy.actor.Manager.run(Manager.java:1263)
    [junit] 	at ptolemy.actor.Manager$PtolemyRunThread.run(Manager.java:1915)
    [junit] Caused by: ptolemy.kernel.util.IllegalActionException: Failure executing the wrapup function: Error: TrainableTest: The input handler of this accessor was never invoked. Usually, this is an error indicating that starvation is occurring. in <function> at line number 393 at column number 16
    [junit]   in .RESTSendImage.TrainableTest
    [junit] Because:
    [junit] Error: TrainableTest: The input handler of this accessor was never invoked. Usually, this is an error indicating that starvation is occurring. in <function> at line number 393 at column number 16
    [junit] 	at ptolemy.actor.lib.jjs.JavaScript._invokeMethodInContext(JavaScript.java:2216)
    [junit] 	at ptolemy.actor.lib.jjs.JavaScript.wrapup(JavaScript.java:2111)
    [junit] 	at ptolemy.actor.Director.wrapup(Director.java:1722)
    [junit] 	... 6 more
    [junit] Caused by: javax.script.ScriptException: Error: TrainableTest: The input handler of this accessor was never invoked. Usually, this is an error indicating that starvation is occurring. in <function> at line number 393 at column number 16
    [junit] 	at jdk.nashorn.api.scripting.NashornScriptEngine.throwAsScriptException(NashornScriptEngine.java:470)
    [junit] 	at jdk.nashorn.api.scripting.NashornScriptEngine.invokeImpl(NashornScriptEngine.java:392)
    [junit] 	at jdk.nashorn.api.scripting.NashornScriptEngine.invokeMethod(NashornScriptEngine.java:199)
    [junit] 	at ptolemy.actor.lib.jjs.JavaScript._invokeMethodInContext(JavaScript.java:2193)
    [junit] 	... 8 more
    [junit] Caused by: <function>:393:16 Error: TrainableTest: The input handler of this accessor was never invoked. Usually, this is an error indicating that starvation is occurring.
    [junit] 	at jdk.nashorn.internal.objects.NativeError.initException(NativeError.java:137)
    [junit] 	at jdk.nashorn.internal.objects.NativeError.<init>(NativeError.java:102)
    [junit] 	at jdk.nashorn.internal.objects.NativeError.<init>(NativeError.java:106)
    [junit] 	at jdk.nashorn.internal.objects.NativeError.<init>(NativeError.java:110)
    [junit] 	at jdk.nashorn.internal.objects.NativeError.constructor(NativeError.java:129)
    [junit] 	at jdk.nashorn.internal.scripts.Script$Recompilation$38124$18557$\^function\_.L:1#wrapup(<function>:393)
    [junit] 	at jdk.nashorn.internal.scripts.Script$Recompilation$38122$30328$require.L:1#Accessor#wrapup(/home/travis/build/icyphy/ptII/ptolemy/actor/lib/jjs/external/require.js#401:30<eval>:673)
    [junit] 	at jdk.nashorn.internal.runtime.ScriptFunctionData.invoke(ScriptFunctionData.java:637)
    [junit] 	at jdk.nashorn.internal.runtime.ScriptFunction.invoke(ScriptFunction.java:494)
    [junit] 	at jdk.nashorn.internal.runtime.ScriptRuntime.apply(ScriptRuntime.java:393)
    [junit] 	at jdk.nashorn.api.scripting.ScriptObjectMirror.callMember(ScriptObjectMirror.java:199)
    [junit] 	at jdk.nashorn.api.scripting.NashornScriptEngine.invokeImpl(NashornScriptEngine.java:386)
    [junit] 	... 10 more
    [junit] 
    [junit] Exception: java.lang.RuntimeException thrown from the UncaughtExceptionHandler in thread "Thread-33"
    [junit] REST: Making an HTTP request. (Thread[RESTStringURL,1,main])
    [junit] 4092 ms. Memory: 2378240K Free: 1604537K (67%)
    [junit] reloadAllAccessors: .RESTStringURL
    [junit] -------------- Reloaded accessors, but skipping rerun for nowWed May 02 12:27:13 UTC 2018 /home/travis/build/icyphy/ptII/ptolemy/actor/lib/jjs/modules/httpClient/test/auto/RESTStringURL.xml
    [junit] ----------------- testing Wed May 02 12:27:13 UTC 2018 /home/travis/build/icyphy/ptII/ptolemy/actor/lib/jjs/modules/httpClient/test/auto/RESTTimeout.xml
    [junit] ----------------- Wed May 02 12:27:13 UTC 2018 About to sleep for 5.0 seconds before rerunning.  Test is: /home/travis/build/icyphy/ptII/ptolemy/actor/lib/jjs/modules/httpClient/test/auto/RESTTimeout.xml
    [junit] WebServer: WebServer: Creating new server. (Thread[RESTTimeout,1,main])
    [junit] WebServer: WebServer: Listening for requests. (Thread[vert.x-eventloop-thread-1,1,main])
    [junit] REST: Making an HTTP request. (Thread[RESTTimeout,1,main])
    [junit] WebServer: Server received request. (Thread[RESTTimeout,1,main])
    [junit] HttpClientHelper.java: Received an error for request 0: java.util.concurrent.TimeoutException: The timeout period of 1000ms has been exceeded while executing GET  for host localhost
    [junit] java.util.concurrent.TimeoutException: The timeout period of 1000ms has been exceeded while executing GET  for host localhost
    [junit] 	at io.vertx.core.http.impl.HttpClientRequestBase.timeout(HttpClientRequestBase.java:178)
    [junit] 	at io.vertx.core.http.impl.HttpClientRequestBase.handleTimeout(HttpClientRequestBase.java:163)
    [junit] 	at io.vertx.core.http.impl.HttpClientRequestBase.lambda$setTimeout$0(HttpClientRequestBase.java:121)
    [junit] 	at io.vertx.core.impl.VertxImpl$InternalTimerHandler.handle(VertxImpl.java:885)
    [junit] 	at io.vertx.core.impl.VertxImpl$InternalTimerHandler.handle(VertxImpl.java:844)
    [junit] 	at io.vertx.core.impl.ContextImpl.lambda$wrapTask$2(ContextImpl.java:339)
    [junit] 	at io.netty.util.concurrent.AbstractEventExecutor.safeExecute(AbstractEventExecutor.java:163)
    [junit] 	at io.netty.util.concurrent.SingleThreadEventExecutor.runAllTasks(SingleThreadEventExecutor.java:404)
    [junit] 	at io.netty.channel.nio.NioEventLoop.run(NioEventLoop.java:463)
    [junit] 	at io.netty.util.concurrent.SingleThreadEventExecutor$5.run(SingleThreadEventExecutor.java:886)
    [junit] 	at io.netty.util.concurrent.FastThreadLocalRunnable.run(FastThreadLocalRunnable.java:30)
    [junit] 	at java.lang.Thread.run(Thread.java:748)
    [junit] HttpClientHelper.java: Received an error for request 0: io.vertx.core.VertxException: Connection was closed
    [junit] io.vertx.core.VertxException: Connection was closed
    [junit] 	at io.vertx.core.http.impl.Http1xClientConnection.handleClosed(Http1xClientConnection.java:660)
    [junit] 	at io.vertx.core.impl.ContextImpl.lambda$wrapTask$2(ContextImpl.java:337)
    [junit] 	at io.vertx.core.impl.ContextImpl.executeFromIO(ContextImpl.java:195)
    [junit] 	at io.vertx.core.net.impl.VertxHandler.channelInactive(VertxHandler.java:130)
    [junit] 	at io.vertx.core.http.impl.Http1xClientHandler.channelInactive(Http1xClientHandler.java:88)
    [junit] 	at io.netty.channel.AbstractChannelHandlerContext.invokeChannelInactive(AbstractChannelHandlerContext.java:245)
    [junit] 	at io.netty.channel.AbstractChannelHandlerContext.invokeChannelInactive(AbstractChannelHandlerContext.java:231)
    [junit] 	at io.netty.channel.AbstractChannelHandlerContext.fireChannelInactive(AbstractChannelHandlerContext.java:224)
    [junit] 	at io.netty.channel.CombinedChannelDuplexHandler$DelegatingChannelHandlerContext.fireChannelInactive(CombinedChannelDuplexHandler.java:420)
    [junit] 	at io.netty.handler.codec.ByteToMessageDecoder.channelInputClosed(ByteToMessageDecoder.java:377)
    [junit] 	at io.netty.handler.codec.ByteToMessageDecoder.channelInactive(ByteToMessageDecoder.java:342)
    [junit] 	at io.netty.handler.codec.http.HttpClientCodec$Decoder.channelInactive(HttpClientCodec.java:282)
    [junit] 	at io.netty.channel.CombinedChannelDuplexHandler.channelInactive(CombinedChannelDuplexHandler.java:223)
    [junit] 	at io.netty.channel.AbstractChannelHandlerContext.invokeChannelInactive(AbstractChannelHandlerContext.java:245)
    [junit] 	at io.netty.channel.AbstractChannelHandlerContext.invokeChannelInactive(AbstractChannelHandlerContext.java:231)
    [junit] 	at io.netty.channel.AbstractChannelHandlerContext.fireChannelInactive(AbstractChannelHandlerContext.java:224)
    [junit] 	at io.netty.channel.DefaultChannelPipeline$HeadContext.channelInactive(DefaultChannelPipeline.java:1354)
    [junit] 	at io.netty.channel.AbstractChannelHandlerContext.invokeChannelInactive(AbstractChannelHandlerContext.java:245)
    [junit] 	at io.netty.channel.AbstractChannelHandlerContext.invokeChannelInactive(AbstractChannelHandlerContext.java:231)
    [junit] 	at io.netty.channel.DefaultChannelPipeline.fireChannelInactive(DefaultChannelPipeline.java:917)
    [junit] 	at io.netty.channel.AbstractChannel$AbstractUnsafe$8.run(AbstractChannel.java:822)
    [junit] 	at io.netty.util.concurrent.AbstractEventExecutor.safeExecute(AbstractEventExecutor.java:163)
    [junit] 	at io.netty.util.concurrent.SingleThreadEventExecutor.runAllTasks(SingleThreadEventExecutor.java:404)
    [junit] 	at io.netty.channel.nio.NioEventLoop.run(NioEventLoop.java:463)
    [junit] 	at io.netty.util.concurrent.SingleThreadEventExecutor$5.run(SingleThreadEventExecutor.java:886)
    [junit] 	at io.netty.util.concurrent.FastThreadLocalRunnable.run(FastThreadLocalRunnable.java:30)
    [junit] 	at java.lang.Thread.run(Thread.java:748)
    [junit] WebServer: WebServer: Stopping the server. (Thread[RESTTimeout,1,main])
    [junit] 2815 ms. Memory: 2378240K Free: 548333K (23%)
    [junit] reloadAllAccessors: .RESTTimeout
    [junit] WARNING: WebServer: Model stopped before executing actions (e.g. producing outputs) scheduled for execution at times [10.1]
    [junit] -------------- Reloaded accessors, but skipping rerun for nowWed May 02 12:27:23 UTC 2018 /home/travis/build/icyphy/ptII/ptolemy/actor/lib/jjs/modules/httpClient/test/auto/RESTTimeout.xml
    [junit] ----------------- testing Wed May 02 12:27:23 UTC 2018 /home/travis/build/icyphy/ptII/ptolemy/actor/lib/jjs/modules/httpClient/test/auto/RESTWithTimeout.xml
    [junit] ----------------- Wed May 02 12:27:23 UTC 2018 About to sleep for 5.0 seconds before rerunning.  Test is: /home/travis/build/icyphy/ptII/ptolemy/actor/lib/jjs/modules/httpClient/test/auto/RESTWithTimeout.xml
    [junit] HttpClientHelper.java: Received an error for request 0: java.util.concurrent.TimeoutException: The timeout period of 1ms has been exceeded while executing GET /delay/2/ for host httpbin.org
    [junit] java.util.concurrent.TimeoutException: The timeout period of 1ms has been exceeded while executing GET /delay/2/ for host httpbin.org
    [junit] 	at io.vertx.core.http.impl.HttpClientRequestBase.timeout(HttpClientRequestBase.java:178)
    [junit] 	at io.vertx.core.http.impl.HttpClientRequestBase.handleTimeout(HttpClientRequestBase.java:163)
    [junit] 	at io.vertx.core.http.impl.HttpClientRequestBase.lambda$setTimeout$0(HttpClientRequestBase.java:121)
    [junit] 	at io.vertx.core.impl.VertxImpl$InternalTimerHandler.handle(VertxImpl.java:885)
    [junit] 	at io.vertx.core.impl.VertxImpl$InternalTimerHandler.handle(VertxImpl.java:844)
    [junit] 	at io.vertx.core.impl.ContextImpl.lambda$wrapTask$2(ContextImpl.java:339)
    [junit] 	at io.netty.util.concurrent.AbstractEventExecutor.safeExecute(AbstractEventExecutor.java:163)
    [junit] 	at io.netty.util.concurrent.SingleThreadEventExecutor.runAllTasks(SingleThreadEventExecutor.java:404)
    [junit] 	at io.netty.channel.nio.NioEventLoop.run(NioEventLoop.java:463)
    [junit] 	at io.netty.util.concurrent.SingleThreadEventExecutor$5.run(SingleThreadEventExecutor.java:886)
    [junit] 	at io.netty.util.concurrent.FastThreadLocalRunnable.run(FastThreadLocalRunnable.java:30)
    [junit] 	at java.lang.Thread.run(Thread.java:748)
    [junit] HttpClientHelper.java: Received an error for request 0: io.netty.channel.ConnectTimeoutException: connection timed out: httpbin.org/184.73.200.185:80
    [junit] io.netty.channel.ConnectTimeoutException: connection timed out: httpbin.org/184.73.200.185:80
    [junit] 	at io.netty.channel.nio.AbstractNioChannel$AbstractNioUnsafe$1.run(AbstractNioChannel.java:267)
    [junit] 	at io.netty.util.concurrent.PromiseTask$RunnableAdapter.call(PromiseTask.java:38)
    [junit] 	at io.netty.util.concurrent.ScheduledFutureTask.run(ScheduledFutureTask.java:125)
    [junit] 	at io.netty.util.concurrent.AbstractEventExecutor.safeExecute(AbstractEventExecutor.java:163)
    [junit] 	at io.netty.util.concurrent.SingleThreadEventExecutor.runAllTasks(SingleThreadEventExecutor.java:404)
    [junit] 	at io.netty.channel.nio.NioEventLoop.run(NioEventLoop.java:463)
    [junit] 	at io.netty.util.concurrent.SingleThreadEventExecutor$5.run(SingleThreadEventExecutor.java:886)
    [junit] 	at io.netty.util.concurrent.FastThreadLocalRunnable.run(FastThreadLocalRunnable.java:30)
    [junit] 	at java.lang.Thread.run(Thread.java:748)
    [junit] REST: Making an HTTP request. (Thread[RESTWithTimeout,1,main])
    [junit] 883 ms. Memory: 2380800K Free: 1311596K (55%)
    [junit] reloadAllAccessors: .RESTWithTimeout
    [junit] -------------- Reloaded accessors, but skipping rerun for nowWed May 02 12:27:30 UTC 2018 /home/travis/build/icyphy/ptII/ptolemy/actor/lib/jjs/modules/httpClient/test/auto/RESTWithTimeout.xml
    [junit] AutoTests.java: About to close Vertx.
    [junit] AutoTests.java: Vertx closed.
    [junit] Tests run: 15, Failures: 0, Errors: 5, Skipped: 0, Time elapsed: 977.438 sec
    [junit] Output:
    [junit] No tcl tests in /home/travis/build/icyphy/ptII/ptolemy/actor/lib/jjs/modules/httpClient/test
    [junit] No auto/knownFailedTests/*.xml tests in /home/travis/build/icyphy/ptII/ptolemy/actor/lib/jjs/modules/httpClient/test
    [junit] No auto/*.xml tests in /home/travis/build/icyphy/ptII/ptolemy/actor/lib/jjs/modules/httpClient/test
    [junit] AutoTests.java: About to close Vertx.
    [junit] AutoTests.java: Vertx closed.
    [junit] ----------------- testing Wed May 02 12:11:13 UTC 2018 /home/travis/build/icyphy/ptII/ptolemy/actor/lib/jjs/modules/httpClient/test/auto/GeoCoderWeather.xml
    [junit] ----------------- Wed May 02 12:11:13 UTC 2018 About to sleep for 5.0 seconds before rerunning.  Test is: /home/travis/build/icyphy/ptII/ptolemy/actor/lib/jjs/modules/httpClient/test/auto/GeoCoderWeather.xml
    [junit] JSAccessor: PT_NO_NET environment variable is set, so git pull and ptdoc are not being run.
    [junit] GeoCoder: Making an HTTP request. (Thread[GeoCoderWeather,1,main])
    [junit] Weather: Making an HTTP request. (Thread[GeoCoderWeather,1,main])
    [junit] 10716 ms. Memory: 699904K Free: 489511K (70%)
    [junit] reloadAllAccessors: .GeoCoderWeather
    [junit] This is the first time that the reloadAllAccessors method has been invoked in this JVM, so the the accessors repo will be checked out or updated and JSDoc invoked. Note that running the tests may end up invoking a new JVM for each directory, so the repo may be checked out or updated and JSDoc invoked more than once when the tests are run.
    [junit] -------------- Reloaded accessors, but skipping rerun for nowWed May 02 12:11:39 UTC 2018 /home/travis/build/icyphy/ptII/ptolemy/actor/lib/jjs/modules/httpClient/test/auto/GeoCoderWeather.xml
    [junit] ----------------- testing Wed May 02 12:11:39 UTC 2018 /home/travis/build/icyphy/ptII/ptolemy/actor/lib/jjs/modules/httpClient/test/auto/RESTComposite.xml
    [junit] ----------------- Wed May 02 12:11:39 UTC 2018 About to sleep for 5.0 seconds before rerunning.  Test is: /home/travis/build/icyphy/ptII/ptolemy/actor/lib/jjs/modules/httpClient/test/auto/RESTComposite.xml
    [junit] JavaScript: Making an HTTP request. (Thread[RESTComposite,1,main])
    [junit] 124390 ms. Memory: 905728K Free: 318513K (35%)
    [junit] ----------------- testing Wed May 02 12:13:52 UTC 2018 /home/travis/build/icyphy/ptII/ptolemy/actor/lib/jjs/modules/httpClient/test/auto/RESTGet.xml
    [junit] ----------------- Wed May 02 12:13:52 UTC 2018 About to sleep for 5.0 seconds before rerunning.  Test is: /home/travis/build/icyphy/ptII/ptolemy/actor/lib/jjs/modules/httpClient/test/auto/RESTGet.xml
    [junit] REST: Making an HTTP request. (Thread[RESTGet,1,main])
    [junit] REST2: Making an HTTP request. (Thread[RESTGet,1,main])
    [junit] REST3: Making an HTTP request. (Thread[RESTGet,1,main])
    [junit] 128223 ms. Memory: 1311744K Free: 166242K (13%)
    [junit] ----------------- testing Wed May 02 12:16:10 UTC 2018 /home/travis/build/icyphy/ptII/ptolemy/actor/lib/jjs/modules/httpClient/test/auto/RESTGetCompleteResponseOnly.xml
    [junit] ----------------- Wed May 02 12:16:10 UTC 2018 About to sleep for 5.0 seconds before rerunning.  Test is: /home/travis/build/icyphy/ptII/ptolemy/actor/lib/jjs/modules/httpClient/test/auto/RESTGetCompleteResponseOnly.xml
    [junit] REST: Making an HTTP request. (Thread[RESTGetCompleteResponseOnly,1,main])
    [junit] REST2: Making an HTTP request. (Thread[RESTGetCompleteResponseOnly,1,main])
    [junit] 166654 ms. Memory: 1877504K Free: 1111611K (59%)
    [junit] ----------------- testing Wed May 02 12:19:06 UTC 2018 /home/travis/build/icyphy/ptII/ptolemy/actor/lib/jjs/modules/httpClient/test/auto/RESTPost.xml
    [junit] ----------------- Wed May 02 12:19:06 UTC 2018 About to sleep for 5.0 seconds before rerunning.  Test is: /home/travis/build/icyphy/ptII/ptolemy/actor/lib/jjs/modules/httpClient/test/auto/RESTPost.xml
    [junit] REST: Making an HTTP request. (Thread[RESTPost,1,main])
    [junit] REST2: Making an HTTP request. (Thread[RESTPost,1,main])
    [junit] 8484 ms. Memory: 1963520K Free: 526709K (27%)
    [junit] reloadAllAccessors: .RESTPost
    [junit] -------------- Reloaded accessors, but skipping rerun for nowWed May 02 12:19:27 UTC 2018 /home/travis/build/icyphy/ptII/ptolemy/actor/lib/jjs/modules/httpClient/test/auto/RESTPost.xml
    [junit] ----------------- testing Wed May 02 12:19:27 UTC 2018 /home/travis/build/icyphy/ptII/ptolemy/actor/lib/jjs/modules/httpClient/test/auto/RESTPostDataTypes.xml
    [junit] ----------------- Wed May 02 12:19:27 UTC 2018 About to sleep for 5.0 seconds before rerunning.  Test is: /home/travis/build/icyphy/ptII/ptolemy/actor/lib/jjs/modules/httpClient/test/auto/RESTPostDataTypes.xml
    [junit] WebServer: WebServer: Creating new server. (Thread[RESTPostDataTypes,1,main])
    [junit] WebServer: WebServer: Listening for requests. (Thread[vert.x-eventloop-thread-0,1,main])
    [junit] Manager.initialize() finished: 15061 ms. Memory: 2108928K Free: 1436652K (68%)
    [junit] REST: Making an HTTP request. (Thread[RESTPostDataTypes,1,main])
    [junit] JavaScriptBarrier: JavaScriptBarrier: sending true after timeout. (Thread[RESTPostDataTypes,1,main])
    [junit] WebServer: WebServer: Stopping the server. (Thread[RESTPostDataTypes,1,main])
    [junit] 215221 ms. Memory: 2108928K Free: 1381856K (66%)
    [junit] ----------------- testing Wed May 02 12:23:17 UTC 2018 /home/travis/build/icyphy/ptII/ptolemy/actor/lib/jjs/modules/httpClient/test/auto/RESTPut.xml
    [junit] ----------------- Wed May 02 12:23:17 UTC 2018 About to sleep for 5.0 seconds before rerunning.  Test is: /home/travis/build/icyphy/ptII/ptolemy/actor/lib/jjs/modules/httpClient/test/auto/RESTPut.xml
    [junit] REST: Making an HTTP request. (Thread[RESTPut,1,main])
    [junit] REST2: Making an HTTP request. (Thread[RESTPut,1,main])
    [junit] 9649 ms. Memory: 2172416K Free: 1619733K (75%)
    [junit] reloadAllAccessors: .RESTPut
    [junit] -------------- Reloaded accessors, but skipping rerun for nowWed May 02 12:23:38 UTC 2018 /home/travis/build/icyphy/ptII/ptolemy/actor/lib/jjs/modules/httpClient/test/auto/RESTPut.xml
    [junit] ----------------- testing Wed May 02 12:23:38 UTC 2018 /home/travis/build/icyphy/ptII/ptolemy/actor/lib/jjs/modules/httpClient/test/auto/RESTReceiveImage.xml
    [junit] ----------------- Wed May 02 12:23:38 UTC 2018 About to sleep for 5.0 seconds before rerunning.  Test is: /home/travis/build/icyphy/ptII/ptolemy/actor/lib/jjs/modules/httpClient/test/auto/RESTReceiveImage.xml
    [junit] REST2: Making an HTTP request. (Thread[RESTReceiveImage,1,main])
    [junit] REST3: Making an HTTP request. (Thread[RESTReceiveImage,1,main])
    [junit] REST: Making an HTTP request. (Thread[RESTReceiveImage,1,main])
    [junit] 13878 ms. Memory: 2246144K Free: 1262281K (56%)
    [junit] reloadAllAccessors: .RESTReceiveImage
    [junit] -------------- Reloaded accessors, but skipping rerun for nowWed May 02 12:24:04 UTC 2018 /home/travis/build/icyphy/ptII/ptolemy/actor/lib/jjs/modules/httpClient/test/auto/RESTReceiveImage.xml
    [junit] ----------------- testing Wed May 02 12:24:04 UTC 2018 /home/travis/build/icyphy/ptII/ptolemy/actor/lib/jjs/modules/httpClient/test/auto/RESTSendImage.xml
    [junit] ----------------- Wed May 02 12:24:04 UTC 2018 About to sleep for 5.0 seconds before rerunning.  Test is: /home/travis/build/icyphy/ptII/ptolemy/actor/lib/jjs/modules/httpClient/test/auto/RESTSendImage.xml
    [junit] WebServer: WebServer: Creating new server. (Thread[RESTSendImage,1,main])
    [junit] Manager.initialize() finished: 13911 ms. Memory: 2382848K Free: 1684730K (71%)
    [junit] JavaScriptBarrier: JavaScriptBarrier: sending true after timeout. (Thread[RESTSendImage,1,main])
    [junit] WebServer: WebServer: Stopping the server. (Thread[RESTSendImage,1,main])
    [junit] 164060 ms. Memory: 2382848K Free: 1645205K (69%)
    [junit] ----------------- testing Wed May 02 12:27:01 UTC 2018 /home/travis/build/icyphy/ptII/ptolemy/actor/lib/jjs/modules/httpClient/test/auto/RESTStringURL.xml
    [junit] ----------------- Wed May 02 12:27:01 UTC 2018 About to sleep for 5.0 seconds before rerunning.  Test is: /home/travis/build/icyphy/ptII/ptolemy/actor/lib/jjs/modules/httpClient/test/auto/RESTStringURL.xml
    [junit] REST: Making an HTTP request. (Thread[RESTStringURL,1,main])
    [junit] 4092 ms. Memory: 2378240K Free: 1604537K (67%)
    [junit] reloadAllAccessors: .RESTStringURL
    [junit] -------------- Reloaded accessors, but skipping rerun for nowWed May 02 12:27:13 UTC 2018 /home/travis/build/icyphy/ptII/ptolemy/actor/lib/jjs/modules/httpClient/test/auto/RESTStringURL.xml
    [junit] ----------------- testing Wed May 02 12:27:13 UTC 2018 /home/travis/build/icyphy/ptII/ptolemy/actor/lib/jjs/modules/httpClient/test/auto/RESTTimeout.xml
    [junit] ----------------- Wed May 02 12:27:13 UTC 2018 About to sleep for 5.0 seconds before rerunning.  Test is: /home/travis/build/icyphy/ptII/ptolemy/actor/lib/jjs/modules/httpClient/test/auto/RESTTimeout.xml
    [junit] WebServer: WebServer: Creating new server. (Thread[RESTTimeout,1,main])
    [junit] WebServer: WebServer: Listening for requests. (Thread[vert.x-eventloop-thread-1,1,main])
    [junit] REST: Making an HTTP request. (Thread[RESTTimeout,1,main])
    [junit] WebServer: Server received request. (Thread[RESTTimeout,1,main])
    [junit] WebServer: WebServer: Stopping the server. (Thread[RESTTimeout,1,main])
    [junit] 2815 ms. Memory: 2378240K Free: 548333K (23%)
    [junit] reloadAllAccessors: .RESTTimeout
    [junit] -------------- Reloaded accessors, but skipping rerun for nowWed May 02 12:27:23 UTC 2018 /home/travis/build/icyphy/ptII/ptolemy/actor/lib/jjs/modules/httpClient/test/auto/RESTTimeout.xml
    [junit] ----------------- testing Wed May 02 12:27:23 UTC 2018 /home/travis/build/icyphy/ptII/ptolemy/actor/lib/jjs/modules/httpClient/test/auto/RESTWithTimeout.xml
    [junit] ----------------- Wed May 02 12:27:23 UTC 2018 About to sleep for 5.0 seconds before rerunning.  Test is: /home/travis/build/icyphy/ptII/ptolemy/actor/lib/jjs/modules/httpClient/test/auto/RESTWithTimeout.xml
    [junit] REST: Making an HTTP request. (Thread[RESTWithTimeout,1,main])
    [junit] 883 ms. Memory: 2380800K Free: 1311596K (55%)
    [junit] reloadAllAccessors: .RESTWithTimeout
    [junit] -------------- Reloaded accessors, but skipping rerun for nowWed May 02 12:27:30 UTC 2018 /home/travis/build/icyphy/ptII/ptolemy/actor/lib/jjs/modules/httpClient/test/auto/RESTWithTimeout.xml
    [junit] AutoTests.java: About to close Vertx.
    [junit] AutoTests.java: Vertx closed.
    [junit] 
    [junit] Error: 
    [junit] java.lang.RuntimeException: Execution failed
    [junit] 	at ptolemy.moml.MoMLSimpleApplication$UnloadThread.run(MoMLSimpleApplication.java:402)
    [junit] Caused by: ptolemy.kernel.util.IllegalActionException: Exceptions occurred during wrapup:
    [junit] ptolemy.kernel.util.IllegalActionException: Failure executing the wrapup function: Error: TrainableTest: The input handler of this accessor was never invoked. Usually, this is an error indicating that starvation is occurring. in <function> at line number 393 at column number 16
    [junit]   in .RESTComposite.TrainableTest
    [junit] Because:
    [junit] Error: TrainableTest: The input handler of this accessor was never invoked. Usually, this is an error indicating that starvation is occurring. in <function> at line number 393 at column number 16
    [junit] 
    [junit]   in .RESTComposite.DE Director
    [junit] Because:
    [junit] Failure executing the wrapup function: Error: TrainableTest: The input handler of this accessor was never invoked. Usually, this is an error indicating that starvation is occurring. in <function> at line number 393 at column number 16
    [junit]   in .RESTComposite.TrainableTest
    [junit] Because:
    [junit] Error: TrainableTest: The input handler of this accessor was never invoked. Usually, this is an error indicating that starvation is occurring. in <function> at line number 393 at column number 16
    [junit] 	at ptolemy.actor.Director.wrapup(Director.java:1736)
    [junit] 	at ptolemy.domains.de.kernel.DEDirector.wrapup(DEDirector.java:1526)
    [junit] 	at ptolemy.actor.CompositeActor.wrapup(CompositeActor.java:2735)
    [junit] 	at ptolemy.actor.Manager.wrapup(Manager.java:1512)
    [junit] 	at ptolemy.actor.Manager.execute(Manager.java:407)
    [junit] 	at ptolemy.actor.Manager.run(Manager.java:1263)
    [junit] 	at ptolemy.actor.Manager$PtolemyRunThread.run(Manager.java:1915)
    [junit] Caused by: ptolemy.kernel.util.IllegalActionException: Failure executing the wrapup function: Error: TrainableTest: The input handler of this accessor was never invoked. Usually, this is an error indicating that starvation is occurring. in <function> at line number 393 at column number 16
    [junit]   in .RESTComposite.TrainableTest
    [junit] Because:
    [junit] Error: TrainableTest: The input handler of this accessor was never invoked. Usually, this is an error indicating that starvation is occurring. in <function> at line number 393 at column number 16
    [junit] 	at ptolemy.actor.lib.jjs.JavaScript._invokeMethodInContext(JavaScript.java:2216)
    [junit] 	at ptolemy.actor.lib.jjs.JavaScript.wrapup(JavaScript.java:2111)
    [junit] 	at ptolemy.actor.Director.wrapup(Director.java:1722)
    [junit] 	... 6 more
    [junit] Caused by: javax.script.ScriptException: Error: TrainableTest: The input handler of this accessor was never invoked. Usually, this is an error indicating that starvation is occurring. in <function> at line number 393 at column number 16
    [junit] 	at jdk.nashorn.api.scripting.NashornScriptEngine.throwAsScriptException(NashornScriptEngine.java:470)
    [junit] 	at jdk.nashorn.api.scripting.NashornScriptEngine.invokeImpl(NashornScriptEngine.java:392)
    [junit] 	at jdk.nashorn.api.scripting.NashornScriptEngine.invokeMethod(NashornScriptEngine.java:199)
    [junit] 	at ptolemy.actor.lib.jjs.JavaScript._invokeMethodInContext(JavaScript.java:2193)
    [junit] 	... 8 more
    [junit] Caused by: <function>:393:16 Error: TrainableTest: The input handler of this accessor was never invoked. Usually, this is an error indicating that starvation is occurring.
    [junit] 	at jdk.nashorn.internal.objects.NativeError.initException(NativeError.java:137)
    [junit] 	at jdk.nashorn.internal.objects.NativeError.<init>(NativeError.java:102)
    [junit] 	at jdk.nashorn.internal.objects.NativeError.<init>(NativeError.java:106)
    [junit] 	at jdk.nashorn.internal.objects.NativeError.<init>(NativeError.java:110)
    [junit] 	at jdk.nashorn.internal.objects.NativeError.constructor(NativeError.java:129)
    [junit] 	at jdk.nashorn.internal.scripts.Script$Recompilation$4672$18508$\^function\_.L:1#wrapup(<function>:393)
    [junit] 	at jdk.nashorn.internal.scripts.Script$Recompilation$4670$30328$require.L:1#Accessor#wrapup(/home/travis/build/icyphy/ptII/ptolemy/actor/lib/jjs/external/require.js#401:30<eval>:673)
    [junit] 	at jdk.nashorn.internal.runtime.ScriptFunctionData.invoke(ScriptFunctionData.java:637)
    [junit] 	at jdk.nashorn.internal.runtime.ScriptFunction.invoke(ScriptFunction.java:494)
    [junit] 	at jdk.nashorn.internal.runtime.ScriptRuntime.apply(ScriptRuntime.java:393)
    [junit] 	at jdk.nashorn.api.scripting.ScriptObjectMirror.callMember(ScriptObjectMirror.java:199)
    [junit] 	at jdk.nashorn.api.scripting.NashornScriptEngine.invokeImpl(NashornScriptEngine.java:386)
    [junit] 	... 10 more
    [junit] java.lang.RuntimeException: Execution failed
    [junit] 	at ptolemy.moml.MoMLSimpleApplication$UnloadThread.run(MoMLSimpleApplication.java:402)
    [junit] Caused by: ptolemy.kernel.util.IllegalActionException: Exceptions occurred during wrapup:
    [junit] ptolemy.kernel.util.IllegalActionException: Failure executing the wrapup function: Error: TrainableTest3: The input handler of this accessor was never invoked. Usually, this is an error indicating that starvation is occurring. in <function> at line number 393 at column number 16
    [junit]   in .RESTGet.TrainableTest3
    [junit] Because:
    [junit] Error: TrainableTest3: The input handler of this accessor was never invoked. Usually, this is an error indicating that starvation is occurring. in <function> at line number 393 at column number 16
    [junit] 
    [junit]   in .RESTGet.DE Director
    [junit] Because:
    [junit] Failure executing the wrapup function: Error: TrainableTest3: The input handler of this accessor was never invoked. Usually, this is an error indicating that starvation is occurring. in <function> at line number 393 at column number 16
    [junit]   in .RESTGet.TrainableTest3
    [junit] Because:
    [junit] Error: TrainableTest3: The input handler of this accessor was never invoked. Usually, this is an error indicating that starvation is occurring. in <function> at line number 393 at column number 16
    [junit] 	at ptolemy.actor.Director.wrapup(Director.java:1736)
    [junit] 	at ptolemy.domains.de.kernel.DEDirector.wrapup(DEDirector.java:1526)
    [junit] 	at ptolemy.actor.CompositeActor.wrapup(CompositeActor.java:2735)
    [junit] 	at ptolemy.actor.Manager.wrapup(Manager.java:1512)
    [junit] 	at ptolemy.actor.Manager.execute(Manager.java:407)
    [junit] 	at ptolemy.actor.Manager.run(Manager.java:1263)
    [junit] 	at ptolemy.actor.Manager$PtolemyRunThread.run(Manager.java:1915)
    [junit] Caused by: ptolemy.kernel.util.IllegalActionException: Failure executing the wrapup function: Error: TrainableTest3: The input handler of this accessor was never invoked. Usually, this is an error indicating that starvation is occurring. in <function> at line number 393 at column number 16
    [junit]   in .RESTGet.TrainableTest3
    [junit] Because:
    [junit] Error: TrainableTest3: The input handler of this accessor was never invoked. Usually, this is an error indicating that starvation is occurring. in <function> at line number 393 at column number 16
    [junit] 	at ptolemy.actor.lib.jjs.JavaScript._invokeMethodInContext(JavaScript.java:2216)
    [junit] 	at ptolemy.actor.lib.jjs.JavaScript.wrapup(JavaScript.java:2111)
    [junit] 	at ptolemy.actor.Director.wrapup(Director.java:1722)
    [junit] 	... 6 more
    [junit] Caused by: javax.script.ScriptException: Error: TrainableTest3: The input handler of this accessor was never invoked. Usually, this is an error indicating that starvation is occurring. in <function> at line number 393 at column number 16
    [junit] 	at jdk.nashorn.api.scripting.NashornScriptEngine.throwAsScriptException(NashornScriptEngine.java:470)
    [junit] 	at jdk.nashorn.api.scripting.NashornScriptEngine.invokeImpl(NashornScriptEngine.java:392)
    [junit] 	at jdk.nashorn.api.scripting.NashornScriptEngine.invokeMethod(NashornScriptEngine.java:199)
    [junit] 	at ptolemy.actor.lib.jjs.JavaScript._invokeMethodInContext(JavaScript.java:2193)
    [junit] 	... 8 more
    [junit] Caused by: <function>:393:16 Error: TrainableTest3: The input handler of this accessor was never invoked. Usually, this is an error indicating that starvation is occurring.
    [junit] 	at jdk.nashorn.internal.objects.NativeError.initException(NativeError.java:137)
    [junit] 	at jdk.nashorn.internal.objects.NativeError.<init>(NativeError.java:102)
    [junit] 	at jdk.nashorn.internal.objects.NativeError.<init>(NativeError.java:106)
    [junit] 	at jdk.nashorn.internal.objects.NativeError.<init>(NativeError.java:110)
    [junit] 	at jdk.nashorn.internal.objects.NativeError.constructor(NativeError.java:129)
    [junit] 	at jdk.nashorn.internal.scripts.Script$Recompilation$8461$18508$\^function\_.L:1#wrapup(<function>:393)
    [junit] 	at jdk.nashorn.internal.scripts.Script$Recompilation$8459$30328$require.L:1#Accessor#wrapup(/home/travis/build/icyphy/ptII/ptolemy/actor/lib/jjs/external/require.js#401:30<eval>:673)
    [junit] 	at jdk.nashorn.internal.runtime.ScriptFunctionData.invoke(ScriptFunctionData.java:637)
    [junit] 	at jdk.nashorn.internal.runtime.ScriptFunction.invoke(ScriptFunction.java:494)
    [junit] 	at jdk.nashorn.internal.runtime.ScriptRuntime.apply(ScriptRuntime.java:393)
    [junit] 	at jdk.nashorn.api.scripting.ScriptObjectMirror.callMember(ScriptObjectMirror.java:199)
    [junit] 	at jdk.nashorn.api.scripting.NashornScriptEngine.invokeImpl(NashornScriptEngine.java:386)
    [junit] 	... 10 more
    [junit] java.lang.RuntimeException: Execution failed
    [junit] 	at ptolemy.moml.MoMLSimpleApplication$UnloadThread.run(MoMLSimpleApplication.java:402)
    [junit] Caused by: ptolemy.kernel.util.IllegalActionException: Exceptions occurred during wrapup:
    [junit] ptolemy.kernel.util.IllegalActionException: Failure executing the wrapup function: Error: TrainableTest2: The input handler of this accessor was never invoked. Usually, this is an error indicating that starvation is occurring. in <function> at line number 393 at column number 16
    [junit]   in .RESTGetCompleteResponseOnly.TrainableTest2
    [junit] Because:
    [junit] Error: TrainableTest2: The input handler of this accessor was never invoked. Usually, this is an error indicating that starvation is occurring. in <function> at line number 393 at column number 16
    [junit] 
    [junit]   in .RESTGetCompleteResponseOnly.DE Director
    [junit] Because:
    [junit] Failure executing the wrapup function: Error: TrainableTest2: The input handler of this accessor was never invoked. Usually, this is an error indicating that starvation is occurring. in <function> at line number 393 at column number 16
    [junit]   in .RESTGetCompleteResponseOnly.TrainableTest2
    [junit] Because:
    [junit] Error: TrainableTest2: The input handler of this accessor was never invoked. Usually, this is an error indicating that starvation is occurring. in <function> at line number 393 at column number 16
    [junit] 	at ptolemy.actor.Director.wrapup(Director.java:1736)
    [junit] 	at ptolemy.domains.de.kernel.DEDirector.wrapup(DEDirector.java:1526)
    [junit] 	at ptolemy.actor.CompositeActor.wrapup(CompositeActor.java:2735)
    [junit] 	at ptolemy.actor.Manager.wrapup(Manager.java:1512)
    [junit] 	at ptolemy.actor.Manager.execute(Manager.java:407)
    [junit] 	at ptolemy.actor.Manager.run(Manager.java:1263)
    [junit] 	at ptolemy.actor.Manager$PtolemyRunThread.run(Manager.java:1915)
    [junit] Caused by: ptolemy.kernel.util.IllegalActionException: Failure executing the wrapup function: Error: TrainableTest2: The input handler of this accessor was never invoked. Usually, this is an error indicating that starvation is occurring. in <function> at line number 393 at column number 16
    [junit]   in .RESTGetCompleteResponseOnly.TrainableTest2
    [junit] Because:
    [junit] Error: TrainableTest2: The input handler of this accessor was never invoked. Usually, this is an error indicating that starvation is occurring. in <function> at line number 393 at column number 16
    [junit] 	at ptolemy.actor.lib.jjs.JavaScript._invokeMethodInContext(JavaScript.java:2216)
    [junit] 	at ptolemy.actor.lib.jjs.JavaScript.wrapup(JavaScript.java:2111)
    [junit] 	at ptolemy.actor.Director.wrapup(Director.java:1722)
    [junit] 	... 6 more
    [junit] Caused by: javax.script.ScriptException: Error: TrainableTest2: The input handler of this accessor was never invoked. Usually, this is an error indicating that starvation is occurring. in <function> at line number 393 at column number 16
    [junit] 	at jdk.nashorn.api.scripting.NashornScriptEngine.throwAsScriptException(NashornScriptEngine.java:470)
    [junit] 	at jdk.nashorn.api.scripting.NashornScriptEngine.invokeImpl(NashornScriptEngine.java:392)
    [junit] 	at jdk.nashorn.api.scripting.NashornScriptEngine.invokeMethod(NashornScriptEngine.java:199)
    [junit] 	at ptolemy.actor.lib.jjs.JavaScript._invokeMethodInContext(JavaScript.java:2193)
    [junit] 	... 8 more
    [junit] Caused by: <function>:393:16 Error: TrainableTest2: The input handler of this accessor was never invoked. Usually, this is an error indicating that starvation is occurring.
    [junit] 	at jdk.nashorn.internal.objects.NativeError.initException(NativeError.java:137)
    [junit] 	at jdk.nashorn.internal.objects.NativeError.<init>(NativeError.java:102)
    [junit] 	at jdk.nashorn.internal.objects.NativeError.<init>(NativeError.java:106)
    [junit] 	at jdk.nashorn.internal.objects.NativeError.<init>(NativeError.java:110)
    [junit] 	at jdk.nashorn.internal.objects.NativeError.constructor(NativeError.java:129)
    [junit] 	at jdk.nashorn.internal.scripts.Script$Recompilation$11496$18557$\^function\_.L:1#wrapup(<function>:393)
    [junit] 	at jdk.nashorn.internal.scripts.Script$Recompilation$11494$30328$require.L:1#Accessor#wrapup(/home/travis/build/icyphy/ptII/ptolemy/actor/lib/jjs/external/require.js#401:30<eval>:673)
    [junit] 	at jdk.nashorn.internal.runtime.ScriptFunctionData.invoke(ScriptFunctionData.java:637)
    [junit] 	at jdk.nashorn.internal.runtime.ScriptFunction.invoke(ScriptFunction.java:494)
    [junit] 	at jdk.nashorn.internal.runtime.ScriptRuntime.apply(ScriptRuntime.java:393)
    [junit] 	at jdk.nashorn.api.scripting.ScriptObjectMirror.callMember(ScriptObjectMirror.java:199)
    [junit] 	at jdk.nashorn.api.scripting.NashornScriptEngine.invokeImpl(NashornScriptEngine.java:386)
    [junit] 	... 10 more
    [junit] java.lang.RuntimeException: Execution failed
    [junit] 	at ptolemy.moml.MoMLSimpleApplication$UnloadThread.run(MoMLSimpleApplication.java:402)
    [junit] Caused by: ptolemy.kernel.util.IllegalActionException: Exceptions occurred during wrapup:
    [junit] ptolemy.kernel.util.IllegalActionException: Failure executing the wrapup function: Error: TrainableTest: The input handler of this accessor was never invoked. Usually, this is an error indicating that starvation is occurring. in <function> at line number 393 at column number 16
    [junit]   in .RESTPostDataTypes.TrainableTest
    [junit] Because:
    [junit] Error: TrainableTest: The input handler of this accessor was never invoked. Usually, this is an error indicating that starvation is occurring. in <function> at line number 393 at column number 16
    [junit] ptolemy.kernel.util.IllegalActionException: Failure executing the wrapup function: Error: TrainableTest2: The input handler of this accessor was never invoked. Usually, this is an error indicating that starvation is occurring. in <function> at line number 393 at column number 16
    [junit]   in .RESTPostDataTypes.TrainableTest2
    [junit] Because:
    [junit] Error: TrainableTest2: The input handler of this accessor was never invoked. Usually, this is an error indicating that starvation is occurring. in <function> at line number 393 at column number 16
    [junit] ptolemy.kernel.util.IllegalActionException: Failure executing the wrapup function: Error: TrainableTest3: The input handler of this accessor was never invoked. Usually, this is an error indicating that starvation is occurring. in <function> at line number 393 at column number 16
    [junit]   in .RESTPostDataTypes.TrainableTest3
    [junit] Because:
    [junit] Error: TrainableTest3: The input handler of this accessor was never invoked. Usually, this is an error indicating that starvation is occurring. in <function> at line number 393 at column number 16
    [junit] ptolemy.kernel.util.IllegalActionException: Failure executing the wrapup function: Error: TrainableTest4: The input handler of this accessor was never invoked. Usually, this is an error indicating that starvation is occurring. in <function> at line number 393 at column number 16
    [junit]   in .RESTPostDataTypes.TrainableTest4
    [junit] Because:
    [junit] Error: TrainableTest4: The input handler of this accessor was never invoked. Usually, this is an error indicating that starvation is occurring. in <function> at line number 393 at column number 16
    [junit] ptolemy.kernel.util.IllegalActionException: Failure executing the wrapup function: Error: TrainableTest5: The input handler of this accessor was never invoked. Usually, this is an error indicating that starvation is occurring. in <function> at line number 393 at column number 16
    [junit]   in .RESTPostDataTypes.TrainableTest5
    [junit] Because:
    [junit] Error: TrainableTest5: The input handler of this accessor was never invoked. Usually, this is an error indicating that starvation is occurring. in <function> at line number 393 at column number 16
    [junit] 
    [junit]   in .RESTPostDataTypes.DE Director
    [junit] Because:
    [junit] Failure executing the wrapup function: Error: TrainableTest: The input handler of this accessor was never invoked. Usually, this is an error indicating that starvation is occurring. in <function> at line number 393 at column number 16
    [junit]   in .RESTPostDataTypes.TrainableTest
    [junit] Because:
    [junit] Error: TrainableTest: The input handler of this accessor was never invoked. Usually, this is an error indicating that starvation is occurring. in <function> at line number 393 at column number 16
    [junit] 	at ptolemy.actor.Director.wrapup(Director.java:1736)
    [junit] 	at ptolemy.domains.de.kernel.DEDirector.wrapup(DEDirector.java:1526)
    [junit] 	at ptolemy.actor.CompositeActor.wrapup(CompositeActor.java:2735)
    [junit] 	at ptolemy.actor.Manager.wrapup(Manager.java:1512)
    [junit] 	at ptolemy.actor.Manager.execute(Manager.java:407)
    [junit] 	at ptolemy.actor.Manager.run(Manager.java:1263)
    [junit] 	at ptolemy.actor.Manager$PtolemyRunThread.run(Manager.java:1915)
    [junit] Caused by: ptolemy.kernel.util.IllegalActionException: Failure executing the wrapup function: Error: TrainableTest: The input handler of this accessor was never invoked. Usually, this is an error indicating that starvation is occurring. in <function> at line number 393 at column number 16
    [junit]   in .RESTPostDataTypes.TrainableTest
    [junit] Because:
    [junit] Error: TrainableTest: The input handler of this accessor was never invoked. Usually, this is an error indicating that starvation is occurring. in <function> at line number 393 at column number 16
    [junit] 	at ptolemy.actor.lib.jjs.JavaScript._invokeMethodInContext(JavaScript.java:2216)
    [junit] 	at ptolemy.actor.lib.jjs.JavaScript.wrapup(JavaScript.java:2111)
    [junit] 	at ptolemy.actor.Director.wrapup(Director.java:1722)
    [junit] 	... 6 more
    [junit] Caused by: javax.script.ScriptException: Error: TrainableTest: The input handler of this accessor was never invoked. Usually, this is an error indicating that starvation is occurring. in <function> at line number 393 at column number 16
    [junit] 	at jdk.nashorn.api.scripting.NashornScriptEngine.throwAsScriptException(NashornScriptEngine.java:470)
    [junit] 	at jdk.nashorn.api.scripting.NashornScriptEngine.invokeImpl(NashornScriptEngine.java:392)
    [junit] 	at jdk.nashorn.api.scripting.NashornScriptEngine.invokeMethod(NashornScriptEngine.java:199)
    [junit] 	at ptolemy.actor.lib.jjs.JavaScript._invokeMethodInContext(JavaScript.java:2193)
    [junit] 	... 8 more
    [junit] Caused by: <function>:393:16 Error: TrainableTest: The input handler of this accessor was never invoked. Usually, this is an error indicating that starvation is occurring.
    [junit] 	at jdk.nashorn.internal.objects.NativeError.initException(NativeError.java:137)
    [junit] 	at jdk.nashorn.internal.objects.NativeError.<init>(NativeError.java:102)
    [junit] 	at jdk.nashorn.internal.objects.NativeError.<init>(NativeError.java:106)
    [junit] 	at jdk.nashorn.internal.objects.NativeError.<init>(NativeError.java:110)
    [junit] 	at jdk.nashorn.internal.objects.NativeError.constructor(NativeError.java:129)
    [junit] 	at jdk.nashorn.internal.scripts.Script$Recompilation$22951$18508$\^function\_.L:1#wrapup(<function>:393)
    [junit] 	at jdk.nashorn.internal.scripts.Script$Recompilation$22949$30328$require.L:1#Accessor#wrapup(/home/travis/build/icyphy/ptII/ptolemy/actor/lib/jjs/external/require.js#401:30<eval>:673)
    [junit] 	at jdk.nashorn.internal.runtime.ScriptFunctionData.invoke(ScriptFunctionData.java:637)
    [junit] 	at jdk.nashorn.internal.runtime.ScriptFunction.invoke(ScriptFunction.java:494)
    [junit] 	at jdk.nashorn.internal.runtime.ScriptRuntime.apply(ScriptRuntime.java:393)
    [junit] 	at jdk.nashorn.api.scripting.ScriptObjectMirror.callMember(ScriptObjectMirror.java:199)
    [junit] 	at jdk.nashorn.api.scripting.NashornScriptEngine.invokeImpl(NashornScriptEngine.java:386)
    [junit] 	... 10 more
    [junit] java.lang.RuntimeException: Execution failed
    [junit] 	at ptolemy.moml.MoMLSimpleApplication$UnloadThread.run(MoMLSimpleApplication.java:402)
    [junit] Caused by: ptolemy.kernel.util.IllegalActionException: Exceptions occurred during wrapup:
    [junit] ptolemy.kernel.util.IllegalActionException: Failure executing the wrapup function: Error: TrainableTest: The input handler of this accessor was never invoked. Usually, this is an error indicating that starvation is occurring. in <function> at line number 393 at column number 16
    [junit]   in .RESTSendImage.TrainableTest
    [junit] Because:
    [junit] Error: TrainableTest: The input handler of this accessor was never invoked. Usually, this is an error indicating that starvation is occurring. in <function> at line number 393 at column number 16
    [junit] ptolemy.kernel.util.IllegalActionException: Failure executing the wrapup function: Error: TrainableTest2: The input handler of this accessor was never invoked. Usually, this is an error indicating that starvation is occurring. in <function> at line number 393 at column number 16
    [junit]   in .RESTSendImage.TrainableTest2
    [junit] Because:
    [junit] Error: TrainableTest2: The input handler of this accessor was never invoked. Usually, this is an error indicating that starvation is occurring. in <function> at line number 393 at column number 16
    [junit] ptolemy.kernel.util.IllegalActionException: Failure executing the wrapup function: Error: TrainableTest3: The input handler of this accessor was never invoked. Usually, this is an error indicating that starvation is occurring. in <function> at line number 393 at column number 16
    [junit]   in .RESTSendImage.TrainableTest3
    [junit] Because:
    [junit] Error: TrainableTest3: The input handler of this accessor was never invoked. Usually, this is an error indicating that starvation is occurring. in <function> at line number 393 at column number 16
    [junit] ptolemy.kernel.util.IllegalActionException: Failure executing the wrapup function: Error: TrainableTest4: The input handler of this accessor was never invoked. Usually, this is an error indicating that starvation is occurring. in <function> at line number 393 at column number 16
    [junit]   in .RESTSendImage.TrainableTest4
    [junit] Because:
    [junit] Error: TrainableTest4: The input handler of this accessor was never invoked. Usually, this is an error indicating that starvation is occurring. in <function> at line number 393 at column number 16
    [junit] 
    [junit]   in .RESTSendImage.DE Director
    [junit] Because:
    [junit] Failure executing the wrapup function: Error: TrainableTest: The input handler of this accessor was never invoked. Usually, this is an error indicating that starvation is occurring. in <function> at line number 393 at column number 16
    [junit]   in .RESTSendImage.TrainableTest
    [junit] Because:
    [junit] Error: TrainableTest: The input handler of this accessor was never invoked. Usually, this is an error indicating that starvation is occurring. in <function> at line number 393 at column number 16
    [junit] 	at ptolemy.actor.Director.wrapup(Director.java:1736)
    [junit] 	at ptolemy.domains.de.kernel.DEDirector.wrapup(DEDirector.java:1526)
    [junit] 	at ptolemy.actor.CompositeActor.wrapup(CompositeActor.java:2735)
    [junit] 	at ptolemy.actor.Manager.wrapup(Manager.java:1512)
    [junit] 	at ptolemy.actor.Manager.execute(Manager.java:407)
    [junit] 	at ptolemy.actor.Manager.run(Manager.java:1263)
    [junit] 	at ptolemy.actor.Manager$PtolemyRunThread.run(Manager.java:1915)
    [junit] Caused by: ptolemy.kernel.util.IllegalActionException: Failure executing the wrapup function: Error: TrainableTest: The input handler of this accessor was never invoked. Usually, this is an error indicating that starvation is occurring. in <function> at line number 393 at column number 16
    [junit]   in .RESTSendImage.TrainableTest
    [junit] Because:
    [junit] Error: TrainableTest: The input handler of this accessor was never invoked. Usually, this is an error indicating that starvation is occurring. in <function> at line number 393 at column number 16
    [junit] 	at ptolemy.actor.lib.jjs.JavaScript._invokeMethodInContext(JavaScript.java:2216)
    [junit] 	at ptolemy.actor.lib.jjs.JavaScript.wrapup(JavaScript.java:2111)
    [junit] 	at ptolemy.actor.Director.wrapup(Director.java:1722)
    [junit] 	... 6 more
    [junit] Caused by: javax.script.ScriptException: Error: TrainableTest: The input handler of this accessor was never invoked. Usually, this is an error indicating that starvation is occurring. in <function> at line number 393 at column number 16
    [junit] 	at jdk.nashorn.api.scripting.NashornScriptEngine.throwAsScriptException(NashornScriptEngine.java:470)
    [junit] 	at jdk.nashorn.api.scripting.NashornScriptEngine.invokeImpl(NashornScriptEngine.java:392)
    [junit] 	at jdk.nashorn.api.scripting.NashornScriptEngine.invokeMethod(NashornScriptEngine.java:199)
    [junit] 	at ptolemy.actor.lib.jjs.JavaScript._invokeMethodInContext(JavaScript.java:2193)
    [junit] 	... 8 more
    [junit] Caused by: <function>:393:16 Error: TrainableTest: The input handler of this accessor was never invoked. Usually, this is an error indicating that starvation is occurring.
    [junit] 	at jdk.nashorn.internal.objects.NativeError.initException(NativeError.java:137)
    [junit] 	at jdk.nashorn.internal.objects.NativeError.<init>(NativeError.java:102)
    [junit] 	at jdk.nashorn.internal.objects.NativeError.<init>(NativeError.java:106)
    [junit] 	at jdk.nashorn.internal.objects.NativeError.<init>(NativeError.java:110)
    [junit] 	at jdk.nashorn.internal.objects.NativeError.constructor(NativeError.java:129)
    [junit] 	at jdk.nashorn.internal.scripts.Script$Recompilation$38124$18557$\^function\_.L:1#wrapup(<function>:393)
    [junit] 	at jdk.nashorn.internal.scripts.Script$Recompilation$38122$30328$require.L:1#Accessor#wrapup(/home/travis/build/icyphy/ptII/ptolemy/actor/lib/jjs/external/require.js#401:30<eval>:673)
    [junit] 	at jdk.nashorn.internal.runtime.ScriptFunctionData.invoke(ScriptFunctionData.java:637)
    [junit] 	at jdk.nashorn.internal.runtime.ScriptFunction.invoke(ScriptFunction.java:494)
    [junit] 	at jdk.nashorn.internal.runtime.ScriptRuntime.apply(ScriptRuntime.java:393)
    [junit] 	at jdk.nashorn.api.scripting.ScriptObjectMirror.callMember(ScriptObjectMirror.java:199)
    [junit] 	at jdk.nashorn.api.scripting.NashornScriptEngine.invokeImpl(NashornScriptEngine.java:386)
    [junit] 	... 10 more
    [junit] HttpClientHelper.java: Received an error for request 0: java.util.concurrent.TimeoutException: The timeout period of 1000ms has been exceeded while executing GET  for host localhost
    [junit] java.util.concurrent.TimeoutException: The timeout period of 1000ms has been exceeded while executing GET  for host localhost
    [junit] 	at io.vertx.core.http.impl.HttpClientRequestBase.timeout(HttpClientRequestBase.java:178)
    [junit] 	at io.vertx.core.http.impl.HttpClientRequestBase.handleTimeout(HttpClientRequestBase.java:163)
    [junit] 	at io.vertx.core.http.impl.HttpClientRequestBase.lambda$setTimeout$0(HttpClientRequestBase.java:121)
    [junit] 	at io.vertx.core.impl.VertxImpl$InternalTimerHandler.handle(VertxImpl.java:885)
    [junit] 	at io.vertx.core.impl.VertxImpl$InternalTimerHandler.handle(VertxImpl.java:844)
    [junit] 	at io.vertx.core.impl.ContextImpl.lambda$wrapTask$2(ContextImpl.java:339)
    [junit] 	at io.netty.util.concurrent.AbstractEventExecutor.safeExecute(AbstractEventExecutor.java:163)
    [junit] 	at io.netty.util.concurrent.SingleThreadEventExecutor.runAllTasks(SingleThreadEventExecutor.java:404)
    [junit] 	at io.netty.channel.nio.NioEventLoop.run(NioEventLoop.java:463)
    [junit] 	at io.netty.util.concurrent.SingleThreadEventExecutor$5.run(SingleThreadEventExecutor.java:886)
    [junit] 	at io.netty.util.concurrent.FastThreadLocalRunnable.run(FastThreadLocalRunnable.java:30)
    [junit] 	at java.lang.Thread.run(Thread.java:748)
    [junit] HttpClientHelper.java: Received an error for request 0: io.vertx.core.VertxException: Connection was closed
    [junit] io.vertx.core.VertxException: Connection was closed
    [junit] 	at io.vertx.core.http.impl.Http1xClientConnection.handleClosed(Http1xClientConnection.java:660)
    [junit] 	at io.vertx.core.impl.ContextImpl.lambda$wrapTask$2(ContextImpl.java:337)
    [junit] 	at io.vertx.core.impl.ContextImpl.executeFromIO(ContextImpl.java:195)
    [junit] 	at io.vertx.core.net.impl.VertxHandler.channelInactive(VertxHandler.java:130)
    [junit] 	at io.vertx.core.http.impl.Http1xClientHandler.channelInactive(Http1xClientHandler.java:88)
    [junit] 	at io.netty.channel.AbstractChannelHandlerContext.invokeChannelInactive(AbstractChannelHandlerContext.java:245)
    [junit] 	at io.netty.channel.AbstractChannelHandlerContext.invokeChannelInactive(AbstractChannelHandlerContext.java:231)
    [junit] 	at io.netty.channel.AbstractChannelHandlerContext.fireChannelInactive(AbstractChannelHandlerContext.java:224)
    [junit] 	at io.netty.channel.CombinedChannelDuplexHandler$DelegatingChannelHandlerContext.fireChannelInactive(CombinedChannelDuplexHandler.java:420)
    [junit] 	at io.netty.handler.codec.ByteToMessageDecoder.channelInputClosed(ByteToMessageDecoder.java:377)
    [junit] 	at io.netty.handler.codec.ByteToMessageDecoder.channelInactive(ByteToMessageDecoder.java:342)
    [junit] 	at io.netty.handler.codec.http.HttpClientCodec$Decoder.channelInactive(HttpClientCodec.java:282)
    [junit] 	at io.netty.channel.CombinedChannelDuplexHandler.channelInactive(CombinedChannelDuplexHandler.java:223)
    [junit] 	at io.netty.channel.AbstractChannelHandlerContext.invokeChannelInactive(AbstractChannelHandlerContext.java:245)
    [junit] 	at io.netty.channel.AbstractChannelHandlerContext.invokeChannelInactive(AbstractChannelHandlerContext.java:231)
    [junit] 	at io.netty.channel.AbstractChannelHandlerContext.fireChannelInactive(AbstractChannelHandlerContext.java:224)
    [junit] 	at io.netty.channel.DefaultChannelPipeline$HeadContext.channelInactive(DefaultChannelPipeline.java:1354)
    [junit] 	at io.netty.channel.AbstractChannelHandlerContext.invokeChannelInactive(AbstractChannelHandlerContext.java:245)
    [junit] 	at io.netty.channel.AbstractChannelHandlerContext.invokeChannelInactive(AbstractChannelHandlerContext.java:231)
    [junit] 	at io.netty.channel.DefaultChannelPipeline.fireChannelInactive(DefaultChannelPipeline.java:917)
    [junit] 	at io.netty.channel.AbstractChannel$AbstractUnsafe$8.run(AbstractChannel.java:822)
    [junit] 	at io.netty.util.concurrent.AbstractEventExecutor.safeExecute(AbstractEventExecutor.java:163)
    [junit] 	at io.netty.util.concurrent.SingleThreadEventExecutor.runAllTasks(SingleThreadEventExecutor.java:404)
    [junit] 	at io.netty.channel.nio.NioEventLoop.run(NioEventLoop.java:463)
    [junit] 	at io.netty.util.concurrent.SingleThreadEventExecutor$5.run(SingleThreadEventExecutor.java:886)
    [junit] 	at io.netty.util.concurrent.FastThreadLocalRunnable.run(FastThreadLocalRunnable.java:30)
    [junit] 	at java.lang.Thread.run(Thread.java:748)
    [junit] WARNING: WebServer: Model stopped before executing actions (e.g. producing outputs) scheduled for execution at times [10.1]
    [junit] HttpClientHelper.java: Received an error for request 0: java.util.concurrent.TimeoutException: The timeout period of 1ms has been exceeded while executing GET /delay/2/ for host httpbin.org
    [junit] java.util.concurrent.TimeoutException: The timeout period of 1ms has been exceeded while executing GET /delay/2/ for host httpbin.org
    [junit] 	at io.vertx.core.http.impl.HttpClientRequestBase.timeout(HttpClientRequestBase.java:178)
    [junit] 	at io.vertx.core.http.impl.HttpClientRequestBase.handleTimeout(HttpClientRequestBase.java:163)
    [junit] 	at io.vertx.core.http.impl.HttpClientRequestBase.lambda$setTimeout$0(HttpClientRequestBase.java:121)
    [junit] 	at io.vertx.core.impl.VertxImpl$InternalTimerHandler.handle(VertxImpl.java:885)
    [junit] 	at io.vertx.core.impl.VertxImpl$InternalTimerHandler.handle(VertxImpl.java:844)
    [junit] 	at io.vertx.core.impl.ContextImpl.lambda$wrapTask$2(ContextImpl.java:339)
    [junit] 	at io.netty.util.concurrent.AbstractEventExecutor.safeExecute(AbstractEventExecutor.java:163)
    [junit] 	at io.netty.util.concurrent.SingleThreadEventExecutor.runAllTasks(SingleThreadEventExecutor.java:404)
    [junit] 	at io.netty.channel.nio.NioEventLoop.run(NioEventLoop.java:463)
    [junit] 	at io.netty.util.concurrent.SingleThreadEventExecutor$5.run(SingleThreadEventExecutor.java:886)
    [junit] 	at io.netty.util.concurrent.FastThreadLocalRunnable.run(FastThreadLocalRunnable.java:30)
    [junit] 	at java.lang.Thread.run(Thread.java:748)
    [junit] HttpClientHelper.java: Received an error for request 0: io.netty.channel.ConnectTimeoutException: connection timed out: httpbin.org/184.73.200.185:80
    [junit] io.netty.channel.ConnectTimeoutException: connection timed out: httpbin.org/184.73.200.185:80
    [junit] 	at io.netty.channel.nio.AbstractNioChannel$AbstractNioUnsafe$1.run(AbstractNioChannel.java:267)
    [junit] 	at io.netty.util.concurrent.PromiseTask$RunnableAdapter.call(PromiseTask.java:38)
    [junit] 	at io.netty.util.concurrent.ScheduledFutureTask.run(ScheduledFutureTask.java:125)
    [junit] 	at io.netty.util.concurrent.AbstractEventExecutor.safeExecute(AbstractEventExecutor.java:163)
    [junit] 	at io.netty.util.concurrent.SingleThreadEventExecutor.runAllTasks(SingleThreadEventExecutor.java:404)
    [junit] 	at io.netty.channel.nio.NioEventLoop.run(NioEventLoop.java:463)
    [junit] 	at io.netty.util.concurrent.SingleThreadEventExecutor$5.run(SingleThreadEventExecutor.java:886)
    [junit] 	at io.netty.util.concurrent.FastThreadLocalRunnable.run(FastThreadLocalRunnable.java:30)
    [junit] 	at java.lang.Thread.run(Thread.java:748)
    [junit] 
    [junit] Test ptolemy.actor.lib.jjs.modules.httpClient.test.junit.JUnitTclTest FAILED
    [junit] javachdir: directory = ptolemy/actor/lib/jjs/modules/httpServer/test
    [junit] javachdir: pwd: /home/travis/build/icyphy/ptII/ptolemy/actor/lib/jjs/modules/httpServer/test  Invoking with -Djava.net.preferIPv4Stack=true
    [junit] Running ptolemy.actor.lib.jjs.modules.httpServer.test.junit.JUnitTclTest
    [junit] No tcl tests in /home/travis/build/icyphy/ptII/ptolemy/actor/lib/jjs/modules/httpServer/test
    [junit] No auto/knownFailedTests/*.xml tests in /home/travis/build/icyphy/ptII/ptolemy/actor/lib/jjs/modules/httpServer/test
    [junit] No auto/*.xml tests in /home/travis/build/icyphy/ptII/ptolemy/actor/lib/jjs/modules/httpServer/test
    [junit] AutoTests.java: About to close Vertx.
    [junit] AutoTests.java: Vertx closed.
    [junit] ----------------- testing Wed May 02 12:27:31 UTC 2018 /home/travis/build/icyphy/ptII/ptolemy/actor/lib/jjs/modules/httpServer/test/auto/KeyValueStoreClient.xml
    [junit] ----------------- Wed May 02 12:27:31 UTC 2018 About to sleep for 5.0 seconds before rerunning.  Test is: /home/travis/build/icyphy/ptII/ptolemy/actor/lib/jjs/modules/httpServer/test/auto/KeyValueStoreClient.xml
    [junit] JSAccessor: PT_NO_NET environment variable is set, so git pull and ptdoc are not being run.
    [junit] WebServer: WebServer: Creating new server. (Thread[KeyValueStoreClient,1,main])
    [junit] WebServer: WebServer: Listening for requests. (Thread[vert.x-eventloop-thread-0,1,main])
    [junit] Manager.initialize() finished: 14258 ms. Memory: 974848K Free: 528279K (54%)
    [junit] KeyValueStore: Making an HTTP request. (Thread[KeyValueStoreClient,1,main])
    [junit] WebServer: Server received request. (Thread[KeyValueStoreClient,1,main])
    [junit] ConstructLookup: ************0 (Thread[KeyValueStoreClient,1,main])
    [junit] KeyValueResponse: handling body (Thread[KeyValueStoreClient,1,main])
    [junit] KeyValueStore2: Making an HTTP request. (Thread[KeyValueStoreClient,1,main])
    [junit] WebServer: Server received request. (Thread[KeyValueStoreClient,1,main])
    [junit] WebServer: WebServer: Stopping the server. (Thread[KeyValueStoreClient,1,main])
    [junit] WARNING: WebServer: Model stopped before executing actions (e.g. producing outputs) scheduled for execution at times [11.226, 11.534]
    [junit] JavaScriptDelay: JavaScriptDelay.wrapup() (Thread[KeyValueStoreClient,1,main])
    [junit] 16002 ms. Memory: 974848K Free: 414530K (43%)
    [junit] ----------------- testing Wed May 02 12:28:04 UTC 2018 /home/travis/build/icyphy/ptII/ptolemy/actor/lib/jjs/modules/httpServer/test/auto/WebServer.xml
    [junit] ----------------- Wed May 02 12:28:04 UTC 2018 About to sleep for 5.0 seconds before rerunning.  Test is: /home/travis/build/icyphy/ptII/ptolemy/actor/lib/jjs/modules/httpServer/test/auto/WebServer.xml
    [junit] WARNING: TriggeredRamp: Model stopped before executing actions (e.g. producing outputs) scheduled for execution at times [2.0]
    [junit] java.lang.RuntimeException: Execution failed
    [junit] 	at ptolemy.moml.MoMLSimpleApplication$UnloadThread.run(MoMLSimpleApplication.java:402)
    [junit] Caused by: ptolemy.kernel.util.IllegalActionException: Failure executing the react function: Error: commonHost.js, react(), invoking a specific handler for "response": Exception occurred in input handler for accessor WebServer, which has now has been removed.  Exception was: java.lang.IllegalStateException: Response is closed Stacktrace was: undefined in /home/travis/build/icyphy/ptII/ptolemy/actor/lib/jjs/external/require.js#401:30<eval> at line number 1695 at column number 24
    [junit]   in .KeyValueStoreClient.WebServer
    [junit] Because:
    [junit] Error: commonHost.js, react(), invoking a specific handler for "response": Exception occurred in input handler for accessor WebServer, which has now has been removed.  Exception was: java.lang.IllegalStateException: Response is closed Stacktrace was: undefined in /home/travis/build/icyphy/ptII/ptolemy/actor/lib/jjs/external/require.js#401:30<eval> at line number 1695 at column number 24
    [junit] 	at ptolemy.actor.lib.jjs.JavaScript._invokeMethodInContext(JavaScript.java:2216)
    [junit] 	at ptolemy.actor.lib.jjs.JavaScript.fire(JavaScript.java:1102)
    [junit] 	at ptolemy.domains.de.kernel.DEDirector._fire(DEDirector.java:1948)
    [junit] 	at ptolemy.domains.de.kernel.DEDirector.fire(DEDirector.java:502)
    [junit] 	at ptolemy.actor.CompositeActor.fire(CompositeActor.java:455)
    [junit] 	at ptolemy.actor.Manager.iterate(Manager.java:851)
    [junit] 	at ptolemy.actor.Manager.execute(Manager.java:369)
    [junit] 	at ptolemy.actor.Manager.run(Manager.java:1263)
    [junit] 	at ptolemy.actor.Manager$PtolemyRunThread.run(Manager.java:1915)
    [junit] Caused by: javax.script.ScriptException: Error: commonHost.js, react(), invoking a specific handler for "response": Exception occurred in input handler for accessor WebServer, which has now has been removed.  Exception was: java.lang.IllegalStateException: Response is closed Stacktrace was: undefined in /home/travis/build/icyphy/ptII/ptolemy/actor/lib/jjs/external/require.js#401:30<eval> at line number 1695 at column number 24
    [junit] 	at jdk.nashorn.api.scripting.NashornScriptEngine.throwAsScriptException(NashornScriptEngine.java:470)
    [junit] 	at jdk.nashorn.api.scripting.NashornScriptEngine.invokeImpl(NashornScriptEngine.java:392)
    [junit] 	at jdk.nashorn.api.scripting.NashornScriptEngine.invokeMethod(NashornScriptEngine.java:199)
    [junit] 	at ptolemy.actor.lib.jjs.JavaScript._invokeMethodInContext(JavaScript.java:2193)
    [junit] 	... 8 more
    [junit] Caused by: /home/travis/build/icyphy/ptII/ptolemy/actor/lib/jjs/external/require.js#401:30<eval>:1695:24 Error: commonHost.js, react(), invoking a specific handler for "response": Exception occurred in input handler for accessor WebServer, which has now has been removed.  Exception was: java.lang.IllegalStateException: Response is closed Stacktrace was: undefined
    [junit] 	at jdk.nashorn.internal.objects.NativeError.initException(NativeError.java:137)
    [junit] 	at jdk.nashorn.internal.objects.NativeError.<init>(NativeError.java:102)
    [junit] 	at jdk.nashorn.internal.objects.NativeError.<init>(NativeError.java:106)
    [junit] 	at jdk.nashorn.internal.objects.NativeError.<init>(NativeError.java:110)
    [junit] 	at jdk.nashorn.internal.objects.NativeError.constructor(NativeError.java:129)
    [junit] 	at jdk.nashorn.internal.scripts.Script$Recompilation$4856$74558A$require.L:1#react#invokeSpecificHandler(/home/travis/build/icyphy/ptII/ptolemy/actor/lib/jjs/external/require.js#401:30<eval>:1695)
    [junit] 	at jdk.nashorn.internal.scripts.Script$Recompilation$4776$73967A$require.L:1#react(/home/travis/build/icyphy/ptII/ptolemy/actor/lib/jjs/external/require.js#401:30<eval>:1728)
    [junit] 	at jdk.nashorn.internal.runtime.ScriptFunctionData.invoke(ScriptFunctionData.java:639)
    [junit] 	at jdk.nashorn.internal.runtime.ScriptFunction.invoke(ScriptFunction.java:494)
    [junit] 	at jdk.nashorn.internal.runtime.ScriptRuntime.apply(ScriptRuntime.java:393)
    [junit] 	at jdk.nashorn.api.scripting.ScriptObjectMirror.callMember(ScriptObjectMirror.java:199)
    [junit] 	at jdk.nashorn.api.scripting.NashornScriptEngine.invokeImpl(NashornScriptEngine.java:386)
    [junit] 	... 10 more
    [junit] 
    [junit] Exception: java.lang.RuntimeException thrown from the UncaughtExceptionHandler in thread "Thread-6"
    [junit] WebServer: WebServer: Creating new server. (Thread[WebServer,1,main])
    [junit] WebServer: WebServer: Listening for requests. (Thread[vert.x-eventloop-thread-0,1,main])
    [junit] REST: Making an HTTP request. (Thread[WebServer,1,main])
    [junit] WebServer: Server received request. (Thread[WebServer,1,main])
    [junit] WebServer: WebServer: Stopping the server. (Thread[WebServer,1,main])
    [junit] WARNING: WebServer: Model stopped before executing actions (e.g. producing outputs) scheduled for execution at times [11.040000000000001]
    [junit] WARNING: JavaScriptBarrier: Model stopped before executing actions (e.g. producing outputs) scheduled for execution at times [18.0]
    [junit] java.lang.RuntimeException: Execution failed
    [junit] 	at ptolemy.moml.MoMLSimpleApplication$UnloadThread.run(MoMLSimpleApplication.java:402)
    [junit] Caused by: ptolemy.kernel.util.IllegalActionException: Failure executing the react function: Error: commonHost.js, react(), invoking a specific handler for "response": Exception occurred in input handler for accessor WebServer, which has now has been removed.  Exception was: java.lang.IllegalStateException: Response is closed Stacktrace was: undefined in /home/travis/build/icyphy/ptII/ptolemy/actor/lib/jjs/external/require.js#401:30<eval> at line number 1695 at column number 24
    [junit]   in .WebServer.WebServer
    [junit] Because:
    [junit] Error: commonHost.js, react(), invoking a specific handler for "response": Exception occurred in input handler for accessor WebServer, which has now has been removed.  Exception was: java.lang.IllegalStateException: Response is closed Stacktrace was: undefined in /home/travis/build/icyphy/ptII/ptolemy/actor/lib/jjs/external/require.js#401:30<eval> at line number 1695 at column number 24
    [junit] 	at ptolemy.actor.lib.jjs.JavaScript._invokeMethodInContext(JavaScript.java:2216)
    [junit] 	at ptolemy.actor.lib.jjs.JavaScript.fire(JavaScript.java:1102)
    [junit] 	at ptolemy.domains.de.kernel.DEDirector._fire(DEDirector.java:1948)
    [junit] 	at ptolemy.domains.de.kernel.DEDirector.fire(DEDirector.java:502)
    [junit] 	at ptolemy.actor.CompositeActor.fire(CompositeActor.java:455)
    [junit] 	at ptolemy.actor.Manager.iterate(Manager.java:851)
    [junit] 	at ptolemy.actor.Manager.execute(Manager.java:369)
    [junit] 	at ptolemy.actor.Manager.run(Manager.java:1263)
    [junit] 	at ptolemy.actor.Manager$PtolemyRunThread.run(Manager.java:1915)
    [junit] Caused by: javax.script.ScriptException: Error: commonHost.js, react(), invoking a specific handler for "response": Exception occurred in input handler for accessor WebServer, which has now has been removed.  Exception was: java.lang.IllegalStateException: Response is closed Stacktrace was: undefined in /home/travis/build/icyphy/ptII/ptolemy/actor/lib/jjs/external/require.js#401:30<eval> at line number 1695 at column number 24
    [junit] 	at jdk.nashorn.api.scripting.NashornScriptEngine.throwAsScriptException(NashornScriptEngine.java:470)
    [junit] 	at jdk.nashorn.api.scripting.NashornScriptEngine.invokeImpl(NashornScriptEngine.java:392)
    [junit] 	at jdk.nashorn.api.scripting.NashornScriptEngine.invokeMethod(NashornScriptEngine.java:199)
    [junit] 	at ptolemy.actor.lib.jjs.JavaScript._invokeMethodInContext(JavaScript.java:2193)
    [junit] 	... 8 more
    [junit] Caused by: /home/travis/build/icyphy/ptII/ptolemy/actor/lib/jjs/external/require.js#401:30<eval>:1695:24 Error: commonHost.js, react(), invoking a specific handler for "response": Exception occurred in input handler for accessor WebServer, which has now has been removed.  Exception was: java.lang.IllegalStateException: Response is closed Stacktrace was: undefined
    [junit] 	at jdk.nashorn.internal.objects.NativeError.initException(NativeError.java:137)
    [junit] 	at jdk.nashorn.internal.objects.NativeError.<init>(NativeError.java:102)
    [junit] 	at jdk.nashorn.internal.objects.NativeError.<init>(NativeError.java:106)
    [junit] 	at jdk.nashorn.internal.objects.NativeError.<init>(NativeError.java:110)
    [junit] 	at jdk.nashorn.internal.objects.NativeError.constructor(NativeError.java:129)
    [junit] 	at jdk.nashorn.internal.scripts.Script$Recompilation$8311$74558A$require.L:1#react#invokeSpecificHandler(/home/travis/build/icyphy/ptII/ptolemy/actor/lib/jjs/external/require.js#401:30<eval>:1695)
    [junit] 	at jdk.nashorn.internal.scripts.Script$Recompilation$8248$73967A$require.L:1#react(/home/travis/build/icyphy/ptII/ptolemy/actor/lib/jjs/external/require.js#401:30<eval>:1728)
    [junit] 	at jdk.nashorn.internal.runtime.ScriptFunctionData.invoke(ScriptFunctionData.java:639)
    [junit] 	at jdk.nashorn.internal.runtime.ScriptFunction.invoke(ScriptFunction.java:494)
    [junit] 	at jdk.nashorn.internal.runtime.ScriptRuntime.apply(ScriptRuntime.java:393)
    [junit] 	at jdk.nashorn.api.scripting.ScriptObjectMirror.callMember(ScriptObjectMirror.java:199)
    [junit] 	at jdk.nashorn.api.scripting.NashornScriptEngine.invokeImpl(NashornScriptEngine.java:386)
    [junit] 	... 10 more
    [junit] 
    [junit] Exception: java.lang.RuntimeException thrown from the UncaughtExceptionHandler in thread "Thread-11"
    [junit] 9239 ms. Memory: 1427968K Free: 769019K (54%)
    [junit] ----------------- testing Wed May 02 12:28:24 UTC 2018 /home/travis/build/icyphy/ptII/ptolemy/actor/lib/jjs/modules/httpServer/test/auto/WebServerBasic.xml
    [junit] ----------------- Wed May 02 12:28:24 UTC 2018 About to sleep for 5.0 seconds before rerunning.  Test is: /home/travis/build/icyphy/ptII/ptolemy/actor/lib/jjs/modules/httpServer/test/auto/WebServerBasic.xml
    [junit] WebServer: WebServer: Creating new server. (Thread[WebServerBasic,1,main])
    [junit] WebServer: WebServer: Listening for requests. (Thread[vert.x-eventloop-thread-0,1,main])
    [junit] REST: Making an HTTP request. (Thread[WebServerBasic,1,main])
    [junit] JavaScriptBarrier: JavaScriptBarrier: sending true after timeout. (Thread[WebServerBasic,1,main])
    [junit] WebServer: WebServer: Stopping the server. (Thread[WebServerBasic,1,main])
    [junit] 24756 ms. Memory: 1587712K Free: 218314K (14%)
    [junit] ----------------- testing Wed May 02 12:28:57 UTC 2018 /home/travis/build/icyphy/ptII/ptolemy/actor/lib/jjs/modules/httpServer/test/auto/WebServerTimeout.xml
    [junit] ----------------- Wed May 02 12:28:57 UTC 2018 About to sleep for 5.0 seconds before rerunning.  Test is: /home/travis/build/icyphy/ptII/ptolemy/actor/lib/jjs/modules/httpServer/test/auto/WebServerTimeout.xml
    [junit] java.lang.RuntimeException: Execution failed
    [junit] 	at ptolemy.moml.MoMLSimpleApplication$UnloadThread.run(MoMLSimpleApplication.java:402)
    [junit] Caused by: ptolemy.kernel.util.IllegalActionException: Exceptions occurred during wrapup:
    [junit] ptolemy.kernel.util.IllegalActionException: Failure executing the wrapup function: Error: TrainableTest: The input handler of this accessor was never invoked. Usually, this is an error indicating that starvation is occurring. in <function> at line number 393 at column number 16
    [junit]   in .WebServerBasic.TrainableTest
    [junit] Because:
    [junit] Error: TrainableTest: The input handler of this accessor was never invoked. Usually, this is an error indicating that starvation is occurring. in <function> at line number 393 at column number 16
    [junit] ptolemy.kernel.util.IllegalActionException: Failure executing the wrapup function: Error: TrainableTest2: The input handler of this accessor was never invoked. Usually, this is an error indicating that starvation is occurring. in <function> at line number 393 at column number 16
    [junit]   in .WebServerBasic.TrainableTest2
    [junit] Because:
    [junit] Error: TrainableTest2: The input handler of this accessor was never invoked. Usually, this is an error indicating that starvation is occurring. in <function> at line number 393 at column number 16
    [junit] 
    [junit]   in .WebServerBasic.DE Director
    [junit] Because:
    [junit] Failure executing the wrapup function: Error: TrainableTest: The input handler of this accessor was never invoked. Usually, this is an error indicating that starvation is occurring. in <function> at line number 393 at column number 16
    [junit]   in .WebServerBasic.TrainableTest
    [junit] Because:
    [junit] Error: TrainableTest: The input handler of this accessor was never invoked. Usually, this is an error indicating that starvation is occurring. in <function> at line number 393 at column number 16
    [junit] 	at ptolemy.actor.Director.wrapup(Director.java:1736)
    [junit] 	at ptolemy.domains.de.kernel.DEDirector.wrapup(DEDirector.java:1526)
    [junit] 	at ptolemy.actor.CompositeActor.wrapup(CompositeActor.java:2735)
    [junit] 	at ptolemy.actor.Manager.wrapup(Manager.java:1512)
    [junit] 	at ptolemy.actor.Manager.execute(Manager.java:407)
    [junit] 	at ptolemy.actor.Manager.run(Manager.java:1263)
    [junit] 	at ptolemy.actor.Manager$PtolemyRunThread.run(Manager.java:1915)
    [junit] Caused by: ptolemy.kernel.util.IllegalActionException: Failure executing the wrapup function: Error: TrainableTest: The input handler of this accessor was never invoked. Usually, this is an error indicating that starvation is occurring. in <function> at line number 393 at column number 16
    [junit]   in .WebServerBasic.TrainableTest
    [junit] Because:
    [junit] Error: TrainableTest: The input handler of this accessor was never invoked. Usually, this is an error indicating that starvation is occurring. in <function> at line number 393 at column number 16
    [junit] 	at ptolemy.actor.lib.jjs.JavaScript._invokeMethodInContext(JavaScript.java:2216)
    [junit] 	at ptolemy.actor.lib.jjs.JavaScript.wrapup(JavaScript.java:2111)
    [junit] 	at ptolemy.actor.Director.wrapup(Director.java:1722)
    [junit] 	... 6 more
    [junit] Caused by: javax.script.ScriptException: Error: TrainableTest: The input handler of this accessor was never invoked. Usually, this is an error indicating that starvation is occurring. in <function> at line number 393 at column number 16
    [junit] 	at jdk.nashorn.api.scripting.NashornScriptEngine.throwAsScriptException(NashornScriptEngine.java:470)
    [junit] 	at jdk.nashorn.api.scripting.NashornScriptEngine.invokeImpl(NashornScriptEngine.java:392)
    [junit] 	at jdk.nashorn.api.scripting.NashornScriptEngine.invokeMethod(NashornScriptEngine.java:199)
    [junit] 	at ptolemy.actor.lib.jjs.JavaScript._invokeMethodInContext(JavaScript.java:2193)
    [junit] 	... 8 more
    [junit] Caused by: <function>:393:16 Error: TrainableTest: The input handler of this accessor was never invoked. Usually, this is an error indicating that starvation is occurring.
    [junit] 	at jdk.nashorn.internal.objects.NativeError.initException(NativeError.java:137)
    [junit] 	at jdk.nashorn.internal.objects.NativeError.<init>(NativeError.java:102)
    [junit] 	at jdk.nashorn.internal.objects.NativeError.<init>(NativeError.java:106)
    [junit] 	at jdk.nashorn.internal.objects.NativeError.<init>(NativeError.java:110)
    [junit] 	at jdk.nashorn.internal.objects.NativeError.constructor(NativeError.java:129)
    [junit] 	at jdk.nashorn.internal.scripts.Script$Recompilation$11048$18508$\^function\_.L:1#wrapup(<function>:393)
    [junit] 	at jdk.nashorn.internal.scripts.Script$Recompilation$11046$30328$require.L:1#Accessor#wrapup(/home/travis/build/icyphy/ptII/ptolemy/actor/lib/jjs/external/require.js#401:30<eval>:673)
    [junit] 	at jdk.nashorn.internal.runtime.ScriptFunctionData.invoke(ScriptFunctionData.java:637)
    [junit] 	at jdk.nashorn.internal.runtime.ScriptFunction.invoke(ScriptFunction.java:494)
    [junit] 	at jdk.nashorn.internal.runtime.ScriptRuntime.apply(ScriptRuntime.java:393)
    [junit] 	at jdk.nashorn.api.scripting.ScriptObjectMirror.callMember(ScriptObjectMirror.java:199)
    [junit] 	at jdk.nashorn.api.scripting.NashornScriptEngine.invokeImpl(NashornScriptEngine.java:386)
    [junit] 	... 10 more
    [junit] 
    [junit] Exception: java.lang.RuntimeException thrown from the UncaughtExceptionHandler in thread "Thread-14"
    [junit] WebServer: WebServer: Creating new server. (Thread[WebServerTimeout,1,main])
    [junit] REST: Making an HTTP request. (Thread[WebServerTimeout,1,main])
    [junit] JavaScriptBarrier: JavaScriptBarrier: sending true after timeout. (Thread[WebServerTimeout,1,main])
    [junit] WebServer: WebServer: Stopping the server. (Thread[WebServerTimeout,1,main])
    [junit] 25110 ms. Memory: 1848320K Free: 1446129K (78%)
    [junit] AutoTests.java: About to close Vertx.
    [junit] java.lang.RuntimeException: Execution failed
    [junit] 	at ptolemy.moml.MoMLSimpleApplication$UnloadThread.run(MoMLSimpleApplication.java:402)
    [junit] Caused by: ptolemy.kernel.util.IllegalActionException: Exceptions occurred during wrapup:
    [junit] ptolemy.kernel.util.IllegalActionException: Failure executing the wrapup function: Error: TrainableTest: The input handler of this accessor was never invoked. Usually, this is an error indicating that starvation is occurring. in <function> at line number 393 at column number 16
    [junit]   in .WebServerTimeout.TrainableTest
    [junit] Because:
    [junit] Error: TrainableTest: The input handler of this accessor was never invoked. Usually, this is an error indicating that starvation is occurring. in <function> at line number 393 at column number 16
    [junit] ptolemy.kernel.util.IllegalActionException: Failure executing the wrapup function: Error: TrainableTest2: The input handler of this accessor was never invoked. Usually, this is an error indicating that starvation is occurring. in <function> at line number 393 at column number 16
    [junit]   in .WebServerTimeout.TrainableTest2
    [junit] Because:
    [junit] Error: TrainableTest2: The input handler of this accessor was never invoked. Usually, this is an error indicating that starvation is occurring. in <function> at line number 393 at column number 16
    [junit] 
    [junit]   in .WebServerTimeout.DE Director
    [junit] Because:
    [junit] Failure executing the wrapup function: Error: TrainableTest: The input handler of this accessor was never invoked. Usually, this is an error indicating that starvation is occurring. in <function> at line number 393 at column number 16
    [junit]   in .WebServerTimeout.TrainableTest
    [junit] Because:
    [junit] Error: TrainableTest: The input handler of this accessor was never invoked. Usually, this is an error indicating that starvation is occurring. in <function> at line number 393 at column number 16
    [junit] 	at ptolemy.actor.Director.wrapup(Director.java:1736)
    [junit] 	at ptolemy.domains.de.kernel.DEDirector.wrapup(DEDirector.java:1526)
    [junit] 	at ptolemy.actor.CompositeActor.wrapup(CompositeActor.java:2735)
    [junit] 	at ptolemy.actor.Manager.wrapup(Manager.java:1512)
    [junit] 	at ptolemy.actor.Manager.execute(Manager.java:407)
    [junit] 	at ptolemy.actor.Manager.run(Manager.java:1263)
    [junit] 	at ptolemy.actor.Manager$PtolemyRunThread.run(Manager.java:1915)
    [junit] Caused by: ptolemy.kernel.util.IllegalActionException: Failure executing the wrapup function: Error: TrainableTest: The input handler of this accessor was never invoked. Usually, this is an error indicating that starvation is occurring. in <function> at line number 393 at column number 16
    [junit]   in .WebServerTimeout.TrainableTest
    [junit] Because:
    [junit] Error: TrainableTest: The input handler of this accessor was never invoked. Usually, this is an error indicating that starvation is occurring. in <function> at line number 393 at column number 16
    [junit] 	at ptolemy.actor.lib.jjs.JavaScript._invokeMethodInContext(JavaScript.java:2216)
    [junit] 	at ptolemy.actor.lib.jjs.JavaScript.wrapup(JavaScript.java:2111)
    [junit] 	at ptolemy.actor.Director.wrapup(Director.java:1722)
    [junit] 	... 6 more
    [junit] Caused by: javax.script.ScriptException: Error: TrainableTest: The input handler of this accessor was never invoked. Usually, this is an error indicating that starvation is occurring. in <function> at line number 393 at column number 16
    [junit] 	at jdk.nashorn.api.scripting.NashornScriptEngine.throwAsScriptException(NashornScriptEngine.java:470)
    [junit] 	at jdk.nashorn.api.scripting.NashornScriptEngine.invokeImpl(NashornScriptEngine.java:392)
    [junit] 	at jdk.nashorn.api.scripting.NashornScriptEngine.invokeMethod(NashornScriptEngine.java:199)
    [junit] 	at ptolemy.actor.lib.jjs.JavaScript._invokeMethodInContext(JavaScript.java:2193)
    [junit] 	... 8 more
    [junit] Caused by: <function>:393:16 Error: TrainableTest: The input handler of this accessor was never invoked. Usually, this is an error indicating that starvation is occurring.
    [junit] 	at jdk.nashorn.internal.objects.NativeError.initException(NativeError.java:137)
    [junit] 	at jdk.nashorn.internal.objects.NativeError.<init>(NativeError.java:102)
    [junit] 	at jdk.nashorn.internal.objects.NativeError.<init>(NativeError.java:106)
    [junit] 	at jdk.nashorn.internal.objects.NativeError.<init>(NativeError.java:110)
    [junit] 	at jdk.nashorn.internal.objects.NativeError.constructor(NativeError.java:129)
    [junit] 	at jdk.nashorn.internal.scripts.Script$Recompilation$13787$18508$\^function\_.L:1#wrapup(<function>:393)
    [junit] 	at jdk.nashorn.internal.scripts.Script$Recompilation$13785$30328$require.L:1#Accessor#wrapup(/home/travis/build/icyphy/ptII/ptolemy/actor/lib/jjs/external/require.js#401:30<eval>:673)
    [junit] 	at jdk.nashorn.internal.runtime.ScriptFunctionData.invoke(ScriptFunctionData.java:637)
    [junit] 	at jdk.nashorn.internal.runtime.ScriptFunction.invoke(ScriptFunction.java:494)
    [junit] 	at jdk.nashorn.internal.runtime.ScriptRuntime.apply(ScriptRuntime.java:393)
    [junit] 	at jdk.nashorn.api.scripting.ScriptObjectMirror.callMember(ScriptObjectMirror.java:199)
    [junit] 	at jdk.nashorn.api.scripting.NashornScriptEngine.invokeImpl(NashornScriptEngine.java:386)
    [junit] 	... 10 more
    [junit] 
    [junit] Exception: java.lang.RuntimeException thrown from the UncaughtExceptionHandler in thread "Thread-17"
    [junit] AutoTests.java: Vertx closed.
    [junit] Tests run: 7, Failures: 0, Errors: 4, Skipped: 0, Time elapsed: 120.912 sec
    [junit] Output:
    [junit] No tcl tests in /home/travis/build/icyphy/ptII/ptolemy/actor/lib/jjs/modules/httpServer/test
    [junit] No auto/knownFailedTests/*.xml tests in /home/travis/build/icyphy/ptII/ptolemy/actor/lib/jjs/modules/httpServer/test
    [junit] No auto/*.xml tests in /home/travis/build/icyphy/ptII/ptolemy/actor/lib/jjs/modules/httpServer/test
    [junit] AutoTests.java: About to close Vertx.
    [junit] AutoTests.java: Vertx closed.
    [junit] ----------------- testing Wed May 02 12:27:31 UTC 2018 /home/travis/build/icyphy/ptII/ptolemy/actor/lib/jjs/modules/httpServer/test/auto/KeyValueStoreClient.xml
    [junit] ----------------- Wed May 02 12:27:31 UTC 2018 About to sleep for 5.0 seconds before rerunning.  Test is: /home/travis/build/icyphy/ptII/ptolemy/actor/lib/jjs/modules/httpServer/test/auto/KeyValueStoreClient.xml
    [junit] JSAccessor: PT_NO_NET environment variable is set, so git pull and ptdoc are not being run.
    [junit] WebServer: WebServer: Creating new server. (Thread[KeyValueStoreClient,1,main])
    [junit] WebServer: WebServer: Listening for requests. (Thread[vert.x-eventloop-thread-0,1,main])
    [junit] Manager.initialize() finished: 14258 ms. Memory: 974848K Free: 528279K (54%)
    [junit] KeyValueStore: Making an HTTP request. (Thread[KeyValueStoreClient,1,main])
    [junit] WebServer: Server received request. (Thread[KeyValueStoreClient,1,main])
    [junit] ConstructLookup: ************0 (Thread[KeyValueStoreClient,1,main])
    [junit] KeyValueResponse: handling body (Thread[KeyValueStoreClient,1,main])
    [junit] KeyValueStore2: Making an HTTP request. (Thread[KeyValueStoreClient,1,main])
    [junit] WebServer: Server received request. (Thread[KeyValueStoreClient,1,main])
    [junit] WebServer: WebServer: Stopping the server. (Thread[KeyValueStoreClient,1,main])
    [junit] JavaScriptDelay: JavaScriptDelay.wrapup() (Thread[KeyValueStoreClient,1,main])
    [junit] 16002 ms. Memory: 974848K Free: 414530K (43%)
    [junit] ----------------- testing Wed May 02 12:28:04 UTC 2018 /home/travis/build/icyphy/ptII/ptolemy/actor/lib/jjs/modules/httpServer/test/auto/WebServer.xml
    [junit] ----------------- Wed May 02 12:28:04 UTC 2018 About to sleep for 5.0 seconds before rerunning.  Test is: /home/travis/build/icyphy/ptII/ptolemy/actor/lib/jjs/modules/httpServer/test/auto/WebServer.xml
    [junit] WebServer: WebServer: Creating new server. (Thread[WebServer,1,main])
    [junit] WebServer: WebServer: Listening for requests. (Thread[vert.x-eventloop-thread-0,1,main])
    [junit] REST: Making an HTTP request. (Thread[WebServer,1,main])
    [junit] WebServer: Server received request. (Thread[WebServer,1,main])
    [junit] WebServer: WebServer: Stopping the server. (Thread[WebServer,1,main])
    [junit] 9239 ms. Memory: 1427968K Free: 769019K (54%)
    [junit] ----------------- testing Wed May 02 12:28:24 UTC 2018 /home/travis/build/icyphy/ptII/ptolemy/actor/lib/jjs/modules/httpServer/test/auto/WebServerBasic.xml
    [junit] ----------------- Wed May 02 12:28:24 UTC 2018 About to sleep for 5.0 seconds before rerunning.  Test is: /home/travis/build/icyphy/ptII/ptolemy/actor/lib/jjs/modules/httpServer/test/auto/WebServerBasic.xml
    [junit] WebServer: WebServer: Creating new server. (Thread[WebServerBasic,1,main])
    [junit] WebServer: WebServer: Listening for requests. (Thread[vert.x-eventloop-thread-0,1,main])
    [junit] REST: Making an HTTP request. (Thread[WebServerBasic,1,main])
    [junit] JavaScriptBarrier: JavaScriptBarrier: sending true after timeout. (Thread[WebServerBasic,1,main])
    [junit] WebServer: WebServer: Stopping the server. (Thread[WebServerBasic,1,main])
    [junit] 24756 ms. Memory: 1587712K Free: 218314K (14%)
    [junit] ----------------- testing Wed May 02 12:28:57 UTC 2018 /home/travis/build/icyphy/ptII/ptolemy/actor/lib/jjs/modules/httpServer/test/auto/WebServerTimeout.xml
    [junit] ----------------- Wed May 02 12:28:57 UTC 2018 About to sleep for 5.0 seconds before rerunning.  Test is: /home/travis/build/icyphy/ptII/ptolemy/actor/lib/jjs/modules/httpServer/test/auto/WebServerTimeout.xml
    [junit] WebServer: WebServer: Creating new server. (Thread[WebServerTimeout,1,main])
    [junit] REST: Making an HTTP request. (Thread[WebServerTimeout,1,main])
    [junit] JavaScriptBarrier: JavaScriptBarrier: sending true after timeout. (Thread[WebServerTimeout,1,main])
    [junit] WebServer: WebServer: Stopping the server. (Thread[WebServerTimeout,1,main])
    [junit] 25110 ms. Memory: 1848320K Free: 1446129K (78%)
    [junit] AutoTests.java: About to close Vertx.
    [junit] AutoTests.java: Vertx closed.
    [junit] 
    [junit] Error: 
    [junit] WARNING: WebServer: Model stopped before executing actions (e.g. producing outputs) scheduled for execution at times [11.226, 11.534]
    [junit] WARNING: TriggeredRamp: Model stopped before executing actions (e.g. producing outputs) scheduled for execution at times [2.0]
    [junit] java.lang.RuntimeException: Execution failed
    [junit] 	at ptolemy.moml.MoMLSimpleApplication$UnloadThread.run(MoMLSimpleApplication.java:402)
    [junit] Caused by: ptolemy.kernel.util.IllegalActionException: Failure executing the react function: Error: commonHost.js, react(), invoking a specific handler for "response": Exception occurred in input handler for accessor WebServer, which has now has been removed.  Exception was: java.lang.IllegalStateException: Response is closed Stacktrace was: undefined in /home/travis/build/icyphy/ptII/ptolemy/actor/lib/jjs/external/require.js#401:30<eval> at line number 1695 at column number 24
    [junit]   in .KeyValueStoreClient.WebServer
    [junit] Because:
    [junit] Error: commonHost.js, react(), invoking a specific handler for "response": Exception occurred in input handler for accessor WebServer, which has now has been removed.  Exception was: java.lang.IllegalStateException: Response is closed Stacktrace was: undefined in /home/travis/build/icyphy/ptII/ptolemy/actor/lib/jjs/external/require.js#401:30<eval> at line number 1695 at column number 24
    [junit] 	at ptolemy.actor.lib.jjs.JavaScript._invokeMethodInContext(JavaScript.java:2216)
    [junit] 	at ptolemy.actor.lib.jjs.JavaScript.fire(JavaScript.java:1102)
    [junit] 	at ptolemy.domains.de.kernel.DEDirector._fire(DEDirector.java:1948)
    [junit] 	at ptolemy.domains.de.kernel.DEDirector.fire(DEDirector.java:502)
    [junit] 	at ptolemy.actor.CompositeActor.fire(CompositeActor.java:455)
    [junit] 	at ptolemy.actor.Manager.iterate(Manager.java:851)
    [junit] 	at ptolemy.actor.Manager.execute(Manager.java:369)
    [junit] 	at ptolemy.actor.Manager.run(Manager.java:1263)
    [junit] 	at ptolemy.actor.Manager$PtolemyRunThread.run(Manager.java:1915)
    [junit] Caused by: javax.script.ScriptException: Error: commonHost.js, react(), invoking a specific handler for "response": Exception occurred in input handler for accessor WebServer, which has now has been removed.  Exception was: java.lang.IllegalStateException: Response is closed Stacktrace was: undefined in /home/travis/build/icyphy/ptII/ptolemy/actor/lib/jjs/external/require.js#401:30<eval> at line number 1695 at column number 24
    [junit] 	at jdk.nashorn.api.scripting.NashornScriptEngine.throwAsScriptException(NashornScriptEngine.java:470)
    [junit] 	at jdk.nashorn.api.scripting.NashornScriptEngine.invokeImpl(NashornScriptEngine.java:392)
    [junit] 	at jdk.nashorn.api.scripting.NashornScriptEngine.invokeMethod(NashornScriptEngine.java:199)
    [junit] 	at ptolemy.actor.lib.jjs.JavaScript._invokeMethodInContext(JavaScript.java:2193)
    [junit] 	... 8 more
    [junit] Caused by: /home/travis/build/icyphy/ptII/ptolemy/actor/lib/jjs/external/require.js#401:30<eval>:1695:24 Error: commonHost.js, react(), invoking a specific handler for "response": Exception occurred in input handler for accessor WebServer, which has now has been removed.  Exception was: java.lang.IllegalStateException: Response is closed Stacktrace was: undefined
    [junit] 	at jdk.nashorn.internal.objects.NativeError.initException(NativeError.java:137)
    [junit] 	at jdk.nashorn.internal.objects.NativeError.<init>(NativeError.java:102)
    [junit] 	at jdk.nashorn.internal.objects.NativeError.<init>(NativeError.java:106)
    [junit] 	at jdk.nashorn.internal.objects.NativeError.<init>(NativeError.java:110)
    [junit] 	at jdk.nashorn.internal.objects.NativeError.constructor(NativeError.java:129)
    [junit] 	at jdk.nashorn.internal.scripts.Script$Recompilation$4856$74558A$require.L:1#react#invokeSpecificHandler(/home/travis/build/icyphy/ptII/ptolemy/actor/lib/jjs/external/require.js#401:30<eval>:1695)
    [junit] 	at jdk.nashorn.internal.scripts.Script$Recompilation$4776$73967A$require.L:1#react(/home/travis/build/icyphy/ptII/ptolemy/actor/lib/jjs/external/require.js#401:30<eval>:1728)
    [junit] 	at jdk.nashorn.internal.runtime.ScriptFunctionData.invoke(ScriptFunctionData.java:639)
    [junit] 	at jdk.nashorn.internal.runtime.ScriptFunction.invoke(ScriptFunction.java:494)
    [junit] 	at jdk.nashorn.internal.runtime.ScriptRuntime.apply(ScriptRuntime.java:393)
    [junit] 	at jdk.nashorn.api.scripting.ScriptObjectMirror.callMember(ScriptObjectMirror.java:199)
    [junit] 	at jdk.nashorn.api.scripting.NashornScriptEngine.invokeImpl(NashornScriptEngine.java:386)
    [junit] 	... 10 more
    [junit] WARNING: WebServer: Model stopped before executing actions (e.g. producing outputs) scheduled for execution at times [11.040000000000001]
    [junit] WARNING: JavaScriptBarrier: Model stopped before executing actions (e.g. producing outputs) scheduled for execution at times [18.0]
    [junit] java.lang.RuntimeException: Execution failed
    [junit] 	at ptolemy.moml.MoMLSimpleApplication$UnloadThread.run(MoMLSimpleApplication.java:402)
    [junit] Caused by: ptolemy.kernel.util.IllegalActionException: Failure executing the react function: Error: commonHost.js, react(), invoking a specific handler for "response": Exception occurred in input handler for accessor WebServer, which has now has been removed.  Exception was: java.lang.IllegalStateException: Response is closed Stacktrace was: undefined in /home/travis/build/icyphy/ptII/ptolemy/actor/lib/jjs/external/require.js#401:30<eval> at line number 1695 at column number 24
    [junit]   in .WebServer.WebServer
    [junit] Because:
    [junit] Error: commonHost.js, react(), invoking a specific handler for "response": Exception occurred in input handler for accessor WebServer, which has now has been removed.  Exception was: java.lang.IllegalStateException: Response is closed Stacktrace was: undefined in /home/travis/build/icyphy/ptII/ptolemy/actor/lib/jjs/external/require.js#401:30<eval> at line number 1695 at column number 24
    [junit] 	at ptolemy.actor.lib.jjs.JavaScript._invokeMethodInContext(JavaScript.java:2216)
    [junit] 	at ptolemy.actor.lib.jjs.JavaScript.fire(JavaScript.java:1102)
    [junit] 	at ptolemy.domains.de.kernel.DEDirector._fire(DEDirector.java:1948)
    [junit] 	at ptolemy.domains.de.kernel.DEDirector.fire(DEDirector.java:502)
    [junit] 	at ptolemy.actor.CompositeActor.fire(CompositeActor.java:455)
    [junit] 	at ptolemy.actor.Manager.iterate(Manager.java:851)
    [junit] 	at ptolemy.actor.Manager.execute(Manager.java:369)
    [junit] 	at ptolemy.actor.Manager.run(Manager.java:1263)
    [junit] 	at ptolemy.actor.Manager$PtolemyRunThread.run(Manager.java:1915)
    [junit] Caused by: javax.script.ScriptException: Error: commonHost.js, react(), invoking a specific handler for "response": Exception occurred in input handler for accessor WebServer, which has now has been removed.  Exception was: java.lang.IllegalStateException: Response is closed Stacktrace was: undefined in /home/travis/build/icyphy/ptII/ptolemy/actor/lib/jjs/external/require.js#401:30<eval> at line number 1695 at column number 24
    [junit] 	at jdk.nashorn.api.scripting.NashornScriptEngine.throwAsScriptException(NashornScriptEngine.java:470)
    [junit] 	at jdk.nashorn.api.scripting.NashornScriptEngine.invokeImpl(NashornScriptEngine.java:392)
    [junit] 	at jdk.nashorn.api.scripting.NashornScriptEngine.invokeMethod(NashornScriptEngine.java:199)
    [junit] 	at ptolemy.actor.lib.jjs.JavaScript._invokeMethodInContext(JavaScript.java:2193)
    [junit] 	... 8 more
    [junit] Caused by: /home/travis/build/icyphy/ptII/ptolemy/actor/lib/jjs/external/require.js#401:30<eval>:1695:24 Error: commonHost.js, react(), invoking a specific handler for "response": Exception occurred in input handler for accessor WebServer, which has now has been removed.  Exception was: java.lang.IllegalStateException: Response is closed Stacktrace was: undefined
    [junit] 	at jdk.nashorn.internal.objects.NativeError.initException(NativeError.java:137)
    [junit] 	at jdk.nashorn.internal.objects.NativeError.<init>(NativeError.java:102)
    [junit] 	at jdk.nashorn.internal.objects.NativeError.<init>(NativeError.java:106)
    [junit] 	at jdk.nashorn.internal.objects.NativeError.<init>(NativeError.java:110)
    [junit] 	at jdk.nashorn.internal.objects.NativeError.constructor(NativeError.java:129)
    [junit] 	at jdk.nashorn.internal.scripts.Script$Recompilation$8311$74558A$require.L:1#react#invokeSpecificHandler(/home/travis/build/icyphy/ptII/ptolemy/actor/lib/jjs/external/require.js#401:30<eval>:1695)
    [junit] 	at jdk.nashorn.internal.scripts.Script$Recompilation$8248$73967A$require.L:1#react(/home/travis/build/icyphy/ptII/ptolemy/actor/lib/jjs/external/require.js#401:30<eval>:1728)
    [junit] 	at jdk.nashorn.internal.runtime.ScriptFunctionData.invoke(ScriptFunctionData.java:639)
    [junit] 	at jdk.nashorn.internal.runtime.ScriptFunction.invoke(ScriptFunction.java:494)
    [junit] 	at jdk.nashorn.internal.runtime.ScriptRuntime.apply(ScriptRuntime.java:393)
    [junit] 	at jdk.nashorn.api.scripting.ScriptObjectMirror.callMember(ScriptObjectMirror.java:199)
    [junit] 	at jdk.nashorn.api.scripting.NashornScriptEngine.invokeImpl(NashornScriptEngine.java:386)
    [junit] 	... 10 more
    [junit] java.lang.RuntimeException: Execution failed
    [junit] 	at ptolemy.moml.MoMLSimpleApplication$UnloadThread.run(MoMLSimpleApplication.java:402)
    [junit] Caused by: ptolemy.kernel.util.IllegalActionException: Exceptions occurred during wrapup:
    [junit] ptolemy.kernel.util.IllegalActionException: Failure executing the wrapup function: Error: TrainableTest: The input handler of this accessor was never invoked. Usually, this is an error indicating that starvation is occurring. in <function> at line number 393 at column number 16
    [junit]   in .WebServerBasic.TrainableTest
    [junit] Because:
    [junit] Error: TrainableTest: The input handler of this accessor was never invoked. Usually, this is an error indicating that starvation is occurring. in <function> at line number 393 at column number 16
    [junit] ptolemy.kernel.util.IllegalActionException: Failure executing the wrapup function: Error: TrainableTest2: The input handler of this accessor was never invoked. Usually, this is an error indicating that starvation is occurring. in <function> at line number 393 at column number 16
    [junit]   in .WebServerBasic.TrainableTest2
    [junit] Because:
    [junit] Error: TrainableTest2: The input handler of this accessor was never invoked. Usually, this is an error indicating that starvation is occurring. in <function> at line number 393 at column number 16
    [junit] 
    [junit]   in .WebServerBasic.DE Director
    [junit] Because:
    [junit] Failure executing the wrapup function: Error: TrainableTest: The input handler of this accessor was never invoked. Usually, this is an error indicating that starvation is occurring. in <function> at line number 393 at column number 16
    [junit]   in .WebServerBasic.TrainableTest
    [junit] Because:
    [junit] Error: TrainableTest: The input handler of this accessor was never invoked. Usually, this is an error indicating that starvation is occurring. in <function> at line number 393 at column number 16
    [junit] 	at ptolemy.actor.Director.wrapup(Director.java:1736)
    [junit] 	at ptolemy.domains.de.kernel.DEDirector.wrapup(DEDirector.java:1526)
    [junit] 	at ptolemy.actor.CompositeActor.wrapup(CompositeActor.java:2735)
    [junit] 	at ptolemy.actor.Manager.wrapup(Manager.java:1512)
    [junit] 	at ptolemy.actor.Manager.execute(Manager.java:407)
    [junit] 	at ptolemy.actor.Manager.run(Manager.java:1263)
    [junit] 	at ptolemy.actor.Manager$PtolemyRunThread.run(Manager.java:1915)
    [junit] Caused by: ptolemy.kernel.util.IllegalActionException: Failure executing the wrapup function: Error: TrainableTest: The input handler of this accessor was never invoked. Usually, this is an error indicating that starvation is occurring. in <function> at line number 393 at column number 16
    [junit]   in .WebServerBasic.TrainableTest
    [junit] Because:
    [junit] Error: TrainableTest: The input handler of this accessor was never invoked. Usually, this is an error indicating that starvation is occurring. in <function> at line number 393 at column number 16
    [junit] 	at ptolemy.actor.lib.jjs.JavaScript._invokeMethodInContext(JavaScript.java:2216)
    [junit] 	at ptolemy.actor.lib.jjs.JavaScript.wrapup(JavaScript.java:2111)
    [junit] 	at ptolemy.actor.Director.wrapup(Director.java:1722)
    [junit] 	... 6 more
    [junit] Caused by: javax.script.ScriptException: Error: TrainableTest: The input handler of this accessor was never invoked. Usually, this is an error indicating that starvation is occurring. in <function> at line number 393 at column number 16
    [junit] 	at jdk.nashorn.api.scripting.NashornScriptEngine.throwAsScriptException(NashornScriptEngine.java:470)
    [junit] 	at jdk.nashorn.api.scripting.NashornScriptEngine.invokeImpl(NashornScriptEngine.java:392)
    [junit] 	at jdk.nashorn.api.scripting.NashornScriptEngine.invokeMethod(NashornScriptEngine.java:199)
    [junit] 	at ptolemy.actor.lib.jjs.JavaScript._invokeMethodInContext(JavaScript.java:2193)
    [junit] 	... 8 more
    [junit] Caused by: <function>:393:16 Error: TrainableTest: The input handler of this accessor was never invoked. Usually, this is an error indicating that starvation is occurring.
    [junit] 	at jdk.nashorn.internal.objects.NativeError.initException(NativeError.java:137)
    [junit] 	at jdk.nashorn.internal.objects.NativeError.<init>(NativeError.java:102)
    [junit] 	at jdk.nashorn.internal.objects.NativeError.<init>(NativeError.java:106)
    [junit] 	at jdk.nashorn.internal.objects.NativeError.<init>(NativeError.java:110)
    [junit] 	at jdk.nashorn.internal.objects.NativeError.constructor(NativeError.java:129)
    [junit] 	at jdk.nashorn.internal.scripts.Script$Recompilation$11048$18508$\^function\_.L:1#wrapup(<function>:393)
    [junit] 	at jdk.nashorn.internal.scripts.Script$Recompilation$11046$30328$require.L:1#Accessor#wrapup(/home/travis/build/icyphy/ptII/ptolemy/actor/lib/jjs/external/require.js#401:30<eval>:673)
    [junit] 	at jdk.nashorn.internal.runtime.ScriptFunctionData.invoke(ScriptFunctionData.java:637)
    [junit] 	at jdk.nashorn.internal.runtime.ScriptFunction.invoke(ScriptFunction.java:494)
    [junit] 	at jdk.nashorn.internal.runtime.ScriptRuntime.apply(ScriptRuntime.java:393)
    [junit] 	at jdk.nashorn.api.scripting.ScriptObjectMirror.callMember(ScriptObjectMirror.java:199)
    [junit] 	at jdk.nashorn.api.scripting.NashornScriptEngine.invokeImpl(NashornScriptEngine.java:386)
    [junit] 	... 10 more
    [junit] java.lang.RuntimeException: Execution failed
    [junit] 	at ptolemy.moml.MoMLSimpleApplication$UnloadThread.run(MoMLSimpleApplication.java:402)
    [junit] Caused by: ptolemy.kernel.util.IllegalActionException: Exceptions occurred during wrapup:
    [junit] ptolemy.kernel.util.IllegalActionException: Failure executing the wrapup function: Error: TrainableTest: The input handler of this accessor was never invoked. Usually, this is an error indicating that starvation is occurring. in <function> at line number 393 at column number 16
    [junit]   in .WebServerTimeout.TrainableTest
    [junit] Because:
    [junit] Error: TrainableTest: The input handler of this accessor was never invoked. Usually, this is an error indicating that starvation is occurring. in <function> at line number 393 at column number 16
    [junit] ptolemy.kernel.util.IllegalActionException: Failure executing the wrapup function: Error: TrainableTest2: The input handler of this accessor was never invoked. Usually, this is an error indicating that starvation is occurring. in <function> at line number 393 at column number 16
    [junit]   in .WebServerTimeout.TrainableTest2
    [junit] Because:
    [junit] Error: TrainableTest2: The input handler of this accessor was never invoked. Usually, this is an error indicating that starvation is occurring. in <function> at line number 393 at column number 16
    [junit] 
    [junit]   in .WebServerTimeout.DE Director
    [junit] Because:
    [junit] Failure executing the wrapup function: Error: TrainableTest: The input handler of this accessor was never invoked. Usually, this is an error indicating that starvation is occurring. in <function> at line number 393 at column number 16
    [junit]   in .WebServerTimeout.TrainableTest
    [junit] Because:
    [junit] Error: TrainableTest: The input handler of this accessor was never invoked. Usually, this is an error indicating that starvation is occurring. in <function> at line number 393 at column number 16
    [junit] 	at ptolemy.actor.Director.wrapup(Director.java:1736)
    [junit] 	at ptolemy.domains.de.kernel.DEDirector.wrapup(DEDirector.java:1526)
    [junit] 	at ptolemy.actor.CompositeActor.wrapup(CompositeActor.java:2735)
    [junit] 	at ptolemy.actor.Manager.wrapup(Manager.java:1512)
    [junit] 	at ptolemy.actor.Manager.execute(Manager.java:407)
    [junit] 	at ptolemy.actor.Manager.run(Manager.java:1263)
    [junit] 	at ptolemy.actor.Manager$PtolemyRunThread.run(Manager.java:1915)
    [junit] Caused by: ptolemy.kernel.util.IllegalActionException: Failure executing the wrapup function: Error: TrainableTest: The input handler of this accessor was never invoked. Usually, this is an error indicating that starvation is occurring. in <function> at line number 393 at column number 16
    [junit]   in .WebServerTimeout.TrainableTest
    [junit] Because:
    [junit] Error: TrainableTest: The input handler of this accessor was never invoked. Usually, this is an error indicating that starvation is occurring. in <function> at line number 393 at column number 16
    [junit] 	at ptolemy.actor.lib.jjs.JavaScript._invokeMethodInContext(JavaScript.java:2216)
    [junit] 	at ptolemy.actor.lib.jjs.JavaScript.wrapup(JavaScript.java:2111)
    [junit] 	at ptolemy.actor.Director.wrapup(Director.java:1722)
    [junit] 	... 6 more
    [junit] Caused by: javax.script.ScriptException: Error: TrainableTest: The input handler of this accessor was never invoked. Usually, this is an error indicating that starvation is occurring. in <function> at line number 393 at column number 16
    [junit] 	at jdk.nashorn.api.scripting.NashornScriptEngine.throwAsScriptException(NashornScriptEngine.java:470)
    [junit] 	at jdk.nashorn.api.scripting.NashornScriptEngine.invokeImpl(NashornScriptEngine.java:392)
    [junit] 	at jdk.nashorn.api.scripting.NashornScriptEngine.invokeMethod(NashornScriptEngine.java:199)
    [junit] 	at ptolemy.actor.lib.jjs.JavaScript._invokeMethodInContext(JavaScript.java:2193)
    [junit] 	... 8 more
    [junit] Caused by: <function>:393:16 Error: TrainableTest: The input handler of this accessor was never invoked. Usually, this is an error indicating that starvation is occurring.
    [junit] 	at jdk.nashorn.internal.objects.NativeError.initException(NativeError.java:137)
    [junit] 	at jdk.nashorn.internal.objects.NativeError.<init>(NativeError.java:102)
    [junit] 	at jdk.nashorn.internal.objects.NativeError.<init>(NativeError.java:106)
    [junit] 	at jdk.nashorn.internal.objects.NativeError.<init>(NativeError.java:110)
    [junit] 	at jdk.nashorn.internal.objects.NativeError.constructor(NativeError.java:129)
    [junit] 	at jdk.nashorn.internal.scripts.Script$Recompilation$13787$18508$\^function\_.L:1#wrapup(<function>:393)
    [junit] 	at jdk.nashorn.internal.scripts.Script$Recompilation$13785$30328$require.L:1#Accessor#wrapup(/home/travis/build/icyphy/ptII/ptolemy/actor/lib/jjs/external/require.js#401:30<eval>:673)
    [junit] 	at jdk.nashorn.internal.runtime.ScriptFunctionData.invoke(ScriptFunctionData.java:637)
    [junit] 	at jdk.nashorn.internal.runtime.ScriptFunction.invoke(ScriptFunction.java:494)
    [junit] 	at jdk.nashorn.internal.runtime.ScriptRuntime.apply(ScriptRuntime.java:393)
    [junit] 	at jdk.nashorn.api.scripting.ScriptObjectMirror.callMember(ScriptObjectMirror.java:199)
    [junit] 	at jdk.nashorn.api.scripting.NashornScriptEngine.invokeImpl(NashornScriptEngine.java:386)
    [junit] 	... 10 more
    [junit] 
    [junit] Test ptolemy.actor.lib.jjs.modules.httpServer.test.junit.JUnitTclTest FAILED
    [junit] javachdir: directory = ptolemy/actor/lib/jjs/modules/mapManager/test
    [junit] javachdir: pwd: /home/travis/build/icyphy/ptII/ptolemy/actor/lib/jjs/modules/mapManager/test  Invoking with -Djava.net.preferIPv4Stack=true
    [junit] Running ptolemy.actor.lib.jjs.modules.mapManager.test.junit.JUnitTclTest
    [junit] No tcl tests in /home/travis/build/icyphy/ptII/ptolemy/actor/lib/jjs/modules/mapManager/test
    [junit] No auto/knownFailedTests/*.xml tests in /home/travis/build/icyphy/ptII/ptolemy/actor/lib/jjs/modules/mapManager/test
    [junit] No auto/*.xml tests in /home/travis/build/icyphy/ptII/ptolemy/actor/lib/jjs/modules/mapManager/test
    [junit] AutoTests.java: About to close Vertx.
    [junit] AutoTests.java: Vertx closed.
    [junit] ----------------- testing Wed May 02 12:29:32 UTC 2018 /home/travis/build/icyphy/ptII/ptolemy/actor/lib/jjs/modules/mapManager/test/auto/createEntity.xml
    [junit] ----------------- Wed May 02 12:29:32 UTC 2018 About to sleep for 5.0 seconds before rerunning.  Test is: /home/travis/build/icyphy/ptII/ptolemy/actor/lib/jjs/modules/mapManager/test/auto/createEntity.xml
    [junit] 1997 ms. Memory: 200704K Free: 99446K (50%)
    [junit] reloadAllAccessors: .createEntity
    [junit] ----------------- testing Wed May 02 12:29:42 UTC 2018 /home/travis/build/icyphy/ptII/ptolemy/actor/lib/jjs/modules/mapManager/test/auto/createEntityAliases.xml
    [junit] ----------------- Wed May 02 12:29:42 UTC 2018 About to sleep for 5.0 seconds before rerunning.  Test is: /home/travis/build/icyphy/ptII/ptolemy/actor/lib/jjs/modules/mapManager/test/auto/createEntityAliases.xml
    [junit] 1335 ms. Memory: 270848K Free: 89256K (33%)
    [junit] reloadAllAccessors: .createEntityAliases
    [junit] ----------------- testing Wed May 02 12:29:50 UTC 2018 /home/travis/build/icyphy/ptII/ptolemy/actor/lib/jjs/modules/mapManager/test/auto/createMap.xml
    [junit] ----------------- Wed May 02 12:29:50 UTC 2018 About to sleep for 5.0 seconds before rerunning.  Test is: /home/travis/build/icyphy/ptII/ptolemy/actor/lib/jjs/modules/mapManager/test/auto/createMap.xml
    [junit] 1120 ms. Memory: 391168K Free: 292999K (75%)
    [junit] reloadAllAccessors: .createMap
    [junit] ----------------- testing Wed May 02 12:29:57 UTC 2018 /home/travis/build/icyphy/ptII/ptolemy/actor/lib/jjs/modules/mapManager/test/auto/entityOccupancy.xml
    [junit] ----------------- Wed May 02 12:29:57 UTC 2018 About to sleep for 5.0 seconds before rerunning.  Test is: /home/travis/build/icyphy/ptII/ptolemy/actor/lib/jjs/modules/mapManager/test/auto/entityOccupancy.xml
    [junit] 1231 ms. Memory: 391168K Free: 210464K (54%)
    [junit] reloadAllAccessors: .entityOccupancy
    [junit] ----------------- testing Wed May 02 12:30:03 UTC 2018 /home/travis/build/icyphy/ptII/ptolemy/actor/lib/jjs/modules/mapManager/test/auto/entityPlacement.xml
    [junit] ----------------- Wed May 02 12:30:03 UTC 2018 About to sleep for 5.0 seconds before rerunning.  Test is: /home/travis/build/icyphy/ptII/ptolemy/actor/lib/jjs/modules/mapManager/test/auto/entityPlacement.xml
    [junit] 1172 ms. Memory: 527872K Free: 268450K (51%)
    [junit] reloadAllAccessors: .entityPlacement
    [junit] AutoTests.java: About to close Vertx.
    [junit] AutoTests.java: Vertx closed.
    [junit] Tests run: 8, Failures: 0, Errors: 0, Skipped: 0, Time elapsed: 38.671 sec
    [junit] Output:
    [junit] No tcl tests in /home/travis/build/icyphy/ptII/ptolemy/actor/lib/jjs/modules/mapManager/test
    [junit] No auto/knownFailedTests/*.xml tests in /home/travis/build/icyphy/ptII/ptolemy/actor/lib/jjs/modules/mapManager/test
    [junit] No auto/*.xml tests in /home/travis/build/icyphy/ptII/ptolemy/actor/lib/jjs/modules/mapManager/test
    [junit] AutoTests.java: About to close Vertx.
    [junit] AutoTests.java: Vertx closed.
    [junit] ----------------- testing Wed May 02 12:29:32 UTC 2018 /home/travis/build/icyphy/ptII/ptolemy/actor/lib/jjs/modules/mapManager/test/auto/createEntity.xml
    [junit] ----------------- Wed May 02 12:29:32 UTC 2018 About to sleep for 5.0 seconds before rerunning.  Test is: /home/travis/build/icyphy/ptII/ptolemy/actor/lib/jjs/modules/mapManager/test/auto/createEntity.xml
    [junit] 1997 ms. Memory: 200704K Free: 99446K (50%)
    [junit] reloadAllAccessors: .createEntity
    [junit] ----------------- testing Wed May 02 12:29:42 UTC 2018 /home/travis/build/icyphy/ptII/ptolemy/actor/lib/jjs/modules/mapManager/test/auto/createEntityAliases.xml
    [junit] ----------------- Wed May 02 12:29:42 UTC 2018 About to sleep for 5.0 seconds before rerunning.  Test is: /home/travis/build/icyphy/ptII/ptolemy/actor/lib/jjs/modules/mapManager/test/auto/createEntityAliases.xml
    [junit] 1335 ms. Memory: 270848K Free: 89256K (33%)
    [junit] reloadAllAccessors: .createEntityAliases
    [junit] ----------------- testing Wed May 02 12:29:50 UTC 2018 /home/travis/build/icyphy/ptII/ptolemy/actor/lib/jjs/modules/mapManager/test/auto/createMap.xml
    [junit] ----------------- Wed May 02 12:29:50 UTC 2018 About to sleep for 5.0 seconds before rerunning.  Test is: /home/travis/build/icyphy/ptII/ptolemy/actor/lib/jjs/modules/mapManager/test/auto/createMap.xml
    [junit] 1120 ms. Memory: 391168K Free: 292999K (75%)
    [junit] reloadAllAccessors: .createMap
    [junit] ----------------- testing Wed May 02 12:29:57 UTC 2018 /home/travis/build/icyphy/ptII/ptolemy/actor/lib/jjs/modules/mapManager/test/auto/entityOccupancy.xml
    [junit] ----------------- Wed May 02 12:29:57 UTC 2018 About to sleep for 5.0 seconds before rerunning.  Test is: /home/travis/build/icyphy/ptII/ptolemy/actor/lib/jjs/modules/mapManager/test/auto/entityOccupancy.xml
    [junit] 1231 ms. Memory: 391168K Free: 210464K (54%)
    [junit] reloadAllAccessors: .entityOccupancy
    [junit] ----------------- testing Wed May 02 12:30:03 UTC 2018 /home/travis/build/icyphy/ptII/ptolemy/actor/lib/jjs/modules/mapManager/test/auto/entityPlacement.xml
    [junit] ----------------- Wed May 02 12:30:03 UTC 2018 About to sleep for 5.0 seconds before rerunning.  Test is: /home/travis/build/icyphy/ptII/ptolemy/actor/lib/jjs/modules/mapManager/test/auto/entityPlacement.xml
    [junit] 1172 ms. Memory: 527872K Free: 268450K (51%)
    [junit] reloadAllAccessors: .entityPlacement
    [junit] AutoTests.java: About to close Vertx.
    [junit] AutoTests.java: Vertx closed.
    [junit] 
    [junit] javachdir: directory = ptolemy/actor/lib/jjs/modules/mqtt/test
    [junit] javachdir: pwd: /home/travis/build/icyphy/ptII/ptolemy/actor/lib/jjs/modules/mqtt/test  Invoking with -Djava.net.preferIPv4Stack=true
    [junit] Running ptolemy.actor.lib.jjs.modules.mqtt.test.junit.JUnitTclTest
    [junit] No tcl tests in /home/travis/build/icyphy/ptII/ptolemy/actor/lib/jjs/modules/mqtt/test
    [junit] No auto/knownFailedTests/*.xml tests in /home/travis/build/icyphy/ptII/ptolemy/actor/lib/jjs/modules/mqtt/test
    [junit] No auto/*.xml tests in /home/travis/build/icyphy/ptII/ptolemy/actor/lib/jjs/modules/mqtt/test
    [junit] AutoTests.java: About to close Vertx.
    [junit] AutoTests.java: Vertx closed.
    [junit] ----------------- testing Wed May 02 12:30:11 UTC 2018 /home/travis/build/icyphy/ptII/ptolemy/actor/lib/jjs/modules/mqtt/test/auto/MQTTPubSub.xml
    [junit] ----------------- Wed May 02 12:30:11 UTC 2018 About to sleep for 5.0 seconds before rerunning.  Test is: /home/travis/build/icyphy/ptII/ptolemy/actor/lib/jjs/modules/mqtt/test/auto/MQTTPubSub.xml
    [junit] JSAccessor: PT_NO_NET environment variable is set, so git pull and ptdoc are not being run.
    [junit] 13221 ms. Memory: 302080K Free: 197275K (65%)
    [junit] reloadAllAccessors: .MQTTPubSub
    [junit] This is the first time that the reloadAllAccessors method has been invoked in this JVM, so the the accessors repo will be checked out or updated and JSDoc invoked. Note that running the tests may end up invoking a new JVM for each directory, so the repo may be checked out or updated and JSDoc invoked more than once when the tests are run.
    [junit] -------------- Reloaded accessors, but skipping rerun for nowWed May 02 12:30:35 UTC 2018 /home/travis/build/icyphy/ptII/ptolemy/actor/lib/jjs/modules/mqtt/test/auto/MQTTPubSub.xml
    [junit] AutoTests.java: About to close Vertx.
    [junit] AutoTests.java: Vertx closed.
    [junit] Tests run: 4, Failures: 0, Errors: 0, Skipped: 0, Time elapsed: 24.63 sec
    [junit] Output:
    [junit] No tcl tests in /home/travis/build/icyphy/ptII/ptolemy/actor/lib/jjs/modules/mqtt/test
    [junit] No auto/knownFailedTests/*.xml tests in /home/travis/build/icyphy/ptII/ptolemy/actor/lib/jjs/modules/mqtt/test
    [junit] No auto/*.xml tests in /home/travis/build/icyphy/ptII/ptolemy/actor/lib/jjs/modules/mqtt/test
    [junit] AutoTests.java: About to close Vertx.
    [junit] AutoTests.java: Vertx closed.
    [junit] ----------------- testing Wed May 02 12:30:11 UTC 2018 /home/travis/build/icyphy/ptII/ptolemy/actor/lib/jjs/modules/mqtt/test/auto/MQTTPubSub.xml
    [junit] ----------------- Wed May 02 12:30:11 UTC 2018 About to sleep for 5.0 seconds before rerunning.  Test is: /home/travis/build/icyphy/ptII/ptolemy/actor/lib/jjs/modules/mqtt/test/auto/MQTTPubSub.xml
    [junit] JSAccessor: PT_NO_NET environment variable is set, so git pull and ptdoc are not being run.
    [junit] 13221 ms. Memory: 302080K Free: 197275K (65%)
    [junit] reloadAllAccessors: .MQTTPubSub
    [junit] This is the first time that the reloadAllAccessors method has been invoked in this JVM, so the the accessors repo will be checked out or updated and JSDoc invoked. Note that running the tests may end up invoking a new JVM for each directory, so the repo may be checked out or updated and JSDoc invoked more than once when the tests are run.
    [junit] -------------- Reloaded accessors, but skipping rerun for nowWed May 02 12:30:35 UTC 2018 /home/travis/build/icyphy/ptII/ptolemy/actor/lib/jjs/modules/mqtt/test/auto/MQTTPubSub.xml
    [junit] AutoTests.java: About to close Vertx.
    [junit] AutoTests.java: Vertx closed.
    [junit] 
    [junit] javachdir: directory = ptolemy/actor/lib/jjs/modules/objectAssign/test
    [junit] javachdir: pwd: /home/travis/build/icyphy/ptII/ptolemy/actor/lib/jjs/modules/objectAssign/test  Invoking with -Djava.net.preferIPv4Stack=true
    [junit] Running ptolemy.actor.lib.jjs.modules.objectAssign.test.junit.JUnitTclTest
    [junit] No tcl tests in /home/travis/build/icyphy/ptII/ptolemy/actor/lib/jjs/modules/objectAssign/test
    [junit] No auto/knownFailedTests/*.xml tests in /home/travis/build/icyphy/ptII/ptolemy/actor/lib/jjs/modules/objectAssign/test
    [junit] No auto/*.xml tests in /home/travis/build/icyphy/ptII/ptolemy/actor/lib/jjs/modules/objectAssign/test
    [junit] AutoTests.java: About to close Vertx.
    [junit] AutoTests.java: Vertx closed.
    [junit] No auto/*.xml tests in /home/travis/build/icyphy/ptII/ptolemy/actor/lib/jjs/modules/objectAssign/test
    [junit] AutoTests.java: About to close Vertx.
    [junit] AutoTests.java: Vertx closed.
    [junit] Tests run: 4, Failures: 0, Errors: 0, Skipped: 0, Time elapsed: 0.337 sec
    [junit] Output:
    [junit] No tcl tests in /home/travis/build/icyphy/ptII/ptolemy/actor/lib/jjs/modules/objectAssign/test
    [junit] No auto/knownFailedTests/*.xml tests in /home/travis/build/icyphy/ptII/ptolemy/actor/lib/jjs/modules/objectAssign/test
    [junit] No auto/*.xml tests in /home/travis/build/icyphy/ptII/ptolemy/actor/lib/jjs/modules/objectAssign/test
    [junit] AutoTests.java: About to close Vertx.
    [junit] AutoTests.java: Vertx closed.
    [junit] No auto/*.xml tests in /home/travis/build/icyphy/ptII/ptolemy/actor/lib/jjs/modules/objectAssign/test
    [junit] AutoTests.java: About to close Vertx.
    [junit] AutoTests.java: Vertx closed.
    [junit] 
    [junit] javachdir: directory = ptolemy/actor/lib/jjs/modules/os/test
    [junit] javachdir: pwd: /home/travis/build/icyphy/ptII/ptolemy/actor/lib/jjs/modules/os/test  Invoking with -Djava.net.preferIPv4Stack=true
    [junit] Running ptolemy.actor.lib.jjs.modules.os.test.junit.JUnitTclTest
    [junit] No tcl tests in /home/travis/build/icyphy/ptII/ptolemy/actor/lib/jjs/modules/os/test
    [junit] No auto/knownFailedTests/*.xml tests in /home/travis/build/icyphy/ptII/ptolemy/actor/lib/jjs/modules/os/test
    [junit] No auto/*.xml tests in /home/travis/build/icyphy/ptII/ptolemy/actor/lib/jjs/modules/os/test
    [junit] AutoTests.java: About to close Vertx.
    [junit] AutoTests.java: Vertx closed.
    [junit] No auto/*.xml tests in /home/travis/build/icyphy/ptII/ptolemy/actor/lib/jjs/modules/os/test
    [junit] AutoTests.java: About to close Vertx.
    [junit] AutoTests.java: Vertx closed.
    [junit] Tests run: 4, Failures: 0, Errors: 0, Skipped: 0, Time elapsed: 0.459 sec
    [junit] Output:
    [junit] No tcl tests in /home/travis/build/icyphy/ptII/ptolemy/actor/lib/jjs/modules/os/test
    [junit] No auto/knownFailedTests/*.xml tests in /home/travis/build/icyphy/ptII/ptolemy/actor/lib/jjs/modules/os/test
    [junit] No auto/*.xml tests in /home/travis/build/icyphy/ptII/ptolemy/actor/lib/jjs/modules/os/test
    [junit] AutoTests.java: About to close Vertx.
    [junit] AutoTests.java: Vertx closed.
    [junit] No auto/*.xml tests in /home/travis/build/icyphy/ptII/ptolemy/actor/lib/jjs/modules/os/test
    [junit] AutoTests.java: About to close Vertx.
    [junit] AutoTests.java: Vertx closed.
    [junit] 
    [junit] Exception in thread "Thread-4" java.util.concurrent.RejectedExecutionException: Task io.vertx.core.impl.TaskQueue$$Lambda$9/624271064@75822cd7 rejected from java.util.concurrent.ThreadPoolExecutor@6254ddfa[Terminated, pool size = 0, active threads = 0, queued tasks = 0, completed tasks = 1]
    [junit] 	at java.util.concurrent.ThreadPoolExecutor$AbortPolicy.rejectedExecution(ThreadPoolExecutor.java:2063)
    [junit] 	at java.util.concurrent.ThreadPoolExecutor.reject(ThreadPoolExecutor.java:830)
    [junit] 	at java.util.concurrent.ThreadPoolExecutor.execute(ThreadPoolExecutor.java:1379)
    [junit] 	at io.vertx.core.impl.TaskQueue.execute(TaskQueue.java:93)
    [junit] 	at io.vertx.core.impl.ContextImpl.executeBlocking(ContextImpl.java:293)
    [junit] 	at io.vertx.core.impl.ContextImpl.executeBlocking(ContextImpl.java:237)
    [junit] 	at io.vertx.core.file.impl.FileSystemImpl$BlockingAction.run(FileSystemImpl.java:839)
    [junit] 	at io.vertx.core.file.impl.FileSystemImpl.deleteRecursive(FileSystemImpl.java:223)
    [junit] 	at io.vertx.core.impl.FileResolver.deleteCacheDir(FileResolver.java:310)
    [junit] 	at io.vertx.core.impl.FileResolver.lambda$setupCacheDir$1(FileResolver.java:299)
    [junit] 	at java.lang.Thread.run(Thread.java:748)
    [junit] javachdir: directory = ptolemy/actor/lib/jjs/modules/process/test
    [junit] javachdir: pwd: /home/travis/build/icyphy/ptII/ptolemy/actor/lib/jjs/modules/process/test  Invoking with -Djava.net.preferIPv4Stack=true
    [junit] Running ptolemy.actor.lib.jjs.modules.process.test.junit.JUnitTclTest
    [junit] No tcl tests in /home/travis/build/icyphy/ptII/ptolemy/actor/lib/jjs/modules/process/test
    [junit] No auto/knownFailedTests/*.xml tests in /home/travis/build/icyphy/ptII/ptolemy/actor/lib/jjs/modules/process/test
    [junit] No auto/*.xml tests in /home/travis/build/icyphy/ptII/ptolemy/actor/lib/jjs/modules/process/test
    [junit] AutoTests.java: About to close Vertx.
    [junit] AutoTests.java: Vertx closed.
    [junit] No auto/*.xml tests in /home/travis/build/icyphy/ptII/ptolemy/actor/lib/jjs/modules/process/test
    [junit] AutoTests.java: About to close Vertx.
    [junit] AutoTests.java: Vertx closed.
    [junit] Tests run: 4, Failures: 0, Errors: 0, Skipped: 0, Time elapsed: 0.462 sec
    [junit] Output:
    [junit] No tcl tests in /home/travis/build/icyphy/ptII/ptolemy/actor/lib/jjs/modules/process/test
    [junit] No auto/knownFailedTests/*.xml tests in /home/travis/build/icyphy/ptII/ptolemy/actor/lib/jjs/modules/process/test
    [junit] No auto/*.xml tests in /home/travis/build/icyphy/ptII/ptolemy/actor/lib/jjs/modules/process/test
    [junit] AutoTests.java: About to close Vertx.
    [junit] AutoTests.java: Vertx closed.
    [junit] No auto/*.xml tests in /home/travis/build/icyphy/ptII/ptolemy/actor/lib/jjs/modules/process/test
    [junit] AutoTests.java: About to close Vertx.
    [junit] AutoTests.java: Vertx closed.
    [junit] 

BUILD SUCCESSFUL
Total time: 23 minutes 59 seconds
