/home/travis/build/icyphy/ptII/bin/ant: Running /home/travis/build/icyphy/ptII/ant/bin/ant build test.core5.xml
Buildfile: /home/travis/build/icyphy/ptII/build.xml

build-message:
     [echo] Use ant -p to see other targets. JAVA_HOME=/usr/lib/jvm/java-8-oracle
     [echo] tools.jar is necessary for compilation of doc/doclets/.
     [echo] If compilation fails, try setting JAVA_HOME to the location of the JDK.
     [echo] For example:
     [echo]   [bldmastr@sisyphus ptII]$ which java
     [echo]   /usr/bin/java
     [echo]   [bldmastr@sisyphus ptII]$ ls -l /usr/bin/java
     [echo]   lrwxrwxrwx 1 root root 26 Jul 31 10:12 /usr/bin/java -> /usr/java/default/bin/java
     [echo]   [bldmastr@sisyphus ptII]$ export JAVA_HOME=/usr/java/default
     [echo]     

-build-subprojects-empty:

-check-maven-ant-task:

build-websensor:

build-subprojects:

-check-node:

-check-node-works:
     [exec] v7.10.1

-check-npm:

-check-npm-works:
     [exec] 4.2.0

-check-if-npmjs-org-is-up:
     [echo] Check to see if https://www.npmjs.org is up.

-jsdoc-no-network-message:

-check-jsdoc:

jsdoc-install:
    [mkdir] Created dir: /home/travis/build/icyphy/ptII/node_modules
     [exec] /home/travis/build/icyphy/ptII
     [exec] └─┬ @terraswarm/jsdoc@3.5.1-dev 
     [exec]   ├── bluebird@3.4.7 
     [exec]   ├─┬ catharsis@0.8.9 
     [exec]   │ └─┬ underscore-contrib@0.3.0 
     [exec]   │   └── underscore@1.6.0 
     [exec]   ├── escape-string-regexp@1.0.5 
     [exec]   ├─┬ espree@3.1.7 
     [exec]   │ ├── acorn@3.3.0 
     [exec]   │ └── acorn-jsx@3.0.1 
     [exec]   ├── js2xmlparser@1.0.0 
     [exec]   ├─┬ klaw@1.3.1 
     [exec]   │ └── graceful-fs@4.1.11 
     [exec]   ├── marked@0.3.19 
     [exec]   ├─┬ mkdirp@0.5.1 
     [exec]   │ └── minimist@0.0.8 
     [exec]   ├─┬ requizzle@0.2.1 
     [exec]   │ └── underscore@1.6.0 
     [exec]   ├── strip-json-comments@2.0.1 
     [exec]   ├── taffydb@2.6.2 
     [exec]   └── underscore@1.8.3 
     [exec] 
     [exec] npm WARN enoent ENOENT: no such file or directory, open '/home/travis/build/icyphy/ptII/package.json'
     [exec] npm WARN ptII No description
     [exec] npm WARN ptII No repository field.
     [exec] npm WARN ptII No README data
     [exec] npm WARN ptII No license field.

jsdoc-update:

-ptdoc-no-node:

-ptdoc-no-npm:

ptdoc:
     [echo] 
     [echo]       If the ptdoc target fails, then try running:
     [echo]           ant build-project build-bin
     [echo]     

-check-node:

-check-node-works:
     [exec] v7.10.1

-check-npm:

-check-npm-works:
     [exec] 4.2.0

-check-if-npmjs-org-is-up:
     [echo] Check to see if https://www.npmjs.org is up.

-jsdoc-no-network-message:

-check-jsdoc:
     [echo] To stop CapeCode from invoking jsdoc and svn, set the PT_NO_NET environment variable.  
     [echo]     Under BASH:
     [echo]         export PT_NO_NET=true
     [echo]     If ptdoc fails, and you are building from $PTII, try:
     [echo]         ant build-project build-bin
     [echo]     

jsdoc-install:
     [echo] npm.executable: npm
    [mkdir] Created dir: /home/travis/build/icyphy/ptII/org/terraswarm/accessor/accessors/node_modules
     [exec] /home/travis/build/icyphy/ptII/org/terraswarm/accessor/accessors
     [exec] └─┬ @terraswarm/jsdoc@3.5.1-dev 
     [exec]   ├── bluebird@3.4.7 
     [exec]   ├─┬ catharsis@0.8.9 
     [exec]   │ └─┬ underscore-contrib@0.3.0 
     [exec]   │   └── underscore@1.6.0 
     [exec]   ├── escape-string-regexp@1.0.5 
     [exec]   ├─┬ espree@3.1.7 
     [exec]   │ ├── acorn@3.3.0 
     [exec]   │ └── acorn-jsx@3.0.1 
     [exec]   ├── js2xmlparser@1.0.0 
     [exec]   ├─┬ klaw@1.3.1 
     [exec]   │ └── graceful-fs@4.1.11 
     [exec]   ├── marked@0.3.19 
     [exec]   ├─┬ mkdirp@0.5.1 
     [exec]   │ └── minimist@0.0.8 
     [exec]   ├─┬ requizzle@0.2.1 
     [exec]   │ └── underscore@1.6.0 
     [exec]   ├── strip-json-comments@2.0.1 
     [exec]   ├── taffydb@2.6.2 
     [exec]   └── underscore@1.8.3 
     [exec] 
     [exec] npm WARN enoent ENOENT: no such file or directory, open '/home/travis/build/icyphy/ptII/org/terraswarm/accessor/accessors/package.json'
     [exec] npm WARN accessors No description
     [exec] npm WARN accessors No repository field.
     [exec] npm WARN accessors No README data
     [exec] npm WARN accessors No license field.

jsdoc-update:

-ptdoc-no-node-message:

-ptdoc-no-npm-message:

-check-jsdoc-again:

-jsdoc-command-message:

ptdoc:
     [echo] Invoke /home/travis/build/icyphy/ptII/org/terraswarm/accessor/accessors/web/../node_modules/@terraswarm/jsdoc/jsdoc.js to read *.js files and generate *PtDoc.xml files suitable for Ptolemy.
     [echo]     See https://chess.eecs.berkeley.edu/ptexternal/wiki/Main/JSDocSystems
     [echo]     See jsdoc/jsdoc.json
     [echo]     See jsdoc/plugins/accessorJSDocTags.js
     [echo]     See jsdoc/templates/ptdoc/publish.js
     [echo] 
     [echo]     If the ptdoc target fails, the there is likely a problem with node or npm.  It is possible
     [echo]     to use CapeCode even if the ptdoc target fails.
     [echo]     
     [echo]     If you are building from $PTII, try:
     [echo]         ant build-project build-bin
     [echo] 
     [echo]     
     [exec] Generating output files...
     [exec] Finished running in 4.45 seconds.

build-project:
     [echo] ptII: /home/travis/build/icyphy/ptII/build.xml
    [javac] Compiling 4705 source files to /home/travis/build/icyphy/ptII
    [javac] /home/travis/build/icyphy/ptII/ptolemy/util/StringUtilities.java:48: warning: Unsafe is internal proprietary API and may be removed in a future release
    [javac] import sun.misc.Unsafe;
    [javac]                ^
    [javac] warning: Supported source version 'RELEASE_6' from annotation processor 'org.netbeans.modules.openide.util.NbBundleProcessor' less than -source '1.8'
    [javac] warning: Supported source version 'RELEASE_6' from annotation processor 'org.netbeans.modules.openide.util.URLStreamHandlerRegistrationProcessor' less than -source '1.8'
    [javac] warning: Supported source version 'RELEASE_6' from annotation processor 'org.netbeans.modules.openide.util.ServiceProviderProcessor' less than -source '1.8'
    [javac] /home/travis/build/icyphy/ptII/ptolemy/util/StringUtilities.java:48: warning: Unsafe is internal proprietary API and may be removed in a future release
    [javac] import sun.misc.Unsafe;
    [javac]                ^
    [javac] /home/travis/build/icyphy/ptII/ptolemy/util/StringUtilities.java:48: warning: Unsafe is internal proprietary API and may be removed in a future release
    [javac] import sun.misc.Unsafe;
    [javac]                ^
    [javac] /home/travis/build/icyphy/ptII/ptolemy/util/StringUtilities.java:118: warning: Unsafe is internal proprietary API and may be removed in a future release
    [javac]             Field theUnsafe = Unsafe.class.getDeclaredField("theUnsafe");
    [javac]                               ^
    [javac] /home/travis/build/icyphy/ptII/ptolemy/util/StringUtilities.java:120: warning: Unsafe is internal proprietary API and may be removed in a future release
    [javac]             Unsafe unsafe = (Unsafe) theUnsafe.get(null);
    [javac]             ^
    [javac] /home/travis/build/icyphy/ptII/ptolemy/util/StringUtilities.java:120: warning: Unsafe is internal proprietary API and may be removed in a future release
    [javac]             Unsafe unsafe = (Unsafe) theUnsafe.get(null);
    [javac]                              ^
    [javac] Note: Some input files use or override a deprecated API.
    [javac] Note: Recompile with -Xlint:deprecation for details.
    [javac] Note: Some input files use unchecked or unsafe operations.
    [javac] Note: Recompile with -Xlint:unchecked for details.
    [javac] 9 warnings

-check-ptII-mk-file:

-check-bin-vergil:

-check-make-bin-vergil:

build-bin-not:

build-not-bin-vergil:
     [echo] 
     [echo] 	$PTII/bin/vergil does not exist, perhaps (cd $PTII/bin; make) has not been run?
     [echo] 	This can happen if the make binary cannot be found in the path or if $PTII/mk/ptII.mk
     [echo] 	is not present.
     [echo] 	Skipping running make in $PTII/bin, which creates scripts like $PTII/bin/vergil.
     [echo] 	This is only an issue if you want to invoke "$PTII/bin/vergil" instead of "ant vergil".
     [echo] 	However, $PTII/bin does include other scripts that may be of use.
     [echo]       

build-bin:
     [exec] for file in .momllib-util .nc2moml-util .ncapp2moml-util capecode convertToLazy copernicus decompile emachine giottoc histogram homer jode mescal moml obfuscate ptcg ptcodegen ptexecute ptjacl ptjaclapp ptplot ptstartjini ptolemy ptweb pxgraph soot tinicomm tinic tiniconverter startjini.gui vergil; do \
     [exec] 		echo "$file"; \
     [exec] 		rm -f "$file"; \
     [exec] 		ln -s ptinvoke "$file"; \
     [exec] 		chmod a+x "$file"; \
     [exec] 	done
     [exec] .momllib-util
     [exec] .nc2moml-util
     [exec] .ncapp2moml-util
     [exec] capecode
     [exec] convertToLazy
     [exec] copernicus
     [exec] decompile
     [exec] emachine
     [exec] giottoc
     [exec] histogram
     [exec] homer
     [exec] jode
     [exec] mescal
     [exec] moml
     [exec] obfuscate
     [exec] ptcg
     [exec] ptcodegen
     [exec] ptexecute
     [exec] ptjacl
     [exec] ptjaclapp
     [exec] ptplot
     [exec] ptstartjini
     [exec] ptolemy
     [exec] ptweb
     [exec] pxgraph
     [exec] soot
     [exec] tinicomm
     [exec] tinic
     [exec] tiniconverter
     [exec] startjini.gui
     [exec] vergil
     [exec] rm -f makebat
     [exec] ln -s ptinvoke makebat
     [exec] rm -f ".momllib-util.bat"
     [exec] ./makebat -q "`basename .momllib-util.bat .bat`"
     [exec] rm -f ".nc2moml-util.bat"
     [exec] ./makebat -q "`basename .nc2moml-util.bat .bat`"
     [exec] rm -f ".ncapp2moml-util.bat"
     [exec] ./makebat -q "`basename .ncapp2moml-util.bat .bat`"
     [exec] rm -f "capecode.bat"
     [exec] ./makebat -q "`basename capecode.bat .bat`"
     [exec] rm -f "convertToLazy.bat"
     [exec] ./makebat -q "`basename convertToLazy.bat .bat`"
     [exec] rm -f "copernicus.bat"
     [exec] ./makebat -q "`basename copernicus.bat .bat`"
     [exec] rm -f "decompile.bat"
     [exec] ./makebat -q "`basename decompile.bat .bat`"
     [exec] rm -f "emachine.bat"
     [exec] ./makebat -q "`basename emachine.bat .bat`"
     [exec] rm -f "giottoc.bat"
     [exec] ./makebat -q "`basename giottoc.bat .bat`"
     [exec] rm -f "histogram.bat"
     [exec] ./makebat -q "`basename histogram.bat .bat`"
     [exec] rm -f "homer.bat"
     [exec] ./makebat -q "`basename homer.bat .bat`"
     [exec] rm -f "jode.bat"
     [exec] ./makebat -q "`basename jode.bat .bat`"
     [exec] rm -f "mescal.bat"
     [exec] ./makebat -q "`basename mescal.bat .bat`"
     [exec] LD_LIBRARY_PATH = /home/travis/build/icyphy/ptII/mescal/lib:/home/travis/build/icyphy/ptII/mescal/bin:/usr/local/lib:/home/travis/build/icyphy/ptII/lib:/home/travis/pthla/certi-tools/lib:/home/travis/pthla/certi-tools/lib:/usr/lib/jni:/usr/local/share/OpenCV/java/:/usr/share/OpenCV/java:
     [exec] rm -f "moml.bat"
     [exec] ./makebat -q "`basename moml.bat .bat`"
     [exec] rm -f "obfuscate.bat"
     [exec] ./makebat -q "`basename obfuscate.bat .bat`"
     [exec] rm -f "ptcg.bat"
     [exec] ./makebat -q "`basename ptcg.bat .bat`"
     [exec] rm -f "ptcodegen.bat"
     [exec] ./makebat -q "`basename ptcodegen.bat .bat`"
     [exec] rm -f "ptexecute.bat"
     [exec] ./makebat -q "`basename ptexecute.bat .bat`"
     [exec] rm -f "ptjacl.bat"
     [exec] ./makebat -q "`basename ptjacl.bat .bat`"
     [exec] rm -f "ptjaclapp.bat"
     [exec] ./makebat -q "`basename ptjaclapp.bat .bat`"
     [exec] rm -f "ptplot.bat"
     [exec] ./makebat -q "`basename ptplot.bat .bat`"
     [exec] rm -f "ptstartjini.bat"
     [exec] ./makebat -q "`basename ptstartjini.bat .bat`"
     [exec] rm -f "ptolemy.bat"
     [exec] ./makebat -q "`basename ptolemy.bat .bat`"
     [exec] rm -f "ptweb.bat"
     [exec] ./makebat -q "`basename ptweb.bat .bat`"
     [exec] rm -f "pxgraph.bat"
     [exec] ./makebat -q "`basename pxgraph.bat .bat`"
     [exec] rm -f "soot.bat"
     [exec] ./makebat -q "`basename soot.bat .bat`"
     [exec] rm -f "tinicomm.bat"
     [exec] ./makebat -q "`basename tinicomm.bat .bat`"
     [exec] rm -f "tinic.bat"
     [exec] ./makebat -q "`basename tinic.bat .bat`"
     [exec] rm -f "tiniconverter.bat"
     [exec] ./makebat -q "`basename tiniconverter.bat .bat`"
     [exec] Cloning into 'universalJavaApplicationStub'...
     [exec] rm -f "startjini.gui.bat"
     [exec] ./makebat -q "`basename startjini.gui.bat .bat`"
     [exec] rm -f "vergil.bat"
     [exec] ./makebat -q "`basename vergil.bat .bat`"
     [exec] rm -f makeapp
     [exec] ln -s ptinvoke makeapp
     [exec] chmod a+x ptinvoke makeapp
     [exec] ./makeapp CapeCode.app CAPECODE -capecode
     [exec] ./makeapp: /home/travis/build/icyphy/ptII/vendors/universalJavaApplicationStub/src/universalJavaApplicationStub does not exist, creating it from GitHub.
     [exec] Updating universalJavaApplicationStub from /home/travis/build/icyphy/ptII/vendors/universalJavaApplicationStub/src/universalJavaApplicationStub
     [exec] Untaring /home/travis/build/icyphy/ptII/vendors/installer/MacJVM.tar.gz in /home/travis/build/icyphy/ptII/ now: Wed May  2 01:13:46 UTC 2018
     [exec] tar: This does not look like a tar archive
     [exec] 
     [exec] gzip: stdin: unexpected end of file
     [exec] tar: Child returned status 1
     [exec] tar: Error is not recoverable: exiting now
     [exec] make: *** [CapeCode.app] Error 2
     [exec] Result: 2

build:

initReports:
    [mkdir] Created dir: /home/travis/build/icyphy/ptII/reports/doccheck
    [mkdir] Created dir: /home/travis/build/icyphy/ptII/reports/ojdcheck

test.core5.xml:
     [echo] 
     [echo]       ==test.core5.xml ==
     [echo]       This target runs the fifth batch of core tests
     [echo]       and generates JUnit xml output.
     [echo]       timeout = 4000000 milliseconds
     [echo]     
    [junit] javachdir: directory = ptolemy/configs/test
    [junit] javachdir: pwd: /home/travis/build/icyphy/ptII/ptolemy/configs/test  Invoking with -Djava.net.preferIPv4Stack=true
    [junit] Running ptolemy.configs.test.junit.JUnitTclTest
    [junit] /home/travis/build/icyphy/ptII/ptolemy/configs/test/allConfigs.tcl
    [junit] testDefs.tcl: setting time out to 9000 seconds at Wed May 02 01:13:47 UTC 2018
    [junit] 1525223628099 ms. Memory: 116224K Free: 94005K (81%)
    [junit]  Force everything to get expanded ptolemy/configs/bcvtb/configuration.xml
    [junit]     (Skipping certain optional packages, jxta and viptos)
    [junit] -------> Before clone
    [junit] -------> after clone
    [junit] 
    [junit] Warning: In 'ptolemy.actor.lib.io.FileReader'
    [junit]   The getName() method returns
    [junit]    'fileOrURL' but the  field is named
    [junit]    'fileOrURLPort'
    [junit]    This is technically a violation  of the coding standard,
    [junit]    but permissible because the name  ends in 'Port'
    [junit] -------> Before clone
    [junit] -------> after clone
    [junit] 1525223642432 ms. Memory: 749056K Free: 162852K (22%)
    [junit] Setting containers of atomic entities to null
    [junit] 1525223642879 ms. Memory: 766464K Free: 695664K (91%)
    [junit]  Force everything to get expanded ptolemy/configs/ptiny/configuration.xml
    [junit]     (Skipping certain optional packages, jxta and viptos)
    [junit] -------> Before clone
    [junit] -------> after clone
    [junit] 
    [junit] Warning: In 'ptolemy.actor.lib.io.FileReader'
    [junit]   The getName() method returns
    [junit]    'fileOrURL' but the  field is named
    [junit]    'fileOrURLPort'
    [junit]    This is technically a violation  of the coding standard,
    [junit]    but permissible because the name  ends in 'Port'
    [junit] -------> Before clone
    [junit] -------> after clone
    [junit] 1525223655826 ms. Memory: 1049600K Free: 441838K (42%)
    [junit] Setting containers of atomic entities to null
    [junit] 1525223656489 ms. Memory: 1054208K Free: 932360K (88%)
    [junit]  Force everything to get expanded ptolemy/configs/space/configuration.xml
    [junit]     (Skipping certain optional packages, jxta and viptos)
    [junit] -------> Before clone
    [junit] -------> after clone
    [junit] Warning: space/configuration.xml has no 'actor library.Directors'? (this is ok for dsp, viptos)
    [junit] -------> Before clone
    [junit] -------> after clone
    [junit] 1525223656721 ms. Memory: 1054208K Free: 865380K (82%)
    [junit] Setting containers of atomic entities to null
    [junit] 1525223657193 ms. Memory: 1104384K Free: 982744K (89%)
    [junit]  Force everything to get expanded ptolemy/configs/dsp/configuration.xml
    [junit]     (Skipping certain optional packages, jxta and viptos)
    [junit] -------> Before clone
    [junit] -------> after clone
    [junit] 
    [junit] Warning: In 'ptolemy.actor.lib.io.FileReader'
    [junit]   The getName() method returns
    [junit]    'fileOrURL' but the  field is named
    [junit]    'fileOrURLPort'
    [junit]    This is technically a violation  of the coding standard,
    [junit]    but permissible because the name  ends in 'Port'
    [junit] Warning: dsp/configuration.xml has no 'actor library.Directors'? (this is ok for dsp, viptos)
    [junit] -------> Before clone
    [junit] -------> after clone
    [junit] 1525223661422 ms. Memory: 1199616K Free: 898070K (75%)
    [junit] Setting containers of atomic entities to null
    [junit] 1525223661909 ms. Memory: 1165312K Free: 1020868K (88%)
    [junit] Skipping viptos/configuration.xml, PtinyOS is not typically installed.
    [junit]  Force everything to get expanded ptolemy/configs/pn/configuration.xml
    [junit]     (Skipping certain optional packages, jxta and viptos)
    [junit] -------> Before clone
    [junit] -------> after clone
    [junit] 
    [junit] Warning: In 'ptolemy.actor.lib.io.FileReader'
    [junit]   The getName() method returns
    [junit]    'fileOrURL' but the  field is named
    [junit]    'fileOrURLPort'
    [junit]    This is technically a violation  of the coding standard,
    [junit]    but permissible because the name  ends in 'Port'
    [junit] Warning: pn/configuration.xml has no 'actor library.Directors'? (this is ok for dsp, viptos)
    [junit] -------> Before clone
    [junit] -------> after clone
    [junit] 1525223668995 ms. Memory: 1325056K Free: 638830K (48%)
    [junit] Setting containers of atomic entities to null
    [junit] 1525223669641 ms. Memory: 1334784K Free: 1165652K (87%)
    [junit]  Force everything to get expanded ptolemy/configs/ptdb/configuration.xml
    [junit]     (Skipping certain optional packages, jxta and viptos)
    [junit] -------> Before clone
    [junit] -------> after clone
    [junit] 
    [junit] Warning: In 'ptolemy.actor.lib.io.FileReader'
    [junit]   The getName() method returns
    [junit]    'fileOrURL' but the  field is named
    [junit]    'fileOrURLPort'
    [junit]    This is technically a violation  of the coding standard,
    [junit]    but permissible because the name  ends in 'Port'
    [junit] Skipping drop test of tm.kernel.SchedulePlotter because it must be dropped into a container that has a TMDirector
    [junit] -------> Before clone
    [junit] -------> after clone
    [junit] 1525223684679 ms. Memory: 1565696K Free: 1212124K (77%)
    [junit] Setting containers of atomic entities to null
    [junit] 1525223685993 ms. Memory: 1577984K Free: 1322957K (84%)
    [junit]  Force everything to get expanded ptolemy/configs/cyphysim/configuration.xml
    [junit]     (Skipping certain optional packages, jxta and viptos)
    [junit] -------> Before clone
    [junit] -------> after clone
    [junit] 
    [junit] Warning: In 'ptolemy.actor.lib.io.FileReader'
    [junit]   The getName() method returns
    [junit]    'fileOrURL' but the  field is named
    [junit]    'fileOrURLPort'
    [junit]    This is technically a violation  of the coding standard,
    [junit]    but permissible because the name  ends in 'Port'
    [junit] Skipping StateSpaceModel as this test iterates through the attributes and calls attributeChanged, which triggers a ConcurrentModificationException.  See org/ptolemy/ssm/test/SSMTest.java
    [junit] Skipping StateSpaceModel as this test iterates through the attributes and calls attributeChanged, which triggers a ConcurrentModificationException.  See org/ptolemy/ssm/test/SSMTest.java
    [junit] Skipping StateSpaceModel as this test iterates through the attributes and calls attributeChanged, which triggers a ConcurrentModificationException.  See org/ptolemy/ssm/test/SSMTest.java
    [junit] Warning: cyphysim/configuration.xml has no 'actor library.Directors'? (this is ok for dsp, viptos)
    [junit] -------> Before clone
    [junit] -------> after clone
    [junit] 1525223698835 ms. Memory: 1671680K Free: 862712K (52%)
    [junit] Setting containers of atomic entities to null
    [junit] 1525223700561 ms. Memory: 1763840K Free: 1437923K (82%)
    [junit]  Force everything to get expanded ptolemy/configs/capecode/configuration.xml
    [junit]     (Skipping certain optional packages, jxta and viptos)
    [junit] JSAccessor: PT_NO_NET environment variable is set, so git pull and ptdoc are not being run.
    [junit] Retrieving library from file:/home/travis/build/icyphy/ptII/org/terraswarm/accessor/accessors/web/index.json
    [junit] Retrieving library from file:/home/travis/build/icyphy/ptII/org/terraswarm/accessor/accessors/web/audio/index.json
    [junit] Xlib:  extension "RANDR" missing on display ":99.0".
    [junit] Retrieving library from file:/home/travis/build/icyphy/ptII/org/terraswarm/accessor/accessors/web/cameras/index.json
    [junit] [main] INFO com.github.sarxos.webcam.Webcam - WebcamDefaultDriver capture driver will be used
    [junit] No physical cameras found, using WebcamDummyDriver.
    [junit] Retrieving library from file:/home/travis/build/icyphy/ptII/org/terraswarm/accessor/accessors/web/devices/index.json
    [junit] Retrieving library from file:/home/travis/build/icyphy/ptII/org/terraswarm/accessor/accessors/web/image/index.json
    [junit] CharacterRecognition: The tesseract module was not present.  The CharacterRecognition accessor is not supported on this accessor host. (Thread[main,5,main])
    [junit] CharacterRecognition: The tesseract module was not present.  The CharacterRecognition accessor is not supported on this accessor host. (Thread[main,5,main])
    [junit] libdc1394 error: Failed to initialize libdc1394
    [junit] Retrieving library from file:/home/travis/build/icyphy/ptII/org/terraswarm/accessor/accessors/web/net/index.json
    [junit] Retrieving library from file:/home/travis/build/icyphy/ptII/org/terraswarm/accessor/accessors/web/robotics/index.json
    [junit] Retrieving library from file:/home/travis/build/icyphy/ptII/org/terraswarm/accessor/accessors/web/geodesy/index.json
    [junit] Retrieving library from file:/home/travis/build/icyphy/ptII/org/terraswarm/accessor/accessors/web/services/index.json
    [junit] Heartbeat: Heartbeat: Could not get $KEYSTORE/heartbeatKey:  ptolemy.kernel.util.IllegalActionException: Failed to read URI: /home/travis/.ptKeystore/heartbeatKey
    [junit]   in .configuration.actor library.Accessors.services.Heartbeat
    [junit] Because:
    [junit] Cannot read file '/home/travis/.ptKeystore/heartbeatKey' or '/home/travis/.ptKeystore/heartbeatKey'
    [junit] The key is not public, so this accessor is only useful If you have the key.  See https://www.icyphy.org/accessors/library/index.html?accessor=services.Heartbeat (Thread[main,5,main])
    [junit] Heartbeat: Heartbeat: Could not get $KEYSTORE/heartbeatKey:  ptolemy.kernel.util.IllegalActionException: Failed to read URI: /home/travis/.ptKeystore/heartbeatKey
    [junit]   in .configuration.actor library.Accessors.services.Heartbeat
    [junit] Because:
    [junit] Cannot read file '/home/travis/.ptKeystore/heartbeatKey' or '/home/travis/.ptKeystore/heartbeatKey'
    [junit] The key is not public, so this accessor is only useful If you have the key.  See https://www.icyphy.org/accessors/library/index.html?accessor=services.Heartbeat (Thread[main,5,main])
    [junit] Retrieving library from file:/home/travis/build/icyphy/ptII/org/terraswarm/accessor/accessors/web/signals/index.json
    [junit] Retrieving library from file:/home/travis/build/icyphy/ptII/org/terraswarm/accessor/accessors/web/test/index.json
    [junit] Retrieving library from file:/home/travis/build/icyphy/ptII/org/terraswarm/accessor/accessors/web/utilities/index.json
    [junit] The Mutable accessor original file has no documentation, so we are not running jsdoc on https://accessors.org/utilities/Mutable.js
    [junit] -------> Before clone
    [junit] -------> after clone
    [junit] 
    [junit] Warning: In 'ptolemy.actor.lib.io.FileReader'
    [junit]   The getName() method returns
    [junit]    'fileOrURL' but the  field is named
    [junit]    'fileOrURLPort'
    [junit]    This is technically a violation  of the coding standard,
    [junit]    but permissible because the name  ends in 'Port'
    [junit] Skipping StateSpaceModel as this test iterates through the attributes and calls attributeChanged, which triggers a ConcurrentModificationException.  See org/ptolemy/ssm/test/SSMTest.java
    [junit] Skipping StateSpaceModel as this test iterates through the attributes and calls attributeChanged, which triggers a ConcurrentModificationException.  See org/ptolemy/ssm/test/SSMTest.java
    [junit] Skipping StateSpaceModel as this test iterates through the attributes and calls attributeChanged, which triggers a ConcurrentModificationException.  See org/ptolemy/ssm/test/SSMTest.java
    [junit] Warning: capecode/configuration.xml has no 'actor library.Directors'? (this is ok for dsp, viptos)
    [junit] -------> Before clone
    [junit] -------> after clone
    [junit] 1525223805207 ms. Memory: 2248192K Free: 1291660K (57%)
    [junit] Setting containers of atomic entities to null
    [junit] 1525223808719 ms. Memory: 2236928K Free: 1527357K (68%)
    [junit]  Force everything to get expanded ptolemy/configs/full/configuration.xml
    [junit]     (Skipping certain optional packages, jxta and viptos)
    [junit] Retrieving library from file:/home/travis/build/icyphy/ptII/org/terraswarm/accessor/accessors/web/index.json
    [junit] Retrieving library from file:/home/travis/build/icyphy/ptII/org/terraswarm/accessor/accessors/web/audio/index.json
    [junit] Retrieving library from file:/home/travis/build/icyphy/ptII/org/terraswarm/accessor/accessors/web/cameras/index.json
    [junit] Retrieving library from file:/home/travis/build/icyphy/ptII/org/terraswarm/accessor/accessors/web/devices/index.json
    [junit] Retrieving library from file:/home/travis/build/icyphy/ptII/org/terraswarm/accessor/accessors/web/image/index.json
    [junit] CharacterRecognition: The tesseract module was not present.  The CharacterRecognition accessor is not supported on this accessor host. (Thread[main,5,main])
    [junit] CharacterRecognition: The tesseract module was not present.  The CharacterRecognition accessor is not supported on this accessor host. (Thread[main,5,main])
    [junit] Retrieving library from file:/home/travis/build/icyphy/ptII/org/terraswarm/accessor/accessors/web/net/index.json
    [junit] Retrieving library from file:/home/travis/build/icyphy/ptII/org/terraswarm/accessor/accessors/web/robotics/index.json
    [junit] Retrieving library from file:/home/travis/build/icyphy/ptII/org/terraswarm/accessor/accessors/web/geodesy/index.json
    [junit] Retrieving library from file:/home/travis/build/icyphy/ptII/org/terraswarm/accessor/accessors/web/services/index.json
    [junit] Heartbeat: Heartbeat: Could not get $KEYSTORE/heartbeatKey:  ptolemy.kernel.util.IllegalActionException: Failed to read URI: /home/travis/.ptKeystore/heartbeatKey
    [junit]   in .configuration.actor library.MoreLibraries.Accessors.services.Heartbeat
    [junit] Because:
    [junit] Cannot read file '/home/travis/.ptKeystore/heartbeatKey' or '/home/travis/.ptKeystore/heartbeatKey'
    [junit] The key is not public, so this accessor is only useful If you have the key.  See https://www.icyphy.org/accessors/library/index.html?accessor=services.Heartbeat (Thread[main,5,main])
    [junit] Heartbeat: Heartbeat: Could not get $KEYSTORE/heartbeatKey:  ptolemy.kernel.util.IllegalActionException: Failed to read URI: /home/travis/.ptKeystore/heartbeatKey
    [junit]   in .configuration.actor library.MoreLibraries.Accessors.services.Heartbeat
    [junit] Because:
    [junit] Cannot read file '/home/travis/.ptKeystore/heartbeatKey' or '/home/travis/.ptKeystore/heartbeatKey'
    [junit] The key is not public, so this accessor is only useful If you have the key.  See https://www.icyphy.org/accessors/library/index.html?accessor=services.Heartbeat (Thread[main,5,main])
    [junit] Retrieving library from file:/home/travis/build/icyphy/ptII/org/terraswarm/accessor/accessors/web/signals/index.json
    [junit] Retrieving library from file:/home/travis/build/icyphy/ptII/org/terraswarm/accessor/accessors/web/test/index.json
    [junit] Retrieving library from file:/home/travis/build/icyphy/ptII/org/terraswarm/accessor/accessors/web/utilities/index.json
    [junit] The Mutable accessor original file has no documentation, so we are not running jsdoc on https://accessors.org/utilities/Mutable.js
    [junit] -------> Before clone
    [junit] -------> after clone
    [junit] 
    [junit] Warning: In 'ptolemy.actor.lib.io.FileReader'
    [junit]   The getName() method returns
    [junit]    'fileOrURL' but the  field is named
    [junit]    'fileOrURLPort'
    [junit]    This is technically a violation  of the coding standard,
    [junit]    but permissible because the name  ends in 'Port'
    [junit] Skipping StateSpaceModel as this test iterates through the attributes and calls attributeChanged, which triggers a ConcurrentModificationException.  See org/ptolemy/ssm/test/SSMTest.java
    [junit] Skipping StateSpaceModel as this test iterates through the attributes and calls attributeChanged, which triggers a ConcurrentModificationException.  See org/ptolemy/ssm/test/SSMTest.java
    [junit] Skipping StateSpaceModel as this test iterates through the attributes and calls attributeChanged, which triggers a ConcurrentModificationException.  See org/ptolemy/ssm/test/SSMTest.java
    [junit] Skipping drop test of tm.kernel.SchedulePlotter because it must be dropped into a container that has a TMDirector
    [junit] -------> Before clone
    [junit] -------> after clone
    [junit] 1525223896555 ms. Memory: 2739712K Free: 1031571K (38%)
    [junit] Setting containers of atomic entities to null
    [junit] 1525223900819 ms. Memory: 2735104K Free: 1594722K (58%)
    [junit]  Force everything to get expanded ptolemy/configs/ptinyViewer/configuration.xml
    [junit]     (Skipping certain optional packages, jxta and viptos)
    [junit] -------> Before clone
    [junit] -------> after clone
    [junit] Warning: ptinyViewer/configuration.xml has no 'actor library'?  (this is ok for ptinyViewer)
    [junit] -------> Before clone
    [junit] -------> after clone
    [junit] 1525223900842 ms. Memory: 2735104K Free: 1588865K (58%)
    [junit] Setting containers of atomic entities to null
    [junit] 1525223903017 ms. Memory: 2752000K Free: 1622754K (59%)
    [junit]  Force everything to get expanded ptolemy/configs/ptserver/configuration.xml
    [junit]     (Skipping certain optional packages, jxta and viptos)
    [junit] -------> Before clone
    [junit] -------> after clone
    [junit] 
    [junit] Warning: In 'ptolemy.actor.lib.io.FileReader'
    [junit]   The getName() method returns
    [junit]    'fileOrURL' but the  field is named
    [junit]    'fileOrURLPort'
    [junit]    This is technically a violation  of the coding standard,
    [junit]    but permissible because the name  ends in 'Port'
    [junit] -------> Before clone
    [junit] -------> after clone
    [junit] 1525223909796 ms. Memory: 2752512K Free: 1428865K (52%)
    [junit] Setting containers of atomic entities to null
    [junit] 1525223912950 ms. Memory: 2745856K Free: 1568491K (57%)
    [junit]  Force everything to get expanded ptolemy/configs/visualsense/configuration.xml
    [junit]     (Skipping certain optional packages, jxta and viptos)
    [junit] -------> Before clone
    [junit] -------> after clone
    [junit] 
    [junit] Warning: In 'ptolemy.actor.lib.io.FileReader'
    [junit]   The getName() method returns
    [junit]    'fileOrURL' but the  field is named
    [junit]    'fileOrURLPort'
    [junit]    This is technically a violation  of the coding standard,
    [junit]    but permissible because the name  ends in 'Port'
    [junit] -------> Before clone
    [junit] -------> after clone
    [junit] 1525223920549 ms. Memory: 2782720K Free: 1161282K (42%)
    [junit] Setting containers of atomic entities to null
    [junit] 1525223923941 ms. Memory: 2458112K Free: 1242934K (51%)
    [junit] Skipping jxta/configuration.xml, running vergil -jxta brings up a window
    [junit]  Force everything to get expanded ptolemy/configs/fullViewer/configuration.xml
    [junit]     (Skipping certain optional packages, jxta and viptos)
    [junit] -------> Before clone
    [junit] -------> after clone
    [junit] Warning: fullViewer/configuration.xml has no 'actor library'?  (this is ok for ptinyViewer)
    [junit] -------> Before clone
    [junit] -------> after clone
    [junit] 1525223924013 ms. Memory: 2458112K Free: 1202150K (49%)
    [junit] Setting containers of atomic entities to null
    [junit] 1525223927694 ms. Memory: 2752000K Free: 1527961K (56%)
    [junit]  Force everything to get expanded ptolemy/configs/hyvisual/configuration.xml
    [junit]     (Skipping certain optional packages, jxta and viptos)
    [junit] -------> Before clone
    [junit] -------> after clone
    [junit] -------> Before clone
    [junit] -------> after clone
    [junit] 1525223930982 ms. Memory: 2764288K Free: 852233K (31%)
    [junit] Setting containers of atomic entities to null
    [junit] 1525223934328 ms. Memory: 2764288K Free: 1521350K (55%)
    [junit]  Force everything to get expanded ptolemy/configs/ptinyKepler/configuration.xml
    [junit]     (Skipping certain optional packages, jxta and viptos)
    [junit] -------> Before clone
    [junit] -------> after clone
    [junit] 
    [junit] Warning: In 'ptolemy.actor.lib.io.FileReader'
    [junit]   The getName() method returns
    [junit]    'fileOrURL' but the  field is named
    [junit]    'fileOrURLPort'
    [junit]    This is technically a violation  of the coding standard,
    [junit]    but permissible because the name  ends in 'Port'
    [junit] -------> Before clone
    [junit] -------> after clone
    [junit] 1525223941021 ms. Memory: 2790912K Free: 861763K (31%)
    [junit] Setting containers of atomic entities to null
    [junit] 1525223944530 ms. Memory: 2785792K Free: 1498977K (54%)
    [junit] allConfigs.tcl done!
    [junit] /home/travis/build/icyphy/ptII/ptolemy/configs/test/allDemos.tcl
    [junit] Skipping allDemos-1.0, use cd /home/travis/build/icyphy/ptII/ptolemy/configs/test/../../..; ant test.single -Dtest.name=ptolemy.vergil.basic.export.test.junit.ExportModelJUnitTest
    [junit] /home/travis/build/icyphy/ptII/ptolemy/configs/test/checkCapeCodeConstraints.tcl
    [junit]  Force everything to get expanded ptolemy/configs/configurationFile
    [junit]     (Skipping certain optional packages, jxta and viptos)
    [junit] Retrieving library from file:/home/travis/build/icyphy/ptII/org/terraswarm/accessor/accessors/web/index.json
    [junit] Retrieving library from file:/home/travis/build/icyphy/ptII/org/terraswarm/accessor/accessors/web/audio/index.json
    [junit] Retrieving library from file:/home/travis/build/icyphy/ptII/org/terraswarm/accessor/accessors/web/cameras/index.json
    [junit] Retrieving library from file:/home/travis/build/icyphy/ptII/org/terraswarm/accessor/accessors/web/devices/index.json
    [junit] Retrieving library from file:/home/travis/build/icyphy/ptII/org/terraswarm/accessor/accessors/web/image/index.json
    [junit] CharacterRecognition: The tesseract module was not present.  The CharacterRecognition accessor is not supported on this accessor host. (Thread[main,5,main])
    [junit] CharacterRecognition: The tesseract module was not present.  The CharacterRecognition accessor is not supported on this accessor host. (Thread[main,5,main])
    [junit] Retrieving library from file:/home/travis/build/icyphy/ptII/org/terraswarm/accessor/accessors/web/net/index.json
    [junit] Retrieving library from file:/home/travis/build/icyphy/ptII/org/terraswarm/accessor/accessors/web/robotics/index.json
    [junit] Retrieving library from file:/home/travis/build/icyphy/ptII/org/terraswarm/accessor/accessors/web/geodesy/index.json
    [junit] Retrieving library from file:/home/travis/build/icyphy/ptII/org/terraswarm/accessor/accessors/web/services/index.json
    [junit] Heartbeat: Heartbeat: Could not get $KEYSTORE/heartbeatKey:  ptolemy.kernel.util.IllegalActionException: Failed to read URI: /home/travis/.ptKeystore/heartbeatKey
    [junit]   in .actor library.Accessors.services.Heartbeat
    [junit] Because:
    [junit] Cannot read file '/home/travis/.ptKeystore/heartbeatKey' or '/home/travis/.ptKeystore/heartbeatKey'
    [junit] The key is not public, so this accessor is only useful If you have the key.  See https://www.icyphy.org/accessors/library/index.html?accessor=services.Heartbeat (Thread[main,5,main])
    [junit] Heartbeat: Heartbeat: Could not get $KEYSTORE/heartbeatKey:  ptolemy.kernel.util.IllegalActionException: Failed to read URI: /home/travis/.ptKeystore/heartbeatKey
    [junit]   in .actor library.Accessors.services.Heartbeat
    [junit] Because:
    [junit] Cannot read file '/home/travis/.ptKeystore/heartbeatKey' or '/home/travis/.ptKeystore/heartbeatKey'
    [junit] The key is not public, so this accessor is only useful If you have the key.  See https://www.icyphy.org/accessors/library/index.html?accessor=services.Heartbeat (Thread[main,5,main])
    [junit] Retrieving library from file:/home/travis/build/icyphy/ptII/org/terraswarm/accessor/accessors/web/signals/index.json
    [junit] Retrieving library from file:/home/travis/build/icyphy/ptII/org/terraswarm/accessor/accessors/web/test/index.json
    [junit] Retrieving library from file:/home/travis/build/icyphy/ptII/org/terraswarm/accessor/accessors/web/utilities/index.json
    [junit] The Mutable accessor original file has no documentation, so we are not running jsdoc on https://accessors.org/utilities/Mutable.js
    [junit] Retrieving library from file:/home/travis/build/icyphy/ptII/org/terraswarm/accessor/accessors/web/index.json
    [junit] Retrieving library from file:/home/travis/build/icyphy/ptII/org/terraswarm/accessor/accessors/web/index.json
    [junit] Retrieving library from file:/home/travis/build/icyphy/ptII/org/terraswarm/accessor/accessors/web/audio/index.json
    [junit] Retrieving library from file:/home/travis/build/icyphy/ptII/org/terraswarm/accessor/accessors/web/cameras/index.json
    [junit] Retrieving library from file:/home/travis/build/icyphy/ptII/org/terraswarm/accessor/accessors/web/devices/index.json
    [junit] Retrieving library from file:/home/travis/build/icyphy/ptII/org/terraswarm/accessor/accessors/web/image/index.json
    [junit] CharacterRecognition: The tesseract module was not present.  The CharacterRecognition accessor is not supported on this accessor host. (Thread[main,5,main])
    [junit] CharacterRecognition: The tesseract module was not present.  The CharacterRecognition accessor is not supported on this accessor host. (Thread[main,5,main])
    [junit] Retrieving library from file:/home/travis/build/icyphy/ptII/org/terraswarm/accessor/accessors/web/net/index.json
    [junit] Retrieving library from file:/home/travis/build/icyphy/ptII/org/terraswarm/accessor/accessors/web/robotics/index.json
    [junit] Retrieving library from file:/home/travis/build/icyphy/ptII/org/terraswarm/accessor/accessors/web/geodesy/index.json
    [junit] Retrieving library from file:/home/travis/build/icyphy/ptII/org/terraswarm/accessor/accessors/web/services/index.json
    [junit] Heartbeat: Heartbeat: Could not get $KEYSTORE/heartbeatKey:  ptolemy.kernel.util.IllegalActionException: Failed to read URI: /home/travis/.ptKeystore/heartbeatKey
    [junit]   in .Accessors.services.Heartbeat
    [junit] Because:
    [junit] Cannot read file '/home/travis/.ptKeystore/heartbeatKey' or '/home/travis/.ptKeystore/heartbeatKey'
    [junit] The key is not public, so this accessor is only useful If you have the key.  See https://www.icyphy.org/accessors/library/index.html?accessor=services.Heartbeat (Thread[main,5,main])
    [junit] Heartbeat: Heartbeat: Could not get $KEYSTORE/heartbeatKey:  ptolemy.kernel.util.IllegalActionException: Failed to read URI: /home/travis/.ptKeystore/heartbeatKey
    [junit]   in .Accessors.services.Heartbeat
    [junit] Because:
    [junit] Cannot read file '/home/travis/.ptKeystore/heartbeatKey' or '/home/travis/.ptKeystore/heartbeatKey'
    [junit] The key is not public, so this accessor is only useful If you have the key.  See https://www.icyphy.org/accessors/library/index.html?accessor=services.Heartbeat (Thread[main,5,main])
    [junit] Retrieving library from file:/home/travis/build/icyphy/ptII/org/terraswarm/accessor/accessors/web/signals/index.json
    [junit] Retrieving library from file:/home/travis/build/icyphy/ptII/org/terraswarm/accessor/accessors/web/test/index.json
    [junit] Retrieving library from file:/home/travis/build/icyphy/ptII/org/terraswarm/accessor/accessors/web/utilities/index.json
    [junit] The Mutable accessor original file has no documentation, so we are not running jsdoc on https://accessors.org/utilities/Mutable.js
    [junit] Retrieving library from file:/home/travis/build/icyphy/ptII/org/terraswarm/accessor/accessors/web/audio/index.json
    [junit] Retrieving library from file:/home/travis/build/icyphy/ptII/org/terraswarm/accessor/accessors/web/cameras/index.json
    [junit] Retrieving library from file:/home/travis/build/icyphy/ptII/org/terraswarm/accessor/accessors/web/devices/index.json
    [junit] Retrieving library from file:/home/travis/build/icyphy/ptII/org/terraswarm/accessor/accessors/web/image/index.json
    [junit] CharacterRecognition: The tesseract module was not present.  The CharacterRecognition accessor is not supported on this accessor host. (Thread[main,5,main])
    [junit] CharacterRecognition: The tesseract module was not present.  The CharacterRecognition accessor is not supported on this accessor host. (Thread[main,5,main])
    [junit] Retrieving library from file:/home/travis/build/icyphy/ptII/org/terraswarm/accessor/accessors/web/net/index.json
    [junit] Retrieving library from file:/home/travis/build/icyphy/ptII/org/terraswarm/accessor/accessors/web/robotics/index.json
    [junit] Retrieving library from file:/home/travis/build/icyphy/ptII/org/terraswarm/accessor/accessors/web/geodesy/index.json
    [junit] Retrieving library from file:/home/travis/build/icyphy/ptII/org/terraswarm/accessor/accessors/web/services/index.json
    [junit] Heartbeat: Heartbeat: Could not get $KEYSTORE/heartbeatKey:  ptolemy.kernel.util.IllegalActionException: Failed to read URI: /home/travis/.ptKeystore/heartbeatKey
    [junit]   in .configuration.actor library.Accessors.services.Heartbeat
    [junit] Because:
    [junit] Cannot read file '/home/travis/.ptKeystore/heartbeatKey' or '/home/travis/.ptKeystore/heartbeatKey'
    [junit] The key is not public, so this accessor is only useful If you have the key.  See https://www.icyphy.org/accessors/library/index.html?accessor=services.Heartbeat (Thread[main,5,main])
    [junit] Heartbeat: Heartbeat: Could not get $KEYSTORE/heartbeatKey:  ptolemy.kernel.util.IllegalActionException: Failed to read URI: /home/travis/.ptKeystore/heartbeatKey
    [junit]   in .configuration.actor library.Accessors.services.Heartbeat
    [junit] Because:
    [junit] Cannot read file '/home/travis/.ptKeystore/heartbeatKey' or '/home/travis/.ptKeystore/heartbeatKey'
    [junit] The key is not public, so this accessor is only useful If you have the key.  See https://www.icyphy.org/accessors/library/index.html?accessor=services.Heartbeat (Thread[main,5,main])
    [junit] Retrieving library from file:/home/travis/build/icyphy/ptII/org/terraswarm/accessor/accessors/web/signals/index.json
    [junit] Retrieving library from file:/home/travis/build/icyphy/ptII/org/terraswarm/accessor/accessors/web/test/index.json
    [junit] Retrieving library from file:/home/travis/build/icyphy/ptII/org/terraswarm/accessor/accessors/web/utilities/index.json
    [junit] The Mutable accessor original file has no documentation, so we are not running jsdoc on https://accessors.org/utilities/Mutable.js
    [junit] ##############################################################################################################################################################################################################################################################################################Retrieving library from file:/home/travis/build/icyphy/ptII/org/terraswarm/accessor/accessors/web/index.json
    [junit] Retrieving library from file:/home/travis/build/icyphy/ptII/org/terraswarm/accessor/accessors/web/audio/index.json
    [junit] ###Retrieving library from file:/home/travis/build/icyphy/ptII/org/terraswarm/accessor/accessors/web/cameras/index.json
    [junit] ##Retrieving library from file:/home/travis/build/icyphy/ptII/org/terraswarm/accessor/accessors/web/devices/index.json
    [junit] #######Retrieving library from file:/home/travis/build/icyphy/ptII/org/terraswarm/accessor/accessors/web/image/index.json
    [junit] CharacterRecognition: The tesseract module was not present.  The CharacterRecognition accessor is not supported on this accessor host. (Thread[main,5,main])
    [junit] CharacterRecognition: The tesseract module was not present.  The CharacterRecognition accessor is not supported on this accessor host. (Thread[main,5,main])
    [junit] ########Retrieving library from file:/home/travis/build/icyphy/ptII/org/terraswarm/accessor/accessors/web/net/index.json
    [junit] #####################Retrieving library from file:/home/travis/build/icyphy/ptII/org/terraswarm/accessor/accessors/web/robotics/index.json
    [junit] ######Retrieving library from file:/home/travis/build/icyphy/ptII/org/terraswarm/accessor/accessors/web/geodesy/index.json
    [junit] ###Retrieving library from file:/home/travis/build/icyphy/ptII/org/terraswarm/accessor/accessors/web/services/index.json
    [junit] Heartbeat: Heartbeat: Could not get $KEYSTORE/heartbeatKey:  ptolemy.kernel.util.IllegalActionException: Failed to read URI: /home/travis/.ptKeystore/heartbeatKey
    [junit]   in .configuration.actor library.Accessors.services.Heartbeat
    [junit] Because:
    [junit] Cannot read file '/home/travis/.ptKeystore/heartbeatKey' or '/home/travis/.ptKeystore/heartbeatKey'
    [junit] The key is not public, so this accessor is only useful If you have the key.  See https://www.icyphy.org/accessors/library/index.html?accessor=services.Heartbeat (Thread[main,5,main])
    [junit] Heartbeat: Heartbeat: Could not get $KEYSTORE/heartbeatKey:  ptolemy.kernel.util.IllegalActionException: Failed to read URI: /home/travis/.ptKeystore/heartbeatKey
    [junit]   in .configuration.actor library.Accessors.services.Heartbeat
    [junit] Because:
    [junit] Cannot read file '/home/travis/.ptKeystore/heartbeatKey' or '/home/travis/.ptKeystore/heartbeatKey'
    [junit] The key is not public, so this accessor is only useful If you have the key.  See https://www.icyphy.org/accessors/library/index.html?accessor=services.Heartbeat (Thread[main,5,main])
    [junit] ##########Retrieving library from file:/home/travis/build/icyphy/ptII/org/terraswarm/accessor/accessors/web/signals/index.json
    [junit] #Retrieving library from file:/home/travis/build/icyphy/ptII/org/terraswarm/accessor/accessors/web/test/index.json
    [junit] ################Retrieving library from file:/home/travis/build/icyphy/ptII/org/terraswarm/accessor/accessors/web/utilities/index.json
    [junit] The Mutable accessor original file has no documentation, so we are not running jsdoc on https://accessors.org/utilities/Mutable.js
    [junit] #####################################################################################################---- Second call to Configuration.check
    [junit] ###########################################################################################################################################################################################################################################################################################################CharacterRecognition: The tesseract module was not present.  The CharacterRecognition accessor is not supported on this accessor host. (Thread[main,5,main])
    [junit] ########################################Heartbeat: Heartbeat: Could not get $KEYSTORE/heartbeatKey:  ptolemy.kernel.util.IllegalActionException: Failed to read URI: /home/travis/.ptKeystore/heartbeatKey
    [junit]   in .configuration.actor library.Accessors.services.Heartbeat
    [junit] Because:
    [junit] Cannot read file '/home/travis/.ptKeystore/heartbeatKey' or '/home/travis/.ptKeystore/heartbeatKey'
    [junit] The key is not public, so this accessor is only useful If you have the key.  See https://www.icyphy.org/accessors/library/index.html?accessor=services.Heartbeat (Thread[main,5,main])
    [junit] #############################################################################################################################1525224218614 ms. Memory: 4578816K Free: 1680207K (37%)
    [junit] Setting containers of atomic entities to null
    [junit] checkCapeCodeConstraints.tcl done!
    [junit] /home/travis/build/icyphy/ptII/ptolemy/configs/test/checkFullConstraints.tcl
    [junit] FIXME FIXME FIXME FIXME FIXME FIXME
    [junit] ptolemy/configs/test/checkFullConstraints.tcl: FIXME: Invoking Configuration.check() 
    [junit] results in a memory leak that consumes
    [junit] more than 4gig of memory and causes problems under Travis.
    [junit] so, we check the constraints only of the full configuration.
    [junit] FIXME FIXME FIXME FIXME FIXME FIXME
    [junit]  Force everything to get expanded ptolemy/configs/configurationFile
    [junit]     (Skipping certain optional packages, jxta and viptos)
    [junit] Retrieving library from file:/home/travis/build/icyphy/ptII/org/terraswarm/accessor/accessors/web/index.json
    [junit] Retrieving library from file:/home/travis/build/icyphy/ptII/org/terraswarm/accessor/accessors/web/audio/index.json
    [junit] Retrieving library from file:/home/travis/build/icyphy/ptII/org/terraswarm/accessor/accessors/web/cameras/index.json
    [junit] Retrieving library from file:/home/travis/build/icyphy/ptII/org/terraswarm/accessor/accessors/web/devices/index.json
    [junit] Retrieving library from file:/home/travis/build/icyphy/ptII/org/terraswarm/accessor/accessors/web/image/index.json
    [junit] CharacterRecognition: The tesseract module was not present.  The CharacterRecognition accessor is not supported on this accessor host. (Thread[main,5,main])
    [junit] CharacterRecognition: The tesseract module was not present.  The CharacterRecognition accessor is not supported on this accessor host. (Thread[main,5,main])
    [junit] Retrieving library from file:/home/travis/build/icyphy/ptII/org/terraswarm/accessor/accessors/web/net/index.json
    [junit] Retrieving library from file:/home/travis/build/icyphy/ptII/org/terraswarm/accessor/accessors/web/robotics/index.json
    [junit] Retrieving library from file:/home/travis/build/icyphy/ptII/org/terraswarm/accessor/accessors/web/geodesy/index.json
    [junit] Retrieving library from file:/home/travis/build/icyphy/ptII/org/terraswarm/accessor/accessors/web/services/index.json
    [junit] Heartbeat: Heartbeat: Could not get $KEYSTORE/heartbeatKey:  ptolemy.kernel.util.IllegalActionException: Failed to read URI: /home/travis/.ptKeystore/heartbeatKey
    [junit]   in .actor library.MoreLibraries.Accessors.services.Heartbeat
    [junit] Because:
    [junit] Cannot read file '/home/travis/.ptKeystore/heartbeatKey' or '/home/travis/.ptKeystore/heartbeatKey'
    [junit] The key is not public, so this accessor is only useful If you have the key.  See https://www.icyphy.org/accessors/library/index.html?accessor=services.Heartbeat (Thread[main,5,main])
    [junit] Heartbeat: Heartbeat: Could not get $KEYSTORE/heartbeatKey:  ptolemy.kernel.util.IllegalActionException: Failed to read URI: /home/travis/.ptKeystore/heartbeatKey
    [junit]   in .actor library.MoreLibraries.Accessors.services.Heartbeat
    [junit] Because:
    [junit] Cannot read file '/home/travis/.ptKeystore/heartbeatKey' or '/home/travis/.ptKeystore/heartbeatKey'
    [junit] The key is not public, so this accessor is only useful If you have the key.  See https://www.icyphy.org/accessors/library/index.html?accessor=services.Heartbeat (Thread[main,5,main])
    [junit] Retrieving library from file:/home/travis/build/icyphy/ptII/org/terraswarm/accessor/accessors/web/signals/index.json
    [junit] Retrieving library from file:/home/travis/build/icyphy/ptII/org/terraswarm/accessor/accessors/web/test/index.json
    [junit] Retrieving library from file:/home/travis/build/icyphy/ptII/org/terraswarm/accessor/accessors/web/utilities/index.json
    [junit] The Mutable accessor original file has no documentation, so we are not running jsdoc on https://accessors.org/utilities/Mutable.js
    [junit] Retrieving library from file:/home/travis/build/icyphy/ptII/org/terraswarm/accessor/accessors/web/index.json
    [junit] Retrieving library from file:/home/travis/build/icyphy/ptII/org/terraswarm/accessor/accessors/web/audio/index.json
    [junit] Retrieving library from file:/home/travis/build/icyphy/ptII/org/terraswarm/accessor/accessors/web/cameras/index.json
    [junit] Retrieving library from file:/home/travis/build/icyphy/ptII/org/terraswarm/accessor/accessors/web/devices/index.json
    [junit] Retrieving library from file:/home/travis/build/icyphy/ptII/org/terraswarm/accessor/accessors/web/image/index.json
    [junit] CharacterRecognition: The tesseract module was not present.  The CharacterRecognition accessor is not supported on this accessor host. (Thread[main,5,main])
    [junit] CharacterRecognition: The tesseract module was not present.  The CharacterRecognition accessor is not supported on this accessor host. (Thread[main,5,main])
    [junit] Retrieving library from file:/home/travis/build/icyphy/ptII/org/terraswarm/accessor/accessors/web/net/index.json
    [junit] Retrieving library from file:/home/travis/build/icyphy/ptII/org/terraswarm/accessor/accessors/web/robotics/index.json
    [junit] Retrieving library from file:/home/travis/build/icyphy/ptII/org/terraswarm/accessor/accessors/web/geodesy/index.json
    [junit] Retrieving library from file:/home/travis/build/icyphy/ptII/org/terraswarm/accessor/accessors/web/services/index.json
    [junit] Heartbeat: Heartbeat: Could not get $KEYSTORE/heartbeatKey:  ptolemy.kernel.util.IllegalActionException: Failed to read URI: /home/travis/.ptKeystore/heartbeatKey
    [junit]   in .MoreLibraries.Accessors.services.Heartbeat
    [junit] Because:
    [junit] Cannot read file '/home/travis/.ptKeystore/heartbeatKey' or '/home/travis/.ptKeystore/heartbeatKey'
    [junit] The key is not public, so this accessor is only useful If you have the key.  See https://www.icyphy.org/accessors/library/index.html?accessor=services.Heartbeat (Thread[main,5,main])
    [junit] Heartbeat: Heartbeat: Could not get $KEYSTORE/heartbeatKey:  ptolemy.kernel.util.IllegalActionException: Failed to read URI: /home/travis/.ptKeystore/heartbeatKey
    [junit]   in .MoreLibraries.Accessors.services.Heartbeat
    [junit] Because:
    [junit] Cannot read file '/home/travis/.ptKeystore/heartbeatKey' or '/home/travis/.ptKeystore/heartbeatKey'
    [junit] The key is not public, so this accessor is only useful If you have the key.  See https://www.icyphy.org/accessors/library/index.html?accessor=services.Heartbeat (Thread[main,5,main])
    [junit] Retrieving library from file:/home/travis/build/icyphy/ptII/org/terraswarm/accessor/accessors/web/signals/index.json
    [junit] Retrieving library from file:/home/travis/build/icyphy/ptII/org/terraswarm/accessor/accessors/web/test/index.json
    [junit] Retrieving library from file:/home/travis/build/icyphy/ptII/org/terraswarm/accessor/accessors/web/utilities/index.json
    [junit] The Mutable accessor original file has no documentation, so we are not running jsdoc on https://accessors.org/utilities/Mutable.js
    [junit] Retrieving library from file:/home/travis/build/icyphy/ptII/org/terraswarm/accessor/accessors/web/index.json
    [junit] Retrieving library from file:/home/travis/build/icyphy/ptII/org/terraswarm/accessor/accessors/web/audio/index.json
    [junit] Retrieving library from file:/home/travis/build/icyphy/ptII/org/terraswarm/accessor/accessors/web/cameras/index.json
    [junit] Retrieving library from file:/home/travis/build/icyphy/ptII/org/terraswarm/accessor/accessors/web/devices/index.json
    [junit] Retrieving library from file:/home/travis/build/icyphy/ptII/org/terraswarm/accessor/accessors/web/image/index.json
    [junit] CharacterRecognition: The tesseract module was not present.  The CharacterRecognition accessor is not supported on this accessor host. (Thread[main,5,main])
    [junit] CharacterRecognition: The tesseract module was not present.  The CharacterRecognition accessor is not supported on this accessor host. (Thread[main,5,main])
    [junit] Retrieving library from file:/home/travis/build/icyphy/ptII/org/terraswarm/accessor/accessors/web/net/index.json
    [junit] Retrieving library from file:/home/travis/build/icyphy/ptII/org/terraswarm/accessor/accessors/web/robotics/index.json
    [junit] Retrieving library from file:/home/travis/build/icyphy/ptII/org/terraswarm/accessor/accessors/web/geodesy/index.json
    [junit] Retrieving library from file:/home/travis/build/icyphy/ptII/org/terraswarm/accessor/accessors/web/services/index.json
    [junit] Heartbeat: Heartbeat: Could not get $KEYSTORE/heartbeatKey:  ptolemy.kernel.util.IllegalActionException: Failed to read URI: /home/travis/.ptKeystore/heartbeatKey
    [junit]   in .configuration.actor library.MoreLibraries.Accessors.services.Heartbeat
    [junit] Because:
    [junit] Cannot read file '/home/travis/.ptKeystore/heartbeatKey' or '/home/travis/.ptKeystore/heartbeatKey'
    [junit] The key is not public, so this accessor is only useful If you have the key.  See https://www.icyphy.org/accessors/library/index.html?accessor=services.Heartbeat (Thread[main,5,main])
    [junit] Heartbeat: Heartbeat: Could not get $KEYSTORE/heartbeatKey:  ptolemy.kernel.util.IllegalActionException: Failed to read URI: /home/travis/.ptKeystore/heartbeatKey
    [junit]   in .configuration.actor library.MoreLibraries.Accessors.services.Heartbeat
    [junit] Because:
    [junit] Cannot read file '/home/travis/.ptKeystore/heartbeatKey' or '/home/travis/.ptKeystore/heartbeatKey'
    [junit] The key is not public, so this accessor is only useful If you have the key.  See https://www.icyphy.org/accessors/library/index.html?accessor=services.Heartbeat (Thread[main,5,main])
    [junit] Retrieving library from file:/home/travis/build/icyphy/ptII/org/terraswarm/accessor/accessors/web/signals/index.json
    [junit] Retrieving library from file:/home/travis/build/icyphy/ptII/org/terraswarm/accessor/accessors/web/test/index.json
    [junit] Retrieving library from file:/home/travis/build/icyphy/ptII/org/terraswarm/accessor/accessors/web/utilities/index.json
    [junit] The Mutable accessor original file has no documentation, so we are not running jsdoc on https://accessors.org/utilities/Mutable.js
    [junit] ####################################################################################################################################################################################################################################################################################################################################################Retrieving library from file:/home/travis/build/icyphy/ptII/org/terraswarm/accessor/accessors/web/index.json
    [junit] Retrieving library from file:/home/travis/build/icyphy/ptII/org/terraswarm/accessor/accessors/web/audio/index.json
    [junit] ###Retrieving library from file:/home/travis/build/icyphy/ptII/org/terraswarm/accessor/accessors/web/cameras/index.json
    [junit] ##Retrieving library from file:/home/travis/build/icyphy/ptII/org/terraswarm/accessor/accessors/web/devices/index.json
    [junit] #######Retrieving library from file:/home/travis/build/icyphy/ptII/org/terraswarm/accessor/accessors/web/image/index.json
    [junit] CharacterRecognition: The tesseract module was not present.  The CharacterRecognition accessor is not supported on this accessor host. (Thread[main,5,main])
    [junit] CharacterRecognition: The tesseract module was not present.  The CharacterRecognition accessor is not supported on this accessor host. (Thread[main,5,main])
    [junit] ########Retrieving library from file:/home/travis/build/icyphy/ptII/org/terraswarm/accessor/accessors/web/net/index.json
    [junit] #####################Retrieving library from file:/home/travis/build/icyphy/ptII/org/terraswarm/accessor/accessors/web/robotics/index.json
    [junit] ######Retrieving library from file:/home/travis/build/icyphy/ptII/org/terraswarm/accessor/accessors/web/geodesy/index.json
    [junit] ###Retrieving library from file:/home/travis/build/icyphy/ptII/org/terraswarm/accessor/accessors/web/services/index.json
    [junit] Heartbeat: Heartbeat: Could not get $KEYSTORE/heartbeatKey:  ptolemy.kernel.util.IllegalActionException: Failed to read URI: /home/travis/.ptKeystore/heartbeatKey
    [junit]   in .configuration.actor library.MoreLibraries.Accessors.services.Heartbeat
    [junit] Because:
    [junit] Cannot read file '/home/travis/.ptKeystore/heartbeatKey' or '/home/travis/.ptKeystore/heartbeatKey'
    [junit] The key is not public, so this accessor is only useful If you have the key.  See https://www.icyphy.org/accessors/library/index.html?accessor=services.Heartbeat (Thread[main,5,main])
    [junit] Heartbeat: Heartbeat: Could not get $KEYSTORE/heartbeatKey:  ptolemy.kernel.util.IllegalActionException: Failed to read URI: /home/travis/.ptKeystore/heartbeatKey
    [junit]   in .configuration.actor library.MoreLibraries.Accessors.services.Heartbeat
    [junit] Because:
    [junit] Cannot read file '/home/travis/.ptKeystore/heartbeatKey' or '/home/travis/.ptKeystore/heartbeatKey'
    [junit] The key is not public, so this accessor is only useful If you have the key.  See https://www.icyphy.org/accessors/library/index.html?accessor=services.Heartbeat (Thread[main,5,main])
    [junit] ##########Retrieving library from file:/home/travis/build/icyphy/ptII/org/terraswarm/accessor/accessors/web/signals/index.json
    [junit] #Retrieving library from file:/home/travis/build/icyphy/ptII/org/terraswarm/accessor/accessors/web/test/index.json
    [junit] ################Retrieving library from file:/home/travis/build/icyphy/ptII/org/terraswarm/accessor/accessors/web/utilities/index.json
    [junit] The Mutable accessor original file has no documentation, so we are not running jsdoc on https://accessors.org/utilities/Mutable.js
    [junit] #########################################################################################################################################################################################################################################################################################################################################---- Second call to Configuration.check
    [junit] #################################################################################################################################################################################################################################################################################################################################################################CharacterRecognition: The tesseract module was not present.  The CharacterRecognition accessor is not supported on this accessor host. (Thread[main,5,main])
    [junit] ########################################Heartbeat: Heartbeat: Could not get $KEYSTORE/heartbeatKey:  ptolemy.kernel.util.IllegalActionException: Failed to read URI: /home/travis/.ptKeystore/heartbeatKey
    [junit]   in .configuration.actor library.MoreLibraries.Accessors.services.Heartbeat
    [junit] Because:
    [junit] Cannot read file '/home/travis/.ptKeystore/heartbeatKey' or '/home/travis/.ptKeystore/heartbeatKey'
    [junit] The key is not public, so this accessor is only useful If you have the key.  See https://www.icyphy.org/accessors/library/index.html?accessor=services.Heartbeat (Thread[main,5,main])
