/home/travis/build/icyphy/ptII/bin/ant: Running /home/travis/build/icyphy/ptII/ant/bin/ant build test.capecode2.xml
Buildfile: /home/travis/build/icyphy/ptII/build.xml

build-message:
     [echo] Use ant -p to see other targets. JAVA_HOME=/usr/lib/jvm/java-8-oracle
     [echo] tools.jar is necessary for compilation of doc/doclets/.
     [echo] If compilation fails, try setting JAVA_HOME to the location of the JDK.
     [echo] For example:
     [echo]   [bldmastr@sisyphus ptII]$ which java
     [echo]   /usr/bin/java
     [echo]   [bldmastr@sisyphus ptII]$ ls -l /usr/bin/java
     [echo]   lrwxrwxrwx 1 root root 26 Jul 31 10:12 /usr/bin/java -> /usr/java/default/bin/java
     [echo]   [bldmastr@sisyphus ptII]$ export JAVA_HOME=/usr/java/default
     [echo]     

-build-subprojects-empty:

-check-maven-ant-task:

build-websensor:

build-subprojects:

-check-node:

-check-node-works:
     [exec] v7.10.1

-check-npm:

-check-npm-works:
     [exec] 4.2.0

-check-if-npmjs-org-is-up:
     [echo] Check to see if https://www.npmjs.org is up.

-jsdoc-no-network-message:

-check-jsdoc:

jsdoc-install:
    [mkdir] Created dir: /home/travis/build/icyphy/ptII/node_modules
     [exec] /home/travis/build/icyphy/ptII
     [exec] └─┬ @terraswarm/jsdoc@3.5.1-dev 
     [exec]   ├── bluebird@3.4.7 
     [exec]   ├─┬ catharsis@0.8.9 
     [exec]   │ └─┬ underscore-contrib@0.3.0 
     [exec]   │   └── underscore@1.6.0 
     [exec]   ├── escape-string-regexp@1.0.5 
     [exec]   ├─┬ espree@3.1.7 
     [exec]   │ ├── acorn@3.3.0 
     [exec]   │ └── acorn-jsx@3.0.1 
     [exec]   ├── js2xmlparser@1.0.0 
     [exec]   ├─┬ klaw@1.3.1 
     [exec]   │ └── graceful-fs@4.1.11 
     [exec]   ├── marked@0.3.19 
     [exec]   ├─┬ mkdirp@0.5.1 
     [exec]   │ └── minimist@0.0.8 
     [exec]   ├─┬ requizzle@0.2.1 
     [exec]   │ └── underscore@1.6.0 
     [exec]   ├── strip-json-comments@2.0.1 
     [exec]   ├── taffydb@2.6.2 
     [exec]   └── underscore@1.8.3 
     [exec] 
     [exec] npm WARN enoent ENOENT: no such file or directory, open '/home/travis/build/icyphy/ptII/package.json'
     [exec] npm WARN ptII No description
     [exec] npm WARN ptII No repository field.
     [exec] npm WARN ptII No README data
     [exec] npm WARN ptII No license field.

jsdoc-update:

-ptdoc-no-node:

-ptdoc-no-npm:

ptdoc:
     [echo] 
     [echo]       If the ptdoc target fails, then try running:
     [echo]           ant build-project build-bin
     [echo]     

-check-node:

-check-node-works:
     [exec] v7.10.1

-check-npm:

-check-npm-works:
     [exec] 4.2.0

-check-if-npmjs-org-is-up:
     [echo] Check to see if https://www.npmjs.org is up.

-jsdoc-no-network-message:

-check-jsdoc:
     [echo] To stop CapeCode from invoking jsdoc and svn, set the PT_NO_NET environment variable.  
     [echo]     Under BASH:
     [echo]         export PT_NO_NET=true
     [echo]     If ptdoc fails, and you are building from $PTII, try:
     [echo]         ant build-project build-bin
     [echo]     

jsdoc-install:
     [echo] npm.executable: npm
    [mkdir] Created dir: /home/travis/build/icyphy/ptII/org/terraswarm/accessor/accessors/node_modules
     [exec] /home/travis/build/icyphy/ptII/org/terraswarm/accessor/accessors
     [exec] └─┬ @terraswarm/jsdoc@3.5.1-dev 
     [exec]   ├── bluebird@3.4.7 
     [exec]   ├─┬ catharsis@0.8.9 
     [exec]   │ └─┬ underscore-contrib@0.3.0 
     [exec]   │   └── underscore@1.6.0 
     [exec]   ├── escape-string-regexp@1.0.5 
     [exec]   ├─┬ espree@3.1.7 
     [exec]   │ ├── acorn@3.3.0 
     [exec]   │ └── acorn-jsx@3.0.1 
     [exec]   ├── js2xmlparser@1.0.0 
     [exec]   ├─┬ klaw@1.3.1 
     [exec]   │ └── graceful-fs@4.1.11 
     [exec]   ├── marked@0.3.19 
     [exec]   ├─┬ mkdirp@0.5.1 
     [exec]   │ └── minimist@0.0.8 
     [exec]   ├─┬ requizzle@0.2.1 
     [exec]   │ └── underscore@1.6.0 
     [exec]   ├── strip-json-comments@2.0.1 
     [exec]   ├── taffydb@2.6.2 
     [exec]   └── underscore@1.8.3 
     [exec] 
     [exec] npm WARN enoent ENOENT: no such file or directory, open '/home/travis/build/icyphy/ptII/org/terraswarm/accessor/accessors/package.json'
     [exec] npm WARN accessors No description
     [exec] npm WARN accessors No repository field.
     [exec] npm WARN accessors No README data
     [exec] npm WARN accessors No license field.

jsdoc-update:

-ptdoc-no-node-message:

-ptdoc-no-npm-message:

-check-jsdoc-again:

-jsdoc-command-message:

ptdoc:
     [echo] Invoke /home/travis/build/icyphy/ptII/org/terraswarm/accessor/accessors/web/../node_modules/@terraswarm/jsdoc/jsdoc.js to read *.js files and generate *PtDoc.xml files suitable for Ptolemy.
     [echo]     See https://chess.eecs.berkeley.edu/ptexternal/wiki/Main/JSDocSystems
     [echo]     See jsdoc/jsdoc.json
     [echo]     See jsdoc/plugins/accessorJSDocTags.js
     [echo]     See jsdoc/templates/ptdoc/publish.js
     [echo] 
     [echo]     If the ptdoc target fails, the there is likely a problem with node or npm.  It is possible
     [echo]     to use CapeCode even if the ptdoc target fails.
     [echo]     
     [echo]     If you are building from $PTII, try:
     [echo]         ant build-project build-bin
     [echo] 
     [echo]     
     [exec] Generating output files...
     [exec] Finished running in 5.02 seconds.

build-project:
     [echo] ptII: /home/travis/build/icyphy/ptII/build.xml
    [javac] Compiling 4705 source files to /home/travis/build/icyphy/ptII
    [javac] /home/travis/build/icyphy/ptII/ptolemy/util/StringUtilities.java:48: warning: Unsafe is internal proprietary API and may be removed in a future release
    [javac] import sun.misc.Unsafe;
    [javac]                ^
    [javac] warning: Supported source version 'RELEASE_6' from annotation processor 'org.netbeans.modules.openide.util.NbBundleProcessor' less than -source '1.8'
    [javac] warning: Supported source version 'RELEASE_6' from annotation processor 'org.netbeans.modules.openide.util.URLStreamHandlerRegistrationProcessor' less than -source '1.8'
    [javac] warning: Supported source version 'RELEASE_6' from annotation processor 'org.netbeans.modules.openide.util.ServiceProviderProcessor' less than -source '1.8'
    [javac] /home/travis/build/icyphy/ptII/ptolemy/util/StringUtilities.java:48: warning: Unsafe is internal proprietary API and may be removed in a future release
    [javac] import sun.misc.Unsafe;
    [javac]                ^
    [javac] /home/travis/build/icyphy/ptII/ptolemy/util/StringUtilities.java:48: warning: Unsafe is internal proprietary API and may be removed in a future release
    [javac] import sun.misc.Unsafe;
    [javac]                ^
    [javac] /home/travis/build/icyphy/ptII/ptolemy/util/StringUtilities.java:118: warning: Unsafe is internal proprietary API and may be removed in a future release
    [javac]             Field theUnsafe = Unsafe.class.getDeclaredField("theUnsafe");
    [javac]                               ^
    [javac] /home/travis/build/icyphy/ptII/ptolemy/util/StringUtilities.java:120: warning: Unsafe is internal proprietary API and may be removed in a future release
    [javac]             Unsafe unsafe = (Unsafe) theUnsafe.get(null);
    [javac]             ^
    [javac] /home/travis/build/icyphy/ptII/ptolemy/util/StringUtilities.java:120: warning: Unsafe is internal proprietary API and may be removed in a future release
    [javac]             Unsafe unsafe = (Unsafe) theUnsafe.get(null);
    [javac]                              ^
    [javac] Note: Some input files use or override a deprecated API.
    [javac] Note: Recompile with -Xlint:deprecation for details.
    [javac] Note: Some input files use unchecked or unsafe operations.
    [javac] Note: Recompile with -Xlint:unchecked for details.
    [javac] 9 warnings

-check-ptII-mk-file:

-check-bin-vergil:

-check-make-bin-vergil:

build-bin-not:

build-not-bin-vergil:
     [echo] 
     [echo] 	$PTII/bin/vergil does not exist, perhaps (cd $PTII/bin; make) has not been run?
     [echo] 	This can happen if the make binary cannot be found in the path or if $PTII/mk/ptII.mk
     [echo] 	is not present.
     [echo] 	Skipping running make in $PTII/bin, which creates scripts like $PTII/bin/vergil.
     [echo] 	This is only an issue if you want to invoke "$PTII/bin/vergil" instead of "ant vergil".
     [echo] 	However, $PTII/bin does include other scripts that may be of use.
     [echo]       

build-bin:
     [exec] for file in .momllib-util .nc2moml-util .ncapp2moml-util capecode convertToLazy copernicus decompile emachine giottoc histogram homer jode mescal moml obfuscate ptcg ptcodegen ptexecute ptjacl ptjaclapp ptplot ptstartjini ptolemy ptweb pxgraph soot tinicomm tinic tiniconverter startjini.gui vergil; do \
     [exec] 		echo "$file"; \
     [exec] 		rm -f "$file"; \
     [exec] 		ln -s ptinvoke "$file"; \
     [exec] 		chmod a+x "$file"; \
     [exec] 	done
     [exec] .momllib-util
     [exec] .nc2moml-util
     [exec] .ncapp2moml-util
     [exec] capecode
     [exec] convertToLazy
     [exec] copernicus
     [exec] decompile
     [exec] emachine
     [exec] giottoc
     [exec] histogram
     [exec] homer
     [exec] jode
     [exec] mescal
     [exec] moml
     [exec] obfuscate
     [exec] ptcg
     [exec] ptcodegen
     [exec] ptexecute
     [exec] ptjacl
     [exec] ptjaclapp
     [exec] ptplot
     [exec] ptstartjini
     [exec] ptolemy
     [exec] ptweb
     [exec] pxgraph
     [exec] soot
     [exec] tinicomm
     [exec] tinic
     [exec] tiniconverter
     [exec] startjini.gui
     [exec] vergil
     [exec] rm -f makebat
     [exec] ln -s ptinvoke makebat
     [exec] rm -f ".momllib-util.bat"
     [exec] ./makebat -q "`basename .momllib-util.bat .bat`"
     [exec] rm -f ".nc2moml-util.bat"
     [exec] ./makebat -q "`basename .nc2moml-util.bat .bat`"
     [exec] rm -f ".ncapp2moml-util.bat"
     [exec] ./makebat -q "`basename .ncapp2moml-util.bat .bat`"
     [exec] rm -f "capecode.bat"
     [exec] ./makebat -q "`basename capecode.bat .bat`"
     [exec] rm -f "convertToLazy.bat"
     [exec] ./makebat -q "`basename convertToLazy.bat .bat`"
     [exec] rm -f "copernicus.bat"
     [exec] ./makebat -q "`basename copernicus.bat .bat`"
     [exec] rm -f "decompile.bat"
     [exec] ./makebat -q "`basename decompile.bat .bat`"
     [exec] rm -f "emachine.bat"
     [exec] ./makebat -q "`basename emachine.bat .bat`"
     [exec] rm -f "giottoc.bat"
     [exec] ./makebat -q "`basename giottoc.bat .bat`"
     [exec] rm -f "histogram.bat"
     [exec] ./makebat -q "`basename histogram.bat .bat`"
     [exec] rm -f "homer.bat"
     [exec] ./makebat -q "`basename homer.bat .bat`"
     [exec] rm -f "jode.bat"
     [exec] ./makebat -q "`basename jode.bat .bat`"
     [exec] rm -f "mescal.bat"
     [exec] ./makebat -q "`basename mescal.bat .bat`"
     [exec] LD_LIBRARY_PATH = /home/travis/build/icyphy/ptII/mescal/lib:/home/travis/build/icyphy/ptII/mescal/bin:/usr/local/lib:/home/travis/build/icyphy/ptII/lib:/home/travis/pthla/certi-tools/lib:/home/travis/pthla/certi-tools/lib:/usr/lib/jni:/usr/local/share/OpenCV/java/:/usr/share/OpenCV/java:
     [exec] rm -f "moml.bat"
     [exec] ./makebat -q "`basename moml.bat .bat`"
     [exec] rm -f "obfuscate.bat"
     [exec] ./makebat -q "`basename obfuscate.bat .bat`"
     [exec] rm -f "ptcg.bat"
     [exec] ./makebat -q "`basename ptcg.bat .bat`"
     [exec] rm -f "ptcodegen.bat"
     [exec] ./makebat -q "`basename ptcodegen.bat .bat`"
     [exec] rm -f "ptexecute.bat"
     [exec] ./makebat -q "`basename ptexecute.bat .bat`"
     [exec] rm -f "ptjacl.bat"
     [exec] ./makebat -q "`basename ptjacl.bat .bat`"
     [exec] rm -f "ptjaclapp.bat"
     [exec] ./makebat -q "`basename ptjaclapp.bat .bat`"
     [exec] rm -f "ptplot.bat"
     [exec] ./makebat -q "`basename ptplot.bat .bat`"
     [exec] rm -f "ptstartjini.bat"
     [exec] ./makebat -q "`basename ptstartjini.bat .bat`"
     [exec] rm -f "ptolemy.bat"
     [exec] ./makebat -q "`basename ptolemy.bat .bat`"
     [exec] rm -f "ptweb.bat"
     [exec] ./makebat -q "`basename ptweb.bat .bat`"
     [exec] rm -f "pxgraph.bat"
     [exec] ./makebat -q "`basename pxgraph.bat .bat`"
     [exec] rm -f "soot.bat"
     [exec] ./makebat -q "`basename soot.bat .bat`"
     [exec] rm -f "tinicomm.bat"
     [exec] ./makebat -q "`basename tinicomm.bat .bat`"
     [exec] rm -f "tinic.bat"
     [exec] ./makebat -q "`basename tinic.bat .bat`"
     [exec] rm -f "tiniconverter.bat"
     [exec] ./makebat -q "`basename tiniconverter.bat .bat`"
     [exec] rm -f "startjini.gui.bat"
     [exec] ./makebat -q "`basename startjini.gui.bat .bat`"
     [exec] rm -f "vergil.bat"
     [exec] ./makebat -q "`basename vergil.bat .bat`"
     [exec] rm -f makeapp
     [exec] ln -s ptinvoke makeapp
     [exec] chmod a+x ptinvoke makeapp
     [exec] ./makeapp CapeCode.app CAPECODE -capecode
     [exec] Cloning into 'universalJavaApplicationStub'...
     [exec] ./makeapp: /home/travis/build/icyphy/ptII/vendors/universalJavaApplicationStub/src/universalJavaApplicationStub does not exist, creating it from GitHub.
     [exec] Updating universalJavaApplicationStub from /home/travis/build/icyphy/ptII/vendors/universalJavaApplicationStub/src/universalJavaApplicationStub
     [exec] Error: This Java instance does not support a 32-bit JVM.
     [exec] Please install the desired version.
     [exec] configure: WARNING: Running java -d32 -version failed,
     [exec]     and ./bin/java does not exist.
     [exec]     Perhaps you need to install a separate 32-bit JVM
     [exec]     or rerun configure with --with-java32?
     [exec]     The 32-bit JVM is only needed for certain 32-bit FMI tests.
     [exec]     In general, under a 64-bit JVM, FMI will work fine without a 32-bit JVM.
     [exec] configure: WARNING: '/usr/lib/jvm/java-8-oracle/bin/java' is not
     [exec]     the same as '/usr/bin/java'.
     [exec]     Perhaps '/usr/bin/java' is in your path before
     [exec]     '/usr/lib/jvm/java-8-oracle/bin/java'?
     [exec]     If you have problems later, be sure that you don't have a mismatch
     [exec]     in JDK versions.
     [exec] configure: WARNING: '/usr/lib/jvm/java-8-oracle/bin/javac' is not
     [exec] 	 the same as '/usr/bin/javac'.
     [exec] 	 Perhaps '/usr/bin/javac' is in your path
     [exec] 	 before '/usr/lib/jvm/java-8-oracle/bin/javac'?
     [exec] 	 If you have problems later, be sure that you don't have a mismatch
     [exec] 	 in JDK versions.
     [exec] configure: WARNING: Failed to find /usr/local/include/boost/numeric/odeint.hpp
     [exec]     This is only a problem if you want to rebuild the Functional
     [exec]     Mock-up Interface ++ C files in actor/lib/fmi/fmipp.
     [exec]     Most users can use the shared libraries in /home/travis/build/icyphy/ptII/lib or /home/travis/build/icyphy/ptII/bin.
     [exec] configure: WARNING: Failed to find Checkstyle in /home/travis/build/icyphy/ptII/vendors/checkstyle-6.2
     [exec]     Checkstyle is only necessary for code cleaning.
     [exec]     Checkstyle is LGPL'd, so while it could be in the ptII repo, we don't add it.
     [exec]     Checkstyle may be downloaded from http://checkstyle.sourceforge.net/
     [exec] configure: WARNING: Did not find /home/travis/build/icyphy/ptII/vendors/misc/colt/colt.jar,
     [exec]     using /home/travis/build/icyphy/ptII/lib/ptcolt.jar
     [exec] configure: WARNING: Failed to find Cobertura in /home/travis/build/icyphy/ptII/vendors/corbertura-2.0.3
     [exec]     Cobertura is only necessary to for code coverage.
     [exec]     Cobertura is GPL'd, so we don't check it in to the ptII repository.
     [exec]     Cobertura may be downloaded from http://cobertura.github.io/cobertura/
     [exec] configure: WARNING: Failed to find CUnit in /usr/local or
     [exec]     /home/travis/build/icyphy/ptII/vendors/CUnit.
     [exec]     CUnit is only necessary to test the C templates of the code generation facility
     [exec] configure: WARNING: Failed to find dbxml-X.Y shared library in /home/travis/build/icyphy/ptII/vendors/misc/dbxml-2.5.16/install/lib.
     [exec]     This means that the Ptolemy/Android HandSimDroid prototype will not run.
     [exec] configure: WARNING: Failed to find /home/travis/build/icyphy/ptII/vendors/mbed/gcc-arm/bin/arm-none-eabi-gcc
     [exec]     so the Mbed CG facility will not be run.
     [exec] JAITest.java:28: error: package javax.media.jai does not exist
     [exec] import javax.media.jai.*;
     [exec] ^
     [exec] 1 error
     [exec] configure: WARNING: JAI not found in the default classpath
     [exec] configure: WARNING: Failed to find /usr/local/jmodelica/include/jmi.h
     [exec]     which is part of JModelica.
     [exec]     Ptolemy optionally includes one or more FMUs that use JModelica.
     [exec]     To install JModelica, see https://svn.jmodelica.org/trunk/INSTALL
     [exec] JMFTest.java:28: error: package javax.media does not exist
     [exec] import javax.media.CaptureDeviceInfo;
     [exec]                   ^
     [exec] 1 error
     [exec] Exception in thread "main" java.lang.RuntimeException: Could not load opencv_java320.
     [exec]     java.library.path = /home/travis/build/icyphy/ptII/lib:/home/travis/build/icyphy/ptII/lib:/home/travis/pthla/certi-tools/lib:/home/travis/pthla/certi-tools/lib:/usr/lib/jni:/usr/local/share/OpenCV/java/:/usr/share/OpenCV/java::/usr/java/packages/lib/amd64:/usr/lib64:/lib64:/lib:/usr/lib
     [exec] 	at OpenCVTest.main(OpenCVTest.java:75)
     [exec] Caused by: java.lang.UnsatisfiedLinkError: no opencv_java320 in java.library.path
     [exec] 	at java.lang.ClassLoader.loadLibrary(ClassLoader.java:1867)
     [exec] 	at java.lang.Runtime.loadLibrary0(Runtime.java:870)
     [exec] 	at java.lang.System.loadLibrary(System.java:1122)
     [exec] 	at OpenCVTest.main(OpenCVTest.java:52)
     [exec] configure: WARNING: Failed to run OpenCV test program in /home/travis/build/icyphy/ptII/config with
     [exec]     /usr/lib/jvm/java-8-oracle/bin/java -classpath /home/travis/build/icyphy/ptII/lib/opencv-320.jar:. OpenCVTest
     [exec]     so we will try other jars.
     [exec] libdc1394 error: Failed to initialize libdc1394
     [exec] configure: WARNING: Could not find directory
     [exec]     '/home/travis/build/icyphy/ptII/vendors/sun/javacc-5.0'
     [exec]     so we search for the jjtree command.
     [exec] configure: WARNING: Failed to find jjtree
     [exec] configure: WARNING: Failed to find javacc, perhaps JavaCC is not installed?
     [exec]     You need not download JavaCC unless you plan on modifying .jjt files
     [exec]     in ptolemy/data/expr.
     [exec]     JavaCC is available from
     [exec]     http://javacc.dev.java.net/
     [exec] 
     [exec]     Note that the zip file that gets downloaded is actually an installer
     [exec]     that must be run to install the JavaCC.zip file that contains the classes.
     [exec] 
     [exec]     Note that JavaCC-4.1 and 4.2 will not work, there are problems with
     [exec]     ReInit() being static or not static.
     [exec] 
     [exec]     JavaCC-6.0 seems to not include the jjtree and javacc scripts, so
     [exec]     we recommend JavaCC-5.0.
     [exec] 
     [exec]     Try:
     [exec]     cd /home/travis/build/icyphy/ptII/vendors/sun
     [exec]     wget https://java.net/projects/javacc/downloads/download/javacc-5.0.tar.gz
     [exec]     tar -zxf javacc-5.0.tar.gz
     [exec]     cd /home/travis/build/icyphy/ptII
     [exec]     ./configure
     [exec] 
     [exec]     Configure looks for JavaCC in /home/travis/build/icyphy/ptII/vendors/sun/javacc-5.0
     [exec]     so either install JavaCC in that location or use the --with-javacc= flag
     [exec]     and then rerun configure.'
     [exec] ls: cannot access /home/travis/build/icyphy/ptII/vendors/j3d/*/lib/ext: No such file or directory
     [exec] configure: WARNING: Failed to find matlab executable in the path.
     [exec]     Perhaps Matlab is not installed?
     [exec]     If Matlab is not present, then the Ptolemy II/Matlab interface in
     [exec]     $PTII/ptolemy/matlab will not be usable.
     [exec] configure: WARNING: Failed to find omc, the OpenModelicaCompiler.
     [exec]     Rebuilding the OpenModelica fmus will not be possible.
     [exec]     Running the OpenModelica models will not be possible.
     [exec]     This is only a concern if you are interested in OpenModelica
     [exec] configure: WARNING: Failed to find PowerMock.
     [exec]     Perhaps PowerMock was not installed?
     [exec]     You need not download these packages if you would like
     [exec]     to run the tests.  To install PowerMock, go to
     [exec]     http://code.google.com/p/powermock/ and download
     [exec]     http://powermock.googlecode.com/files/powermock-easymock-junit-1.3.8.zip
     [exec]     (which contains PowerMock for EasyMock and JUnit) and unzip it in
     [exec]     /home/travis/build/icyphy/ptII/vendors/misc so that
     [exec]     /home/travis/build/icyphy/ptII/vendors/misc/powermock-easymock-junit-1.3.8 is created,
     [exec]     then rerun configure.
     [exec]     Other versions of PowerMock _may_ work, but are untested.
     [exec] configure: WARNING: Failed to find the scalac binary,
     [exec]     so org/ptolemy/scala will be excluded
     [exec] configure: WARNING: ojdbc5.jar not found,
     [exec]     but only necessary to use database actors with Oracle.
     [exec]     If the mysql jar file is present, then the Oracle Java Database Connector is not necessary
     [exec]     To install ojdbc5.jar or ojdbc6.jar,
     [exec]     download it from http://www.oracle.com/technetwork/apps-tech/jdbc-111060-084321.html
     [exec]     copy it to ptolemy/actor/lib/database
     [exec]     and rerun ./configure
     [exec] configure: WARNING: Failed to find Batik Jar file
     [exec]     You need only have Batik if you are planning on rebuilding diva.jar
     [exec]     for use with Kepler.
     [exec]     Batik can be downloaded from http://xmlgraphics.apache.org/batik/,
     [exec]     batike-1.9/lib/batik-all-1.9.jar copied to /home/travis/build/icyphy/ptII/lib
     [exec]     and ./configure rerun.
     [exec] configure: WARNING: $TOSROOT is not set.  It must be set to use PtinyOS.
     [exec] configure: WARNING: $TOSROOT is set to '',
     [exec]      but there is no directory by that name, so we will not set up for PtinyOS.
     [exec]      For details, see /home/travis/build/icyphy/ptII/ptolemy/domains/ptinyos/README.txt.
     [exec] configure: WARNING: Failed to find giotto/gdk.jar
     [exec]     perhaps Giotto is not installed?
     [exec]     You need not download Giotto unless you plan on generating code for
     [exec]     Giotto models.
     [exec]     The Giotto SDK can be
     [exec]     downloaded from https://embedded.eecs.berkeley.edu/giotto/
     [exec]     Copy gdk.jar to /home/travis/build/icyphy/ptII/vendors/giotto, for example:
     [exec]         mkdir -p /home/travis/build/icyphy/ptII/vendors/giotto
     [exec]         cp C:/Program\ Files/Giotto*/gdk.jar /home/travis/build/icyphy/ptII/vendors/giotto/
     [exec] configure: WARNING: Failed to find boost/numeric/odeint.hpp, so FMI ++
     [exec]     will not be compiled. FMI++ is an extension of the
     [exec]     Functional Mockup Interface, see
     [exec]     http://sourceforge.net/p/fmipp/wiki/Home/
     [exec] Untaring /home/travis/build/icyphy/ptII/vendors/installer/MacJVM.tar.gz in /home/travis/build/icyphy/ptII/ now: Sun Apr 29 16:12:27 UTC 2018
     [exec] touch CapeCode.app
     [exec] ./makeapp Vergil.app FULL -full
     [exec] Updating universalJavaApplicationStub from /home/travis/build/icyphy/ptII/vendors/universalJavaApplicationStub/src/universalJavaApplicationStub
     [exec] Untaring /home/travis/build/icyphy/ptII/vendors/installer/MacJVM.tar.gz in /home/travis/build/icyphy/ptII/ now: Sun Apr 29 16:12:30 UTC 2018
     [exec] touch Vergil.app
     [exec] chmod a+x ant cyphysim hyvisual startjini mkjnlp mkl4j mkosgi mkptdemo mkptlivelinkdemo mkpttest node npm ptjunit ptIITravisBuild.sh reloadAllAccessors updateFmu viptos 

build:

initReports:
    [mkdir] Created dir: /home/travis/build/icyphy/ptII/reports/doccheck
    [mkdir] Created dir: /home/travis/build/icyphy/ptII/reports/ojdcheck

test.capecode2.xml:
     [echo] 
     [echo]       ==test.capecode2.xml ==
     [echo]       This target runs the second batch of Cape Code accessors tests
     [echo]       and generates JUnit xml output.
     [echo]       timeout = 4000000 milliseconds
     [echo]     
    [junit] javachdir: directory = ptolemy/actor/lib/jjs/modules/serial/test
    [junit] javachdir: pwd: /home/travis/build/icyphy/ptII/ptolemy/actor/lib/jjs/modules/serial/test  Invoking with -Djava.net.preferIPv4Stack=true
    [junit] ptolemy/util/test/junit/javachdir: memory:
    [junit]              total       used       free     shared    buffers     cached
    [junit] Mem:          7479       5206       2273        189        128       4321
    [junit] -/+ buffers/cache:        756       6723
    [junit] Swap:            0          0          0
    [junit] Running ptolemy.actor.lib.jjs.modules.serial.test.junit.JUnitTclTest
    [junit] No tcl tests in /home/travis/build/icyphy/ptII/ptolemy/actor/lib/jjs/modules/serial/test
    [junit] ----------------- testing (KnownFailure) /home/travis/build/icyphy/ptII/ptolemy/actor/lib/jjs/modules/serial/test/auto/knownFailedTests/SerialHelloWorld.xml
    [junit] JavaScript: Closing serial port. (Thread[SerialHelloWorld,1,main])
    [junit] 3041 ms. Memory: 218112K Free: 70331K (32%)
    [junit] Known Failure: java.lang.reflect.InvocationTargetException
    [junit] No auto/*.xml tests in /home/travis/build/icyphy/ptII/ptolemy/actor/lib/jjs/modules/serial/test
    [junit] java.lang.RuntimeException: Execution failed
    [junit] 	at ptolemy.moml.MoMLSimpleApplication$UnloadThread.run(MoMLSimpleApplication.java:402)
    [junit] Caused by: ptolemy.kernel.util.IllegalActionException: Failure executing the initialize function: ptolemy.kernel.util.IllegalActionException: No such port: /dev/tty.NOT_A_PORT
    [junit]   in .SerialHelloWorld.JavaScript
    [junit] Because:
    [junit] gnu.io.NoSuchPortException
    [junit]   in .SerialHelloWorld.JavaScript
    [junit] Because:
    [junit] ptolemy.kernel.util.IllegalActionException: No such port: /dev/tty.NOT_A_PORT
    [junit]   in .SerialHelloWorld.JavaScript
    [junit] Because:
    [junit] gnu.io.NoSuchPortException
    [junit] 	at ptolemy.actor.lib.jjs.JavaScript._invokeMethodInContext(JavaScript.java:2224)
    [junit] 	at ptolemy.actor.lib.jjs.JavaScript.initialize(JavaScript.java:1422)
    [junit] 	at ptolemy.actor.Director.initialize(Director.java:938)
    [junit] 	at ptolemy.actor.Director.initialize(Director.java:907)
    [junit] 	at ptolemy.domains.de.kernel.DEDirector.initialize(DEDirector.java:943)
    [junit] 	at ptolemy.actor.CompositeActor.initialize(CompositeActor.java:935)
    [junit] 	at ptolemy.actor.Manager.initialize(Manager.java:724)
    [junit] 	at ptolemy.actor.Manager.execute(Manager.java:356)
    [junit] 	at ptolemy.actor.Manager.run(Manager.java:1263)
    [junit] 	at ptolemy.actor.Manager$PtolemyRunThread.run(Manager.java:1915)
    [junit] Caused by: java.lang.RuntimeException: ptolemy.kernel.util.IllegalActionException: No such port: /dev/tty.NOT_A_PORT
    [junit]   in .SerialHelloWorld.JavaScript
    [junit] Because:
    [junit] gnu.io.NoSuchPortException
    [junit] 	at jdk.nashorn.internal.runtime.ScriptRuntime.apply(ScriptRuntime.java:397)
    [junit] 	at jdk.nashorn.api.scripting.ScriptObjectMirror.callMember(ScriptObjectMirror.java:199)
    [junit] 	at jdk.nashorn.api.scripting.NashornScriptEngine.invokeImpl(NashornScriptEngine.java:386)
    [junit] 	at jdk.nashorn.api.scripting.NashornScriptEngine.invokeMethod(NashornScriptEngine.java:199)
    [junit] 	at ptolemy.actor.lib.jjs.JavaScript._invokeMethodInContext(JavaScript.java:2193)
    [junit] 	... 9 more
    [junit] Caused by: ptolemy.kernel.util.IllegalActionException: No such port: /dev/tty.NOT_A_PORT
    [junit]   in .SerialHelloWorld.JavaScript
    [junit] Because:
    [junit] gnu.io.NoSuchPortException
    [junit] 	at ptolemy.actor.lib.jjs.modules.serial.SerialHelper.open(SerialHelper.java:317)
    [junit] 	at jdk.nashorn.internal.scripts.Script$Recompilation$594$4288$require.L:1#open(/home/travis/build/icyphy/ptII/ptolemy/actor/lib/jjs/external/require.js#401:30<eval>:115)
    [junit] 	at jdk.nashorn.internal.scripts.Script$Recompilation$587$626$\^function\_.L:1#initialize(<function>:37)
    [junit] 	at jdk.nashorn.internal.scripts.Script$Recompilation$584$28731$require.L:1#Accessor#initialize(/home/travis/build/icyphy/ptII/ptolemy/actor/lib/jjs/external/require.js#401:30<eval>:624)
    [junit] 	at jdk.nashorn.internal.runtime.ScriptFunctionData.invoke(ScriptFunctionData.java:637)
    [junit] 	at jdk.nashorn.internal.runtime.ScriptFunction.invoke(ScriptFunction.java:494)
    [junit] 	at jdk.nashorn.internal.runtime.ScriptRuntime.apply(ScriptRuntime.java:393)
    [junit] 	... 13 more
    [junit] Caused by: gnu.io.NoSuchPortException
    [junit] 	at gnu.io.CommPortIdentifier.getPortIdentifier(CommPortIdentifier.java:273)
    [junit] 	at ptolemy.actor.lib.jjs.modules.serial.SerialHelper.open(SerialHelper.java:224)
    [junit] 	... 19 more
    [junit] 
    [junit] Exception: java.lang.RuntimeException thrown from the UncaughtExceptionHandler in thread "Thread-2"
    [junit] java.lang.reflect.InvocationTargetException
    [junit] 	at sun.reflect.NativeConstructorAccessorImpl.newInstance0(Native Method)
    [junit] 	at sun.reflect.NativeConstructorAccessorImpl.newInstance(NativeConstructorAccessorImpl.java:62)
    [junit] 	at sun.reflect.DelegatingConstructorAccessorImpl.newInstance(DelegatingConstructorAccessorImpl.java:45)
    [junit] 	at java.lang.reflect.Constructor.newInstance(Constructor.java:423)
    [junit] 	at ptolemy.util.test.junit.AutoKnownFailedTests.RunModel(AutoKnownFailedTests.java:107)
    [junit] 	at sun.reflect.NativeMethodAccessorImpl.invoke0(Native Method)
    [junit] 	at sun.reflect.NativeMethodAccessorImpl.invoke(NativeMethodAccessorImpl.java:62)
    [junit] 	at sun.reflect.DelegatingMethodAccessorImpl.invoke(DelegatingMethodAccessorImpl.java:43)
    [junit] 	at java.lang.reflect.Method.invoke(Method.java:498)
    [junit] 	at org.junit.runners.model.FrameworkMethod$1.runReflectiveCall(FrameworkMethod.java:44)
    [junit] 	at org.junit.internal.runners.model.ReflectiveCallable.run(ReflectiveCallable.java:15)
    [junit] 	at org.junit.runners.model.FrameworkMethod.invokeExplosively(FrameworkMethod.java:41)
    [junit] 	at junitparams.internal.InvokeParameterisedMethod.evaluate(InvokeParameterisedMethod.java:102)
    [junit] 	at org.junit.internal.runners.statements.FailOnTimeout$1.run(FailOnTimeout.java:28)
    [junit] Caused by: ptolemy.kernel.util.IllegalActionException: Failure executing the initialize function: ptolemy.kernel.util.IllegalActionException: No such port: /dev/tty.NOT_A_PORT
    [junit]   in .SerialHelloWorld.JavaScript
    [junit] Because:
    [junit] gnu.io.NoSuchPortException
    [junit]   in .SerialHelloWorld.JavaScript
    [junit] Because:
    [junit] ptolemy.kernel.util.IllegalActionException: No such port: /dev/tty.NOT_A_PORT
    [junit]   in .SerialHelloWorld.JavaScript
    [junit] Because:
    [junit] gnu.io.NoSuchPortException
    [junit] 	at ptolemy.actor.lib.jjs.JavaScript._invokeMethodInContext(JavaScript.java:2224)
    [junit] 	at ptolemy.actor.lib.jjs.JavaScript.initialize(JavaScript.java:1422)
    [junit] 	at ptolemy.actor.Director.initialize(Director.java:938)
    [junit] 	at ptolemy.actor.Director.initialize(Director.java:907)
    [junit] 	at ptolemy.domains.de.kernel.DEDirector.initialize(DEDirector.java:943)
    [junit] 	at ptolemy.actor.CompositeActor.initialize(CompositeActor.java:935)
    [junit] 	at ptolemy.actor.Manager.initialize(Manager.java:724)
    [junit] 	at ptolemy.actor.Manager.execute(Manager.java:356)
    [junit] 	at ptolemy.actor.Manager.run(Manager.java:1263)
    [junit] 	at ptolemy.actor.Manager$PtolemyRunThread.run(Manager.java:1915)
    [junit] Caused by: java.lang.RuntimeException: ptolemy.kernel.util.IllegalActionException: No such port: /dev/tty.NOT_A_PORT
    [junit]   in .SerialHelloWorld.JavaScript
    [junit] Because:
    [junit] gnu.io.NoSuchPortException
    [junit] 	at jdk.nashorn.internal.runtime.ScriptRuntime.apply(ScriptRuntime.java:397)
    [junit] 	at jdk.nashorn.api.scripting.ScriptObjectMirror.callMember(ScriptObjectMirror.java:199)
    [junit] 	at jdk.nashorn.api.scripting.NashornScriptEngine.invokeImpl(NashornScriptEngine.java:386)
    [junit] 	at jdk.nashorn.api.scripting.NashornScriptEngine.invokeMethod(NashornScriptEngine.java:199)
    [junit] 	at ptolemy.actor.lib.jjs.JavaScript._invokeMethodInContext(JavaScript.java:2193)
    [junit] 	... 9 more
    [junit] Caused by: ptolemy.kernel.util.IllegalActionException: No such port: /dev/tty.NOT_A_PORT
    [junit]   in .SerialHelloWorld.JavaScript
    [junit] Because:
    [junit] gnu.io.NoSuchPortException
    [junit] 	at ptolemy.actor.lib.jjs.modules.serial.SerialHelper.open(SerialHelper.java:317)
    [junit] 	at jdk.nashorn.internal.scripts.Script$Recompilation$594$4288$require.L:1#open(/home/travis/build/icyphy/ptII/ptolemy/actor/lib/jjs/external/require.js#401:30<eval>:115)
    [junit] 	at jdk.nashorn.internal.scripts.Script$Recompilation$587$626$\^function\_.L:1#initialize(<function>:37)
    [junit] 	at jdk.nashorn.internal.scripts.Script$Recompilation$584$28731$require.L:1#Accessor#initialize(/home/travis/build/icyphy/ptII/ptolemy/actor/lib/jjs/external/require.js#401:30<eval>:624)
    [junit] 	at jdk.nashorn.internal.runtime.ScriptFunctionData.invoke(ScriptFunctionData.java:637)
    [junit] 	at jdk.nashorn.internal.runtime.ScriptFunction.invoke(ScriptFunction.java:494)
    [junit] 	at jdk.nashorn.internal.runtime.ScriptRuntime.apply(ScriptRuntime.java:393)
    [junit] 	... 13 more
    [junit] Caused by: gnu.io.NoSuchPortException
    [junit] 	at gnu.io.CommPortIdentifier.getPortIdentifier(CommPortIdentifier.java:273)
    [junit] 	at ptolemy.actor.lib.jjs.modules.serial.SerialHelper.open(SerialHelper.java:224)
    [junit] 	... 19 more
    [junit] AutoTests.java: About to close Vertx.
    [junit] AutoTests.java: Vertx closed.
    [junit] ----------------- testing Sun Apr 29 16:12:44 UTC 2018 /home/travis/build/icyphy/ptII/ptolemy/actor/lib/jjs/modules/serial/test/auto/SerialLoopbackIntToString.xml
    [junit] ----------------- Sun Apr 29 16:12:44 UTC 2018 About to sleep for 25.0 seconds before rerunning.  Test is: /home/travis/build/icyphy/ptII/ptolemy/actor/lib/jjs/modules/serial/test/auto/SerialLoopbackIntToString.xml
    [junit] JSAccessor: PT_NO_NET environment variable is set, so git pull and ptdoc are not being run.
    [junit] WARNING: TestSpontaneous: Model stopped before executing actions (e.g. producing outputs) scheduled for execution at times [5.6000000000000005]
    [junit] SerialPort: Closing serial port. (Thread[SerialLoopbackIntToString,1,main])
    [junit] 14512 ms. Memory: 709632K Free: 187631K (26%)
    [junit] reloadAllAccessors: .SerialLoopbackIntToString
    [junit] This is the first time that the reloadAllAccessors method has been invoked in this JVM, so the the accessors repo will be checked out or updated and JSDoc invoked. Note that running the tests may end up invoking a new JVM for each directory, so the repo may be checked out or updated and JSDoc invoked more than once when the tests are run.
    [junit] SerialPort: Serial port reader thread exiting. (Thread[Thread-10,1,main])
    [junit] SerialPort: Serial port writer thread exiting. (Thread[Thread-11,1,main])
    [junit] ----------------- Sun Apr 29 16:13:31 UTC 2018 About to sleep for 25.0 seconds before rerunning.  Test is: /home/travis/build/icyphy/ptII/ptolemy/actor/lib/jjs/modules/serial/test/auto/SerialLoopbackIntToString.xml
    [junit] ----------------- Reloaded Accessors and testing again Sun Apr 29 16:13:56 UTC 2018 /home/travis/build/icyphy/ptII/ptolemy/actor/lib/jjs/modules/serial/test/auto/SerialLoopbackIntToString.xml
    [junit] SerialPort: Closing serial port. (Thread[Thread-7,5,main])
    [junit] WARNING: TestSpontaneous: Model stopped before executing actions (e.g. producing outputs) scheduled for execution at times [5.6000000000000005]
    [junit] 12175 ms. Memory: 742912K Free: 363843K (49%)
    [junit] ----------------- testing Sun Apr 29 16:14:08 UTC 2018 /home/travis/build/icyphy/ptII/ptolemy/actor/lib/jjs/modules/serial/test/auto/SerialLoopbackInvalid.xml
    [junit] ----------------- Sun Apr 29 16:14:08 UTC 2018 About to sleep for 25.0 seconds before rerunning.  Test is: /home/travis/build/icyphy/ptII/ptolemy/actor/lib/jjs/modules/serial/test/auto/SerialLoopbackInvalid.xml
    [junit] SerialPort: Serial port reader thread exiting. (Thread[Thread-13,5,main])
    [junit] SerialPort: Serial port writer thread exiting. (Thread[Thread-14,5,main])
    [junit] SerialPort: SerialPort: invalid data: a, error: SyntaxError: Invalid JSON: <json>:1:0 Expected json literal but found a
    [junit] a
    [junit] ^ (Thread[Thread-18,1,main])
    [junit] SerialPort: SerialPort: invalid data: ab, error: SyntaxError: Invalid JSON: <json>:1:0 Expected json literal but found a
    [junit] ab
    [junit] ^ (Thread[Thread-18,1,main])
    [junit] SerialPort: SerialPort: invalid data: abb, error: SyntaxError: Invalid JSON: <json>:1:0 Expected json literal but found a
    [junit] abb
    [junit] ^ (Thread[Thread-18,1,main])
    [junit] SerialPort: SerialPort: invalid data: abbb, error: SyntaxError: Invalid JSON: <json>:1:0 Expected json literal but found a
    [junit] abbb
    [junit] ^ (Thread[Thread-18,1,main])
    [junit] SerialPort: SerialPort: invalid data: abbbb, error: SyntaxError: Invalid JSON: <json>:1:0 Expected json literal but found a
    [junit] abbbb
    [junit] ^ (Thread[Thread-18,1,main])
    [junit] SerialPort: SerialPort: invalid data: abbbbb, error: SyntaxError: Invalid JSON: <json>:1:0 Expected json literal but found a
    [junit] abbbbb
    [junit] ^ (Thread[Thread-18,1,main])
    [junit] SerialPort: SerialPort: invalid data: abbbbbb, error: SyntaxError: Invalid JSON: <json>:1:0 Expected json literal but found a
    [junit] abbbbbb
    [junit] ^ (Thread[Thread-18,1,main])
    [junit] SerialPort: SerialPort: invalid data: abbbbbbb, error: SyntaxError: Invalid JSON: <json>:1:0 Expected json literal but found a
    [junit] abbbbbbb
    [junit] ^ (Thread[Thread-18,1,main])
    [junit] SerialPort: SerialPort: invalid data: abbbbbbbb, error: SyntaxError: Invalid JSON: <json>:1:0 Expected json literal but found a
    [junit] abbbbbbbb
    [junit] ^ (Thread[Thread-18,1,main])
    [junit] SerialPort: SerialPort: invalid data: abbbbbbbbb, error: SyntaxError: Invalid JSON: <json>:1:0 Expected json literal but found a
    [junit] abbbbbbbbb
    [junit] ^ (Thread[Thread-18,1,main])
    [junit] SerialPort: SerialPort: invalid data: abbbbbbbbbb, error: SyntaxError: Invalid JSON: <json>:1:0 Expected json literal but found a
    [junit] abbbbbbbbbb
    [junit] ^ (Thread[Thread-18,1,main])
    [junit] SerialPort: SerialPort: invalid data: abbbbbbbbbbb, error: SyntaxError: Invalid JSON: <json>:1:0 Expected json literal but found a
    [junit] abbbbbbbbbbb
    [junit] ^ (Thread[Thread-18,1,main])
    [junit] SerialPort: SerialPort: invalid data: abbbbbbbbbbbb, error: SyntaxError: Invalid JSON: <json>:1:0 Expected json literal but found a
    [junit] abbbbbbbbbbbb
    [junit] ^ (Thread[Thread-18,1,main])
    [junit] SerialPort: SerialPort: invalid data: abbbbbbbbbbbbb, error: SyntaxError: Invalid JSON: <json>:1:0 Expected json literal but found a
    [junit] abbbbbbbbbbbbb
    [junit] ^ (Thread[Thread-18,1,main])
    [junit] SerialPort: SerialPort: invalid data: abbbbbbbbbbbbbb, error: SyntaxError: Invalid JSON: <json>:1:0 Expected json literal but found a
    [junit] abbbbbbbbbbbbbb
    [junit] ^ (Thread[Thread-18,1,main])
    [junit] SerialPort: SerialPort: invalid data: abbbbbbbbbbbbbbb, error: SyntaxError: Invalid JSON: <json>:1:0 Expected json literal but found a
    [junit] abbbbbbbbbbbbbbb
    [junit] ^ (Thread[Thread-18,1,main])
    [junit] SerialPort: SerialPort: invalid data: abbbbbbbbbbbbbbbb, error: SyntaxError: Invalid JSON: <json>:1:0 Expected json literal but found a
    [junit] abbbbbbbbbbbbbbbb
    [junit] ^ (Thread[Thread-18,1,main])
    [junit] SerialPort: SerialPort: invalid data: abbbbbbbbbbbbbbbbb, error: SyntaxError: Invalid JSON: <json>:1:0 Expected json literal but found a
    [junit] abbbbbbbbbbbbbbbbb
    [junit] ^ (Thread[Thread-18,1,main])
    [junit] SerialPort: SerialPort: invalid data: abbbbbbbbbbbbbbbbbb, error: SyntaxError: Invalid JSON: <json>:1:0 Expected json literal but found a
    [junit] abbbbbbbbbbbbbbbbbb
    [junit] ^ (Thread[Thread-18,1,main])
    [junit] SerialPort: SerialPort: invalid data: abbbbbbbbbbbbbbbbbbb, error: SyntaxError: Invalid JSON: <json>:1:0 Expected json literal but found a
    [junit] abbbbbbbbbbbbbbbbbbb
    [junit] ^ (Thread[Thread-18,1,main])
    [junit] SerialPort: SerialPort: invalid data: abbbbbbbbbbbbbbbbbbbb, error: SyntaxError: Invalid JSON: <json>:1:0 Expected json literal but found a
    [junit] abbbbbbbbbbbbbbbbbbbb
    [junit] ^ (Thread[Thread-18,1,main])
    [junit] SerialPort: SerialPort: invalid data: abbbbbbbbbbbbbbbbbbbbb, error: SyntaxError: Invalid JSON: <json>:1:0 Expected json literal but found a
    [junit] abbbbbbbbbbbbbbbbbbbbb
    [junit] ^ (Thread[Thread-18,1,main])
    [junit] SerialPort: SerialPort: invalid data: abbbbbbbbbbbbbbbbbbbbbb, error: SyntaxError: Invalid JSON: <json>:1:0 Expected json literal but found a
    [junit] abbbbbbbbbbbbbbbbbbbbbb
    [junit] ^ (Thread[Thread-18,1,main])
    [junit] SerialPort: SerialPort: invalid data: abbbbbbbbbbbbbbbbbbbbbbb, error: SyntaxError: Invalid JSON: <json>:1:0 Expected json literal but found a
    [junit] abbbbbbbbbbbbbbbbbbbbbbb
    [junit] ^ (Thread[Thread-18,1,main])
    [junit] SerialPort: SerialPort: invalid data: abbbbbbbbbbbbbbbbbbbbbbbb, error: SyntaxError: Invalid JSON: <json>:1:0 Expected json literal but found a
    [junit] abbbbbbbbbbbbbbbbbbbbbbbb
    [junit] ^ (Thread[Thread-18,1,main])
    [junit] SerialPort: SerialPort: invalid data: abbbbbbbbbbbbbbbbbbbbbbbbb, error: SyntaxError: Invalid JSON: <json>:1:0 Expected json literal but found a
    [junit] abbbbbbbbbbbbbbbbbbbbbbbbb
    [junit] ^ (Thread[Thread-18,1,main])
    [junit] SerialPort: SerialPort: invalid data: abbbbbbbbbbbbbbbbbbbbbbbbbb, error: SyntaxError: Invalid JSON: <json>:1:0 Expected json literal but found a
    [junit] abbbbbbbbbbbbbbbbbbbbbbbbbb
    [junit] ^ (Thread[Thread-18,1,main])
    [junit] SerialPort: SerialPort: invalid data: abbbbbbbbbbbbbbbbbbbbbbbbbbb, error: SyntaxError: Invalid JSON: <json>:1:0 Expected json literal but found a
    [junit] abbbbbbbbbbbbbbbbbbbbbbbbbbb
    [junit] ^ (Thread[Thread-18,1,main])
    [junit] SerialPort: SerialPort: invalid data: abbbbbbbbbbbbbbbbbbbbbbbbbbbb, error: SyntaxError: Invalid JSON: <json>:1:0 Expected json literal but found a
    [junit] abbbbbbbbbbbbbbbbbbbbbbbbbbbb
    [junit] ^ (Thread[Thread-18,1,main])
    [junit] SerialPort: SerialPort: invalid data: abbbbbbbbbbbbbbbbbbbbbbbbbbbbb, error: SyntaxError: Invalid JSON: <json>:1:0 Expected json literal but found a
    [junit] abbbbbbbbbbbbbbbbbbbbbbbbbbbbb
    [junit] ^ (Thread[Thread-18,1,main])
    [junit] SerialPort: SerialPort: invalid data: abbbbbbbbbbbbbbbbbbbbbbbbbbbbbb, error: SyntaxError: Invalid JSON: <json>:1:0 Expected json literal but found a
    [junit] abbbbbbbbbbbbbbbbbbbbbbbbbbbbbb
    [junit] ^ (Thread[Thread-18,1,main])
    [junit] SerialPort: SerialPort: invalid data: abbbbbbbbbbbbbbbbbbbbbbbbbbbbbbb, error: SyntaxError: Invalid JSON: <json>:1:0 Expected json literal but found a
    [junit] abbbbbbbbbbbbbbbbbbbbbbbbbbbbbbb
    [junit] ^ (Thread[Thread-18,1,main])
    [junit] SerialPort: SerialPort: invalid data: abbbbbbbbbbbbbbbbbbbbbbbbbbbbbbbb, error: SyntaxError: Invalid JSON: <json>:1:0 Expected json literal but found a
    [junit] abbbbbbbbbbbbbbbbbbbbbbbbbbbbbbbb
    [junit] ^ (Thread[Thread-18,1,main])
    [junit] SerialPort: SerialPort: invalid data: abbbbbbbbbbbbbbbbbbbbbbbbbbbbbbbbb, error: SyntaxError: Invalid JSON: <json>:1:0 Expected json literal but found a
    [junit] abbbbbbbbbbbbbbbbbbbbbbbbbbbbbbbbb
    [junit] ^ (Thread[Thread-18,1,main])
    [junit] SerialPort: SerialPort: invalid data: abbbbbbbbbbbbbbbbbbbbbbbbbbbbbbbbbb, error: SyntaxError: Invalid JSON: <json>:1:0 Expected json literal but found a
    [junit] abbbbbbbbbbbbbbbbbbbbbbbbbbbbbbbbbb
    [junit] ^ (Thread[Thread-18,1,main])
    [junit] SerialPort: SerialPort: invalid data: abbbbbbbbbbbbbbbbbbbbbbbbbbbbbbbbbbb, error: SyntaxError: Invalid JSON: <json>:1:0 Expected json literal but found a
    [junit] abbbbbbbbbbbbbbbbbbbbbbbbbbbbbbbbbbb
    [junit] ^ (Thread[Thread-18,1,main])
    [junit] SerialPort: SerialPort: invalid data: abbbbbbbbbbbbbbbbbbbbbbbbbbbbbbbbbbbb, error: SyntaxError: Invalid JSON: <json>:1:0 Expected json literal but found a
    [junit] abbbbbbbbbbbbbbbbbbbbbbbbbbbbbbbbbbbb
    [junit] ^ (Thread[Thread-18,1,main])
    [junit] SerialPort: SerialPort: invalid data: abbbbbbbbbbbbbbbbbbbbbbbbbbbbbbbbbbbbb, error: SyntaxError: Invalid JSON: <json>:1:0 Expected json literal but found a
    [junit] abbbbbbbbbbbbbbbbbbbbbbbbbbbbbbbbbbbbb
    [junit] ^ (Thread[Thread-18,1,main])
    [junit] SerialPort: SerialPort: invalid data: abbbbbbbbbbbbbbbbbbbbbbbbbbbbbbbbbbbbbb, error: SyntaxError: Invalid JSON: <json>:1:0 Expected json literal but found a
    [junit] abbbbbbbbbbbbbbbbbbbbbbbbbbbbbbbbbbbbbb
    [junit] ^ (Thread[Thread-18,1,main])
    [junit] WARNING: TestSpontaneous: Model stopped before executing actions (e.g. producing outputs) scheduled for execution at times [4.6000000000000005]
    [junit] SerialPort: Closing serial port. (Thread[SerialLoopbackInvalid,1,main])
    [junit] 10798 ms. Memory: 775168K Free: 351072K (45%)
    [junit] reloadAllAccessors: .SerialLoopbackInvalid
    [junit] SerialPort: Serial port reader thread exiting. (Thread[Thread-18,1,main])
    [junit] SerialPort: Serial port writer thread exiting. (Thread[Thread-19,1,main])
    [junit] ----------------- Sun Apr 29 16:14:49 UTC 2018 About to sleep for 25.0 seconds before rerunning.  Test is: /home/travis/build/icyphy/ptII/ptolemy/actor/lib/jjs/modules/serial/test/auto/SerialLoopbackInvalid.xml
    [junit] ----------------- Reloaded Accessors and testing again Sun Apr 29 16:15:14 UTC 2018 /home/travis/build/icyphy/ptII/ptolemy/actor/lib/jjs/modules/serial/test/auto/SerialLoopbackInvalid.xml
    [junit] SerialPort: SerialPort: invalid data: a, error: SyntaxError: Invalid JSON: <json>:1:0 Expected json literal but found a
    [junit] a
    [junit] ^ (Thread[Thread-21,5,main])
    [junit] SerialPort: SerialPort: invalid data: ab, error: SyntaxError: Invalid JSON: <json>:1:0 Expected json literal but found a
    [junit] ab
    [junit] ^ (Thread[Thread-21,5,main])
    [junit] SerialPort: SerialPort: invalid data: abb, error: SyntaxError: Invalid JSON: <json>:1:0 Expected json literal but found a
    [junit] abb
    [junit] ^ (Thread[Thread-21,5,main])
    [junit] SerialPort: SerialPort: invalid data: abbb, error: SyntaxError: Invalid JSON: <json>:1:0 Expected json literal but found a
    [junit] abbb
    [junit] ^ (Thread[Thread-21,5,main])
    [junit] SerialPort: SerialPort: invalid data: abbbb, error: SyntaxError: Invalid JSON: <json>:1:0 Expected json literal but found a
    [junit] abbbb
    [junit] ^ (Thread[Thread-21,5,main])
    [junit] SerialPort: SerialPort: invalid data: abbbbb, error: SyntaxError: Invalid JSON: <json>:1:0 Expected json literal but found a
    [junit] abbbbb
    [junit] ^ (Thread[Thread-21,5,main])
    [junit] SerialPort: SerialPort: invalid data: abbbbbb, error: SyntaxError: Invalid JSON: <json>:1:0 Expected json literal but found a
    [junit] abbbbbb
    [junit] ^ (Thread[Thread-21,5,main])
    [junit] SerialPort: SerialPort: invalid data: abbbbbbb, error: SyntaxError: Invalid JSON: <json>:1:0 Expected json literal but found a
    [junit] abbbbbbb
    [junit] ^ (Thread[Thread-21,5,main])
    [junit] SerialPort: SerialPort: invalid data: abbbbbbbb, error: SyntaxError: Invalid JSON: <json>:1:0 Expected json literal but found a
    [junit] abbbbbbbb
    [junit] ^ (Thread[Thread-21,5,main])
    [junit] SerialPort: SerialPort: invalid data: abbbbbbbbb, error: SyntaxError: Invalid JSON: <json>:1:0 Expected json literal but found a
    [junit] abbbbbbbbb
    [junit] ^ (Thread[Thread-21,5,main])
    [junit] SerialPort: SerialPort: invalid data: abbbbbbbbbb, error: SyntaxError: Invalid JSON: <json>:1:0 Expected json literal but found a
    [junit] abbbbbbbbbb
    [junit] ^ (Thread[Thread-21,5,main])
    [junit] SerialPort: SerialPort: invalid data: abbbbbbbbbbb, error: SyntaxError: Invalid JSON: <json>:1:0 Expected json literal but found a
    [junit] abbbbbbbbbbb
    [junit] ^ (Thread[Thread-21,5,main])
    [junit] SerialPort: SerialPort: invalid data: abbbbbbbbbbbb, error: SyntaxError: Invalid JSON: <json>:1:0 Expected json literal but found a
    [junit] abbbbbbbbbbbb
    [junit] ^ (Thread[Thread-21,5,main])
    [junit] SerialPort: SerialPort: invalid data: abbbbbbbbbbbbb, error: SyntaxError: Invalid JSON: <json>:1:0 Expected json literal but found a
    [junit] abbbbbbbbbbbbb
    [junit] ^ (Thread[Thread-21,5,main])
    [junit] SerialPort: SerialPort: invalid data: abbbbbbbbbbbbbb, error: SyntaxError: Invalid JSON: <json>:1:0 Expected json literal but found a
    [junit] abbbbbbbbbbbbbb
    [junit] ^ (Thread[Thread-21,5,main])
    [junit] SerialPort: SerialPort: invalid data: abbbbbbbbbbbbbbb, error: SyntaxError: Invalid JSON: <json>:1:0 Expected json literal but found a
    [junit] abbbbbbbbbbbbbbb
    [junit] ^ (Thread[Thread-21,5,main])
    [junit] SerialPort: SerialPort: invalid data: abbbbbbbbbbbbbbbb, error: SyntaxError: Invalid JSON: <json>:1:0 Expected json literal but found a
    [junit] abbbbbbbbbbbbbbbb
    [junit] ^ (Thread[Thread-21,5,main])
    [junit] SerialPort: SerialPort: invalid data: abbbbbbbbbbbbbbbbb, error: SyntaxError: Invalid JSON: <json>:1:0 Expected json literal but found a
    [junit] abbbbbbbbbbbbbbbbb
    [junit] ^ (Thread[Thread-21,5,main])
    [junit] SerialPort: SerialPort: invalid data: abbbbbbbbbbbbbbbbbb, error: SyntaxError: Invalid JSON: <json>:1:0 Expected json literal but found a
    [junit] abbbbbbbbbbbbbbbbbb
    [junit] ^ (Thread[Thread-21,5,main])
    [junit] SerialPort: SerialPort: invalid data: abbbbbbbbbbbbbbbbbbb, error: SyntaxError: Invalid JSON: <json>:1:0 Expected json literal but found a
    [junit] abbbbbbbbbbbbbbbbbbb
    [junit] ^ (Thread[Thread-21,5,main])
    [junit] SerialPort: SerialPort: invalid data: abbbbbbbbbbbbbbbbbbbb, error: SyntaxError: Invalid JSON: <json>:1:0 Expected json literal but found a
    [junit] abbbbbbbbbbbbbbbbbbbb
    [junit] ^ (Thread[Thread-21,5,main])
    [junit] SerialPort: SerialPort: invalid data: abbbbbbbbbbbbbbbbbbbbb, error: SyntaxError: Invalid JSON: <json>:1:0 Expected json literal but found a
    [junit] abbbbbbbbbbbbbbbbbbbbb
    [junit] ^ (Thread[Thread-21,5,main])
    [junit] SerialPort: SerialPort: invalid data: abbbbbbbbbbbbbbbbbbbbbb, error: SyntaxError: Invalid JSON: <json>:1:0 Expected json literal but found a
    [junit] abbbbbbbbbbbbbbbbbbbbbb
    [junit] ^ (Thread[Thread-21,5,main])
    [junit] SerialPort: SerialPort: invalid data: abbbbbbbbbbbbbbbbbbbbbbb, error: SyntaxError: Invalid JSON: <json>:1:0 Expected json literal but found a
    [junit] abbbbbbbbbbbbbbbbbbbbbbb
    [junit] ^ (Thread[Thread-21,5,main])
    [junit] SerialPort: SerialPort: invalid data: abbbbbbbbbbbbbbbbbbbbbbbb, error: SyntaxError: Invalid JSON: <json>:1:0 Expected json literal but found a
    [junit] abbbbbbbbbbbbbbbbbbbbbbbb
    [junit] ^ (Thread[Thread-21,5,main])
    [junit] SerialPort: SerialPort: invalid data: abbbbbbbbbbbbbbbbbbbbbbbbb, error: SyntaxError: Invalid JSON: <json>:1:0 Expected json literal but found a
    [junit] abbbbbbbbbbbbbbbbbbbbbbbbb
    [junit] ^ (Thread[Thread-21,5,main])
    [junit] SerialPort: SerialPort: invalid data: abbbbbbbbbbbbbbbbbbbbbbbbbb, error: SyntaxError: Invalid JSON: <json>:1:0 Expected json literal but found a
    [junit] abbbbbbbbbbbbbbbbbbbbbbbbbb
    [junit] ^ (Thread[Thread-21,5,main])
    [junit] SerialPort: SerialPort: invalid data: abbbbbbbbbbbbbbbbbbbbbbbbbbb, error: SyntaxError: Invalid JSON: <json>:1:0 Expected json literal but found a
    [junit] abbbbbbbbbbbbbbbbbbbbbbbbbbb
    [junit] ^ (Thread[Thread-21,5,main])
    [junit] SerialPort: SerialPort: invalid data: abbbbbbbbbbbbbbbbbbbbbbbbbbbb, error: SyntaxError: Invalid JSON: <json>:1:0 Expected json literal but found a
    [junit] abbbbbbbbbbbbbbbbbbbbbbbbbbbb
    [junit] ^ (Thread[Thread-21,5,main])
    [junit] SerialPort: SerialPort: invalid data: abbbbbbbbbbbbbbbbbbbbbbbbbbbbb, error: SyntaxError: Invalid JSON: <json>:1:0 Expected json literal but found a
    [junit] abbbbbbbbbbbbbbbbbbbbbbbbbbbbb
    [junit] ^ (Thread[Thread-21,5,main])
    [junit] SerialPort: SerialPort: invalid data: abbbbbbbbbbbbbbbbbbbbbbbbbbbbbb, error: SyntaxError: Invalid JSON: <json>:1:0 Expected json literal but found a
    [junit] abbbbbbbbbbbbbbbbbbbbbbbbbbbbbb
    [junit] ^ (Thread[Thread-21,5,main])
    [junit] SerialPort: SerialPort: invalid data: abbbbbbbbbbbbbbbbbbbbbbbbbbbbbbb, error: SyntaxError: Invalid JSON: <json>:1:0 Expected json literal but found a
    [junit] abbbbbbbbbbbbbbbbbbbbbbbbbbbbbbb
    [junit] ^ (Thread[Thread-21,5,main])
    [junit] SerialPort: SerialPort: invalid data: abbbbbbbbbbbbbbbbbbbbbbbbbbbbbbbb, error: SyntaxError: Invalid JSON: <json>:1:0 Expected json literal but found a
    [junit] abbbbbbbbbbbbbbbbbbbbbbbbbbbbbbbb
    [junit] ^ (Thread[Thread-21,5,main])
    [junit] SerialPort: SerialPort: invalid data: abbbbbbbbbbbbbbbbbbbbbbbbbbbbbbbbb, error: SyntaxError: Invalid JSON: <json>:1:0 Expected json literal but found a
    [junit] abbbbbbbbbbbbbbbbbbbbbbbbbbbbbbbbb
    [junit] ^ (Thread[Thread-21,5,main])
    [junit] SerialPort: SerialPort: invalid data: abbbbbbbbbbbbbbbbbbbbbbbbbbbbbbbbbb, error: SyntaxError: Invalid JSON: <json>:1:0 Expected json literal but found a
    [junit] abbbbbbbbbbbbbbbbbbbbbbbbbbbbbbbbbb
    [junit] ^ (Thread[Thread-21,5,main])
    [junit] SerialPort: SerialPort: invalid data: abbbbbbbbbbbbbbbbbbbbbbbbbbbbbbbbbbb, error: SyntaxError: Invalid JSON: <json>:1:0 Expected json literal but found a
    [junit] abbbbbbbbbbbbbbbbbbbbbbbbbbbbbbbbbbb
    [junit] ^ (Thread[Thread-21,5,main])
    [junit] SerialPort: SerialPort: invalid data: abbbbbbbbbbbbbbbbbbbbbbbbbbbbbbbbbbbb, error: SyntaxError: Invalid JSON: <json>:1:0 Expected json literal but found a
    [junit] abbbbbbbbbbbbbbbbbbbbbbbbbbbbbbbbbbbb
    [junit] ^ (Thread[Thread-21,5,main])
    [junit] SerialPort: SerialPort: invalid data: abbbbbbbbbbbbbbbbbbbbbbbbbbbbbbbbbbbbb, error: SyntaxError: Invalid JSON: <json>:1:0 Expected json literal but found a
    [junit] abbbbbbbbbbbbbbbbbbbbbbbbbbbbbbbbbbbbb
    [junit] ^ (Thread[Thread-21,5,main])
    [junit] SerialPort: SerialPort: invalid data: abbbbbbbbbbbbbbbbbbbbbbbbbbbbbbbbbbbbbb, error: SyntaxError: Invalid JSON: <json>:1:0 Expected json literal but found a
    [junit] abbbbbbbbbbbbbbbbbbbbbbbbbbbbbbbbbbbbbb
    [junit] ^ (Thread[Thread-21,5,main])
    [junit] SerialPort: SerialPort: invalid data: abbbbbbbbbbbbbbbbbbbbbbbbbbbbbbbbbbbbbbb, error: SyntaxError: Invalid JSON: <json>:1:0 Expected json literal but found a
    [junit] abbbbbbbbbbbbbbbbbbbbbbbbbbbbbbbbbbbbbbb
    [junit] ^ (Thread[Thread-21,5,main])
    [junit] WARNING: TestSpontaneous: Model stopped before executing actions (e.g. producing outputs) scheduled for execution at times [4.6000000000000005]
    [junit] SerialPort: Closing serial port. (Thread[Thread-15,5,main])
    [junit] 10142 ms. Memory: 790528K Free: 367507K (46%)
    [junit] ----------------- testing Sun Apr 29 16:15:24 UTC 2018 /home/travis/build/icyphy/ptII/ptolemy/actor/lib/jjs/modules/serial/test/auto/SerialLoopbackJSON.xml
    [junit] ----------------- Sun Apr 29 16:15:24 UTC 2018 About to sleep for 25.0 seconds before rerunning.  Test is: /home/travis/build/icyphy/ptII/ptolemy/actor/lib/jjs/modules/serial/test/auto/SerialLoopbackJSON.xml
    [junit] SerialPort: Serial port reader thread exiting. (Thread[Thread-21,5,main])
    [junit] SerialPort: Serial port writer thread exiting. (Thread[Thread-22,5,main])
    [junit] SerialPort: Closing serial port. (Thread[SerialLoopbackJSON,1,main])
    [junit] WARNING: TestSpontaneous: Model stopped before executing actions (e.g. producing outputs) scheduled for execution at times [5.6000000000000005]
    [junit] JavaScriptJSON: JavaScriptTrueToken.wrapup() (Thread[SerialLoopbackJSON,1,main])
    [junit] 11920 ms. Memory: 801792K Free: 419851K (52%)
    [junit] reloadAllAccessors: .SerialLoopbackJSON
    [junit] SerialPort: Serial port reader thread exiting. (Thread[Thread-26,1,main])
    [junit] SerialPort: Serial port writer thread exiting. (Thread[Thread-27,1,main])
    [junit] ----------------- Sun Apr 29 16:16:06 UTC 2018 About to sleep for 25.0 seconds before rerunning.  Test is: /home/travis/build/icyphy/ptII/ptolemy/actor/lib/jjs/modules/serial/test/auto/SerialLoopbackJSON.xml
    [junit] ----------------- Reloaded Accessors and testing again Sun Apr 29 16:16:31 UTC 2018 /home/travis/build/icyphy/ptII/ptolemy/actor/lib/jjs/modules/serial/test/auto/SerialLoopbackJSON.xml
    [junit] SerialPort: Closing serial port. (Thread[Thread-23,5,main])
    [junit] WARNING: TestSpontaneous: Model stopped before executing actions (e.g. producing outputs) scheduled for execution at times [5.6000000000000005]
    [junit] JavaScriptJSON: JavaScriptTrueToken.wrapup() (Thread[Thread-23,5,main])
    [junit] 11353 ms. Memory: 812544K Free: 609669K (75%)
    [junit] ----------------- testing Sun Apr 29 16:16:42 UTC 2018 /home/travis/build/icyphy/ptII/ptolemy/actor/lib/jjs/modules/serial/test/auto/SerialLoopbackNumber.xml
    [junit] ----------------- Sun Apr 29 16:16:42 UTC 2018 About to sleep for 25.0 seconds before rerunning.  Test is: /home/travis/build/icyphy/ptII/ptolemy/actor/lib/jjs/modules/serial/test/auto/SerialLoopbackNumber.xml
    [junit] SerialPort: Serial port reader thread exiting. (Thread[Thread-29,5,main])
    [junit] SerialPort: Serial port writer thread exiting. (Thread[Thread-30,5,main])
    [junit] SerialPort: Closing serial port. (Thread[SerialLoopbackNumber,1,main])
    [junit] WARNING: TestSpontaneous: Model stopped before executing actions (e.g. producing outputs) scheduled for execution at times [5.6000000000000005]
    [junit] 11767 ms. Memory: 820224K Free: 682342K (83%)
    [junit] reloadAllAccessors: .SerialLoopbackNumber
    [junit] SerialPort: Serial port reader thread exiting. (Thread[Thread-34,1,main])
    [junit] SerialPort: Serial port writer thread exiting. (Thread[Thread-35,1,main])
    [junit] ----------------- Sun Apr 29 16:17:24 UTC 2018 About to sleep for 25.0 seconds before rerunning.  Test is: /home/travis/build/icyphy/ptII/ptolemy/actor/lib/jjs/modules/serial/test/auto/SerialLoopbackNumber.xml
    [junit] ----------------- Reloaded Accessors and testing again Sun Apr 29 16:17:49 UTC 2018 /home/travis/build/icyphy/ptII/ptolemy/actor/lib/jjs/modules/serial/test/auto/SerialLoopbackNumber.xml
    [junit] WARNING: TestSpontaneous: Model stopped before executing actions (e.g. producing outputs) scheduled for execution at times [5.6000000000000005]
    [junit] SerialPort: Closing serial port. (Thread[Thread-31,5,main])
    [junit] 11138 ms. Memory: 821248K Free: 614697K (75%)
    [junit] ----------------- testing Sun Apr 29 16:18:00 UTC 2018 /home/travis/build/icyphy/ptII/ptolemy/actor/lib/jjs/modules/serial/test/auto/SerialLoopbackShort.xml
    [junit] ----------------- Sun Apr 29 16:18:00 UTC 2018 About to sleep for 25.0 seconds before rerunning.  Test is: /home/travis/build/icyphy/ptII/ptolemy/actor/lib/jjs/modules/serial/test/auto/SerialLoopbackShort.xml
    [junit] SerialPort: Serial port reader thread exiting. (Thread[Thread-37,5,main])
    [junit] SerialPort: Serial port writer thread exiting. (Thread[Thread-38,5,main])
    [junit] WARNING: TestSpontaneous: Model stopped before executing actions (e.g. producing outputs) scheduled for execution at times [5.6000000000000005]
    [junit] SerialPort: Closing serial port. (Thread[SerialLoopbackShort,1,main])
    [junit] 10839 ms. Memory: 828928K Free: 221546K (27%)
    [junit] reloadAllAccessors: .SerialLoopbackShort
    [junit] SerialPort: Serial port reader thread exiting. (Thread[Thread-42,1,main])
    [junit] SerialPort: Serial port writer thread exiting. (Thread[Thread-43,1,main])
    [junit] ----------------- Sun Apr 29 16:18:40 UTC 2018 About to sleep for 25.0 seconds before rerunning.  Test is: /home/travis/build/icyphy/ptII/ptolemy/actor/lib/jjs/modules/serial/test/auto/SerialLoopbackShort.xml
    [junit] ----------------- Reloaded Accessors and testing again Sun Apr 29 16:19:05 UTC 2018 /home/travis/build/icyphy/ptII/ptolemy/actor/lib/jjs/modules/serial/test/auto/SerialLoopbackShort.xml
    [junit] WARNING: TestSpontaneous: Model stopped before executing actions (e.g. producing outputs) scheduled for execution at times [5.6000000000000005]
    [junit] SerialPort: Closing serial port. (Thread[Thread-39,5,main])
    [junit] 11429 ms. Memory: 837632K Free: 366955K (44%)
    [junit] ----------------- testing Sun Apr 29 16:19:17 UTC 2018 /home/travis/build/icyphy/ptII/ptolemy/actor/lib/jjs/modules/serial/test/auto/SerialLoopbackString.xml
    [junit] ----------------- Sun Apr 29 16:19:17 UTC 2018 About to sleep for 25.0 seconds before rerunning.  Test is: /home/travis/build/icyphy/ptII/ptolemy/actor/lib/jjs/modules/serial/test/auto/SerialLoopbackString.xml
    [junit] SerialPort: Serial port reader thread exiting. (Thread[Thread-45,5,main])
    [junit] SerialPort: Serial port writer thread exiting. (Thread[Thread-46,5,main])
    [junit] SerialPort: Closing serial port. (Thread[SerialLoopbackString,1,main])
    [junit] WARNING: TestSpontaneous: Model stopped before executing actions (e.g. producing outputs) scheduled for execution at times [5.6000000000000005]
    [junit] 11317 ms. Memory: 836608K Free: 502920K (60%)
    [junit] reloadAllAccessors: .SerialLoopbackString
    [junit] SerialPort: Serial port reader thread exiting. (Thread[Thread-50,1,main])
    [junit] SerialPort: Serial port writer thread exiting. (Thread[Thread-51,1,main])
    [junit] ----------------- Sun Apr 29 16:19:58 UTC 2018 About to sleep for 25.0 seconds before rerunning.  Test is: /home/travis/build/icyphy/ptII/ptolemy/actor/lib/jjs/modules/serial/test/auto/SerialLoopbackString.xml
    [junit] ----------------- Reloaded Accessors and testing again Sun Apr 29 16:20:23 UTC 2018 /home/travis/build/icyphy/ptII/ptolemy/actor/lib/jjs/modules/serial/test/auto/SerialLoopbackString.xml
    [junit] WARNING: TestSpontaneous: Model stopped before executing actions (e.g. producing outputs) scheduled for execution at times [5.6000000000000005]
    [junit] SerialPort: Closing serial port. (Thread[Thread-47,5,main])
    [junit] 11022 ms. Memory: 836096K Free: 660638K (79%)
    [junit] ----------------- testing Sun Apr 29 16:20:34 UTC 2018 /home/travis/build/icyphy/ptII/ptolemy/actor/lib/jjs/modules/serial/test/auto/SerialLoopbackUnsignedByte.xml
    [junit] ----------------- Sun Apr 29 16:20:34 UTC 2018 About to sleep for 25.0 seconds before rerunning.  Test is: /home/travis/build/icyphy/ptII/ptolemy/actor/lib/jjs/modules/serial/test/auto/SerialLoopbackUnsignedByte.xml
    [junit] SerialPort: Serial port reader thread exiting. (Thread[Thread-53,5,main])
    [junit] SerialPort: Serial port writer thread exiting. (Thread[Thread-54,5,main])
    [junit] WARNING: TestSpontaneous: Model stopped before executing actions (e.g. producing outputs) scheduled for execution at times [5.6000000000000005]
    [junit] SerialPort: Closing serial port. (Thread[SerialLoopbackUnsignedByte,1,main])
    [junit] 11916 ms. Memory: 841216K Free: 100493K (12%)
    [junit] reloadAllAccessors: .SerialLoopbackUnsignedByte
    [junit] SerialPort: Serial port reader thread exiting. (Thread[Thread-58,1,main])
    [junit] SerialPort: Serial port writer thread exiting. (Thread[Thread-59,1,main])
    [junit] ----------------- Sun Apr 29 16:21:16 UTC 2018 About to sleep for 25.0 seconds before rerunning.  Test is: /home/travis/build/icyphy/ptII/ptolemy/actor/lib/jjs/modules/serial/test/auto/SerialLoopbackUnsignedByte.xml
    [junit] ----------------- Reloaded Accessors and testing again Sun Apr 29 16:21:41 UTC 2018 /home/travis/build/icyphy/ptII/ptolemy/actor/lib/jjs/modules/serial/test/auto/SerialLoopbackUnsignedByte.xml
    [junit] WARNING: TestSpontaneous: Model stopped before executing actions (e.g. producing outputs) scheduled for execution at times [5.6000000000000005]
    [junit] SerialPort: Closing serial port. (Thread[Thread-55,5,main])
    [junit] 11497 ms. Memory: 848384K Free: 299745K (35%)
    [junit] AutoTests.java: About to close Vertx.
    [junit] AutoTests.java: Vertx closed.
    [junit] Tests run: 10, Failures: 0, Errors: 0, Skipped: 0, Time elapsed: 558.055 sec
    [junit] Output:
    [junit] No tcl tests in /home/travis/build/icyphy/ptII/ptolemy/actor/lib/jjs/modules/serial/test
    [junit] ----------------- testing (KnownFailure) /home/travis/build/icyphy/ptII/ptolemy/actor/lib/jjs/modules/serial/test/auto/knownFailedTests/SerialHelloWorld.xml
    [junit] JavaScript: Closing serial port. (Thread[SerialHelloWorld,1,main])
    [junit] 3041 ms. Memory: 218112K Free: 70331K (32%)
    [junit] Known Failure: java.lang.reflect.InvocationTargetException
    [junit] No auto/*.xml tests in /home/travis/build/icyphy/ptII/ptolemy/actor/lib/jjs/modules/serial/test
    [junit] AutoTests.java: About to close Vertx.
    [junit] AutoTests.java: Vertx closed.
    [junit] ----------------- testing Sun Apr 29 16:12:44 UTC 2018 /home/travis/build/icyphy/ptII/ptolemy/actor/lib/jjs/modules/serial/test/auto/SerialLoopbackIntToString.xml
    [junit] ----------------- Sun Apr 29 16:12:44 UTC 2018 About to sleep for 25.0 seconds before rerunning.  Test is: /home/travis/build/icyphy/ptII/ptolemy/actor/lib/jjs/modules/serial/test/auto/SerialLoopbackIntToString.xml
    [junit] JSAccessor: PT_NO_NET environment variable is set, so git pull and ptdoc are not being run.
    [junit] SerialPort: Closing serial port. (Thread[SerialLoopbackIntToString,1,main])
    [junit] 14512 ms. Memory: 709632K Free: 187631K (26%)
    [junit] reloadAllAccessors: .SerialLoopbackIntToString
    [junit] This is the first time that the reloadAllAccessors method has been invoked in this JVM, so the the accessors repo will be checked out or updated and JSDoc invoked. Note that running the tests may end up invoking a new JVM for each directory, so the repo may be checked out or updated and JSDoc invoked more than once when the tests are run.
    [junit] SerialPort: Serial port reader thread exiting. (Thread[Thread-10,1,main])
    [junit] SerialPort: Serial port writer thread exiting. (Thread[Thread-11,1,main])
    [junit] ----------------- Sun Apr 29 16:13:31 UTC 2018 About to sleep for 25.0 seconds before rerunning.  Test is: /home/travis/build/icyphy/ptII/ptolemy/actor/lib/jjs/modules/serial/test/auto/SerialLoopbackIntToString.xml
    [junit] ----------------- Reloaded Accessors and testing again Sun Apr 29 16:13:56 UTC 2018 /home/travis/build/icyphy/ptII/ptolemy/actor/lib/jjs/modules/serial/test/auto/SerialLoopbackIntToString.xml
    [junit] SerialPort: Closing serial port. (Thread[Thread-7,5,main])
    [junit] 12175 ms. Memory: 742912K Free: 363843K (49%)
    [junit] ----------------- testing Sun Apr 29 16:14:08 UTC 2018 /home/travis/build/icyphy/ptII/ptolemy/actor/lib/jjs/modules/serial/test/auto/SerialLoopbackInvalid.xml
    [junit] ----------------- Sun Apr 29 16:14:08 UTC 2018 About to sleep for 25.0 seconds before rerunning.  Test is: /home/travis/build/icyphy/ptII/ptolemy/actor/lib/jjs/modules/serial/test/auto/SerialLoopbackInvalid.xml
    [junit] SerialPort: Serial port reader thread exiting. (Thread[Thread-13,5,main])
    [junit] SerialPort: Serial port writer thread exiting. (Thread[Thread-14,5,main])
    [junit] SerialPort: SerialPort: invalid data: a, error: SyntaxError: Invalid JSON: <json>:1:0 Expected json literal but found a
    [junit] a
    [junit] ^ (Thread[Thread-18,1,main])
    [junit] SerialPort: SerialPort: invalid data: ab, error: SyntaxError: Invalid JSON: <json>:1:0 Expected json literal but found a
    [junit] ab
    [junit] ^ (Thread[Thread-18,1,main])
    [junit] SerialPort: SerialPort: invalid data: abb, error: SyntaxError: Invalid JSON: <json>:1:0 Expected json literal but found a
    [junit] abb
    [junit] ^ (Thread[Thread-18,1,main])
    [junit] SerialPort: SerialPort: invalid data: abbb, error: SyntaxError: Invalid JSON: <json>:1:0 Expected json literal but found a
    [junit] abbb
    [junit] ^ (Thread[Thread-18,1,main])
    [junit] SerialPort: SerialPort: invalid data: abbbb, error: SyntaxError: Invalid JSON: <json>:1:0 Expected json literal but found a
    [junit] abbbb
    [junit] ^ (Thread[Thread-18,1,main])
    [junit] SerialPort: SerialPort: invalid data: abbbbb, error: SyntaxError: Invalid JSON: <json>:1:0 Expected json literal but found a
    [junit] abbbbb
    [junit] ^ (Thread[Thread-18,1,main])
    [junit] SerialPort: SerialPort: invalid data: abbbbbb, error: SyntaxError: Invalid JSON: <json>:1:0 Expected json literal but found a
    [junit] abbbbbb
    [junit] ^ (Thread[Thread-18,1,main])
    [junit] SerialPort: SerialPort: invalid data: abbbbbbb, error: SyntaxError: Invalid JSON: <json>:1:0 Expected json literal but found a
    [junit] abbbbbbb
    [junit] ^ (Thread[Thread-18,1,main])
    [junit] SerialPort: SerialPort: invalid data: abbbbbbbb, error: SyntaxError: Invalid JSON: <json>:1:0 Expected json literal but found a
    [junit] abbbbbbbb
    [junit] ^ (Thread[Thread-18,1,main])
    [junit] SerialPort: SerialPort: invalid data: abbbbbbbbb, error: SyntaxError: Invalid JSON: <json>:1:0 Expected json literal but found a
    [junit] abbbbbbbbb
    [junit] ^ (Thread[Thread-18,1,main])
    [junit] SerialPort: SerialPort: invalid data: abbbbbbbbbb, error: SyntaxError: Invalid JSON: <json>:1:0 Expected json literal but found a
    [junit] abbbbbbbbbb
    [junit] ^ (Thread[Thread-18,1,main])
    [junit] SerialPort: SerialPort: invalid data: abbbbbbbbbbb, error: SyntaxError: Invalid JSON: <json>:1:0 Expected json literal but found a
    [junit] abbbbbbbbbbb
    [junit] ^ (Thread[Thread-18,1,main])
    [junit] SerialPort: SerialPort: invalid data: abbbbbbbbbbbb, error: SyntaxError: Invalid JSON: <json>:1:0 Expected json literal but found a
    [junit] abbbbbbbbbbbb
    [junit] ^ (Thread[Thread-18,1,main])
    [junit] SerialPort: SerialPort: invalid data: abbbbbbbbbbbbb, error: SyntaxError: Invalid JSON: <json>:1:0 Expected json literal but found a
    [junit] abbbbbbbbbbbbb
    [junit] ^ (Thread[Thread-18,1,main])
    [junit] SerialPort: SerialPort: invalid data: abbbbbbbbbbbbbb, error: SyntaxError: Invalid JSON: <json>:1:0 Expected json literal but found a
    [junit] abbbbbbbbbbbbbb
    [junit] ^ (Thread[Thread-18,1,main])
    [junit] SerialPort: SerialPort: invalid data: abbbbbbbbbbbbbbb, error: SyntaxError: Invalid JSON: <json>:1:0 Expected json literal but found a
    [junit] abbbbbbbbbbbbbbb
    [junit] ^ (Thread[Thread-18,1,main])
    [junit] SerialPort: SerialPort: invalid data: abbbbbbbbbbbbbbbb, error: SyntaxError: Invalid JSON: <json>:1:0 Expected json literal but found a
    [junit] abbbbbbbbbbbbbbbb
    [junit] ^ (Thread[Thread-18,1,main])
    [junit] SerialPort: SerialPort: invalid data: abbbbbbbbbbbbbbbbb, error: SyntaxError: Invalid JSON: <json>:1:0 Expected json literal but found a
    [junit] abbbbbbbbbbbbbbbbb
    [junit] ^ (Thread[Thread-18,1,main])
    [junit] SerialPort: SerialPort: invalid data: abbbbbbbbbbbbbbbbbb, error: SyntaxError: Invalid JSON: <json>:1:0 Expected json literal but found a
    [junit] abbbbbbbbbbbbbbbbbb
    [junit] ^ (Thread[Thread-18,1,main])
    [junit] SerialPort: SerialPort: invalid data: abbbbbbbbbbbbbbbbbbb, error: SyntaxError: Invalid JSON: <json>:1:0 Expected json literal but found a
    [junit] abbbbbbbbbbbbbbbbbbb
    [junit] ^ (Thread[Thread-18,1,main])
    [junit] SerialPort: SerialPort: invalid data: abbbbbbbbbbbbbbbbbbbb, error: SyntaxError: Invalid JSON: <json>:1:0 Expected json literal but found a
    [junit] abbbbbbbbbbbbbbbbbbbb
    [junit] ^ (Thread[Thread-18,1,main])
    [junit] SerialPort: SerialPort: invalid data: abbbbbbbbbbbbbbbbbbbbb, error: SyntaxError: Invalid JSON: <json>:1:0 Expected json literal but found a
    [junit] abbbbbbbbbbbbbbbbbbbbb
    [junit] ^ (Thread[Thread-18,1,main])
    [junit] SerialPort: SerialPort: invalid data: abbbbbbbbbbbbbbbbbbbbbb, error: SyntaxError: Invalid JSON: <json>:1:0 Expected json literal but found a
    [junit] abbbbbbbbbbbbbbbbbbbbbb
    [junit] ^ (Thread[Thread-18,1,main])
    [junit] SerialPort: SerialPort: invalid data: abbbbbbbbbbbbbbbbbbbbbbb, error: SyntaxError: Invalid JSON: <json>:1:0 Expected json literal but found a
    [junit] abbbbbbbbbbbbbbbbbbbbbbb
    [junit] ^ (Thread[Thread-18,1,main])
    [junit] SerialPort: SerialPort: invalid data: abbbbbbbbbbbbbbbbbbbbbbbb, error: SyntaxError: Invalid JSON: <json>:1:0 Expected json literal but found a
    [junit] abbbbbbbbbbbbbbbbbbbbbbbb
    [junit] ^ (Thread[Thread-18,1,main])
    [junit] SerialPort: SerialPort: invalid data: abbbbbbbbbbbbbbbbbbbbbbbbb, error: SyntaxError: Invalid JSON: <json>:1:0 Expected json literal but found a
    [junit] abbbbbbbbbbbbbbbbbbbbbbbbb
    [junit] ^ (Thread[Thread-18,1,main])
    [junit] SerialPort: SerialPort: invalid data: abbbbbbbbbbbbbbbbbbbbbbbbbb, error: SyntaxError: Invalid JSON: <json>:1:0 Expected json literal but found a
    [junit] abbbbbbbbbbbbbbbbbbbbbbbbbb
    [junit] ^ (Thread[Thread-18,1,main])
    [junit] SerialPort: SerialPort: invalid data: abbbbbbbbbbbbbbbbbbbbbbbbbbb, error: SyntaxError: Invalid JSON: <json>:1:0 Expected json literal but found a
    [junit] abbbbbbbbbbbbbbbbbbbbbbbbbbb
    [junit] ^ (Thread[Thread-18,1,main])
    [junit] SerialPort: SerialPort: invalid data: abbbbbbbbbbbbbbbbbbbbbbbbbbbb, error: SyntaxError: Invalid JSON: <json>:1:0 Expected json literal but found a
    [junit] abbbbbbbbbbbbbbbbbbbbbbbbbbbb
    [junit] ^ (Thread[Thread-18,1,main])
    [junit] SerialPort: SerialPort: invalid data: abbbbbbbbbbbbbbbbbbbbbbbbbbbbb, error: SyntaxError: Invalid JSON: <json>:1:0 Expected json literal but found a
    [junit] abbbbbbbbbbbbbbbbbbbbbbbbbbbbb
    [junit] ^ (Thread[Thread-18,1,main])
    [junit] SerialPort: SerialPort: invalid data: abbbbbbbbbbbbbbbbbbbbbbbbbbbbbb, error: SyntaxError: Invalid JSON: <json>:1:0 Expected json literal but found a
    [junit] abbbbbbbbbbbbbbbbbbbbbbbbbbbbbb
    [junit] ^ (Thread[Thread-18,1,main])
    [junit] SerialPort: SerialPort: invalid data: abbbbbbbbbbbbbbbbbbbbbbbbbbbbbbb, error: SyntaxError: Invalid JSON: <json>:1:0 Expected json literal but found a
    [junit] abbbbbbbbbbbbbbbbbbbbbbbbbbbbbbb
    [junit] ^ (Thread[Thread-18,1,main])
    [junit] SerialPort: SerialPort: invalid data: abbbbbbbbbbbbbbbbbbbbbbbbbbbbbbbb, error: SyntaxError: Invalid JSON: <json>:1:0 Expected json literal but found a
    [junit] abbbbbbbbbbbbbbbbbbbbbbbbbbbbbbbb
    [junit] ^ (Thread[Thread-18,1,main])
    [junit] SerialPort: SerialPort: invalid data: abbbbbbbbbbbbbbbbbbbbbbbbbbbbbbbbb, error: SyntaxError: Invalid JSON: <json>:1:0 Expected json literal but found a
    [junit] abbbbbbbbbbbbbbbbbbbbbbbbbbbbbbbbb
    [junit] ^ (Thread[Thread-18,1,main])
    [junit] SerialPort: SerialPort: invalid data: abbbbbbbbbbbbbbbbbbbbbbbbbbbbbbbbbb, error: SyntaxError: Invalid JSON: <json>:1:0 Expected json literal but found a
    [junit] abbbbbbbbbbbbbbbbbbbbbbbbbbbbbbbbbb
    [junit] ^ (Thread[Thread-18,1,main])
    [junit] SerialPort: SerialPort: invalid data: abbbbbbbbbbbbbbbbbbbbbbbbbbbbbbbbbbb, error: SyntaxError: Invalid JSON: <json>:1:0 Expected json literal but found a
    [junit] abbbbbbbbbbbbbbbbbbbbbbbbbbbbbbbbbbb
    [junit] ^ (Thread[Thread-18,1,main])
    [junit] SerialPort: SerialPort: invalid data: abbbbbbbbbbbbbbbbbbbbbbbbbbbbbbbbbbbb, error: SyntaxError: Invalid JSON: <json>:1:0 Expected json literal but found a
    [junit] abbbbbbbbbbbbbbbbbbbbbbbbbbbbbbbbbbbb
    [junit] ^ (Thread[Thread-18,1,main])
    [junit] SerialPort: SerialPort: invalid data: abbbbbbbbbbbbbbbbbbbbbbbbbbbbbbbbbbbbb, error: SyntaxError: Invalid JSON: <json>:1:0 Expected json literal but found a
    [junit] abbbbbbbbbbbbbbbbbbbbbbbbbbbbbbbbbbbbb
    [junit] ^ (Thread[Thread-18,1,main])
    [junit] SerialPort: SerialPort: invalid data: abbbbbbbbbbbbbbbbbbbbbbbbbbbbbbbbbbbbbb, error: SyntaxError: Invalid JSON: <json>:1:0 Expected json literal but found a
    [junit] abbbbbbbbbbbbbbbbbbbbbbbbbbbbbbbbbbbbbb
    [junit] ^ (Thread[Thread-18,1,main])
    [junit] SerialPort: Closing serial port. (Thread[SerialLoopbackInvalid,1,main])
    [junit] 10798 ms. Memory: 775168K Free: 351072K (45%)
    [junit] reloadAllAccessors: .SerialLoopbackInvalid
    [junit] SerialPort: Serial port reader thread exiting. (Thread[Thread-18,1,main])
    [junit] SerialPort: Serial port writer thread exiting. (Thread[Thread-19,1,main])
    [junit] ----------------- Sun Apr 29 16:14:49 UTC 2018 About to sleep for 25.0 seconds before rerunning.  Test is: /home/travis/build/icyphy/ptII/ptolemy/actor/lib/jjs/modules/serial/test/auto/SerialLoopbackInvalid.xml
    [junit] ----------------- Reloaded Accessors and testing again Sun Apr 29 16:15:14 UTC 2018 /home/travis/build/icyphy/ptII/ptolemy/actor/lib/jjs/modules/serial/test/auto/SerialLoopbackInvalid.xml
    [junit] SerialPort: SerialPort: invalid data: a, error: SyntaxError: Invalid JSON: <json>:1:0 Expected json literal but found a
    [junit] a
    [junit] ^ (Thread[Thread-21,5,main])
    [junit] SerialPort: SerialPort: invalid data: ab, error: SyntaxError: Invalid JSON: <json>:1:0 Expected json literal but found a
    [junit] ab
    [junit] ^ (Thread[Thread-21,5,main])
    [junit] SerialPort: SerialPort: invalid data: abb, error: SyntaxError: Invalid JSON: <json>:1:0 Expected json literal but found a
    [junit] abb
    [junit] ^ (Thread[Thread-21,5,main])
    [junit] SerialPort: SerialPort: invalid data: abbb, error: SyntaxError: Invalid JSON: <json>:1:0 Expected json literal but found a
    [junit] abbb
    [junit] ^ (Thread[Thread-21,5,main])
    [junit] SerialPort: SerialPort: invalid data: abbbb, error: SyntaxError: Invalid JSON: <json>:1:0 Expected json literal but found a
    [junit] abbbb
    [junit] ^ (Thread[Thread-21,5,main])
    [junit] SerialPort: SerialPort: invalid data: abbbbb, error: SyntaxError: Invalid JSON: <json>:1:0 Expected json literal but found a
    [junit] abbbbb
    [junit] ^ (Thread[Thread-21,5,main])
    [junit] SerialPort: SerialPort: invalid data: abbbbbb, error: SyntaxError: Invalid JSON: <json>:1:0 Expected json literal but found a
    [junit] abbbbbb
    [junit] ^ (Thread[Thread-21,5,main])
    [junit] SerialPort: SerialPort: invalid data: abbbbbbb, error: SyntaxError: Invalid JSON: <json>:1:0 Expected json literal but found a
    [junit] abbbbbbb
    [junit] ^ (Thread[Thread-21,5,main])
    [junit] SerialPort: SerialPort: invalid data: abbbbbbbb, error: SyntaxError: Invalid JSON: <json>:1:0 Expected json literal but found a
    [junit] abbbbbbbb
    [junit] ^ (Thread[Thread-21,5,main])
    [junit] SerialPort: SerialPort: invalid data: abbbbbbbbb, error: SyntaxError: Invalid JSON: <json>:1:0 Expected json literal but found a
    [junit] abbbbbbbbb
    [junit] ^ (Thread[Thread-21,5,main])
    [junit] SerialPort: SerialPort: invalid data: abbbbbbbbbb, error: SyntaxError: Invalid JSON: <json>:1:0 Expected json literal but found a
    [junit] abbbbbbbbbb
    [junit] ^ (Thread[Thread-21,5,main])
    [junit] SerialPort: SerialPort: invalid data: abbbbbbbbbbb, error: SyntaxError: Invalid JSON: <json>:1:0 Expected json literal but found a
    [junit] abbbbbbbbbbb
    [junit] ^ (Thread[Thread-21,5,main])
    [junit] SerialPort: SerialPort: invalid data: abbbbbbbbbbbb, error: SyntaxError: Invalid JSON: <json>:1:0 Expected json literal but found a
    [junit] abbbbbbbbbbbb
    [junit] ^ (Thread[Thread-21,5,main])
    [junit] SerialPort: SerialPort: invalid data: abbbbbbbbbbbbb, error: SyntaxError: Invalid JSON: <json>:1:0 Expected json literal but found a
    [junit] abbbbbbbbbbbbb
    [junit] ^ (Thread[Thread-21,5,main])
    [junit] SerialPort: SerialPort: invalid data: abbbbbbbbbbbbbb, error: SyntaxError: Invalid JSON: <json>:1:0 Expected json literal but found a
    [junit] abbbbbbbbbbbbbb
    [junit] ^ (Thread[Thread-21,5,main])
    [junit] SerialPort: SerialPort: invalid data: abbbbbbbbbbbbbbb, error: SyntaxError: Invalid JSON: <json>:1:0 Expected json literal but found a
    [junit] abbbbbbbbbbbbbbb
    [junit] ^ (Thread[Thread-21,5,main])
    [junit] SerialPort: SerialPort: invalid data: abbbbbbbbbbbbbbbb, error: SyntaxError: Invalid JSON: <json>:1:0 Expected json literal but found a
    [junit] abbbbbbbbbbbbbbbb
    [junit] ^ (Thread[Thread-21,5,main])
    [junit] SerialPort: SerialPort: invalid data: abbbbbbbbbbbbbbbbb, error: SyntaxError: Invalid JSON: <json>:1:0 Expected json literal but found a
    [junit] abbbbbbbbbbbbbbbbb
    [junit] ^ (Thread[Thread-21,5,main])
    [junit] SerialPort: SerialPort: invalid data: abbbbbbbbbbbbbbbbbb, error: SyntaxError: Invalid JSON: <json>:1:0 Expected json literal but found a
    [junit] abbbbbbbbbbbbbbbbbb
    [junit] ^ (Thread[Thread-21,5,main])
    [junit] SerialPort: SerialPort: invalid data: abbbbbbbbbbbbbbbbbbb, error: SyntaxError: Invalid JSON: <json>:1:0 Expected json literal but found a
    [junit] abbbbbbbbbbbbbbbbbbb
    [junit] ^ (Thread[Thread-21,5,main])
    [junit] SerialPort: SerialPort: invalid data: abbbbbbbbbbbbbbbbbbbb, error: SyntaxError: Invalid JSON: <json>:1:0 Expected json literal but found a
    [junit] abbbbbbbbbbbbbbbbbbbb
    [junit] ^ (Thread[Thread-21,5,main])
    [junit] SerialPort: SerialPort: invalid data: abbbbbbbbbbbbbbbbbbbbb, error: SyntaxError: Invalid JSON: <json>:1:0 Expected json literal but found a
    [junit] abbbbbbbbbbbbbbbbbbbbb
    [junit] ^ (Thread[Thread-21,5,main])
    [junit] SerialPort: SerialPort: invalid data: abbbbbbbbbbbbbbbbbbbbbb, error: SyntaxError: Invalid JSON: <json>:1:0 Expected json literal but found a
    [junit] abbbbbbbbbbbbbbbbbbbbbb
    [junit] ^ (Thread[Thread-21,5,main])
    [junit] SerialPort: SerialPort: invalid data: abbbbbbbbbbbbbbbbbbbbbbb, error: SyntaxError: Invalid JSON: <json>:1:0 Expected json literal but found a
    [junit] abbbbbbbbbbbbbbbbbbbbbbb
    [junit] ^ (Thread[Thread-21,5,main])
    [junit] SerialPort: SerialPort: invalid data: abbbbbbbbbbbbbbbbbbbbbbbb, error: SyntaxError: Invalid JSON: <json>:1:0 Expected json literal but found a
    [junit] abbbbbbbbbbbbbbbbbbbbbbbb
    [junit] ^ (Thread[Thread-21,5,main])
    [junit] SerialPort: SerialPort: invalid data: abbbbbbbbbbbbbbbbbbbbbbbbb, error: SyntaxError: Invalid JSON: <json>:1:0 Expected json literal but found a
    [junit] abbbbbbbbbbbbbbbbbbbbbbbbb
    [junit] ^ (Thread[Thread-21,5,main])
    [junit] SerialPort: SerialPort: invalid data: abbbbbbbbbbbbbbbbbbbbbbbbbb, error: SyntaxError: Invalid JSON: <json>:1:0 Expected json literal but found a
    [junit] abbbbbbbbbbbbbbbbbbbbbbbbbb
    [junit] ^ (Thread[Thread-21,5,main])
    [junit] SerialPort: SerialPort: invalid data: abbbbbbbbbbbbbbbbbbbbbbbbbbb, error: SyntaxError: Invalid JSON: <json>:1:0 Expected json literal but found a
    [junit] abbbbbbbbbbbbbbbbbbbbbbbbbbb
    [junit] ^ (Thread[Thread-21,5,main])
    [junit] SerialPort: SerialPort: invalid data: abbbbbbbbbbbbbbbbbbbbbbbbbbbb, error: SyntaxError: Invalid JSON: <json>:1:0 Expected json literal but found a
    [junit] abbbbbbbbbbbbbbbbbbbbbbbbbbbb
    [junit] ^ (Thread[Thread-21,5,main])
    [junit] SerialPort: SerialPort: invalid data: abbbbbbbbbbbbbbbbbbbbbbbbbbbbb, error: SyntaxError: Invalid JSON: <json>:1:0 Expected json literal but found a
    [junit] abbbbbbbbbbbbbbbbbbbbbbbbbbbbb
    [junit] ^ (Thread[Thread-21,5,main])
    [junit] SerialPort: SerialPort: invalid data: abbbbbbbbbbbbbbbbbbbbbbbbbbbbbb, error: SyntaxError: Invalid JSON: <json>:1:0 Expected json literal but found a
    [junit] abbbbbbbbbbbbbbbbbbbbbbbbbbbbbb
    [junit] ^ (Thread[Thread-21,5,main])
    [junit] SerialPort: SerialPort: invalid data: abbbbbbbbbbbbbbbbbbbbbbbbbbbbbbb, error: SyntaxError: Invalid JSON: <json>:1:0 Expected json literal but found a
    [junit] abbbbbbbbbbbbbbbbbbbbbbbbbbbbbbb
    [junit] ^ (Thread[Thread-21,5,main])
    [junit] SerialPort: SerialPort: invalid data: abbbbbbbbbbbbbbbbbbbbbbbbbbbbbbbb, error: SyntaxError: Invalid JSON: <json>:1:0 Expected json literal but found a
    [junit] abbbbbbbbbbbbbbbbbbbbbbbbbbbbbbbb
    [junit] ^ (Thread[Thread-21,5,main])
    [junit] SerialPort: SerialPort: invalid data: abbbbbbbbbbbbbbbbbbbbbbbbbbbbbbbbb, error: SyntaxError: Invalid JSON: <json>:1:0 Expected json literal but found a
    [junit] abbbbbbbbbbbbbbbbbbbbbbbbbbbbbbbbb
    [junit] ^ (Thread[Thread-21,5,main])
    [junit] SerialPort: SerialPort: invalid data: abbbbbbbbbbbbbbbbbbbbbbbbbbbbbbbbbb, error: SyntaxError: Invalid JSON: <json>:1:0 Expected json literal but found a
    [junit] abbbbbbbbbbbbbbbbbbbbbbbbbbbbbbbbbb
    [junit] ^ (Thread[Thread-21,5,main])
    [junit] SerialPort: SerialPort: invalid data: abbbbbbbbbbbbbbbbbbbbbbbbbbbbbbbbbbb, error: SyntaxError: Invalid JSON: <json>:1:0 Expected json literal but found a
    [junit] abbbbbbbbbbbbbbbbbbbbbbbbbbbbbbbbbbb
    [junit] ^ (Thread[Thread-21,5,main])
    [junit] SerialPort: SerialPort: invalid data: abbbbbbbbbbbbbbbbbbbbbbbbbbbbbbbbbbbb, error: SyntaxError: Invalid JSON: <json>:1:0 Expected json literal but found a
    [junit] abbbbbbbbbbbbbbbbbbbbbbbbbbbbbbbbbbbb
    [junit] ^ (Thread[Thread-21,5,main])
    [junit] SerialPort: SerialPort: invalid data: abbbbbbbbbbbbbbbbbbbbbbbbbbbbbbbbbbbbb, error: SyntaxError: Invalid JSON: <json>:1:0 Expected json literal but found a
    [junit] abbbbbbbbbbbbbbbbbbbbbbbbbbbbbbbbbbbbb
    [junit] ^ (Thread[Thread-21,5,main])
    [junit] SerialPort: SerialPort: invalid data: abbbbbbbbbbbbbbbbbbbbbbbbbbbbbbbbbbbbbb, error: SyntaxError: Invalid JSON: <json>:1:0 Expected json literal but found a
    [junit] abbbbbbbbbbbbbbbbbbbbbbbbbbbbbbbbbbbbbb
    [junit] ^ (Thread[Thread-21,5,main])
    [junit] SerialPort: SerialPort: invalid data: abbbbbbbbbbbbbbbbbbbbbbbbbbbbbbbbbbbbbbb, error: SyntaxError: Invalid JSON: <json>:1:0 Expected json literal but found a
    [junit] abbbbbbbbbbbbbbbbbbbbbbbbbbbbbbbbbbbbbbb
    [junit] ^ (Thread[Thread-21,5,main])
    [junit] SerialPort: Closing serial port. (Thread[Thread-15,5,main])
    [junit] 10142 ms. Memory: 790528K Free: 367507K (46%)
    [junit] ----------------- testing Sun Apr 29 16:15:24 UTC 2018 /home/travis/build/icyphy/ptII/ptolemy/actor/lib/jjs/modules/serial/test/auto/SerialLoopbackJSON.xml
    [junit] ----------------- Sun Apr 29 16:15:24 UTC 2018 About to sleep for 25.0 seconds before rerunning.  Test is: /home/travis/build/icyphy/ptII/ptolemy/actor/lib/jjs/modules/serial/test/auto/SerialLoopbackJSON.xml
    [junit] SerialPort: Serial port reader thread exiting. (Thread[Thread-21,5,main])
    [junit] SerialPort: Serial port writer thread exiting. (Thread[Thread-22,5,main])
    [junit] SerialPort: Closing serial port. (Thread[SerialLoopbackJSON,1,main])
    [junit] JavaScriptJSON: JavaScriptTrueToken.wrapup() (Thread[SerialLoopbackJSON,1,main])
    [junit] 11920 ms. Memory: 801792K Free: 419851K (52%)
    [junit] reloadAllAccessors: .SerialLoopbackJSON
    [junit] SerialPort: Serial port reader thread exiting. (Thread[Thread-26,1,main])
    [junit] SerialPort: Serial port writer thread exiting. (Thread[Thread-27,1,main])
    [junit] ----------------- Sun Apr 29 16:16:06 UTC 2018 About to sleep for 25.0 seconds before rerunning.  Test is: /home/travis/build/icyphy/ptII/ptolemy/actor/lib/jjs/modules/serial/test/auto/SerialLoopbackJSON.xml
    [junit] ----------------- Reloaded Accessors and testing again Sun Apr 29 16:16:31 UTC 2018 /home/travis/build/icyphy/ptII/ptolemy/actor/lib/jjs/modules/serial/test/auto/SerialLoopbackJSON.xml
    [junit] SerialPort: Closing serial port. (Thread[Thread-23,5,main])
    [junit] JavaScriptJSON: JavaScriptTrueToken.wrapup() (Thread[Thread-23,5,main])
    [junit] 11353 ms. Memory: 812544K Free: 609669K (75%)
    [junit] ----------------- testing Sun Apr 29 16:16:42 UTC 2018 /home/travis/build/icyphy/ptII/ptolemy/actor/lib/jjs/modules/serial/test/auto/SerialLoopbackNumber.xml
    [junit] ----------------- Sun Apr 29 16:16:42 UTC 2018 About to sleep for 25.0 seconds before rerunning.  Test is: /home/travis/build/icyphy/ptII/ptolemy/actor/lib/jjs/modules/serial/test/auto/SerialLoopbackNumber.xml
    [junit] SerialPort: Serial port reader thread exiting. (Thread[Thread-29,5,main])
    [junit] SerialPort: Serial port writer thread exiting. (Thread[Thread-30,5,main])
    [junit] SerialPort: Closing serial port. (Thread[SerialLoopbackNumber,1,main])
    [junit] 11767 ms. Memory: 820224K Free: 682342K (83%)
    [junit] reloadAllAccessors: .SerialLoopbackNumber
    [junit] SerialPort: Serial port reader thread exiting. (Thread[Thread-34,1,main])
    [junit] SerialPort: Serial port writer thread exiting. (Thread[Thread-35,1,main])
    [junit] ----------------- Sun Apr 29 16:17:24 UTC 2018 About to sleep for 25.0 seconds before rerunning.  Test is: /home/travis/build/icyphy/ptII/ptolemy/actor/lib/jjs/modules/serial/test/auto/SerialLoopbackNumber.xml
    [junit] ----------------- Reloaded Accessors and testing again Sun Apr 29 16:17:49 UTC 2018 /home/travis/build/icyphy/ptII/ptolemy/actor/lib/jjs/modules/serial/test/auto/SerialLoopbackNumber.xml
    [junit] SerialPort: Closing serial port. (Thread[Thread-31,5,main])
    [junit] 11138 ms. Memory: 821248K Free: 614697K (75%)
    [junit] ----------------- testing Sun Apr 29 16:18:00 UTC 2018 /home/travis/build/icyphy/ptII/ptolemy/actor/lib/jjs/modules/serial/test/auto/SerialLoopbackShort.xml
    [junit] ----------------- Sun Apr 29 16:18:00 UTC 2018 About to sleep for 25.0 seconds before rerunning.  Test is: /home/travis/build/icyphy/ptII/ptolemy/actor/lib/jjs/modules/serial/test/auto/SerialLoopbackShort.xml
    [junit] SerialPort: Serial port reader thread exiting. (Thread[Thread-37,5,main])
    [junit] SerialPort: Serial port writer thread exiting. (Thread[Thread-38,5,main])
    [junit] SerialPort: Closing serial port. (Thread[SerialLoopbackShort,1,main])
    [junit] 10839 ms. Memory: 828928K Free: 221546K (27%)
    [junit] reloadAllAccessors: .SerialLoopbackShort
    [junit] SerialPort: Serial port reader thread exiting. (Thread[Thread-42,1,main])
    [junit] SerialPort: Serial port writer thread exiting. (Thread[Thread-43,1,main])
    [junit] ----------------- Sun Apr 29 16:18:40 UTC 2018 About to sleep for 25.0 seconds before rerunning.  Test is: /home/travis/build/icyphy/ptII/ptolemy/actor/lib/jjs/modules/serial/test/auto/SerialLoopbackShort.xml
    [junit] ----------------- Reloaded Accessors and testing again Sun Apr 29 16:19:05 UTC 2018 /home/travis/build/icyphy/ptII/ptolemy/actor/lib/jjs/modules/serial/test/auto/SerialLoopbackShort.xml
    [junit] SerialPort: Closing serial port. (Thread[Thread-39,5,main])
    [junit] 11429 ms. Memory: 837632K Free: 366955K (44%)
    [junit] ----------------- testing Sun Apr 29 16:19:17 UTC 2018 /home/travis/build/icyphy/ptII/ptolemy/actor/lib/jjs/modules/serial/test/auto/SerialLoopbackString.xml
    [junit] ----------------- Sun Apr 29 16:19:17 UTC 2018 About to sleep for 25.0 seconds before rerunning.  Test is: /home/travis/build/icyphy/ptII/ptolemy/actor/lib/jjs/modules/serial/test/auto/SerialLoopbackString.xml
    [junit] SerialPort: Serial port reader thread exiting. (Thread[Thread-45,5,main])
    [junit] SerialPort: Serial port writer thread exiting. (Thread[Thread-46,5,main])
    [junit] SerialPort: Closing serial port. (Thread[SerialLoopbackString,1,main])
    [junit] 11317 ms. Memory: 836608K Free: 502920K (60%)
    [junit] reloadAllAccessors: .SerialLoopbackString
    [junit] SerialPort: Serial port reader thread exiting. (Thread[Thread-50,1,main])
    [junit] SerialPort: Serial port writer thread exiting. (Thread[Thread-51,1,main])
    [junit] ----------------- Sun Apr 29 16:19:58 UTC 2018 About to sleep for 25.0 seconds before rerunning.  Test is: /home/travis/build/icyphy/ptII/ptolemy/actor/lib/jjs/modules/serial/test/auto/SerialLoopbackString.xml
    [junit] ----------------- Reloaded Accessors and testing again Sun Apr 29 16:20:23 UTC 2018 /home/travis/build/icyphy/ptII/ptolemy/actor/lib/jjs/modules/serial/test/auto/SerialLoopbackString.xml
    [junit] SerialPort: Closing serial port. (Thread[Thread-47,5,main])
    [junit] 11022 ms. Memory: 836096K Free: 660638K (79%)
    [junit] ----------------- testing Sun Apr 29 16:20:34 UTC 2018 /home/travis/build/icyphy/ptII/ptolemy/actor/lib/jjs/modules/serial/test/auto/SerialLoopbackUnsignedByte.xml
    [junit] ----------------- Sun Apr 29 16:20:34 UTC 2018 About to sleep for 25.0 seconds before rerunning.  Test is: /home/travis/build/icyphy/ptII/ptolemy/actor/lib/jjs/modules/serial/test/auto/SerialLoopbackUnsignedByte.xml
    [junit] SerialPort: Serial port reader thread exiting. (Thread[Thread-53,5,main])
    [junit] SerialPort: Serial port writer thread exiting. (Thread[Thread-54,5,main])
    [junit] SerialPort: Closing serial port. (Thread[SerialLoopbackUnsignedByte,1,main])
    [junit] 11916 ms. Memory: 841216K Free: 100493K (12%)
    [junit] reloadAllAccessors: .SerialLoopbackUnsignedByte
    [junit] SerialPort: Serial port reader thread exiting. (Thread[Thread-58,1,main])
    [junit] SerialPort: Serial port writer thread exiting. (Thread[Thread-59,1,main])
    [junit] ----------------- Sun Apr 29 16:21:16 UTC 2018 About to sleep for 25.0 seconds before rerunning.  Test is: /home/travis/build/icyphy/ptII/ptolemy/actor/lib/jjs/modules/serial/test/auto/SerialLoopbackUnsignedByte.xml
    [junit] ----------------- Reloaded Accessors and testing again Sun Apr 29 16:21:41 UTC 2018 /home/travis/build/icyphy/ptII/ptolemy/actor/lib/jjs/modules/serial/test/auto/SerialLoopbackUnsignedByte.xml
    [junit] SerialPort: Closing serial port. (Thread[Thread-55,5,main])
    [junit] 11497 ms. Memory: 848384K Free: 299745K (35%)
    [junit] AutoTests.java: About to close Vertx.
    [junit] AutoTests.java: Vertx closed.
    [junit] 
    [junit] Error: 
    [junit] java.lang.RuntimeException: Execution failed
    [junit] 	at ptolemy.moml.MoMLSimpleApplication$UnloadThread.run(MoMLSimpleApplication.java:402)
    [junit] Caused by: ptolemy.kernel.util.IllegalActionException: Failure executing the initialize function: ptolemy.kernel.util.IllegalActionException: No such port: /dev/tty.NOT_A_PORT
    [junit]   in .SerialHelloWorld.JavaScript
    [junit] Because:
    [junit] gnu.io.NoSuchPortException
    [junit]   in .SerialHelloWorld.JavaScript
    [junit] Because:
    [junit] ptolemy.kernel.util.IllegalActionException: No such port: /dev/tty.NOT_A_PORT
    [junit]   in .SerialHelloWorld.JavaScript
    [junit] Because:
    [junit] gnu.io.NoSuchPortException
    [junit] 	at ptolemy.actor.lib.jjs.JavaScript._invokeMethodInContext(JavaScript.java:2224)
    [junit] 	at ptolemy.actor.lib.jjs.JavaScript.initialize(JavaScript.java:1422)
    [junit] 	at ptolemy.actor.Director.initialize(Director.java:938)
    [junit] 	at ptolemy.actor.Director.initialize(Director.java:907)
    [junit] 	at ptolemy.domains.de.kernel.DEDirector.initialize(DEDirector.java:943)
    [junit] 	at ptolemy.actor.CompositeActor.initialize(CompositeActor.java:935)
    [junit] 	at ptolemy.actor.Manager.initialize(Manager.java:724)
    [junit] 	at ptolemy.actor.Manager.execute(Manager.java:356)
    [junit] 	at ptolemy.actor.Manager.run(Manager.java:1263)
    [junit] 	at ptolemy.actor.Manager$PtolemyRunThread.run(Manager.java:1915)
    [junit] Caused by: java.lang.RuntimeException: ptolemy.kernel.util.IllegalActionException: No such port: /dev/tty.NOT_A_PORT
    [junit]   in .SerialHelloWorld.JavaScript
    [junit] Because:
    [junit] gnu.io.NoSuchPortException
    [junit] 	at jdk.nashorn.internal.runtime.ScriptRuntime.apply(ScriptRuntime.java:397)
    [junit] 	at jdk.nashorn.api.scripting.ScriptObjectMirror.callMember(ScriptObjectMirror.java:199)
    [junit] 	at jdk.nashorn.api.scripting.NashornScriptEngine.invokeImpl(NashornScriptEngine.java:386)
    [junit] 	at jdk.nashorn.api.scripting.NashornScriptEngine.invokeMethod(NashornScriptEngine.java:199)
    [junit] 	at ptolemy.actor.lib.jjs.JavaScript._invokeMethodInContext(JavaScript.java:2193)
    [junit] 	... 9 more
    [junit] Caused by: ptolemy.kernel.util.IllegalActionException: No such port: /dev/tty.NOT_A_PORT
    [junit]   in .SerialHelloWorld.JavaScript
    [junit] Because:
    [junit] gnu.io.NoSuchPortException
    [junit] 	at ptolemy.actor.lib.jjs.modules.serial.SerialHelper.open(SerialHelper.java:317)
    [junit] 	at jdk.nashorn.internal.scripts.Script$Recompilation$594$4288$require.L:1#open(/home/travis/build/icyphy/ptII/ptolemy/actor/lib/jjs/external/require.js#401:30<eval>:115)
    [junit] 	at jdk.nashorn.internal.scripts.Script$Recompilation$587$626$\^function\_.L:1#initialize(<function>:37)
    [junit] 	at jdk.nashorn.internal.scripts.Script$Recompilation$584$28731$require.L:1#Accessor#initialize(/home/travis/build/icyphy/ptII/ptolemy/actor/lib/jjs/external/require.js#401:30<eval>:624)
    [junit] 	at jdk.nashorn.internal.runtime.ScriptFunctionData.invoke(ScriptFunctionData.java:637)
    [junit] 	at jdk.nashorn.internal.runtime.ScriptFunction.invoke(ScriptFunction.java:494)
    [junit] 	at jdk.nashorn.internal.runtime.ScriptRuntime.apply(ScriptRuntime.java:393)
    [junit] 	... 13 more
    [junit] Caused by: gnu.io.NoSuchPortException
    [junit] 	at gnu.io.CommPortIdentifier.getPortIdentifier(CommPortIdentifier.java:273)
    [junit] 	at ptolemy.actor.lib.jjs.modules.serial.SerialHelper.open(SerialHelper.java:224)
    [junit] 	... 19 more
    [junit] java.lang.reflect.InvocationTargetException
    [junit] 	at sun.reflect.NativeConstructorAccessorImpl.newInstance0(Native Method)
    [junit] 	at sun.reflect.NativeConstructorAccessorImpl.newInstance(NativeConstructorAccessorImpl.java:62)
    [junit] 	at sun.reflect.DelegatingConstructorAccessorImpl.newInstance(DelegatingConstructorAccessorImpl.java:45)
    [junit] 	at java.lang.reflect.Constructor.newInstance(Constructor.java:423)
    [junit] 	at ptolemy.util.test.junit.AutoKnownFailedTests.RunModel(AutoKnownFailedTests.java:107)
    [junit] 	at sun.reflect.NativeMethodAccessorImpl.invoke0(Native Method)
    [junit] 	at sun.reflect.NativeMethodAccessorImpl.invoke(NativeMethodAccessorImpl.java:62)
    [junit] 	at sun.reflect.DelegatingMethodAccessorImpl.invoke(DelegatingMethodAccessorImpl.java:43)
    [junit] 	at java.lang.reflect.Method.invoke(Method.java:498)
    [junit] 	at org.junit.runners.model.FrameworkMethod$1.runReflectiveCall(FrameworkMethod.java:44)
    [junit] 	at org.junit.internal.runners.model.ReflectiveCallable.run(ReflectiveCallable.java:15)
    [junit] 	at org.junit.runners.model.FrameworkMethod.invokeExplosively(FrameworkMethod.java:41)
    [junit] 	at junitparams.internal.InvokeParameterisedMethod.evaluate(InvokeParameterisedMethod.java:102)
    [junit] 	at org.junit.internal.runners.statements.FailOnTimeout$1.run(FailOnTimeout.java:28)
    [junit] Caused by: ptolemy.kernel.util.IllegalActionException: Failure executing the initialize function: ptolemy.kernel.util.IllegalActionException: No such port: /dev/tty.NOT_A_PORT
    [junit]   in .SerialHelloWorld.JavaScript
    [junit] Because:
    [junit] gnu.io.NoSuchPortException
    [junit]   in .SerialHelloWorld.JavaScript
    [junit] Because:
    [junit] ptolemy.kernel.util.IllegalActionException: No such port: /dev/tty.NOT_A_PORT
    [junit]   in .SerialHelloWorld.JavaScript
    [junit] Because:
    [junit] gnu.io.NoSuchPortException
    [junit] 	at ptolemy.actor.lib.jjs.JavaScript._invokeMethodInContext(JavaScript.java:2224)
    [junit] 	at ptolemy.actor.lib.jjs.JavaScript.initialize(JavaScript.java:1422)
    [junit] 	at ptolemy.actor.Director.initialize(Director.java:938)
    [junit] 	at ptolemy.actor.Director.initialize(Director.java:907)
    [junit] 	at ptolemy.domains.de.kernel.DEDirector.initialize(DEDirector.java:943)
    [junit] 	at ptolemy.actor.CompositeActor.initialize(CompositeActor.java:935)
    [junit] 	at ptolemy.actor.Manager.initialize(Manager.java:724)
    [junit] 	at ptolemy.actor.Manager.execute(Manager.java:356)
    [junit] 	at ptolemy.actor.Manager.run(Manager.java:1263)
    [junit] 	at ptolemy.actor.Manager$PtolemyRunThread.run(Manager.java:1915)
    [junit] Caused by: java.lang.RuntimeException: ptolemy.kernel.util.IllegalActionException: No such port: /dev/tty.NOT_A_PORT
    [junit]   in .SerialHelloWorld.JavaScript
    [junit] Because:
    [junit] gnu.io.NoSuchPortException
    [junit] 	at jdk.nashorn.internal.runtime.ScriptRuntime.apply(ScriptRuntime.java:397)
    [junit] 	at jdk.nashorn.api.scripting.ScriptObjectMirror.callMember(ScriptObjectMirror.java:199)
    [junit] 	at jdk.nashorn.api.scripting.NashornScriptEngine.invokeImpl(NashornScriptEngine.java:386)
    [junit] 	at jdk.nashorn.api.scripting.NashornScriptEngine.invokeMethod(NashornScriptEngine.java:199)
    [junit] 	at ptolemy.actor.lib.jjs.JavaScript._invokeMethodInContext(JavaScript.java:2193)
    [junit] 	... 9 more
    [junit] Caused by: ptolemy.kernel.util.IllegalActionException: No such port: /dev/tty.NOT_A_PORT
    [junit]   in .SerialHelloWorld.JavaScript
    [junit] Because:
    [junit] gnu.io.NoSuchPortException
    [junit] 	at ptolemy.actor.lib.jjs.modules.serial.SerialHelper.open(SerialHelper.java:317)
    [junit] 	at jdk.nashorn.internal.scripts.Script$Recompilation$594$4288$require.L:1#open(/home/travis/build/icyphy/ptII/ptolemy/actor/lib/jjs/external/require.js#401:30<eval>:115)
    [junit] 	at jdk.nashorn.internal.scripts.Script$Recompilation$587$626$\^function\_.L:1#initialize(<function>:37)
    [junit] 	at jdk.nashorn.internal.scripts.Script$Recompilation$584$28731$require.L:1#Accessor#initialize(/home/travis/build/icyphy/ptII/ptolemy/actor/lib/jjs/external/require.js#401:30<eval>:624)
    [junit] 	at jdk.nashorn.internal.runtime.ScriptFunctionData.invoke(ScriptFunctionData.java:637)
    [junit] 	at jdk.nashorn.internal.runtime.ScriptFunction.invoke(ScriptFunction.java:494)
    [junit] 	at jdk.nashorn.internal.runtime.ScriptRuntime.apply(ScriptRuntime.java:393)
    [junit] 	... 13 more
    [junit] Caused by: gnu.io.NoSuchPortException
    [junit] 	at gnu.io.CommPortIdentifier.getPortIdentifier(CommPortIdentifier.java:273)
    [junit] 	at ptolemy.actor.lib.jjs.modules.serial.SerialHelper.open(SerialHelper.java:224)
    [junit] 	... 19 more
    [junit] WARNING: TestSpontaneous: Model stopped before executing actions (e.g. producing outputs) scheduled for execution at times [5.6000000000000005]
    [junit] WARNING: TestSpontaneous: Model stopped before executing actions (e.g. producing outputs) scheduled for execution at times [5.6000000000000005]
    [junit] WARNING: TestSpontaneous: Model stopped before executing actions (e.g. producing outputs) scheduled for execution at times [4.6000000000000005]
    [junit] WARNING: TestSpontaneous: Model stopped before executing actions (e.g. producing outputs) scheduled for execution at times [4.6000000000000005]
    [junit] WARNING: TestSpontaneous: Model stopped before executing actions (e.g. producing outputs) scheduled for execution at times [5.6000000000000005]
    [junit] WARNING: TestSpontaneous: Model stopped before executing actions (e.g. producing outputs) scheduled for execution at times [5.6000000000000005]
    [junit] WARNING: TestSpontaneous: Model stopped before executing actions (e.g. producing outputs) scheduled for execution at times [5.6000000000000005]
    [junit] WARNING: TestSpontaneous: Model stopped before executing actions (e.g. producing outputs) scheduled for execution at times [5.6000000000000005]
    [junit] WARNING: TestSpontaneous: Model stopped before executing actions (e.g. producing outputs) scheduled for execution at times [5.6000000000000005]
    [junit] WARNING: TestSpontaneous: Model stopped before executing actions (e.g. producing outputs) scheduled for execution at times [5.6000000000000005]
    [junit] WARNING: TestSpontaneous: Model stopped before executing actions (e.g. producing outputs) scheduled for execution at times [5.6000000000000005]
    [junit] WARNING: TestSpontaneous: Model stopped before executing actions (e.g. producing outputs) scheduled for execution at times [5.6000000000000005]
    [junit] WARNING: TestSpontaneous: Model stopped before executing actions (e.g. producing outputs) scheduled for execution at times [5.6000000000000005]
    [junit] WARNING: TestSpontaneous: Model stopped before executing actions (e.g. producing outputs) scheduled for execution at times [5.6000000000000005]
    [junit] 
    [junit] javachdir: directory = ptolemy/actor/lib/jjs/modules/shell/test
    [junit] javachdir: pwd: /home/travis/build/icyphy/ptII/ptolemy/actor/lib/jjs/modules/shell/test  Invoking with -Djava.net.preferIPv4Stack=true
    [junit] ptolemy/util/test/junit/javachdir: memory:
    [junit]              total       used       free     shared    buffers     cached
    [junit] Mem:          7479       5233       2246        189        128       4326
    [junit] -/+ buffers/cache:        778       6700
    [junit] Swap:            0          0          0
    [junit] Running ptolemy.actor.lib.jjs.modules.shell.test.junit.JUnitTclTest
    [junit] No tcl tests in /home/travis/build/icyphy/ptII/ptolemy/actor/lib/jjs/modules/shell/test
    [junit] No auto/knownFailedTests/*.xml tests in /home/travis/build/icyphy/ptII/ptolemy/actor/lib/jjs/modules/shell/test
    [junit] No auto/*.xml tests in /home/travis/build/icyphy/ptII/ptolemy/actor/lib/jjs/modules/shell/test
    [junit] AutoTests.java: About to close Vertx.
    [junit] AutoTests.java: Vertx closed.
    [junit] ----------------- testing Sun Apr 29 16:21:54 UTC 2018 /home/travis/build/icyphy/ptII/ptolemy/actor/lib/jjs/modules/shell/test/auto/PassthroughTest.xml
    [junit] ----------------- Sun Apr 29 16:21:54 UTC 2018 About to sleep for 25.0 seconds before rerunning.  Test is: /home/travis/build/icyphy/ptII/ptolemy/actor/lib/jjs/modules/shell/test/auto/PassthroughTest.xml
    [junit] JSAccessor: PT_NO_NET environment variable is set, so git pull and ptdoc are not being run.
    [junit] 3391 ms. Memory: 164352K Free: 32115K (20%)
    [junit] reloadAllAccessors: .PassthroughTest
    [junit] This is the first time that the reloadAllAccessors method has been invoked in this JVM, so the the accessors repo will be checked out or updated and JSDoc invoked. Note that running the tests may end up invoking a new JVM for each directory, so the repo may be checked out or updated and JSDoc invoked more than once when the tests are run.
    [junit] ----------------- Sun Apr 29 16:22:26 UTC 2018 About to sleep for 25.0 seconds before rerunning.  Test is: /home/travis/build/icyphy/ptII/ptolemy/actor/lib/jjs/modules/shell/test/auto/PassthroughTest.xml
    [junit] ----------------- Reloaded Accessors and testing again Sun Apr 29 16:22:51 UTC 2018 /home/travis/build/icyphy/ptII/ptolemy/actor/lib/jjs/modules/shell/test/auto/PassthroughTest.xml
    [junit] 2279 ms. Memory: 272384K Free: 132092K (48%)
    [junit] AutoTests.java: About to close Vertx.
    [junit] AutoTests.java: Vertx closed.
    [junit] Tests run: 4, Failures: 0, Errors: 0, Skipped: 0, Time elapsed: 60.052 sec
    [junit] Output:
    [junit] No tcl tests in /home/travis/build/icyphy/ptII/ptolemy/actor/lib/jjs/modules/shell/test
    [junit] No auto/knownFailedTests/*.xml tests in /home/travis/build/icyphy/ptII/ptolemy/actor/lib/jjs/modules/shell/test
    [junit] No auto/*.xml tests in /home/travis/build/icyphy/ptII/ptolemy/actor/lib/jjs/modules/shell/test
    [junit] AutoTests.java: About to close Vertx.
    [junit] AutoTests.java: Vertx closed.
    [junit] ----------------- testing Sun Apr 29 16:21:54 UTC 2018 /home/travis/build/icyphy/ptII/ptolemy/actor/lib/jjs/modules/shell/test/auto/PassthroughTest.xml
    [junit] ----------------- Sun Apr 29 16:21:54 UTC 2018 About to sleep for 25.0 seconds before rerunning.  Test is: /home/travis/build/icyphy/ptII/ptolemy/actor/lib/jjs/modules/shell/test/auto/PassthroughTest.xml
    [junit] JSAccessor: PT_NO_NET environment variable is set, so git pull and ptdoc are not being run.
    [junit] 3391 ms. Memory: 164352K Free: 32115K (20%)
    [junit] reloadAllAccessors: .PassthroughTest
    [junit] This is the first time that the reloadAllAccessors method has been invoked in this JVM, so the the accessors repo will be checked out or updated and JSDoc invoked. Note that running the tests may end up invoking a new JVM for each directory, so the repo may be checked out or updated and JSDoc invoked more than once when the tests are run.
    [junit] ----------------- Sun Apr 29 16:22:26 UTC 2018 About to sleep for 25.0 seconds before rerunning.  Test is: /home/travis/build/icyphy/ptII/ptolemy/actor/lib/jjs/modules/shell/test/auto/PassthroughTest.xml
    [junit] ----------------- Reloaded Accessors and testing again Sun Apr 29 16:22:51 UTC 2018 /home/travis/build/icyphy/ptII/ptolemy/actor/lib/jjs/modules/shell/test/auto/PassthroughTest.xml
    [junit] 2279 ms. Memory: 272384K Free: 132092K (48%)
    [junit] AutoTests.java: About to close Vertx.
    [junit] AutoTests.java: Vertx closed.
    [junit] 
    [junit] javachdir: directory = ptolemy/actor/lib/jjs/modules/socket/test
    [junit] javachdir: pwd: /home/travis/build/icyphy/ptII/ptolemy/actor/lib/jjs/modules/socket/test  Invoking with -Djava.net.preferIPv4Stack=true
    [junit] ptolemy/util/test/junit/javachdir: memory:
    [junit]              total       used       free     shared    buffers     cached
    [junit] Mem:          7479       5232       2246        189        128       4326
    [junit] -/+ buffers/cache:        778       6701
    [junit] Swap:            0          0          0
    [junit] Running ptolemy.actor.lib.jjs.modules.socket.test.junit.JUnitTclTest
    [junit] No tcl tests in /home/travis/build/icyphy/ptII/ptolemy/actor/lib/jjs/modules/socket/test
    [junit] ----------------- testing (KnownFailure) /home/travis/build/icyphy/ptII/ptolemy/actor/lib/jjs/modules/socket/test/auto/knownFailedTests/SocketLong.xml
    [junit] Apr 29, 2018 4:23:06 PM io.vertx.core.impl.ContextImpl
    [junit] SEVERE: Unhandled exception
    [junit] java.lang.IllegalArgumentException: Invalid send data type: long
    [junit] 	at ptolemy.actor.lib.jjs.modules.socket.SocketHelper$SocketWrapper.<init>(SocketHelper.java:566)
    [junit] 	at jdk.nashorn.internal.scripts.Script$Recompilation$1079$13304A$require.L:1#_opened(/home/travis/build/icyphy/ptII/ptolemy/actor/lib/jjs/external/require.js#401:30<eval>:296)
    [junit] 	at jdk.nashorn.internal.runtime.ScriptFunctionData.invoke(ScriptFunctionData.java:639)
    [junit] 	at jdk.nashorn.internal.runtime.ScriptFunction.invoke(ScriptFunction.java:494)
    [junit] 	at jdk.nashorn.internal.runtime.ScriptRuntime.apply(ScriptRuntime.java:393)
    [junit] 	at jdk.nashorn.api.scripting.ScriptObjectMirror.callMember(ScriptObjectMirror.java:199)
    [junit] 	at ptolemy.actor.lib.jjs.modules.socket.SocketHelper.lambda$null$0(SocketHelper.java:219)
    [junit] 	at io.vertx.core.net.impl.NetClientImpl.lambda$connect$2(NetClientImpl.java:113)
    [junit] 	at io.vertx.core.net.impl.NetClientImpl.lambda$null$9(NetClientImpl.java:251)
    [junit] 	at io.vertx.core.impl.ContextImpl.lambda$wrapTask$2(ContextImpl.java:337)
    [junit] 	at io.vertx.core.impl.ContextImpl.executeFromIO(ContextImpl.java:195)
    [junit] 	at io.vertx.core.net.impl.NetClientImpl.lambda$connected$10(NetClientImpl.java:247)
    [junit] 	at io.vertx.core.net.impl.VertxHandler.setConnection(VertxHandler.java:46)
    [junit] 	at io.vertx.core.net.impl.VertxNetHandler.handlerAdded(VertxNetHandler.java:39)
    [junit] 	at io.netty.channel.DefaultChannelPipeline.callHandlerAdded0(DefaultChannelPipeline.java:606)
    [junit] 	at io.netty.channel.DefaultChannelPipeline.addLast(DefaultChannelPipeline.java:235)
    [junit] 	at io.netty.channel.DefaultChannelPipeline.addLast(DefaultChannelPipeline.java:201)
    [junit] 	at io.vertx.core.net.impl.NetClientImpl.connected(NetClientImpl.java:257)
    [junit] 	at io.vertx.core.net.impl.NetClientImpl.lambda$doConnect$7(NetClientImpl.java:212)
    [junit] 	at io.vertx.core.net.impl.ChannelProvider.lambda$connect$0(ChannelProvider.java:52)
    [junit] 	at io.netty.util.concurrent.DefaultPromise.notifyListener0(DefaultPromise.java:507)
    [junit] 	at io.netty.util.concurrent.DefaultPromise.notifyListeners0(DefaultPromise.java:500)
    [junit] 	at io.netty.util.concurrent.DefaultPromise.notifyListenersNow(DefaultPromise.java:479)
    [junit] 	at io.netty.util.concurrent.DefaultPromise.notifyListeners(DefaultPromise.java:420)
    [junit] 	at io.netty.util.concurrent.DefaultPromise.trySuccess(DefaultPromise.java:104)
    [junit] 	at io.netty.channel.DefaultChannelPromise.trySuccess(DefaultChannelPromise.java:82)
    [junit] 	at io.netty.channel.nio.AbstractNioChannel$AbstractNioUnsafe.fulfillConnectPromise(AbstractNioChannel.java:306)
    [junit] 	at io.netty.channel.nio.AbstractNioChannel$AbstractNioUnsafe.finishConnect(AbstractNioChannel.java:341)
    [junit] 	at io.netty.channel.nio.NioEventLoop.processSelectedKey(NioEventLoop.java:633)
    [junit] 	at io.netty.channel.nio.NioEventLoop.processSelectedKeysOptimized(NioEventLoop.java:580)
    [junit] 	at io.netty.channel.nio.NioEventLoop.processSelectedKeys(NioEventLoop.java:497)
    [junit] 	at io.netty.channel.nio.NioEventLoop.run(NioEventLoop.java:459)
    [junit] 	at io.netty.util.concurrent.SingleThreadEventExecutor$5.run(SingleThreadEventExecutor.java:886)
    [junit] 	at io.netty.util.concurrent.FastThreadLocalRunnable.run(FastThreadLocalRunnable.java:30)
    [junit] 	at java.lang.Thread.run(Thread.java:748)
    [junit] 
    [junit] Apr 29, 2018 4:23:06 PM io.vertx.core.impl.ContextImpl
    [junit] SEVERE: Unhandled exception
    [junit] java.lang.IllegalArgumentException: Invalid send data type: long
    [junit] 	at ptolemy.actor.lib.jjs.modules.socket.SocketHelper$SocketWrapper.<init>(SocketHelper.java:566)
    [junit] 	at jdk.nashorn.internal.scripts.Script$Recompilation$1080$27606AAAAAA$require.L:1#Socket(/home/travis/build/icyphy/ptII/ptolemy/actor/lib/jjs/external/require.js#401:30<eval>:630)
    [junit] 	at jdk.nashorn.internal.scripts.Script$Recompilation$1078$25670A$require.L:1#_socketCreated(/home/travis/build/icyphy/ptII/ptolemy/actor/lib/jjs/external/require.js#401:30<eval>:582)
    [junit] 	at jdk.nashorn.internal.runtime.ScriptFunctionData.invoke(ScriptFunctionData.java:639)
    [junit] 	at jdk.nashorn.internal.runtime.ScriptFunction.invoke(ScriptFunction.java:494)
    [junit] 	at jdk.nashorn.internal.runtime.ScriptRuntime.apply(ScriptRuntime.java:393)
    [junit] 	at jdk.nashorn.api.scripting.ScriptObjectMirror.callMember(ScriptObjectMirror.java:199)
    [junit] 	at ptolemy.actor.lib.jjs.modules.socket.SocketHelper.lambda$null$2(SocketHelper.java:394)
    [junit] 	at io.vertx.core.net.impl.NetServerImpl.lambda$connected$11(NetServerImpl.java:457)
    [junit] 	at io.vertx.core.impl.ContextImpl.lambda$wrapTask$2(ContextImpl.java:337)
    [junit] 	at io.vertx.core.impl.ContextImpl.executeFromIO(ContextImpl.java:195)
    [junit] 	at io.vertx.core.net.impl.NetServerImpl.connected(NetServerImpl.java:453)
    [junit] 	at io.vertx.core.net.impl.NetServerImpl.access$200(NetServerImpl.java:57)
    [junit] 	at io.vertx.core.net.impl.NetServerImpl$1.initChannel(NetServerImpl.java:209)
    [junit] 	at io.netty.channel.ChannelInitializer.initChannel(ChannelInitializer.java:113)
    [junit] 	at io.netty.channel.ChannelInitializer.handlerAdded(ChannelInitializer.java:105)
    [junit] 	at io.netty.channel.DefaultChannelPipeline.callHandlerAdded0(DefaultChannelPipeline.java:606)
    [junit] 	at io.netty.channel.DefaultChannelPipeline.access$000(DefaultChannelPipeline.java:46)
    [junit] 	at io.netty.channel.DefaultChannelPipeline$PendingHandlerAddedTask.execute(DefaultChannelPipeline.java:1412)
    [junit] 	at io.netty.channel.DefaultChannelPipeline.callHandlerAddedForAllHandlers(DefaultChannelPipeline.java:1131)
    [junit] 	at io.netty.channel.DefaultChannelPipeline.invokeHandlerAddedIfNeeded(DefaultChannelPipeline.java:656)
    [junit] 	at io.netty.channel.AbstractChannel$AbstractUnsafe.register0(AbstractChannel.java:510)
    [junit] 	at io.netty.channel.AbstractChannel$AbstractUnsafe.register(AbstractChannel.java:476)
    [junit] 	at io.netty.channel.SingleThreadEventLoop.register(SingleThreadEventLoop.java:80)
    [junit] 	at io.netty.channel.SingleThreadEventLoop.register(SingleThreadEventLoop.java:74)
    [junit] 	at io.vertx.core.net.impl.VertxEventLoopGroup.register(VertxEventLoopGroup.java:53)
    [junit] 	at io.netty.bootstrap.ServerBootstrap$ServerBootstrapAcceptor.channelRead(ServerBootstrap.java:255)
    [junit] 	at io.netty.channel.AbstractChannelHandlerContext.invokeChannelRead(AbstractChannelHandlerContext.java:362)
    [junit] 	at io.netty.channel.AbstractChannelHandlerContext.invokeChannelRead(AbstractChannelHandlerContext.java:348)
    [junit] 	at io.netty.channel.AbstractChannelHandlerContext.fireChannelRead(AbstractChannelHandlerContext.java:340)
    [junit] 	at io.netty.channel.DefaultChannelPipeline$HeadContext.channelRead(DefaultChannelPipeline.java:1359)
    [junit] 	at io.netty.channel.AbstractChannelHandlerContext.invokeChannelRead(AbstractChannelHandlerContext.java:362)
    [junit] 	at io.netty.channel.AbstractChannelHandlerContext.invokeChannelRead(AbstractChannelHandlerContext.java:348)
    [junit] 	at io.netty.channel.DefaultChannelPipeline.fireChannelRead(DefaultChannelPipeline.java:935)
    [junit] 	at io.netty.channel.nio.AbstractNioMessageChannel$NioMessageUnsafe.read(AbstractNioMessageChannel.java:93)
    [junit] 	at io.netty.channel.nio.NioEventLoop.processSelectedKey(NioEventLoop.java:645)
    [junit] 	at io.netty.channel.nio.NioEventLoop.processSelectedKeysOptimized(NioEventLoop.java:580)
    [junit] 	at io.netty.channel.nio.NioEventLoop.processSelectedKeys(NioEventLoop.java:497)
    [junit] 	at io.netty.channel.nio.NioEventLoop.run(NioEventLoop.java:459)
    [junit] 	at io.netty.util.concurrent.SingleThreadEventExecutor$5.run(SingleThreadEventExecutor.java:886)
    [junit] 	at io.netty.util.concurrent.FastThreadLocalRunnable.run(FastThreadLocalRunnable.java:30)
    [junit] 	at java.lang.Thread.run(Thread.java:748)
    [junit] 
    [junit] 7327 ms. Memory: 380928K Free: 228917K (60%)
    [junit] java.lang.RuntimeException: Execution failed
    [junit] 	at ptolemy.moml.MoMLSimpleApplication$UnloadThread.run(MoMLSimpleApplication.java:402)
    [junit] Known Failure: java.lang.reflect.InvocationTargetException
    [junit] Caused by: ptolemy.kernel.util.IllegalActionException: Exceptions occurred during wrapup:
    [junit] ----------------- testing (KnownFailure) /home/travis/build/icyphy/ptII/ptolemy/actor/lib/jjs/modules/socket/test/auto/knownFailedTests/SocketUnsignedInt.xml
    [junit] ptolemy.kernel.util.IllegalActionException: The fire() method of this actor was never called. Usually, this is an error indicating that starvation is occurring.
    [junit]   in .SocketLong.Test
    [junit] ptolemy.kernel.util.IllegalActionException: The fire() method of this actor was never called. Usually, this is an error indicating that starvation is occurring.
    [junit]   in .SocketLong.Test2
    [junit] ptolemy.kernel.util.IllegalActionException: The fire() method of this actor was never called. Usually, this is an error indicating that starvation is occurring.
    [junit]   in .SocketLong.Test3
    [junit] 
    [junit]   in .SocketLong.DE Director
    [junit] Because:
    [junit] The fire() method of this actor was never called. Usually, this is an error indicating that starvation is occurring.
    [junit]   in .SocketLong.Test
    [junit] 	at ptolemy.actor.Director.wrapup(Director.java:1736)
    [junit] 	at ptolemy.domains.de.kernel.DEDirector.wrapup(DEDirector.java:1526)
    [junit] 	at ptolemy.actor.CompositeActor.wrapup(CompositeActor.java:2735)
    [junit] 	at ptolemy.actor.Manager.wrapup(Manager.java:1512)
    [junit] 	at ptolemy.actor.Manager.execute(Manager.java:407)
    [junit] 	at ptolemy.actor.Manager.run(Manager.java:1263)
    [junit] 	at ptolemy.actor.Manager$PtolemyRunThread.run(Manager.java:1915)
    [junit] Caused by: ptolemy.kernel.util.IllegalActionException: The fire() method of this actor was never called. Usually, this is an error indicating that starvation is occurring.
    [junit]   in .SocketLong.Test
    [junit] 	at ptolemy.actor.lib.NonStrictTest.wrapup(NonStrictTest.java:393)
    [junit] 	at ptolemy.actor.Director.wrapup(Director.java:1722)
    [junit] 	... 6 more
    [junit] 
    [junit] Exception: java.lang.RuntimeException thrown from the UncaughtExceptionHandler in thread "Thread-4"
    [junit] java.lang.reflect.InvocationTargetException
    [junit] 	at sun.reflect.NativeConstructorAccessorImpl.newInstance0(Native Method)
    [junit] 	at sun.reflect.NativeConstructorAccessorImpl.newInstance(NativeConstructorAccessorImpl.java:62)
    [junit] 	at sun.reflect.DelegatingConstructorAccessorImpl.newInstance(DelegatingConstructorAccessorImpl.java:45)
    [junit] 	at java.lang.reflect.Constructor.newInstance(Constructor.java:423)
    [junit] 	at ptolemy.util.test.junit.AutoKnownFailedTests.RunModel(AutoKnownFailedTests.java:107)
    [junit] 	at sun.reflect.NativeMethodAccessorImpl.invoke0(Native Method)
    [junit] 	at sun.reflect.NativeMethodAccessorImpl.invoke(NativeMethodAccessorImpl.java:62)
    [junit] 	at sun.reflect.DelegatingMethodAccessorImpl.invoke(DelegatingMethodAccessorImpl.java:43)
    [junit] 	at java.lang.reflect.Method.invoke(Method.java:498)
    [junit] 	at org.junit.runners.model.FrameworkMethod$1.runReflectiveCall(FrameworkMethod.java:44)
    [junit] 	at org.junit.internal.runners.model.ReflectiveCallable.run(ReflectiveCallable.java:15)
    [junit] 	at org.junit.runners.model.FrameworkMethod.invokeExplosively(FrameworkMethod.java:41)
    [junit] 	at junitparams.internal.InvokeParameterisedMethod.evaluate(InvokeParameterisedMethod.java:102)
    [junit] 	at org.junit.internal.runners.statements.FailOnTimeout$1.run(FailOnTimeout.java:28)
    [junit] Caused by: ptolemy.kernel.util.IllegalActionException: Exceptions occurred during wrapup:
    [junit] ptolemy.kernel.util.IllegalActionException: The fire() method of this actor was never called. Usually, this is an error indicating that starvation is occurring.
    [junit]   in .SocketLong.Test
    [junit] ptolemy.kernel.util.IllegalActionException: The fire() method of this actor was never called. Usually, this is an error indicating that starvation is occurring.
    [junit]   in .SocketLong.Test2
    [junit] ptolemy.kernel.util.IllegalActionException: The fire() method of this actor was never called. Usually, this is an error indicating that starvation is occurring.
    [junit]   in .SocketLong.Test3
    [junit] 
    [junit]   in .SocketLong.DE Director
    [junit] Because:
    [junit] The fire() method of this actor was never called. Usually, this is an error indicating that starvation is occurring.
    [junit]   in .SocketLong.Test
    [junit] 	at ptolemy.actor.Director.wrapup(Director.java:1736)
    [junit] 	at ptolemy.domains.de.kernel.DEDirector.wrapup(DEDirector.java:1526)
    [junit] 	at ptolemy.actor.CompositeActor.wrapup(CompositeActor.java:2735)
    [junit] 	at ptolemy.actor.Manager.wrapup(Manager.java:1512)
    [junit] 	at ptolemy.actor.Manager.execute(Manager.java:407)
    [junit] 	at ptolemy.actor.Manager.run(Manager.java:1263)
    [junit] 	at ptolemy.actor.Manager$PtolemyRunThread.run(Manager.java:1915)
    [junit] Caused by: ptolemy.kernel.util.IllegalActionException: The fire() method of this actor was never called. Usually, this is an error indicating that starvation is occurring.
    [junit]   in .SocketLong.Test
    [junit] 	at ptolemy.actor.lib.NonStrictTest.wrapup(NonStrictTest.java:393)
    [junit] 	at ptolemy.actor.Director.wrapup(Director.java:1722)
    [junit] 	... 6 more
    [junit] 5865 ms. Memory: 473600K Free: 77133K (16%)
    [junit] Known Failure: java.lang.reflect.InvocationTargetException
    [junit] No auto/*.xml tests in /home/travis/build/icyphy/ptII/ptolemy/actor/lib/jjs/modules/socket/test
    [junit] AutoTests.java: About to close Vertx.
    [junit] AutoTests.java: Vertx closed.
    [junit] java.lang.RuntimeException: Execution failed
    [junit] 	at ptolemy.moml.MoMLSimpleApplication$UnloadThread.run(MoMLSimpleApplication.java:402)
    [junit] Caused by: ptolemy.kernel.util.IllegalActionException: Exceptions occurred during wrapup:
    [junit] ptolemy.kernel.util.IllegalActionException: The fire() method of this actor was never called. Usually, this is an error indicating that starvation is occurring.
    [junit]   in .SocketUnsignedInt.Test
    [junit] ptolemy.kernel.util.IllegalActionException: The fire() method of this actor was never called. Usually, this is an error indicating that starvation is occurring.
    [junit]   in .SocketUnsignedInt.Test2
    [junit] ptolemy.kernel.util.IllegalActionException: The fire() method of this actor was never called. Usually, this is an error indicating that starvation is occurring.
    [junit]   in .SocketUnsignedInt.Test3
    [junit] 
    [junit]   in .SocketUnsignedInt.DE Director
    [junit] Because:
    [junit] The fire() method of this actor was never called. Usually, this is an error indicating that starvation is occurring.
    [junit]   in .SocketUnsignedInt.Test
    [junit] 	at ptolemy.actor.Director.wrapup(Director.java:1736)
    [junit] 	at ptolemy.domains.de.kernel.DEDirector.wrapup(DEDirector.java:1526)
    [junit] 	at ptolemy.actor.CompositeActor.wrapup(CompositeActor.java:2735)
    [junit] 	at ptolemy.actor.Manager.wrapup(Manager.java:1512)
    [junit] 	at ptolemy.actor.Manager.execute(Manager.java:407)
    [junit] 	at ptolemy.actor.Manager.run(Manager.java:1263)
    [junit] 	at ptolemy.actor.Manager$PtolemyRunThread.run(Manager.java:1915)
    [junit] Caused by: ptolemy.kernel.util.IllegalActionException: The fire() method of this actor was never called. Usually, this is an error indicating that starvation is occurring.
    [junit]   in .SocketUnsignedInt.Test
    [junit] 	at ptolemy.actor.lib.NonStrictTest.wrapup(NonStrictTest.java:393)
    [junit] 	at ptolemy.actor.Director.wrapup(Director.java:1722)
    [junit] 	... 6 more
    [junit] 
    [junit] Exception: java.lang.RuntimeException thrown from the UncaughtExceptionHandler in thread "Thread-7"
    [junit] java.lang.reflect.InvocationTargetException
    [junit] 	at sun.reflect.NativeConstructorAccessorImpl.newInstance0(Native Method)
    [junit] 	at sun.reflect.NativeConstructorAccessorImpl.newInstance(NativeConstructorAccessorImpl.java:62)
    [junit] 	at sun.reflect.DelegatingConstructorAccessorImpl.newInstance(DelegatingConstructorAccessorImpl.java:45)
    [junit] 	at java.lang.reflect.Constructor.newInstance(Constructor.java:423)
    [junit] 	at ptolemy.util.test.junit.AutoKnownFailedTests.RunModel(AutoKnownFailedTests.java:107)
    [junit] 	at sun.reflect.NativeMethodAccessorImpl.invoke0(Native Method)
    [junit] 	at sun.reflect.NativeMethodAccessorImpl.invoke(NativeMethodAccessorImpl.java:62)
    [junit] 	at sun.reflect.DelegatingMethodAccessorImpl.invoke(DelegatingMethodAccessorImpl.java:43)
    [junit] 	at java.lang.reflect.Method.invoke(Method.java:498)
    [junit] 	at org.junit.runners.model.FrameworkMethod$1.runReflectiveCall(FrameworkMethod.java:44)
    [junit] 	at org.junit.internal.runners.model.ReflectiveCallable.run(ReflectiveCallable.java:15)
    [junit] 	at org.junit.runners.model.FrameworkMethod.invokeExplosively(FrameworkMethod.java:41)
    [junit] 	at junitparams.internal.InvokeParameterisedMethod.evaluate(InvokeParameterisedMethod.java:102)
    [junit] 	at org.junit.internal.runners.statements.FailOnTimeout$1.run(FailOnTimeout.java:28)
    [junit] Caused by: ptolemy.kernel.util.IllegalActionException: Exceptions occurred during wrapup:
    [junit] ptolemy.kernel.util.IllegalActionException: The fire() method of this actor was never called. Usually, this is an error indicating that starvation is occurring.
    [junit]   in .SocketUnsignedInt.Test
    [junit] ptolemy.kernel.util.IllegalActionException: The fire() method of this actor was never called. Usually, this is an error indicating that starvation is occurring.
    [junit]   in .SocketUnsignedInt.Test2
    [junit] ptolemy.kernel.util.IllegalActionException: The fire() method of this actor was never called. Usually, this is an error indicating that starvation is occurring.
    [junit]   in .SocketUnsignedInt.Test3
    [junit] 
    [junit]   in .SocketUnsignedInt.DE Director
    [junit] Because:
    [junit] The fire() method of this actor was never called. Usually, this is an error indicating that starvation is occurring.
    [junit]   in .SocketUnsignedInt.Test
    [junit] 	at ptolemy.actor.Director.wrapup(Director.java:1736)
    [junit] 	at ptolemy.domains.de.kernel.DEDirector.wrapup(DEDirector.java:1526)
    [junit] 	at ptolemy.actor.CompositeActor.wrapup(CompositeActor.java:2735)
    [junit] 	at ptolemy.actor.Manager.wrapup(Manager.java:1512)
    [junit] 	at ptolemy.actor.Manager.execute(Manager.java:407)
    [junit] 	at ptolemy.actor.Manager.run(Manager.java:1263)
    [junit] 	at ptolemy.actor.Manager$PtolemyRunThread.run(Manager.java:1915)
    [junit] Caused by: ptolemy.kernel.util.IllegalActionException: The fire() method of this actor was never called. Usually, this is an error indicating that starvation is occurring.
    [junit]   in .SocketUnsignedInt.Test
    [junit] 	at ptolemy.actor.lib.NonStrictTest.wrapup(NonStrictTest.java:393)
    [junit] 	at ptolemy.actor.Director.wrapup(Director.java:1722)
    [junit] 	... 6 more
    [junit] ----------------- testing Sun Apr 29 16:23:16 UTC 2018 /home/travis/build/icyphy/ptII/ptolemy/actor/lib/jjs/modules/socket/test/auto/Message1.xml
    [junit] ----------------- Sun Apr 29 16:23:16 UTC 2018 About to sleep for 25.0 seconds before rerunning.  Test is: /home/travis/build/icyphy/ptII/ptolemy/actor/lib/jjs/modules/socket/test/auto/Message1.xml
    [junit] Client: Sending data: -1,0,1,128,256 (Thread[Message1,1,main])
    [junit] 3809 ms. Memory: 637440K Free: 335746K (53%)
    [junit] reloadAllAccessors: .Message1
    [junit] ----------------- testing Sun Apr 29 16:23:46 UTC 2018 /home/travis/build/icyphy/ptII/ptolemy/actor/lib/jjs/modules/socket/test/auto/Message2.xml
    [junit] ----------------- Sun Apr 29 16:23:46 UTC 2018 About to sleep for 25.0 seconds before rerunning.  Test is: /home/travis/build/icyphy/ptII/ptolemy/actor/lib/jjs/modules/socket/test/auto/Message2.xml
    [junit] JSAccessor: PT_NO_NET environment variable is set, so git pull and ptdoc are not being run.
    [junit] ptolemy.kernel.util.IllegalActionException: Failed to connect: 
    [junit] Connection refused: localhost/127.0.0.1:4012
    [junit] Connection refused
    [junit]   in .Message2.Client
    [junit] Because:
    [junit] Connection refused: localhost/127.0.0.1:4012
    [junit] 	at ptolemy.actor.lib.jjs.HelperBase$2.run(HelperBase.java:213)
    [junit] 	at ptolemy.actor.lib.jjs.JavaScript.fire(JavaScript.java:1050)
    [junit] 	at ptolemy.domains.de.kernel.DEDirector._fire(DEDirector.java:1948)
    [junit] 	at ptolemy.domains.de.kernel.DEDirector.fire(DEDirector.java:502)
    [junit] 	at ptolemy.actor.CompositeActor.fire(CompositeActor.java:455)
    [junit] 	at ptolemy.actor.Manager.iterate(Manager.java:851)
    [junit] 	at ptolemy.actor.Manager.execute(Manager.java:369)
    [junit] 	at ptolemy.actor.Manager.run(Manager.java:1263)
    [junit] 	at ptolemy.actor.Manager$PtolemyRunThread.run(Manager.java:1915)
    [junit] Caused by: io.netty.channel.AbstractChannel$AnnotatedConnectException: Connection refused: localhost/127.0.0.1:4012
    [junit] 	at sun.nio.ch.SocketChannelImpl.checkConnect(Native Method)
    [junit] 	at sun.nio.ch.SocketChannelImpl.finishConnect(SocketChannelImpl.java:717)
    [junit] 	at io.netty.channel.socket.nio.NioSocketChannel.doFinishConnect(NioSocketChannel.java:325)
    [junit] 	at io.netty.channel.nio.AbstractNioChannel$AbstractNioUnsafe.finishConnect(AbstractNioChannel.java:340)
    [junit] 	at io.netty.channel.nio.NioEventLoop.processSelectedKey(NioEventLoop.java:633)
    [junit] 	at io.netty.channel.nio.NioEventLoop.processSelectedKeysOptimized(NioEventLoop.java:580)
    [junit] 	at io.netty.channel.nio.NioEventLoop.processSelectedKeys(NioEventLoop.java:497)
    [junit] 	at io.netty.channel.nio.NioEventLoop.run(NioEventLoop.java:459)
    [junit] 	at io.netty.util.concurrent.SingleThreadEventExecutor$5.run(SingleThreadEventExecutor.java:886)
    [junit] 	at io.netty.util.concurrent.FastThreadLocalRunnable.run(FastThreadLocalRunnable.java:30)
    [junit] 	at java.lang.Thread.run(Thread.java:748)
    [junit] Caused by: java.net.ConnectException: Connection refused
    [junit] 	... 11 more
    [junit] Caused by: io.netty.channel.AbstractChannel$AnnotatedConnectException: Connection refused: localhost/127.0.0.1:4012
    [junit] 	at sun.nio.ch.SocketChannelImpl.checkConnect(Native Method)
    [junit] 	at sun.nio.ch.SocketChannelImpl.finishConnect(SocketChannelImpl.java:717)
    [junit] 	at io.netty.channel.socket.nio.NioSocketChannel.doFinishConnect(NioSocketChannel.java:325)
    [junit] 	at io.netty.channel.nio.AbstractNioChannel$AbstractNioUnsafe.finishConnect(AbstractNioChannel.java:340)
    [junit] 	at io.netty.channel.nio.NioEventLoop.processSelectedKey(NioEventLoop.java:633)
    [junit] 	at io.netty.channel.nio.NioEventLoop.processSelectedKeysOptimized(NioEventLoop.java:580)
    [junit] 	at io.netty.channel.nio.NioEventLoop.processSelectedKeys(NioEventLoop.java:497)
    [junit] 	at io.netty.channel.nio.NioEventLoop.run(NioEventLoop.java:459)
    [junit] 	at io.netty.util.concurrent.SingleThreadEventExecutor$5.run(SingleThreadEventExecutor.java:886)
    [junit] 	at io.netty.util.concurrent.FastThreadLocalRunnable.run(FastThreadLocalRunnable.java:30)
    [junit] 	at java.lang.Thread.run(Thread.java:748)
    [junit] Caused by: java.net.ConnectException: Connection refused
    [junit] 	... 11 more
    [junit] java.lang.RuntimeException: Execution failed
    [junit] 14233 ms. Memory: 771584K Free: 502592K (65%)
    [junit] 	at ptolemy.moml.MoMLSimpleApplication$UnloadThread.run(MoMLSimpleApplication.java:402)
    [junit] ----------------- testing Sun Apr 29 16:24:28 UTC 2018 /home/travis/build/icyphy/ptII/ptolemy/actor/lib/jjs/modules/socket/test/auto/Message3.xml
    [junit] Caused by: java.lang.RuntimeException: ptolemy.kernel.util.IllegalActionException: Failed to connect: 
    [junit] ----------------- Sun Apr 29 16:24:28 UTC 2018 About to sleep for 25.0 seconds before rerunning.  Test is: /home/travis/build/icyphy/ptII/ptolemy/actor/lib/jjs/modules/socket/test/auto/Message3.xml
    [junit] Connection refused: localhost/127.0.0.1:4012
    [junit] Connection refused
    [junit]   in .Message2.Client
    [junit] Because:
    [junit] Connection refused: localhost/127.0.0.1:4012
    [junit] 	at ptolemy.util.MessageHandler.error(MessageHandler.java:115)
    [junit] 	at ptolemy.actor.lib.jjs.JavaScript.error(JavaScript.java:857)
    [junit] 	at ptolemy.actor.lib.jjs.HelperBase$2.run(HelperBase.java:213)
    [junit] 	at ptolemy.actor.lib.jjs.JavaScript.fire(JavaScript.java:1050)
    [junit] 	at ptolemy.domains.de.kernel.DEDirector._fire(DEDirector.java:1948)
    [junit] 	at ptolemy.domains.de.kernel.DEDirector.fire(DEDirector.java:502)
    [junit] 	at ptolemy.actor.CompositeActor.fire(CompositeActor.java:455)
    [junit] 	at ptolemy.actor.Manager.iterate(Manager.java:851)
    [junit] 	at ptolemy.actor.Manager.execute(Manager.java:369)
    [junit] 	at ptolemy.actor.Manager.run(Manager.java:1263)
    [junit] 	at ptolemy.actor.Manager$PtolemyRunThread.run(Manager.java:1915)
    [junit] Caused by: ptolemy.kernel.util.IllegalActionException: Failed to connect: 
    [junit] Connection refused: localhost/127.0.0.1:4012
    [junit] Connection refused
    [junit]   in .Message2.Client
    [junit] Because:
    [junit] Connection refused: localhost/127.0.0.1:4012
    [junit] 	... 9 more
    [junit] Caused by: io.netty.channel.AbstractChannel$AnnotatedConnectException: Connection refused: localhost/127.0.0.1:4012
    [junit] 	at sun.nio.ch.SocketChannelImpl.checkConnect(Native Method)
    [junit] 	at sun.nio.ch.SocketChannelImpl.finishConnect(SocketChannelImpl.java:717)
    [junit] 	at io.netty.channel.socket.nio.NioSocketChannel.doFinishConnect(NioSocketChannel.java:325)
    [junit] 	at io.netty.channel.nio.AbstractNioChannel$AbstractNioUnsafe.finishConnect(AbstractNioChannel.java:340)
    [junit] 	at io.netty.channel.nio.NioEventLoop.processSelectedKey(NioEventLoop.java:633)
    [junit] 	at io.netty.channel.nio.NioEventLoop.processSelectedKeysOptimized(NioEventLoop.java:580)
    [junit] 	at io.netty.channel.nio.NioEventLoop.processSelectedKeys(NioEventLoop.java:497)
    [junit] 	at io.netty.channel.nio.NioEventLoop.run(NioEventLoop.java:459)
    [junit] 	at io.netty.util.concurrent.SingleThreadEventExecutor$5.run(SingleThreadEventExecutor.java:886)
    [junit] 	at io.netty.util.concurrent.FastThreadLocalRunnable.run(FastThreadLocalRunnable.java:30)
    [junit] 	at java.lang.Thread.run(Thread.java:748)
    [junit] Caused by: java.net.ConnectException: Connection refused
    [junit] 	... 11 more
    [junit] 
    [junit] Exception: java.lang.RuntimeException thrown from the UncaughtExceptionHandler in thread "Thread-16"
    [junit] 125117 ms. Memory: 818176K Free: 593646K (73%)
    [junit] java.lang.RuntimeException: Execution failed
    [junit] ----------------- testing Sun Apr 29 16:27:01 UTC 2018 /home/travis/build/icyphy/ptII/ptolemy/actor/lib/jjs/modules/socket/test/auto/Message4.xml
    [junit] 	at ptolemy.moml.MoMLSimpleApplication$UnloadThread.run(MoMLSimpleApplication.java:402)
    [junit] Caused by: ptolemy.kernel.util.IllegalActionException: Exceptions occurred during wrapup:
    [junit] ----------------- Sun Apr 29 16:27:01 UTC 2018 About to sleep for 25.0 seconds before rerunning.  Test is: /home/travis/build/icyphy/ptII/ptolemy/actor/lib/jjs/modules/socket/test/auto/Message4.xml
    [junit] ptolemy.kernel.util.IllegalActionException: Failure executing the wrapup function: Error: TrainableTest: The input handler of this accessor was never invoked. Usually, this is an error indicating that starvation is occurring. in <function> at line number 393 at column number 16
    [junit]   in .Message3.TrainableTest
    [junit] Because:
    [junit] Error: TrainableTest: The input handler of this accessor was never invoked. Usually, this is an error indicating that starvation is occurring. in <function> at line number 393 at column number 16
    [junit] ptolemy.kernel.util.IllegalActionException: Failure executing the wrapup function: Error: TrainableTest2: The input handler of this accessor was never invoked. Usually, this is an error indicating that starvation is occurring. in <function> at line number 393 at column number 16
    [junit]   in .Message3.TrainableTest2
    [junit] Because:
    [junit] Error: TrainableTest2: The input handler of this accessor was never invoked. Usually, this is an error indicating that starvation is occurring. in <function> at line number 393 at column number 16
    [junit] 
    [junit]   in .Message3.DE Director
    [junit] Because:
    [junit] Failure executing the wrapup function: Error: TrainableTest: The input handler of this accessor was never invoked. Usually, this is an error indicating that starvation is occurring. in <function> at line number 393 at column number 16
    [junit]   in .Message3.TrainableTest
    [junit] Because:
    [junit] Error: TrainableTest: The input handler of this accessor was never invoked. Usually, this is an error indicating that starvation is occurring. in <function> at line number 393 at column number 16
    [junit] 	at ptolemy.actor.Director.wrapup(Director.java:1736)
    [junit] 	at ptolemy.domains.de.kernel.DEDirector.wrapup(DEDirector.java:1526)
    [junit] 	at ptolemy.actor.CompositeActor.wrapup(CompositeActor.java:2735)
    [junit] 	at ptolemy.actor.Manager.wrapup(Manager.java:1512)
    [junit] 	at ptolemy.actor.Manager.execute(Manager.java:407)
    [junit] 	at ptolemy.actor.Manager.run(Manager.java:1263)
    [junit] 	at ptolemy.actor.Manager$PtolemyRunThread.run(Manager.java:1915)
    [junit] Caused by: ptolemy.kernel.util.IllegalActionException: Failure executing the wrapup function: Error: TrainableTest: The input handler of this accessor was never invoked. Usually, this is an error indicating that starvation is occurring. in <function> at line number 393 at column number 16
    [junit]   in .Message3.TrainableTest
    [junit] Because:
    [junit] Error: TrainableTest: The input handler of this accessor was never invoked. Usually, this is an error indicating that starvation is occurring. in <function> at line number 393 at column number 16
    [junit] 	at ptolemy.actor.lib.jjs.JavaScript._invokeMethodInContext(JavaScript.java:2216)
    [junit] 	at ptolemy.actor.lib.jjs.JavaScript.wrapup(JavaScript.java:2111)
    [junit] 	at ptolemy.actor.Director.wrapup(Director.java:1722)
    [junit] 	... 6 more
    [junit] Caused by: javax.script.ScriptException: Error: TrainableTest: The input handler of this accessor was never invoked. Usually, this is an error indicating that starvation is occurring. in <function> at line number 393 at column number 16
    [junit] 	at jdk.nashorn.api.scripting.NashornScriptEngine.throwAsScriptException(NashornScriptEngine.java:470)
    [junit] 	at jdk.nashorn.api.scripting.NashornScriptEngine.invokeImpl(NashornScriptEngine.java:392)
    [junit] 	at jdk.nashorn.api.scripting.NashornScriptEngine.invokeMethod(NashornScriptEngine.java:199)
    [junit] 	at ptolemy.actor.lib.jjs.JavaScript._invokeMethodInContext(JavaScript.java:2193)
    [junit] 	... 8 more
    [junit] Caused by: <function>:393:16 Error: TrainableTest: The input handler of this accessor was never invoked. Usually, this is an error indicating that starvation is occurring.
    [junit] 	at jdk.nashorn.internal.objects.NativeError.initException(NativeError.java:137)
    [junit] 	at jdk.nashorn.internal.objects.NativeError.<init>(NativeError.java:102)
    [junit] 	at jdk.nashorn.internal.objects.NativeError.<init>(NativeError.java:106)
    [junit] 	at jdk.nashorn.internal.objects.NativeError.<init>(NativeError.java:110)
    [junit] 	at jdk.nashorn.internal.objects.NativeError.constructor(NativeError.java:129)
    [junit] 	at jdk.nashorn.internal.scripts.Script$Recompilation$7013$18508$\^function\_.L:1#wrapup(<function>:393)
    [junit] 	at jdk.nashorn.internal.scripts.Script$Recompilation$7011$30328$require.L:1#Accessor#wrapup(/home/travis/build/icyphy/ptII/ptolemy/actor/lib/jjs/external/require.js#401:30<eval>:673)
    [junit] 	at jdk.nashorn.internal.runtime.ScriptFunctionData.invoke(ScriptFunctionData.java:637)
    [junit] 	at jdk.nashorn.internal.runtime.ScriptFunction.invoke(ScriptFunction.java:494)
    [junit] 	at jdk.nashorn.internal.runtime.ScriptRuntime.apply(ScriptRuntime.java:393)
    [junit] 	at jdk.nashorn.api.scripting.ScriptObjectMirror.callMember(ScriptObjectMirror.java:199)
    [junit] 	at jdk.nashorn.api.scripting.NashornScriptEngine.invokeImpl(NashornScriptEngine.java:386)
    [junit] 	... 10 more
    [junit] 
    [junit] Exception: java.lang.RuntimeException thrown from the UncaughtExceptionHandler in thread "Thread-19"
    [junit] 13736 ms. Memory: 857088K Free: 208824K (24%)
    [junit] ptolemy.kernel.util.IllegalActionException: Failed to connect: 
    [junit] Connection refused: localhost/127.0.0.1:4004
    [junit] Connection refused
    [junit]   in .Message4.Client
    [junit] Because:
    [junit] Connection refused: localhost/127.0.0.1:4004
    [junit] 	at ptolemy.actor.lib.jjs.HelperBase$2.run(HelperBase.java:213)
    [junit] 	at ptolemy.actor.lib.jjs.JavaScript.fire(JavaScript.java:1050)
    [junit] 	at ptolemy.domains.de.kernel.DEDirector._fire(DEDirector.java:1948)
    [junit] 	at ptolemy.domains.de.kernel.DEDirector.fire(DEDirector.java:502)
    [junit] 	at ptolemy.actor.CompositeActor.fire(CompositeActor.java:455)
    [junit] 	at ptolemy.actor.Manager.iterate(Manager.java:851)
    [junit] 	at ptolemy.actor.Manager.execute(Manager.java:369)
    [junit] 	at ptolemy.actor.Manager.run(Manager.java:1263)
    [junit] 	at ptolemy.actor.Manager$PtolemyRunThread.run(Manager.java:1915)
    [junit] Caused by: io.netty.channel.AbstractChannel$AnnotatedConnectException: Connection refused: localhost/127.0.0.1:4004
    [junit] 	at sun.nio.ch.SocketChannelImpl.checkConnect(Native Method)
    [junit] 	at sun.nio.ch.SocketChannelImpl.finishConnect(SocketChannelImpl.java:717)
    [junit] 	at io.netty.channel.socket.nio.NioSocketChannel.doFinishConnect(NioSocketChannel.java:325)
    [junit] 	at io.netty.channel.nio.AbstractNioChannel$AbstractNioUnsafe.finishConnect(AbstractNioChannel.java:340)
    [junit] 	at io.netty.channel.nio.NioEventLoop.processSelectedKey(NioEventLoop.java:633)
    [junit] 	at io.netty.channel.nio.NioEventLoop.processSelectedKeysOptimized(NioEventLoop.java:580)
    [junit] 	at io.netty.channel.nio.NioEventLoop.processSelectedKeys(NioEventLoop.java:497)
    [junit] 	at io.netty.channel.nio.NioEventLoop.run(NioEventLoop.java:459)
    [junit] 	at io.netty.util.concurrent.SingleThreadEventExecutor$5.run(SingleThreadEventExecutor.java:886)
    [junit] 	at io.netty.util.concurrent.FastThreadLocalRunnable.run(FastThreadLocalRunnable.java:30)
    [junit] 	at java.lang.Thread.run(Thread.java:748)
    [junit] Caused by: java.net.ConnectException: Connection refused
    [junit] 	... 11 more
    [junit] Caused by: io.netty.channel.AbstractChannel$AnnotatedConnectException: Connection refused: localhost/127.0.0.1:4004
    [junit] 	at sun.nio.ch.SocketChannelImpl.checkConnect(Native Method)
    [junit] 	at sun.nio.ch.SocketChannelImpl.finishConnect(SocketChannelImpl.java:717)
    [junit] 	at io.netty.channel.socket.nio.NioSocketChannel.doFinishConnect(NioSocketChannel.java:325)
    [junit] 	at io.netty.channel.nio.AbstractNioChannel$AbstractNioUnsafe.finishConnect(AbstractNioChannel.java:340)
    [junit] 	at io.netty.channel.nio.NioEventLoop.processSelectedKey(NioEventLoop.java:633)
    [junit] 	at io.netty.channel.nio.NioEventLoop.processSelectedKeysOptimized(NioEventLoop.java:580)
    [junit] 	at io.netty.channel.nio.NioEventLoop.processSelectedKeys(NioEventLoop.java:497)
    [junit] 	at io.netty.channel.nio.NioEventLoop.run(NioEventLoop.java:459)
    [junit] 	at io.netty.util.concurrent.SingleThreadEventExecutor$5.run(SingleThreadEventExecutor.java:886)
    [junit] 	at io.netty.util.concurrent.FastThreadLocalRunnable.run(FastThreadLocalRunnable.java:30)
    [junit] 	at java.lang.Thread.run(Thread.java:748)
    [junit] Caused by: java.net.ConnectException: Connection refused
    [junit] 	... 11 more
    [junit] java.lang.RuntimeException: Execution failed
    [junit] 	at ptolemy.moml.MoMLSimpleApplication$UnloadThread.run(MoMLSimpleApplication.java:402)
    [junit] Caused by: java.lang.RuntimeException: ptolemy.kernel.util.IllegalActionException: Failed to connect: 
    [junit] Connection refused: localhost/127.0.0.1:4004
    [junit] Connection refused
    [junit]   in .Message4.Client
    [junit] Because:
    [junit] Connection refused: localhost/127.0.0.1:4004
    [junit] 	at ptolemy.util.MessageHandler.error(MessageHandler.java:115)
    [junit] 	at ptolemy.actor.lib.jjs.JavaScript.error(JavaScript.java:857)
    [junit] 	at ptolemy.actor.lib.jjs.HelperBase$2.run(HelperBase.java:213)
    [junit] 	at ptolemy.actor.lib.jjs.JavaScript.fire(JavaScript.java:1050)
    [junit] 	at ptolemy.domains.de.kernel.DEDirector._fire(DEDirector.java:1948)
    [junit] 	at ptolemy.domains.de.kernel.DEDirector.fire(DEDirector.java:502)
    [junit] 	at ptolemy.actor.CompositeActor.fire(CompositeActor.java:455)
    [junit] 	at ptolemy.actor.Manager.iterate(Manager.java:851)
    [junit] 	at ptolemy.actor.Manager.execute(Manager.java:369)
    [junit] 	at ptolemy.actor.Manager.run(Manager.java:1263)
    [junit] 	at ptolemy.actor.Manager$PtolemyRunThread.run(Manager.java:1915)
    [junit] Caused by: ptolemy.kernel.util.IllegalActionException: Failed to connect: 
    [junit] Connection refused: localhost/127.0.0.1:4004
    [junit] Connection refused
    [junit]   in .Message4.Client
    [junit] Because:
    [junit] Connection refused: localhost/127.0.0.1:4004
    [junit] 	... 9 more
    [junit] Caused by: io.netty.channel.AbstractChannel$AnnotatedConnectException: Connection refused: localhost/127.0.0.1:4004
    [junit] 	at sun.nio.ch.SocketChannelImpl.checkConnect(Native Method)
    [junit] 	at sun.nio.ch.SocketChannelImpl.finishConnect(SocketChannelImpl.java:717)
    [junit] 	at io.netty.channel.socket.nio.NioSocketChannel.doFinishConnect(NioSocketChannel.java:325)
    [junit] 	at io.netty.channel.nio.AbstractNioChannel$AbstractNioUnsafe.finishConnect(AbstractNioChannel.java:340)
    [junit] 	at io.netty.channel.nio.NioEventLoop.processSelectedKey(NioEventLoop.java:633)
    [junit] 	at io.netty.channel.nio.NioEventLoop.processSelectedKeysOptimized(NioEventLoop.java:580)
    [junit] 	at io.netty.channel.nio.NioEventLoop.processSelectedKeys(NioEventLoop.java:497)
    [junit] 	at io.netty.channel.nio.NioEventLoop.run(NioEventLoop.java:459)
    [junit] 	at io.netty.util.concurrent.SingleThreadEventExecutor$5.run(SingleThreadEventExecutor.java:886)
    [junit] 	at io.netty.util.concurrent.FastThreadLocalRunnable.run(FastThreadLocalRunnable.java:30)
    [junit] 	at java.lang.Thread.run(Thread.java:748)
    [junit] Caused by: java.net.ConnectException: Connection refused
    [junit] 	... 11 more
    [junit] 
    [junit] Exception: java.lang.RuntimeException thrown from the UncaughtExceptionHandler in thread "Thread-22"
    [junit] ----------------- testing Sun Apr 29 16:27:43 UTC 2018 /home/travis/build/icyphy/ptII/ptolemy/actor/lib/jjs/modules/socket/test/auto/Socket1.xml
    [junit] ----------------- Sun Apr 29 16:27:43 UTC 2018 About to sleep for 25.0 seconds before rerunning.  Test is: /home/travis/build/icyphy/ptII/ptolemy/actor/lib/jjs/modules/socket/test/auto/Socket1.xml
    [junit] 2368 ms. Memory: 858112K Free: 188625K (22%)
    [junit] reloadAllAccessors: .Socket1
    [junit] This is the first time that the reloadAllAccessors method has been invoked in this JVM, so the the accessors repo will be checked out or updated and JSDoc invoked. Note that running the tests may end up invoking a new JVM for each directory, so the repo may be checked out or updated and JSDoc invoked more than once when the tests are run.
    [junit] ----------------- Sun Apr 29 16:28:12 UTC 2018 About to sleep for 25.0 seconds before rerunning.  Test is: /home/travis/build/icyphy/ptII/ptolemy/actor/lib/jjs/modules/socket/test/auto/Socket1.xml
    [junit] ----------------- Reloaded Accessors and testing again Sun Apr 29 16:28:37 UTC 2018 /home/travis/build/icyphy/ptII/ptolemy/actor/lib/jjs/modules/socket/test/auto/Socket1.xml
    [junit] 1969 ms. Memory: 884736K Free: 543260K (61%)
    [junit] ----------------- testing Sun Apr 29 16:28:39 UTC 2018 /home/travis/build/icyphy/ptII/ptolemy/actor/lib/jjs/modules/socket/test/auto/Socket2.xml
    [junit] ----------------- Sun Apr 29 16:28:39 UTC 2018 About to sleep for 25.0 seconds before rerunning.  Test is: /home/travis/build/icyphy/ptII/ptolemy/actor/lib/jjs/modules/socket/test/auto/Socket2.xml
    [junit] 3522 ms. Memory: 885760K Free: 185906K (21%)
    [junit] reloadAllAccessors: .Socket2
    [junit] ----------------- testing Sun Apr 29 16:29:10 UTC 2018 /home/travis/build/icyphy/ptII/ptolemy/actor/lib/jjs/modules/socket/test/auto/Socket3.xml
    [junit] ----------------- Sun Apr 29 16:29:10 UTC 2018 About to sleep for 25.0 seconds before rerunning.  Test is: /home/travis/build/icyphy/ptII/ptolemy/actor/lib/jjs/modules/socket/test/auto/Socket3.xml
    [junit] 132798 ms. Memory: 925696K Free: 378756K (41%)
    [junit] ----------------- testing Sun Apr 29 16:31:49 UTC 2018 /home/travis/build/icyphy/ptII/ptolemy/actor/lib/jjs/modules/socket/test/auto/SocketByte.xml
    [junit] ----------------- Sun Apr 29 16:31:49 UTC 2018 About to sleep for 25.0 seconds before rerunning.  Test is: /home/travis/build/icyphy/ptII/ptolemy/actor/lib/jjs/modules/socket/test/auto/SocketByte.xml
    [junit] java.lang.RuntimeException: Execution failed
    [junit] 	at ptolemy.moml.MoMLSimpleApplication$UnloadThread.run(MoMLSimpleApplication.java:402)
    [junit] Caused by: ptolemy.kernel.util.IllegalActionException: Exceptions occurred during wrapup:
    [junit] ptolemy.kernel.util.IllegalActionException: The fire() method of this actor was never called. Usually, this is an error indicating that starvation is occurring.
    [junit]   in .Socket3.Test
    [junit] 
    [junit]   in .Socket3.DE Director
    [junit] Because:
    [junit] The fire() method of this actor was never called. Usually, this is an error indicating that starvation is occurring.
    [junit]   in .Socket3.Test
    [junit] 	at ptolemy.actor.Director.wrapup(Director.java:1736)
    [junit] 	at ptolemy.domains.de.kernel.DEDirector.wrapup(DEDirector.java:1526)
    [junit] 	at ptolemy.actor.CompositeActor.wrapup(CompositeActor.java:2735)
    [junit] 	at ptolemy.actor.Manager.wrapup(Manager.java:1512)
    [junit] 	at ptolemy.actor.Manager.execute(Manager.java:407)
    [junit] 	at ptolemy.actor.Manager.run(Manager.java:1263)
    [junit] 	at ptolemy.actor.Manager$PtolemyRunThread.run(Manager.java:1915)
    [junit] Caused by: ptolemy.kernel.util.IllegalActionException: The fire() method of this actor was never called. Usually, this is an error indicating that starvation is occurring.
    [junit]   in .Socket3.Test
    [junit] 	at ptolemy.actor.lib.NonStrictTest.wrapup(NonStrictTest.java:393)
    [junit] 	at ptolemy.actor.Director.wrapup(Director.java:1722)
    [junit] 	... 6 more
    [junit] 
    [junit] Exception: java.lang.RuntimeException thrown from the UncaughtExceptionHandler in thread "Thread-32"
    [junit] Client: Sending data: -1,0,1,128,256 (Thread[SocketByte,1,main])
    [junit] Client3: Sending data: 127 (Thread[SocketByte,1,main])
    [junit] 4473 ms. Memory: 926208K Free: 171073K (18%)
    [junit] reloadAllAccessors: .SocketByte
    [junit] ----------------- Sun Apr 29 16:32:21 UTC 2018 About to sleep for 25.0 seconds before rerunning.  Test is: /home/travis/build/icyphy/ptII/ptolemy/actor/lib/jjs/modules/socket/test/auto/SocketByte.xml
    [junit] ----------------- Reloaded Accessors and testing again Sun Apr 29 16:32:46 UTC 2018 /home/travis/build/icyphy/ptII/ptolemy/actor/lib/jjs/modules/socket/test/auto/SocketByte.xml
    [junit] Client: Sending data: -1,0,1,128,256 (Thread[Thread-34,5,main])
    [junit] Client3: Sending data: 127 (Thread[Thread-34,5,main])
    [junit] 4574 ms. Memory: 965632K Free: 713760K (74%)
    [junit] ----------------- testing Sun Apr 29 16:32:51 UTC 2018 /home/travis/build/icyphy/ptII/ptolemy/actor/lib/jjs/modules/socket/test/auto/SocketDouble.xml
    [junit] ----------------- Sun Apr 29 16:32:51 UTC 2018 About to sleep for 25.0 seconds before rerunning.  Test is: /home/travis/build/icyphy/ptII/ptolemy/actor/lib/jjs/modules/socket/test/auto/SocketDouble.xml
    [junit] java.lang.RuntimeException: Execution failed
    [junit] 	at ptolemy.moml.MoMLSimpleApplication$UnloadThread.run(MoMLSimpleApplication.java:402)
    [junit] Caused by: ptolemy.kernel.util.IllegalActionException: Exceptions occurred during wrapup:
    [junit] ptolemy.kernel.util.IllegalActionException: The fire() method of this actor was never called. Usually, this is an error indicating that starvation is occurring.
    [junit]   in .SocketDouble.Test
    [junit] ptolemy.kernel.util.IllegalActionException: The fire() method of this actor was never called. Usually, this is an error indicating that starvation is occurring.
    [junit]   in .SocketDouble.Test2
    [junit] ptolemy.kernel.util.IllegalActionException: The fire() method of this actor was never called. Usually, this is an error indicating that starvation is occurring.
    [junit]   in .SocketDouble.Test3
    [junit] 
    [junit]   in .SocketDouble.DE Director
    [junit] Because:
    [junit] The fire() method of this actor was never called. Usually, this is an error indicating that starvation is occurring.
    [junit]   in .SocketDouble.Test
    [junit] 	at ptolemy.actor.Director.wrapup(Director.java:1736)
    [junit] 	at ptolemy.domains.de.kernel.DEDirector.wrapup(DEDirector.java:1526)
    [junit] 	at ptolemy.actor.CompositeActor.wrapup(CompositeActor.java:2735)
    [junit] 	at ptolemy.actor.Manager.wrapup(Manager.java:1512)
    [junit] 	at ptolemy.actor.Manager.execute(Manager.java:407)
    [junit] 	at ptolemy.actor.Manager.run(Manager.java:1263)
    [junit] 	at ptolemy.actor.Manager$PtolemyRunThread.run(Manager.java:1915)
    [junit] Caused by: ptolemy.kernel.util.IllegalActionException: The fire() method of this actor was never called. Usually, this is an error indicating that starvation is occurring.
    [junit]   in .SocketDouble.Test
    [junit] 	at ptolemy.actor.lib.NonStrictTest.wrapup(NonStrictTest.java:393)
    [junit] 	at ptolemy.actor.Director.wrapup(Director.java:1722)
    [junit] 	... 6 more
    [junit] 
    [junit] Exception: java.lang.RuntimeException thrown from the UncaughtExceptionHandler in thread "Thread-39"
    [junit] 123989 ms. Memory: 966656K Free: 563370K (58%)
    [junit] ----------------- testing Sun Apr 29 16:35:22 UTC 2018 /home/travis/build/icyphy/ptII/ptolemy/actor/lib/jjs/modules/socket/test/auto/SocketDoubleArray.xml
    [junit] ----------------- Sun Apr 29 16:35:22 UTC 2018 About to sleep for 25.0 seconds before rerunning.  Test is: /home/travis/build/icyphy/ptII/ptolemy/actor/lib/jjs/modules/socket/test/auto/SocketDoubleArray.xml
    [junit] Client: Sending data: 1.1,1.2 (Thread[SocketDoubleArray,1,main])
    [junit] Client3: Sending data: 2.2 (Thread[SocketDoubleArray,1,main])
    [junit] 3960 ms. Memory: 1011712K Free: 587783K (58%)
    [junit] reloadAllAccessors: .SocketDoubleArray
    [junit] ----------------- Sun Apr 29 16:35:54 UTC 2018 About to sleep for 25.0 seconds before rerunning.  Test is: /home/travis/build/icyphy/ptII/ptolemy/actor/lib/jjs/modules/socket/test/auto/SocketDoubleArray.xml
    [junit] ----------------- Reloaded Accessors and testing again Sun Apr 29 16:36:19 UTC 2018 /home/travis/build/icyphy/ptII/ptolemy/actor/lib/jjs/modules/socket/test/auto/SocketDoubleArray.xml
    [junit] Client: Sending data: 1.1,1.2 (Thread[Thread-41,5,main])
    [junit] Client3: Sending data: 2.2 (Thread[Thread-41,5,main])
    [junit] 3807 ms. Memory: 1012224K Free: 449852K (44%)
    [junit] ----------------- testing Sun Apr 29 16:36:22 UTC 2018 /home/travis/build/icyphy/ptII/ptolemy/actor/lib/jjs/modules/socket/test/auto/SocketDoubleArrayBatched.xml
    [junit] ----------------- Sun Apr 29 16:36:22 UTC 2018 About to sleep for 25.0 seconds before rerunning.  Test is: /home/travis/build/icyphy/ptII/ptolemy/actor/lib/jjs/modules/socket/test/auto/SocketDoubleArrayBatched.xml
    [junit] Client: Sending data: 1.1,1.2 (Thread[SocketDoubleArrayBatched,1,main])
    [junit] Client2: Sending data: 2.2 (Thread[SocketDoubleArrayBatched,1,main])
    [junit] 3104 ms. Memory: 1046528K Free: 280302K (27%)
    [junit] reloadAllAccessors: .SocketDoubleArrayBatched
    [junit] ----------------- testing Sun Apr 29 16:36:53 UTC 2018 /home/travis/build/icyphy/ptII/ptolemy/actor/lib/jjs/modules/socket/test/auto/SocketFloat.xml
    [junit] ----------------- Sun Apr 29 16:36:53 UTC 2018 About to sleep for 25.0 seconds before rerunning.  Test is: /home/travis/build/icyphy/ptII/ptolemy/actor/lib/jjs/modules/socket/test/auto/SocketFloat.xml
    [junit] Client: Sending data: -1,0,1,128,-2147483648 (Thread[SocketFloat,1,main])
    [junit] Client3: Sending data: 3.14159 (Thread[SocketFloat,1,main])
    [junit] 3926 ms. Memory: 1046528K Free: 127274K (12%)
    [junit] reloadAllAccessors: .SocketFloat
    [junit] ----------------- Sun Apr 29 16:37:24 UTC 2018 About to sleep for 25.0 seconds before rerunning.  Test is: /home/travis/build/icyphy/ptII/ptolemy/actor/lib/jjs/modules/socket/test/auto/SocketFloat.xml
    [junit] ----------------- Reloaded Accessors and testing again Sun Apr 29 16:37:49 UTC 2018 /home/travis/build/icyphy/ptII/ptolemy/actor/lib/jjs/modules/socket/test/auto/SocketFloat.xml
    [junit] Client: Sending data: -1,0,1,128,-2147483648 (Thread[Thread-48,5,main])
    [junit] Client3: Sending data: 3.14159 (Thread[Thread-48,5,main])
    [junit] 3378 ms. Memory: 1074176K Free: 701885K (65%)
    [junit] ----------------- testing Sun Apr 29 16:37:53 UTC 2018 /home/travis/build/icyphy/ptII/ptolemy/actor/lib/jjs/modules/socket/test/auto/SocketImage.xml
    [junit] ----------------- Sun Apr 29 16:37:53 UTC 2018 About to sleep for 25.0 seconds before rerunning.  Test is: /home/travis/build/icyphy/ptII/ptolemy/actor/lib/jjs/modules/socket/test/auto/SocketImage.xml
    [junit] [Thread-52] INFO com.github.sarxos.webcam.Webcam - WebcamDefaultDriver capture driver will be used
    [junit] No physical cameras found, using WebcamDummyDriver.
    [junit] [atomic-processor-1] INFO com.github.sarxos.webcam.ds.cgt.WebcamOpenTask - Opening webcam Dummy Webcam 0
    [junit] [atomic-processor-1] INFO com.github.sarxos.webcam.ds.cgt.WebcamCloseTask - Closing Dummy Webcam 0
    [junit] 7614 ms. Memory: 1136640K Free: 577224K (51%)
    [junit] reloadAllAccessors: .SocketImage
    [junit] ----------------- Sun Apr 29 16:38:32 UTC 2018 About to sleep for 25.0 seconds before rerunning.  Test is: /home/travis/build/icyphy/ptII/ptolemy/actor/lib/jjs/modules/socket/test/auto/SocketImage.xml
    [junit] ----------------- Reloaded Accessors and testing again Sun Apr 29 16:38:57 UTC 2018 /home/travis/build/icyphy/ptII/ptolemy/actor/lib/jjs/modules/socket/test/auto/SocketImage.xml
    [junit] [atomic-processor-1] INFO com.github.sarxos.webcam.ds.cgt.WebcamOpenTask - Opening webcam Dummy Webcam 0
    [junit] [atomic-processor-1] INFO com.github.sarxos.webcam.ds.cgt.WebcamCloseTask - Closing Dummy Webcam 0
    [junit] 5342 ms. Memory: 1138176K Free: 272640K (24%)
    [junit] ----------------- testing Sun Apr 29 16:39:03 UTC 2018 /home/travis/build/icyphy/ptII/ptolemy/actor/lib/jjs/modules/socket/test/auto/SocketImagePNG.xml
    [junit] ----------------- Sun Apr 29 16:39:03 UTC 2018 About to sleep for 25.0 seconds before rerunning.  Test is: /home/travis/build/icyphy/ptII/ptolemy/actor/lib/jjs/modules/socket/test/auto/SocketImagePNG.xml
    [junit] [atomic-processor-1] INFO com.github.sarxos.webcam.ds.cgt.WebcamOpenTask - Opening webcam Dummy Webcam 0
    [junit] Client: Sending data: {type="class ptolemy.data.AWTImageToken", width="176", height="144"} (Thread[SocketImagePNG,1,main])
    [junit] 4696 ms. Memory: 1138176K Free: 236878K (21%)
    [junit] reloadAllAccessors: .SocketImagePNG
    [junit] [atomic-processor-1] INFO com.github.sarxos.webcam.ds.cgt.WebcamCloseTask - Closing Dummy Webcam 0
    [junit] ----------------- Sun Apr 29 16:39:34 UTC 2018 About to sleep for 25.0 seconds before rerunning.  Test is: /home/travis/build/icyphy/ptII/ptolemy/actor/lib/jjs/modules/socket/test/auto/SocketImagePNG.xml
    [junit] ----------------- Reloaded Accessors and testing again Sun Apr 29 16:39:59 UTC 2018 /home/travis/build/icyphy/ptII/ptolemy/actor/lib/jjs/modules/socket/test/auto/SocketImagePNG.xml
    [junit] [atomic-processor-1] INFO com.github.sarxos.webcam.ds.cgt.WebcamOpenTask - Opening webcam Dummy Webcam 0
    [junit] Client: Sending data: {type="class ptolemy.data.AWTImageToken", width="176", height="144"} (Thread[Thread-60,5,main])
    [junit] [atomic-processor-1] INFO com.github.sarxos.webcam.ds.cgt.WebcamCloseTask - Closing Dummy Webcam 0
    [junit] 5277 ms. Memory: 1223168K Free: 728417K (60%)
    [junit] ----------------- testing Sun Apr 29 16:40:04 UTC 2018 /home/travis/build/icyphy/ptII/ptolemy/actor/lib/jjs/modules/socket/test/auto/SocketImageRaw.xml
    [junit] ----------------- Sun Apr 29 16:40:04 UTC 2018 About to sleep for 25.0 seconds before rerunning.  Test is: /home/travis/build/icyphy/ptII/ptolemy/actor/lib/jjs/modules/socket/test/auto/SocketImageRaw.xml
    [junit] [atomic-processor-1] INFO com.github.sarxos.webcam.ds.cgt.WebcamOpenTask - Opening webcam Dummy Webcam 0
    [junit] Client: Sending data: {type="class ptolemy.data.AWTImageToken", width="176", height="144"} (Thread[SocketImageRaw,1,main])
    [junit] [atomic-processor-1] INFO com.github.sarxos.webcam.ds.cgt.WebcamCloseTask - Closing Dummy Webcam 0
    [junit] 4846 ms. Memory: 1222144K Free: 550380K (45%)
    [junit] reloadAllAccessors: .SocketImageRaw
    [junit] ----------------- Sun Apr 29 16:40:37 UTC 2018 About to sleep for 25.0 seconds before rerunning.  Test is: /home/travis/build/icyphy/ptII/ptolemy/actor/lib/jjs/modules/socket/test/auto/SocketImageRaw.xml
    [junit] ----------------- Reloaded Accessors and testing again Sun Apr 29 16:41:02 UTC 2018 /home/travis/build/icyphy/ptII/ptolemy/actor/lib/jjs/modules/socket/test/auto/SocketImageRaw.xml
    [junit] [atomic-processor-1] INFO com.github.sarxos.webcam.ds.cgt.WebcamOpenTask - Opening webcam Dummy Webcam 0
    [junit] Client: Sending data: {type="class ptolemy.data.AWTImageToken", width="176", height="144"} (Thread[Thread-66,5,main])
    [junit] 5998 ms. Memory: 1308672K Free: 469923K (36%)
    [junit] [atomic-processor-1] INFO com.github.sarxos.webcam.ds.cgt.WebcamCloseTask - Closing Dummy Webcam 0
    [junit] ----------------- testing Sun Apr 29 16:41:08 UTC 2018 /home/travis/build/icyphy/ptII/ptolemy/actor/lib/jjs/modules/socket/test/auto/SocketInt.xml
    [junit] ----------------- Sun Apr 29 16:41:08 UTC 2018 About to sleep for 25.0 seconds before rerunning.  Test is: /home/travis/build/icyphy/ptII/ptolemy/actor/lib/jjs/modules/socket/test/auto/SocketInt.xml
    [junit] Client: Sending data: -1,0,1,128,-2147483648 (Thread[SocketInt,1,main])
    [junit] Client3: Sending data: 3.14159 (Thread[SocketInt,1,main])
    [junit] 4804 ms. Memory: 1309184K Free: 334813K (26%)
    [junit] reloadAllAccessors: .SocketInt
    [junit] ----------------- Sun Apr 29 16:41:40 UTC 2018 About to sleep for 25.0 seconds before rerunning.  Test is: /home/travis/build/icyphy/ptII/ptolemy/actor/lib/jjs/modules/socket/test/auto/SocketInt.xml
    [junit] ----------------- Reloaded Accessors and testing again Sun Apr 29 16:42:05 UTC 2018 /home/travis/build/icyphy/ptII/ptolemy/actor/lib/jjs/modules/socket/test/auto/SocketInt.xml
    [junit] Client: Sending data: -1,0,1,128,-2147483648 (Thread[Thread-72,5,main])
    [junit] Client3: Sending data: 3.14159 (Thread[Thread-72,5,main])
    [junit] 5600 ms. Memory: 1309184K Free: 211471K (16%)
    [junit] ----------------- testing Sun Apr 29 16:42:11 UTC 2018 /home/travis/build/icyphy/ptII/ptolemy/actor/lib/jjs/modules/socket/test/auto/SocketShort.xml
    [junit] ----------------- Sun Apr 29 16:42:11 UTC 2018 About to sleep for 25.0 seconds before rerunning.  Test is: /home/travis/build/icyphy/ptII/ptolemy/actor/lib/jjs/modules/socket/test/auto/SocketShort.xml
    [junit] ptolemy.kernel.util.IllegalActionException: Failed to connect: 
    [junit] Connection refused: localhost/127.0.0.1:4021
    [junit] Connection refused
    [junit]   in .SocketShort.Client3
    [junit] Because:
    [junit] Connection refused: localhost/127.0.0.1:4021
    [junit] 	at ptolemy.actor.lib.jjs.HelperBase$2.run(HelperBase.java:213)
    [junit] 	at ptolemy.actor.lib.jjs.JavaScript.fire(JavaScript.java:1050)
    [junit] 	at ptolemy.domains.de.kernel.DEDirector._fire(DEDirector.java:1948)
    [junit] 	at ptolemy.domains.de.kernel.DEDirector.fire(DEDirector.java:502)
    [junit] 	at ptolemy.actor.CompositeActor.fire(CompositeActor.java:455)
    [junit] 	at ptolemy.actor.Manager.iterate(Manager.java:851)
    [junit] 	at ptolemy.actor.Manager.execute(Manager.java:369)
    [junit] 	at ptolemy.actor.Manager.run(Manager.java:1263)
    [junit] 	at ptolemy.actor.Manager$PtolemyRunThread.run(Manager.java:1915)
    [junit] Caused by: io.netty.channel.AbstractChannel$AnnotatedConnectException: Connection refused: localhost/127.0.0.1:4021
    [junit] 	at sun.nio.ch.SocketChannelImpl.checkConnect(Native Method)
    [junit] 	at sun.nio.ch.SocketChannelImpl.finishConnect(SocketChannelImpl.java:717)
    [junit] 	at io.netty.channel.socket.nio.NioSocketChannel.doFinishConnect(NioSocketChannel.java:325)
    [junit] 	at io.netty.channel.nio.AbstractNioChannel$AbstractNioUnsafe.finishConnect(AbstractNioChannel.java:340)
    [junit] 	at io.netty.channel.nio.NioEventLoop.processSelectedKey(NioEventLoop.java:633)
    [junit] 	at io.netty.channel.nio.NioEventLoop.processSelectedKeysOptimized(NioEventLoop.java:580)
    [junit] 	at io.netty.channel.nio.NioEventLoop.processSelectedKeys(NioEventLoop.java:497)
    [junit] 	at io.netty.channel.nio.NioEventLoop.run(NioEventLoop.java:459)
    [junit] 	at io.netty.util.concurrent.SingleThreadEventExecutor$5.run(SingleThreadEventExecutor.java:886)
    [junit] 	at io.netty.util.concurrent.FastThreadLocalRunnable.run(FastThreadLocalRunnable.java:30)
    [junit] 	at java.lang.Thread.run(Thread.java:748)
    [junit] Caused by: java.net.ConnectException: Connection refused
    [junit] 	... 11 more
    [junit] Caused by: io.netty.channel.AbstractChannel$AnnotatedConnectException: Connection refused: localhost/127.0.0.1:4021
    [junit] 	at sun.nio.ch.SocketChannelImpl.checkConnect(Native Method)
    [junit] 	at sun.nio.ch.SocketChannelImpl.finishConnect(SocketChannelImpl.java:717)
    [junit] 	at io.netty.channel.socket.nio.NioSocketChannel.doFinishConnect(NioSocketChannel.java:325)
    [junit] 	at io.netty.channel.nio.AbstractNioChannel$AbstractNioUnsafe.finishConnect(AbstractNioChannel.java:340)
    [junit] 	at io.netty.channel.nio.NioEventLoop.processSelectedKey(NioEventLoop.java:633)
    [junit] 	at io.netty.channel.nio.NioEventLoop.processSelectedKeysOptimized(NioEventLoop.java:580)
    [junit] 	at io.netty.channel.nio.NioEventLoop.processSelectedKeys(NioEventLoop.java:497)
    [junit] 	at io.netty.channel.nio.NioEventLoop.run(NioEventLoop.java:459)
    [junit] 	at io.netty.util.concurrent.SingleThreadEventExecutor$5.run(SingleThreadEventExecutor.java:886)
    [junit] 	at io.netty.util.concurrent.FastThreadLocalRunnable.run(FastThreadLocalRunnable.java:30)
    [junit] 	at java.lang.Thread.run(Thread.java:748)
    [junit] Caused by: java.net.ConnectException: Connection refused
    [junit] 	... 11 more
    [junit] 14287 ms. Memory: 1370624K Free: 360393K (26%)
    [junit] java.lang.RuntimeException: Execution failed
    [junit] ----------------- testing Sun Apr 29 16:42:54 UTC 2018 /home/travis/build/icyphy/ptII/ptolemy/actor/lib/jjs/modules/socket/test/auto/SocketStringArray.xml
    [junit] ----------------- Sun Apr 29 16:42:54 UTC 2018 About to sleep for 25.0 seconds before rerunning.  Test is: /home/travis/build/icyphy/ptII/ptolemy/actor/lib/jjs/modules/socket/test/auto/SocketStringArray.xml
    [junit] 	at ptolemy.moml.MoMLSimpleApplication$UnloadThread.run(MoMLSimpleApplication.java:402)
    [junit] Caused by: java.lang.RuntimeException: ptolemy.kernel.util.IllegalActionException: Failed to connect: 
    [junit] Connection refused: localhost/127.0.0.1:4021
    [junit] Connection refused
    [junit]   in .SocketShort.Client3
    [junit] Because:
    [junit] Connection refused: localhost/127.0.0.1:4021
    [junit] 	at ptolemy.util.MessageHandler.error(MessageHandler.java:115)
    [junit] 	at ptolemy.actor.lib.jjs.JavaScript.error(JavaScript.java:857)
    [junit] 	at ptolemy.actor.lib.jjs.HelperBase$2.run(HelperBase.java:213)
    [junit] 	at ptolemy.actor.lib.jjs.JavaScript.fire(JavaScript.java:1050)
    [junit] 	at ptolemy.domains.de.kernel.DEDirector._fire(DEDirector.java:1948)
    [junit] 	at ptolemy.domains.de.kernel.DEDirector.fire(DEDirector.java:502)
    [junit] 	at ptolemy.actor.CompositeActor.fire(CompositeActor.java:455)
    [junit] 	at ptolemy.actor.Manager.iterate(Manager.java:851)
    [junit] 	at ptolemy.actor.Manager.execute(Manager.java:369)
    [junit] 	at ptolemy.actor.Manager.run(Manager.java:1263)
    [junit] 	at ptolemy.actor.Manager$PtolemyRunThread.run(Manager.java:1915)
    [junit] Caused by: ptolemy.kernel.util.IllegalActionException: Failed to connect: 
    [junit] Connection refused: localhost/127.0.0.1:4021
    [junit] Connection refused
    [junit]   in .SocketShort.Client3
    [junit] Because:
    [junit] Connection refused: localhost/127.0.0.1:4021
    [junit] 	... 9 more
    [junit] Caused by: io.netty.channel.AbstractChannel$AnnotatedConnectException: Connection refused: localhost/127.0.0.1:4021
    [junit] 	at sun.nio.ch.SocketChannelImpl.checkConnect(Native Method)
    [junit] 	at sun.nio.ch.SocketChannelImpl.finishConnect(SocketChannelImpl.java:717)
    [junit] 	at io.netty.channel.socket.nio.NioSocketChannel.doFinishConnect(NioSocketChannel.java:325)
    [junit] 	at io.netty.channel.nio.AbstractNioChannel$AbstractNioUnsafe.finishConnect(AbstractNioChannel.java:340)
    [junit] 	at io.netty.channel.nio.NioEventLoop.processSelectedKey(NioEventLoop.java:633)
    [junit] 	at io.netty.channel.nio.NioEventLoop.processSelectedKeysOptimized(NioEventLoop.java:580)
    [junit] 	at io.netty.channel.nio.NioEventLoop.processSelectedKeys(NioEventLoop.java:497)
    [junit] 	at io.netty.channel.nio.NioEventLoop.run(NioEventLoop.java:459)
    [junit] 	at io.netty.util.concurrent.SingleThreadEventExecutor$5.run(SingleThreadEventExecutor.java:886)
    [junit] 	at io.netty.util.concurrent.FastThreadLocalRunnable.run(FastThreadLocalRunnable.java:30)
    [junit] 	at java.lang.Thread.run(Thread.java:748)
    [junit] Caused by: java.net.ConnectException: Connection refused
    [junit] 	... 11 more
    [junit] 
    [junit] Exception: java.lang.RuntimeException thrown from the UncaughtExceptionHandler in thread "Thread-77"
    [junit] Client: Sending data: a,b (Thread[SocketStringArray,1,main])
    [junit] Client2: Sending data: c (Thread[SocketStringArray,1,main])
    [junit] 5493 ms. Memory: 1371136K Free: 203706K (15%)
    [junit] reloadAllAccessors: .SocketStringArray
    [junit] ----------------- Sun Apr 29 16:43:28 UTC 2018 About to sleep for 25.0 seconds before rerunning.  Test is: /home/travis/build/icyphy/ptII/ptolemy/actor/lib/jjs/modules/socket/test/auto/SocketStringArray.xml
    [junit] ----------------- Reloaded Accessors and testing again Sun Apr 29 16:43:53 UTC 2018 /home/travis/build/icyphy/ptII/ptolemy/actor/lib/jjs/modules/socket/test/auto/SocketStringArray.xml
    [junit] Client: Sending data: a,b (Thread[Thread-79,5,main])
    [junit] Client2: Sending data: c (Thread[Thread-79,5,main])
    [junit] 6201 ms. Memory: 1417728K Free: 365847K (26%)
    [junit] ----------------- testing Sun Apr 29 16:43:59 UTC 2018 /home/travis/build/icyphy/ptII/ptolemy/actor/lib/jjs/modules/socket/test/auto/SocketTypicalUsage.xml
    [junit] ----------------- Sun Apr 29 16:43:59 UTC 2018 About to sleep for 25.0 seconds before rerunning.  Test is: /home/travis/build/icyphy/ptII/ptolemy/actor/lib/jjs/modules/socket/test/auto/SocketTypicalUsage.xml
    [junit] Server: Server listening on port: 4093 (Thread[vert.x-eventloop-thread-2,1,main])
    [junit] Server: Server connected on a new socket number: 0 (Thread[vert.x-eventloop-thread-2,1,main])
    [junit] Server: Server connected on a new socket number: 1 (Thread[vert.x-eventloop-thread-2,1,main])
    [junit] Server: Server received data on connection 1: 1.1 (Thread[SocketTypicalUsage,1,main])
    [junit] Server: Server received data on connection 0: 2.2 (Thread[SocketTypicalUsage,1,main])
    [junit] 4237 ms. Memory: 1416704K Free: 568319K (40%)
    [junit] reloadAllAccessors: .SocketTypicalUsage
    [junit] ----------------- Sun Apr 29 16:44:31 UTC 2018 About to sleep for 25.0 seconds before rerunning.  Test is: /home/travis/build/icyphy/ptII/ptolemy/actor/lib/jjs/modules/socket/test/auto/SocketTypicalUsage.xml
    [junit] ----------------- Reloaded Accessors and testing again Sun Apr 29 16:44:56 UTC 2018 /home/travis/build/icyphy/ptII/ptolemy/actor/lib/jjs/modules/socket/test/auto/SocketTypicalUsage.xml
    [junit] Server: Server listening on port: 4093 (Thread[vert.x-eventloop-thread-2,1,main])
    [junit] Server: Server connected on a new socket number: 0 (Thread[vert.x-eventloop-thread-2,1,main])
    [junit] Server: Server connected on a new socket number: 1 (Thread[vert.x-eventloop-thread-2,1,main])
    [junit] Server: Server received data on connection 1: 1.1 (Thread[Thread-83,5,main])
    [junit] Server: Server received data on connection 0: 2.2 (Thread[Thread-83,5,main])
    [junit] 4049 ms. Memory: 1417216K Free: 157028K (11%)
    [junit] ----------------- testing Sun Apr 29 16:45:00 UTC 2018 /home/travis/build/icyphy/ptII/ptolemy/actor/lib/jjs/modules/socket/test/auto/SocketUnsignedByte.xml
    [junit] ----------------- Sun Apr 29 16:45:00 UTC 2018 About to sleep for 25.0 seconds before rerunning.  Test is: /home/travis/build/icyphy/ptII/ptolemy/actor/lib/jjs/modules/socket/test/auto/SocketUnsignedByte.xml
    [junit] Client: Sending data: -1,0,1,255,256 (Thread[SocketUnsignedByte,1,main])
    [junit] Client3: Sending data: 3.14159 (Thread[SocketUnsignedByte,1,main])
    [junit] 5172 ms. Memory: 1416704K Free: 135502K (10%)
    [junit] reloadAllAccessors: .SocketUnsignedByte
    [junit] ----------------- testing Sun Apr 29 16:45:32 UTC 2018 /home/travis/build/icyphy/ptII/ptolemy/actor/lib/jjs/modules/socket/test/auto/SocketUnsignedShort.xml
    [junit] ----------------- Sun Apr 29 16:45:32 UTC 2018 About to sleep for 25.0 seconds before rerunning.  Test is: /home/travis/build/icyphy/ptII/ptolemy/actor/lib/jjs/modules/socket/test/auto/SocketUnsignedShort.xml
    [junit] Client: Sending data: -1,0,1,65535,65536 (Thread[SocketUnsignedShort,1,main])
    [junit] Client3: Sending data: 3.14159 (Thread[SocketUnsignedShort,1,main])
    [junit] 5338 ms. Memory: 1481216K Free: 300491K (20%)
    [junit] reloadAllAccessors: .SocketUnsignedShort
    [junit] ----------------- Sun Apr 29 16:46:06 UTC 2018 About to sleep for 25.0 seconds before rerunning.  Test is: /home/travis/build/icyphy/ptII/ptolemy/actor/lib/jjs/modules/socket/test/auto/SocketUnsignedShort.xml
    [junit] ----------------- Reloaded Accessors and testing again Sun Apr 29 16:46:31 UTC 2018 /home/travis/build/icyphy/ptII/ptolemy/actor/lib/jjs/modules/socket/test/auto/SocketUnsignedShort.xml
    [junit] Client: Sending data: -1,0,1,65535,65536 (Thread[Thread-90,5,main])
    [junit] Client3: Sending data: 3.14159 (Thread[Thread-90,5,main])
    [junit] 5065 ms. Memory: 1481216K Free: 180196K (12%)
    [junit] ----------------- testing Sun Apr 29 16:46:36 UTC 2018 /home/travis/build/icyphy/ptII/ptolemy/actor/lib/jjs/modules/socket/test/auto/TCPSocketDoubleArrayBatched.xml
    [junit] ----------------- Sun Apr 29 16:46:36 UTC 2018 About to sleep for 25.0 seconds before rerunning.  Test is: /home/travis/build/icyphy/ptII/ptolemy/actor/lib/jjs/modules/socket/test/auto/TCPSocketDoubleArrayBatched.xml
    [junit] 4231 ms. Memory: 1481216K Free: 456520K (31%)
    [junit] reloadAllAccessors: .TCPSocketDoubleArrayBatched
    [junit] ----------------- Sun Apr 29 16:47:07 UTC 2018 About to sleep for 25.0 seconds before rerunning.  Test is: /home/travis/build/icyphy/ptII/ptolemy/actor/lib/jjs/modules/socket/test/auto/TCPSocketDoubleArrayBatched.xml
    [junit] ----------------- Reloaded Accessors and testing again Sun Apr 29 16:47:32 UTC 2018 /home/travis/build/icyphy/ptII/ptolemy/actor/lib/jjs/modules/socket/test/auto/TCPSocketDoubleArrayBatched.xml
    [junit] 5519 ms. Memory: 1538560K Free: 598509K (39%)
    [junit] ----------------- testing Sun Apr 29 16:47:38 UTC 2018 /home/travis/build/icyphy/ptII/ptolemy/actor/lib/jjs/modules/socket/test/auto/TCPSocketSecureServerClient.xml
    [junit] ----------------- Sun Apr 29 16:47:38 UTC 2018 About to sleep for 25.0 seconds before rerunning.  Test is: /home/travis/build/icyphy/ptII/ptolemy/actor/lib/jjs/modules/socket/test/auto/TCPSocketSecureServerClient.xml
    [junit] Manager.initialize() finished: 11399 ms. Memory: 1541120K Free: 276225K (18%)
    [junit] 131504 ms. Memory: 1541120K Free: 230193K (15%)
    [junit] ----------------- testing Sun Apr 29 16:50:20 UTC 2018 /home/travis/build/icyphy/ptII/ptolemy/actor/lib/jjs/modules/socket/test/auto/TCPSocketTwoClients.xml
    [junit] ----------------- Sun Apr 29 16:50:20 UTC 2018 About to sleep for 25.0 seconds before rerunning.  Test is: /home/travis/build/icyphy/ptII/ptolemy/actor/lib/jjs/modules/socket/test/auto/TCPSocketTwoClients.xml
    [junit] java.lang.RuntimeException: Execution failed
    [junit] 	at ptolemy.moml.MoMLSimpleApplication$UnloadThread.run(MoMLSimpleApplication.java:402)
    [junit] Caused by: ptolemy.kernel.util.IllegalActionException: Exceptions occurred during wrapup:
    [junit] ptolemy.kernel.util.IllegalActionException: Failure executing the wrapup function: Error: TrainableTest3: The input handler of this accessor was never invoked. Usually, this is an error indicating that starvation is occurring. in <function> at line number 393 at column number 16
    [junit]   in .TCPSocketSecureServerClient.TrainableTest3
    [junit] Because:
    [junit] Error: TrainableTest3: The input handler of this accessor was never invoked. Usually, this is an error indicating that starvation is occurring. in <function> at line number 393 at column number 16
    [junit] ptolemy.kernel.util.IllegalActionException: Failure executing the wrapup function: Error: TrainableTest4: The input handler of this accessor was never invoked. Usually, this is an error indicating that starvation is occurring. in <function> at line number 393 at column number 16
    [junit]   in .TCPSocketSecureServerClient.TrainableTest4
    [junit] Because:
    [junit] Error: TrainableTest4: The input handler of this accessor was never invoked. Usually, this is an error indicating that starvation is occurring. in <function> at line number 393 at column number 16
    [junit] 
    [junit]   in .TCPSocketSecureServerClient.DE Director
    [junit] Because:
    [junit] Failure executing the wrapup function: Error: TrainableTest3: The input handler of this accessor was never invoked. Usually, this is an error indicating that starvation is occurring. in <function> at line number 393 at column number 16
    [junit]   in .TCPSocketSecureServerClient.TrainableTest3
    [junit] Because:
    [junit] Error: TrainableTest3: The input handler of this accessor was never invoked. Usually, this is an error indicating that starvation is occurring. in <function> at line number 393 at column number 16
    [junit] 	at ptolemy.actor.Director.wrapup(Director.java:1736)
    [junit] 	at ptolemy.domains.de.kernel.DEDirector.wrapup(DEDirector.java:1526)
    [junit] 	at ptolemy.actor.CompositeActor.wrapup(CompositeActor.java:2735)
    [junit] 	at ptolemy.actor.Manager.wrapup(Manager.java:1512)
    [junit] 	at ptolemy.actor.Manager.execute(Manager.java:407)
    [junit] 	at ptolemy.actor.Manager.run(Manager.java:1263)
    [junit] 	at ptolemy.actor.Manager$PtolemyRunThread.run(Manager.java:1915)
    [junit] Caused by: ptolemy.kernel.util.IllegalActionException: Failure executing the wrapup function: Error: TrainableTest3: The input handler of this accessor was never invoked. Usually, this is an error indicating that starvation is occurring. in <function> at line number 393 at column number 16
    [junit]   in .TCPSocketSecureServerClient.TrainableTest3
    [junit] Because:
    [junit] Error: TrainableTest3: The input handler of this accessor was never invoked. Usually, this is an error indicating that starvation is occurring. in <function> at line number 393 at column number 16
    [junit] 	at ptolemy.actor.lib.jjs.JavaScript._invokeMethodInContext(JavaScript.java:2216)
    [junit] 	at ptolemy.actor.lib.jjs.JavaScript.wrapup(JavaScript.java:2111)
    [junit] 	at ptolemy.actor.Director.wrapup(Director.java:1722)
    [junit] 	... 6 more
    [junit] Caused by: javax.script.ScriptException: Error: TrainableTest3: The input handler of this accessor was never invoked. Usually, this is an error indicating that starvation is occurring. in <function> at line number 393 at column number 16
    [junit] 	at jdk.nashorn.api.scripting.NashornScriptEngine.throwAsScriptException(NashornScriptEngine.java:470)
    [junit] 	at jdk.nashorn.api.scripting.NashornScriptEngine.invokeImpl(NashornScriptEngine.java:392)
    [junit] 	at jdk.nashorn.api.scripting.NashornScriptEngine.invokeMethod(NashornScriptEngine.java:199)
    [junit] 	at ptolemy.actor.lib.jjs.JavaScript._invokeMethodInContext(JavaScript.java:2193)
    [junit] 	... 8 more
    [junit] Caused by: <function>:393:16 Error: TrainableTest3: The input handler of this accessor was never invoked. Usually, this is an error indicating that starvation is occurring.
    [junit] 	at jdk.nashorn.internal.objects.NativeError.initException(NativeError.java:137)
    [junit] 	at jdk.nashorn.internal.objects.NativeError.<init>(NativeError.java:102)
    [junit] 	at jdk.nashorn.internal.objects.NativeError.<init>(NativeError.java:106)
    [junit] 	at jdk.nashorn.internal.objects.NativeError.<init>(NativeError.java:110)
    [junit] 	at jdk.nashorn.internal.objects.NativeError.constructor(NativeError.java:129)
    [junit] 	at jdk.nashorn.internal.scripts.Script$Recompilation$54883$18508$\^function\_.L:1#wrapup(<function>:393)
    [junit] 	at jdk.nashorn.internal.scripts.Script$Recompilation$54881$30328$require.L:1#Accessor#wrapup(/home/travis/build/icyphy/ptII/ptolemy/actor/lib/jjs/external/require.js#401:30<eval>:673)
    [junit] 	at jdk.nashorn.internal.runtime.ScriptFunctionData.invoke(ScriptFunctionData.java:637)
    [junit] 	at jdk.nashorn.internal.runtime.ScriptFunction.invoke(ScriptFunction.java:494)
    [junit] 	at jdk.nashorn.internal.runtime.ScriptRuntime.apply(ScriptRuntime.java:393)
    [junit] 	at jdk.nashorn.api.scripting.ScriptObjectMirror.callMember(ScriptObjectMirror.java:199)
    [junit] 	at jdk.nashorn.api.scripting.NashornScriptEngine.invokeImpl(NashornScriptEngine.java:386)
    [junit] 	... 10 more
    [junit] 
    [junit] Exception: java.lang.RuntimeException thrown from the UncaughtExceptionHandler in thread "Thread-99"
    [junit] Manager.initialize() finished: 13462 ms. Memory: 1629696K Free: 377736K (23%)
