<html xmlns:string="xalan://java.lang.String" xmlns:lxslt="http://xml.apache.org/xslt">
<head>
<META http-equiv="Content-Type" content="text/html; charset=UTF-8">
<title>Standard Output from JUnitTclTest</title>
</head>
<body>
<pre>/home/travis/build/icyphy/ptII/ptolemy/domains/ddf/test/SequenceToArrayDDF.tcl
testDefs.tcl: setting time out to 9000 seconds at Thu May 03 00:57:56 UTC 2018


==== $PTII/ptolemy/domains/ddf/test/SequenceToArrayDDF.tcl: SequenceToArray-1.0 Read SequenceToArrayDDF.xml, run it, change the const
==== Contents of test case:

    # DDF SequenceToArray bug submitted by Tomasz Zok
    # The problem is that if the length of the Const actor changes
    # between runs from three elements to two elements, then the output of 
    # the second run does not occur.

    set parser [java::new ptolemy.moml.MoMLParser]
    set model "SequenceToArrayDDF.xml"
    $parser purgeAllModelRecords
    set toplevel [java::cast ptolemy.actor.TypedCompositeActor [$parser parseFile $model]]
    set manager [java::new ptolemy.actor.Manager [$toplevel workspace] myManager]
    $toplevel setManager $manager
    $manager execute
    set recorder [java::cast ptolemy.actor.lib.Recorder [$toplevel getEntity Recorder]]
    set r1 [listToStrings [$recorder getHistory 0]]

    set const [java::cast ptolemy.actor.lib.Const [$toplevel getEntity Const]]
    set value [getParameter $const value]
    $value setExpression "{\"aaa\", \"bbb\"}"
    $manager execute
    set r2 [listToStrings [$recorder getHistory 0]]
    list $r1 $r2

.... Test generated KNOWN error:
    while executing
com.microstar.xml.XmlException: Failed to find class 'ptolemy.kernel.util.RelativeLocation' in file:/home/travis/build/icyphy/ptII/ptolemy/domains/ddf/test/ at line 34 and column 87
Caused by:
 java.lang.ClassNotFoundException: ptolemy.kernel.util.RelativeLocation
	at ptolemy.moml.MoMLParser._handlePropertyElement(MoMLParser.java:5911)
	at ptolemy.moml.MoMLParser.startElement(MoMLParser.java:3309)
	at com.microstar.xml.XmlParser.parseElement(XmlParser.java:921)
	at com.microstar.xml.XmlParser.parseContent(XmlParser.java:1104)
	at com.microstar.xml.XmlParser.parseElement(XmlParser.java:924)
	at com.microstar.xml.XmlParser.parseContent(XmlParser.java:1104)
	at com.microstar.xml.XmlParser.parseElement(XmlParser.java:924)
	at com.microstar.xml.XmlParser.parseDocument(XmlParser.java:481)
	at com.microstar.xml.XmlParser.doParse(XmlParser.java:159)
	at com.microstar.xml.XmlParser.parse(XmlParser.java:132)
	at ptolemy.moml.MoMLParser.parse(MoMLParser.java:1676)
	at ptolemy.moml.MoMLParser.parse(MoMLParser.java:1617)
	at ptolemy.moml.MoMLParser.parse(MoMLParser.java:1575)
	at ptolemy.moml.MoMLParser._loadFileInContext(MoMLParser.java:6458)
	at ptolemy.moml.MoMLParser._loadIconForClass(MoMLParser.java:6503)
	at ptolemy.moml.MoMLParser._createEntity(MoMLParser.java:4532)
	at ptolemy.moml.MoMLParser.startElement(MoMLParser.java:2864)
	at com.microstar.xml.XmlParser.parseElement(XmlParser.java:921)
	at com.microstar.xml.XmlParser.parseContent(XmlParser.java:1104)
	at com.microstar.xml.XmlParser.parseElement(XmlParser.java:924)
	at com.microstar.xml.XmlParser.parseDocument(XmlParser.java:481)
	at com.microstar.xml.XmlParser.doParse(XmlParser.java:159)
	at com.microstar.xml.XmlParser.parse(XmlParser.java:132)
	at ptolemy.moml.MoMLParser.parse(MoMLParser.java:1676)
	at ptolemy.moml.MoMLParser.parse(MoMLParser.java:1595)
	at ptolemy.moml.MoMLParser.parse(MoMLParser.java:1537)
	at ptolemy.moml.MoMLParser.parseFile(MoMLParser.java:1841)
	at sun.reflect.NativeMethodAccessorImpl.invoke0(Native Method)
	at sun.reflect.NativeMethodAccessorImpl.invoke(NativeMethodAccessorImpl.java:62)
	at sun.reflect.DelegatingMethodAccessorImpl.invoke(DelegatingMethodAccessorImpl.java:43)
	at java.lang.reflect.Method.invoke(Method.java:498)
	at tcl.lang.reflect.PkgInvoker.invokeMethod(PkgInvoker.java:129)
	at tcl.lang.JavaInvoke.call(JavaInvoke.java:253)
	at tcl.lang.JavaInvoke.callMethod(JavaInvoke.java:116)
	at tcl.lang.ReflectObject.cmdProc(ReflectObject.java:727)
	at tcl.lang.Parser.evalObjv(Parser.java:740)
	at tcl.lang.Parser.eval2(Parser.java:1138)
	at tcl.lang.Parser.evalTokens(Parser.java:930)
	at tcl.lang.Parser.eval2(Parser.java:1125)
	at tcl.lang.Parser.evalTokens(Parser.java:930)
	at tcl.lang.Parser.eval2(Parser.java:1125)
	at tcl.lang.Interp.eval(Interp.java:1782)
	at tcl.lang.Interp.eval(Interp.java:1841)
	at tcl.lang.UplevelCmd.cmdProc(UplevelCmd.java:93)
	at tcl.lang.AutoloadStub.cmdProc(Extension.java:144)
	at tcl.lang.Parser.evalObjv(Parser.java:740)
	at tcl.lang.Parser.eval2(Parser.java:1138)
	at tcl.lang.Interp.eval(Interp.java:1782)
	at tcl.lang.Interp.eval(Interp.java:1841)
	at tcl.lang.CatchCmd.cmdProc(CatchCmd.java:42)
	at tcl.lang.Parser.evalObjv(Parser.java:740)
	at tcl.lang.Parser.eval2(Parser.java:1138)
	at tcl.lang.Parser.evalTokens(Parser.java:930)
	at tcl.lang.Parser.eval2(Parser.java:1125)
	at tcl.lang.Procedure.cmdProc(Procedure.java:175)
	at tcl.lang.Parser.evalObjv(Parser.java:740)
	at tcl.lang.Parser.eval2(Parser.java:1138)
	at tcl.lang.Interp.eval(Interp.java:1782)
	at tcl.lang.Interp.evalFile(Interp.java:1880)
	at sun.reflect.NativeMethodAccessorImpl.invoke0(Native Method)
	at sun.reflect.NativeMethodAccessorImpl.invoke(NativeMethodAccessorImpl.java:62)
	at sun.reflect.DelegatingMethodAccessorImpl.invoke(DelegatingMethodAccessorImpl.java:43)
	at java.lang.reflect.Method.invoke(Method.java:498)
	at ptolemy.util.test.junit.TclTests.RunTclFile(TclTests.java:233)
	at sun.reflect.NativeMethodAccessorImpl.invoke0(Native Method)
	at sun.reflect.NativeMethodAccessorImpl.invoke(NativeMethodAccessorImpl.java:62)
	at sun.reflect.DelegatingMethodAccessorImpl.invoke(DelegatingMethodAccessorImpl.java:43)
	at java.lang.reflect.Method.invoke(Method.java:498)
	at org.junit.runners.model.FrameworkMethod$1.runReflectiveCall(FrameworkMethod.java:44)
	at org.junit.internal.runners.model.ReflectiveCallable.run(ReflectiveCallable.java:15)
	at org.junit.runners.model.FrameworkMethod.invokeExplosively(FrameworkMethod.java:41)
	at junitparams.internal.InvokeParameterisedMethod.evaluate(InvokeParameterisedMethod.java:102)
	at junitparams.internal.ParameterisedTestMethodRunner.runMethodInvoker(ParameterisedTestMethodRunner.java:47)
	at junitparams.internal.ParameterisedTestMethodRunner.runTestMethod(ParameterisedTestMethodRunner.java:41)
	at junitparams.internal.ParameterisedTestClassRunner.runParameterisedTest(ParameterisedTestClassRunner.java:143)
	at junitparams.JUnitParamsRunner.runChild(JUnitParamsRunner.java:237)
	at junitparams.JUnitParamsRunner.runChild(JUnitParamsRunner.java:215)
	at org.junit.runners.ParentRunner$3.run(ParentRunner.java:193)
	at org.junit.runners.ParentRunner$1.schedule(ParentRunner.java:52)
	at org.junit.runners.ParentRunner.runChildren(ParentRunner.java:191)
	at org.junit.runners.ParentRunner.access$000(ParentRunner.java:42)
	at org.junit.runners.ParentRunner$2.evaluate(ParentRunner.java:184)
	at org.junit.internal.runners.statements.RunAfters.evaluate(RunAfters.java:31)
	at org.junit.runners.ParentRunner.run(ParentRunner.java:236)
	at org.junit.runners.Suite.runChild(Suite.java:128)
	at org.junit.runners.Suite.runChild(Suite.java:24)
	at org.junit.runners.ParentRunner$3.run(ParentRunner.java:193)
	at org.junit.runners.ParentRunner$1.schedule(ParentRunner.java:52)
	at org.junit.runners.ParentRunner.runChildren(ParentRunner.java:191)
	at org.junit.runners.ParentRunner.access$000(ParentRunner.java:42)
	at org.junit.runners.ParentRunner$2.evaluate(ParentRunner.java:184)
	at org.junit.runners.ParentRunner.run(ParentRunner.java:236)
	at junit.framework.JUnit4TestAdapter.run(JUnit4TestAdapter.java:39)
	at org.apache.tools.ant.taskdefs.optional.junit.JUnitTestRunner.run(JUnitTestRunner.java:535)
	at org.apache.tools.ant.taskdefs.optional.junit.JUnitTestRunner.launch(JUnitTestRunner.java:1182)
	at org.apache.tools.ant.taskdefs.optional.junit.JUnitTestRunner.main(JUnitTestRunner.java:1033)
Caused by: java.lang.ClassNotFoundException: ptolemy.kernel.util.RelativeLocation
	at java.net.URLClassLoader.findClass(URLClassLoader.java:381)
	at java.lang.ClassLoader.loadClass(ClassLoader.java:424)
	at sun.misc.Launcher$AppClassLoader.loadClass(Launcher.java:335)
	at java.lang.ClassLoader.loadClass(ClassLoader.java:357)
	at ptolemy.moml.MoMLParser._loadClass(MoMLParser.java:6402)
	at ptolemy.moml.MoMLParser._handlePropertyElement(MoMLParser.java:5906)
	... 95 more
Caused by: java.lang.ClassNotFoundException: ptolemy.kernel.util.RelativeLocation
	at java.net.URLClassLoader.findClass(URLClassLoader.java:381)
	at java.lang.ClassLoader.loadClass(ClassLoader.java:424)
	at sun.misc.Launcher$AppClassLoader.loadClass(Launcher.java:335)
	at java.lang.ClassLoader.loadClass(ClassLoader.java:357)
	at ptolemy.moml.MoMLParser._loadClass(MoMLParser.java:6402)
	at ptolemy.moml.MoMLParser._handlePropertyElement(MoMLParser.java:5906)
	at ptolemy.moml.MoMLParser.startElement(MoMLParser.java:3309)
	at com.microstar.xml.XmlParser.parseElement(XmlParser.java:921)
	at com.microstar.xml.XmlParser.parseContent(XmlParser.java:1104)
	at com.microstar.xml.XmlParser.parseElement(XmlParser.java:924)
	at com.microstar.xml.XmlParser.parseContent(XmlParser.java:1104)
	at com.microstar.xml.XmlParser.parseElement(XmlParser.java:924)
	at com.microstar.xml.XmlParser.parseDocument(XmlParser.java:481)
	at com.microstar.xml.XmlParser.doParse(XmlParser.java:159)
	at com.microstar.xml.XmlParser.parse(XmlParser.java:132)
	at ptolemy.moml.MoMLParser.parse(MoMLParser.java:1676)
	at ptolemy.moml.MoMLParser.parse(MoMLParser.java:1617)
	at ptolemy.moml.MoMLParser.parse(MoMLParser.java:1575)
	at ptolemy.moml.MoMLParser._loadFileInContext(MoMLParser.java:6458)
	at ptolemy.moml.MoMLParser._loadIconForClass(MoMLParser.java:6503)
	at ptolemy.moml.MoMLParser._createEntity(MoMLParser.java:4532)
	at ptolemy.moml.MoMLParser.startElement(MoMLParser.java:2864)
	at com.microstar.xml.XmlParser.parseElement(XmlParser.java:921)
	at com.microstar.xml.XmlParser.parseContent(XmlParser.java:1104)
	at com.microstar.xml.XmlParser.parseElement(XmlParser.java:924)
	at com.microstar.xml.XmlParser.parseDocument(XmlParser.java:481)
	at com.microstar.xml.XmlParser.doParse(XmlParser.java:159)
	at com.microstar.xml.XmlParser.parse(XmlParser.java:132)
	at ptolemy.moml.MoMLParser.parse(MoMLParser.java:1676)
	at ptolemy.moml.MoMLParser.parse(MoMLParser.java:1595)
	at ptolemy.moml.MoMLParser.parse(MoMLParser.java:1537)
	at ptolemy.moml.MoMLParser.parseFile(MoMLParser.java:1841)
	at sun.reflect.NativeMethodAccessorImpl.invoke0(Native Method)
	at sun.reflect.NativeMethodAccessorImpl.invoke(NativeMethodAccessorImpl.java:62)
	at sun.reflect.DelegatingMethodAccessorImpl.invoke(DelegatingMethodAccessorImpl.java:43)
	at java.lang.reflect.Method.invoke(Method.java:498)
	at tcl.lang.reflect.PkgInvoker.invokeMethod(PkgInvoker.java:129)
	at tcl.lang.JavaInvoke.call(JavaInvoke.java:253)
	at tcl.lang.JavaInvoke.callMethod(JavaInvoke.java:116)
	at tcl.lang.ReflectObject.cmdProc(ReflectObject.java:727)
	at tcl.lang.Parser.evalObjv(Parser.java:740)
	at tcl.lang.Parser.eval2(Parser.java:1138)
	at tcl.lang.Parser.evalTokens(Parser.java:930)
	at tcl.lang.Parser.eval2(Parser.java:1125)
	at tcl.lang.Parser.evalTokens(Parser.java:930)
	at tcl.lang.Parser.eval2(Parser.java:1125)
	at tcl.lang.Interp.eval(Interp.java:1782)
	at tcl.lang.Interp.eval(Interp.java:1841)
	at tcl.lang.UplevelCmd.cmdProc(UplevelCmd.java:93)
	at tcl.lang.AutoloadStub.cmdProc(Extension.java:144)
	at tcl.lang.Parser.evalObjv(Parser.java:740)
	at tcl.lang.Parser.eval2(Parser.java:1138)
	at tcl.lang.Interp.eval(Interp.java:1782)
	at tcl.lang.Interp.eval(Interp.java:1841)
	at tcl.lang.CatchCmd.cmdProc(CatchCmd.java:42)
	at tcl.lang.Parser.evalObjv(Parser.java:740)
	at tcl.lang.Parser.eval2(Parser.java:1138)
	at tcl.lang.Parser.evalTokens(Parser.java:930)
	at tcl.lang.Parser.eval2(Parser.java:1125)
	at tcl.lang.Procedure.cmdProc(Procedure.java:175)
	at tcl.lang.Parser.evalObjv(Parser.java:740)
	at tcl.lang.Parser.eval2(Parser.java:1138)
	at tcl.lang.Interp.eval(Interp.java:1782)
	at tcl.lang.Interp.evalFile(Interp.java:1880)
	at sun.reflect.NativeMethodAccessorImpl.invoke0(Native Method)
	at sun.reflect.NativeMethodAccessorImpl.invoke(NativeMethodAccessorImpl.java:62)
	at sun.reflect.DelegatingMethodAccessorImpl.invoke(DelegatingMethodAccessorImpl.java:43)
	at java.lang.reflect.Method.invoke(Method.java:498)
	at ptolemy.util.test.junit.TclTests.RunTclFile(TclTests.java:233)
	at sun.reflect.NativeMethodAccessorImpl.invoke0(Native Method)
	at sun.reflect.NativeMethodAccessorImpl.invoke(NativeMethodAccessorImpl.java:62)
	at sun.reflect.DelegatingMethodAccessorImpl.invoke(DelegatingMethodAccessorImpl.java:43)
	at java.lang.reflect.Method.invoke(Method.java:498)
	at org.junit.runners.model.FrameworkMethod$1.runReflectiveCall(FrameworkMethod.java:44)
	at org.junit.internal.runners.model.ReflectiveCallable.run(ReflectiveCallable.java:15)
	at org.junit.runners.model.FrameworkMethod.invokeExplosively(FrameworkMethod.java:41)
	at junitparams.internal.InvokeParameterisedMethod.evaluate(InvokeParameterisedMethod.java:102)
	at junitparams.internal.ParameterisedTestMethodRunner.runMethodInvoker(ParameterisedTestMethodRunner.java:47)
	at junitparams.internal.ParameterisedTestMethodRunner.runTestMethod(ParameterisedTestMethodRunner.java:41)
	at junitparams.internal.ParameterisedTestClassRunner.runParameterisedTest(ParameterisedTestClassRunner.java:143)
	at junitparams.JUnitParamsRunner.runChild(JUnitParamsRunner.java:237)
	at junitparams.JUnitParamsRunner.runChild(JUnitParamsRunner.java:215)
	at org.junit.runners.ParentRunner$3.run(ParentRunner.java:193)
	at org.junit.runners.ParentRunner$1.schedule(ParentRunner.java:52)
	at org.junit.runners.ParentRunner.runChildren(ParentRunner.java:191)
	at org.junit.runners.ParentRunner.access$000(ParentRunner.java:42)
	at org.junit.runners.ParentRunner$2.evaluate(ParentRunner.java:184)
	at org.junit.internal.runners.statements.RunAfters.evaluate(RunAfters.java:31)
	at org.junit.runners.ParentRunner.run(ParentRunner.java:236)
	at org.junit.runners.Suite.runChild(Suite.java:128)
	at org.junit.runners.Suite.runChild(Suite.java:24)
	at org.junit.runners.ParentRunner$3.run(ParentRunner.java:193)
	at org.junit.runners.ParentRunner$1.schedule(ParentRunner.java:52)
	at org.junit.runners.ParentRunner.runChildren(ParentRunner.java:191)
	at org.junit.runners.ParentRunner.access$000(ParentRunner.java:42)
	at org.junit.runners.ParentRunner$2.evaluate(ParentRunner.java:184)
	at org.junit.runners.ParentRunner.run(ParentRunner.java:236)
	at junit.framework.JUnit4TestAdapter.run(JUnit4TestAdapter.java:39)
	at org.apache.tools.ant.taskdefs.optional.junit.JUnitTestRunner.run(JUnitTestRunner.java:535)
	at org.apache.tools.ant.taskdefs.optional.junit.JUnitTestRunner.launch(JUnitTestRunner.java:1182)
	at org.apache.tools.ant.taskdefs.optional.junit.JUnitTestRunner.main(JUnitTestRunner.java:1033)

    while executing
com.microstar.xml.XmlException: Failed to find class 'ptolemy.kernel.util.RelativeLocation' in file:/home/travis/build/icyphy/ptII/ptolemy/domains/ddf/test/ at line 34 and column 87
Caused by:
 java.lang.ClassNotFoundException: ptolemy.kernel.util.RelativeLocation
    while executing
"$parser parseFile $model"
    invoked from within
"java::cast ptolemy.actor.TypedCompositeActor [$parser parseFile $model]"
    invoked from within
"set toplevel [java::cast ptolemy.actor.TypedCompositeActor [$parser parseFile $model]]"
    ("uplevel" body line 10)
    invoked from within
"uplevel $contents_of_test"
05/03/18 12:57:57
Failed: 0  Total Tests: 1  ((Passed: 0, Newly Passed: 0)  Known Failed: 1) /home/travis/build/icyphy/ptII/ptolemy/domains/ddf/test
No auto/knownFailedTests/*.xml tests in /home/travis/build/icyphy/ptII/ptolemy/domains/ddf/test
No auto/*.xml tests in /home/travis/build/icyphy/ptII/ptolemy/domains/ddf/test
AutoTests.java: About to close Vertx.
AutoTests.java: Vertx closed.
----------------- testing Thu May 03 00:57:57 UTC 2018 /home/travis/build/icyphy/ptII/ptolemy/domains/ddf/test/auto/DDFInsideDDF.xml
----------------- Instantiating /home/travis/build/icyphy/ptII/ptolemy/domains/ddf/test/auto/DDFInsideDDF.xml
22 ms. Memory: 146944K Free: 119559K (81%)
----------------- Invoking toplevel() on ptolemy.moml.MoMLSimpleApplication@71220917
----------------- Done invoking toplevel() on ptolemy.moml.MoMLSimpleApplication@71220917
reloadAllAccessors: .DDFInsideDDF
----------------- testing Thu May 03 00:57:57 UTC 2018 /home/travis/build/icyphy/ptII/ptolemy/domains/ddf/test/auto/DDFInsideDE.xml
----------------- Instantiating /home/travis/build/icyphy/ptII/ptolemy/domains/ddf/test/auto/DDFInsideDE.xml
31 ms. Memory: 146944K Free: 114080K (78%)
----------------- Invoking toplevel() on ptolemy.moml.MoMLSimpleApplication@78769f2f
----------------- Done invoking toplevel() on ptolemy.moml.MoMLSimpleApplication@78769f2f
reloadAllAccessors: .DDFInsideDE
----------------- testing Thu May 03 00:57:57 UTC 2018 /home/travis/build/icyphy/ptII/ptolemy/domains/ddf/test/auto/DDFinPN.xml
----------------- Instantiating /home/travis/build/icyphy/ptII/ptolemy/domains/ddf/test/auto/DDFinPN.xml
13 ms. Memory: 146944K Free: 109679K (75%)
----------------- Invoking toplevel() on ptolemy.moml.MoMLSimpleApplication@7c15e2c6
----------------- Done invoking toplevel() on ptolemy.moml.MoMLSimpleApplication@7c15e2c6
reloadAllAccessors: .DDFinPN
----------------- testing Thu May 03 00:57:57 UTC 2018 /home/travis/build/icyphy/ptII/ptolemy/domains/ddf/test/auto/EratosthenesTest.xml
----------------- Instantiating /home/travis/build/icyphy/ptII/ptolemy/domains/ddf/test/auto/EratosthenesTest.xml
904 ms. Memory: 208384K Free: 91309K (44%)
----------------- Invoking toplevel() on ptolemy.moml.MoMLSimpleApplication@46c06115
----------------- Done invoking toplevel() on ptolemy.moml.MoMLSimpleApplication@46c06115
reloadAllAccessors: .EratosthenesTest
----------------- testing Thu May 03 00:57:58 UTC 2018 /home/travis/build/icyphy/ptII/ptolemy/domains/ddf/test/auto/FactorialTest.xml
----------------- Instantiating /home/travis/build/icyphy/ptII/ptolemy/domains/ddf/test/auto/FactorialTest.xml
76 ms. Memory: 332800K Free: 306538K (92%)
----------------- Invoking toplevel() on ptolemy.moml.MoMLSimpleApplication@2dcc1962
----------------- Done invoking toplevel() on ptolemy.moml.MoMLSimpleApplication@2dcc1962
reloadAllAccessors: .FactorialTest
----------------- testing Thu May 03 00:57:58 UTC 2018 /home/travis/build/icyphy/ptII/ptolemy/domains/ddf/test/auto/HanoiTowerTest.xml
----------------- Instantiating /home/travis/build/icyphy/ptII/ptolemy/domains/ddf/test/auto/HanoiTowerTest.xml
420 ms. Memory: 332800K Free: 179313K (54%)
----------------- Invoking toplevel() on ptolemy.moml.MoMLSimpleApplication@1e760820
----------------- Done invoking toplevel() on ptolemy.moml.MoMLSimpleApplication@1e760820
reloadAllAccessors: .HanoiTowerTest
----------------- testing Thu May 03 00:57:59 UTC 2018 /home/travis/build/icyphy/ptII/ptolemy/domains/ddf/test/auto/IfThenElse.xml
----------------- Instantiating /home/travis/build/icyphy/ptII/ptolemy/domains/ddf/test/auto/IfThenElse.xml
4 ms. Memory: 332800K Free: 173168K (52%)
----------------- Invoking toplevel() on ptolemy.moml.MoMLSimpleApplication@1d174d3a
----------------- Done invoking toplevel() on ptolemy.moml.MoMLSimpleApplication@1d174d3a
reloadAllAccessors: .IfThenElse
----------------- testing Thu May 03 00:57:59 UTC 2018 /home/travis/build/icyphy/ptII/ptolemy/domains/ddf/test/auto/IfThenElseFSM.xml
----------------- Instantiating /home/travis/build/icyphy/ptII/ptolemy/domains/ddf/test/auto/IfThenElseFSM.xml
46 ms. Memory: 332800K Free: 148560K (45%)
----------------- Invoking toplevel() on ptolemy.moml.MoMLSimpleApplication@5be67e00
----------------- Done invoking toplevel() on ptolemy.moml.MoMLSimpleApplication@5be67e00
reloadAllAccessors: .IfThenElseFSM
----------------- testing Thu May 03 00:57:59 UTC 2018 /home/travis/build/icyphy/ptII/ptolemy/domains/ddf/test/auto/LoopTest.xml
----------------- Instantiating /home/travis/build/icyphy/ptII/ptolemy/domains/ddf/test/auto/LoopTest.xml
60 ms. Memory: 332800K Free: 138729K (42%)
----------------- Invoking toplevel() on ptolemy.moml.MoMLSimpleApplication@ca024e7
----------------- Done invoking toplevel() on ptolemy.moml.MoMLSimpleApplication@ca024e7
reloadAllAccessors: .LoopTest
----------------- testing Thu May 03 00:57:59 UTC 2018 /home/travis/build/icyphy/ptII/ptolemy/domains/ddf/test/auto/OrderedMergeTest.xml
----------------- Instantiating /home/travis/build/icyphy/ptII/ptolemy/domains/ddf/test/auto/OrderedMergeTest.xml
28 ms. Memory: 332800K Free: 130128K (39%)
----------------- Invoking toplevel() on ptolemy.moml.MoMLSimpleApplication@4781560b
----------------- Done invoking toplevel() on ptolemy.moml.MoMLSimpleApplication@4781560b
reloadAllAccessors: .OrderedMergeTest
----------------- testing Thu May 03 00:57:59 UTC 2018 /home/travis/build/icyphy/ptII/ptolemy/domains/ddf/test/auto/RandomWalkTest.xml
----------------- Instantiating /home/travis/build/icyphy/ptII/ptolemy/domains/ddf/test/auto/RandomWalkTest.xml
58 ms. Memory: 332800K Free: 115381K (35%)
----------------- Invoking toplevel() on ptolemy.moml.MoMLSimpleApplication@3b96a685
----------------- Done invoking toplevel() on ptolemy.moml.MoMLSimpleApplication@3b96a685
reloadAllAccessors: .RandomWalkTest
----------------- testing Thu May 03 00:58:00 UTC 2018 /home/travis/build/icyphy/ptII/ptolemy/domains/ddf/test/auto/RijndaelEncryptionTest.xml
----------------- Instantiating /home/travis/build/icyphy/ptII/ptolemy/domains/ddf/test/auto/RijndaelEncryptionTest.xml
312 ms. Memory: 299520K Free: 164268K (55%)
----------------- Invoking toplevel() on ptolemy.moml.MoMLSimpleApplication@4e807367
----------------- Done invoking toplevel() on ptolemy.moml.MoMLSimpleApplication@4e807367
reloadAllAccessors: .RijndaelEncryptionTest
----------------- testing Thu May 03 00:58:00 UTC 2018 /home/travis/build/icyphy/ptII/ptolemy/domains/ddf/test/auto/booleanSelect.xml
----------------- Instantiating /home/travis/build/icyphy/ptII/ptolemy/domains/ddf/test/auto/booleanSelect.xml
98 ms. Memory: 299520K Free: 121050K (40%)
----------------- Invoking toplevel() on ptolemy.moml.MoMLSimpleApplication@62604465
----------------- Done invoking toplevel() on ptolemy.moml.MoMLSimpleApplication@62604465
reloadAllAccessors: .booleanSelect
----------------- testing Thu May 03 00:58:00 UTC 2018 /home/travis/build/icyphy/ptII/ptolemy/domains/ddf/test/auto/controlled_kahnnet.xml
----------------- Instantiating /home/travis/build/icyphy/ptII/ptolemy/domains/ddf/test/auto/controlled_kahnnet.xml
5 ms. Memory: 299520K Free: 116134K (39%)
----------------- Invoking toplevel() on ptolemy.moml.MoMLSimpleApplication@5c9d9bb5
----------------- Done invoking toplevel() on ptolemy.moml.MoMLSimpleApplication@5c9d9bb5
reloadAllAccessors: .controlled_kahnnet
----------------- testing Thu May 03 00:58:00 UTC 2018 /home/travis/build/icyphy/ptII/ptolemy/domains/ddf/test/auto/hamming-pt.xml
----------------- Instantiating /home/travis/build/icyphy/ptII/ptolemy/domains/ddf/test/auto/hamming-pt.xml
6 ms. Memory: 299520K Free: 111219K (37%)
----------------- Invoking toplevel() on ptolemy.moml.MoMLSimpleApplication@53a1100d
----------------- Done invoking toplevel() on ptolemy.moml.MoMLSimpleApplication@53a1100d
reloadAllAccessors: .hamming-pt
AutoTests.java: About to close Vertx.
AutoTests.java: Vertx closed.
</pre>
</body>
</html>
