<html xmlns:string="xalan://java.lang.String" xmlns:lxslt="http://xml.apache.org/xslt">
<head>
<META http-equiv="Content-Type" content="text/html; charset=UTF-8">
<title>Standard Output from JUnitTclTest</title>
</head>
<body>
<pre>/home/travis/build/icyphy/ptII/ptolemy/domains/ddf/test/SequenceToArrayDDF.tcl
testDefs.tcl: setting time out to 9000 seconds at Tue May 29 01:17:59 UTC 2018


==== $PTII/ptolemy/domains/ddf/test/SequenceToArrayDDF.tcl: SequenceToArray-1.0 Read SequenceToArrayDDF.xml, run it, change the const
==== Contents of test case:

    # DDF SequenceToArray bug submitted by Tomasz Zok
    # The problem is that if the length of the Const actor changes
    # between runs from three elements to two elements, then the output of 
    # the second run does not occur.

    set parser [java::new ptolemy.moml.MoMLParser]
    set model "SequenceToArrayDDF.xml"
    $parser purgeAllModelRecords
    set toplevel [java::cast ptolemy.actor.TypedCompositeActor [$parser parseFile $model]]
    set manager [java::new ptolemy.actor.Manager [$toplevel workspace] myManager]
    $toplevel setManager $manager
    $manager execute
    set recorder [java::cast ptolemy.actor.lib.Recorder [$toplevel getEntity Recorder]]
    set r1 [listToStrings [$recorder getHistory 0]]

    set const [java::cast ptolemy.actor.lib.Const [$toplevel getEntity Const]]
    set value [getParameter $const value]
    $value setExpression "{\"aaa\", \"bbb\"}"
    $manager execute
    set r2 [listToStrings [$recorder getHistory 0]]
    list $r1 $r2

.... Test generated KNOWN error:
    while executing
com.microstar.xml.XmlException: Failed to find class 'ptolemy.kernel.util.RelativeLocation' in file:/home/travis/build/icyphy/ptII/ptolemy/domains/ddf/test/ at line 34 and column 87
Caused by:
 java.lang.ClassNotFoundException: ptolemy.kernel.util.RelativeLocation
	at ptolemy.moml.MoMLParser._handlePropertyElement(MoMLParser.java:5911)
	at ptolemy.moml.MoMLParser.startElement(MoMLParser.java:3309)
	at com.microstar.xml.XmlParser.parseElement(XmlParser.java:921)
	at com.microstar.xml.XmlParser.parseContent(XmlParser.java:1104)
	at com.microstar.xml.XmlParser.parseElement(XmlParser.java:924)
	at com.microstar.xml.XmlParser.parseContent(XmlParser.java:1104)
	at com.microstar.xml.XmlParser.parseElement(XmlParser.java:924)
	at com.microstar.xml.XmlParser.parseDocument(XmlParser.java:481)
	at com.microstar.xml.XmlParser.doParse(XmlParser.java:159)
	at com.microstar.xml.XmlParser.parse(XmlParser.java:132)
	at ptolemy.moml.MoMLParser.parse(MoMLParser.java:1676)
	at ptolemy.moml.MoMLParser.parse(MoMLParser.java:1617)
	at ptolemy.moml.MoMLParser.parse(MoMLParser.java:1575)
	at ptolemy.moml.MoMLParser._loadFileInContext(MoMLParser.java:6458)
	at ptolemy.moml.MoMLParser._loadIconForClass(MoMLParser.java:6503)
	at ptolemy.moml.MoMLParser._createEntity(MoMLParser.java:4532)
	at ptolemy.moml.MoMLParser.startElement(MoMLParser.java:2864)
	at com.microstar.xml.XmlParser.parseElement(XmlParser.java:921)
	at com.microstar.xml.XmlParser.parseContent(XmlParser.java:1104)
	at com.microstar.xml.XmlParser.parseElement(XmlParser.java:924)
	at com.microstar.xml.XmlParser.parseDocument(XmlParser.java:481)
	at com.microstar.xml.XmlParser.doParse(XmlParser.java:159)
	at com.microstar.xml.XmlParser.parse(XmlParser.java:132)
	at ptolemy.moml.MoMLParser.parse(MoMLParser.java:1676)
	at ptolemy.moml.MoMLParser.parse(MoMLParser.java:1595)
	at ptolemy.moml.MoMLParser.parse(MoMLParser.java:1537)
	at ptolemy.moml.MoMLParser.parseFile(MoMLParser.java:1841)
	at sun.reflect.NativeMethodAccessorImpl.invoke0(Native Method)
	at sun.reflect.NativeMethodAccessorImpl.invoke(NativeMethodAccessorImpl.java:62)
	at sun.reflect.DelegatingMethodAccessorImpl.invoke(DelegatingMethodAccessorImpl.java:43)
	at java.lang.reflect.Method.invoke(Method.java:498)
	at tcl.lang.reflect.PkgInvoker.invokeMethod(PkgInvoker.java:129)
	at tcl.lang.JavaInvoke.call(JavaInvoke.java:253)
	at tcl.lang.JavaInvoke.callMethod(JavaInvoke.java:116)
	at tcl.lang.ReflectObject.cmdProc(ReflectObject.java:727)
	at tcl.lang.Parser.evalObjv(Parser.java:740)
	at tcl.lang.Parser.eval2(Parser.java:1138)
	at tcl.lang.Parser.evalTokens(Parser.java:930)
	at tcl.lang.Parser.eval2(Parser.java:1125)
	at tcl.lang.Parser.evalTokens(Parser.java:930)
	at tcl.lang.Parser.eval2(Parser.java:1125)
	at tcl.lang.Interp.eval(Interp.java:1782)
	at tcl.lang.Interp.eval(Interp.java:1841)
	at tcl.lang.UplevelCmd.cmdProc(UplevelCmd.java:93)
	at tcl.lang.AutoloadStub.cmdProc(Extension.java:144)
	at tcl.lang.Parser.evalObjv(Parser.java:740)
	at tcl.lang.Parser.eval2(Parser.java:1138)
	at tcl.lang.Interp.eval(Interp.java:1782)
	at tcl.lang.Interp.eval(Interp.java:1841)
	at tcl.lang.CatchCmd.cmdProc(CatchCmd.java:42)
	at tcl.lang.Parser.evalObjv(Parser.java:740)
	at tcl.lang.Parser.eval2(Parser.java:1138)
	at tcl.lang.Parser.evalTokens(Parser.java:930)
	at tcl.lang.Parser.eval2(Parser.java:1125)
	at tcl.lang.Procedure.cmdProc(Procedure.java:175)
	at tcl.lang.Parser.evalObjv(Parser.java:740)
	at tcl.lang.Parser.eval2(Parser.java:1138)
	at tcl.lang.Interp.eval(Interp.java:1782)
	at tcl.lang.Interp.evalFile(Interp.java:1880)
	at sun.reflect.NativeMethodAccessorImpl.invoke0(Native Method)
	at sun.reflect.NativeMethodAccessorImpl.invoke(NativeMethodAccessorImpl.java:62)
	at sun.reflect.DelegatingMethodAccessorImpl.invoke(DelegatingMethodAccessorImpl.java:43)
	at java.lang.reflect.Method.invoke(Method.java:498)
	at ptolemy.util.test.junit.TclTests.RunTclFile(TclTests.java:233)
	at sun.reflect.NativeMethodAccessorImpl.invoke0(Native Method)
	at sun.reflect.NativeMethodAccessorImpl.invoke(NativeMethodAccessorImpl.java:62)
	at sun.reflect.DelegatingMethodAccessorImpl.invoke(DelegatingMethodAccessorImpl.java:43)
	at java.lang.reflect.Method.invoke(Method.java:498)
	at org.junit.runners.model.FrameworkMethod$1.runReflectiveCall(FrameworkMethod.java:44)
	at org.junit.internal.runners.model.ReflectiveCallable.run(ReflectiveCallable.java:15)
	at org.junit.runners.model.FrameworkMethod.invokeExplosively(FrameworkMethod.java:41)
	at junitparams.internal.InvokeParameterisedMethod.evaluate(InvokeParameterisedMethod.java:102)
	at junitparams.internal.ParameterisedTestMethodRunner.runMethodInvoker(ParameterisedTestMethodRunner.java:47)
	at junitparams.internal.ParameterisedTestMethodRunner.runTestMethod(ParameterisedTestMethodRunner.java:41)
	at junitparams.internal.ParameterisedTestClassRunner.runParameterisedTest(ParameterisedTestClassRunner.java:143)
	at junitparams.JUnitParamsRunner.runChild(JUnitParamsRunner.java:237)
	at junitparams.JUnitParamsRunner.runChild(JUnitParamsRunner.java:215)
	at org.junit.runners.ParentRunner$3.run(ParentRunner.java:193)
	at org.junit.runners.ParentRunner$1.schedule(ParentRunner.java:52)
	at org.junit.runners.ParentRunner.runChildren(ParentRunner.java:191)
	at org.junit.runners.ParentRunner.access$000(ParentRunner.java:42)
	at org.junit.runners.ParentRunner$2.evaluate(ParentRunner.java:184)
	at org.junit.internal.runners.statements.RunAfters.evaluate(RunAfters.java:31)
	at org.junit.runners.ParentRunner.run(ParentRunner.java:236)
	at org.junit.runners.Suite.runChild(Suite.java:128)
	at org.junit.runners.Suite.runChild(Suite.java:24)
	at org.junit.runners.ParentRunner$3.run(ParentRunner.java:193)
	at org.junit.runners.ParentRunner$1.schedule(ParentRunner.java:52)
	at org.junit.runners.ParentRunner.runChildren(ParentRunner.java:191)
	at org.junit.runners.ParentRunner.access$000(ParentRunner.java:42)
	at org.junit.runners.ParentRunner$2.evaluate(ParentRunner.java:184)
	at org.junit.runners.ParentRunner.run(ParentRunner.java:236)
	at junit.framework.JUnit4TestAdapter.run(JUnit4TestAdapter.java:39)
	at org.apache.tools.ant.taskdefs.optional.junit.JUnitTestRunner.run(JUnitTestRunner.java:535)
	at org.apache.tools.ant.taskdefs.optional.junit.JUnitTestRunner.launch(JUnitTestRunner.java:1182)
	at org.apache.tools.ant.taskdefs.optional.junit.JUnitTestRunner.main(JUnitTestRunner.java:1033)
Caused by: java.lang.ClassNotFoundException: ptolemy.kernel.util.RelativeLocation
	at java.net.URLClassLoader.findClass(URLClassLoader.java:381)
	at java.lang.ClassLoader.loadClass(ClassLoader.java:424)
	at sun.misc.Launcher$AppClassLoader.loadClass(Launcher.java:335)
	at java.lang.ClassLoader.loadClass(ClassLoader.java:357)
	at ptolemy.moml.MoMLParser._loadClass(MoMLParser.java:6402)
	at ptolemy.moml.MoMLParser._handlePropertyElement(MoMLParser.java:5906)
	... 95 more
Caused by: java.lang.ClassNotFoundException: ptolemy.kernel.util.RelativeLocation
	at java.net.URLClassLoader.findClass(URLClassLoader.java:381)
	at java.lang.ClassLoader.loadClass(ClassLoader.java:424)
	at sun.misc.Launcher$AppClassLoader.loadClass(Launcher.java:335)
	at java.lang.ClassLoader.loadClass(ClassLoader.java:357)
	at ptolemy.moml.MoMLParser._loadClass(MoMLParser.java:6402)
	at ptolemy.moml.MoMLParser._handlePropertyElement(MoMLParser.java:5906)
	at ptolemy.moml.MoMLParser.startElement(MoMLParser.java:3309)
	at com.microstar.xml.XmlParser.parseElement(XmlParser.java:921)
	at com.microstar.xml.XmlParser.parseContent(XmlParser.java:1104)
	at com.microstar.xml.XmlParser.parseElement(XmlParser.java:924)
	at com.microstar.xml.XmlParser.parseContent(XmlParser.java:1104)
	at com.microstar.xml.XmlParser.parseElement(XmlParser.java:924)
	at com.microstar.xml.XmlParser.parseDocument(XmlParser.java:481)
	at com.microstar.xml.XmlParser.doParse(XmlParser.java:159)
	at com.microstar.xml.XmlParser.parse(XmlParser.java:132)
	at ptolemy.moml.MoMLParser.parse(MoMLParser.java:1676)
	at ptolemy.moml.MoMLParser.parse(MoMLParser.java:1617)
	at ptolemy.moml.MoMLParser.parse(MoMLParser.java:1575)
	at ptolemy.moml.MoMLParser._loadFileInContext(MoMLParser.java:6458)
	at ptolemy.moml.MoMLParser._loadIconForClass(MoMLParser.java:6503)
	at ptolemy.moml.MoMLParser._createEntity(MoMLParser.java:4532)
	at ptolemy.moml.MoMLParser.startElement(MoMLParser.java:2864)
	at com.microstar.xml.XmlParser.parseElement(XmlParser.java:921)
	at com.microstar.xml.XmlParser.parseContent(XmlParser.java:1104)
	at com.microstar.xml.XmlParser.parseElement(XmlParser.java:924)
	at com.microstar.xml.XmlParser.parseDocument(XmlParser.java:481)
	at com.microstar.xml.XmlParser.doParse(XmlParser.java:159)
	at com.microstar.xml.XmlParser.parse(XmlParser.java:132)
	at ptolemy.moml.MoMLParser.parse(MoMLParser.java:1676)
	at ptolemy.moml.MoMLParser.parse(MoMLParser.java:1595)
	at ptolemy.moml.MoMLParser.parse(MoMLParser.java:1537)
	at ptolemy.moml.MoMLParser.parseFile(MoMLParser.java:1841)
	at sun.reflect.NativeMethodAccessorImpl.invoke0(Native Method)
	at sun.reflect.NativeMethodAccessorImpl.invoke(NativeMethodAccessorImpl.java:62)
	at sun.reflect.DelegatingMethodAccessorImpl.invoke(DelegatingMethodAccessorImpl.java:43)
	at java.lang.reflect.Method.invoke(Method.java:498)
	at tcl.lang.reflect.PkgInvoker.invokeMethod(PkgInvoker.java:129)
	at tcl.lang.JavaInvoke.call(JavaInvoke.java:253)
	at tcl.lang.JavaInvoke.callMethod(JavaInvoke.java:116)
	at tcl.lang.ReflectObject.cmdProc(ReflectObject.java:727)
	at tcl.lang.Parser.evalObjv(Parser.java:740)
	at tcl.lang.Parser.eval2(Parser.java:1138)
	at tcl.lang.Parser.evalTokens(Parser.java:930)
	at tcl.lang.Parser.eval2(Parser.java:1125)
	at tcl.lang.Parser.evalTokens(Parser.java:930)
	at tcl.lang.Parser.eval2(Parser.java:1125)
	at tcl.lang.Interp.eval(Interp.java:1782)
	at tcl.lang.Interp.eval(Interp.java:1841)
	at tcl.lang.UplevelCmd.cmdProc(UplevelCmd.java:93)
	at tcl.lang.AutoloadStub.cmdProc(Extension.java:144)
	at tcl.lang.Parser.evalObjv(Parser.java:740)
	at tcl.lang.Parser.eval2(Parser.java:1138)
	at tcl.lang.Interp.eval(Interp.java:1782)
	at tcl.lang.Interp.eval(Interp.java:1841)
	at tcl.lang.CatchCmd.cmdProc(CatchCmd.java:42)
	at tcl.lang.Parser.evalObjv(Parser.java:740)
	at tcl.lang.Parser.eval2(Parser.java:1138)
	at tcl.lang.Parser.evalTokens(Parser.java:930)
	at tcl.lang.Parser.eval2(Parser.java:1125)
	at tcl.lang.Procedure.cmdProc(Procedure.java:175)
	at tcl.lang.Parser.evalObjv(Parser.java:740)
	at tcl.lang.Parser.eval2(Parser.java:1138)
	at tcl.lang.Interp.eval(Interp.java:1782)
	at tcl.lang.Interp.evalFile(Interp.java:1880)
	at sun.reflect.NativeMethodAccessorImpl.invoke0(Native Method)
	at sun.reflect.NativeMethodAccessorImpl.invoke(NativeMethodAccessorImpl.java:62)
	at sun.reflect.DelegatingMethodAccessorImpl.invoke(DelegatingMethodAccessorImpl.java:43)
	at java.lang.reflect.Method.invoke(Method.java:498)
	at ptolemy.util.test.junit.TclTests.RunTclFile(TclTests.java:233)
	at sun.reflect.NativeMethodAccessorImpl.invoke0(Native Method)
	at sun.reflect.NativeMethodAccessorImpl.invoke(NativeMethodAccessorImpl.java:62)
	at sun.reflect.DelegatingMethodAccessorImpl.invoke(DelegatingMethodAccessorImpl.java:43)
	at java.lang.reflect.Method.invoke(Method.java:498)
	at org.junit.runners.model.FrameworkMethod$1.runReflectiveCall(FrameworkMethod.java:44)
	at org.junit.internal.runners.model.ReflectiveCallable.run(ReflectiveCallable.java:15)
	at org.junit.runners.model.FrameworkMethod.invokeExplosively(FrameworkMethod.java:41)
	at junitparams.internal.InvokeParameterisedMethod.evaluate(InvokeParameterisedMethod.java:102)
	at junitparams.internal.ParameterisedTestMethodRunner.runMethodInvoker(ParameterisedTestMethodRunner.java:47)
	at junitparams.internal.ParameterisedTestMethodRunner.runTestMethod(ParameterisedTestMethodRunner.java:41)
	at junitparams.internal.ParameterisedTestClassRunner.runParameterisedTest(ParameterisedTestClassRunner.java:143)
	at junitparams.JUnitParamsRunner.runChild(JUnitParamsRunner.java:237)
	at junitparams.JUnitParamsRunner.runChild(JUnitParamsRunner.java:215)
	at org.junit.runners.ParentRunner$3.run(ParentRunner.java:193)
	at org.junit.runners.ParentRunner$1.schedule(ParentRunner.java:52)
	at org.junit.runners.ParentRunner.runChildren(ParentRunner.java:191)
	at org.junit.runners.ParentRunner.access$000(ParentRunner.java:42)
	at org.junit.runners.ParentRunner$2.evaluate(ParentRunner.java:184)
	at org.junit.internal.runners.statements.RunAfters.evaluate(RunAfters.java:31)
	at org.junit.runners.ParentRunner.run(ParentRunner.java:236)
	at org.junit.runners.Suite.runChild(Suite.java:128)
	at org.junit.runners.Suite.runChild(Suite.java:24)
	at org.junit.runners.ParentRunner$3.run(ParentRunner.java:193)
	at org.junit.runners.ParentRunner$1.schedule(ParentRunner.java:52)
	at org.junit.runners.ParentRunner.runChildren(ParentRunner.java:191)
	at org.junit.runners.ParentRunner.access$000(ParentRunner.java:42)
	at org.junit.runners.ParentRunner$2.evaluate(ParentRunner.java:184)
	at org.junit.runners.ParentRunner.run(ParentRunner.java:236)
	at junit.framework.JUnit4TestAdapter.run(JUnit4TestAdapter.java:39)
	at org.apache.tools.ant.taskdefs.optional.junit.JUnitTestRunner.run(JUnitTestRunner.java:535)
	at org.apache.tools.ant.taskdefs.optional.junit.JUnitTestRunner.launch(JUnitTestRunner.java:1182)
	at org.apache.tools.ant.taskdefs.optional.junit.JUnitTestRunner.main(JUnitTestRunner.java:1033)

    while executing
com.microstar.xml.XmlException: Failed to find class 'ptolemy.kernel.util.RelativeLocation' in file:/home/travis/build/icyphy/ptII/ptolemy/domains/ddf/test/ at line 34 and column 87
Caused by:
 java.lang.ClassNotFoundException: ptolemy.kernel.util.RelativeLocation
    while executing
"$parser parseFile $model"
    invoked from within
"java::cast ptolemy.actor.TypedCompositeActor [$parser parseFile $model]"
    invoked from within
"set toplevel [java::cast ptolemy.actor.TypedCompositeActor [$parser parseFile $model]]"
    ("uplevel" body line 10)
    invoked from within
"uplevel $contents_of_test"
05/29/18 01:17:59
Failed: 0  Total Tests: 1  ((Passed: 0, Newly Passed: 0)  Known Failed: 1) /home/travis/build/icyphy/ptII/ptolemy/domains/ddf/test
No auto/knownFailedTests/*.xml tests in /home/travis/build/icyphy/ptII/ptolemy/domains/ddf/test
No auto/*.xml tests in /home/travis/build/icyphy/ptII/ptolemy/domains/ddf/test
AutoTests.java: About to close Vertx.
AutoTests.java: Vertx closed.
----------------- testing Tue May 29 01:18:00 UTC 2018 /home/travis/build/icyphy/ptII/ptolemy/domains/ddf/test/auto/DDFInsideDDF.xml
----------------- Instantiating /home/travis/build/icyphy/ptII/ptolemy/domains/ddf/test/auto/DDFInsideDDF.xml
23 ms. Memory: 146944K Free: 119584K (81%)
----------------- Invoking toplevel() on ptolemy.moml.MoMLSimpleApplication@791357e4
----------------- Done invoking toplevel() on ptolemy.moml.MoMLSimpleApplication@791357e4
reloadAllAccessors: .DDFInsideDDF
----------------- testing Tue May 29 01:18:00 UTC 2018 /home/travis/build/icyphy/ptII/ptolemy/domains/ddf/test/auto/DDFInsideDE.xml
----------------- Instantiating /home/travis/build/icyphy/ptII/ptolemy/domains/ddf/test/auto/DDFInsideDE.xml
22 ms. Memory: 146944K Free: 113845K (77%)
----------------- Invoking toplevel() on ptolemy.moml.MoMLSimpleApplication@523898c3
----------------- Done invoking toplevel() on ptolemy.moml.MoMLSimpleApplication@523898c3
reloadAllAccessors: .DDFInsideDE
----------------- testing Tue May 29 01:18:00 UTC 2018 /home/travis/build/icyphy/ptII/ptolemy/domains/ddf/test/auto/DDFinPN.xml
----------------- Instantiating /home/travis/build/icyphy/ptII/ptolemy/domains/ddf/test/auto/DDFinPN.xml
15 ms. Memory: 146944K Free: 109460K (74%)
----------------- Invoking toplevel() on ptolemy.moml.MoMLSimpleApplication@f24d82d
----------------- Done invoking toplevel() on ptolemy.moml.MoMLSimpleApplication@f24d82d
reloadAllAccessors: .DDFinPN
----------------- testing Tue May 29 01:18:00 UTC 2018 /home/travis/build/icyphy/ptII/ptolemy/domains/ddf/test/auto/EratosthenesTest.xml
----------------- Instantiating /home/travis/build/icyphy/ptII/ptolemy/domains/ddf/test/auto/EratosthenesTest.xml
854 ms. Memory: 208384K Free: 106829K (51%)
----------------- Invoking toplevel() on ptolemy.moml.MoMLSimpleApplication@26abcf99
----------------- Done invoking toplevel() on ptolemy.moml.MoMLSimpleApplication@26abcf99
reloadAllAccessors: .EratosthenesTest
----------------- testing Tue May 29 01:18:01 UTC 2018 /home/travis/build/icyphy/ptII/ptolemy/domains/ddf/test/auto/FactorialTest.xml
----------------- Instantiating /home/travis/build/icyphy/ptII/ptolemy/domains/ddf/test/auto/FactorialTest.xml
122 ms. Memory: 332800K Free: 321725K (97%)
----------------- Invoking toplevel() on ptolemy.moml.MoMLSimpleApplication@1f43c535
----------------- Done invoking toplevel() on ptolemy.moml.MoMLSimpleApplication@1f43c535
reloadAllAccessors: .FactorialTest
----------------- testing Tue May 29 01:18:01 UTC 2018 /home/travis/build/icyphy/ptII/ptolemy/domains/ddf/test/auto/HanoiTowerTest.xml
----------------- Instantiating /home/travis/build/icyphy/ptII/ptolemy/domains/ddf/test/auto/HanoiTowerTest.xml
418 ms. Memory: 332800K Free: 194528K (58%)
----------------- Invoking toplevel() on ptolemy.moml.MoMLSimpleApplication@23342868
----------------- Done invoking toplevel() on ptolemy.moml.MoMLSimpleApplication@23342868
reloadAllAccessors: .HanoiTowerTest
----------------- testing Tue May 29 01:18:02 UTC 2018 /home/travis/build/icyphy/ptII/ptolemy/domains/ddf/test/auto/IfThenElse.xml
----------------- Instantiating /home/travis/build/icyphy/ptII/ptolemy/domains/ddf/test/auto/IfThenElse.xml
5 ms. Memory: 332800K Free: 188384K (57%)
----------------- Invoking toplevel() on ptolemy.moml.MoMLSimpleApplication@45fe78cd
----------------- Done invoking toplevel() on ptolemy.moml.MoMLSimpleApplication@45fe78cd
reloadAllAccessors: .IfThenElse
----------------- testing Tue May 29 01:18:02 UTC 2018 /home/travis/build/icyphy/ptII/ptolemy/domains/ddf/test/auto/IfThenElseFSM.xml
----------------- Instantiating /home/travis/build/icyphy/ptII/ptolemy/domains/ddf/test/auto/IfThenElseFSM.xml
90 ms. Memory: 332800K Free: 163775K (49%)
----------------- Invoking toplevel() on ptolemy.moml.MoMLSimpleApplication@1cac3ecd
----------------- Done invoking toplevel() on ptolemy.moml.MoMLSimpleApplication@1cac3ecd
reloadAllAccessors: .IfThenElseFSM
----------------- testing Tue May 29 01:18:02 UTC 2018 /home/travis/build/icyphy/ptII/ptolemy/domains/ddf/test/auto/LoopTest.xml
----------------- Instantiating /home/travis/build/icyphy/ptII/ptolemy/domains/ddf/test/auto/LoopTest.xml
34 ms. Memory: 332800K Free: 153944K (46%)
----------------- Invoking toplevel() on ptolemy.moml.MoMLSimpleApplication@2bda150b
----------------- Done invoking toplevel() on ptolemy.moml.MoMLSimpleApplication@2bda150b
reloadAllAccessors: .LoopTest
----------------- testing Tue May 29 01:18:02 UTC 2018 /home/travis/build/icyphy/ptII/ptolemy/domains/ddf/test/auto/OrderedMergeTest.xml
----------------- Instantiating /home/travis/build/icyphy/ptII/ptolemy/domains/ddf/test/auto/OrderedMergeTest.xml
29 ms. Memory: 332800K Free: 145342K (44%)
----------------- Invoking toplevel() on ptolemy.moml.MoMLSimpleApplication@1c535c0d
----------------- Done invoking toplevel() on ptolemy.moml.MoMLSimpleApplication@1c535c0d
reloadAllAccessors: .OrderedMergeTest
----------------- testing Tue May 29 01:18:02 UTC 2018 /home/travis/build/icyphy/ptII/ptolemy/domains/ddf/test/auto/RandomWalkTest.xml
----------------- Instantiating /home/travis/build/icyphy/ptII/ptolemy/domains/ddf/test/auto/RandomWalkTest.xml
50 ms. Memory: 332800K Free: 130596K (39%)
----------------- Invoking toplevel() on ptolemy.moml.MoMLSimpleApplication@8c91fbe
----------------- Done invoking toplevel() on ptolemy.moml.MoMLSimpleApplication@8c91fbe
reloadAllAccessors: .RandomWalkTest
----------------- testing Tue May 29 01:18:02 UTC 2018 /home/travis/build/icyphy/ptII/ptolemy/domains/ddf/test/auto/RijndaelEncryptionTest.xml
----------------- Instantiating /home/travis/build/icyphy/ptII/ptolemy/domains/ddf/test/auto/RijndaelEncryptionTest.xml
320 ms. Memory: 298496K Free: 149802K (50%)
----------------- Invoking toplevel() on ptolemy.moml.MoMLSimpleApplication@731f3cf5
----------------- Done invoking toplevel() on ptolemy.moml.MoMLSimpleApplication@731f3cf5
reloadAllAccessors: .RijndaelEncryptionTest
----------------- testing Tue May 29 01:18:03 UTC 2018 /home/travis/build/icyphy/ptII/ptolemy/domains/ddf/test/auto/booleanSelect.xml
----------------- Instantiating /home/travis/build/icyphy/ptII/ptolemy/domains/ddf/test/auto/booleanSelect.xml
102 ms. Memory: 298496K Free: 106582K (36%)
----------------- Invoking toplevel() on ptolemy.moml.MoMLSimpleApplication@10a97b95
----------------- Done invoking toplevel() on ptolemy.moml.MoMLSimpleApplication@10a97b95
reloadAllAccessors: .booleanSelect
----------------- testing Tue May 29 01:18:03 UTC 2018 /home/travis/build/icyphy/ptII/ptolemy/domains/ddf/test/auto/controlled_kahnnet.xml
----------------- Instantiating /home/travis/build/icyphy/ptII/ptolemy/domains/ddf/test/auto/controlled_kahnnet.xml
7 ms. Memory: 298496K Free: 101666K (34%)
----------------- Invoking toplevel() on ptolemy.moml.MoMLSimpleApplication@49c441cb
----------------- Done invoking toplevel() on ptolemy.moml.MoMLSimpleApplication@49c441cb
reloadAllAccessors: .controlled_kahnnet
----------------- testing Tue May 29 01:18:03 UTC 2018 /home/travis/build/icyphy/ptII/ptolemy/domains/ddf/test/auto/hamming-pt.xml
----------------- Instantiating /home/travis/build/icyphy/ptII/ptolemy/domains/ddf/test/auto/hamming-pt.xml
4 ms. Memory: 298496K Free: 96751K (32%)
----------------- Invoking toplevel() on ptolemy.moml.MoMLSimpleApplication@35a3ac0
----------------- Done invoking toplevel() on ptolemy.moml.MoMLSimpleApplication@35a3ac0
reloadAllAccessors: .hamming-pt
AutoTests.java: About to close Vertx.
AutoTests.java: Vertx closed.
</pre>
</body>
</html>
