<html xmlns:string="xalan://java.lang.String" xmlns:lxslt="http://xml.apache.org/xslt">
<head>
<META http-equiv="Content-Type" content="text/html; charset=UTF-8">
<title>Standard Output from JUnitTclTest</title>
</head>
<body>
<pre>No tcl tests in /home/travis/build/icyphy/ptII/ptolemy/actor/lib/jjs/modules/testing/test
No auto/knownFailedTests/*.xml tests in /home/travis/build/icyphy/ptII/ptolemy/actor/lib/jjs/modules/testing/test
No auto/*.xml tests in /home/travis/build/icyphy/ptII/ptolemy/actor/lib/jjs/modules/testing/test
AutoTests.java: About to close Vertx.
AutoTests.java: Vertx closed.
----------------- testing Wed Apr 11 23:55:09 UTC 2018 /home/travis/build/icyphy/ptII/ptolemy/actor/lib/jjs/modules/testing/test/auto/TestNestedSuites.xml
JSAccessor: PT_NO_NET environment variable is set, so git pull and ptdoc are not being run.
preinitialize() finished: 14483 ms. Memory: 330752K Free: 104674K (32%)
Manager.initialize() finished: 23549 ms. Memory: 434176K Free: 116427K (27%)
MochaTest: &lt;?xml version="1.0" encoding="UTF-8"?&gt;
 &lt;testsuites&gt;
 &lt;testsuite name="Root Suite" tests="0"&gt;
 &lt;testsuite name="Outer suite" tests="2"&gt;
 &lt;testcase name="Passing outer" &gt; &lt;/testcase&gt;
 &lt;testcase name="Failing outer" &gt; &lt;failure message="AssertionError: expected 0 to equal 1"/&gt; &lt;/testcase&gt;
 &lt;testsuite name="Inner suite 1" tests="2"&gt;
 &lt;testcase name="Passing inner 1" &gt; &lt;/testcase&gt;
 &lt;testcase name="Failing inner 1" &gt; &lt;failure message="AssertionError: expected 0 to equal 1"/&gt; &lt;/testcase&gt;
 &lt;testsuite name="Inner suite 1.1" tests="2"&gt;
 &lt;testcase name="Passing inner 1.1" &gt; &lt;/testcase&gt;
 &lt;testcase name="Failing inner 1.1" &gt; &lt;failure message="AssertionError: expected 0 to equal 1"/&gt; &lt;/testcase&gt;
 &lt;/testsuite&gt;
 &lt;testsuite name="Inner suite 1.2" tests="2"&gt;
 &lt;testcase name="Passing inner 1.2" &gt; &lt;/testcase&gt;
 &lt;testcase name="Failing inner 1.2" &gt; &lt;failure message="AssertionError: expected 0 to equal 1"/&gt; &lt;/testcase&gt;
 &lt;testsuite name="Inner suite 1.2.1" tests="2"&gt;
 &lt;testcase name="Passing inner 1.2.1" &gt; &lt;/testcase&gt;
 &lt;testcase name="Failing inner 1.2.1" &gt; &lt;failure message="AssertionError: expected 0 to equal 1"/&gt; &lt;/testcase&gt;
 &lt;/testsuite&gt;
 &lt;/testsuite&gt;
 &lt;/testsuite&gt;
 &lt;testsuite name="Inner suite 2" tests="2"&gt;
 &lt;testcase name="Passing inner 2" &gt; &lt;/testcase&gt;
 &lt;testcase name="Failing inner 2" &gt; &lt;failure message="AssertionError: expected 0 to equal 1"/&gt; &lt;/testcase&gt;
 &lt;/testsuite&gt;
 &lt;/testsuite&gt;
 &lt;/testsuite&gt;
 &lt;/testsuites&gt;
 (Thread[TestNestedSuites,1,main])
28192 ms. Memory: 434176K Free: 327754K (75%)
reloadAllAccessors: .TestNestedSuites
This is the first time that the reloadAllAccessors method has been invoked in this JVM, so the the accessors repo will be checked out or updated and JSDoc invoked. Note that running the tests may end up invoking a new JVM for each directory, so the repo may be checked out or updated and JSDoc invoked more than once when the tests are run.
----------------- Reloaded Accessors and testing again Wed Apr 11 23:56:10 UTC 2018 /home/travis/build/icyphy/ptII/ptolemy/actor/lib/jjs/modules/testing/test/auto/TestNestedSuites.xml
preinitialize() finished: 12012 ms. Memory: 581120K Free: 45507K (8%)
Manager.initialize() finished: 19859 ms. Memory: 599040K Free: 296443K (49%)
MochaTest: &lt;?xml version="1.0" encoding="UTF-8"?&gt;
 &lt;testsuites&gt;
 &lt;testsuite name="Root Suite" tests="0"&gt;
 &lt;testsuite name="Outer suite" tests="2"&gt;
 &lt;testcase name="Passing outer" &gt; &lt;/testcase&gt;
 &lt;testcase name="Failing outer" &gt; &lt;failure message="AssertionError: expected 0 to equal 1"/&gt; &lt;/testcase&gt;
 &lt;testsuite name="Inner suite 1" tests="2"&gt;
 &lt;testcase name="Passing inner 1" &gt; &lt;/testcase&gt;
 &lt;testcase name="Failing inner 1" &gt; &lt;failure message="AssertionError: expected 0 to equal 1"/&gt; &lt;/testcase&gt;
 &lt;testsuite name="Inner suite 1.1" tests="2"&gt;
 &lt;testcase name="Passing inner 1.1" &gt; &lt;/testcase&gt;
 &lt;testcase name="Failing inner 1.1" &gt; &lt;failure message="AssertionError: expected 0 to equal 1"/&gt; &lt;/testcase&gt;
 &lt;/testsuite&gt;
 &lt;testsuite name="Inner suite 1.2" tests="2"&gt;
 &lt;testcase name="Passing inner 1.2" &gt; &lt;/testcase&gt;
 &lt;testcase name="Failing inner 1.2" &gt; &lt;failure message="AssertionError: expected 0 to equal 1"/&gt; &lt;/testcase&gt;
 &lt;testsuite name="Inner suite 1.2.1" tests="2"&gt;
 &lt;testcase name="Passing inner 1.2.1" &gt; &lt;/testcase&gt;
 &lt;testcase name="Failing inner 1.2.1" &gt; &lt;failure message="AssertionError: expected 0 to equal 1"/&gt; &lt;/testcase&gt;
 &lt;/testsuite&gt;
 &lt;/testsuite&gt;
 &lt;/testsuite&gt;
 &lt;testsuite name="Inner suite 2" tests="2"&gt;
 &lt;testcase name="Passing inner 2" &gt; &lt;/testcase&gt;
 &lt;testcase name="Failing inner 2" &gt; &lt;failure message="AssertionError: expected 0 to equal 1"/&gt; &lt;/testcase&gt;
 &lt;/testsuite&gt;
 &lt;/testsuite&gt;
 &lt;/testsuite&gt;
 &lt;/testsuites&gt;
 (Thread[Thread-5,5,main])
22294 ms. Memory: 599040K Free: 223174K (37%)
----------------- testing Wed Apr 11 23:56:32 UTC 2018 /home/travis/build/icyphy/ptII/ptolemy/actor/lib/jjs/modules/testing/test/auto/Testing.xml
preinitialize() finished: 10193 ms. Memory: 688128K Free: 495095K (72%)
Manager.initialize() finished: 16300 ms. Memory: 688128K Free: 202931K (29%)
MochaTest: Start of Common host: Basic (Thread[Testing,1,main])
MochaTest: End of Common host: Basic (Thread[Testing,1,main])
MochaTest: Start of Common host: Composite accessors (Thread[Testing,1,main])
MochaTest: Start of Common host: Spontaneous accessors (Thread[Testing,1,main])
MochaTest: Start of Common host: Spontaneous accessors (Thread[Testing,1,main])
MochaTest: Before Spontaneous accessor produces correct outputs after 1 and 2 seconds. (Thread[Testing,1,main])
MochaTest: After Spontaneous accessor produces correct outputs after 1 and 2 seconds. (Thread[Testing,1,main])
MochaTest: End of Common host: Spontaneous accessors (Thread[Testing,1,main])
MochaTest: Start of Common host: Inheritance (Thread[Testing,1,main])
MochaTest: End of Common host: Inheritance (Thread[Testing,1,main])
MochaTest: Instance of TestAccessor: [Circular]
Tests: (Thread[Testing,1,main])
MochaTest: TestAccessor.fire() invoked. (Thread[Testing,1,main])
MochaTest: TestAdder: fire(): inputLeft: 10 inputRight: 40 (Thread[Testing,1,main])
MochaTest: TestAdder: fire(): inputLeft: 5 inputRight: 20 (Thread[Testing,1,main])
MochaTest: TestAdder: fire(): inputLeft: 5 inputRight: 20 (Thread[Testing,1,main])
MochaTest: TestAccessor.fire() invoked. (Thread[Testing,1,main])
MochaTest: &lt;?xml version="1.0" encoding="UTF-8"?&gt;
 &lt;testsuites&gt;
 &lt;testsuite name="Root Suite" tests="0"&gt;
 &lt;testsuite name="Common host: Basic" tests="7"&gt;
 &lt;testcase name="this.getParameter() returns default value." &gt; &lt;/testcase&gt;
 &lt;testcase name="this.getParameter() returns value set by this.setParameter()." &gt; &lt;/testcase&gt;
 &lt;testcase name="this.get() returns default value." &gt; &lt;/testcase&gt;
 &lt;testcase name="this.get() returns null if no input yet provided." &gt; &lt;/testcase&gt;
 &lt;testcase name="this.get() returns null if no input yet provided but type being boolean." &gt; &lt;/testcase&gt;
 &lt;testcase name="this.get() returns value provided by provideInput()." &gt; &lt;/testcase&gt;
 &lt;testcase name="latestOutput contains value provided by inputHandlers and send()." &gt; &lt;/testcase&gt;
 &lt;/testsuite&gt;
 &lt;testsuite name="Common host: Composite accessors" tests="2"&gt;
 &lt;testcase name="Composite accessor produces correct output when manually scheduled." &gt; &lt;/testcase&gt;
 &lt;testcase name="Composite accessor produces correct output when automatically scheduled." &gt; &lt;/testcase&gt;
 &lt;/testsuite&gt;
 &lt;testsuite name="Common host: Spontaneous accessors" tests="2"&gt;
 &lt;testcase name="Spontaneous accessor produces correct outputs after 1 and 2 seconds." &gt; &lt;failure message="Error: timeout of 3000ms exceeded Ensure the done() callback is being called in this test."/&gt; &lt;/testcase&gt;
 &lt;testcase name="Composite spontaneous accessor produces correct outputs after 1 and 2 seconds." &gt; &lt;/testcase&gt;
 &lt;/testsuite&gt;
 &lt;testsuite name="Common host: Inheritance" tests="4"&gt;
 &lt;testcase name="Inheritance, function overriding, and variable visiility should work properly." &gt; &lt;/testcase&gt;
 &lt;testcase name="Implementing an interface should work properly." &gt; &lt;/testcase&gt;
 &lt;testcase name="Exported fields of base classes can be accessed and initialize() is properly scoped." &gt; &lt;/testcase&gt;
 &lt;testcase name="Two-level inheritance should work properly." &gt; &lt;/testcase&gt;
 &lt;/testsuite&gt;
 &lt;/testsuite&gt;
 &lt;/testsuites&gt;
 (Thread[Testing,1,main])
22610 ms. Memory: 688128K Free: 82049K (12%)
AutoTests.java: About to close Vertx.
AutoTests.java: Vertx closed.
</pre>
</body>
</html>
