<html xmlns:string="xalan://java.lang.String" xmlns:lxslt="http://xml.apache.org/xslt">
<head>
<META http-equiv="Content-Type" content="text/html; charset=UTF-8">
<title>Standard Output from JUnitTclTest</title>
</head>
<body>
<pre>/home/travis/build/icyphy/ptII/ptolemy/actor/gui/test/AAAConfiguration.tcl
testDefs.tcl: setting time out to 9000 seconds at Sat Mar 17 00:16:08 UTC 2018
/home/travis/build/icyphy/ptII/ptolemy/actor/gui/test/CheckModelSize.tcl
/home/travis/build/icyphy/ptII/ptolemy/actor/gui/test/CompositeActorApplication.tcl
43 ms. Memory: 116224K Free: 99053K (85%)
13 ms. Memory: 116224K Free: 96576K (83%)
sleeping 2 seconds: 34 ms. Memory: 116224K Free: 90332K (78%)
28 ms. Memory: 116224K Free: 90332K (78%)
/home/travis/build/icyphy/ptII/ptolemy/actor/gui/test/CompositeActorSimpleApplication.tcl
13 ms. Memory: 208384K Free: 174097K (84%)
/home/travis/build/icyphy/ptII/ptolemy/actor/gui/test/ConfigurationApplication.tcl
test 1.0: filterSize: 13, newFilterSize: 15
/home/travis/build/icyphy/ptII/ptolemy/actor/gui/test/EffigyFactory.tcl
/home/travis/build/icyphy/ptII/ptolemy/actor/gui/test/HTMLAbout.tcl
Reading /home/travis/build/icyphy/ptII/ptolemy/configs/full/configuration.xml
Checking complete demos of ptolemy/configs/doc/completeDemos.htm
Warning: ptolemy/configs/kepler/doc-index.htm not found: java.io.IOException: File not found: 'ptolemy/configs/kepler/doc-index.htm'
 caused by:
java.net.MalformedURLException: no protocol: ptolemy/configs/kepler/doc-index.htm
 AND:
java.io.IOException: File '/home/travis/build/icyphy/ptII/ptolemy/actor/gui/test/ptolemy/configs/kepler/doc-index.htm' does not exist.
 AND:
java.net.MalformedURLException: no protocol: ptolemy/configs/kepler/doc-index.htm
/home/travis/build/icyphy/ptII/ptolemy/actor/gui/test/HTMLViewer.tcl


==== $PTII/ptolemy/actor/gui/test/HTMLViewer.tcl: HTMLViewer-1.1 
==== Contents of test case:

    set htmlViewer [java::new ptolemy.actor.gui.HTMLViewer]
    set pane [java::field $htmlViewer pane]
    set url [[java::new java.io.File testDemos.htm] toURL]
    $pane setPage $url
    $htmlViewer pack
    $htmlViewer show
    # sleep for 3 seconds, don't print dots
    sleep 3 0
    $htmlViewer close

==== Test generated error:

No X11 DISPLAY variable was set, but this program performed an operation which requires it.
    while executing
java.awt.HeadlessException: 
No X11 DISPLAY variable was set, but this program performed an operation which requires it.
	at java.awt.GraphicsEnvironment.checkHeadless(GraphicsEnvironment.java:204)
	at java.awt.Window.&lt;init&gt;(Window.java:536)
	at java.awt.Frame.&lt;init&gt;(Frame.java:420)
	at java.awt.Frame.&lt;init&gt;(Frame.java:385)
	at javax.swing.JFrame.&lt;init&gt;(JFrame.java:189)
	at ptolemy.gui.Top.&lt;init&gt;(Top.java:172)
	at ptolemy.actor.gui.TableauFrame.&lt;init&gt;(TableauFrame.java:135)
	at ptolemy.actor.gui.TableauFrame.&lt;init&gt;(TableauFrame.java:124)
	at ptolemy.actor.gui.TableauFrame.&lt;init&gt;(TableauFrame.java:114)
	at ptolemy.actor.gui.HTMLViewer.&lt;init&gt;(HTMLViewer.java:108)
	at sun.reflect.NativeConstructorAccessorImpl.newInstance0(Native Method)
	at sun.reflect.NativeConstructorAccessorImpl.newInstance(NativeConstructorAccessorImpl.java:62)
	at sun.reflect.DelegatingConstructorAccessorImpl.newInstance(DelegatingConstructorAccessorImpl.java:45)
	at java.lang.reflect.Constructor.newInstance(Constructor.java:423)
	at tcl.lang.reflect.PkgInvoker.invokeConstructor(PkgInvoker.java:99)
	at tcl.lang.JavaInvoke.call(JavaInvoke.java:251)
	at tcl.lang.JavaInvoke.newInstance(JavaInvoke.java:71)
	at tcl.lang.JavaNewCmd.cmdProc(JavaNewCmd.java:111)
	at tcl.lang.Parser.evalObjv(Parser.java:740)
	at tcl.lang.Parser.eval2(Parser.java:1138)
	at tcl.lang.Parser.evalTokens(Parser.java:930)
	at tcl.lang.Parser.eval2(Parser.java:1125)
	at tcl.lang.Interp.eval(Interp.java:1782)
	at tcl.lang.Interp.eval(Interp.java:1841)
	at tcl.lang.UplevelCmd.cmdProc(UplevelCmd.java:93)
	at tcl.lang.Parser.evalObjv(Parser.java:740)
	at tcl.lang.Parser.eval2(Parser.java:1138)
	at tcl.lang.Interp.eval(Interp.java:1782)
	at tcl.lang.Interp.eval(Interp.java:1841)
	at tcl.lang.CatchCmd.cmdProc(CatchCmd.java:42)
	at tcl.lang.Parser.evalObjv(Parser.java:740)
	at tcl.lang.Parser.eval2(Parser.java:1138)
	at tcl.lang.Parser.evalTokens(Parser.java:930)
	at tcl.lang.Parser.eval2(Parser.java:1125)
	at tcl.lang.Procedure.cmdProc(Procedure.java:175)
	at tcl.lang.Parser.evalObjv(Parser.java:740)
	at tcl.lang.Parser.eval2(Parser.java:1138)
	at tcl.lang.Interp.eval(Interp.java:1782)
	at tcl.lang.Interp.evalFile(Interp.java:1880)
	at sun.reflect.NativeMethodAccessorImpl.invoke0(Native Method)
	at sun.reflect.NativeMethodAccessorImpl.invoke(NativeMethodAccessorImpl.java:62)
	at sun.reflect.DelegatingMethodAccessorImpl.invoke(DelegatingMethodAccessorImpl.java:43)
	at java.lang.reflect.Method.invoke(Method.java:498)
	at ptolemy.util.test.junit.TclTests.RunTclFile(TclTests.java:233)
	at sun.reflect.NativeMethodAccessorImpl.invoke0(Native Method)
	at sun.reflect.NativeMethodAccessorImpl.invoke(NativeMethodAccessorImpl.java:62)
	at sun.reflect.DelegatingMethodAccessorImpl.invoke(DelegatingMethodAccessorImpl.java:43)
	at java.lang.reflect.Method.invoke(Method.java:498)
	at org.junit.runners.model.FrameworkMethod$1.runReflectiveCall(FrameworkMethod.java:44)
	at org.junit.internal.runners.model.ReflectiveCallable.run(ReflectiveCallable.java:15)
	at org.junit.runners.model.FrameworkMethod.invokeExplosively(FrameworkMethod.java:41)
	at junitparams.internal.InvokeParameterisedMethod.evaluate(InvokeParameterisedMethod.java:102)
	at junitparams.internal.ParameterisedTestMethodRunner.runMethodInvoker(ParameterisedTestMethodRunner.java:47)
	at junitparams.internal.ParameterisedTestMethodRunner.runTestMethod(ParameterisedTestMethodRunner.java:41)
	at junitparams.internal.ParameterisedTestClassRunner.runParameterisedTest(ParameterisedTestClassRunner.java:143)
	at junitparams.JUnitParamsRunner.runChild(JUnitParamsRunner.java:237)
	at junitparams.JUnitParamsRunner.runChild(JUnitParamsRunner.java:215)
	at org.junit.runners.ParentRunner$3.run(ParentRunner.java:193)
	at org.junit.runners.ParentRunner$1.schedule(ParentRunner.java:52)
	at org.junit.runners.ParentRunner.runChildren(ParentRunner.java:191)
	at org.junit.runners.ParentRunner.access$000(ParentRunner.java:42)
	at org.junit.runners.ParentRunner$2.evaluate(ParentRunner.java:184)
	at org.junit.internal.runners.statements.RunAfters.evaluate(RunAfters.java:31)
	at org.junit.runners.ParentRunner.run(ParentRunner.java:236)
	at org.junit.runners.Suite.runChild(Suite.java:128)
	at org.junit.runners.Suite.runChild(Suite.java:24)
	at org.junit.runners.ParentRunner$3.run(ParentRunner.java:193)
	at org.junit.runners.ParentRunner$1.schedule(ParentRunner.java:52)
	at org.junit.runners.ParentRunner.runChildren(ParentRunner.java:191)
	at org.junit.runners.ParentRunner.access$000(ParentRunner.java:42)
	at org.junit.runners.ParentRunner$2.evaluate(ParentRunner.java:184)
	at org.junit.runners.ParentRunner.run(ParentRunner.java:236)
	at junit.framework.JUnit4TestAdapter.run(JUnit4TestAdapter.java:39)
	at org.apache.tools.ant.taskdefs.optional.junit.JUnitTestRunner.run(JUnitTestRunner.java:532)
	at org.apache.tools.ant.taskdefs.optional.junit.JUnitTestRunner.launch(JUnitTestRunner.java:1165)
	at org.apache.tools.ant.taskdefs.optional.junit.JUnitTestRunner.main(JUnitTestRunner.java:1016)

    while executing
java.awt.HeadlessException: 
No X11 DISPLAY variable was set, but this program performed an operation which requires it.
    while executing
"java::new ptolemy.actor.gui.HTMLViewer"
    invoked from within
"set htmlViewer [java::new ptolemy.actor.gui.HTMLViewer]"
    ("uplevel" body line 2)
    invoked from within
"uplevel $contents_of_test"
/home/travis/build/icyphy/ptII/ptolemy/actor/gui/test/MoMLApplication.tcl
/home/travis/build/icyphy/ptII/ptolemy/actor/gui/test/PtExecuteApplication.tcl
6 ms. Memory: 357376K Free: 109258K (31%)
sleeping 2 seconds: 6 ms. Memory: 471040K Free: 354648K (75%)
.test
sleeping 2 seconds: 11 ms. Memory: 672768K Free: 513936K (76%)
&lt;?xml version="1.0" standalone="no"?&gt;
&lt;!DOCTYPE entity PUBLIC "-//UC Berkeley//DTD MoML 1//EN"
    "http://ptolemy.eecs.berkeley.edu/xml/dtd/MoML_1.dtd"&gt;
&lt;entity name="test" class="ptolemy.actor.TypedCompositeActor"&gt;
    &lt;property name="_createdBy" class="ptolemy.kernel.attributes.VersionAttribute" value="11.0.devel"&gt;
    &lt;/property&gt;
    &lt;doc&gt;This test has no placeable elements, but writes to standard out.&lt;/doc&gt;
    &lt;property name="step" class="ptolemy.data.expr.Parameter" value="1"&gt;
    &lt;/property&gt;
    &lt;property name="director" class="ptolemy.domains.sdf.kernel.SDFDirector"&gt;
        &lt;property name="iterations" class="ptolemy.data.expr.Parameter" value="5"&gt;
        &lt;/property&gt;
        &lt;property name="vectorizationFactor" class="ptolemy.data.expr.Parameter" value="1"&gt;
        &lt;/property&gt;
    &lt;/property&gt;
    &lt;entity name="ramp" class="ptolemy.actor.lib.Ramp"&gt;
        &lt;property name="init" class="ptolemy.actor.parameters.PortParameter" value="0"&gt;
        &lt;/property&gt;
        &lt;property name="step" class="ptolemy.actor.parameters.PortParameter" value="step"&gt;
        &lt;/property&gt;
        &lt;property name="firingCountLimit" class="ptolemy.data.expr.Parameter" value="0"&gt;
        &lt;/property&gt;
    &lt;/entity&gt;
    &lt;entity name="rec" class="ptolemy.actor.lib.Recorder"&gt;
        &lt;property name="capacity" class="ptolemy.data.expr.Parameter" value="-1"&gt;
        &lt;/property&gt;
    &lt;/entity&gt;
    &lt;relation name="r1" class="ptolemy.actor.TypedIORelation"&gt;
        &lt;property name="width" class="ptolemy.data.expr.Parameter" value="1"&gt;
        &lt;/property&gt;
    &lt;/relation&gt;
    &lt;link port="ramp.output" relation="r1"/&gt;
    &lt;link port="rec.input" relation="r1"/&gt;
&lt;/entity&gt;

/home/travis/build/icyphy/ptII/ptolemy/actor/gui/test/PtolemyApplication.tcl


==== $PTII/ptolemy/actor/gui/test/PtolemyApplication.tcl: PtolemyApplication-1.0 test constructor with no arguments
==== Contents of test case:

    set empty [java::new {java.lang.String[]} 0]
    # If we are running without a display then creating a PtolemyApplication
    # will fail.  We set app here to null so that we can detect the problem
    set app [java::null]
    set app [java::new ptolemy.actor.gui.PtolemyApplication $empty]
    list {}
    # success is just not throwing an exception.

==== Test generated error:
Failed to parse ""
    while executing
java.lang.Exception: Failed to parse ""
	at ptolemy.actor.gui.ConfigurationApplication.throwArgsException(ConfigurationApplication.java:975)
	at ptolemy.actor.gui.ConfigurationApplication.&lt;init&gt;(ConfigurationApplication.java:355)
	at ptolemy.actor.gui.MoMLApplication.&lt;init&gt;(MoMLApplication.java:100)
	at ptolemy.actor.gui.MoMLApplication.&lt;init&gt;(MoMLApplication.java:83)
	at ptolemy.actor.gui.MoMLApplication.&lt;init&gt;(MoMLApplication.java:70)
	at ptolemy.actor.gui.PtolemyApplication.&lt;init&gt;(PtolemyApplication.java:64)
	at sun.reflect.NativeConstructorAccessorImpl.newInstance0(Native Method)
	at sun.reflect.NativeConstructorAccessorImpl.newInstance(NativeConstructorAccessorImpl.java:62)
	at sun.reflect.DelegatingConstructorAccessorImpl.newInstance(DelegatingConstructorAccessorImpl.java:45)
	at java.lang.reflect.Constructor.newInstance(Constructor.java:423)
	at tcl.lang.reflect.PkgInvoker.invokeConstructor(PkgInvoker.java:99)
	at tcl.lang.JavaInvoke.call(JavaInvoke.java:251)
	at tcl.lang.JavaInvoke.newInstance(JavaInvoke.java:71)
	at tcl.lang.JavaNewCmd.cmdProc(JavaNewCmd.java:111)
	at tcl.lang.Parser.evalObjv(Parser.java:740)
	at tcl.lang.Parser.eval2(Parser.java:1138)
	at tcl.lang.Parser.evalTokens(Parser.java:930)
	at tcl.lang.Parser.eval2(Parser.java:1125)
	at tcl.lang.Interp.eval(Interp.java:1782)
	at tcl.lang.Interp.eval(Interp.java:1841)
	at tcl.lang.UplevelCmd.cmdProc(UplevelCmd.java:93)
	at tcl.lang.Parser.evalObjv(Parser.java:740)
	at tcl.lang.Parser.eval2(Parser.java:1138)
	at tcl.lang.Interp.eval(Interp.java:1782)
	at tcl.lang.Interp.eval(Interp.java:1841)
	at tcl.lang.CatchCmd.cmdProc(CatchCmd.java:42)
	at tcl.lang.Parser.evalObjv(Parser.java:740)
	at tcl.lang.Parser.eval2(Parser.java:1138)
	at tcl.lang.Parser.evalTokens(Parser.java:930)
	at tcl.lang.Parser.eval2(Parser.java:1125)
	at tcl.lang.Procedure.cmdProc(Procedure.java:175)
	at tcl.lang.Parser.evalObjv(Parser.java:740)
	at tcl.lang.Parser.eval2(Parser.java:1138)
	at tcl.lang.Interp.eval(Interp.java:1782)
	at tcl.lang.Interp.evalFile(Interp.java:1880)
	at sun.reflect.NativeMethodAccessorImpl.invoke0(Native Method)
	at sun.reflect.NativeMethodAccessorImpl.invoke(NativeMethodAccessorImpl.java:62)
	at sun.reflect.DelegatingMethodAccessorImpl.invoke(DelegatingMethodAccessorImpl.java:43)
	at java.lang.reflect.Method.invoke(Method.java:498)
	at ptolemy.util.test.junit.TclTests.RunTclFile(TclTests.java:233)
	at sun.reflect.NativeMethodAccessorImpl.invoke0(Native Method)
	at sun.reflect.NativeMethodAccessorImpl.invoke(NativeMethodAccessorImpl.java:62)
	at sun.reflect.DelegatingMethodAccessorImpl.invoke(DelegatingMethodAccessorImpl.java:43)
	at java.lang.reflect.Method.invoke(Method.java:498)
	at org.junit.runners.model.FrameworkMethod$1.runReflectiveCall(FrameworkMethod.java:44)
	at org.junit.internal.runners.model.ReflectiveCallable.run(ReflectiveCallable.java:15)
	at org.junit.runners.model.FrameworkMethod.invokeExplosively(FrameworkMethod.java:41)
	at junitparams.internal.InvokeParameterisedMethod.evaluate(InvokeParameterisedMethod.java:102)
	at junitparams.internal.ParameterisedTestMethodRunner.runMethodInvoker(ParameterisedTestMethodRunner.java:47)
	at junitparams.internal.ParameterisedTestMethodRunner.runTestMethod(ParameterisedTestMethodRunner.java:41)
	at junitparams.internal.ParameterisedTestClassRunner.runParameterisedTest(ParameterisedTestClassRunner.java:143)
	at junitparams.JUnitParamsRunner.runChild(JUnitParamsRunner.java:237)
	at junitparams.JUnitParamsRunner.runChild(JUnitParamsRunner.java:215)
	at org.junit.runners.ParentRunner$3.run(ParentRunner.java:193)
	at org.junit.runners.ParentRunner$1.schedule(ParentRunner.java:52)
	at org.junit.runners.ParentRunner.runChildren(ParentRunner.java:191)
	at org.junit.runners.ParentRunner.access$000(ParentRunner.java:42)
	at org.junit.runners.ParentRunner$2.evaluate(ParentRunner.java:184)
	at org.junit.internal.runners.statements.RunAfters.evaluate(RunAfters.java:31)
	at org.junit.runners.ParentRunner.run(ParentRunner.java:236)
	at org.junit.runners.Suite.runChild(Suite.java:128)
	at org.junit.runners.Suite.runChild(Suite.java:24)
	at org.junit.runners.ParentRunner$3.run(ParentRunner.java:193)
	at org.junit.runners.ParentRunner$1.schedule(ParentRunner.java:52)
	at org.junit.runners.ParentRunner.runChildren(ParentRunner.java:191)
	at org.junit.runners.ParentRunner.access$000(ParentRunner.java:42)
	at org.junit.runners.ParentRunner$2.evaluate(ParentRunner.java:184)
	at org.junit.runners.ParentRunner.run(ParentRunner.java:236)
	at junit.framework.JUnit4TestAdapter.run(JUnit4TestAdapter.java:39)
	at org.apache.tools.ant.taskdefs.optional.junit.JUnitTestRunner.run(JUnitTestRunner.java:532)
	at org.apache.tools.ant.taskdefs.optional.junit.JUnitTestRunner.launch(JUnitTestRunner.java:1165)
	at org.apache.tools.ant.taskdefs.optional.junit.JUnitTestRunner.main(JUnitTestRunner.java:1016)
Caused by: ptolemy.kernel.util.InternalErrorException: Element &lt;entity name="tableau" class="ptolemy.actor.gui.HTMLViewerTableau"&gt; caused an exception to be thrown.
  in .configuration.directory.doc
Because:

No X11 DISPLAY variable was set, but this program performed an operation which requires it.
	at ptolemy.moml.SimpleErrorHandler.handleError(SimpleErrorHandler.java:75)
	at ptolemy.moml.MoMLParser.startElement(MoMLParser.java:3775)
	at com.microstar.xml.XmlParser.parseElement(XmlParser.java:921)
	at com.microstar.xml.XmlParser.parseContent(XmlParser.java:1104)
	at com.microstar.xml.XmlParser.parseElement(XmlParser.java:924)
	at com.microstar.xml.XmlParser.parseContent(XmlParser.java:1104)
	at com.microstar.xml.XmlParser.parseElement(XmlParser.java:924)
	at com.microstar.xml.XmlParser.parseDocument(XmlParser.java:481)
	at com.microstar.xml.XmlParser.doParse(XmlParser.java:159)
	at com.microstar.xml.XmlParser.parse(XmlParser.java:132)
	at ptolemy.moml.MoMLParser.parse(MoMLParser.java:1676)
	at ptolemy.moml.MoMLParser.parse(MoMLParser.java:1595)
	at ptolemy.moml.MoMLParser.parse(MoMLParser.java:1537)
	at ptolemy.actor.gui.PtolemyApplication._createEmptyConfiguration(PtolemyApplication.java:146)
	at ptolemy.actor.gui.ConfigurationApplication._parseArgs(ConfigurationApplication.java:1472)
	at ptolemy.actor.gui.PtolemyApplication._parseArgs(PtolemyApplication.java:166)
	at ptolemy.actor.gui.ConfigurationApplication.&lt;init&gt;(ConfigurationApplication.java:277)
	... 70 more
Caused by: java.awt.HeadlessException: 
No X11 DISPLAY variable was set, but this program performed an operation which requires it.
	at java.awt.GraphicsEnvironment.checkHeadless(GraphicsEnvironment.java:204)
	at java.awt.Window.&lt;init&gt;(Window.java:536)
	at java.awt.Frame.&lt;init&gt;(Frame.java:420)
	at java.awt.Frame.&lt;init&gt;(Frame.java:385)
	at javax.swing.JFrame.&lt;init&gt;(JFrame.java:189)
	at ptolemy.gui.Top.&lt;init&gt;(Top.java:172)
	at ptolemy.actor.gui.TableauFrame.&lt;init&gt;(TableauFrame.java:135)
	at ptolemy.actor.gui.TableauFrame.&lt;init&gt;(TableauFrame.java:124)
	at ptolemy.actor.gui.HTMLViewer.&lt;init&gt;(HTMLViewer.java:119)
	at ptolemy.actor.gui.HTMLViewerTableau.&lt;init&gt;(HTMLViewerTableau.java:88)
	at sun.reflect.NativeConstructorAccessorImpl.newInstance0(Native Method)
	at sun.reflect.NativeConstructorAccessorImpl.newInstance(NativeConstructorAccessorImpl.java:62)
	at sun.reflect.DelegatingConstructorAccessorImpl.newInstance(DelegatingConstructorAccessorImpl.java:45)
	at java.lang.reflect.Constructor.newInstance(Constructor.java:423)
	at ptolemy.moml.MoMLParser._createInstance(MoMLParser.java:4718)
	at ptolemy.moml.MoMLParser._createEntity(MoMLParser.java:4520)
	at ptolemy.moml.MoMLParser.startElement(MoMLParser.java:2864)
	... 85 more

    while executing
java.lang.Exception: Failed to parse ""
    while executing
"java::new ptolemy.actor.gui.PtolemyApplication $empty"
    invoked from within
"set app [java::new ptolemy.actor.gui.PtolemyApplication $empty]"
    ("uplevel" body line 6)
    invoked from within
"uplevel $contents_of_test"
/home/travis/build/icyphy/ptII/ptolemy/actor/gui/test/UserActorLibrary.tcl


==== $PTII/ptolemy/actor/gui/test/UserActorLibrary.tcl: UserActorLibrary-2.0 A PortParameter in an unnamed entity
==== Contents of test case:

    resetUserLibrary $configuration $userLibraryName

    set toplevel [java::new ptolemy.actor.TypedCompositeActor]
    set portParameter [java::new ptolemy.actor.parameters.PortParameter $toplevel myPortParameter]
    java::call ptolemy.actor.gui.UserActorLibrary  saveComponentInLibrary  $configuration $toplevel
    list [$errorHandler getMessages] [$messageHandler getMessages]

==== Result was:
{} {RecorderMessageHandler: Error encountered in:
Exceptions occurred in deferred actions:
java.awt.HeadlessException: 
No X11 DISPLAY variable was set, but this program performed an operation which requires it.

java.awt.HeadlessException: 
No X11 DISPLAY variable was set, but this program performed an operation which requires it.
	at java.awt.GraphicsEnvironment.checkHeadless(GraphicsEnvironment.java:204)
	at java.awt.Window.&lt;init&gt;(Window.java:536)
	at java.awt.Frame.&lt;init&gt;(Frame.java:420)
	at java.awt.Frame.&lt;init&gt;(Frame.java:385)
	at javax.swing.SwingUtilities$SharedOwnerFrame.&lt;init&gt;(SwingUtilities.java:1758)
	at javax.swing.SwingUtilities.getSharedOwnerFrame(SwingUtilities.java:1833)
	at javax.swing.JOptionPane.getRootFrame(JOptionPane.java:1696)
	at javax.swing.JOptionPane.showOptionDialog(JOptionPane.java:863)
	at ptolemy.gui.UndeferredGraphicalMessageHandler._error(UndeferredGraphicalMessageHandler.java:194)
	at ptolemy.gui.GraphicalMessageHandler.access$101(GraphicalMessageHandler.java:75)
	at ptolemy.gui.GraphicalMessageHandler$2.run(GraphicalMessageHandler.java:113)
	at ptolemy.gui.Top._executeDeferredActions(Top.java:1534)
	at ptolemy.gui.Top.access$1000(Top.java:149)
	at ptolemy.gui.Top$DeferredActionsRunnable.run(Top.java:2074)
	at java.awt.event.InvocationEvent.dispatch(InvocationEvent.java:311)
	at java.awt.EventQueue.dispatchEventImpl(EventQueue.java:756)
	at java.awt.EventQueue.access$500(EventQueue.java:97)
	at java.awt.EventQueue$3.run(EventQueue.java:709)
	at java.awt.EventQueue$3.run(EventQueue.java:703)
	at java.security.AccessController.doPrivileged(Native Method)
	at java.security.ProtectionDomain$JavaSecurityAccessImpl.doIntersectionPrivilege(ProtectionDomain.java:80)
	at java.awt.EventQueue.dispatchEvent(EventQueue.java:726)
	at java.awt.EventDispatchThread.pumpOneEventForFilters(EventDispatchThread.java:201)
	at java.awt.EventDispatchThread.pumpEventsForFilter(EventDispatchThread.java:116)
	at java.awt.EventDispatchThread.pumpEventsForHierarchy(EventDispatchThread.java:105)
	at java.awt.EventDispatchThread.pumpEvents(EventDispatchThread.java:101)
	at java.awt.EventDispatchThread.pumpEvents(EventDispatchThread.java:93)
	at java.awt.EventDispatchThread.run(EventDispatchThread.java:82)
RecorderMessageHandler: Error encountered in:
Exceptions occurred in deferred actions:
java.awt.HeadlessException: 
No X11 DISPLAY variable was set, but this program performed an operation which requires it.

java.awt.HeadlessException: 
No X11 DISPLAY variable was set, but this program performed an operation which requires it.
	at java.awt.GraphicsEnvironment.checkHeadless(GraphicsEnvironment.java:204)
	at java.awt.Window.&lt;init&gt;(Window.java:536)
	at java.awt.Frame.&lt;init&gt;(Frame.java:420)
	at java.awt.Frame.&lt;init&gt;(Frame.java:385)
	at javax.swing.SwingUtilities$SharedOwnerFrame.&lt;init&gt;(SwingUtilities.java:1758)
	at javax.swing.SwingUtilities.getSharedOwnerFrame(SwingUtilities.java:1833)
	at javax.swing.JOptionPane.getRootFrame(JOptionPane.java:1696)
	at javax.swing.JOptionPane.showOptionDialog(JOptionPane.java:863)
	at ptolemy.gui.UndeferredGraphicalMessageHandler._error(UndeferredGraphicalMessageHandler.java:145)
	at ptolemy.gui.GraphicalMessageHandler.access$001(GraphicalMessageHandler.java:75)
	at ptolemy.gui.GraphicalMessageHandler$1.run(GraphicalMessageHandler.java:90)
	at ptolemy.gui.Top._executeDeferredActions(Top.java:1534)
	at ptolemy.gui.Top.access$1000(Top.java:149)
	at ptolemy.gui.Top$DeferredActionsRunnable.run(Top.java:2074)
	at java.awt.event.InvocationEvent.dispatch(InvocationEvent.java:311)
	at java.awt.EventQueue.dispatchEventImpl(EventQueue.java:756)
	at java.awt.EventQueue.access$500(EventQueue.java:97)
	at java.awt.EventQueue$3.run(EventQueue.java:709)
	at java.awt.EventQueue$3.run(EventQueue.java:703)
	at java.security.AccessController.doPrivileged(Native Method)
	at java.security.ProtectionDomain$JavaSecurityAccessImpl.doIntersectionPrivilege(ProtectionDomain.java:80)
	at java.awt.EventQueue.dispatchEvent(EventQueue.java:726)
	at java.awt.EventDispatchThread.pumpOneEventForFilters(EventDispatchThread.java:201)
	at java.awt.EventDispatchThread.pumpEventsForFilter(EventDispatchThread.java:116)
	at java.awt.EventDispatchThread.pumpEventsForHierarchy(EventDispatchThread.java:105)
	at java.awt.EventDispatchThread.pumpEvents(EventDispatchThread.java:101)
	at java.awt.EventDispatchThread.pumpEvents(EventDispatchThread.java:93)
	at java.awt.EventDispatchThread.run(EventDispatchThread.java:82)
}
---- Result should have been:
{} {}
---- UserActorLibrary-2.0 FAILED


==== $PTII/ptolemy/actor/gui/test/UserActorLibrary.tcl: UserActorLibrary-2.1 A Ramp in an unnamed entity
==== Contents of test case:

    resetUserLibrary $configuration $userLibraryName

    set toplevel2_1 [java::new ptolemy.actor.TypedCompositeActor]
    set ramp [java::new ptolemy.actor.lib.Ramp $toplevel2_1 myRamp]
    java::call ptolemy.actor.gui.UserActorLibrary  saveComponentInLibrary  $configuration $toplevel2_1
    list [$errorHandler getMessages] [$messageHandler getMessages]

==== Result was:
{} {RecorderMessageHandler: Error encountered in:
Exceptions occurred in deferred actions:
java.awt.HeadlessException: 
No X11 DISPLAY variable was set, but this program performed an operation which requires it.

java.awt.HeadlessException: 
No X11 DISPLAY variable was set, but this program performed an operation which requires it.
	at java.awt.GraphicsEnvironment.checkHeadless(GraphicsEnvironment.java:204)
	at java.awt.Window.&lt;init&gt;(Window.java:536)
	at java.awt.Frame.&lt;init&gt;(Frame.java:420)
	at java.awt.Frame.&lt;init&gt;(Frame.java:385)
	at javax.swing.SwingUtilities$SharedOwnerFrame.&lt;init&gt;(SwingUtilities.java:1758)
	at javax.swing.SwingUtilities.getSharedOwnerFrame(SwingUtilities.java:1833)
	at javax.swing.JOptionPane.getRootFrame(JOptionPane.java:1696)
	at javax.swing.JOptionPane.showOptionDialog(JOptionPane.java:863)
	at ptolemy.gui.UndeferredGraphicalMessageHandler._error(UndeferredGraphicalMessageHandler.java:194)
	at ptolemy.gui.GraphicalMessageHandler.access$101(GraphicalMessageHandler.java:75)
	at ptolemy.gui.GraphicalMessageHandler$2.run(GraphicalMessageHandler.java:113)
	at ptolemy.gui.Top._executeDeferredActions(Top.java:1534)
	at ptolemy.gui.Top.access$1000(Top.java:149)
	at ptolemy.gui.Top$DeferredActionsRunnable.run(Top.java:2074)
	at java.awt.event.InvocationEvent.dispatch(InvocationEvent.java:311)
	at java.awt.EventQueue.dispatchEventImpl(EventQueue.java:756)
	at java.awt.EventQueue.access$500(EventQueue.java:97)
	at java.awt.EventQueue$3.run(EventQueue.java:709)
	at java.awt.EventQueue$3.run(EventQueue.java:703)
	at java.security.AccessController.doPrivileged(Native Method)
	at java.security.ProtectionDomain$JavaSecurityAccessImpl.doIntersectionPrivilege(ProtectionDomain.java:80)
	at java.awt.EventQueue.dispatchEvent(EventQueue.java:726)
	at java.awt.EventDispatchThread.pumpOneEventForFilters(EventDispatchThread.java:201)
	at java.awt.EventDispatchThread.pumpEventsForFilter(EventDispatchThread.java:116)
	at java.awt.EventDispatchThread.pumpEventsForHierarchy(EventDispatchThread.java:105)
	at java.awt.EventDispatchThread.pumpEvents(EventDispatchThread.java:101)
	at java.awt.EventDispatchThread.pumpEvents(EventDispatchThread.java:93)
	at java.awt.EventDispatchThread.run(EventDispatchThread.java:82)
RecorderMessageHandler: Error encountered in:
Exceptions occurred in deferred actions:
java.awt.HeadlessException: 
No X11 DISPLAY variable was set, but this program performed an operation which requires it.

java.awt.HeadlessException: 
No X11 DISPLAY variable was set, but this program performed an operation which requires it.
	at java.awt.GraphicsEnvironment.checkHeadless(GraphicsEnvironment.java:204)
	at java.awt.Window.&lt;init&gt;(Window.java:536)
	at java.awt.Frame.&lt;init&gt;(Frame.java:420)
	at java.awt.Frame.&lt;init&gt;(Frame.java:385)
	at javax.swing.SwingUtilities$SharedOwnerFrame.&lt;init&gt;(SwingUtilities.java:1758)
	at javax.swing.SwingUtilities.getSharedOwnerFrame(SwingUtilities.java:1833)
	at javax.swing.JOptionPane.getRootFrame(JOptionPane.java:1696)
	at javax.swing.JOptionPane.showOptionDialog(JOptionPane.java:863)
	at ptolemy.gui.UndeferredGraphicalMessageHandler._error(UndeferredGraphicalMessageHandler.java:145)
	at ptolemy.gui.GraphicalMessageHandler.access$001(GraphicalMessageHandler.java:75)
	at ptolemy.gui.GraphicalMessageHandler$1.run(GraphicalMessageHandler.java:90)
	at ptolemy.gui.Top._executeDeferredActions(Top.java:1534)
	at ptolemy.gui.Top.access$1000(Top.java:149)
	at ptolemy.gui.Top$DeferredActionsRunnable.run(Top.java:2074)
	at java.awt.event.InvocationEvent.dispatch(InvocationEvent.java:311)
	at java.awt.EventQueue.dispatchEventImpl(EventQueue.java:756)
	at java.awt.EventQueue.access$500(EventQueue.java:97)
	at java.awt.EventQueue$3.run(EventQueue.java:709)
	at java.awt.EventQueue$3.run(EventQueue.java:703)
	at java.security.AccessController.doPrivileged(Native Method)
	at java.security.ProtectionDomain$JavaSecurityAccessImpl.doIntersectionPrivilege(ProtectionDomain.java:80)
	at java.awt.EventQueue.dispatchEvent(EventQueue.java:726)
	at java.awt.EventDispatchThread.pumpOneEventForFilters(EventDispatchThread.java:201)
	at java.awt.EventDispatchThread.pumpEventsForFilter(EventDispatchThread.java:116)
	at java.awt.EventDispatchThread.pumpEventsForHierarchy(EventDispatchThread.java:105)
	at java.awt.EventDispatchThread.pumpEvents(EventDispatchThread.java:101)
	at java.awt.EventDispatchThread.pumpEvents(EventDispatchThread.java:93)
	at java.awt.EventDispatchThread.run(EventDispatchThread.java:82)
}
---- Result should have been:
{} {}
---- UserActorLibrary-2.1 FAILED
/home/travis/build/icyphy/ptII/ptolemy/actor/gui/test/ZZZConfiguration.tcl
03/17/18 12:16:27
Failed: 4  Total Tests: 55  ((Passed: 51, Newly Passed: 0)  Known Failed: 0) /home/travis/build/icyphy/ptII/ptolemy/actor/gui/test
No auto/knownFailedTests/*.xml tests in /home/travis/build/icyphy/ptII/ptolemy/actor/gui/test
No auto/*.xml tests in /home/travis/build/icyphy/ptII/ptolemy/actor/gui/test
No auto/*.xml tests in /home/travis/build/icyphy/ptII/ptolemy/actor/gui/test
</pre>
</body>
</html>
