<html xmlns:string="xalan://java.lang.String" xmlns:lxslt="http://xml.apache.org/xslt">
<head>
<META http-equiv="Content-Type" content="text/html; charset=UTF-8">
<title>Unit Test Results: All Tests</title>
<link rel="stylesheet" type="text/css" title="Style" href="stylesheet.css">
</head>
<body onload="open('allclasses-frame.html','classListFrame')">
<h1>Unit Test Results.</h1>
<table width="100%">
<tr>
<td align="left"></td><td align="right">Designed for use with <a href="http://www.junit.org/">JUnit</a> and <a href="http://ant.apache.org/">Ant</a>.</td>
</tr>
</table>
<hr size="1">
<h2>All Tests</h2>
<table class="details" border="0" cellpadding="5" cellspacing="2" width="95%">
<tr valign="top">
<th>Class</th><th>Name</th><th>Status</th><th width="80%">Type</th><th nowrap>Time(s)</th>
</tr>
<tr valign="top" class="TableRowColor">
<td><a href="ptolemy/actor/lib/jjs/modules/audio/test/junit/0_JUnitTclTest.html">JUnitTclTest</a></td><td><a name="[0] ThereAreNoTclTests (RunTclFile)"></a><a href="ptolemy/actor/lib/jjs/modules/audio/test/junit/0_JUnitTclTest.html#[0] ThereAreNoTclTests (RunTclFile)">[0] ThereAreNoTclTests (RunTclFile)</a></td><td>Success</td><td></td><td>0.001</td>
</tr>
<tr valign="top" class="TableRowColor">
<td><a href="ptolemy/actor/lib/jjs/modules/audio/test/junit/0_JUnitTclTest.html">JUnitTclTest</a></td><td><a name="[0] /home/travis/build/icyphy/ptII/ptolemy/actor/lib/jjs/modules/audio/test/auto/knownFailedTests/AudioError.xml (RunModel)"></a><a href="ptolemy/actor/lib/jjs/modules/audio/test/junit/0_JUnitTclTest.html#[0] /home/travis/build/icyphy/ptII/ptolemy/actor/lib/jjs/modules/audio/test/auto/knownFailedTests/AudioError.xml (RunModel)">[0] /home/travis/build/icyphy/ptII/ptolemy/actor/lib/jjs/modules/audio/test/auto/knownFailedTests/AudioError.xml (RunModel)</a></td><td>Success</td><td></td><td>6.446</td>
</tr>
<tr valign="top" class="TableRowColor">
<td><a href="ptolemy/actor/lib/jjs/modules/audio/test/junit/0_JUnitTclTest.html">JUnitTclTest</a></td><td><a name="[0] ThereAreNoAutoTests (RunModel)"></a><a href="ptolemy/actor/lib/jjs/modules/audio/test/junit/0_JUnitTclTest.html#[0] ThereAreNoAutoTests (RunModel)">[0] ThereAreNoAutoTests (RunModel)</a></td><td>Success</td><td></td><td>0.007</td>
</tr>
<tr valign="top" class="TableRowColor">
<td><a href="ptolemy/actor/lib/jjs/modules/audio/test/junit/0_JUnitTclTest.html">JUnitTclTest</a></td><td><a name="[0] /home/travis/build/icyphy/ptII/ptolemy/actor/lib/jjs/modules/audio/test/auto/SpeechSynthesisTest.xml (RunModel)"></a><a href="ptolemy/actor/lib/jjs/modules/audio/test/junit/0_JUnitTclTest.html#[0] /home/travis/build/icyphy/ptII/ptolemy/actor/lib/jjs/modules/audio/test/auto/SpeechSynthesisTest.xml (RunModel)">[0] /home/travis/build/icyphy/ptII/ptolemy/actor/lib/jjs/modules/audio/test/auto/SpeechSynthesisTest.xml (RunModel)</a></td><td>Success</td><td></td><td>39.256</td>
</tr>
<tr valign="top" class="TableRowColor">
<td><a href="ptolemy/actor/lib/jjs/modules/contextAware/test/junit/1_JUnitTclTest.html">JUnitTclTest</a></td><td><a name="[0] ThereAreNoTclTests (RunTclFile)"></a><a href="ptolemy/actor/lib/jjs/modules/contextAware/test/junit/1_JUnitTclTest.html#[0] ThereAreNoTclTests (RunTclFile)">[0] ThereAreNoTclTests (RunTclFile)</a></td><td>Success</td><td></td><td>0.001</td>
</tr>
<tr valign="top" class="TableRowColor">
<td><a href="ptolemy/actor/lib/jjs/modules/contextAware/test/junit/1_JUnitTclTest.html">JUnitTclTest</a></td><td><a name="[0] ThereAreNoKnowFailedTests (RunModel)"></a><a href="ptolemy/actor/lib/jjs/modules/contextAware/test/junit/1_JUnitTclTest.html#[0] ThereAreNoKnowFailedTests (RunModel)">[0] ThereAreNoKnowFailedTests (RunModel)</a></td><td>Success</td><td></td><td>0.001</td>
</tr>
<tr valign="top" class="TableRowColor">
<td><a href="ptolemy/actor/lib/jjs/modules/contextAware/test/junit/1_JUnitTclTest.html">JUnitTclTest</a></td><td><a name="[0] ThereAreNoAutoTests (RunModel)"></a><a href="ptolemy/actor/lib/jjs/modules/contextAware/test/junit/1_JUnitTclTest.html#[0] ThereAreNoAutoTests (RunModel)">[0] ThereAreNoAutoTests (RunModel)</a></td><td>Success</td><td></td><td>0.005</td>
</tr>
<tr valign="top" class="Error">
<td><a href="ptolemy/actor/lib/jjs/modules/contextAware/test/junit/1_JUnitTclTest.html">JUnitTclTest</a></td><td><a name="[0] /home/travis/build/icyphy/ptII/ptolemy/actor/lib/jjs/modules/contextAware/test/auto/ContextAware.xml (RunModel)"></a><a href="ptolemy/actor/lib/jjs/modules/contextAware/test/junit/1_JUnitTclTest.html#[0] /home/travis/build/icyphy/ptII/ptolemy/actor/lib/jjs/modules/contextAware/test/auto/ContextAware.xml (RunModel)">[0] /home/travis/build/icyphy/ptII/ptolemy/actor/lib/jjs/modules/contextAware/test/auto/ContextAware.xml (RunModel)</a></td><td>Error</td><td>N/A<br>
<br>
<code>java.lang.reflect.InvocationTargetException<br>	at java.lang.reflect.Constructor.newInstance(Constructor.java:423)<br>	at ptolemy.util.test.junit.AutoTests.RunModel(AutoTests.java:160)<br>	at junitparams.internal.InvokeParameterisedMethod.evaluate(InvokeParameterisedMethod.java:102)<br>Caused by: java.lang.RuntimeException: ContextAware: Request failed with code 423: Locked<br>	at ptolemy.util.SimpleMessageHandler._error(SimpleMessageHandler.java:53)<br>	at ptolemy.util.MessageHandler.error(MessageHandler.java:84)<br>	at ptolemy.actor.lib.jjs.JavaScript.error(JavaScript.java:828)<br>	at ptolemy.actor.lib.jjs.RestrictedJavaScriptInterface.error(RestrictedJavaScriptInterface.java:108)<br>	at jdk.nashorn.internal.scripts.Script$Recompilation$514$3480A$\^eval\_.error(&lt;eval&gt;:98)<br>	at jdk.nashorn.internal.scripts.Script$Recompilation$512$15770A$require.L:1#_handleError(/home/travis/build/icyphy/ptII/ptolemy/actor/lib/jjs/external/require.js#401:30&lt;eval&gt;:370)<br>	at jdk.nashorn.internal.scripts.Script$Recompilation$505$17393AA$require.L:1#_errorResponse(/home/travis/build/icyphy/ptII/ptolemy/actor/lib/jjs/external/require.js#401:30&lt;eval&gt;:407)<br>	at jdk.nashorn.internal.runtime.ScriptFunctionData.invoke(ScriptFunctionData.java:641)<br>	at jdk.nashorn.internal.runtime.ScriptFunction.invoke(ScriptFunction.java:494)<br>	at jdk.nashorn.internal.runtime.ScriptRuntime.apply(ScriptRuntime.java:393)<br>	at jdk.nashorn.api.scripting.ScriptObjectMirror.callMember(ScriptObjectMirror.java:199)<br>	at ptolemy.actor.lib.jjs.modules.httpClient.HttpClientHelper$HttpClientResponseHandler$2.run(HttpClientHelper.java:341)<br>	at ptolemy.actor.lib.jjs.JavaScript.fire(JavaScript.java:1050)<br>	at ptolemy.domains.de.kernel.DEDirector._fire(DEDirector.java:1948)<br>	at ptolemy.domains.de.kernel.DEDirector.fire(DEDirector.java:502)<br>	at ptolemy.actor.CompositeActor.fire(CompositeActor.java:455)<br>	at ptolemy.actor.Manager.iterate(Manager.java:851)<br>	at ptolemy.actor.Manager.execute(Manager.java:369)<br>	at ptolemy.actor.Manager.run(Manager.java:1263)<br>	at ptolemy.actor.Manager$PtolemyRunThread.run(Manager.java:1915)<br>
</code></td><td>13.219</td>
</tr>
<tr valign="top" class="TableRowColor">
<td><a href="ptolemy/actor/lib/jjs/modules/discovery/test/junit/2_JUnitTclTest.html">JUnitTclTest</a></td><td><a name="[0] ThereAreNoTclTests (RunTclFile)"></a><a href="ptolemy/actor/lib/jjs/modules/discovery/test/junit/2_JUnitTclTest.html#[0] ThereAreNoTclTests (RunTclFile)">[0] ThereAreNoTclTests (RunTclFile)</a></td><td>Success</td><td></td><td>0.001</td>
</tr>
<tr valign="top" class="TableRowColor">
<td><a href="ptolemy/actor/lib/jjs/modules/discovery/test/junit/2_JUnitTclTest.html">JUnitTclTest</a></td><td><a name="[0] ThereAreNoKnowFailedTests (RunModel)"></a><a href="ptolemy/actor/lib/jjs/modules/discovery/test/junit/2_JUnitTclTest.html#[0] ThereAreNoKnowFailedTests (RunModel)">[0] ThereAreNoKnowFailedTests (RunModel)</a></td><td>Success</td><td></td><td>0.001</td>
</tr>
<tr valign="top" class="TableRowColor">
<td><a href="ptolemy/actor/lib/jjs/modules/discovery/test/junit/2_JUnitTclTest.html">JUnitTclTest</a></td><td><a name="[0] ThereAreNoAutoTests (RunModel)"></a><a href="ptolemy/actor/lib/jjs/modules/discovery/test/junit/2_JUnitTclTest.html#[0] ThereAreNoAutoTests (RunModel)">[0] ThereAreNoAutoTests (RunModel)</a></td><td>Success</td><td></td><td>0.000</td>
</tr>
<tr valign="top" class="TableRowColor">
<td><a href="ptolemy/actor/lib/jjs/modules/discovery/test/junit/2_JUnitTclTest.html">JUnitTclTest</a></td><td><a name="[0] /home/travis/build/icyphy/ptII/ptolemy/actor/lib/jjs/modules/discovery/test/auto/DiscoveryJSStdout.xml (RunModel)"></a><a href="ptolemy/actor/lib/jjs/modules/discovery/test/junit/2_JUnitTclTest.html#[0] /home/travis/build/icyphy/ptII/ptolemy/actor/lib/jjs/modules/discovery/test/auto/DiscoveryJSStdout.xml (RunModel)">[0] /home/travis/build/icyphy/ptII/ptolemy/actor/lib/jjs/modules/discovery/test/auto/DiscoveryJSStdout.xml (RunModel)</a></td><td>Success</td><td></td><td>31.214</td>
</tr>
<tr valign="top" class="TableRowColor">
<td><a href="ptolemy/actor/lib/jjs/modules/eventbus/test/junit/3_JUnitTclTest.html">JUnitTclTest</a></td><td><a name="[0] ThereAreNoTclTests (RunTclFile)"></a><a href="ptolemy/actor/lib/jjs/modules/eventbus/test/junit/3_JUnitTclTest.html#[0] ThereAreNoTclTests (RunTclFile)">[0] ThereAreNoTclTests (RunTclFile)</a></td><td>Success</td><td></td><td>0.002</td>
</tr>
<tr valign="top" class="TableRowColor">
<td><a href="ptolemy/actor/lib/jjs/modules/eventbus/test/junit/3_JUnitTclTest.html">JUnitTclTest</a></td><td><a name="[0] ThereAreNoKnowFailedTests (RunModel)"></a><a href="ptolemy/actor/lib/jjs/modules/eventbus/test/junit/3_JUnitTclTest.html#[0] ThereAreNoKnowFailedTests (RunModel)">[0] ThereAreNoKnowFailedTests (RunModel)</a></td><td>Success</td><td></td><td>0.001</td>
</tr>
<tr valign="top" class="TableRowColor">
<td><a href="ptolemy/actor/lib/jjs/modules/eventbus/test/junit/3_JUnitTclTest.html">JUnitTclTest</a></td><td><a name="[0] ThereAreNoAutoTests (RunModel)"></a><a href="ptolemy/actor/lib/jjs/modules/eventbus/test/junit/3_JUnitTclTest.html#[0] ThereAreNoAutoTests (RunModel)">[0] ThereAreNoAutoTests (RunModel)</a></td><td>Success</td><td></td><td>0.001</td>
</tr>
<tr valign="top" class="TableRowColor">
<td><a href="ptolemy/actor/lib/jjs/modules/eventbus/test/junit/3_JUnitTclTest.html">JUnitTclTest</a></td><td><a name="[0] /home/travis/build/icyphy/ptII/ptolemy/actor/lib/jjs/modules/eventbus/test/auto/SmokeTest.xml (RunModel)"></a><a href="ptolemy/actor/lib/jjs/modules/eventbus/test/junit/3_JUnitTclTest.html#[0] /home/travis/build/icyphy/ptII/ptolemy/actor/lib/jjs/modules/eventbus/test/auto/SmokeTest.xml (RunModel)">[0] /home/travis/build/icyphy/ptII/ptolemy/actor/lib/jjs/modules/eventbus/test/auto/SmokeTest.xml (RunModel)</a></td><td>Success</td><td></td><td>11.538</td>
</tr>
<tr valign="top" class="TableRowColor">
<td><a href="ptolemy/actor/lib/jjs/modules/eventbus/test/junit/3_JUnitTclTest.html">JUnitTclTest</a></td><td><a name="[1] /home/travis/build/icyphy/ptII/ptolemy/actor/lib/jjs/modules/eventbus/test/auto/VertxEventBus1.xml (RunModel)"></a><a href="ptolemy/actor/lib/jjs/modules/eventbus/test/junit/3_JUnitTclTest.html#[1] /home/travis/build/icyphy/ptII/ptolemy/actor/lib/jjs/modules/eventbus/test/auto/VertxEventBus1.xml (RunModel)">[1] /home/travis/build/icyphy/ptII/ptolemy/actor/lib/jjs/modules/eventbus/test/auto/VertxEventBus1.xml (RunModel)</a></td><td>Success</td><td></td><td>24.397</td>
</tr>
<tr valign="top" class="TableRowColor">
<td><a href="ptolemy/actor/lib/jjs/modules/eventbus/test/junit/3_JUnitTclTest.html">JUnitTclTest</a></td><td><a name="[2] /home/travis/build/icyphy/ptII/ptolemy/actor/lib/jjs/modules/eventbus/test/auto/VertxEventBus2.xml (RunModel)"></a><a href="ptolemy/actor/lib/jjs/modules/eventbus/test/junit/3_JUnitTclTest.html#[2] /home/travis/build/icyphy/ptII/ptolemy/actor/lib/jjs/modules/eventbus/test/auto/VertxEventBus2.xml (RunModel)">[2] /home/travis/build/icyphy/ptII/ptolemy/actor/lib/jjs/modules/eventbus/test/auto/VertxEventBus2.xml (RunModel)</a></td><td>Success</td><td></td><td>24.802</td>
</tr>
<tr valign="top" class="TableRowColor">
<td><a href="ptolemy/actor/lib/jjs/modules/eventbus/test/junit/3_JUnitTclTest.html">JUnitTclTest</a></td><td><a name="[3] /home/travis/build/icyphy/ptII/ptolemy/actor/lib/jjs/modules/eventbus/test/auto/VertxEventBus3.xml (RunModel)"></a><a href="ptolemy/actor/lib/jjs/modules/eventbus/test/junit/3_JUnitTclTest.html#[3] /home/travis/build/icyphy/ptII/ptolemy/actor/lib/jjs/modules/eventbus/test/auto/VertxEventBus3.xml (RunModel)">[3] /home/travis/build/icyphy/ptII/ptolemy/actor/lib/jjs/modules/eventbus/test/auto/VertxEventBus3.xml (RunModel)</a></td><td>Success</td><td></td><td>23.167</td>
</tr>
<tr valign="top" class="TableRowColor">
<td><a href="ptolemy/actor/lib/jjs/modules/eventbus/test/junit/3_JUnitTclTest.html">JUnitTclTest</a></td><td><a name="[4] /home/travis/build/icyphy/ptII/ptolemy/actor/lib/jjs/modules/eventbus/test/auto/VertxEventBus4.xml (RunModel)"></a><a href="ptolemy/actor/lib/jjs/modules/eventbus/test/junit/3_JUnitTclTest.html#[4] /home/travis/build/icyphy/ptII/ptolemy/actor/lib/jjs/modules/eventbus/test/auto/VertxEventBus4.xml (RunModel)">[4] /home/travis/build/icyphy/ptII/ptolemy/actor/lib/jjs/modules/eventbus/test/auto/VertxEventBus4.xml (RunModel)</a></td><td>Success</td><td></td><td>26.993</td>
</tr>
<tr valign="top" class="TableRowColor">
<td><a href="ptolemy/actor/lib/jjs/modules/faceDetector/test/junit/4_JUnitTclTest.html">JUnitTclTest</a></td><td><a name="[0] ThereAreNoTclTests (RunTclFile)"></a><a href="ptolemy/actor/lib/jjs/modules/faceDetector/test/junit/4_JUnitTclTest.html#[0] ThereAreNoTclTests (RunTclFile)">[0] ThereAreNoTclTests (RunTclFile)</a></td><td>Success</td><td></td><td>0.001</td>
</tr>
<tr valign="top" class="TableRowColor">
<td><a href="ptolemy/actor/lib/jjs/modules/faceDetector/test/junit/4_JUnitTclTest.html">JUnitTclTest</a></td><td><a name="[0] ThereAreNoKnowFailedTests (RunModel)"></a><a href="ptolemy/actor/lib/jjs/modules/faceDetector/test/junit/4_JUnitTclTest.html#[0] ThereAreNoKnowFailedTests (RunModel)">[0] ThereAreNoKnowFailedTests (RunModel)</a></td><td>Success</td><td></td><td>0.005</td>
</tr>
<tr valign="top" class="TableRowColor">
<td><a href="ptolemy/actor/lib/jjs/modules/faceDetector/test/junit/4_JUnitTclTest.html">JUnitTclTest</a></td><td><a name="[0] ThereAreNoAutoTests (RunModel)"></a><a href="ptolemy/actor/lib/jjs/modules/faceDetector/test/junit/4_JUnitTclTest.html#[0] ThereAreNoAutoTests (RunModel)">[0] ThereAreNoAutoTests (RunModel)</a></td><td>Success</td><td></td><td>0.001</td>
</tr>
<tr valign="top" class="TableRowColor">
<td><a href="ptolemy/actor/lib/jjs/modules/faceDetector/test/junit/4_JUnitTclTest.html">JUnitTclTest</a></td><td><a name="[0] /home/travis/build/icyphy/ptII/ptolemy/actor/lib/jjs/modules/faceDetector/test/auto/TestFaceDetector.xml (RunModel)"></a><a href="ptolemy/actor/lib/jjs/modules/faceDetector/test/junit/4_JUnitTclTest.html#[0] /home/travis/build/icyphy/ptII/ptolemy/actor/lib/jjs/modules/faceDetector/test/auto/TestFaceDetector.xml (RunModel)">[0] /home/travis/build/icyphy/ptII/ptolemy/actor/lib/jjs/modules/faceDetector/test/auto/TestFaceDetector.xml (RunModel)</a></td><td>Success</td><td></td><td>33.618</td>
</tr>
<tr valign="top" class="TableRowColor">
<td><a href="ptolemy/actor/lib/jjs/modules/httpClient/test/junit/5_JUnitTclTest.html">JUnitTclTest</a></td><td><a name="[0] ThereAreNoTclTests (RunTclFile)"></a><a href="ptolemy/actor/lib/jjs/modules/httpClient/test/junit/5_JUnitTclTest.html#[0] ThereAreNoTclTests (RunTclFile)">[0] ThereAreNoTclTests (RunTclFile)</a></td><td>Success</td><td></td><td>0.001</td>
</tr>
<tr valign="top" class="TableRowColor">
<td><a href="ptolemy/actor/lib/jjs/modules/httpClient/test/junit/5_JUnitTclTest.html">JUnitTclTest</a></td><td><a name="[0] ThereAreNoKnowFailedTests (RunModel)"></a><a href="ptolemy/actor/lib/jjs/modules/httpClient/test/junit/5_JUnitTclTest.html#[0] ThereAreNoKnowFailedTests (RunModel)">[0] ThereAreNoKnowFailedTests (RunModel)</a></td><td>Success</td><td></td><td>0.001</td>
</tr>
<tr valign="top" class="TableRowColor">
<td><a href="ptolemy/actor/lib/jjs/modules/httpClient/test/junit/5_JUnitTclTest.html">JUnitTclTest</a></td><td><a name="[0] ThereAreNoAutoTests (RunModel)"></a><a href="ptolemy/actor/lib/jjs/modules/httpClient/test/junit/5_JUnitTclTest.html#[0] ThereAreNoAutoTests (RunModel)">[0] ThereAreNoAutoTests (RunModel)</a></td><td>Success</td><td></td><td>0.001</td>
</tr>
<tr valign="top" class="Error">
<td><a href="ptolemy/actor/lib/jjs/modules/httpClient/test/junit/5_JUnitTclTest.html">JUnitTclTest</a></td><td><a name="[0] /home/travis/build/icyphy/ptII/ptolemy/actor/lib/jjs/modules/httpClient/test/auto/GeoCoderWeather.xml (RunModel)"></a><a href="ptolemy/actor/lib/jjs/modules/httpClient/test/junit/5_JUnitTclTest.html#[0] /home/travis/build/icyphy/ptII/ptolemy/actor/lib/jjs/modules/httpClient/test/auto/GeoCoderWeather.xml (RunModel)">[0] /home/travis/build/icyphy/ptII/ptolemy/actor/lib/jjs/modules/httpClient/test/auto/GeoCoderWeather.xml (RunModel)</a></td><td>Error</td><td>N/A<br>
<br>
<code>java.lang.reflect.InvocationTargetException<br>	at java.lang.reflect.Constructor.newInstance(Constructor.java:423)<br>	at ptolemy.util.test.junit.AutoTests.RunModel(AutoTests.java:160)<br>	at junitparams.internal.InvokeParameterisedMethod.evaluate(InvokeParameterisedMethod.java:102)<br>Caused by: java.lang.RuntimeException: Weather: Weather: Unable to parse response: Invalid JSON: &lt;json&gt;:1:0 Expected json literal but found R<br>Request failed with code 401: Unauthorized<br>^<br>Response was: Request failed with code 401: Unauthorized<br>	at ptolemy.util.SimpleMessageHandler._error(SimpleMessageHandler.java:53)<br>	at ptolemy.util.MessageHandler.error(MessageHandler.java:84)<br>	at ptolemy.actor.lib.jjs.JavaScript.error(JavaScript.java:828)<br>	at ptolemy.actor.lib.jjs.RestrictedJavaScriptInterface.error(RestrictedJavaScriptInterface.java:108)<br>	at jdk.nashorn.internal.scripts.Script$Recompilation$2446$3480A$\^eval\_.error(&lt;eval&gt;:98)<br>	at jdk.nashorn.internal.scripts.Script$Recompilation$2445$7089A$\^function\_.L:1#filterResponse(&lt;function&gt;:188)<br>	at jdk.nashorn.internal.scripts.Script$Recompilation$2360$11415A$\^function\_.L:1#handleResponse(&lt;function&gt;:303)<br>	at jdk.nashorn.internal.scripts.Script$Recompilation$2443$6700A$require.L:1#once#g(/home/travis/build/icyphy/ptII/ptolemy/actor/lib/jjs/external/require.js#401:30&lt;eval&gt;:205)<br>	at jdk.nashorn.internal.scripts.Script$Recompilation$2355$2872A$require.L:1#emit(/home/travis/build/icyphy/ptII/ptolemy/actor/lib/jjs/external/require.js#401:30&lt;eval&gt;:113)<br>	at jdk.nashorn.internal.scripts.Script$Recompilation$2441$17393AA$require.L:1#_errorResponse(/home/travis/build/icyphy/ptII/ptolemy/actor/lib/jjs/external/require.js#401:30&lt;eval&gt;:405)<br>	at jdk.nashorn.internal.runtime.ScriptFunctionData.invoke(ScriptFunctionData.java:641)<br>	at jdk.nashorn.internal.runtime.ScriptFunction.invoke(ScriptFunction.java:494)<br>	at jdk.nashorn.internal.runtime.ScriptRuntime.apply(ScriptRuntime.java:393)<br>	at jdk.nashorn.api.scripting.ScriptObjectMirror.callMember(ScriptObjectMirror.java:199)<br>	at ptolemy.actor.lib.jjs.modules.httpClient.HttpClientHelper$HttpClientResponseHandler$2.run(HttpClientHelper.java:341)<br>	at ptolemy.actor.lib.jjs.JavaScript.fire(JavaScript.java:1050)<br>	at ptolemy.domains.de.kernel.DEDirector._fire(DEDirector.java:1948)<br>	at ptolemy.domains.de.kernel.DEDirector.fire(DEDirector.java:502)<br>	at ptolemy.actor.CompositeActor.fire(CompositeActor.java:455)<br>	at ptolemy.actor.Manager.iterate(Manager.java:851)<br>	at ptolemy.actor.Manager.execute(Manager.java:369)<br>	at ptolemy.actor.Manager.run(Manager.java:1263)<br>	at ptolemy.actor.Manager$PtolemyRunThread.run(Manager.java:1915)<br>
</code></td><td>27.079</td>
</tr>
<tr valign="top" class="Error">
<td><a href="ptolemy/actor/lib/jjs/modules/httpClient/test/junit/5_JUnitTclTest.html">JUnitTclTest</a></td><td><a name="[1] /home/travis/build/icyphy/ptII/ptolemy/actor/lib/jjs/modules/httpClient/test/auto/RESTComposite.xml (RunModel)"></a><a href="ptolemy/actor/lib/jjs/modules/httpClient/test/junit/5_JUnitTclTest.html#[1] /home/travis/build/icyphy/ptII/ptolemy/actor/lib/jjs/modules/httpClient/test/auto/RESTComposite.xml (RunModel)">[1] /home/travis/build/icyphy/ptII/ptolemy/actor/lib/jjs/modules/httpClient/test/auto/RESTComposite.xml (RunModel)</a></td><td>Error</td><td>N/A<br>
<br>
<code>java.lang.reflect.InvocationTargetException<br>	at java.lang.reflect.Constructor.newInstance(Constructor.java:423)<br>	at ptolemy.util.test.junit.AutoTests.RunModel(AutoTests.java:160)<br>	at junitparams.internal.InvokeParameterisedMethod.evaluate(InvokeParameterisedMethod.java:102)<br>Caused by: ptolemy.kernel.util.IllegalActionException: Exceptions occurred during wrapup:<br>ptolemy.kernel.util.IllegalActionException: Failure executing the wrapup function: Error: TrainableTest: The input handler of this accessor was never invoked. Usually, this is an error indicating that starvation is occurring. in &lt;function&gt; at line number 393 at column number 16<br>  in .RESTComposite.TrainableTest<br>Because:<br>Error: TrainableTest: The input handler of this accessor was never invoked. Usually, this is an error indicating that starvation is occurring. in &lt;function&gt; at line number 393 at column number 16<br>
<br>  in .RESTComposite.DE Director<br>Because:<br>Failure executing the wrapup function: Error: TrainableTest: The input handler of this accessor was never invoked. Usually, this is an error indicating that starvation is occurring. in &lt;function&gt; at line number 393 at column number 16<br>  in .RESTComposite.TrainableTest<br>Because:<br>Error: TrainableTest: The input handler of this accessor was never invoked. Usually, this is an error indicating that starvation is occurring. in &lt;function&gt; at line number 393 at column number 16<br>	at ptolemy.actor.Director.wrapup(Director.java:1736)<br>	at ptolemy.domains.de.kernel.DEDirector.wrapup(DEDirector.java:1526)<br>	at ptolemy.actor.CompositeActor.wrapup(CompositeActor.java:2735)<br>	at ptolemy.actor.Manager.wrapup(Manager.java:1512)<br>	at ptolemy.actor.Manager.execute(Manager.java:407)<br>	at ptolemy.actor.Manager.run(Manager.java:1263)<br>	at ptolemy.actor.Manager$PtolemyRunThread.run(Manager.java:1915)<br>Caused by: ptolemy.kernel.util.IllegalActionException: Failure executing the wrapup function: Error: TrainableTest: The input handler of this accessor was never invoked. Usually, this is an error indicating that starvation is occurring. in &lt;function&gt; at line number 393 at column number 16<br>  in .RESTComposite.TrainableTest<br>Because:<br>Error: TrainableTest: The input handler of this accessor was never invoked. Usually, this is an error indicating that starvation is occurring. in &lt;function&gt; at line number 393 at column number 16<br>	at ptolemy.actor.lib.jjs.JavaScript._invokeMethodInContext(JavaScript.java:2216)<br>	at ptolemy.actor.lib.jjs.JavaScript.wrapup(JavaScript.java:2111)<br>	at ptolemy.actor.Director.wrapup(Director.java:1722)<br>Caused by: javax.script.ScriptException: Error: TrainableTest: The input handler of this accessor was never invoked. Usually, this is an error indicating that starvation is occurring. in &lt;function&gt; at line number 393 at column number 16<br>	at jdk.nashorn.api.scripting.NashornScriptEngine.throwAsScriptException(NashornScriptEngine.java:470)<br>	at jdk.nashorn.api.scripting.NashornScriptEngine.invokeImpl(NashornScriptEngine.java:392)<br>	at jdk.nashorn.api.scripting.NashornScriptEngine.invokeMethod(NashornScriptEngine.java:199)<br>	at ptolemy.actor.lib.jjs.JavaScript._invokeMethodInContext(JavaScript.java:2193)<br>Caused by: &lt;function&gt;:393:16 Error: TrainableTest: The input handler of this accessor was never invoked. Usually, this is an error indicating that starvation is occurring.<br>	at jdk.nashorn.internal.objects.NativeError.initException(NativeError.java:137)<br>	at jdk.nashorn.internal.objects.NativeError.&lt;init&gt;(NativeError.java:102)<br>	at jdk.nashorn.internal.objects.NativeError.&lt;init&gt;(NativeError.java:106)<br>	at jdk.nashorn.internal.objects.NativeError.&lt;init&gt;(NativeError.java:110)<br>	at jdk.nashorn.internal.objects.NativeError.constructor(NativeError.java:129)<br>	at jdk.nashorn.internal.scripts.Script$Recompilation$4196$18508$\^function\_.L:1#wrapup(&lt;function&gt;:393)<br>	at jdk.nashorn.internal.scripts.Script$Recompilation$4194$30328$require.L:1#Accessor#wrapup(/home/travis/build/icyphy/ptII/ptolemy/actor/lib/jjs/external/require.js#401:30&lt;eval&gt;:673)<br>	at jdk.nashorn.internal.runtime.ScriptFunctionData.invoke(ScriptFunctionData.java:637)<br>	at jdk.nashorn.internal.runtime.ScriptFunction.invoke(ScriptFunction.java:494)<br>	at jdk.nashorn.internal.runtime.ScriptRuntime.apply(ScriptRuntime.java:393)<br>	at jdk.nashorn.api.scripting.ScriptObjectMirror.callMember(ScriptObjectMirror.java:199)<br>	at jdk.nashorn.api.scripting.NashornScriptEngine.invokeImpl(NashornScriptEngine.java:386)<br>
</code></td><td>23.997</td>
</tr>
<tr valign="top" class="Error">
<td><a href="ptolemy/actor/lib/jjs/modules/httpClient/test/junit/5_JUnitTclTest.html">JUnitTclTest</a></td><td><a name="[2] /home/travis/build/icyphy/ptII/ptolemy/actor/lib/jjs/modules/httpClient/test/auto/RESTGet.xml (RunModel)"></a><a href="ptolemy/actor/lib/jjs/modules/httpClient/test/junit/5_JUnitTclTest.html#[2] /home/travis/build/icyphy/ptII/ptolemy/actor/lib/jjs/modules/httpClient/test/auto/RESTGet.xml (RunModel)">[2] /home/travis/build/icyphy/ptII/ptolemy/actor/lib/jjs/modules/httpClient/test/auto/RESTGet.xml (RunModel)</a></td><td>Error</td><td>N/A<br>
<br>
<code>java.lang.reflect.InvocationTargetException<br>	at java.lang.reflect.Constructor.newInstance(Constructor.java:423)<br>	at ptolemy.util.test.junit.AutoTests.RunModel(AutoTests.java:160)<br>	at junitparams.internal.InvokeParameterisedMethod.evaluate(InvokeParameterisedMethod.java:102)<br>Caused by: ptolemy.kernel.util.IllegalActionException: Exceptions occurred during wrapup:<br>ptolemy.kernel.util.IllegalActionException: Failure executing the wrapup function: Error: TrainableTest: The input handler of this accessor was never invoked. Usually, this is an error indicating that starvation is occurring. in &lt;function&gt; at line number 393 at column number 16<br>  in .RESTGet.TrainableTest<br>Because:<br>Error: TrainableTest: The input handler of this accessor was never invoked. Usually, this is an error indicating that starvation is occurring. in &lt;function&gt; at line number 393 at column number 16<br>ptolemy.kernel.util.IllegalActionException: Failure executing the wrapup function: Error: TrainableTest2: The input handler of this accessor was never invoked. Usually, this is an error indicating that starvation is occurring. in &lt;function&gt; at line number 393 at column number 16<br>  in .RESTGet.TrainableTest2<br>Because:<br>Error: TrainableTest2: The input handler of this accessor was never invoked. Usually, this is an error indicating that starvation is occurring. in &lt;function&gt; at line number 393 at column number 16<br>ptolemy.kernel.util.IllegalActionException: Failure executing the wrapup function: Error: TrainableTest3: The input handler of this accessor was never invoked. Usually, this is an error indicating that starvation is occurring. in &lt;function&gt; at line number 393 at column number 16<br>  in .RESTGet.TrainableTest3<br>Because:<br>Error: TrainableTest3: The input handler of this accessor was never invoked. Usually, this is an error indicating that starvation is occurring. in &lt;function&gt; at line number 393 at column number 16<br>
<br>  in .RESTGet.DE Director<br>Because:<br>Failure executing the wrapup function: Error: TrainableTest: The input handler of this accessor was never invoked. Usually, this is an error indicating that starvation is occurring. in &lt;function&gt; at line number 393 at column number 16<br>  in .RESTGet.TrainableTest<br>Because:<br>Error: TrainableTest: The input handler of this accessor was never invoked. Usually, this is an error indicating that starvation is occurring. in &lt;function&gt; at line number 393 at column number 16<br>	at ptolemy.actor.Director.wrapup(Director.java:1736)<br>	at ptolemy.domains.de.kernel.DEDirector.wrapup(DEDirector.java:1526)<br>	at ptolemy.actor.CompositeActor.wrapup(CompositeActor.java:2735)<br>	at ptolemy.actor.Manager.wrapup(Manager.java:1512)<br>	at ptolemy.actor.Manager.execute(Manager.java:407)<br>	at ptolemy.actor.Manager.run(Manager.java:1263)<br>	at ptolemy.actor.Manager$PtolemyRunThread.run(Manager.java:1915)<br>Caused by: ptolemy.kernel.util.IllegalActionException: Failure executing the wrapup function: Error: TrainableTest: The input handler of this accessor was never invoked. Usually, this is an error indicating that starvation is occurring. in &lt;function&gt; at line number 393 at column number 16<br>  in .RESTGet.TrainableTest<br>Because:<br>Error: TrainableTest: The input handler of this accessor was never invoked. Usually, this is an error indicating that starvation is occurring. in &lt;function&gt; at line number 393 at column number 16<br>	at ptolemy.actor.lib.jjs.JavaScript._invokeMethodInContext(JavaScript.java:2216)<br>	at ptolemy.actor.lib.jjs.JavaScript.wrapup(JavaScript.java:2111)<br>	at ptolemy.actor.Director.wrapup(Director.java:1722)<br>Caused by: javax.script.ScriptException: Error: TrainableTest: The input handler of this accessor was never invoked. Usually, this is an error indicating that starvation is occurring. in &lt;function&gt; at line number 393 at column number 16<br>	at jdk.nashorn.api.scripting.NashornScriptEngine.throwAsScriptException(NashornScriptEngine.java:470)<br>	at jdk.nashorn.api.scripting.NashornScriptEngine.invokeImpl(NashornScriptEngine.java:392)<br>	at jdk.nashorn.api.scripting.NashornScriptEngine.invokeMethod(NashornScriptEngine.java:199)<br>	at ptolemy.actor.lib.jjs.JavaScript._invokeMethodInContext(JavaScript.java:2193)<br>Caused by: &lt;function&gt;:393:16 Error: TrainableTest: The input handler of this accessor was never invoked. Usually, this is an error indicating that starvation is occurring.<br>	at jdk.nashorn.internal.objects.NativeError.initException(NativeError.java:137)<br>	at jdk.nashorn.internal.objects.NativeError.&lt;init&gt;(NativeError.java:102)<br>	at jdk.nashorn.internal.objects.NativeError.&lt;init&gt;(NativeError.java:106)<br>	at jdk.nashorn.internal.objects.NativeError.&lt;init&gt;(NativeError.java:110)<br>	at jdk.nashorn.internal.objects.NativeError.constructor(NativeError.java:129)<br>	at jdk.nashorn.internal.scripts.Script$Recompilation$7918$18508$\^function\_.L:1#wrapup(&lt;function&gt;:393)<br>	at jdk.nashorn.internal.scripts.Script$Recompilation$7916$30328$require.L:1#Accessor#wrapup(/home/travis/build/icyphy/ptII/ptolemy/actor/lib/jjs/external/require.js#401:30&lt;eval&gt;:673)<br>	at jdk.nashorn.internal.runtime.ScriptFunctionData.invoke(ScriptFunctionData.java:637)<br>	at jdk.nashorn.internal.runtime.ScriptFunction.invoke(ScriptFunction.java:494)<br>	at jdk.nashorn.internal.runtime.ScriptRuntime.apply(ScriptRuntime.java:393)<br>	at jdk.nashorn.api.scripting.ScriptObjectMirror.callMember(ScriptObjectMirror.java:199)<br>	at jdk.nashorn.api.scripting.NashornScriptEngine.invokeImpl(NashornScriptEngine.java:386)<br>
</code></td><td>141.314</td>
</tr>
<tr valign="top" class="Error">
<td><a href="ptolemy/actor/lib/jjs/modules/httpClient/test/junit/5_JUnitTclTest.html">JUnitTclTest</a></td><td><a name="[3] /home/travis/build/icyphy/ptII/ptolemy/actor/lib/jjs/modules/httpClient/test/auto/RESTGetCompleteResponseOnly.xml (RunModel)"></a><a href="ptolemy/actor/lib/jjs/modules/httpClient/test/junit/5_JUnitTclTest.html#[3] /home/travis/build/icyphy/ptII/ptolemy/actor/lib/jjs/modules/httpClient/test/auto/RESTGetCompleteResponseOnly.xml (RunModel)">[3] /home/travis/build/icyphy/ptII/ptolemy/actor/lib/jjs/modules/httpClient/test/auto/RESTGetCompleteResponseOnly.xml (RunModel)</a></td><td>Error</td><td>N/A<br>
<br>
<code>java.lang.reflect.InvocationTargetException<br>	at java.lang.reflect.Constructor.newInstance(Constructor.java:423)<br>	at ptolemy.util.test.junit.AutoTests.RunModel(AutoTests.java:160)<br>	at junitparams.internal.InvokeParameterisedMethod.evaluate(InvokeParameterisedMethod.java:102)<br>Caused by: ptolemy.kernel.util.IllegalActionException: Exceptions occurred during wrapup:<br>ptolemy.kernel.util.IllegalActionException: Failure executing the wrapup function: Error: TrainableTest: The input handler of this accessor was never invoked. Usually, this is an error indicating that starvation is occurring. in &lt;function&gt; at line number 393 at column number 16<br>  in .RESTGetCompleteResponseOnly.TrainableTest<br>Because:<br>Error: TrainableTest: The input handler of this accessor was never invoked. Usually, this is an error indicating that starvation is occurring. in &lt;function&gt; at line number 393 at column number 16<br>
<br>  in .RESTGetCompleteResponseOnly.DE Director<br>Because:<br>Failure executing the wrapup function: Error: TrainableTest: The input handler of this accessor was never invoked. Usually, this is an error indicating that starvation is occurring. in &lt;function&gt; at line number 393 at column number 16<br>  in .RESTGetCompleteResponseOnly.TrainableTest<br>Because:<br>Error: TrainableTest: The input handler of this accessor was never invoked. Usually, this is an error indicating that starvation is occurring. in &lt;function&gt; at line number 393 at column number 16<br>	at ptolemy.actor.Director.wrapup(Director.java:1736)<br>	at ptolemy.domains.de.kernel.DEDirector.wrapup(DEDirector.java:1526)<br>	at ptolemy.actor.CompositeActor.wrapup(CompositeActor.java:2735)<br>	at ptolemy.actor.Manager.wrapup(Manager.java:1512)<br>	at ptolemy.actor.Manager.execute(Manager.java:407)<br>	at ptolemy.actor.Manager.run(Manager.java:1263)<br>	at ptolemy.actor.Manager$PtolemyRunThread.run(Manager.java:1915)<br>Caused by: ptolemy.kernel.util.IllegalActionException: Failure executing the wrapup function: Error: TrainableTest: The input handler of this accessor was never invoked. Usually, this is an error indicating that starvation is occurring. in &lt;function&gt; at line number 393 at column number 16<br>  in .RESTGetCompleteResponseOnly.TrainableTest<br>Because:<br>Error: TrainableTest: The input handler of this accessor was never invoked. Usually, this is an error indicating that starvation is occurring. in &lt;function&gt; at line number 393 at column number 16<br>	at ptolemy.actor.lib.jjs.JavaScript._invokeMethodInContext(JavaScript.java:2216)<br>	at ptolemy.actor.lib.jjs.JavaScript.wrapup(JavaScript.java:2111)<br>	at ptolemy.actor.Director.wrapup(Director.java:1722)<br>Caused by: javax.script.ScriptException: Error: TrainableTest: The input handler of this accessor was never invoked. Usually, this is an error indicating that starvation is occurring. in &lt;function&gt; at line number 393 at column number 16<br>	at jdk.nashorn.api.scripting.NashornScriptEngine.throwAsScriptException(NashornScriptEngine.java:470)<br>	at jdk.nashorn.api.scripting.NashornScriptEngine.invokeImpl(NashornScriptEngine.java:392)<br>	at jdk.nashorn.api.scripting.NashornScriptEngine.invokeMethod(NashornScriptEngine.java:199)<br>	at ptolemy.actor.lib.jjs.JavaScript._invokeMethodInContext(JavaScript.java:2193)<br>Caused by: &lt;function&gt;:393:16 Error: TrainableTest: The input handler of this accessor was never invoked. Usually, this is an error indicating that starvation is occurring.<br>	at jdk.nashorn.internal.objects.NativeError.initException(NativeError.java:137)<br>	at jdk.nashorn.internal.objects.NativeError.&lt;init&gt;(NativeError.java:102)<br>	at jdk.nashorn.internal.objects.NativeError.&lt;init&gt;(NativeError.java:106)<br>	at jdk.nashorn.internal.objects.NativeError.&lt;init&gt;(NativeError.java:110)<br>	at jdk.nashorn.internal.objects.NativeError.constructor(NativeError.java:129)<br>	at jdk.nashorn.internal.scripts.Script$Recompilation$10968$18557$\^function\_.L:1#wrapup(&lt;function&gt;:393)<br>	at jdk.nashorn.internal.scripts.Script$Recompilation$10966$30328$require.L:1#Accessor#wrapup(/home/travis/build/icyphy/ptII/ptolemy/actor/lib/jjs/external/require.js#401:30&lt;eval&gt;:673)<br>	at jdk.nashorn.internal.runtime.ScriptFunctionData.invoke(ScriptFunctionData.java:637)<br>	at jdk.nashorn.internal.runtime.ScriptFunction.invoke(ScriptFunction.java:494)<br>	at jdk.nashorn.internal.runtime.ScriptRuntime.apply(ScriptRuntime.java:393)<br>	at jdk.nashorn.api.scripting.ScriptObjectMirror.callMember(ScriptObjectMirror.java:199)<br>	at jdk.nashorn.api.scripting.NashornScriptEngine.invokeImpl(NashornScriptEngine.java:386)<br>
</code></td><td>177.803</td>
</tr>
<tr valign="top" class="TableRowColor">
<td><a href="ptolemy/actor/lib/jjs/modules/httpClient/test/junit/5_JUnitTclTest.html">JUnitTclTest</a></td><td><a name="[4] /home/travis/build/icyphy/ptII/ptolemy/actor/lib/jjs/modules/httpClient/test/auto/RESTPost.xml (RunModel)"></a><a href="ptolemy/actor/lib/jjs/modules/httpClient/test/junit/5_JUnitTclTest.html#[4] /home/travis/build/icyphy/ptII/ptolemy/actor/lib/jjs/modules/httpClient/test/auto/RESTPost.xml (RunModel)">[4] /home/travis/build/icyphy/ptII/ptolemy/actor/lib/jjs/modules/httpClient/test/auto/RESTPost.xml (RunModel)</a></td><td>Success</td><td></td><td>56.928</td>
</tr>
<tr valign="top" class="Error">
<td><a href="ptolemy/actor/lib/jjs/modules/httpClient/test/junit/5_JUnitTclTest.html">JUnitTclTest</a></td><td><a name="[5] /home/travis/build/icyphy/ptII/ptolemy/actor/lib/jjs/modules/httpClient/test/auto/RESTPostDataTypes.xml (RunModel)"></a><a href="ptolemy/actor/lib/jjs/modules/httpClient/test/junit/5_JUnitTclTest.html#[5] /home/travis/build/icyphy/ptII/ptolemy/actor/lib/jjs/modules/httpClient/test/auto/RESTPostDataTypes.xml (RunModel)">[5] /home/travis/build/icyphy/ptII/ptolemy/actor/lib/jjs/modules/httpClient/test/auto/RESTPostDataTypes.xml (RunModel)</a></td><td>Error</td><td>N/A<br>
<br>
<code>java.lang.reflect.InvocationTargetException<br>	at java.lang.reflect.Constructor.newInstance(Constructor.java:423)<br>	at ptolemy.util.test.junit.AutoTests.RunModel(AutoTests.java:160)<br>	at junitparams.internal.InvokeParameterisedMethod.evaluate(InvokeParameterisedMethod.java:102)<br>Caused by: java.lang.RuntimeException: REST: Connection refused: localhost/127.0.0.1:8003<br>	at ptolemy.util.SimpleMessageHandler._error(SimpleMessageHandler.java:53)<br>	at ptolemy.util.MessageHandler.error(MessageHandler.java:84)<br>	at ptolemy.actor.lib.jjs.JavaScript.error(JavaScript.java:828)<br>	at ptolemy.actor.lib.jjs.RestrictedJavaScriptInterface.error(RestrictedJavaScriptInterface.java:108)<br>	at jdk.nashorn.internal.scripts.Script$Recompilation$24224$3480A$\^eval\_.error(&lt;eval&gt;:98)<br>	at jdk.nashorn.internal.scripts.Script$Recompilation$24222$15770A$require.L:1#_handleError(/home/travis/build/icyphy/ptII/ptolemy/actor/lib/jjs/external/require.js#401:30&lt;eval&gt;:370)<br>	at jdk.nashorn.internal.scripts.Script$Recompilation$24221$17393AA$require.L:1#_errorResponse(/home/travis/build/icyphy/ptII/ptolemy/actor/lib/jjs/external/require.js#401:30&lt;eval&gt;:407)<br>	at jdk.nashorn.internal.runtime.ScriptFunctionData.invoke(ScriptFunctionData.java:641)<br>	at jdk.nashorn.internal.runtime.ScriptFunction.invoke(ScriptFunction.java:494)<br>	at jdk.nashorn.internal.runtime.ScriptRuntime.apply(ScriptRuntime.java:393)<br>	at jdk.nashorn.api.scripting.ScriptObjectMirror.callMember(ScriptObjectMirror.java:199)<br>	at ptolemy.actor.lib.jjs.modules.httpClient.HttpClientHelper$HttpClientExceptionHandler$1.run(HttpClientHelper.java:281)<br>	at ptolemy.actor.lib.jjs.JavaScript.fire(JavaScript.java:1050)<br>	at ptolemy.domains.de.kernel.DEDirector._fire(DEDirector.java:1948)<br>	at ptolemy.domains.de.kernel.DEDirector.fire(DEDirector.java:502)<br>	at ptolemy.actor.CompositeActor.fire(CompositeActor.java:455)<br>	at ptolemy.actor.Manager.iterate(Manager.java:851)<br>	at ptolemy.actor.Manager.execute(Manager.java:369)<br>	at ptolemy.actor.Manager.run(Manager.java:1263)<br>	at ptolemy.actor.Manager$PtolemyRunThread.run(Manager.java:1915)<br>
</code></td><td>35.871</td>
</tr>
<tr valign="top" class="TableRowColor">
<td><a href="ptolemy/actor/lib/jjs/modules/httpClient/test/junit/5_JUnitTclTest.html">JUnitTclTest</a></td><td><a name="[6] /home/travis/build/icyphy/ptII/ptolemy/actor/lib/jjs/modules/httpClient/test/auto/RESTPut.xml (RunModel)"></a><a href="ptolemy/actor/lib/jjs/modules/httpClient/test/junit/5_JUnitTclTest.html#[6] /home/travis/build/icyphy/ptII/ptolemy/actor/lib/jjs/modules/httpClient/test/auto/RESTPut.xml (RunModel)">[6] /home/travis/build/icyphy/ptII/ptolemy/actor/lib/jjs/modules/httpClient/test/auto/RESTPut.xml (RunModel)</a></td><td>Success</td><td></td><td>38.184</td>
</tr>
<tr valign="top" class="Error">
<td><a href="ptolemy/actor/lib/jjs/modules/httpClient/test/junit/5_JUnitTclTest.html">JUnitTclTest</a></td><td><a name="[7] /home/travis/build/icyphy/ptII/ptolemy/actor/lib/jjs/modules/httpClient/test/auto/RESTReceiveImage.xml (RunModel)"></a><a href="ptolemy/actor/lib/jjs/modules/httpClient/test/junit/5_JUnitTclTest.html#[7] /home/travis/build/icyphy/ptII/ptolemy/actor/lib/jjs/modules/httpClient/test/auto/RESTReceiveImage.xml (RunModel)">[7] /home/travis/build/icyphy/ptII/ptolemy/actor/lib/jjs/modules/httpClient/test/auto/RESTReceiveImage.xml (RunModel)</a></td><td>Error</td><td>N/A<br>
<br>
<code>java.lang.reflect.InvocationTargetException<br>	at java.lang.reflect.Constructor.newInstance(Constructor.java:423)<br>	at ptolemy.util.test.junit.AutoTests.RunModel(AutoTests.java:160)<br>	at junitparams.internal.InvokeParameterisedMethod.evaluate(InvokeParameterisedMethod.java:102)<br>Caused by: ptolemy.kernel.util.IllegalActionException: Exceptions occurred during wrapup:<br>ptolemy.kernel.util.IllegalActionException: Failure executing the wrapup function: Error: TrainableTest2: The input handler of this accessor was never invoked. Usually, this is an error indicating that starvation is occurring. in &lt;function&gt; at line number 393 at column number 16<br>  in .RESTReceiveImage.TrainableTest2<br>Because:<br>Error: TrainableTest2: The input handler of this accessor was never invoked. Usually, this is an error indicating that starvation is occurring. in &lt;function&gt; at line number 393 at column number 16<br>
<br>  in .RESTReceiveImage.DE Director<br>Because:<br>Failure executing the wrapup function: Error: TrainableTest2: The input handler of this accessor was never invoked. Usually, this is an error indicating that starvation is occurring. in &lt;function&gt; at line number 393 at column number 16<br>  in .RESTReceiveImage.TrainableTest2<br>Because:<br>Error: TrainableTest2: The input handler of this accessor was never invoked. Usually, this is an error indicating that starvation is occurring. in &lt;function&gt; at line number 393 at column number 16<br>	at ptolemy.actor.Director.wrapup(Director.java:1736)<br>	at ptolemy.domains.de.kernel.DEDirector.wrapup(DEDirector.java:1526)<br>	at ptolemy.actor.CompositeActor.wrapup(CompositeActor.java:2735)<br>	at ptolemy.actor.Manager.wrapup(Manager.java:1512)<br>	at ptolemy.actor.Manager.execute(Manager.java:407)<br>	at ptolemy.actor.Manager.run(Manager.java:1263)<br>	at ptolemy.actor.Manager$PtolemyRunThread.run(Manager.java:1915)<br>Caused by: ptolemy.kernel.util.IllegalActionException: Failure executing the wrapup function: Error: TrainableTest2: The input handler of this accessor was never invoked. Usually, this is an error indicating that starvation is occurring. in &lt;function&gt; at line number 393 at column number 16<br>  in .RESTReceiveImage.TrainableTest2<br>Because:<br>Error: TrainableTest2: The input handler of this accessor was never invoked. Usually, this is an error indicating that starvation is occurring. in &lt;function&gt; at line number 393 at column number 16<br>	at ptolemy.actor.lib.jjs.JavaScript._invokeMethodInContext(JavaScript.java:2216)<br>	at ptolemy.actor.lib.jjs.JavaScript.wrapup(JavaScript.java:2111)<br>	at ptolemy.actor.Director.wrapup(Director.java:1722)<br>Caused by: javax.script.ScriptException: Error: TrainableTest2: The input handler of this accessor was never invoked. Usually, this is an error indicating that starvation is occurring. in &lt;function&gt; at line number 393 at column number 16<br>	at jdk.nashorn.api.scripting.NashornScriptEngine.throwAsScriptException(NashornScriptEngine.java:470)<br>	at jdk.nashorn.api.scripting.NashornScriptEngine.invokeImpl(NashornScriptEngine.java:392)<br>	at jdk.nashorn.api.scripting.NashornScriptEngine.invokeMethod(NashornScriptEngine.java:199)<br>	at ptolemy.actor.lib.jjs.JavaScript._invokeMethodInContext(JavaScript.java:2193)<br>Caused by: &lt;function&gt;:393:16 Error: TrainableTest2: The input handler of this accessor was never invoked. Usually, this is an error indicating that starvation is occurring.<br>	at jdk.nashorn.internal.objects.NativeError.initException(NativeError.java:137)<br>	at jdk.nashorn.internal.objects.NativeError.&lt;init&gt;(NativeError.java:102)<br>	at jdk.nashorn.internal.objects.NativeError.&lt;init&gt;(NativeError.java:106)<br>	at jdk.nashorn.internal.objects.NativeError.&lt;init&gt;(NativeError.java:110)<br>	at jdk.nashorn.internal.objects.NativeError.constructor(NativeError.java:129)<br>	at jdk.nashorn.internal.scripts.Script$Recompilation$35320$18557$\^function\_.L:1#wrapup(&lt;function&gt;:393)<br>	at jdk.nashorn.internal.scripts.Script$Recompilation$35318$30328$require.L:1#Accessor#wrapup(/home/travis/build/icyphy/ptII/ptolemy/actor/lib/jjs/external/require.js#401:30&lt;eval&gt;:673)<br>	at jdk.nashorn.internal.runtime.ScriptFunctionData.invoke(ScriptFunctionData.java:637)<br>	at jdk.nashorn.internal.runtime.ScriptFunction.invoke(ScriptFunction.java:494)<br>	at jdk.nashorn.internal.runtime.ScriptRuntime.apply(ScriptRuntime.java:393)<br>	at jdk.nashorn.api.scripting.ScriptObjectMirror.callMember(ScriptObjectMirror.java:199)<br>	at jdk.nashorn.api.scripting.NashornScriptEngine.invokeImpl(NashornScriptEngine.java:386)<br>
</code></td><td>38.684</td>
</tr>
<tr valign="top" class="Error">
<td><a href="ptolemy/actor/lib/jjs/modules/httpClient/test/junit/5_JUnitTclTest.html">JUnitTclTest</a></td><td><a name="[8] /home/travis/build/icyphy/ptII/ptolemy/actor/lib/jjs/modules/httpClient/test/auto/RESTSendImage.xml (RunModel)"></a><a href="ptolemy/actor/lib/jjs/modules/httpClient/test/junit/5_JUnitTclTest.html#[8] /home/travis/build/icyphy/ptII/ptolemy/actor/lib/jjs/modules/httpClient/test/auto/RESTSendImage.xml (RunModel)">[8] /home/travis/build/icyphy/ptII/ptolemy/actor/lib/jjs/modules/httpClient/test/auto/RESTSendImage.xml (RunModel)</a></td><td>Error</td><td>N/A<br>
<br>
<code>java.lang.reflect.InvocationTargetException<br>	at java.lang.reflect.Constructor.newInstance(Constructor.java:423)<br>	at ptolemy.util.test.junit.AutoTests.RunModel(AutoTests.java:160)<br>	at junitparams.internal.InvokeParameterisedMethod.evaluate(InvokeParameterisedMethod.java:102)<br>Caused by: ptolemy.kernel.util.IllegalActionException: Failure executing the react function: Error: commonHost.js, react(), invoking a specific handler for "response": Exception occurred in input handler for accessor WebServer, which has now has been removed.  Exception was: java.lang.IllegalStateException: Response is closed Stacktrace was: undefined in /home/travis/build/icyphy/ptII/ptolemy/actor/lib/jjs/external/require.js#401:30&lt;eval&gt; at line number 1695 at column number 24<br>  in .RESTSendImage.WebServer<br>Because:<br>Error: commonHost.js, react(), invoking a specific handler for "response": Exception occurred in input handler for accessor WebServer, which has now has been removed.  Exception was: java.lang.IllegalStateException: Response is closed Stacktrace was: undefined in /home/travis/build/icyphy/ptII/ptolemy/actor/lib/jjs/external/require.js#401:30&lt;eval&gt; at line number 1695 at column number 24<br>	at ptolemy.actor.lib.jjs.JavaScript._invokeMethodInContext(JavaScript.java:2216)<br>	at ptolemy.actor.lib.jjs.JavaScript.fire(JavaScript.java:1102)<br>	at ptolemy.domains.de.kernel.DEDirector._fire(DEDirector.java:1948)<br>	at ptolemy.domains.de.kernel.DEDirector.fire(DEDirector.java:502)<br>	at ptolemy.actor.CompositeActor.fire(CompositeActor.java:455)<br>	at ptolemy.actor.Manager.iterate(Manager.java:851)<br>	at ptolemy.actor.Manager.execute(Manager.java:369)<br>	at ptolemy.actor.Manager.run(Manager.java:1263)<br>	at ptolemy.actor.Manager$PtolemyRunThread.run(Manager.java:1915)<br>Caused by: javax.script.ScriptException: Error: commonHost.js, react(), invoking a specific handler for "response": Exception occurred in input handler for accessor WebServer, which has now has been removed.  Exception was: java.lang.IllegalStateException: Response is closed Stacktrace was: undefined in /home/travis/build/icyphy/ptII/ptolemy/actor/lib/jjs/external/require.js#401:30&lt;eval&gt; at line number 1695 at column number 24<br>	at jdk.nashorn.api.scripting.NashornScriptEngine.throwAsScriptException(NashornScriptEngine.java:470)<br>	at jdk.nashorn.api.scripting.NashornScriptEngine.invokeImpl(NashornScriptEngine.java:392)<br>	at jdk.nashorn.api.scripting.NashornScriptEngine.invokeMethod(NashornScriptEngine.java:199)<br>	at ptolemy.actor.lib.jjs.JavaScript._invokeMethodInContext(JavaScript.java:2193)<br>Caused by: /home/travis/build/icyphy/ptII/ptolemy/actor/lib/jjs/external/require.js#401:30&lt;eval&gt;:1695:24 Error: commonHost.js, react(), invoking a specific handler for "response": Exception occurred in input handler for accessor WebServer, which has now has been removed.  Exception was: java.lang.IllegalStateException: Response is closed Stacktrace was: undefined<br>	at jdk.nashorn.internal.objects.NativeError.initException(NativeError.java:137)<br>	at jdk.nashorn.internal.objects.NativeError.&lt;init&gt;(NativeError.java:102)<br>	at jdk.nashorn.internal.objects.NativeError.&lt;init&gt;(NativeError.java:106)<br>	at jdk.nashorn.internal.objects.NativeError.&lt;init&gt;(NativeError.java:110)<br>	at jdk.nashorn.internal.objects.NativeError.constructor(NativeError.java:129)<br>	at jdk.nashorn.internal.scripts.Script$Recompilation$41230$74558A$require.L:1#react#invokeSpecificHandler(/home/travis/build/icyphy/ptII/ptolemy/actor/lib/jjs/external/require.js#401:30&lt;eval&gt;:1695)<br>	at jdk.nashorn.internal.scripts.Script$Recompilation$41177$73967A$require.L:1#react(/home/travis/build/icyphy/ptII/ptolemy/actor/lib/jjs/external/require.js#401:30&lt;eval&gt;:1728)<br>	at jdk.nashorn.internal.runtime.ScriptFunctionData.invoke(ScriptFunctionData.java:639)<br>	at jdk.nashorn.internal.runtime.ScriptFunction.invoke(ScriptFunction.java:494)<br>	at jdk.nashorn.internal.runtime.ScriptRuntime.apply(ScriptRuntime.java:393)<br>	at jdk.nashorn.api.scripting.ScriptObjectMirror.callMember(ScriptObjectMirror.java:199)<br>	at jdk.nashorn.api.scripting.NashornScriptEngine.invokeImpl(NashornScriptEngine.java:386)<br>
</code></td><td>26.882</td>
</tr>
<tr valign="top" class="TableRowColor">
<td><a href="ptolemy/actor/lib/jjs/modules/httpClient/test/junit/5_JUnitTclTest.html">JUnitTclTest</a></td><td><a name="[9] /home/travis/build/icyphy/ptII/ptolemy/actor/lib/jjs/modules/httpClient/test/auto/RESTStringURL.xml (RunModel)"></a><a href="ptolemy/actor/lib/jjs/modules/httpClient/test/junit/5_JUnitTclTest.html#[9] /home/travis/build/icyphy/ptII/ptolemy/actor/lib/jjs/modules/httpClient/test/auto/RESTStringURL.xml (RunModel)">[9] /home/travis/build/icyphy/ptII/ptolemy/actor/lib/jjs/modules/httpClient/test/auto/RESTStringURL.xml (RunModel)</a></td><td>Success</td><td></td><td>20.428</td>
</tr>
<tr valign="top" class="TableRowColor">
<td><a href="ptolemy/actor/lib/jjs/modules/httpClient/test/junit/5_JUnitTclTest.html">JUnitTclTest</a></td><td><a name="[10] /home/travis/build/icyphy/ptII/ptolemy/actor/lib/jjs/modules/httpClient/test/auto/RESTWithTimeout.xml (RunModel)"></a><a href="ptolemy/actor/lib/jjs/modules/httpClient/test/junit/5_JUnitTclTest.html#[10] /home/travis/build/icyphy/ptII/ptolemy/actor/lib/jjs/modules/httpClient/test/auto/RESTWithTimeout.xml (RunModel)">[10] /home/travis/build/icyphy/ptII/ptolemy/actor/lib/jjs/modules/httpClient/test/auto/RESTWithTimeout.xml (RunModel)</a></td><td>Success</td><td></td><td>12.513</td>
</tr>
<tr valign="top" class="TableRowColor">
<td><a href="ptolemy/actor/lib/jjs/modules/httpServer/test/junit/6_JUnitTclTest.html">JUnitTclTest</a></td><td><a name="[0] ThereAreNoTclTests (RunTclFile)"></a><a href="ptolemy/actor/lib/jjs/modules/httpServer/test/junit/6_JUnitTclTest.html#[0] ThereAreNoTclTests (RunTclFile)">[0] ThereAreNoTclTests (RunTclFile)</a></td><td>Success</td><td></td><td>0.001</td>
</tr>
<tr valign="top" class="TableRowColor">
<td><a href="ptolemy/actor/lib/jjs/modules/httpServer/test/junit/6_JUnitTclTest.html">JUnitTclTest</a></td><td><a name="[0] ThereAreNoKnowFailedTests (RunModel)"></a><a href="ptolemy/actor/lib/jjs/modules/httpServer/test/junit/6_JUnitTclTest.html#[0] ThereAreNoKnowFailedTests (RunModel)">[0] ThereAreNoKnowFailedTests (RunModel)</a></td><td>Success</td><td></td><td>0.003</td>
</tr>
<tr valign="top" class="TableRowColor">
<td><a href="ptolemy/actor/lib/jjs/modules/httpServer/test/junit/6_JUnitTclTest.html">JUnitTclTest</a></td><td><a name="[0] ThereAreNoAutoTests (RunModel)"></a><a href="ptolemy/actor/lib/jjs/modules/httpServer/test/junit/6_JUnitTclTest.html#[0] ThereAreNoAutoTests (RunModel)">[0] ThereAreNoAutoTests (RunModel)</a></td><td>Success</td><td></td><td>0.002</td>
</tr>
<tr valign="top" class="Error">
<td><a href="ptolemy/actor/lib/jjs/modules/httpServer/test/junit/6_JUnitTclTest.html">JUnitTclTest</a></td><td><a name="[0] /home/travis/build/icyphy/ptII/ptolemy/actor/lib/jjs/modules/httpServer/test/auto/KeyValueStoreClient.xml (RunModel)"></a><a href="ptolemy/actor/lib/jjs/modules/httpServer/test/junit/6_JUnitTclTest.html#[0] /home/travis/build/icyphy/ptII/ptolemy/actor/lib/jjs/modules/httpServer/test/auto/KeyValueStoreClient.xml (RunModel)">[0] /home/travis/build/icyphy/ptII/ptolemy/actor/lib/jjs/modules/httpServer/test/auto/KeyValueStoreClient.xml (RunModel)</a></td><td>Error</td><td>N/A<br>
<br>
<code>java.lang.reflect.InvocationTargetException<br>	at java.lang.reflect.Constructor.newInstance(Constructor.java:423)<br>	at ptolemy.util.test.junit.AutoTests.RunModel(AutoTests.java:160)<br>	at junitparams.internal.InvokeParameterisedMethod.evaluate(InvokeParameterisedMethod.java:102)<br>Caused by: ptolemy.kernel.util.IllegalActionException: Failure executing the react function: Error: commonHost.js, react(), invoking a specific handler for "response": Exception occurred in input handler for accessor WebServer, which has now has been removed.  Exception was: java.lang.IllegalStateException: Response is closed Stacktrace was: undefined in /home/travis/build/icyphy/ptII/ptolemy/actor/lib/jjs/external/require.js#401:30&lt;eval&gt; at line number 1695 at column number 24<br>  in .KeyValueStoreClient.WebServer<br>Because:<br>Error: commonHost.js, react(), invoking a specific handler for "response": Exception occurred in input handler for accessor WebServer, which has now has been removed.  Exception was: java.lang.IllegalStateException: Response is closed Stacktrace was: undefined in /home/travis/build/icyphy/ptII/ptolemy/actor/lib/jjs/external/require.js#401:30&lt;eval&gt; at line number 1695 at column number 24<br>	at ptolemy.actor.lib.jjs.JavaScript._invokeMethodInContext(JavaScript.java:2216)<br>	at ptolemy.actor.lib.jjs.JavaScript.fire(JavaScript.java:1102)<br>	at ptolemy.domains.de.kernel.DEDirector._fire(DEDirector.java:1948)<br>	at ptolemy.domains.de.kernel.DEDirector.fire(DEDirector.java:502)<br>	at ptolemy.actor.CompositeActor.fire(CompositeActor.java:455)<br>	at ptolemy.actor.Manager.iterate(Manager.java:851)<br>	at ptolemy.actor.Manager.execute(Manager.java:369)<br>	at ptolemy.actor.Manager.run(Manager.java:1263)<br>	at ptolemy.actor.Manager$PtolemyRunThread.run(Manager.java:1915)<br>Caused by: javax.script.ScriptException: Error: commonHost.js, react(), invoking a specific handler for "response": Exception occurred in input handler for accessor WebServer, which has now has been removed.  Exception was: java.lang.IllegalStateException: Response is closed Stacktrace was: undefined in /home/travis/build/icyphy/ptII/ptolemy/actor/lib/jjs/external/require.js#401:30&lt;eval&gt; at line number 1695 at column number 24<br>	at jdk.nashorn.api.scripting.NashornScriptEngine.throwAsScriptException(NashornScriptEngine.java:470)<br>	at jdk.nashorn.api.scripting.NashornScriptEngine.invokeImpl(NashornScriptEngine.java:392)<br>	at jdk.nashorn.api.scripting.NashornScriptEngine.invokeMethod(NashornScriptEngine.java:199)<br>	at ptolemy.actor.lib.jjs.JavaScript._invokeMethodInContext(JavaScript.java:2193)<br>Caused by: /home/travis/build/icyphy/ptII/ptolemy/actor/lib/jjs/external/require.js#401:30&lt;eval&gt;:1695:24 Error: commonHost.js, react(), invoking a specific handler for "response": Exception occurred in input handler for accessor WebServer, which has now has been removed.  Exception was: java.lang.IllegalStateException: Response is closed Stacktrace was: undefined<br>	at jdk.nashorn.internal.objects.NativeError.initException(NativeError.java:137)<br>	at jdk.nashorn.internal.objects.NativeError.&lt;init&gt;(NativeError.java:102)<br>	at jdk.nashorn.internal.objects.NativeError.&lt;init&gt;(NativeError.java:106)<br>	at jdk.nashorn.internal.objects.NativeError.&lt;init&gt;(NativeError.java:110)<br>	at jdk.nashorn.internal.objects.NativeError.constructor(NativeError.java:129)<br>	at jdk.nashorn.internal.scripts.Script$Recompilation$4856$74558A$require.L:1#react#invokeSpecificHandler(/home/travis/build/icyphy/ptII/ptolemy/actor/lib/jjs/external/require.js#401:30&lt;eval&gt;:1695)<br>	at jdk.nashorn.internal.scripts.Script$Recompilation$4776$73967A$require.L:1#react(/home/travis/build/icyphy/ptII/ptolemy/actor/lib/jjs/external/require.js#401:30&lt;eval&gt;:1728)<br>	at jdk.nashorn.internal.runtime.ScriptFunctionData.invoke(ScriptFunctionData.java:639)<br>	at jdk.nashorn.internal.runtime.ScriptFunction.invoke(ScriptFunction.java:494)<br>	at jdk.nashorn.internal.runtime.ScriptRuntime.apply(ScriptRuntime.java:393)<br>	at jdk.nashorn.api.scripting.ScriptObjectMirror.callMember(ScriptObjectMirror.java:199)<br>	at jdk.nashorn.api.scripting.NashornScriptEngine.invokeImpl(NashornScriptEngine.java:386)<br>
</code></td><td>43.420</td>
</tr>
<tr valign="top" class="TableRowColor">
<td><a href="ptolemy/actor/lib/jjs/modules/httpServer/test/junit/6_JUnitTclTest.html">JUnitTclTest</a></td><td><a name="[1] /home/travis/build/icyphy/ptII/ptolemy/actor/lib/jjs/modules/httpServer/test/auto/WebServer.xml (RunModel)"></a><a href="ptolemy/actor/lib/jjs/modules/httpServer/test/junit/6_JUnitTclTest.html#[1] /home/travis/build/icyphy/ptII/ptolemy/actor/lib/jjs/modules/httpServer/test/auto/WebServer.xml (RunModel)">[1] /home/travis/build/icyphy/ptII/ptolemy/actor/lib/jjs/modules/httpServer/test/auto/WebServer.xml (RunModel)</a></td><td>Success</td><td></td><td>38.481</td>
</tr>
<tr valign="top" class="TableRowColor">
<td><a href="ptolemy/actor/lib/jjs/modules/httpServer/test/junit/6_JUnitTclTest.html">JUnitTclTest</a></td><td><a name="[2] /home/travis/build/icyphy/ptII/ptolemy/actor/lib/jjs/modules/httpServer/test/auto/WebServerBasic.xml (RunModel)"></a><a href="ptolemy/actor/lib/jjs/modules/httpServer/test/junit/6_JUnitTclTest.html#[2] /home/travis/build/icyphy/ptII/ptolemy/actor/lib/jjs/modules/httpServer/test/auto/WebServerBasic.xml (RunModel)">[2] /home/travis/build/icyphy/ptII/ptolemy/actor/lib/jjs/modules/httpServer/test/auto/WebServerBasic.xml (RunModel)</a></td><td>Success</td><td></td><td>30.877</td>
</tr>
<tr valign="top" class="TableRowColor">
<td><a href="ptolemy/actor/lib/jjs/modules/httpServer/test/junit/6_JUnitTclTest.html">JUnitTclTest</a></td><td><a name="[3] /home/travis/build/icyphy/ptII/ptolemy/actor/lib/jjs/modules/httpServer/test/auto/WebServerTimeout.xml (RunModel)"></a><a href="ptolemy/actor/lib/jjs/modules/httpServer/test/junit/6_JUnitTclTest.html#[3] /home/travis/build/icyphy/ptII/ptolemy/actor/lib/jjs/modules/httpServer/test/auto/WebServerTimeout.xml (RunModel)">[3] /home/travis/build/icyphy/ptII/ptolemy/actor/lib/jjs/modules/httpServer/test/auto/WebServerTimeout.xml (RunModel)</a></td><td>Success</td><td></td><td>50.278</td>
</tr>
<tr valign="top" class="TableRowColor">
<td><a href="ptolemy/actor/lib/jjs/modules/mapManager/test/junit/7_JUnitTclTest.html">JUnitTclTest</a></td><td><a name="[0] ThereAreNoTclTests (RunTclFile)"></a><a href="ptolemy/actor/lib/jjs/modules/mapManager/test/junit/7_JUnitTclTest.html#[0] ThereAreNoTclTests (RunTclFile)">[0] ThereAreNoTclTests (RunTclFile)</a></td><td>Success</td><td></td><td>0.002</td>
</tr>
<tr valign="top" class="TableRowColor">
<td><a href="ptolemy/actor/lib/jjs/modules/mapManager/test/junit/7_JUnitTclTest.html">JUnitTclTest</a></td><td><a name="[0] ThereAreNoKnowFailedTests (RunModel)"></a><a href="ptolemy/actor/lib/jjs/modules/mapManager/test/junit/7_JUnitTclTest.html#[0] ThereAreNoKnowFailedTests (RunModel)">[0] ThereAreNoKnowFailedTests (RunModel)</a></td><td>Success</td><td></td><td>0.002</td>
</tr>
<tr valign="top" class="TableRowColor">
<td><a href="ptolemy/actor/lib/jjs/modules/mapManager/test/junit/7_JUnitTclTest.html">JUnitTclTest</a></td><td><a name="[0] ThereAreNoAutoTests (RunModel)"></a><a href="ptolemy/actor/lib/jjs/modules/mapManager/test/junit/7_JUnitTclTest.html#[0] ThereAreNoAutoTests (RunModel)">[0] ThereAreNoAutoTests (RunModel)</a></td><td>Success</td><td></td><td>0.003</td>
</tr>
<tr valign="top" class="TableRowColor">
<td><a href="ptolemy/actor/lib/jjs/modules/mapManager/test/junit/7_JUnitTclTest.html">JUnitTclTest</a></td><td><a name="[0] /home/travis/build/icyphy/ptII/ptolemy/actor/lib/jjs/modules/mapManager/test/auto/createEntity.xml (RunModel)"></a><a href="ptolemy/actor/lib/jjs/modules/mapManager/test/junit/7_JUnitTclTest.html#[0] /home/travis/build/icyphy/ptII/ptolemy/actor/lib/jjs/modules/mapManager/test/auto/createEntity.xml (RunModel)">[0] /home/travis/build/icyphy/ptII/ptolemy/actor/lib/jjs/modules/mapManager/test/auto/createEntity.xml (RunModel)</a></td><td>Success</td><td></td><td>11.831</td>
</tr>
<tr valign="top" class="TableRowColor">
<td><a href="ptolemy/actor/lib/jjs/modules/mapManager/test/junit/7_JUnitTclTest.html">JUnitTclTest</a></td><td><a name="[1] /home/travis/build/icyphy/ptII/ptolemy/actor/lib/jjs/modules/mapManager/test/auto/createEntityAliases.xml (RunModel)"></a><a href="ptolemy/actor/lib/jjs/modules/mapManager/test/junit/7_JUnitTclTest.html#[1] /home/travis/build/icyphy/ptII/ptolemy/actor/lib/jjs/modules/mapManager/test/auto/createEntityAliases.xml (RunModel)">[1] /home/travis/build/icyphy/ptII/ptolemy/actor/lib/jjs/modules/mapManager/test/auto/createEntityAliases.xml (RunModel)</a></td><td>Success</td><td></td><td>7.660</td>
</tr>
<tr valign="top" class="TableRowColor">
<td><a href="ptolemy/actor/lib/jjs/modules/mapManager/test/junit/7_JUnitTclTest.html">JUnitTclTest</a></td><td><a name="[2] /home/travis/build/icyphy/ptII/ptolemy/actor/lib/jjs/modules/mapManager/test/auto/createMap.xml (RunModel)"></a><a href="ptolemy/actor/lib/jjs/modules/mapManager/test/junit/7_JUnitTclTest.html#[2] /home/travis/build/icyphy/ptII/ptolemy/actor/lib/jjs/modules/mapManager/test/auto/createMap.xml (RunModel)">[2] /home/travis/build/icyphy/ptII/ptolemy/actor/lib/jjs/modules/mapManager/test/auto/createMap.xml (RunModel)</a></td><td>Success</td><td></td><td>7.399</td>
</tr>
<tr valign="top" class="TableRowColor">
<td><a href="ptolemy/actor/lib/jjs/modules/mapManager/test/junit/7_JUnitTclTest.html">JUnitTclTest</a></td><td><a name="[3] /home/travis/build/icyphy/ptII/ptolemy/actor/lib/jjs/modules/mapManager/test/auto/entityOccupancy.xml (RunModel)"></a><a href="ptolemy/actor/lib/jjs/modules/mapManager/test/junit/7_JUnitTclTest.html#[3] /home/travis/build/icyphy/ptII/ptolemy/actor/lib/jjs/modules/mapManager/test/auto/entityOccupancy.xml (RunModel)">[3] /home/travis/build/icyphy/ptII/ptolemy/actor/lib/jjs/modules/mapManager/test/auto/entityOccupancy.xml (RunModel)</a></td><td>Success</td><td></td><td>7.286</td>
</tr>
<tr valign="top" class="TableRowColor">
<td><a href="ptolemy/actor/lib/jjs/modules/mapManager/test/junit/7_JUnitTclTest.html">JUnitTclTest</a></td><td><a name="[4] /home/travis/build/icyphy/ptII/ptolemy/actor/lib/jjs/modules/mapManager/test/auto/entityPlacement.xml (RunModel)"></a><a href="ptolemy/actor/lib/jjs/modules/mapManager/test/junit/7_JUnitTclTest.html#[4] /home/travis/build/icyphy/ptII/ptolemy/actor/lib/jjs/modules/mapManager/test/auto/entityPlacement.xml (RunModel)">[4] /home/travis/build/icyphy/ptII/ptolemy/actor/lib/jjs/modules/mapManager/test/auto/entityPlacement.xml (RunModel)</a></td><td>Success</td><td></td><td>6.985</td>
</tr>
<tr valign="top" class="TableRowColor">
<td><a href="ptolemy/actor/lib/jjs/modules/mqtt/test/junit/8_JUnitTclTest.html">JUnitTclTest</a></td><td><a name="[0] ThereAreNoTclTests (RunTclFile)"></a><a href="ptolemy/actor/lib/jjs/modules/mqtt/test/junit/8_JUnitTclTest.html#[0] ThereAreNoTclTests (RunTclFile)">[0] ThereAreNoTclTests (RunTclFile)</a></td><td>Success</td><td></td><td>0.001</td>
</tr>
<tr valign="top" class="TableRowColor">
<td><a href="ptolemy/actor/lib/jjs/modules/mqtt/test/junit/8_JUnitTclTest.html">JUnitTclTest</a></td><td><a name="[0] ThereAreNoKnowFailedTests (RunModel)"></a><a href="ptolemy/actor/lib/jjs/modules/mqtt/test/junit/8_JUnitTclTest.html#[0] ThereAreNoKnowFailedTests (RunModel)">[0] ThereAreNoKnowFailedTests (RunModel)</a></td><td>Success</td><td></td><td>0.001</td>
</tr>
<tr valign="top" class="TableRowColor">
<td><a href="ptolemy/actor/lib/jjs/modules/mqtt/test/junit/8_JUnitTclTest.html">JUnitTclTest</a></td><td><a name="[0] ThereAreNoAutoTests (RunModel)"></a><a href="ptolemy/actor/lib/jjs/modules/mqtt/test/junit/8_JUnitTclTest.html#[0] ThereAreNoAutoTests (RunModel)">[0] ThereAreNoAutoTests (RunModel)</a></td><td>Success</td><td></td><td>0.001</td>
</tr>
<tr valign="top" class="TableRowColor">
<td><a href="ptolemy/actor/lib/jjs/modules/mqtt/test/junit/8_JUnitTclTest.html">JUnitTclTest</a></td><td><a name="[0] /home/travis/build/icyphy/ptII/ptolemy/actor/lib/jjs/modules/mqtt/test/auto/MQTTPubSub.xml (RunModel)"></a><a href="ptolemy/actor/lib/jjs/modules/mqtt/test/junit/8_JUnitTclTest.html#[0] /home/travis/build/icyphy/ptII/ptolemy/actor/lib/jjs/modules/mqtt/test/auto/MQTTPubSub.xml (RunModel)">[0] /home/travis/build/icyphy/ptII/ptolemy/actor/lib/jjs/modules/mqtt/test/auto/MQTTPubSub.xml (RunModel)</a></td><td>Success</td><td></td><td>43.380</td>
</tr>
<tr valign="top" class="TableRowColor">
<td><a href="ptolemy/actor/lib/jjs/modules/objectAssign/test/junit/9_JUnitTclTest.html">JUnitTclTest</a></td><td><a name="[0] ThereAreNoTclTests (RunTclFile)"></a><a href="ptolemy/actor/lib/jjs/modules/objectAssign/test/junit/9_JUnitTclTest.html#[0] ThereAreNoTclTests (RunTclFile)">[0] ThereAreNoTclTests (RunTclFile)</a></td><td>Success</td><td></td><td>0.001</td>
</tr>
<tr valign="top" class="TableRowColor">
<td><a href="ptolemy/actor/lib/jjs/modules/objectAssign/test/junit/9_JUnitTclTest.html">JUnitTclTest</a></td><td><a name="[0] ThereAreNoKnowFailedTests (RunModel)"></a><a href="ptolemy/actor/lib/jjs/modules/objectAssign/test/junit/9_JUnitTclTest.html#[0] ThereAreNoKnowFailedTests (RunModel)">[0] ThereAreNoKnowFailedTests (RunModel)</a></td><td>Success</td><td></td><td>0.001</td>
</tr>
<tr valign="top" class="TableRowColor">
<td><a href="ptolemy/actor/lib/jjs/modules/objectAssign/test/junit/9_JUnitTclTest.html">JUnitTclTest</a></td><td><a name="[0] ThereAreNoAutoTests (RunModel)"></a><a href="ptolemy/actor/lib/jjs/modules/objectAssign/test/junit/9_JUnitTclTest.html#[0] ThereAreNoAutoTests (RunModel)">[0] ThereAreNoAutoTests (RunModel)</a></td><td>Success</td><td></td><td>0.000</td>
</tr>
<tr valign="top" class="TableRowColor">
<td><a href="ptolemy/actor/lib/jjs/modules/objectAssign/test/junit/9_JUnitTclTest.html">JUnitTclTest</a></td><td><a name="[0] ThereAreNoAutoTests (RunModel)"></a><a href="ptolemy/actor/lib/jjs/modules/objectAssign/test/junit/9_JUnitTclTest.html#[0] ThereAreNoAutoTests (RunModel)">[0] ThereAreNoAutoTests (RunModel)</a></td><td>Success</td><td></td><td>0.005</td>
</tr>
<tr valign="top" class="TableRowColor">
<td><a href="ptolemy/actor/lib/jjs/modules/os/test/junit/10_JUnitTclTest.html">JUnitTclTest</a></td><td><a name="[0] ThereAreNoTclTests (RunTclFile)"></a><a href="ptolemy/actor/lib/jjs/modules/os/test/junit/10_JUnitTclTest.html#[0] ThereAreNoTclTests (RunTclFile)">[0] ThereAreNoTclTests (RunTclFile)</a></td><td>Success</td><td></td><td>0.001</td>
</tr>
<tr valign="top" class="TableRowColor">
<td><a href="ptolemy/actor/lib/jjs/modules/os/test/junit/10_JUnitTclTest.html">JUnitTclTest</a></td><td><a name="[0] ThereAreNoKnowFailedTests (RunModel)"></a><a href="ptolemy/actor/lib/jjs/modules/os/test/junit/10_JUnitTclTest.html#[0] ThereAreNoKnowFailedTests (RunModel)">[0] ThereAreNoKnowFailedTests (RunModel)</a></td><td>Success</td><td></td><td>0.001</td>
</tr>
<tr valign="top" class="TableRowColor">
<td><a href="ptolemy/actor/lib/jjs/modules/os/test/junit/10_JUnitTclTest.html">JUnitTclTest</a></td><td><a name="[0] ThereAreNoAutoTests (RunModel)"></a><a href="ptolemy/actor/lib/jjs/modules/os/test/junit/10_JUnitTclTest.html#[0] ThereAreNoAutoTests (RunModel)">[0] ThereAreNoAutoTests (RunModel)</a></td><td>Success</td><td></td><td>0.000</td>
</tr>
<tr valign="top" class="TableRowColor">
<td><a href="ptolemy/actor/lib/jjs/modules/os/test/junit/10_JUnitTclTest.html">JUnitTclTest</a></td><td><a name="[0] ThereAreNoAutoTests (RunModel)"></a><a href="ptolemy/actor/lib/jjs/modules/os/test/junit/10_JUnitTclTest.html#[0] ThereAreNoAutoTests (RunModel)">[0] ThereAreNoAutoTests (RunModel)</a></td><td>Success</td><td></td><td>0.004</td>
</tr>
<tr valign="top" class="TableRowColor">
<td><a href="ptolemy/actor/lib/jjs/modules/process/test/junit/11_JUnitTclTest.html">JUnitTclTest</a></td><td><a name="[0] ThereAreNoTclTests (RunTclFile)"></a><a href="ptolemy/actor/lib/jjs/modules/process/test/junit/11_JUnitTclTest.html#[0] ThereAreNoTclTests (RunTclFile)">[0] ThereAreNoTclTests (RunTclFile)</a></td><td>Success</td><td></td><td>0.001</td>
</tr>
<tr valign="top" class="TableRowColor">
<td><a href="ptolemy/actor/lib/jjs/modules/process/test/junit/11_JUnitTclTest.html">JUnitTclTest</a></td><td><a name="[0] ThereAreNoKnowFailedTests (RunModel)"></a><a href="ptolemy/actor/lib/jjs/modules/process/test/junit/11_JUnitTclTest.html#[0] ThereAreNoKnowFailedTests (RunModel)">[0] ThereAreNoKnowFailedTests (RunModel)</a></td><td>Success</td><td></td><td>0.001</td>
</tr>
<tr valign="top" class="TableRowColor">
<td><a href="ptolemy/actor/lib/jjs/modules/process/test/junit/11_JUnitTclTest.html">JUnitTclTest</a></td><td><a name="[0] ThereAreNoAutoTests (RunModel)"></a><a href="ptolemy/actor/lib/jjs/modules/process/test/junit/11_JUnitTclTest.html#[0] ThereAreNoAutoTests (RunModel)">[0] ThereAreNoAutoTests (RunModel)</a></td><td>Success</td><td></td><td>0.001</td>
</tr>
<tr valign="top" class="TableRowColor">
<td><a href="ptolemy/actor/lib/jjs/modules/process/test/junit/11_JUnitTclTest.html">JUnitTclTest</a></td><td><a name="[0] ThereAreNoAutoTests (RunModel)"></a><a href="ptolemy/actor/lib/jjs/modules/process/test/junit/11_JUnitTclTest.html#[0] ThereAreNoAutoTests (RunModel)">[0] ThereAreNoAutoTests (RunModel)</a></td><td>Success</td><td></td><td>0.006</td>
</tr>
<tr valign="top" class="TableRowColor">
<td><a href="ptolemy/actor/lib/jjs/modules/serial/test/junit/12_JUnitTclTest.html">JUnitTclTest</a></td><td><a name="[0] ThereAreNoTclTests (RunTclFile)"></a><a href="ptolemy/actor/lib/jjs/modules/serial/test/junit/12_JUnitTclTest.html#[0] ThereAreNoTclTests (RunTclFile)">[0] ThereAreNoTclTests (RunTclFile)</a></td><td>Success</td><td></td><td>0.001</td>
</tr>
<tr valign="top" class="TableRowColor">
<td><a href="ptolemy/actor/lib/jjs/modules/serial/test/junit/12_JUnitTclTest.html">JUnitTclTest</a></td><td><a name="[0] /home/travis/build/icyphy/ptII/ptolemy/actor/lib/jjs/modules/serial/test/auto/knownFailedTests/SerialHelloWorld.xml (RunModel)"></a><a href="ptolemy/actor/lib/jjs/modules/serial/test/junit/12_JUnitTclTest.html#[0] /home/travis/build/icyphy/ptII/ptolemy/actor/lib/jjs/modules/serial/test/auto/knownFailedTests/SerialHelloWorld.xml (RunModel)">[0] /home/travis/build/icyphy/ptII/ptolemy/actor/lib/jjs/modules/serial/test/auto/knownFailedTests/SerialHelloWorld.xml (RunModel)</a></td><td>Success</td><td></td><td>7.137</td>
</tr>
<tr valign="top" class="TableRowColor">
<td><a href="ptolemy/actor/lib/jjs/modules/serial/test/junit/12_JUnitTclTest.html">JUnitTclTest</a></td><td><a name="[0] ThereAreNoAutoTests (RunModel)"></a><a href="ptolemy/actor/lib/jjs/modules/serial/test/junit/12_JUnitTclTest.html#[0] ThereAreNoAutoTests (RunModel)">[0] ThereAreNoAutoTests (RunModel)</a></td><td>Success</td><td></td><td>0.003</td>
</tr>
<tr valign="top" class="TableRowColor">
<td><a href="ptolemy/actor/lib/jjs/modules/serial/test/junit/12_JUnitTclTest.html">JUnitTclTest</a></td><td><a name="[0] /home/travis/build/icyphy/ptII/ptolemy/actor/lib/jjs/modules/serial/test/auto/SerialLoopbackIntToString.xml (RunModel)"></a><a href="ptolemy/actor/lib/jjs/modules/serial/test/junit/12_JUnitTclTest.html#[0] /home/travis/build/icyphy/ptII/ptolemy/actor/lib/jjs/modules/serial/test/auto/SerialLoopbackIntToString.xml (RunModel)">[0] /home/travis/build/icyphy/ptII/ptolemy/actor/lib/jjs/modules/serial/test/auto/SerialLoopbackIntToString.xml (RunModel)</a></td><td>Success</td><td></td><td>42.878</td>
</tr>
<tr valign="top" class="TableRowColor">
<td><a href="ptolemy/actor/lib/jjs/modules/serial/test/junit/12_JUnitTclTest.html">JUnitTclTest</a></td><td><a name="[1] /home/travis/build/icyphy/ptII/ptolemy/actor/lib/jjs/modules/serial/test/auto/SerialLoopbackInvalid.xml (RunModel)"></a><a href="ptolemy/actor/lib/jjs/modules/serial/test/junit/12_JUnitTclTest.html#[1] /home/travis/build/icyphy/ptII/ptolemy/actor/lib/jjs/modules/serial/test/auto/SerialLoopbackInvalid.xml (RunModel)">[1] /home/travis/build/icyphy/ptII/ptolemy/actor/lib/jjs/modules/serial/test/auto/SerialLoopbackInvalid.xml (RunModel)</a></td><td>Success</td><td></td><td>37.036</td>
</tr>
<tr valign="top" class="TableRowColor">
<td><a href="ptolemy/actor/lib/jjs/modules/serial/test/junit/12_JUnitTclTest.html">JUnitTclTest</a></td><td><a name="[2] /home/travis/build/icyphy/ptII/ptolemy/actor/lib/jjs/modules/serial/test/auto/SerialLoopbackJSON.xml (RunModel)"></a><a href="ptolemy/actor/lib/jjs/modules/serial/test/junit/12_JUnitTclTest.html#[2] /home/travis/build/icyphy/ptII/ptolemy/actor/lib/jjs/modules/serial/test/auto/SerialLoopbackJSON.xml (RunModel)">[2] /home/travis/build/icyphy/ptII/ptolemy/actor/lib/jjs/modules/serial/test/auto/SerialLoopbackJSON.xml (RunModel)</a></td><td>Success</td><td></td><td>37.712</td>
</tr>
<tr valign="top" class="TableRowColor">
<td><a href="ptolemy/actor/lib/jjs/modules/serial/test/junit/12_JUnitTclTest.html">JUnitTclTest</a></td><td><a name="[3] /home/travis/build/icyphy/ptII/ptolemy/actor/lib/jjs/modules/serial/test/auto/SerialLoopbackNumber.xml (RunModel)"></a><a href="ptolemy/actor/lib/jjs/modules/serial/test/junit/12_JUnitTclTest.html#[3] /home/travis/build/icyphy/ptII/ptolemy/actor/lib/jjs/modules/serial/test/auto/SerialLoopbackNumber.xml (RunModel)">[3] /home/travis/build/icyphy/ptII/ptolemy/actor/lib/jjs/modules/serial/test/auto/SerialLoopbackNumber.xml (RunModel)</a></td><td>Success</td><td></td><td>37.786</td>
</tr>
<tr valign="top" class="Error">
<td><a href="ptolemy/actor/lib/jjs/modules/serial/test/junit/12_JUnitTclTest.html">JUnitTclTest</a></td><td><a name="[4] /home/travis/build/icyphy/ptII/ptolemy/actor/lib/jjs/modules/serial/test/auto/SerialLoopbackShort.xml (RunModel)"></a><a href="ptolemy/actor/lib/jjs/modules/serial/test/junit/12_JUnitTclTest.html#[4] /home/travis/build/icyphy/ptII/ptolemy/actor/lib/jjs/modules/serial/test/auto/SerialLoopbackShort.xml (RunModel)">[4] /home/travis/build/icyphy/ptII/ptolemy/actor/lib/jjs/modules/serial/test/auto/SerialLoopbackShort.xml (RunModel)</a></td><td>Error</td><td>N/A<br>
<br>
<code>java.lang.reflect.InvocationTargetException<br>	at ptolemy.util.test.junit.AutoTests.RunModel(AutoTests.java:195)<br>	at junitparams.internal.InvokeParameterisedMethod.evaluate(InvokeParameterisedMethod.java:102)<br>Caused by: ptolemy.kernel.util.IllegalActionException: Failure executing the react function: Error: commonHost.js, react(), invoking a specific handler for "input": Exception occurred in input handler for accessor TrainableTest, which has now has been removed.  Exception was: Error: TrainableTest: After seeing 0 tokens, the input "32767" is not within "1e-9" of the expected value "32766" Stacktrace was: Error: TrainableTest: After seeing 0 tokens, the input "32767" is not within "1e-9" of the expected value "32766"<br>	at &lt;anonymous&gt; (&lt;function&gt;:267)<br>	at invokeSpecificHandler (/home/travis/build/icyphy/ptII/ptolemy/actor/lib/jjs/external/require.js#401:30&lt;eval&gt;:1664)<br>	at react (/home/travis/build/icyphy/ptII/ptolemy/actor/lib/jjs/external/require.js#401:30&lt;eval&gt;:1728) in /home/travis/build/icyphy/ptII/ptolemy/actor/lib/jjs/external/require.js#401:30&lt;eval&gt; at line number 1695 at column number 24<br>  in .SerialLoopbackShort.TrainableTest<br>Because:<br>Error: commonHost.js, react(), invoking a specific handler for "input": Exception occurred in input handler for accessor TrainableTest, which has now has been removed.  Exception was: Error: TrainableTest: After seeing 0 tokens, the input "32767" is not within "1e-9" of the expected value "32766" Stacktrace was: Error: TrainableTest: After seeing 0 tokens, the input "32767" is not within "1e-9" of the expected value "32766"<br>	at &lt;anonymous&gt; (&lt;function&gt;:267)<br>	at invokeSpecificHandler (/home/travis/build/icyphy/ptII/ptolemy/actor/lib/jjs/external/require.js#401:30&lt;eval&gt;:1664)<br>	at react (/home/travis/build/icyphy/ptII/ptolemy/actor/lib/jjs/external/require.js#401:30&lt;eval&gt;:1728) in /home/travis/build/icyphy/ptII/ptolemy/actor/lib/jjs/external/require.js#401:30&lt;eval&gt; at line number 1695 at column number 24<br>	at ptolemy.actor.lib.jjs.JavaScript._invokeMethodInContext(JavaScript.java:2216)<br>	at ptolemy.actor.lib.jjs.JavaScript.fire(JavaScript.java:1102)<br>	at ptolemy.domains.de.kernel.DEDirector._fire(DEDirector.java:1948)<br>	at ptolemy.domains.de.kernel.DEDirector.fire(DEDirector.java:502)<br>	at ptolemy.actor.CompositeActor.fire(CompositeActor.java:455)<br>	at ptolemy.actor.Manager.iterate(Manager.java:851)<br>	at ptolemy.actor.Manager.execute(Manager.java:369)<br>	at ptolemy.moml.MoMLSimpleApplication.rerun(MoMLSimpleApplication.java:339)<br>Caused by: javax.script.ScriptException: Error: commonHost.js, react(), invoking a specific handler for "input": Exception occurred in input handler for accessor TrainableTest, which has now has been removed.  Exception was: Error: TrainableTest: After seeing 0 tokens, the input "32767" is not within "1e-9" of the expected value "32766" Stacktrace was: Error: TrainableTest: After seeing 0 tokens, the input "32767" is not within "1e-9" of the expected value "32766"<br>	at &lt;anonymous&gt; (&lt;function&gt;:267)<br>	at invokeSpecificHandler (/home/travis/build/icyphy/ptII/ptolemy/actor/lib/jjs/external/require.js#401:30&lt;eval&gt;:1664)<br>	at react (/home/travis/build/icyphy/ptII/ptolemy/actor/lib/jjs/external/require.js#401:30&lt;eval&gt;:1728) in /home/travis/build/icyphy/ptII/ptolemy/actor/lib/jjs/external/require.js#401:30&lt;eval&gt; at line number 1695 at column number 24<br>	at jdk.nashorn.api.scripting.NashornScriptEngine.throwAsScriptException(NashornScriptEngine.java:470)<br>	at jdk.nashorn.api.scripting.NashornScriptEngine.invokeImpl(NashornScriptEngine.java:392)<br>	at jdk.nashorn.api.scripting.NashornScriptEngine.invokeMethod(NashornScriptEngine.java:199)<br>	at ptolemy.actor.lib.jjs.JavaScript._invokeMethodInContext(JavaScript.java:2193)<br>Caused by: /home/travis/build/icyphy/ptII/ptolemy/actor/lib/jjs/external/require.js#401:30&lt;eval&gt;:1695:24 Error: commonHost.js, react(), invoking a specific handler for "input": Exception occurred in input handler for accessor TrainableTest, which has now has been removed.  Exception was: Error: TrainableTest: After seeing 0 tokens, the input "32767" is not within "1e-9" of the expected value "32766" Stacktrace was: Error: TrainableTest: After seeing 0 tokens, the input "32767" is not within "1e-9" of the expected value "32766"<br>	at &lt;anonymous&gt; (&lt;function&gt;:267)<br>	at invokeSpecificHandler (/home/travis/build/icyphy/ptII/ptolemy/actor/lib/jjs/external/require.js#401:30&lt;eval&gt;:1664)<br>	at react (/home/travis/build/icyphy/ptII/ptolemy/actor/lib/jjs/external/require.js#401:30&lt;eval&gt;:1728)<br>	at jdk.nashorn.internal.objects.NativeError.initException(NativeError.java:137)<br>	at jdk.nashorn.internal.objects.NativeError.&lt;init&gt;(NativeError.java:102)<br>	at jdk.nashorn.internal.objects.NativeError.&lt;init&gt;(NativeError.java:106)<br>	at jdk.nashorn.internal.objects.NativeError.&lt;init&gt;(NativeError.java:110)<br>	at jdk.nashorn.internal.objects.NativeError.constructor(NativeError.java:129)<br>	at jdk.nashorn.internal.scripts.Script$Recompilation$24832$74558A$require.L:1#react#invokeSpecificHandler(/home/travis/build/icyphy/ptII/ptolemy/actor/lib/jjs/external/require.js#401:30&lt;eval&gt;:1695)<br>	at jdk.nashorn.internal.scripts.Script$Recompilation$24831$73967A$require.L:1#react(/home/travis/build/icyphy/ptII/ptolemy/actor/lib/jjs/external/require.js#401:30&lt;eval&gt;:1728)<br>	at jdk.nashorn.internal.runtime.ScriptFunctionData.invoke(ScriptFunctionData.java:639)<br>	at jdk.nashorn.internal.runtime.ScriptFunction.invoke(ScriptFunction.java:494)<br>	at jdk.nashorn.internal.runtime.ScriptRuntime.apply(ScriptRuntime.java:393)<br>	at jdk.nashorn.api.scripting.ScriptObjectMirror.callMember(ScriptObjectMirror.java:199)<br>	at jdk.nashorn.api.scripting.NashornScriptEngine.invokeImpl(NashornScriptEngine.java:386)<br>
</code></td><td>31.770</td>
</tr>
<tr valign="top" class="TableRowColor">
<td><a href="ptolemy/actor/lib/jjs/modules/serial/test/junit/12_JUnitTclTest.html">JUnitTclTest</a></td><td><a name="[5] /home/travis/build/icyphy/ptII/ptolemy/actor/lib/jjs/modules/serial/test/auto/SerialLoopbackString.xml (RunModel)"></a><a href="ptolemy/actor/lib/jjs/modules/serial/test/junit/12_JUnitTclTest.html#[5] /home/travis/build/icyphy/ptII/ptolemy/actor/lib/jjs/modules/serial/test/auto/SerialLoopbackString.xml (RunModel)">[5] /home/travis/build/icyphy/ptII/ptolemy/actor/lib/jjs/modules/serial/test/auto/SerialLoopbackString.xml (RunModel)</a></td><td>Success</td><td></td><td>36.696</td>
</tr>
<tr valign="top" class="TableRowColor">
<td><a href="ptolemy/actor/lib/jjs/modules/serial/test/junit/12_JUnitTclTest.html">JUnitTclTest</a></td><td><a name="[6] /home/travis/build/icyphy/ptII/ptolemy/actor/lib/jjs/modules/serial/test/auto/SerialLoopbackUnsignedByte.xml (RunModel)"></a><a href="ptolemy/actor/lib/jjs/modules/serial/test/junit/12_JUnitTclTest.html#[6] /home/travis/build/icyphy/ptII/ptolemy/actor/lib/jjs/modules/serial/test/auto/SerialLoopbackUnsignedByte.xml (RunModel)">[6] /home/travis/build/icyphy/ptII/ptolemy/actor/lib/jjs/modules/serial/test/auto/SerialLoopbackUnsignedByte.xml (RunModel)</a></td><td>Success</td><td></td><td>36.601</td>
</tr>
<tr valign="top" class="TableRowColor">
<td><a href="ptolemy/actor/lib/jjs/modules/shell/test/junit/13_JUnitTclTest.html">JUnitTclTest</a></td><td><a name="[0] ThereAreNoTclTests (RunTclFile)"></a><a href="ptolemy/actor/lib/jjs/modules/shell/test/junit/13_JUnitTclTest.html#[0] ThereAreNoTclTests (RunTclFile)">[0] ThereAreNoTclTests (RunTclFile)</a></td><td>Success</td><td></td><td>0.002</td>
</tr>
<tr valign="top" class="TableRowColor">
<td><a href="ptolemy/actor/lib/jjs/modules/shell/test/junit/13_JUnitTclTest.html">JUnitTclTest</a></td><td><a name="[0] ThereAreNoKnowFailedTests (RunModel)"></a><a href="ptolemy/actor/lib/jjs/modules/shell/test/junit/13_JUnitTclTest.html#[0] ThereAreNoKnowFailedTests (RunModel)">[0] ThereAreNoKnowFailedTests (RunModel)</a></td><td>Success</td><td></td><td>0.001</td>
</tr>
<tr valign="top" class="TableRowColor">
<td><a href="ptolemy/actor/lib/jjs/modules/shell/test/junit/13_JUnitTclTest.html">JUnitTclTest</a></td><td><a name="[0] ThereAreNoAutoTests (RunModel)"></a><a href="ptolemy/actor/lib/jjs/modules/shell/test/junit/13_JUnitTclTest.html#[0] ThereAreNoAutoTests (RunModel)">[0] ThereAreNoAutoTests (RunModel)</a></td><td>Success</td><td></td><td>0.002</td>
</tr>
<tr valign="top" class="TableRowColor">
<td><a href="ptolemy/actor/lib/jjs/modules/shell/test/junit/13_JUnitTclTest.html">JUnitTclTest</a></td><td><a name="[0] /home/travis/build/icyphy/ptII/ptolemy/actor/lib/jjs/modules/shell/test/auto/PassthroughTest.xml (RunModel)"></a><a href="ptolemy/actor/lib/jjs/modules/shell/test/junit/13_JUnitTclTest.html#[0] /home/travis/build/icyphy/ptII/ptolemy/actor/lib/jjs/modules/shell/test/auto/PassthroughTest.xml (RunModel)">[0] /home/travis/build/icyphy/ptII/ptolemy/actor/lib/jjs/modules/shell/test/auto/PassthroughTest.xml (RunModel)</a></td><td>Success</td><td></td><td>19.630</td>
</tr>
<tr valign="top" class="TableRowColor">
<td><a href="ptolemy/actor/lib/jjs/modules/socket/test/junit/14_JUnitTclTest.html">JUnitTclTest</a></td><td><a name="[0] ThereAreNoTclTests (RunTclFile)"></a><a href="ptolemy/actor/lib/jjs/modules/socket/test/junit/14_JUnitTclTest.html#[0] ThereAreNoTclTests (RunTclFile)">[0] ThereAreNoTclTests (RunTclFile)</a></td><td>Success</td><td></td><td>0.001</td>
</tr>
<tr valign="top" class="TableRowColor">
<td><a href="ptolemy/actor/lib/jjs/modules/socket/test/junit/14_JUnitTclTest.html">JUnitTclTest</a></td><td><a name="[0] /home/travis/build/icyphy/ptII/ptolemy/actor/lib/jjs/modules/socket/test/auto/knownFailedTests/SocketLong.xml (RunModel)"></a><a href="ptolemy/actor/lib/jjs/modules/socket/test/junit/14_JUnitTclTest.html#[0] /home/travis/build/icyphy/ptII/ptolemy/actor/lib/jjs/modules/socket/test/auto/knownFailedTests/SocketLong.xml (RunModel)">[0] /home/travis/build/icyphy/ptII/ptolemy/actor/lib/jjs/modules/socket/test/auto/knownFailedTests/SocketLong.xml (RunModel)</a></td><td>Success</td><td></td><td>12.372</td>
</tr>
<tr valign="top" class="TableRowColor">
<td><a href="ptolemy/actor/lib/jjs/modules/socket/test/junit/14_JUnitTclTest.html">JUnitTclTest</a></td><td><a name="[1] /home/travis/build/icyphy/ptII/ptolemy/actor/lib/jjs/modules/socket/test/auto/knownFailedTests/SocketUnsignedInt.xml (RunModel)"></a><a href="ptolemy/actor/lib/jjs/modules/socket/test/junit/14_JUnitTclTest.html#[1] /home/travis/build/icyphy/ptII/ptolemy/actor/lib/jjs/modules/socket/test/auto/knownFailedTests/SocketUnsignedInt.xml (RunModel)">[1] /home/travis/build/icyphy/ptII/ptolemy/actor/lib/jjs/modules/socket/test/auto/knownFailedTests/SocketUnsignedInt.xml (RunModel)</a></td><td>Success</td><td></td><td>7.289</td>
</tr>
<tr valign="top" class="TableRowColor">
<td><a href="ptolemy/actor/lib/jjs/modules/socket/test/junit/14_JUnitTclTest.html">JUnitTclTest</a></td><td><a name="[0] ThereAreNoAutoTests (RunModel)"></a><a href="ptolemy/actor/lib/jjs/modules/socket/test/junit/14_JUnitTclTest.html#[0] ThereAreNoAutoTests (RunModel)">[0] ThereAreNoAutoTests (RunModel)</a></td><td>Success</td><td></td><td>0.000</td>
</tr>
<tr valign="top" class="TableRowColor">
<td><a href="ptolemy/actor/lib/jjs/modules/socket/test/junit/14_JUnitTclTest.html">JUnitTclTest</a></td><td><a name="[0] /home/travis/build/icyphy/ptII/ptolemy/actor/lib/jjs/modules/socket/test/auto/Message1.xml (RunModel)"></a><a href="ptolemy/actor/lib/jjs/modules/socket/test/junit/14_JUnitTclTest.html#[0] /home/travis/build/icyphy/ptII/ptolemy/actor/lib/jjs/modules/socket/test/auto/Message1.xml (RunModel)">[0] /home/travis/build/icyphy/ptII/ptolemy/actor/lib/jjs/modules/socket/test/auto/Message1.xml (RunModel)</a></td><td>Success</td><td></td><td>10.504</td>
</tr>
<tr valign="top" class="TableRowColor">
<td><a href="ptolemy/actor/lib/jjs/modules/socket/test/junit/14_JUnitTclTest.html">JUnitTclTest</a></td><td><a name="[1] /home/travis/build/icyphy/ptII/ptolemy/actor/lib/jjs/modules/socket/test/auto/Message2.xml (RunModel)"></a><a href="ptolemy/actor/lib/jjs/modules/socket/test/junit/14_JUnitTclTest.html#[1] /home/travis/build/icyphy/ptII/ptolemy/actor/lib/jjs/modules/socket/test/auto/Message2.xml (RunModel)">[1] /home/travis/build/icyphy/ptII/ptolemy/actor/lib/jjs/modules/socket/test/auto/Message2.xml (RunModel)</a></td><td>Success</td><td></td><td>64.253</td>
</tr>
<tr valign="top" class="TableRowColor">
<td><a href="ptolemy/actor/lib/jjs/modules/socket/test/junit/14_JUnitTclTest.html">JUnitTclTest</a></td><td><a name="[2] /home/travis/build/icyphy/ptII/ptolemy/actor/lib/jjs/modules/socket/test/auto/Message3.xml (RunModel)"></a><a href="ptolemy/actor/lib/jjs/modules/socket/test/junit/14_JUnitTclTest.html#[2] /home/travis/build/icyphy/ptII/ptolemy/actor/lib/jjs/modules/socket/test/auto/Message3.xml (RunModel)">[2] /home/travis/build/icyphy/ptII/ptolemy/actor/lib/jjs/modules/socket/test/auto/Message3.xml (RunModel)</a></td><td>Success</td><td></td><td>25.090</td>
</tr>
<tr valign="top" class="TableRowColor">
<td><a href="ptolemy/actor/lib/jjs/modules/socket/test/junit/14_JUnitTclTest.html">JUnitTclTest</a></td><td><a name="[3] /home/travis/build/icyphy/ptII/ptolemy/actor/lib/jjs/modules/socket/test/auto/Message4.xml (RunModel)"></a><a href="ptolemy/actor/lib/jjs/modules/socket/test/junit/14_JUnitTclTest.html#[3] /home/travis/build/icyphy/ptII/ptolemy/actor/lib/jjs/modules/socket/test/auto/Message4.xml (RunModel)">[3] /home/travis/build/icyphy/ptII/ptolemy/actor/lib/jjs/modules/socket/test/auto/Message4.xml (RunModel)</a></td><td>Success</td><td></td><td>25.305</td>
</tr>
<tr valign="top" class="TableRowColor">
<td><a href="ptolemy/actor/lib/jjs/modules/socket/test/junit/14_JUnitTclTest.html">JUnitTclTest</a></td><td><a name="[4] /home/travis/build/icyphy/ptII/ptolemy/actor/lib/jjs/modules/socket/test/auto/Socket1.xml (RunModel)"></a><a href="ptolemy/actor/lib/jjs/modules/socket/test/junit/14_JUnitTclTest.html#[4] /home/travis/build/icyphy/ptII/ptolemy/actor/lib/jjs/modules/socket/test/auto/Socket1.xml (RunModel)">[4] /home/travis/build/icyphy/ptII/ptolemy/actor/lib/jjs/modules/socket/test/auto/Socket1.xml (RunModel)</a></td><td>Success</td><td></td><td>16.034</td>
</tr>
<tr valign="top" class="Error">
<td><a href="ptolemy/actor/lib/jjs/modules/socket/test/junit/14_JUnitTclTest.html">JUnitTclTest</a></td><td><a name="[5] /home/travis/build/icyphy/ptII/ptolemy/actor/lib/jjs/modules/socket/test/auto/Socket2.xml (RunModel)"></a><a href="ptolemy/actor/lib/jjs/modules/socket/test/junit/14_JUnitTclTest.html#[5] /home/travis/build/icyphy/ptII/ptolemy/actor/lib/jjs/modules/socket/test/auto/Socket2.xml (RunModel)">[5] /home/travis/build/icyphy/ptII/ptolemy/actor/lib/jjs/modules/socket/test/auto/Socket2.xml (RunModel)</a></td><td>Error</td><td>N/A<br>
<br>
<code>java.lang.reflect.InvocationTargetException<br>	at java.lang.reflect.Constructor.newInstance(Constructor.java:423)<br>	at ptolemy.util.test.junit.AutoTests.RunModel(AutoTests.java:160)<br>	at junitparams.internal.InvokeParameterisedMethod.evaluate(InvokeParameterisedMethod.java:102)<br>Caused by: ptolemy.kernel.util.IllegalActionException: Exceptions occurred during wrapup:<br>ptolemy.kernel.util.IllegalActionException: The test produced only 1 tokens, yet the correctValues parameter was expecting 2 tokens.<br>  in .Socket2.Test2<br>ptolemy.kernel.util.IllegalActionException: The fire() method of this actor was never called. Usually, this is an error indicating that starvation is occurring.<br>  in .Socket2.Test3<br>
<br>  in .Socket2.DE Director<br>Because:<br>The test produced only 1 tokens, yet the correctValues parameter was expecting 2 tokens.<br>  in .Socket2.Test2<br>	at ptolemy.actor.Director.wrapup(Director.java:1736)<br>	at ptolemy.domains.de.kernel.DEDirector.wrapup(DEDirector.java:1526)<br>	at ptolemy.actor.CompositeActor.wrapup(CompositeActor.java:2735)<br>	at ptolemy.actor.Manager.wrapup(Manager.java:1512)<br>	at ptolemy.actor.Manager.execute(Manager.java:407)<br>	at ptolemy.actor.Manager.run(Manager.java:1263)<br>	at ptolemy.actor.Manager$PtolemyRunThread.run(Manager.java:1915)<br>Caused by: ptolemy.kernel.util.IllegalActionException: The test produced only 1 tokens, yet the correctValues parameter was expecting 2 tokens.<br>  in .Socket2.Test2<br>	at ptolemy.actor.lib.NonStrictTest.wrapup(NonStrictTest.java:409)<br>	at ptolemy.actor.Director.wrapup(Director.java:1722)<br>
</code></td><td>11.156</td>
</tr>
<tr valign="top" class="Error">
<td><a href="ptolemy/actor/lib/jjs/modules/socket/test/junit/14_JUnitTclTest.html">JUnitTclTest</a></td><td><a name="[6] /home/travis/build/icyphy/ptII/ptolemy/actor/lib/jjs/modules/socket/test/auto/Socket3.xml (RunModel)"></a><a href="ptolemy/actor/lib/jjs/modules/socket/test/junit/14_JUnitTclTest.html#[6] /home/travis/build/icyphy/ptII/ptolemy/actor/lib/jjs/modules/socket/test/auto/Socket3.xml (RunModel)">[6] /home/travis/build/icyphy/ptII/ptolemy/actor/lib/jjs/modules/socket/test/auto/Socket3.xml (RunModel)</a></td><td>Error</td><td>N/A<br>
<br>
<code>java.lang.reflect.InvocationTargetException<br>	at java.lang.reflect.Constructor.newInstance(Constructor.java:423)<br>	at ptolemy.util.test.junit.AutoTests.RunModel(AutoTests.java:160)<br>	at junitparams.internal.InvokeParameterisedMethod.evaluate(InvokeParameterisedMethod.java:102)<br>Caused by: ptolemy.kernel.util.IllegalActionException: Test fails in iteration 0.<br>Value was: "aaa". Should have been: "aa"<br>  in .Socket3.Test<br>	at ptolemy.actor.lib.Test.fire(Test.java:268)<br>	at ptolemy.domains.de.kernel.DEDirector._fire(DEDirector.java:1948)<br>	at ptolemy.domains.de.kernel.DEDirector.fire(DEDirector.java:502)<br>	at ptolemy.actor.CompositeActor.fire(CompositeActor.java:455)<br>	at ptolemy.actor.Manager.iterate(Manager.java:851)<br>	at ptolemy.actor.Manager.execute(Manager.java:369)<br>	at ptolemy.actor.Manager.run(Manager.java:1263)<br>	at ptolemy.actor.Manager$PtolemyRunThread.run(Manager.java:1915)<br>
</code></td><td>10.067</td>
</tr>
<tr valign="top" class="TableRowColor">
<td><a href="ptolemy/actor/lib/jjs/modules/socket/test/junit/14_JUnitTclTest.html">JUnitTclTest</a></td><td><a name="[7] /home/travis/build/icyphy/ptII/ptolemy/actor/lib/jjs/modules/socket/test/auto/SocketByte.xml (RunModel)"></a><a href="ptolemy/actor/lib/jjs/modules/socket/test/junit/14_JUnitTclTest.html#[7] /home/travis/build/icyphy/ptII/ptolemy/actor/lib/jjs/modules/socket/test/auto/SocketByte.xml (RunModel)">[7] /home/travis/build/icyphy/ptII/ptolemy/actor/lib/jjs/modules/socket/test/auto/SocketByte.xml (RunModel)</a></td><td>Success</td><td></td><td>20.391</td>
</tr>
<tr valign="top" class="TableRowColor">
<td><a href="ptolemy/actor/lib/jjs/modules/socket/test/junit/14_JUnitTclTest.html">JUnitTclTest</a></td><td><a name="[8] /home/travis/build/icyphy/ptII/ptolemy/actor/lib/jjs/modules/socket/test/auto/SocketDouble.xml (RunModel)"></a><a href="ptolemy/actor/lib/jjs/modules/socket/test/junit/14_JUnitTclTest.html#[8] /home/travis/build/icyphy/ptII/ptolemy/actor/lib/jjs/modules/socket/test/auto/SocketDouble.xml (RunModel)">[8] /home/travis/build/icyphy/ptII/ptolemy/actor/lib/jjs/modules/socket/test/auto/SocketDouble.xml (RunModel)</a></td><td>Success</td><td></td><td>20.274</td>
</tr>
<tr valign="top" class="Error">
<td><a href="ptolemy/actor/lib/jjs/modules/socket/test/junit/14_JUnitTclTest.html">JUnitTclTest</a></td><td><a name="[9] /home/travis/build/icyphy/ptII/ptolemy/actor/lib/jjs/modules/socket/test/auto/SocketDoubleArray.xml (RunModel)"></a><a href="ptolemy/actor/lib/jjs/modules/socket/test/junit/14_JUnitTclTest.html#[9] /home/travis/build/icyphy/ptII/ptolemy/actor/lib/jjs/modules/socket/test/auto/SocketDoubleArray.xml (RunModel)">[9] /home/travis/build/icyphy/ptII/ptolemy/actor/lib/jjs/modules/socket/test/auto/SocketDoubleArray.xml (RunModel)</a></td><td>Error</td><td>N/A<br>
<br>
<code>java.lang.reflect.InvocationTargetException<br>	at java.lang.reflect.Constructor.newInstance(Constructor.java:423)<br>	at ptolemy.util.test.junit.AutoTests.RunModel(AutoTests.java:160)<br>	at junitparams.internal.InvokeParameterisedMethod.evaluate(InvokeParameterisedMethod.java:102)<br>Caused by: java.lang.RuntimeException: ptolemy.kernel.util.IllegalActionException: Failed to connect: <br>Connection refused: localhost/127.0.0.1:4000<br>Connection refused<br>  in .SocketDoubleArray.Client<br>Because:<br>Connection refused: localhost/127.0.0.1:4000<br>	at ptolemy.util.MessageHandler.error(MessageHandler.java:115)<br>	at ptolemy.actor.lib.jjs.JavaScript.error(JavaScript.java:857)<br>	at ptolemy.actor.lib.jjs.HelperBase$2.run(HelperBase.java:213)<br>	at ptolemy.actor.lib.jjs.JavaScript.fire(JavaScript.java:1050)<br>	at ptolemy.domains.de.kernel.DEDirector._fire(DEDirector.java:1948)<br>	at ptolemy.domains.de.kernel.DEDirector.fire(DEDirector.java:502)<br>	at ptolemy.actor.CompositeActor.fire(CompositeActor.java:455)<br>	at ptolemy.actor.Manager.iterate(Manager.java:851)<br>	at ptolemy.actor.Manager.execute(Manager.java:369)<br>	at ptolemy.actor.Manager.run(Manager.java:1263)<br>	at ptolemy.actor.Manager$PtolemyRunThread.run(Manager.java:1915)<br>Caused by: ptolemy.kernel.util.IllegalActionException: Failed to connect: <br>Connection refused: localhost/127.0.0.1:4000<br>Connection refused<br>  in .SocketDoubleArray.Client<br>Because:<br>Connection refused: localhost/127.0.0.1:4000<br>Caused by: io.netty.channel.AbstractChannel$AnnotatedConnectException: Connection refused: localhost/127.0.0.1:4000<br>	at sun.nio.ch.SocketChannelImpl.checkConnect(Native Method)<br>	at sun.nio.ch.SocketChannelImpl.finishConnect(SocketChannelImpl.java:717)<br>	at io.netty.channel.socket.nio.NioSocketChannel.doFinishConnect(NioSocketChannel.java:325)<br>	at io.netty.channel.nio.AbstractNioChannel$AbstractNioUnsafe.finishConnect(AbstractNioChannel.java:340)<br>	at io.netty.channel.nio.NioEventLoop.processSelectedKey(NioEventLoop.java:633)<br>	at io.netty.channel.nio.NioEventLoop.processSelectedKeysOptimized(NioEventLoop.java:580)<br>	at io.netty.channel.nio.NioEventLoop.processSelectedKeys(NioEventLoop.java:497)<br>	at io.netty.channel.nio.NioEventLoop.run(NioEventLoop.java:459)<br>	at io.netty.util.concurrent.SingleThreadEventExecutor$5.run(SingleThreadEventExecutor.java:886)<br>	at io.netty.util.concurrent.FastThreadLocalRunnable.run(FastThreadLocalRunnable.java:30)<br>	at java.lang.Thread.run(Thread.java:748)<br>Caused by: java.net.ConnectException: Connection refused<br>
</code></td><td>19.334</td>
</tr>
<tr valign="top" class="Error">
<td><a href="ptolemy/actor/lib/jjs/modules/socket/test/junit/14_JUnitTclTest.html">JUnitTclTest</a></td><td><a name="[10] /home/travis/build/icyphy/ptII/ptolemy/actor/lib/jjs/modules/socket/test/auto/SocketDoubleArrayBatched.xml (RunModel)"></a><a href="ptolemy/actor/lib/jjs/modules/socket/test/junit/14_JUnitTclTest.html#[10] /home/travis/build/icyphy/ptII/ptolemy/actor/lib/jjs/modules/socket/test/auto/SocketDoubleArrayBatched.xml (RunModel)">[10] /home/travis/build/icyphy/ptII/ptolemy/actor/lib/jjs/modules/socket/test/auto/SocketDoubleArrayBatched.xml (RunModel)</a></td><td>Error</td><td>N/A<br>
<br>
<code>java.lang.reflect.InvocationTargetException<br>	at java.lang.reflect.Constructor.newInstance(Constructor.java:423)<br>	at ptolemy.util.test.junit.AutoTests.RunModel(AutoTests.java:160)<br>	at junitparams.internal.InvokeParameterisedMethod.evaluate(InvokeParameterisedMethod.java:102)<br>Caused by: ptolemy.kernel.util.IllegalActionException: Exceptions occurred during wrapup:<br>ptolemy.kernel.util.IllegalActionException: The fire() method of this actor was never called. Usually, this is an error indicating that starvation is occurring.<br>  in .SocketDoubleArrayBatched.Test<br>ptolemy.kernel.util.IllegalActionException: The fire() method of this actor was never called. Usually, this is an error indicating that starvation is occurring.<br>  in .SocketDoubleArrayBatched.Test2<br>ptolemy.kernel.util.IllegalActionException: The fire() method of this actor was never called. Usually, this is an error indicating that starvation is occurring.<br>  in .SocketDoubleArrayBatched.Test3<br>
<br>  in .SocketDoubleArrayBatched.DE Director<br>Because:<br>The fire() method of this actor was never called. Usually, this is an error indicating that starvation is occurring.<br>  in .SocketDoubleArrayBatched.Test<br>	at ptolemy.actor.Director.wrapup(Director.java:1736)<br>	at ptolemy.domains.de.kernel.DEDirector.wrapup(DEDirector.java:1526)<br>	at ptolemy.actor.CompositeActor.wrapup(CompositeActor.java:2735)<br>	at ptolemy.actor.Manager.wrapup(Manager.java:1512)<br>	at ptolemy.actor.Manager.execute(Manager.java:407)<br>	at ptolemy.actor.Manager.run(Manager.java:1263)<br>	at ptolemy.actor.Manager$PtolemyRunThread.run(Manager.java:1915)<br>Caused by: ptolemy.kernel.util.IllegalActionException: The fire() method of this actor was never called. Usually, this is an error indicating that starvation is occurring.<br>  in .SocketDoubleArrayBatched.Test<br>	at ptolemy.actor.lib.NonStrictTest.wrapup(NonStrictTest.java:393)<br>	at ptolemy.actor.Director.wrapup(Director.java:1722)<br>
</code></td><td>10.265</td>
</tr>
<tr valign="top" class="TableRowColor">
<td><a href="ptolemy/actor/lib/jjs/modules/socket/test/junit/14_JUnitTclTest.html">JUnitTclTest</a></td><td><a name="[11] /home/travis/build/icyphy/ptII/ptolemy/actor/lib/jjs/modules/socket/test/auto/SocketFloat.xml (RunModel)"></a><a href="ptolemy/actor/lib/jjs/modules/socket/test/junit/14_JUnitTclTest.html#[11] /home/travis/build/icyphy/ptII/ptolemy/actor/lib/jjs/modules/socket/test/auto/SocketFloat.xml (RunModel)">[11] /home/travis/build/icyphy/ptII/ptolemy/actor/lib/jjs/modules/socket/test/auto/SocketFloat.xml (RunModel)</a></td><td>Success</td><td></td><td>19.934</td>
</tr>
<tr valign="top" class="TableRowColor">
<td><a href="ptolemy/actor/lib/jjs/modules/socket/test/junit/14_JUnitTclTest.html">JUnitTclTest</a></td><td><a name="[12] /home/travis/build/icyphy/ptII/ptolemy/actor/lib/jjs/modules/socket/test/auto/SocketImage.xml (RunModel)"></a><a href="ptolemy/actor/lib/jjs/modules/socket/test/junit/14_JUnitTclTest.html#[12] /home/travis/build/icyphy/ptII/ptolemy/actor/lib/jjs/modules/socket/test/auto/SocketImage.xml (RunModel)">[12] /home/travis/build/icyphy/ptII/ptolemy/actor/lib/jjs/modules/socket/test/auto/SocketImage.xml (RunModel)</a></td><td>Success</td><td></td><td>29.255</td>
</tr>
<tr valign="top" class="TableRowColor">
<td><a href="ptolemy/actor/lib/jjs/modules/socket/test/junit/14_JUnitTclTest.html">JUnitTclTest</a></td><td><a name="[13] /home/travis/build/icyphy/ptII/ptolemy/actor/lib/jjs/modules/socket/test/auto/SocketImagePNG.xml (RunModel)"></a><a href="ptolemy/actor/lib/jjs/modules/socket/test/junit/14_JUnitTclTest.html#[13] /home/travis/build/icyphy/ptII/ptolemy/actor/lib/jjs/modules/socket/test/auto/SocketImagePNG.xml (RunModel)">[13] /home/travis/build/icyphy/ptII/ptolemy/actor/lib/jjs/modules/socket/test/auto/SocketImagePNG.xml (RunModel)</a></td><td>Success</td><td></td><td>20.976</td>
</tr>
<tr valign="top" class="TableRowColor">
<td><a href="ptolemy/actor/lib/jjs/modules/socket/test/junit/14_JUnitTclTest.html">JUnitTclTest</a></td><td><a name="[14] /home/travis/build/icyphy/ptII/ptolemy/actor/lib/jjs/modules/socket/test/auto/SocketImageRaw.xml (RunModel)"></a><a href="ptolemy/actor/lib/jjs/modules/socket/test/junit/14_JUnitTclTest.html#[14] /home/travis/build/icyphy/ptII/ptolemy/actor/lib/jjs/modules/socket/test/auto/SocketImageRaw.xml (RunModel)">[14] /home/travis/build/icyphy/ptII/ptolemy/actor/lib/jjs/modules/socket/test/auto/SocketImageRaw.xml (RunModel)</a></td><td>Success</td><td></td><td>23.782</td>
</tr>
<tr valign="top" class="Error">
<td><a href="ptolemy/actor/lib/jjs/modules/socket/test/junit/14_JUnitTclTest.html">JUnitTclTest</a></td><td><a name="[15] /home/travis/build/icyphy/ptII/ptolemy/actor/lib/jjs/modules/socket/test/auto/SocketInt.xml (RunModel)"></a><a href="ptolemy/actor/lib/jjs/modules/socket/test/junit/14_JUnitTclTest.html#[15] /home/travis/build/icyphy/ptII/ptolemy/actor/lib/jjs/modules/socket/test/auto/SocketInt.xml (RunModel)">[15] /home/travis/build/icyphy/ptII/ptolemy/actor/lib/jjs/modules/socket/test/auto/SocketInt.xml (RunModel)</a></td><td>Error</td><td>N/A<br>
<br>
<code>java.lang.reflect.InvocationTargetException<br>	at java.lang.reflect.Constructor.newInstance(Constructor.java:423)<br>	at ptolemy.util.test.junit.AutoTests.RunModel(AutoTests.java:160)<br>	at junitparams.internal.InvokeParameterisedMethod.evaluate(InvokeParameterisedMethod.java:102)<br>Caused by: ptolemy.kernel.util.IllegalActionException: Exceptions occurred during wrapup:<br>ptolemy.kernel.util.IllegalActionException: The fire() method of this actor was never called. Usually, this is an error indicating that starvation is occurring.<br>  in .SocketInt.Test<br>ptolemy.kernel.util.IllegalActionException: The fire() method of this actor was never called. Usually, this is an error indicating that starvation is occurring.<br>  in .SocketInt.Test2<br>ptolemy.kernel.util.IllegalActionException: The fire() method of this actor was never called. Usually, this is an error indicating that starvation is occurring.<br>  in .SocketInt.Test3<br>
<br>  in .SocketInt.DE Director<br>Because:<br>The fire() method of this actor was never called. Usually, this is an error indicating that starvation is occurring.<br>  in .SocketInt.Test<br>	at ptolemy.actor.Director.wrapup(Director.java:1736)<br>	at ptolemy.domains.de.kernel.DEDirector.wrapup(DEDirector.java:1526)<br>	at ptolemy.actor.CompositeActor.wrapup(CompositeActor.java:2735)<br>	at ptolemy.actor.Manager.wrapup(Manager.java:1512)<br>	at ptolemy.actor.Manager.execute(Manager.java:407)<br>	at ptolemy.actor.Manager.run(Manager.java:1263)<br>	at ptolemy.actor.Manager$PtolemyRunThread.run(Manager.java:1915)<br>Caused by: ptolemy.kernel.util.IllegalActionException: The fire() method of this actor was never called. Usually, this is an error indicating that starvation is occurring.<br>  in .SocketInt.Test<br>	at ptolemy.actor.lib.NonStrictTest.wrapup(NonStrictTest.java:393)<br>	at ptolemy.actor.Director.wrapup(Director.java:1722)<br>
</code></td><td>33.864</td>
</tr>
<tr valign="top" class="TableRowColor">
<td><a href="ptolemy/actor/lib/jjs/modules/socket/test/junit/14_JUnitTclTest.html">JUnitTclTest</a></td><td><a name="[16] /home/travis/build/icyphy/ptII/ptolemy/actor/lib/jjs/modules/socket/test/auto/SocketShort.xml (RunModel)"></a><a href="ptolemy/actor/lib/jjs/modules/socket/test/junit/14_JUnitTclTest.html#[16] /home/travis/build/icyphy/ptII/ptolemy/actor/lib/jjs/modules/socket/test/auto/SocketShort.xml (RunModel)">[16] /home/travis/build/icyphy/ptII/ptolemy/actor/lib/jjs/modules/socket/test/auto/SocketShort.xml (RunModel)</a></td><td>Success</td><td></td><td>22.931</td>
</tr>
<tr valign="top" class="TableRowColor">
<td><a href="ptolemy/actor/lib/jjs/modules/socket/test/junit/14_JUnitTclTest.html">JUnitTclTest</a></td><td><a name="[17] /home/travis/build/icyphy/ptII/ptolemy/actor/lib/jjs/modules/socket/test/auto/SocketStringArray.xml (RunModel)"></a><a href="ptolemy/actor/lib/jjs/modules/socket/test/junit/14_JUnitTclTest.html#[17] /home/travis/build/icyphy/ptII/ptolemy/actor/lib/jjs/modules/socket/test/auto/SocketStringArray.xml (RunModel)">[17] /home/travis/build/icyphy/ptII/ptolemy/actor/lib/jjs/modules/socket/test/auto/SocketStringArray.xml (RunModel)</a></td><td>Success</td><td></td><td>24.219</td>
</tr>
<tr valign="top" class="TableRowColor">
<td><a href="ptolemy/actor/lib/jjs/modules/socket/test/junit/14_JUnitTclTest.html">JUnitTclTest</a></td><td><a name="[18] /home/travis/build/icyphy/ptII/ptolemy/actor/lib/jjs/modules/socket/test/auto/SocketTypicalUsage.xml (RunModel)"></a><a href="ptolemy/actor/lib/jjs/modules/socket/test/junit/14_JUnitTclTest.html#[18] /home/travis/build/icyphy/ptII/ptolemy/actor/lib/jjs/modules/socket/test/auto/SocketTypicalUsage.xml (RunModel)">[18] /home/travis/build/icyphy/ptII/ptolemy/actor/lib/jjs/modules/socket/test/auto/SocketTypicalUsage.xml (RunModel)</a></td><td>Success</td><td></td><td>22.126</td>
</tr>
<tr valign="top" class="TableRowColor">
<td><a href="ptolemy/actor/lib/jjs/modules/socket/test/junit/14_JUnitTclTest.html">JUnitTclTest</a></td><td><a name="[19] /home/travis/build/icyphy/ptII/ptolemy/actor/lib/jjs/modules/socket/test/auto/SocketUnsignedByte.xml (RunModel)"></a><a href="ptolemy/actor/lib/jjs/modules/socket/test/junit/14_JUnitTclTest.html#[19] /home/travis/build/icyphy/ptII/ptolemy/actor/lib/jjs/modules/socket/test/auto/SocketUnsignedByte.xml (RunModel)">[19] /home/travis/build/icyphy/ptII/ptolemy/actor/lib/jjs/modules/socket/test/auto/SocketUnsignedByte.xml (RunModel)</a></td><td>Success</td><td></td><td>11.477</td>
</tr>
<tr valign="top" class="TableRowColor">
<td><a href="ptolemy/actor/lib/jjs/modules/socket/test/junit/14_JUnitTclTest.html">JUnitTclTest</a></td><td><a name="[20] /home/travis/build/icyphy/ptII/ptolemy/actor/lib/jjs/modules/socket/test/auto/SocketUnsignedShort.xml (RunModel)"></a><a href="ptolemy/actor/lib/jjs/modules/socket/test/junit/14_JUnitTclTest.html#[20] /home/travis/build/icyphy/ptII/ptolemy/actor/lib/jjs/modules/socket/test/auto/SocketUnsignedShort.xml (RunModel)">[20] /home/travis/build/icyphy/ptII/ptolemy/actor/lib/jjs/modules/socket/test/auto/SocketUnsignedShort.xml (RunModel)</a></td><td>Success</td><td></td><td>22.771</td>
</tr>
<tr valign="top" class="TableRowColor">
<td><a href="ptolemy/actor/lib/jjs/modules/socket/test/junit/14_JUnitTclTest.html">JUnitTclTest</a></td><td><a name="[21] /home/travis/build/icyphy/ptII/ptolemy/actor/lib/jjs/modules/socket/test/auto/TCPSocketDoubleArrayBatched.xml (RunModel)"></a><a href="ptolemy/actor/lib/jjs/modules/socket/test/junit/14_JUnitTclTest.html#[21] /home/travis/build/icyphy/ptII/ptolemy/actor/lib/jjs/modules/socket/test/auto/TCPSocketDoubleArrayBatched.xml (RunModel)">[21] /home/travis/build/icyphy/ptII/ptolemy/actor/lib/jjs/modules/socket/test/auto/TCPSocketDoubleArrayBatched.xml (RunModel)</a></td><td>Success</td><td></td><td>21.949</td>
</tr>
<tr valign="top" class="Error">
<td><a href="ptolemy/actor/lib/jjs/modules/socket/test/junit/14_JUnitTclTest.html">JUnitTclTest</a></td><td><a name="[22] /home/travis/build/icyphy/ptII/ptolemy/actor/lib/jjs/modules/socket/test/auto/TCPSocketSecureServerClient.xml (RunModel)"></a><a href="ptolemy/actor/lib/jjs/modules/socket/test/junit/14_JUnitTclTest.html#[22] /home/travis/build/icyphy/ptII/ptolemy/actor/lib/jjs/modules/socket/test/auto/TCPSocketSecureServerClient.xml (RunModel)">[22] /home/travis/build/icyphy/ptII/ptolemy/actor/lib/jjs/modules/socket/test/auto/TCPSocketSecureServerClient.xml (RunModel)</a></td><td>Error</td><td>N/A<br>
<br>
<code>java.lang.reflect.InvocationTargetException<br>	at java.lang.reflect.Constructor.newInstance(Constructor.java:423)<br>	at ptolemy.util.test.junit.AutoTests.RunModel(AutoTests.java:160)<br>	at junitparams.internal.InvokeParameterisedMethod.evaluate(InvokeParameterisedMethod.java:102)<br>Caused by: java.lang.RuntimeException: ptolemy.kernel.util.IllegalActionException: Failed to connect: <br>Connection refused: localhost/127.0.0.1:41018<br>Connection refused<br>  in .TCPSocketSecureServerClient.ClientA<br>Because:<br>Connection refused: localhost/127.0.0.1:41018<br>	at ptolemy.util.MessageHandler.error(MessageHandler.java:115)<br>	at ptolemy.actor.lib.jjs.JavaScript.error(JavaScript.java:857)<br>	at ptolemy.actor.lib.jjs.HelperBase$2.run(HelperBase.java:213)<br>	at ptolemy.actor.lib.jjs.JavaScript.fire(JavaScript.java:1050)<br>	at ptolemy.domains.de.kernel.DEDirector._fire(DEDirector.java:1948)<br>	at ptolemy.domains.de.kernel.DEDirector.fire(DEDirector.java:502)<br>	at ptolemy.actor.CompositeActor.fire(CompositeActor.java:455)<br>	at ptolemy.actor.Manager.iterate(Manager.java:851)<br>	at ptolemy.actor.Manager.execute(Manager.java:369)<br>	at ptolemy.actor.Manager.run(Manager.java:1263)<br>	at ptolemy.actor.Manager$PtolemyRunThread.run(Manager.java:1915)<br>Caused by: ptolemy.kernel.util.IllegalActionException: Failed to connect: <br>Connection refused: localhost/127.0.0.1:41018<br>Connection refused<br>  in .TCPSocketSecureServerClient.ClientA<br>Because:<br>Connection refused: localhost/127.0.0.1:41018<br>Caused by: io.netty.channel.AbstractChannel$AnnotatedConnectException: Connection refused: localhost/127.0.0.1:41018<br>	at sun.nio.ch.SocketChannelImpl.checkConnect(Native Method)<br>	at sun.nio.ch.SocketChannelImpl.finishConnect(SocketChannelImpl.java:717)<br>	at io.netty.channel.socket.nio.NioSocketChannel.doFinishConnect(NioSocketChannel.java:325)<br>	at io.netty.channel.nio.AbstractNioChannel$AbstractNioUnsafe.finishConnect(AbstractNioChannel.java:340)<br>	at io.netty.channel.nio.NioEventLoop.processSelectedKey(NioEventLoop.java:633)<br>	at io.netty.channel.nio.NioEventLoop.processSelectedKeysOptimized(NioEventLoop.java:580)<br>	at io.netty.channel.nio.NioEventLoop.processSelectedKeys(NioEventLoop.java:497)<br>	at io.netty.channel.nio.NioEventLoop.run(NioEventLoop.java:459)<br>	at io.netty.util.concurrent.SingleThreadEventExecutor$5.run(SingleThreadEventExecutor.java:886)<br>	at io.netty.util.concurrent.FastThreadLocalRunnable.run(FastThreadLocalRunnable.java:30)<br>	at java.lang.Thread.run(Thread.java:748)<br>Caused by: java.net.ConnectException: Connection refused<br>
</code></td><td>27.415</td>
</tr>
<tr valign="top" class="TableRowColor">
<td><a href="ptolemy/actor/lib/jjs/modules/socket/test/junit/14_JUnitTclTest.html">JUnitTclTest</a></td><td><a name="[23] /home/travis/build/icyphy/ptII/ptolemy/actor/lib/jjs/modules/socket/test/auto/TCPSocketTwoClients.xml (RunModel)"></a><a href="ptolemy/actor/lib/jjs/modules/socket/test/junit/14_JUnitTclTest.html#[23] /home/travis/build/icyphy/ptII/ptolemy/actor/lib/jjs/modules/socket/test/auto/TCPSocketTwoClients.xml (RunModel)">[23] /home/travis/build/icyphy/ptII/ptolemy/actor/lib/jjs/modules/socket/test/auto/TCPSocketTwoClients.xml (RunModel)</a></td><td>Success</td><td></td><td>58.671</td>
</tr>
<tr valign="top" class="TableRowColor">
<td><a href="ptolemy/actor/lib/jjs/modules/socket/test/junit/14_JUnitTclTest.html">JUnitTclTest</a></td><td><a name="[24] /home/travis/build/icyphy/ptII/ptolemy/actor/lib/jjs/modules/socket/test/auto/TCPSocketUnsignedShort.xml (RunModel)"></a><a href="ptolemy/actor/lib/jjs/modules/socket/test/junit/14_JUnitTclTest.html#[24] /home/travis/build/icyphy/ptII/ptolemy/actor/lib/jjs/modules/socket/test/auto/TCPSocketUnsignedShort.xml (RunModel)">[24] /home/travis/build/icyphy/ptII/ptolemy/actor/lib/jjs/modules/socket/test/auto/TCPSocketUnsignedShort.xml (RunModel)</a></td><td>Success</td><td></td><td>42.683</td>
</tr>
<tr valign="top" class="Error">
<td><a href="ptolemy/actor/lib/jjs/modules/socket/test/junit/14_JUnitTclTest.html">JUnitTclTest</a></td><td><a name="[25] /home/travis/build/icyphy/ptII/ptolemy/actor/lib/jjs/modules/socket/test/auto/TCPSocketUnsignedShortSimple.xml (RunModel)"></a><a href="ptolemy/actor/lib/jjs/modules/socket/test/junit/14_JUnitTclTest.html#[25] /home/travis/build/icyphy/ptII/ptolemy/actor/lib/jjs/modules/socket/test/auto/TCPSocketUnsignedShortSimple.xml (RunModel)">[25] /home/travis/build/icyphy/ptII/ptolemy/actor/lib/jjs/modules/socket/test/auto/TCPSocketUnsignedShortSimple.xml (RunModel)</a></td><td>Error</td><td>N/A<br>
<br>
<code>java.lang.reflect.InvocationTargetException<br>	at java.lang.reflect.Constructor.newInstance(Constructor.java:423)<br>	at ptolemy.util.test.junit.AutoTests.RunModel(AutoTests.java:160)<br>	at junitparams.internal.InvokeParameterisedMethod.evaluate(InvokeParameterisedMethod.java:102)<br>Caused by: ptolemy.kernel.util.IllegalActionException: Exceptions occurred during wrapup:<br>ptolemy.kernel.util.IllegalActionException: Failure executing the wrapup function: Error: TrainableTest: The input handler of this accessor was never invoked. Usually, this is an error indicating that starvation is occurring. in &lt;function&gt; at line number 393 at column number 16<br>  in .TCPSocketUnsignedShortSimple.TrainableTest<br>Because:<br>Error: TrainableTest: The input handler of this accessor was never invoked. Usually, this is an error indicating that starvation is occurring. in &lt;function&gt; at line number 393 at column number 16<br>
<br>  in .TCPSocketUnsignedShortSimple.DE Director<br>Because:<br>Failure executing the wrapup function: Error: TrainableTest: The input handler of this accessor was never invoked. Usually, this is an error indicating that starvation is occurring. in &lt;function&gt; at line number 393 at column number 16<br>  in .TCPSocketUnsignedShortSimple.TrainableTest<br>Because:<br>Error: TrainableTest: The input handler of this accessor was never invoked. Usually, this is an error indicating that starvation is occurring. in &lt;function&gt; at line number 393 at column number 16<br>	at ptolemy.actor.Director.wrapup(Director.java:1736)<br>	at ptolemy.domains.de.kernel.DEDirector.wrapup(DEDirector.java:1526)<br>	at ptolemy.actor.CompositeActor.wrapup(CompositeActor.java:2735)<br>	at ptolemy.actor.Manager.wrapup(Manager.java:1512)<br>	at ptolemy.actor.Manager.execute(Manager.java:407)<br>	at ptolemy.actor.Manager.run(Manager.java:1263)<br>	at ptolemy.actor.Manager$PtolemyRunThread.run(Manager.java:1915)<br>Caused by: ptolemy.kernel.util.IllegalActionException: Failure executing the wrapup function: Error: TrainableTest: The input handler of this accessor was never invoked. Usually, this is an error indicating that starvation is occurring. in &lt;function&gt; at line number 393 at column number 16<br>  in .TCPSocketUnsignedShortSimple.TrainableTest<br>Because:<br>Error: TrainableTest: The input handler of this accessor was never invoked. Usually, this is an error indicating that starvation is occurring. in &lt;function&gt; at line number 393 at column number 16<br>	at ptolemy.actor.lib.jjs.JavaScript._invokeMethodInContext(JavaScript.java:2216)<br>	at ptolemy.actor.lib.jjs.JavaScript.wrapup(JavaScript.java:2111)<br>	at ptolemy.actor.Director.wrapup(Director.java:1722)<br>Caused by: javax.script.ScriptException: Error: TrainableTest: The input handler of this accessor was never invoked. Usually, this is an error indicating that starvation is occurring. in &lt;function&gt; at line number 393 at column number 16<br>	at jdk.nashorn.api.scripting.NashornScriptEngine.throwAsScriptException(NashornScriptEngine.java:470)<br>	at jdk.nashorn.api.scripting.NashornScriptEngine.invokeImpl(NashornScriptEngine.java:392)<br>	at jdk.nashorn.api.scripting.NashornScriptEngine.invokeMethod(NashornScriptEngine.java:199)<br>	at ptolemy.actor.lib.jjs.JavaScript._invokeMethodInContext(JavaScript.java:2193)<br>Caused by: &lt;function&gt;:393:16 Error: TrainableTest: The input handler of this accessor was never invoked. Usually, this is an error indicating that starvation is occurring.<br>	at jdk.nashorn.internal.objects.NativeError.initException(NativeError.java:137)<br>	at jdk.nashorn.internal.objects.NativeError.&lt;init&gt;(NativeError.java:102)<br>	at jdk.nashorn.internal.objects.NativeError.&lt;init&gt;(NativeError.java:106)<br>	at jdk.nashorn.internal.objects.NativeError.&lt;init&gt;(NativeError.java:110)<br>	at jdk.nashorn.internal.objects.NativeError.constructor(NativeError.java:129)<br>	at jdk.nashorn.internal.scripts.Script$Recompilation$75797$18508$\^function\_.L:1#wrapup(&lt;function&gt;:393)<br>	at jdk.nashorn.internal.scripts.Script$Recompilation$75795$30328$require.L:1#Accessor#wrapup(/home/travis/build/icyphy/ptII/ptolemy/actor/lib/jjs/external/require.js#401:30&lt;eval&gt;:673)<br>	at jdk.nashorn.internal.runtime.ScriptFunctionData.invoke(ScriptFunctionData.java:637)<br>	at jdk.nashorn.internal.runtime.ScriptFunction.invoke(ScriptFunction.java:494)<br>	at jdk.nashorn.internal.runtime.ScriptRuntime.apply(ScriptRuntime.java:393)<br>	at jdk.nashorn.api.scripting.ScriptObjectMirror.callMember(ScriptObjectMirror.java:199)<br>	at jdk.nashorn.api.scripting.NashornScriptEngine.invokeImpl(NashornScriptEngine.java:386)<br>
</code></td><td>35.077</td>
</tr>
<tr valign="top" class="TableRowColor">
<td><a href="ptolemy/actor/lib/jjs/modules/testing/test/junit/15_JUnitTclTest.html">JUnitTclTest</a></td><td><a name="[0] ThereAreNoTclTests (RunTclFile)"></a><a href="ptolemy/actor/lib/jjs/modules/testing/test/junit/15_JUnitTclTest.html#[0] ThereAreNoTclTests (RunTclFile)">[0] ThereAreNoTclTests (RunTclFile)</a></td><td>Success</td><td></td><td>0.000</td>
</tr>
<tr valign="top" class="TableRowColor">
<td><a href="ptolemy/actor/lib/jjs/modules/testing/test/junit/15_JUnitTclTest.html">JUnitTclTest</a></td><td><a name="[0] ThereAreNoKnowFailedTests (RunModel)"></a><a href="ptolemy/actor/lib/jjs/modules/testing/test/junit/15_JUnitTclTest.html#[0] ThereAreNoKnowFailedTests (RunModel)">[0] ThereAreNoKnowFailedTests (RunModel)</a></td><td>Success</td><td></td><td>0.000</td>
</tr>
<tr valign="top" class="TableRowColor">
<td><a href="ptolemy/actor/lib/jjs/modules/testing/test/junit/15_JUnitTclTest.html">JUnitTclTest</a></td><td><a name="[0] ThereAreNoAutoTests (RunModel)"></a><a href="ptolemy/actor/lib/jjs/modules/testing/test/junit/15_JUnitTclTest.html#[0] ThereAreNoAutoTests (RunModel)">[0] ThereAreNoAutoTests (RunModel)</a></td><td>Success</td><td></td><td>0.001</td>
</tr>
<tr valign="top" class="TableRowColor">
<td><a href="ptolemy/actor/lib/jjs/modules/testing/test/junit/15_JUnitTclTest.html">JUnitTclTest</a></td><td><a name="[0] /home/travis/build/icyphy/ptII/ptolemy/actor/lib/jjs/modules/testing/test/auto/TestNestedSuites.xml (RunModel)"></a><a href="ptolemy/actor/lib/jjs/modules/testing/test/junit/15_JUnitTclTest.html#[0] /home/travis/build/icyphy/ptII/ptolemy/actor/lib/jjs/modules/testing/test/auto/TestNestedSuites.xml (RunModel)">[0] /home/travis/build/icyphy/ptII/ptolemy/actor/lib/jjs/modules/testing/test/auto/TestNestedSuites.xml (RunModel)</a></td><td>Success</td><td></td><td>28.348</td>
</tr>
<tr valign="top" class="Error">
<td><a href="ptolemy/actor/lib/jjs/modules/testing/test/junit/15_JUnitTclTest.html">JUnitTclTest</a></td><td><a name="[1] /home/travis/build/icyphy/ptII/ptolemy/actor/lib/jjs/modules/testing/test/auto/Testing.xml (RunModel)"></a><a href="ptolemy/actor/lib/jjs/modules/testing/test/junit/15_JUnitTclTest.html#[1] /home/travis/build/icyphy/ptII/ptolemy/actor/lib/jjs/modules/testing/test/auto/Testing.xml (RunModel)">[1] /home/travis/build/icyphy/ptII/ptolemy/actor/lib/jjs/modules/testing/test/auto/Testing.xml (RunModel)</a></td><td>Error</td><td>N/A<br>
<br>
<code>java.lang.reflect.InvocationTargetException<br>	at java.lang.reflect.Constructor.newInstance(Constructor.java:423)<br>	at ptolemy.util.test.junit.AutoTests.RunModel(AutoTests.java:160)<br>	at junitparams.internal.InvokeParameterisedMethod.evaluate(InvokeParameterisedMethod.java:102)<br>Caused by: ptolemy.kernel.util.IllegalActionException: Test fails in iteration 0.<br>Value was: "&lt;?xml version=\"1.0\" encoding=\"UTF-8\"?&gt;\n &lt;testsuites&gt;\n &lt;testsuite name=\"Root Suite\" tests=\"0\"&gt;\n &lt;testsuite name=\"Common host: Basic\" tests=\"7\"&gt;\n &lt;testcase name=\"this.getParameter() returns default value.\" &gt; &lt;/testcase&gt;\n &lt;testcase name=\"this.getParameter() returns value set by this.setParameter().\" &gt; &lt;/testcase&gt;\n &lt;testcase name=\"this.get() returns default value.\" &gt; &lt;/testcase&gt;\n &lt;testcase name=\"this.get() returns null if no input yet provided.\" &gt; &lt;/testcase&gt;\n &lt;testcase name=\"this.get() returns null if no input yet provided but type being boolean.\" &gt; &lt;/testcase&gt;\n &lt;testcase name=\"this.get() returns value provided by provideInput().\" &gt; &lt;/testcase&gt;\n &lt;testcase name=\"latestOutput contains value provided by inputHandlers and send().\" &gt; &lt;/testcase&gt;\n &lt;/testsuite&gt;\n &lt;testsuite name=\"Common host: Composite accessors\" tests=\"2\"&gt;\n &lt;testcase name=\"Composite accessor produces correct output when manually scheduled.\" &gt; &lt;/testcase&gt;\n &lt;testcase name=\"Composite accessor produces correct output when automatically scheduled.\" &gt; &lt;/testcase&gt;\n &lt;/testsuite&gt;\n &lt;testsuite name=\"Common host: Spontaneous accessors\" tests=\"2\"&gt;\n &lt;testcase name=\"Spontaneous accessor produces correct outputs after 1 and 2 seconds.\" &gt; &lt;failure message=\"Error: timeout of 3000ms exceeded Ensure the done() callback is being called in this test.\"/&gt; &lt;/testcase&gt;\n &lt;testcase name=\"Composite spontaneous accessor produces correct outputs after 1 and 2 seconds.\" &gt; &lt;/testcase&gt;\n &lt;/testsuite&gt;\n &lt;testsuite name=\"Common host: Inheritance\" tests=\"4\"&gt;\n &lt;testcase name=\"Inheritance, function overriding, and variable visiility should work properly.\" &gt; &lt;/testcase&gt;\n &lt;testcase name=\"Implementing an interface should work properly.\" &gt; &lt;/testcase&gt;\n &lt;testcase name=\"Exported fields of base classes can be accessed and initialize() is properly scoped.\" &gt; &lt;/testcase&gt;\n &lt;testcase name=\"Two-level inheritance should work properly.\" &gt; &lt;/testcase&gt;\n &lt;/testsuite&gt;\n &lt;/testsuite&gt;\n &lt;/testsuites&gt;\n". Should have been: "&lt;?xml version=\"1.0\" encoding=\"UTF-8\"?&gt;\n &lt;testsuites&gt;\n &lt;testsuite name=\"Root Suite\" tests=\"0\"&gt;\n &lt;testsuite name=\"Common host: Basic\" tests=\"7\"&gt;\n &lt;testcase name=\"this.getParameter() returns default value.\" &gt; &lt;/testcase&gt;\n &lt;testcase name=\"this.getParameter() returns value set by this.setParameter().\" &gt; &lt;/testcase&gt;\n &lt;testcase name=\"this.get() returns default value.\" &gt; &lt;/testcase&gt;\n &lt;testcase name=\"this.get() returns null if no input yet provided.\" &gt; &lt;/testcase&gt;\n &lt;testcase name=\"this.get() returns null if no input yet provided but type being boolean.\" &gt; &lt;/testcase&gt;\n &lt;testcase name=\"this.get() returns value provided by provideInput().\" &gt; &lt;/testcase&gt;\n &lt;testcase name=\"latestOutput contains value provided by inputHandlers and send().\" &gt; &lt;/testcase&gt;\n &lt;/testsuite&gt;\n &lt;testsuite name=\"Common host: Composite accessors\" tests=\"2\"&gt;\n &lt;testcase name=\"Composite accessor produces correct output when manually scheduled.\" &gt; &lt;/testcase&gt;\n &lt;testcase name=\"Composite accessor produces correct output when automatically scheduled.\" &gt; &lt;/testcase&gt;\n &lt;/testsuite&gt;\n &lt;testsuite name=\"Common host: Spontaneous accessors\" tests=\"2\"&gt;\n &lt;testcase name=\"Spontaneous accessor produces correct outputs after 1 and 2 seconds.\" &gt; &lt;/testcase&gt;\n &lt;testcase name=\"Composite spontaneous accessor produces correct outputs after 1 and 2 seconds.\" &gt; &lt;/testcase&gt;\n &lt;/testsuite&gt;\n &lt;testsuite name=\"Common host: Inheritance\" tests=\"4\"&gt;\n &lt;testcase name=\"Inheritance, function overriding, and variable visiility should work properly.\" &gt; &lt;/testcase&gt;\n &lt;testcase name=\"Implementing an interface should work properly.\" &gt; &lt;/testcase&gt;\n &lt;testcase name=\"Exported fields of base classes can be accessed and initialize() is properly scoped.\" &gt; &lt;/testcase&gt;\n &lt;testcase name=\"Two-level inheritance should work properly.\" &gt; &lt;/testcase&gt;\n &lt;/testsuite&gt;\n &lt;/testsuite&gt;\n &lt;/testsuites&gt;\n"<br>  in .Testing.Test2<br>	at ptolemy.actor.lib.Test.fire(Test.java:268)<br>	at ptolemy.domains.de.kernel.DEDirector._fire(DEDirector.java:1948)<br>	at ptolemy.domains.de.kernel.DEDirector.fire(DEDirector.java:502)<br>	at ptolemy.actor.CompositeActor.fire(CompositeActor.java:455)<br>	at ptolemy.actor.Manager.iterate(Manager.java:851)<br>	at ptolemy.actor.Manager.execute(Manager.java:369)<br>	at ptolemy.actor.Manager.run(Manager.java:1263)<br>	at ptolemy.actor.Manager$PtolemyRunThread.run(Manager.java:1915)<br>
</code></td><td>15.833</td>
</tr>
<tr valign="top" class="TableRowColor">
<td><a href="ptolemy/actor/lib/jjs/modules/udpSocket/test/junit/16_JUnitTclTest.html">JUnitTclTest</a></td><td><a name="[0] ThereAreNoTclTests (RunTclFile)"></a><a href="ptolemy/actor/lib/jjs/modules/udpSocket/test/junit/16_JUnitTclTest.html#[0] ThereAreNoTclTests (RunTclFile)">[0] ThereAreNoTclTests (RunTclFile)</a></td><td>Success</td><td></td><td>0.001</td>
</tr>
<tr valign="top" class="TableRowColor">
<td><a href="ptolemy/actor/lib/jjs/modules/udpSocket/test/junit/16_JUnitTclTest.html">JUnitTclTest</a></td><td><a name="[0] ThereAreNoKnowFailedTests (RunModel)"></a><a href="ptolemy/actor/lib/jjs/modules/udpSocket/test/junit/16_JUnitTclTest.html#[0] ThereAreNoKnowFailedTests (RunModel)">[0] ThereAreNoKnowFailedTests (RunModel)</a></td><td>Success</td><td></td><td>0.000</td>
</tr>
<tr valign="top" class="TableRowColor">
<td><a href="ptolemy/actor/lib/jjs/modules/udpSocket/test/junit/16_JUnitTclTest.html">JUnitTclTest</a></td><td><a name="[0] ThereAreNoAutoTests (RunModel)"></a><a href="ptolemy/actor/lib/jjs/modules/udpSocket/test/junit/16_JUnitTclTest.html#[0] ThereAreNoAutoTests (RunModel)">[0] ThereAreNoAutoTests (RunModel)</a></td><td>Success</td><td></td><td>0.002</td>
</tr>
<tr valign="top" class="TableRowColor">
<td><a href="ptolemy/actor/lib/jjs/modules/udpSocket/test/junit/16_JUnitTclTest.html">JUnitTclTest</a></td><td><a name="[0] /home/travis/build/icyphy/ptII/ptolemy/actor/lib/jjs/modules/udpSocket/test/auto/UDPSocketInt.xml (RunModel)"></a><a href="ptolemy/actor/lib/jjs/modules/udpSocket/test/junit/16_JUnitTclTest.html#[0] /home/travis/build/icyphy/ptII/ptolemy/actor/lib/jjs/modules/udpSocket/test/auto/UDPSocketInt.xml (RunModel)">[0] /home/travis/build/icyphy/ptII/ptolemy/actor/lib/jjs/modules/udpSocket/test/auto/UDPSocketInt.xml (RunModel)</a></td><td>Success</td><td></td><td>61.128</td>
</tr>
<tr valign="top" class="Error">
<td><a href="ptolemy/actor/lib/jjs/modules/udpSocket/test/junit/16_JUnitTclTest.html">JUnitTclTest</a></td><td><a name="[1] /home/travis/build/icyphy/ptII/ptolemy/actor/lib/jjs/modules/udpSocket/test/auto/UDPSocketSelf.xml (RunModel)"></a><a href="ptolemy/actor/lib/jjs/modules/udpSocket/test/junit/16_JUnitTclTest.html#[1] /home/travis/build/icyphy/ptII/ptolemy/actor/lib/jjs/modules/udpSocket/test/auto/UDPSocketSelf.xml (RunModel)">[1] /home/travis/build/icyphy/ptII/ptolemy/actor/lib/jjs/modules/udpSocket/test/auto/UDPSocketSelf.xml (RunModel)</a></td><td>Error</td><td>N/A<br>
<br>
<code>java.lang.reflect.InvocationTargetException<br>	at java.lang.reflect.Constructor.newInstance(Constructor.java:423)<br>	at ptolemy.util.test.junit.AutoTests.RunModel(AutoTests.java:160)<br>	at junitparams.internal.InvokeParameterisedMethod.evaluate(InvokeParameterisedMethod.java:102)<br>Caused by: ptolemy.kernel.util.IllegalActionException: Exceptions occurred during wrapup:<br>ptolemy.kernel.util.IllegalActionException: Failure executing the wrapup function: Error: TrainableTest: The input handler of this accessor was never invoked. Usually, this is an error indicating that starvation is occurring. in &lt;function&gt; at line number 393 at column number 16<br>  in .UDPSocketSelf.TrainableTest<br>Because:<br>Error: TrainableTest: The input handler of this accessor was never invoked. Usually, this is an error indicating that starvation is occurring. in &lt;function&gt; at line number 393 at column number 16<br>
<br>  in .UDPSocketSelf.DE Director<br>Because:<br>Failure executing the wrapup function: Error: TrainableTest: The input handler of this accessor was never invoked. Usually, this is an error indicating that starvation is occurring. in &lt;function&gt; at line number 393 at column number 16<br>  in .UDPSocketSelf.TrainableTest<br>Because:<br>Error: TrainableTest: The input handler of this accessor was never invoked. Usually, this is an error indicating that starvation is occurring. in &lt;function&gt; at line number 393 at column number 16<br>	at ptolemy.actor.Director.wrapup(Director.java:1736)<br>	at ptolemy.domains.de.kernel.DEDirector.wrapup(DEDirector.java:1526)<br>	at ptolemy.actor.CompositeActor.wrapup(CompositeActor.java:2735)<br>	at ptolemy.actor.Manager.wrapup(Manager.java:1512)<br>	at ptolemy.actor.Manager.execute(Manager.java:407)<br>	at ptolemy.actor.Manager.run(Manager.java:1263)<br>	at ptolemy.actor.Manager$PtolemyRunThread.run(Manager.java:1915)<br>Caused by: ptolemy.kernel.util.IllegalActionException: Failure executing the wrapup function: Error: TrainableTest: The input handler of this accessor was never invoked. Usually, this is an error indicating that starvation is occurring. in &lt;function&gt; at line number 393 at column number 16<br>  in .UDPSocketSelf.TrainableTest<br>Because:<br>Error: TrainableTest: The input handler of this accessor was never invoked. Usually, this is an error indicating that starvation is occurring. in &lt;function&gt; at line number 393 at column number 16<br>	at ptolemy.actor.lib.jjs.JavaScript._invokeMethodInContext(JavaScript.java:2216)<br>	at ptolemy.actor.lib.jjs.JavaScript.wrapup(JavaScript.java:2111)<br>	at ptolemy.actor.Director.wrapup(Director.java:1722)<br>Caused by: javax.script.ScriptException: Error: TrainableTest: The input handler of this accessor was never invoked. Usually, this is an error indicating that starvation is occurring. in &lt;function&gt; at line number 393 at column number 16<br>	at jdk.nashorn.api.scripting.NashornScriptEngine.throwAsScriptException(NashornScriptEngine.java:470)<br>	at jdk.nashorn.api.scripting.NashornScriptEngine.invokeImpl(NashornScriptEngine.java:392)<br>	at jdk.nashorn.api.scripting.NashornScriptEngine.invokeMethod(NashornScriptEngine.java:199)<br>	at ptolemy.actor.lib.jjs.JavaScript._invokeMethodInContext(JavaScript.java:2193)<br>Caused by: &lt;function&gt;:393:16 Error: TrainableTest: The input handler of this accessor was never invoked. Usually, this is an error indicating that starvation is occurring.<br>	at jdk.nashorn.internal.objects.NativeError.initException(NativeError.java:137)<br>	at jdk.nashorn.internal.objects.NativeError.&lt;init&gt;(NativeError.java:102)<br>	at jdk.nashorn.internal.objects.NativeError.&lt;init&gt;(NativeError.java:106)<br>	at jdk.nashorn.internal.objects.NativeError.&lt;init&gt;(NativeError.java:110)<br>	at jdk.nashorn.internal.objects.NativeError.constructor(NativeError.java:129)<br>	at jdk.nashorn.internal.scripts.Script$Recompilation$3466$18508$\^function\_.L:1#wrapup(&lt;function&gt;:393)<br>	at jdk.nashorn.internal.scripts.Script$Recompilation$3464$30328$require.L:1#Accessor#wrapup(/home/travis/build/icyphy/ptII/ptolemy/actor/lib/jjs/external/require.js#401:30&lt;eval&gt;:673)<br>	at jdk.nashorn.internal.runtime.ScriptFunctionData.invoke(ScriptFunctionData.java:637)<br>	at jdk.nashorn.internal.runtime.ScriptFunction.invoke(ScriptFunction.java:494)<br>	at jdk.nashorn.internal.runtime.ScriptRuntime.apply(ScriptRuntime.java:393)<br>	at jdk.nashorn.api.scripting.ScriptObjectMirror.callMember(ScriptObjectMirror.java:199)<br>	at jdk.nashorn.api.scripting.NashornScriptEngine.invokeImpl(NashornScriptEngine.java:386)<br>
</code></td><td>64.245</td>
</tr>
<tr valign="top" class="TableRowColor">
<td><a href="ptolemy/actor/lib/jjs/modules/udpSocket/test/junit/16_JUnitTclTest.html">JUnitTclTest</a></td><td><a name="[2] /home/travis/build/icyphy/ptII/ptolemy/actor/lib/jjs/modules/udpSocket/test/auto/UDPSocketString.xml (RunModel)"></a><a href="ptolemy/actor/lib/jjs/modules/udpSocket/test/junit/16_JUnitTclTest.html#[2] /home/travis/build/icyphy/ptII/ptolemy/actor/lib/jjs/modules/udpSocket/test/auto/UDPSocketString.xml (RunModel)">[2] /home/travis/build/icyphy/ptII/ptolemy/actor/lib/jjs/modules/udpSocket/test/auto/UDPSocketString.xml (RunModel)</a></td><td>Success</td><td></td><td>54.413</td>
</tr>
<tr valign="top" class="TableRowColor">
<td><a href="ptolemy/actor/lib/jjs/modules/xbee/test/junit/17_JUnitTclTest.html">JUnitTclTest</a></td><td><a name="[0] ThereAreNoTclTests (RunTclFile)"></a><a href="ptolemy/actor/lib/jjs/modules/xbee/test/junit/17_JUnitTclTest.html#[0] ThereAreNoTclTests (RunTclFile)">[0] ThereAreNoTclTests (RunTclFile)</a></td><td>Success</td><td></td><td>0.001</td>
</tr>
<tr valign="top" class="TableRowColor">
<td><a href="ptolemy/actor/lib/jjs/modules/xbee/test/junit/17_JUnitTclTest.html">JUnitTclTest</a></td><td><a name="[0] ThereAreNoKnowFailedTests (RunModel)"></a><a href="ptolemy/actor/lib/jjs/modules/xbee/test/junit/17_JUnitTclTest.html#[0] ThereAreNoKnowFailedTests (RunModel)">[0] ThereAreNoKnowFailedTests (RunModel)</a></td><td>Success</td><td></td><td>0.001</td>
</tr>
<tr valign="top" class="TableRowColor">
<td><a href="ptolemy/actor/lib/jjs/modules/xbee/test/junit/17_JUnitTclTest.html">JUnitTclTest</a></td><td><a name="[0] ThereAreNoAutoTests (RunModel)"></a><a href="ptolemy/actor/lib/jjs/modules/xbee/test/junit/17_JUnitTclTest.html#[0] ThereAreNoAutoTests (RunModel)">[0] ThereAreNoAutoTests (RunModel)</a></td><td>Success</td><td></td><td>0.000</td>
</tr>
<tr valign="top" class="TableRowColor">
<td><a href="ptolemy/actor/lib/jjs/modules/xbee/test/junit/17_JUnitTclTest.html">JUnitTclTest</a></td><td><a name="[0] ThereAreNoAutoTests (RunModel)"></a><a href="ptolemy/actor/lib/jjs/modules/xbee/test/junit/17_JUnitTclTest.html#[0] ThereAreNoAutoTests (RunModel)">[0] ThereAreNoAutoTests (RunModel)</a></td><td>Success</td><td></td><td>0.004</td>
</tr>
</table>
</body>
</html>
