<html xmlns:string="xalan://java.lang.String" xmlns:lxslt="http://xml.apache.org/xslt">
<head>
<META http-equiv="Content-Type" content="text/html; charset=UTF-8">
<title>Standard Output from JUnitTclTest</title>
</head>
<body>
<pre>/home/travis/build/icyphy/ptII/ptolemy/actor/gui/style/test/ChoiceStyle.tcl
testDefs.tcl: setting time out to 9000 seconds at Sat Mar 17 00:16:07 UTC 2018


==== $PTII/ptolemy/actor/gui/style/test/ChoiceStyle.tcl: ChoiceStyle-2.0 addEntry
==== Contents of test case:

    set w [java::new ptolemy.kernel.util.Workspace W]
    set n [java::new ptolemy.kernel.util.NamedObj N]
    set stringAttribute [java::new ptolemy.kernel.util.StringAttribute  $n "MyStringAttribute"]
    $stringAttribute setExpression "stringAttributeExpr"
    set choiceStyle  [java::new ptolemy.actor.gui.style.ChoiceStyle $stringAttribute D]

    set stringAttribute1 [java::new ptolemy.kernel.util.StringAttribute  $choiceStyle "MyStringAttribute1"]
    $stringAttribute1 setExpression "stringAttribute1Expr"

    set stringAttribute2 [java::new ptolemy.kernel.util.StringAttribute  $choiceStyle "MyStringAttribute2"]
    $stringAttribute2 setExpression "stringAttribute2Expr"

    set frame [java::new javax.swing.JFrame]
    set pane [$frame getContentPane]
    set ptolemyQuery [java::new ptolemy.actor.gui.PtolemyQuery $n]
    #$ptolemyQuery addStyledEntry $stringAttribute
    $choiceStyle addEntry $ptolemyQuery
    $pane add $ptolemyQuery
    $frame pack
    $frame setVisible true

==== Test generated error:
    while executing
java.awt.HeadlessException: 
No X11 DISPLAY variable was set, but this program performed an operation which requires it.
	at java.awt.GraphicsEnvironment.checkHeadless(GraphicsEnvironment.java:204)
	at java.awt.Window.&lt;init&gt;(Window.java:536)
	at java.awt.Frame.&lt;init&gt;(Frame.java:420)
	at java.awt.Frame.&lt;init&gt;(Frame.java:385)
	at javax.swing.JFrame.&lt;init&gt;(JFrame.java:189)
	at sun.reflect.NativeConstructorAccessorImpl.newInstance0(Native Method)
	at sun.reflect.NativeConstructorAccessorImpl.newInstance(NativeConstructorAccessorImpl.java:62)
	at sun.reflect.DelegatingConstructorAccessorImpl.newInstance(DelegatingConstructorAccessorImpl.java:45)
	at java.lang.reflect.Constructor.newInstance(Constructor.java:423)
	at tcl.lang.reflect.PkgInvoker.invokeConstructor(PkgInvoker.java:99)
	at tcl.lang.JavaInvoke.call(JavaInvoke.java:251)
	at tcl.lang.JavaInvoke.newInstance(JavaInvoke.java:71)
	at tcl.lang.JavaNewCmd.cmdProc(JavaNewCmd.java:111)
	at tcl.lang.Parser.evalObjv(Parser.java:740)
	at tcl.lang.Parser.eval2(Parser.java:1138)
	at tcl.lang.Parser.evalTokens(Parser.java:930)
	at tcl.lang.Parser.eval2(Parser.java:1125)
	at tcl.lang.Interp.eval(Interp.java:1782)
	at tcl.lang.Interp.eval(Interp.java:1841)
	at tcl.lang.UplevelCmd.cmdProc(UplevelCmd.java:93)
	at tcl.lang.Parser.evalObjv(Parser.java:740)
	at tcl.lang.Parser.eval2(Parser.java:1138)
	at tcl.lang.Interp.eval(Interp.java:1782)
	at tcl.lang.Interp.eval(Interp.java:1841)
	at tcl.lang.CatchCmd.cmdProc(CatchCmd.java:42)
	at tcl.lang.Parser.evalObjv(Parser.java:740)
	at tcl.lang.Parser.eval2(Parser.java:1138)
	at tcl.lang.Parser.evalTokens(Parser.java:930)
	at tcl.lang.Parser.eval2(Parser.java:1125)
	at tcl.lang.Procedure.cmdProc(Procedure.java:175)
	at tcl.lang.Parser.evalObjv(Parser.java:740)
	at tcl.lang.Parser.eval2(Parser.java:1138)
	at tcl.lang.Interp.eval(Interp.java:1782)
	at tcl.lang.Interp.evalFile(Interp.java:1880)
	at sun.reflect.NativeMethodAccessorImpl.invoke0(Native Method)
	at sun.reflect.NativeMethodAccessorImpl.invoke(NativeMethodAccessorImpl.java:62)
	at sun.reflect.DelegatingMethodAccessorImpl.invoke(DelegatingMethodAccessorImpl.java:43)
	at java.lang.reflect.Method.invoke(Method.java:498)
	at ptolemy.util.test.junit.TclTests.RunTclFile(TclTests.java:233)
	at sun.reflect.NativeMethodAccessorImpl.invoke0(Native Method)
	at sun.reflect.NativeMethodAccessorImpl.invoke(NativeMethodAccessorImpl.java:62)
	at sun.reflect.DelegatingMethodAccessorImpl.invoke(DelegatingMethodAccessorImpl.java:43)
	at java.lang.reflect.Method.invoke(Method.java:498)
	at org.junit.runners.model.FrameworkMethod$1.runReflectiveCall(FrameworkMethod.java:44)
	at org.junit.internal.runners.model.ReflectiveCallable.run(ReflectiveCallable.java:15)
	at org.junit.runners.model.FrameworkMethod.invokeExplosively(FrameworkMethod.java:41)
	at junitparams.internal.InvokeParameterisedMethod.evaluate(InvokeParameterisedMethod.java:102)
	at junitparams.internal.ParameterisedTestMethodRunner.runMethodInvoker(ParameterisedTestMethodRunner.java:47)
	at junitparams.internal.ParameterisedTestMethodRunner.runTestMethod(ParameterisedTestMethodRunner.java:41)
	at junitparams.internal.ParameterisedTestClassRunner.runParameterisedTest(ParameterisedTestClassRunner.java:143)
	at junitparams.JUnitParamsRunner.runChild(JUnitParamsRunner.java:237)
	at junitparams.JUnitParamsRunner.runChild(JUnitParamsRunner.java:215)
	at org.junit.runners.ParentRunner$3.run(ParentRunner.java:193)
	at org.junit.runners.ParentRunner$1.schedule(ParentRunner.java:52)
	at org.junit.runners.ParentRunner.runChildren(ParentRunner.java:191)
	at org.junit.runners.ParentRunner.access$000(ParentRunner.java:42)
	at org.junit.runners.ParentRunner$2.evaluate(ParentRunner.java:184)
	at org.junit.internal.runners.statements.RunAfters.evaluate(RunAfters.java:31)
	at org.junit.runners.ParentRunner.run(ParentRunner.java:236)
	at org.junit.runners.Suite.runChild(Suite.java:128)
	at org.junit.runners.Suite.runChild(Suite.java:24)
	at org.junit.runners.ParentRunner$3.run(ParentRunner.java:193)
	at org.junit.runners.ParentRunner$1.schedule(ParentRunner.java:52)
	at org.junit.runners.ParentRunner.runChildren(ParentRunner.java:191)
	at org.junit.runners.ParentRunner.access$000(ParentRunner.java:42)
	at org.junit.runners.ParentRunner$2.evaluate(ParentRunner.java:184)
	at org.junit.runners.ParentRunner.run(ParentRunner.java:236)
	at junit.framework.JUnit4TestAdapter.run(JUnit4TestAdapter.java:39)
	at org.apache.tools.ant.taskdefs.optional.junit.JUnitTestRunner.run(JUnitTestRunner.java:532)
	at org.apache.tools.ant.taskdefs.optional.junit.JUnitTestRunner.launch(JUnitTestRunner.java:1165)
	at org.apache.tools.ant.taskdefs.optional.junit.JUnitTestRunner.main(JUnitTestRunner.java:1016)

    while executing
java.awt.HeadlessException: 
No X11 DISPLAY variable was set, but this program performed an operation which requires it.
    while executing
"java::new javax.swing.JFrame"
    invoked from within
"set frame [java::new javax.swing.JFrame]"
    ("uplevel" body line 14)
    invoked from within
"uplevel $contents_of_test"
03/17/18 12:16:07
Failed: 1  Total Tests: 3  ((Passed: 2, Newly Passed: 0)  Known Failed: 0) /home/travis/build/icyphy/ptII/ptolemy/actor/gui/style/test
No auto/knownFailedTests/*.xml tests in /home/travis/build/icyphy/ptII/ptolemy/actor/gui/style/test
No auto/*.xml tests in /home/travis/build/icyphy/ptII/ptolemy/actor/gui/style/test
No auto/*.xml tests in /home/travis/build/icyphy/ptII/ptolemy/actor/gui/style/test
</pre>
</body>
</html>
